cmdbegin:version
Linux version 2.6.18-194.el5 (mockbuild@x86-005.build.bos.redhat.com) (gcc version 4.1.2 20080704 (Red Hat 4.1.2-48)) #1 SMP Tue Mar 16 21:52:39 EDT 2010
cmdbegin:cpuconfig
processor	: 0
model name	: Intel(R) Xeon(R) CPU           E5620  @ 2.40GHz
cpu MHz		: 2400.141
cache size	: 12288 KB
processor	: 1
model name	: Intel(R) Xeon(R) CPU           E5620  @ 2.40GHz
cpu MHz		: 2400.141
cache size	: 12288 KB
processor	: 2
model name	: Intel(R) Xeon(R) CPU           E5620  @ 2.40GHz
cpu MHz		: 2400.141
cache size	: 12288 KB
processor	: 3
model name	: Intel(R) Xeon(R) CPU           E5620  @ 2.40GHz
cpu MHz		: 2400.141
cache size	: 12288 KB
processor	: 4
model name	: Intel(R) Xeon(R) CPU           E5620  @ 2.40GHz
cpu MHz		: 2400.141
cache size	: 12288 KB
processor	: 5
model name	: Intel(R) Xeon(R) CPU           E5620  @ 2.40GHz
cpu MHz		: 2400.141
cache size	: 12288 KB
processor	: 6
model name	: Intel(R) Xeon(R) CPU           E5620  @ 2.40GHz
cpu MHz		: 2400.141
cache size	: 12288 KB
processor	: 7
model name	: Intel(R) Xeon(R) CPU           E5620  @ 2.40GHz
cpu MHz		: 2400.141
cache size	: 12288 KB
processor	: 8
model name	: Intel(R) Xeon(R) CPU           E5620  @ 2.40GHz
cpu MHz		: 2400.141
cache size	: 12288 KB
processor	: 9
model name	: Intel(R) Xeon(R) CPU           E5620  @ 2.40GHz
cpu MHz		: 2400.141
cache size	: 12288 KB
processor	: 10
model name	: Intel(R) Xeon(R) CPU           E5620  @ 2.40GHz
cpu MHz		: 2400.141
cache size	: 12288 KB
processor	: 11
model name	: Intel(R) Xeon(R) CPU           E5620  @ 2.40GHz
cpu MHz		: 2400.141
cache size	: 12288 KB
processor	: 12
model name	: Intel(R) Xeon(R) CPU           E5620  @ 2.40GHz
cpu MHz		: 2400.141
cache size	: 12288 KB
processor	: 13
model name	: Intel(R) Xeon(R) CPU           E5620  @ 2.40GHz
cpu MHz		: 2400.141
cache size	: 12288 KB
processor	: 14
model name	: Intel(R) Xeon(R) CPU           E5620  @ 2.40GHz
cpu MHz		: 2400.141
cache size	: 12288 KB
processor	: 15
model name	: Intel(R) Xeon(R) CPU           E5620  @ 2.40GHz
cpu MHz		: 2400.141
cache size	: 12288 KB
cmdbegin:disk
Filesystem           1K-blocks      Used Available Use% Mounted on
/dev/cciss/c0d0p1     20315812   1214024  18053148   7% /
/dev/cciss/c0d0p5     57578808  39354060  15252728  73% /df8003
/dev/cciss/c0d0p2     40631988   7194400  31340304  19% /usr
tmpfs                  4080312         0   4080312   0% /dev/shm
cmdbegin:diskperf
Linux 2.6.18-194.el5 (dwdd9) 	09/13/13

16:55:01          DEV       tps  rd_sec/s  wr_sec/s  avgrq-sz  avgqu-sz     await     svctm     %util
16:55:02     dev104-0      7.00      0.00    184.00     26.29      0.05      7.14      6.00      4.20
16:55:02     dev104-1      7.00      0.00    184.00     26.29      0.05      7.14      6.00      4.20
16:55:02     dev104-2      0.00      0.00      0.00      0.00      0.00      0.00      0.00      0.00
16:55:02     dev104-3      0.00      0.00      0.00      0.00      0.00      0.00      0.00      0.00
16:55:02     dev104-4      0.00      0.00      0.00      0.00      0.00      0.00      0.00      0.00
16:55:02     dev104-5      0.00      0.00      0.00      0.00      0.00      0.00      0.00      0.00

16:55:02          DEV       tps  rd_sec/s  wr_sec/s  avgrq-sz  avgqu-sz     await     svctm     %util
16:55:03     dev104-0      0.00      0.00      0.00      0.00      0.00      0.00      0.00      0.00
16:55:03     dev104-1      0.00      0.00      0.00      0.00      0.00      0.00      0.00      0.00
16:55:03     dev104-2      0.00      0.00      0.00      0.00      0.00      0.00      0.00      0.00
16:55:03     dev104-3      0.00      0.00      0.00      0.00      0.00      0.00      0.00      0.00
16:55:03     dev104-4      0.00      0.00      0.00      0.00      0.00      0.00      0.00      0.00
16:55:03     dev104-5      0.00      0.00      0.00      0.00      0.00      0.00      0.00      0.00

16:55:03          DEV       tps  rd_sec/s  wr_sec/s  avgrq-sz  avgqu-sz     await     svctm     %util
16:55:04     dev104-0      0.00      0.00      0.00      0.00      0.00      0.00      0.00      0.00
16:55:04     dev104-1      0.00      0.00      0.00      0.00      0.00      0.00      0.00      0.00
16:55:04     dev104-2      0.00      0.00      0.00      0.00      0.00      0.00      0.00      0.00
16:55:04     dev104-3      0.00      0.00      0.00      0.00      0.00      0.00      0.00      0.00
16:55:04     dev104-4      0.00      0.00      0.00      0.00      0.00      0.00      0.00      0.00
16:55:04     dev104-5      0.00      0.00      0.00      0.00      0.00      0.00      0.00      0.00

Average:          DEV       tps  rd_sec/s  wr_sec/s  avgrq-sz  avgqu-sz     await     svctm     %util
Average:     dev104-0      2.33      0.00     61.13     26.29      0.02      7.14      6.00      1.40
Average:     dev104-1      2.33      0.00     61.13     26.29      0.02      7.14      6.00      1.40
Average:     dev104-2      0.00      0.00      0.00      0.00      0.00      0.00      0.00      0.00
Average:     dev104-3      0.00      0.00      0.00      0.00      0.00      0.00      0.00      0.00
Average:     dev104-4      0.00      0.00      0.00      0.00      0.00      0.00      0.00      0.00
Average:     dev104-5      0.00      0.00      0.00      0.00      0.00      0.00      0.00      0.00
cmdbegin:cpu
Linux 2.6.18-194.el5 (dwdd9) 	09/13/13

16:55:04          CPU     %user     %nice   %system   %iowait    %steal     %idle
16:55:05          all      0.06      0.06      0.19      0.00      0.00     99.69
16:55:06          all      0.00      0.00      0.06      0.44      0.00     99.50
16:55:07          all      0.06      0.12      0.19      0.12      0.00     99.50
Average:          all      0.04      0.06      0.15      0.19      0.00     99.56
cmdbegin:memory
             total       used       free     shared    buffers     cached
Mem:       8160624    4824752    3335872          0     369456    2947180
-/+ buffers/cache:    1508116    6652508
Swap:     20972848     139588   20833260
cmdbegin:process
USER       PID %CPU %MEM    VSZ   RSS TTY      STAT START   TIME COMMAND
root         1  0.0  0.0  10348   688 ?        Ss    2012   0:16 init [5]                             
root         2  0.0  0.0      0     0 ?        S<    2012   0:02 [migration/0]
root         3  0.0  0.0      0     0 ?        SN    2012   0:00 [ksoftirqd/0]
root         4  0.0  0.0      0     0 ?        S<    2012   0:00 [watchdog/0]
root         5  0.0  0.0      0     0 ?        S<    2012   0:02 [migration/1]
root         6  0.0  0.0      0     0 ?        SN    2012   0:00 [ksoftirqd/1]
root         7  0.0  0.0      0     0 ?        S<    2012   0:00 [watchdog/1]
root         8  0.0  0.0      0     0 ?        S<    2012   0:00 [migration/2]
root         9  0.0  0.0      0     0 ?        SN    2012   0:00 [ksoftirqd/2]
root        10  0.0  0.0      0     0 ?        S<    2012   0:00 [watchdog/2]
root        11  0.0  0.0      0     0 ?        S<    2012   0:00 [migration/3]
root        12  0.0  0.0      0     0 ?        SN    2012   0:00 [ksoftirqd/3]
root        13  0.0  0.0      0     0 ?        S<    2012   0:00 [watchdog/3]
root        14  0.0  0.0      0     0 ?        S<    2012   0:00 [migration/4]
root        15  0.0  0.0      0     0 ?        SN    2012   0:00 [ksoftirqd/4]
root        16  0.0  0.0      0     0 ?        S<    2012   0:00 [watchdog/4]
root        17  0.0  0.0      0     0 ?        S<    2012   0:00 [migration/5]
root        18  0.0  0.0      0     0 ?        SN    2012   0:00 [ksoftirqd/5]
root        19  0.0  0.0      0     0 ?        S<    2012   0:00 [watchdog/5]
root        20  0.0  0.0      0     0 ?        S<    2012   0:00 [migration/6]
root        21  0.0  0.0      0     0 ?        SN    2012   0:00 [ksoftirqd/6]
root        22  0.0  0.0      0     0 ?        S<    2012   0:00 [watchdog/6]
root        23  0.0  0.0      0     0 ?        S<    2012   0:00 [migration/7]
root        24  0.0  0.0      0     0 ?        SN    2012   0:00 [ksoftirqd/7]
root        25  0.0  0.0      0     0 ?        S<    2012   0:00 [watchdog/7]
root        26  0.0  0.0      0     0 ?        S<    2012   0:00 [migration/8]
root        27  0.0  0.0      0     0 ?        SN    2012   0:00 [ksoftirqd/8]
root        28  0.0  0.0      0     0 ?        S<    2012   0:00 [watchdog/8]
root        29  0.0  0.0      0     0 ?        S<    2012   0:04 [migration/9]
root        30  0.0  0.0      0     0 ?        SN    2012   0:04 [ksoftirqd/9]
root        31  0.0  0.0      0     0 ?        S<    2012   0:00 [watchdog/9]
root        32  0.0  0.0      0     0 ?        S<    2012   0:02 [migration/10]
root        33  0.0  0.0      0     0 ?        SN    2012   0:02 [ksoftirqd/10]
root        34  0.0  0.0      0     0 ?        S<    2012   0:00 [watchdog/10]
root        35  0.0  0.0      0     0 ?        S<    2012   0:01 [migration/11]
root        36  0.0  0.0      0     0 ?        SN    2012   0:00 [ksoftirqd/11]
root        37  0.0  0.0      0     0 ?        S<    2012   0:00 [watchdog/11]
root        38  0.0  0.0      0     0 ?        S<    2012   0:00 [migration/12]
root        39  0.0  0.0      0     0 ?        SN    2012   0:00 [ksoftirqd/12]
root        40  0.0  0.0      0     0 ?        S<    2012   0:00 [watchdog/12]
root        41  0.0  0.0      0     0 ?        S<    2012   0:01 [migration/13]
root        42  0.0  0.0      0     0 ?        SN    2012   0:01 [ksoftirqd/13]
root        43  0.0  0.0      0     0 ?        S<    2012   0:00 [watchdog/13]
root        44  0.0  0.0      0     0 ?        S<    2012   0:00 [migration/14]
root        45  0.0  0.0      0     0 ?        SN    2012   0:00 [ksoftirqd/14]
root        46  0.0  0.0      0     0 ?        S<    2012   0:00 [watchdog/14]
root        47  0.0  0.0      0     0 ?        S<    2012   0:01 [migration/15]
root        48  0.0  0.0      0     0 ?        SN    2012   0:01 [ksoftirqd/15]
root        49  0.0  0.0      0     0 ?        S<    2012   0:00 [watchdog/15]
root        50  0.0  0.0      0     0 ?        S<    2012   0:00 [events/0]
root        51  0.0  0.0      0     0 ?        S<    2012   8:32 [events/1]
root        52  0.0  0.0      0     0 ?        S<    2012  14:24 [events/2]
root        53  0.0  0.0      0     0 ?        S<    2012   0:07 [events/3]
root        54  0.0  0.0      0     0 ?        S<    2012   0:05 [events/4]
root        55  0.0  0.0      0     0 ?        S<    2012  10:57 [events/5]
root        56  0.0  0.0      0     0 ?        S<    2012   0:10 [events/6]
root        57  0.0  0.0      0     0 ?        S<    2012  10:36 [events/7]
root        58  0.0  0.0      0     0 ?        S<    2012   0:00 [events/8]
root        59  0.0  0.0      0     0 ?        S<    2012   0:00 [events/9]
root        60  0.0  0.0      0     0 ?        S<    2012   0:00 [events/10]
root        61  0.0  0.0      0     0 ?        S<    2012   0:00 [events/11]
root        62  0.0  0.0      0     0 ?        S<    2012   0:00 [events/12]
root        63  0.0  0.0      0     0 ?        S<    2012   0:00 [events/13]
root        64  0.0  0.0      0     0 ?        S<    2012   0:00 [events/14]
root        65  0.0  0.0      0     0 ?        S<    2012   0:00 [events/15]
root        66  0.0  0.0      0     0 ?        S<    2012   0:00 [khelper]
root       141  0.0  0.0      0     0 ?        S<    2012   0:00 [kthread]
root       161  0.0  0.0      0     0 ?        S<    2012   0:00 [kblockd/0]
root       162  0.0  0.0      0     0 ?        S<    2012   0:03 [kblockd/1]
root       163  0.0  0.0      0     0 ?        S<    2012   0:03 [kblockd/2]
root       164  0.0  0.0      0     0 ?        S<    2012   0:00 [kblockd/3]
root       165  0.0  0.0      0     0 ?        S<    2012   0:00 [kblockd/4]
root       166  0.0  0.0      0     0 ?        S<    2012   0:03 [kblockd/5]
root       167  0.0  0.0      0     0 ?        S<    2012   0:00 [kblockd/6]
root       168  0.0  0.0      0     0 ?        S<    2012   0:01 [kblockd/7]
root       169  0.0  0.0      0     0 ?        S<    2012   0:00 [kblockd/8]
root       170  0.0  0.0      0     0 ?        S<    2012   0:00 [kblockd/9]
root       171  0.0  0.0      0     0 ?        S<    2012   0:00 [kblockd/10]
root       172  0.0  0.0      0     0 ?        S<    2012   0:00 [kblockd/11]
root       173  0.0  0.0      0     0 ?        S<    2012   0:00 [kblockd/12]
root       174  0.0  0.0      0     0 ?        S<    2012   0:00 [kblockd/13]
root       175  0.0  0.0      0     0 ?        S<    2012   0:00 [kblockd/14]
root       176  0.0  0.0      0     0 ?        S<    2012   0:00 [kblockd/15]
root       177  0.0  0.0      0     0 ?        S<    2012   0:00 [kacpid]
root       329  0.0  0.0      0     0 ?        S<    2012   0:00 [cqueue/0]
root       330  0.0  0.0      0     0 ?        S<    2012   0:00 [cqueue/1]
root       331  0.0  0.0      0     0 ?        S<    2012   0:00 [cqueue/2]
root       332  0.0  0.0      0     0 ?        S<    2012   0:00 [cqueue/3]
root       333  0.0  0.0      0     0 ?        S<    2012   0:00 [cqueue/4]
root       334  0.0  0.0      0     0 ?        S<    2012   0:00 [cqueue/5]
root       335  0.0  0.0      0     0 ?        S<    2012   0:00 [cqueue/6]
root       336  0.0  0.0      0     0 ?        S<    2012   0:00 [cqueue/7]
root       337  0.0  0.0      0     0 ?        S<    2012   0:00 [cqueue/8]
root       338  0.0  0.0      0     0 ?        S<    2012   0:00 [cqueue/9]
root       339  0.0  0.0      0     0 ?        S<    2012   0:00 [cqueue/10]
root       340  0.0  0.0      0     0 ?        S<    2012   0:00 [cqueue/11]
root       341  0.0  0.0      0     0 ?        S<    2012   0:00 [cqueue/12]
root       342  0.0  0.0      0     0 ?        S<    2012   0:00 [cqueue/13]
root       343  0.0  0.0      0     0 ?        S<    2012   0:00 [cqueue/14]
root       344  0.0  0.0      0     0 ?        S<    2012   0:00 [cqueue/15]
root       347  0.0  0.0      0     0 ?        S<    2012   0:00 [khubd]
root       349  0.0  0.0      0     0 ?        S<    2012   0:00 [kseriod]
root       538  0.0  0.0      0     0 ?        S     2012   0:00 [khungtaskd]
root       541  0.0  0.0      0     0 ?        S<    2012   0:17 [kswapd0]
root       542  0.0  0.0      0     0 ?        S<    2012   0:08 [kswapd1]
root       543  0.0  0.0      0     0 ?        S<    2012   0:00 [aio/0]
root       544  0.0  0.0      0     0 ?        S<    2012   0:00 [aio/1]
root       545  0.0  0.0      0     0 ?        S<    2012   0:00 [aio/2]
root       546  0.0  0.0      0     0 ?        S<    2012   0:00 [aio/3]
root       547  0.0  0.0      0     0 ?        S<    2012   0:00 [aio/4]
root       548  0.0  0.0      0     0 ?        S<    2012   0:00 [aio/5]
root       549  0.0  0.0      0     0 ?        S<    2012   0:00 [aio/6]
root       550  0.0  0.0      0     0 ?        S<    2012   0:00 [aio/7]
root       551  0.0  0.0      0     0 ?        S<    2012   0:00 [aio/8]
root       552  0.0  0.0      0     0 ?        S<    2012   0:00 [aio/9]
root       553  0.0  0.0      0     0 ?        S<    2012   0:00 [aio/10]
root       554  0.0  0.0      0     0 ?        S<    2012   0:00 [aio/11]
root       555  0.0  0.0      0     0 ?        S<    2012   0:00 [aio/12]
root       556  0.0  0.0      0     0 ?        S<    2012   0:00 [aio/13]
root       557  0.0  0.0      0     0 ?        S<    2012   0:00 [aio/14]
root       558  0.0  0.0      0     0 ?        S<    2012   0:00 [aio/15]
root       712  0.0  0.0      0     0 ?        S<    2012   0:00 [kpsmoused]
root       856  0.0  0.0      0     0 ?        S<    2012   0:00 [cciss_scan00]
root       925  0.0  0.0      0     0 ?        S<    2012   0:00 [kstriped]
root       994  0.0  0.0      0     0 ?        S<    2012  10:58 [kjournald]
root      1019  0.0  0.0      0     0 ?        S<    2012   0:03 [kauditd]
root      1056  0.0  0.0  13040  1200 ?        S<s   2012   0:00 /sbin/udevd -d
root      1743  0.0  0.0      0     0 ?        S<    2012   0:04 [bnx2x]
root      3071  0.0  0.0      0     0 ?        S<    2012   0:00 [kmpathd/0]
root      3072  0.0  0.0      0     0 ?        S<    2012   0:00 [kmpathd/1]
root      3073  0.0  0.0      0     0 ?        S<    2012   0:00 [kmpathd/2]
root      3074  0.0  0.0      0     0 ?        S<    2012   0:00 [kmpathd/3]
root      3075  0.0  0.0      0     0 ?        S<    2012   0:00 [kmpathd/4]
root      3076  0.0  0.0      0     0 ?        S<    2012   0:00 [kmpathd/5]
root      3077  0.0  0.0      0     0 ?        S<    2012   0:00 [kmpathd/6]
root      3078  0.0  0.0      0     0 ?        S<    2012   0:00 [kmpathd/7]
root      3079  0.0  0.0      0     0 ?        S<    2012   0:00 [kmpathd/8]
root      3080  0.0  0.0      0     0 ?        S<    2012   0:00 [kmpathd/9]
root      3081  0.0  0.0      0     0 ?        S<    2012   0:00 [kmpathd/10]
root      3082  0.0  0.0      0     0 ?        S<    2012   0:00 [kmpathd/11]
root      3083  0.0  0.0      0     0 ?        S<    2012   0:00 [kmpathd/12]
root      3084  0.0  0.0      0     0 ?        S<    2012   0:00 [kmpathd/13]
root      3085  0.0  0.0      0     0 ?        S<    2012   0:00 [kmpathd/14]
root      3086  0.0  0.0      0     0 ?        S<    2012   0:00 [kmpathd/15]
root      3087  0.0  0.0      0     0 ?        S<    2012   0:00 [kmpath_handlerd]
root      3180  0.0  0.0      0     0 ?        S<    2012   9:41 [kjournald]
root      3182  0.0  0.0      0     0 ?        S<    2012   0:24 [kjournald]
root      3541  0.0  0.0      0     0 ?        S<    2012   0:00 [iscsi_eh]
root      3648  0.0  0.0      0     0 ?        S<    2012   0:00 [iw_cxgb3]
root      3721  0.0  0.0      0     0 ?        S<    2012   0:00 [scsi_eh_0]
root      3723  0.0  0.0      0     0 ?        S<    2012   0:00 [scsi_wq_0]
root      3724  0.0  0.0      0     0 ?        S<    2012   0:00 [scsi_eh_1]
root      3729  0.0  0.0      0     0 ?        S<    2012   0:00 [scsi_wq_1]
root      3772  0.0  0.0      0     0 ?        S<    2012   0:00 [ib_addr]
ems       3774  0.0  0.0  90456  4388 ?        S    Jul15   0:00 /usr/libexec/gconfd-2 12
ems       3782  0.0  0.0  90448  4380 ?        S    Jun24   0:00 /usr/libexec/gconfd-2 12
root      3807  0.0  0.0      0     0 ?        S<    2012   0:00 [ib_mcast]
root      3808  0.0  0.0      0     0 ?        S<    2012   0:00 [ib_inform]
root      3809  0.0  0.0      0     0 ?        S<    2012   0:00 [local_sa]
root      3827  0.0  0.0      0     0 ?        S<    2012   0:00 [iw_cm_wq]
root      3846  0.0  0.0      0     0 ?        S<    2012   0:00 [ib_cm/0]
root      3847  0.0  0.0      0     0 ?        S<    2012   0:00 [ib_cm/1]
root      3848  0.0  0.0      0     0 ?        S<    2012   0:00 [ib_cm/2]
root      3849  0.0  0.0      0     0 ?        S<    2012   0:00 [ib_cm/3]
root      3850  0.0  0.0      0     0 ?        S<    2012   0:00 [ib_cm/4]
root      3851  0.0  0.0      0     0 ?        S<    2012   0:00 [ib_cm/5]
root      3852  0.0  0.0      0     0 ?        S<    2012   0:00 [ib_cm/6]
root      3853  0.0  0.0      0     0 ?        S<    2012   0:00 [ib_cm/7]
root      3854  0.0  0.0      0     0 ?        S<    2012   0:00 [ib_cm/8]
root      3855  0.0  0.0      0     0 ?        S<    2012   0:00 [ib_cm/9]
root      3856  0.0  0.0      0     0 ?        S<    2012   0:00 [ib_cm/10]
root      3857  0.0  0.0      0     0 ?        S<    2012   0:00 [ib_cm/11]
root      3858  0.0  0.0      0     0 ?        S<    2012   0:00 [ib_cm/12]
root      3859  0.0  0.0      0     0 ?        S<    2012   0:00 [ib_cm/13]
root      3860  0.0  0.0      0     0 ?        S<    2012   0:00 [ib_cm/14]
root      3861  0.0  0.0      0     0 ?        S<    2012   0:00 [ib_cm/15]
root      3879  0.0  0.0      0     0 ?        S<    2012   0:00 [rdma_cm]
root      3928  0.0  0.0  59320   680 ?        Ssl   2012   0:00 brcm_iscsiuio
root      3934  0.0  0.0   3984   424 ?        Ss    2012   0:00 iscsid
root      3935  0.0  0.0   4476  2432 ?        S<Ls  2012   0:00 iscsid
root      4099  0.0  0.0      0     0 ?        S<    2012   0:00 [bond0]
root      4227  0.0  0.0  92860   880 ?        S<sl  2012   0:30 auditd
root      4229  0.0  0.0 147336   932 ?        S<sl  2012   0:11 /sbin/audispd
root      4251  0.0  0.0   5908   648 ?        Ss    2012   0:25 syslogd -m 0
root      4254  0.0  0.0   3804   420 ?        Ss    2012   0:00 klogd -x
root      4456  0.0  0.0  10760   360 ?        Ss    2012   3:21 irqbalance
rpc       4474  0.0  0.0   8052   560 ?        Ss    2012   0:00 portmap
root      4515  0.0  0.0      0     0 ?        S<    2012   0:00 [rpciod/0]
root      4516  0.0  0.0      0     0 ?        S<    2012   0:00 [rpciod/1]
root      4517  0.0  0.0      0     0 ?        S<    2012   0:00 [rpciod/2]
root      4518  0.0  0.0      0     0 ?        S<    2012   0:00 [rpciod/3]
root      4519  0.0  0.0      0     0 ?        S<    2012   0:00 [rpciod/4]
root      4520  0.0  0.0      0     0 ?        S<    2012   0:00 [rpciod/5]
root      4521  0.0  0.0      0     0 ?        S<    2012   0:00 [rpciod/6]
root      4522  0.0  0.0      0     0 ?        S<    2012   0:00 [rpciod/7]
root      4523  0.0  0.0      0     0 ?        S<    2012   0:00 [rpciod/8]
root      4524  0.0  0.0      0     0 ?        S<    2012   0:00 [rpciod/9]
root      4525  0.0  0.0      0     0 ?        S<    2012   0:00 [rpciod/10]
root      4526  0.0  0.0      0     0 ?        S<    2012   0:00 [rpciod/11]
root      4527  0.0  0.0      0     0 ?        S<    2012   0:00 [rpciod/12]
root      4528  0.0  0.0      0     0 ?        S<    2012   0:00 [rpciod/13]
root      4529  0.0  0.0      0     0 ?        S<    2012   0:00 [rpciod/14]
root      4530  0.0  0.0      0     0 ?        S<    2012   0:00 [rpciod/15]
root      4551  0.0  0.0  10160   764 ?        Ss    2012   0:00 rpc.statd
root      4575  0.0  0.0  55180   420 ?        Ss    2012   0:00 rpc.idmapd
dbus      4590  0.0  0.0  21492  1120 ?        Ss    2012   9:13 dbus-daemon --system
root      4605  0.0  0.0  10432   724 ?        Ss    2012   0:00 /usr/sbin/hcid
root      4609  0.0  0.0   5936   508 ?        Ss    2012   0:00 /usr/sbin/sdpd
root      4677  0.0  0.0      0     0 ?        S<    2012   0:00 [krfcommd]
root      4715  0.0  0.0  41660  1368 ?        Ssl   2012   0:10 pcscd
root      4725  0.0  0.0   3800   572 ?        Ss    2012   0:00 /usr/sbin/acpid
68        4734  0.0  0.0  31652  4376 ?        Ss    2012   2:07 hald
root      4735  0.0  0.0  21692  1064 ?        S     2012   0:00 hald-runner
68        4743  0.0  0.0  12324   736 ?        S     2012   0:00 hald-addon-acpi: listening on acpid socket /var/run/acpid.socket
68        4748  0.0  0.0  12324   760 ?        S     2012   0:00 hald-addon-keyboard: listening on /dev/input/event0
root      4789  0.0  0.0   8516   384 ?        Ss    2012   0:00 /usr/bin/hidd --server
root      4828  0.0  0.0 121988  1224 ?        Ssl   2012   0:04 automount
root      4845  0.0  0.0  26324   324 ?        Ss    2012   0:00 ./hpiod
root      4850  0.0  0.0 159344  1808 ?        S     2012   0:03 python ./hpssd.py
root      4863  0.0  0.0  62608   772 ?        Ss    2012   0:00 /usr/sbin/sshd
root      4872  0.0  0.0 133528  1616 ?        Ss    2012   0:00 cupsd
root      4886  0.0  0.0  21644   784 ?        Ss    2012   0:00 xinetd -stayalive -pidfile /var/run/xinetd.pid
ntp       4903  0.0  0.0  19188  4888 ?        SLs   2012   0:05 ntpd -u ntp:ntp -p /var/run/ntpd.pid -g
uuidd     4940  0.0  0.0  60948    72 ?        Ss    2012   0:00 /usr/sbin/uuidd
root      4960  0.0  0.0  66936  1048 ?        Ss    2012   0:18 sendmail: accepting connections
smmsp     4971  0.0  0.0  57692   840 ?        Ss    2012   0:00 sendmail: Queue runner@01:00:00 for /var/spool/clientmqueue
root      4981  0.0  0.0   6452   320 ?        Ss    2012   0:02 gpm -m /dev/input/mice -t exps2
root      4990  0.0  0.0  74800   992 ?        Ss    2012   0:06 crond
xfs       5023  0.0  0.0  21068  1556 ?        Ss    2012   0:00 xfs -droppriv -daemon
root      5040  0.0  0.0  18732   456 ?        Ss    2012   0:00 /usr/sbin/atd
avahi     5070  0.0  0.0  23280  1244 ?        Ss    2012   0:01 avahi-daemon: running [dwdd9.local]
avahi     5071  0.0  0.0  23148   236 ?        Ss    2012   0:00 avahi-daemon: chroot helper
root      5082  0.0  0.0 150756  4096 ?        Ssl   2012   0:00 /usr/sbin/cimserver
root      5151  0.0  0.0  18416   296 ?        S     2012   0:00 /usr/sbin/smartd -q never
root      5156  0.0  0.0   3792   416 tty1     Ss+   2012   0:00 /sbin/mingetty tty1
root      5157  0.0  0.0   3792   416 tty2     Ss+   2012   0:00 /sbin/mingetty tty2
root      5158  0.0  0.0   3792   480 tty3     Ss+   2012   0:00 /sbin/mingetty tty3
root      5159  0.0  0.0   3792   484 tty4     Ss+   2012   0:00 /sbin/mingetty tty4
root      5160  0.0  0.0   3792   480 tty5     Ss+   2012   0:00 /sbin/mingetty tty5
root      5162  0.0  0.0   3792   484 tty6     Ss+   2012   0:00 /sbin/mingetty tty6
root      5163  0.0  0.0 167684  2144 ?        Ss    2012   0:00 /usr/sbin/gdm-binary -nodaemon
root      5265  0.0  0.0 201016  2788 ?        S     2012   0:00 /usr/sbin/gdm-binary -nodaemon
root      5267  0.0  0.0 189808  3292 ?        Sl    2012   0:02 /usr/libexec/gdm-rh-security-token-helper
root      5268  0.2  0.7 188920 60596 tty7     SLs+  2012 915:01 /usr/bin/Xorg :0 -br -audit 0 -auth /var/gdm/:0.Xauth -nolisten tcp vt7
root      5282  0.0  0.5 525696 48804 tty7     Sl+   2012 264:03 ./rgsender -daemon -display 0 -l /etc/opt/hpremote/rgsender/logSetup
root      5288  0.0  0.1 264152 10124 ?        SN    2012   0:13 /usr/bin/python -tt /usr/sbin/yum-updatesd
root      5295  0.0  0.0  12916   940 ?        SN    2012   0:01 /usr/libexec/gam_server
ems       5343  0.0  0.0 245460  6376 ?        Ss    2012   0:00 /usr/bin/gnome-session
ems       5368  0.0  0.1 146524 11300 tty7     Sl+   2012   0:24 ./rgsender_gui
ems       5377  0.0  0.0      0     0 ?        Z     2012   0:00 [Xsession] <defunct>
ems       5384  0.0  0.0  53852   476 ?        Ss    2012   0:00 /usr/bin/ssh-agent /bin/sh -c exec -l /bin/bash -c "/usr/bin/dbus-launch --exit-with-session /etc/X11/xinit/Xclients"
ems       5475  0.0  0.0  15180   536 ?        S     2012   0:00 /usr/bin/dbus-launch --exit-with-session /etc/X11/xinit/Xclients
ems       5476  0.0  0.0  21388  1024 ?        Ss    2012   0:00 /bin/dbus-daemon --fork --print-pid 4 --print-address 6 --session
ems       5482  0.0  0.0  90484  2796 ?        S     2012   0:05 /usr/libexec/gconfd-2 5
ems       5485  0.0  0.0  12900   532 ?        S     2012   0:00 /usr/bin/gnome-keyring-daemon
ems       5487  0.0  0.0 264588  7328 ?        Sl    2012   0:20 /usr/libexec/gnome-settings-daemon
ems       5492  0.0  0.0  97892  4060 ?        Ss    2012   0:00 /usr/lib64/scim-1.0/scim-launcher -d -c simple -e all -f socket --no-stay
ems       5510  0.0  0.1 184076 11236 ?        Ss    2012   0:55 metacity --sm-client-id=default1
ems       5514  0.0  0.1 335820 15252 ?        Ss    2012   0:37 gnome-panel --sm-client-id default2
ems       5516  0.0  0.2 551288 17880 ?        Ss    2012   0:37 nautilus --no-default-window --sm-client-id default3
ems       5519  0.0  0.0 230428  4544 ?        Ss    2012   0:00 gnome-volume-manager --sm-client-id default5
ems       5523  0.0  0.0 262884  2628 ?        Ssl   2012   0:00 /usr/libexec/bonobo-activation-server --ac-activate --ior-output-fd=16
ems       5524  0.0  0.0 273656  6912 ?        Ss    2012   0:02 eggcups --sm-client-id default4
ems       5528  0.0  0.0 147228  2992 ?        S     2012   0:00 /usr/libexec/gnome-vfs-daemon
ems       5534  0.0  0.0 154196  4204 ?        Ss    2012   0:01 bt-applet --sm-disable
ems       5548  0.0  0.1 364884 15484 ?        Ss    2012   0:07 /usr/bin/python -tt /usr/bin/puplet
ems       5551  0.0  0.0 291676  6080 ?        Ss    2012   0:02 nm-applet --sm-disable
ems       5555  0.0  0.0 155388  4800 ?        Ss    2012   0:10 pam-panel-icon --sm-client-id default0
ems       5556  0.0  0.0  72376  1880 ?        Sl    2012   0:03 ./escd --key_Inserted="/usr/bin/esc" --on_Signal="/usr/bin/esc"
root      5557  0.0  0.0  12188   708 ?        S     2012   0:07 /sbin/pam_timestamp_check -d root
ems       5563  0.0  0.0 296816  5248 ?        Ss    2012   7:05 gnome-power-manager
ems       5564  0.0  0.0  82404   332 ?        Ss    2012   0:00 /usr/lib64/scim-1.0/scim-helper-manager
ems       5565  0.0  0.0 262148  5364 ?        Ssl   2012   0:09 /usr/lib64/scim-1.0/scim-panel-gtk --display :0.0 -c socket -d --no-stay
ems       5567  0.0  0.0  90052   576 ?        Ss    2012   0:01 /usr/lib64/scim-1.0/scim-launcher -d -c socket -e socket -f x11
root      5569  0.0  0.0  57872  2712 ?        S     2012   0:01 /usr/sbin/nm-system-settings --config /etc/NetworkManager/nm-system-settings.conf
ems       5575  0.0  0.0  13020  1072 ?        S     2012   0:23 /usr/libexec/gam_server
ems       5577  0.0  0.1 325796 13008 ?        S     2012   1:01 /usr/libexec/wnck-applet --oaf-activate-iid=OAFIID:GNOME_Wncklet_Factory --oaf-ior-fd=19
ems       5579  0.0  0.0 395276  7212 ?        S     2012   0:00 /usr/libexec/trashapplet --oaf-activate-iid=OAFIID:GNOME_Panel_TrashApplet_Factory --oaf-ior-fd=25
ems       5595  0.0  0.0  12824   852 ?        S     2012   0:01 /usr/libexec/mapping-daemon
ems       5605  0.0  0.0 241176  6164 ?        S     2012   0:00 /usr/libexec/notification-area-applet --oaf-activate-iid=OAFIID:GNOME_NotificationAreaApplet_Factory --oaf-ior-fd=23
ems       5607  0.0  0.1 347508 12112 ?        Sl    2012   0:21 /usr/libexec/mixer_applet2 --oaf-activate-iid=OAFIID:GNOME_MixerApplet_Factory --oaf-ior-fd=31
ems       5609  0.0  0.1 297632 11848 ?        S     2012   0:02 /usr/libexec/clock-applet --oaf-activate-iid=OAFIID:GNOME_ClockApplet_Factory --oaf-ior-fd=37
ems       5709  0.0  0.0 183564  4476 ?        Ss    2012   0:27 gnome-screensaver
ems       6214  0.0  0.0 102004  1392 ?        S    16:55   0:00 crond
ems       6215  0.0  0.0   8700   944 ?        Ss   16:55   0:00 /bin/sh -c /df8003/home/nms/collection.sh >/dev/null
ems       6216  0.0  0.0   8704  1004 ?        S    16:55   0:00 /bin/sh /df8003/home/nms/collection.sh
ems       6227  0.0  0.0  10460   860 ?        R    16:55   0:00 ps aux
ems      14095  0.0  0.0  90444  4176 ?        S    Feb19   0:01 /usr/libexec/gconfd-2 12
ems      14193  0.0  0.0 186972  2536 ?        Ssl  Feb19   0:00 /usr/libexec/bonobo-activation-server --ac-activate --ior-output-fd=16
ems      15336  0.0  0.0  90440  2180 ?        S     2012   0:00 /usr/libexec/gconfd-2 5
ems      17823  0.0  0.0  90456  4380 ?        S    Apr25   0:00 /usr/libexec/gconfd-2 12
ems      17825  0.0  0.0 187104  3100 ?        Ssl  Apr25   0:00 /usr/libexec/bonobo-activation-server --ac-activate --ior-output-fd=16
ems      18552  0.0  0.0  90476  4368 ?        S    Mar10   0:01 /usr/libexec/gconfd-2 12
ems      22203  0.0  0.0  90456  4376 ?        S    Jun04   0:00 /usr/libexec/gconfd-2 12
ems      22447  0.0  0.0 186972  2928 ?        Ssl  Jan07   0:00 /usr/libexec/bonobo-activation-server --ac-activate --ior-output-fd=16
ems      22452  0.0  0.0  78544  1112 ?        S    Jan07  97:49 scim-bridge
ems      24628  0.0  0.2 314808 19436 ?        Sl   Aug15   5:53 gnome-terminal
ems      24630  0.0  0.0  90456  4384 ?        S    Aug15   0:00 /usr/libexec/gconfd-2 12
ems      24632  0.0  0.0 186972  2976 ?        Ssl  Aug15   0:00 /usr/libexec/bonobo-activation-server --ac-activate --ior-output-fd=16
ems      24636  0.0  0.0  14868   728 ?        S    Aug15   0:00 gnome-pty-helper
ems      24637  0.0  0.0  72664  1832 pts/1    Ss   Aug15   0:00 bash
root     25660  0.0  0.0      0     0 ?        S    Sep08   0:19 [pdflush]
root     25676  0.0  0.0      0     0 ?        S    Sep08   0:00 [pdflush]
ems      25678  1.2  5.6 2377860 458828 pts/1  SNl+ Sep08  92:13 qtmmi
ems      25944  0.0  0.0  80992  3128 ?        SN   Mar23   0:00 python /df8003/bat/gupdate
ems      25951  0.0  0.0  66060  1200 ?        SN   Mar23   0:00 sh -c { cd /df8003/uif/netres/; cvs -q up ; } 2>&1
ems      25952  0.0  0.0  43556  1144 ?        SN   Mar23   0:00 cvs -q up
ems      28030  0.0  0.0  90444  4372 ?        S    May09   0:00 /usr/libexec/gconfd-2 5
root     31037  0.0  0.0 140116  7672 ?        SN   Aug12   0:00 /df8003/bin/dbmd
root     31038  0.3  0.0 139616  3240 ?        SN   Aug12 144:31 /df8003/bin/applogd
root     31039  0.2  0.0 135272  3476 ?        S    Aug12 126:41 /df8003/bin/netmd
root     31040  0.3  0.2 159040 17064 ?        S    Aug12 166:16 /df8003/bin/sysmd
root     31113  0.0  0.0 208580  8132 ?        SN   Aug12   0:07 /df8003/bin/procmd
root     31114  0.0  0.0 208084  7936 ?        SN   Aug12   0:00 proc_watchd
root     31115  0.1  0.1 217484  8564 ?        SN   Aug12  89:39 netmond -s 3600
ems      31116  0.0  0.1 290276 14076 ?        SN   Aug12  20:38 almd_server_rep
ems      31117  0.0  0.3 1816600 31120 ?       SN   Aug12  13:41 alm_replica -mode r
ems      31118  0.8  9.0 1802452 736432 ?      SN   Aug12 415:23 SCADA_Rep -mode r
ems      31119  0.0  0.2 541028 20216 ?        SN   Aug12  21:19 comServer
ems      31120  0.0  2.5 1705412 208816 ?      SN   Aug12   0:28 SCADA_Server -mode s1 -ref
ems      31121  0.0  0.1 1808116 16124 ?       SN   Aug12   0:00 SSM_Server -dts
ems      31123  0.0  0.0 141656  7552 ?        SN   Aug12   0:08 grsd
root     31124  0.0  0.8 1890500 69124 ?       SN   Aug12   0:06 ssrd
cmdbegin:mac
1: lo: <LOOPBACK,UP,LOWER_UP> mtu 16436 qdisc noqueue 
    link/loopback 00:00:00:00:00:00 brd 00:00:00:00:00:00
    inet 127.0.0.1/8 scope host lo
    inet6 ::1/128 scope host 
       valid_lft forever preferred_lft forever
2: eth0: <BROADCAST,MULTICAST,SLAVE,UP,LOWER_UP> mtu 1500 qdisc pfifo_fast master bond0 qlen 1000
    link/ether 3c:4a:92:ec:23:00 brd ff:ff:ff:ff:ff:ff
3: eth1: <BROADCAST,MULTICAST,SLAVE,UP,LOWER_UP> mtu 1500 qdisc pfifo_fast master bond0 qlen 1000
    link/ether 3c:4a:92:ec:23:00 brd ff:ff:ff:ff:ff:ff
4: sit0: <NOARP> mtu 1480 qdisc noop 
    link/sit 0.0.0.0 brd 0.0.0.0
5: bond0: <BROADCAST,MULTICAST,MASTER,UP,LOWER_UP> mtu 1500 qdisc noqueue 
    link/ether 3c:4a:92:ec:23:00 brd ff:ff:ff:ff:ff:ff
    inet 192.168.1.38/24 brd 192.168.1.255 scope global bond0
    inet6 fe80::3e4a:92ff:feec:2300/64 scope link 
       valid_lft forever preferred_lft forever
cmdbegin:interface
Linux 2.6.18-194.el5 (dwdd9) 	09/13/13

16:55:07        IFACE   rxpck/s   txpck/s   rxbyt/s   txbyt/s   rxcmp/s   txcmp/s  rxmcst/s
16:55:08           lo    226.00    226.00  19538.00  19538.00      0.00      0.00      0.00
16:55:08         eth0    209.00      4.00 236114.00    762.00      0.00      0.00      6.00
16:55:08         eth1    164.00      0.00 185094.00      0.00      0.00      0.00      0.00
16:55:08         sit0      0.00      0.00      0.00      0.00      0.00      0.00      0.00
16:55:08        bond0    373.00      4.00 421208.00    762.00      0.00      0.00      6.00

16:55:08        IFACE   rxpck/s   txpck/s   rxbyt/s   txbyt/s   rxcmp/s   txcmp/s  rxmcst/s
16:55:09           lo    262.00    262.00  23046.00  23046.00      0.00      0.00      0.00
16:55:09         eth0     62.00      3.00  39032.00    392.00      0.00      0.00      6.00
16:55:09         eth1     91.00      0.00  85878.00      0.00      0.00      0.00      0.00
16:55:09         sit0      0.00      0.00      0.00      0.00      0.00      0.00      0.00
16:55:09        bond0    153.00      3.00 124910.00    392.00      0.00      0.00      6.00

16:55:09        IFACE   rxpck/s   txpck/s   rxbyt/s   txbyt/s   rxcmp/s   txcmp/s  rxmcst/s
16:55:10           lo    561.00    561.00  51913.00  51913.00      0.00      0.00      0.00
16:55:10         eth0     70.00      3.00  42416.00    428.00      0.00      0.00     10.00
16:55:10         eth1     45.00      0.00  29140.00      0.00      0.00      0.00      0.00
16:55:10         sit0      0.00      0.00      0.00      0.00      0.00      0.00      0.00
16:55:10        bond0    115.00      3.00  71556.00    428.00      0.00      0.00     10.00

Average:        IFACE   rxpck/s   txpck/s   rxbyt/s   txbyt/s   rxcmp/s   txcmp/s  rxmcst/s
Average:           lo    349.67    349.67  31499.00  31499.00      0.00      0.00      0.00
Average:         eth0    113.67      3.33 105854.00    527.33      0.00      0.00      7.33
Average:         eth1    100.00      0.00 100037.33      0.00      0.00      0.00      0.00
Average:         sit0      0.00      0.00      0.00      0.00      0.00      0.00      0.00
Average:        bond0    213.67      3.33 205891.33    527.33      0.00      0.00      7.33
cmdbegin:uname
Linux dwdd9
cmdbegin:usergroup
root:x:0:root
bin:x:1:root,bin,daemon
daemon:x:2:root,bin,daemon
sys:x:3:root,bin,adm
adm:x:4:root,adm,daemon
tty:x:5:
disk:x:6:root
lp:x:7:daemon,lp
mem:x:8:
kmem:x:9:
wheel:x:10:root
mail:x:12:mail
news:x:13:news
uucp:x:14:uucp
man:x:15:
games:x:20:
gopher:x:30:
dip:x:40:
ftp:x:50:
lock:x:54:
nobody:x:99:
users:x:100:ems,oracle
nscd:x:28:
floppy:x:19:
vcsa:x:69:
audio:x:63:gdm
utmp:x:22:
rpc:x:32:
mailnull:x:47:
smmsp:x:51:
pcap:x:77:
utempter:x:35:
slocate:x:21:
ntp:x:38:
sshd:x:74:
rpcuser:x:29:
nfsnobody:x:4294967294:
dbus:x:81:
avahi:x:70:
haldaemon:x:68:
avahi-autoipd:x:101:
distcache:x:94:
mysql:x:27:
apache:x:48:
postgres:x:26:
webalizer:x:67:
oprofile:x:16:
squid:x:23:
named:x:25:
xfs:x:43:
gdm:x:42:
sabayon:x:86:
stapdev:x:102:
stapusr:x:103:
ldap:x:55:
uuidd:x:104:
pkcs11:x:105:root
screen:x:84:
ident:x:98:
pvm:x:24:
privoxy:x:73:
quaggavt:x:85:
quagga:x:92:
radvd:x:75:
radiusd:x:95:
tomcat:x:91:
pegasus:x:65:
fuse:x:106:
dfdz:x:500:ems
dba:x:501:oracle
cmdbegin:user
root:x:0:0:root:/root:/bin/bash
bin:x:1:1:bin:/bin:/sbin/nologin
daemon:x:2:2:daemon:/sbin:/sbin/nologin
adm:x:3:4:adm:/var/adm:/sbin/nologin
lp:x:4:7:lp:/var/spool/lpd:/sbin/nologin
sync:x:5:0:sync:/sbin:/bin/sync
shutdown:x:6:0:shutdown:/sbin:/sbin/shutdown
halt:x:7:0:halt:/sbin:/sbin/halt
mail:x:8:12:mail:/var/spool/mail:/sbin/nologin
news:x:9:13:news:/etc/news:
uucp:x:10:14:uucp:/var/spool/uucp:/sbin/nologin
operator:x:11:0:operator:/root:/sbin/nologin
games:x:12:100:games:/usr/games:/sbin/nologin
gopher:x:13:30:gopher:/var/gopher:/sbin/nologin
ftp:x:14:50:FTP User:/var/ftp:/sbin/nologin
nobody:x:99:99:Nobody:/:/sbin/nologin
nscd:x:28:28:NSCD Daemon:/:/sbin/nologin
vcsa:x:69:69:virtual console memory owner:/dev:/sbin/nologin
rpc:x:32:32:Portmapper RPC user:/:/sbin/nologin
mailnull:x:47:47::/var/spool/mqueue:/sbin/nologin
smmsp:x:51:51::/var/spool/mqueue:/sbin/nologin
pcap:x:77:77::/var/arpwatch:/sbin/nologin
ntp:x:38:38::/etc/ntp:/sbin/nologin
sshd:x:74:74:Privilege-separated SSH:/var/empty/sshd:/sbin/nologin
rpcuser:x:29:29:RPC Service User:/var/lib/nfs:/sbin/nologin
nfsnobody:x:4294967294:4294967294:Anonymous NFS User:/var/lib/nfs:/sbin/nologin
dbus:x:81:81:System message bus:/:/sbin/nologin
avahi:x:70:70:Avahi daemon:/:/sbin/nologin
haldaemon:x:68:68:HAL daemon:/:/sbin/nologin
avahi-autoipd:x:100:101:avahi-autoipd:/var/lib/avahi-autoipd:/sbin/nologin
distcache:x:94:94:Distcache:/:/sbin/nologin
mysql:x:27:27:MySQL Server:/var/lib/mysql:/bin/bash
apache:x:48:48:Apache:/var/www:/sbin/nologin
postgres:x:26:26:PostgreSQL Server:/var/lib/pgsql:/bin/bash
webalizer:x:67:67:Webalizer:/var/www/usage:/sbin/nologin
oprofile:x:16:16:Special user account to be used by OProfile:/home/oprofile:/sbin/nologin
squid:x:23:23::/var/spool/squid:/sbin/nologin
named:x:25:25:Named:/var/named:/sbin/nologin
xfs:x:43:43:X Font Server:/etc/X11/fs:/sbin/nologin
gdm:x:42:42::/var/gdm:/sbin/nologin
sabayon:x:86:86:Sabayon user:/home/sabayon:/sbin/nologin
ldap:x:55:55:LDAP User:/var/lib/ldap:/bin/false
uuidd:x:101:104:UUID generator helper daemon:/var/lib/libuuid:/sbin/nologin
amanda:x:33:6:Amanda user:/var/lib/amanda:/bin/bash
ident:x:98:98::/:/sbin/nologin
pvm:x:24:24::/usr/share/pvm3:/bin/bash
privoxy:x:73:73::/etc/privoxy:/sbin/nologin
quagga:x:92:92:Quagga routing suite:/var/run/quagga:/sbin/nologin
radvd:x:75:75:radvd user:/:/sbin/nologin
radiusd:x:95:95:radiusd user:/home/radiusd:/sbin/nologin
tomcat:x:91:91:Tomcat:/usr/share/tomcat5:/bin/sh
pegasus:x:66:65:tog-pegasus OpenPegasus WBEM/CIM services:/var/lib/Pegasus:/sbin/nologin
ems:x:115:500::/df8003/home:/bin/bash
oracle:x:502:501::/usr/local/oracle:/bin/bash
cmdbegin:date
Fri Sep 13 16:55:10 CST 2013
cmdbegin:uptime
 16:55:10 up 280 days,  6:30,  2 users,  load average: 0.06, 0.10, 0.13
cmdbegin:end
