cmdbegin:version
Linux version 2.6.18-194.el5 (mockbuild@x86-005.build.bos.redhat.com) (gcc version 4.1.2 20080704 (Red Hat 4.1.2-48)) #1 SMP Tue Mar 16 21:52:39 EDT 2010
cmdbegin:cpuconfig
processor	: 0
model name	:        Intel(R) Xeon(R) CPU E7- 4807  @ 1.87GHz
cpu MHz		: 1864.695
cache size	: 18432 KB
processor	: 1
model name	:        Intel(R) Xeon(R) CPU E7- 4807  @ 1.87GHz
cpu MHz		: 1864.695
cache size	: 18432 KB
processor	: 2
model name	:        Intel(R) Xeon(R) CPU E7- 4807  @ 1.87GHz
cpu MHz		: 1864.695
cache size	: 18432 KB
processor	: 3
model name	:        Intel(R) Xeon(R) CPU E7- 4807  @ 1.87GHz
cpu MHz		: 1864.695
cache size	: 18432 KB
processor	: 4
model name	:        Intel(R) Xeon(R) CPU E7- 4807  @ 1.87GHz
cpu MHz		: 1864.695
cache size	: 18432 KB
processor	: 5
model name	:        Intel(R) Xeon(R) CPU E7- 4807  @ 1.87GHz
cpu MHz		: 1864.695
cache size	: 18432 KB
processor	: 6
model name	:        Intel(R) Xeon(R) CPU E7- 4807  @ 1.87GHz
cpu MHz		: 1864.695
cache size	: 18432 KB
processor	: 7
model name	:        Intel(R) Xeon(R) CPU E7- 4807  @ 1.87GHz
cpu MHz		: 1864.695
cache size	: 18432 KB
processor	: 8
model name	:        Intel(R) Xeon(R) CPU E7- 4807  @ 1.87GHz
cpu MHz		: 1864.695
cache size	: 18432 KB
processor	: 9
model name	:        Intel(R) Xeon(R) CPU E7- 4807  @ 1.87GHz
cpu MHz		: 1864.695
cache size	: 18432 KB
processor	: 10
model name	:        Intel(R) Xeon(R) CPU E7- 4807  @ 1.87GHz
cpu MHz		: 1864.695
cache size	: 18432 KB
processor	: 11
model name	:        Intel(R) Xeon(R) CPU E7- 4807  @ 1.87GHz
cpu MHz		: 1864.695
cache size	: 18432 KB
processor	: 12
model name	:        Intel(R) Xeon(R) CPU E7- 4807  @ 1.87GHz
cpu MHz		: 1864.695
cache size	: 18432 KB
processor	: 13
model name	:        Intel(R) Xeon(R) CPU E7- 4807  @ 1.87GHz
cpu MHz		: 1864.695
cache size	: 18432 KB
processor	: 14
model name	:        Intel(R) Xeon(R) CPU E7- 4807  @ 1.87GHz
cpu MHz		: 1864.695
cache size	: 18432 KB
processor	: 15
model name	:        Intel(R) Xeon(R) CPU E7- 4807  @ 1.87GHz
cpu MHz		: 1864.695
cache size	: 18432 KB
processor	: 16
model name	:        Intel(R) Xeon(R) CPU E7- 4807  @ 1.87GHz
cpu MHz		: 1864.695
cache size	: 18432 KB
processor	: 17
model name	:        Intel(R) Xeon(R) CPU E7- 4807  @ 1.87GHz
cpu MHz		: 1864.695
cache size	: 18432 KB
processor	: 18
model name	:        Intel(R) Xeon(R) CPU E7- 4807  @ 1.87GHz
cpu MHz		: 1864.695
cache size	: 18432 KB
processor	: 19
model name	:        Intel(R) Xeon(R) CPU E7- 4807  @ 1.87GHz
cpu MHz		: 1864.695
cache size	: 18432 KB
processor	: 20
model name	:        Intel(R) Xeon(R) CPU E7- 4807  @ 1.87GHz
cpu MHz		: 1864.695
cache size	: 18432 KB
processor	: 21
model name	:        Intel(R) Xeon(R) CPU E7- 4807  @ 1.87GHz
cpu MHz		: 1864.695
cache size	: 18432 KB
processor	: 22
model name	:        Intel(R) Xeon(R) CPU E7- 4807  @ 1.87GHz
cpu MHz		: 1864.695
cache size	: 18432 KB
processor	: 23
model name	:        Intel(R) Xeon(R) CPU E7- 4807  @ 1.87GHz
cpu MHz		: 1864.695
cache size	: 18432 KB
cmdbegin:disk
Filesystem           1K-blocks      Used Available Use% Mounted on
/dev/cciss/c0d0p1     59515524   1106252  55337244   2% /
/dev/cciss/c0d0p5    144877748  92697056  44702440  68% /df8003
/dev/cciss/c0d0p2     59515556   5179888  51263640  10% /usr
tmpfs                 16408092         0  16408092   0% /dev/shm
cmdbegin:diskperf
Linux 2.6.18-194.el5 (byavc02) 	09/13/13 	_x86_64_	(24 CPU)

16:55:01          DEV       tps  rd_sec/s  wr_sec/s  avgrq-sz  avgqu-sz     await     svctm     %util
16:55:02     dev104-0     13.00      0.00    376.00     28.92      0.14     11.38      5.69      7.40

16:55:02          DEV       tps  rd_sec/s  wr_sec/s  avgrq-sz  avgqu-sz     await     svctm     %util
16:55:03     dev104-0      0.00      0.00      0.00      0.00      0.00      0.00      0.00      0.00

16:55:03          DEV       tps  rd_sec/s  wr_sec/s  avgrq-sz  avgqu-sz     await     svctm     %util
16:55:04     dev104-0      3.00      0.00     88.00     29.33      0.03     10.00     10.00      3.00

Average:          DEV       tps  rd_sec/s  wr_sec/s  avgrq-sz  avgqu-sz     await     svctm     %util
Average:     dev104-0      5.33      0.00    154.67     29.00      0.06     11.12      6.50      3.47
cmdbegin:cpu
Linux 2.6.18-194.el5 (byavc02) 	09/13/13 	_x86_64_	(24 CPU)

16:55:04        CPU     %user     %nice   %system   %iowait    %steal     %idle
16:55:05        all      0.17      0.08      0.33      0.00      0.00     99.42
16:55:06        all      0.04      0.08      0.21      0.04      0.00     99.63
16:55:07        all      0.00      0.04      0.12      0.21      0.00     99.63
Average:        all      0.07      0.07      0.22      0.08      0.00     99.56
cmdbegin:memory
             total       used       free     shared    buffers     cached
Mem:      32816188   27176156    5640032          0     604900   23379568
-/+ buffers/cache:    3191688   29624500
Swap:     20482864        324   20482540
cmdbegin:process
USER       PID %CPU %MEM    VSZ   RSS TTY      STAT START   TIME COMMAND
root         1  0.0  0.0  10348   684 ?        Ss    2012   0:11 init [5]                                                  
root         2  0.0  0.0      0     0 ?        S<    2012   0:03 [migration/0]
root         3  0.0  0.0      0     0 ?        SN    2012   0:00 [ksoftirqd/0]
root         4  0.0  0.0      0     0 ?        S<    2012   0:00 [watchdog/0]
root         5  0.0  0.0      0     0 ?        S<    2012   0:00 [migration/1]
root         6  0.0  0.0      0     0 ?        SN    2012   0:00 [ksoftirqd/1]
root         7  0.0  0.0      0     0 ?        S<    2012   0:00 [watchdog/1]
root         8  0.0  0.0      0     0 ?        S<    2012   0:00 [migration/2]
root         9  0.0  0.0      0     0 ?        SN    2012   0:00 [ksoftirqd/2]
root        10  0.0  0.0      0     0 ?        S<    2012   0:00 [watchdog/2]
root        11  0.0  0.0      0     0 ?        S<    2012   0:00 [migration/3]
root        12  0.0  0.0      0     0 ?        SN    2012   0:00 [ksoftirqd/3]
root        13  0.0  0.0      0     0 ?        S<    2012   0:00 [watchdog/3]
root        14  0.0  0.0      0     0 ?        S<    2012   0:00 [migration/4]
root        15  0.0  0.0      0     0 ?        SN    2012   0:00 [ksoftirqd/4]
root        16  0.0  0.0      0     0 ?        S<    2012   0:00 [watchdog/4]
root        17  0.0  0.0      0     0 ?        S<    2012   0:00 [migration/5]
root        18  0.0  0.0      0     0 ?        SN    2012   0:00 [ksoftirqd/5]
root        19  0.0  0.0      0     0 ?        S<    2012   0:00 [watchdog/5]
root        20  0.0  0.0      0     0 ?        S<    2012   0:02 [migration/6]
root        21  0.0  0.0      0     0 ?        SN    2012   0:01 [ksoftirqd/6]
root        22  0.0  0.0      0     0 ?        S<    2012   0:00 [watchdog/6]
root        23  0.0  0.0      0     0 ?        S<    2012   0:00 [migration/7]
root        24  0.0  0.0      0     0 ?        SN    2012   0:01 [ksoftirqd/7]
root        25  0.0  0.0      0     0 ?        S<    2012   0:00 [watchdog/7]
root        26  0.0  0.0      0     0 ?        S<    2012   0:00 [migration/8]
root        27  0.0  0.0      0     0 ?        SN    2012   0:01 [ksoftirqd/8]
root        28  0.0  0.0      0     0 ?        S<    2012   0:00 [watchdog/8]
root        29  0.0  0.0      0     0 ?        S<    2012   0:00 [migration/9]
root        30  0.0  0.0      0     0 ?        SN    2012   0:01 [ksoftirqd/9]
root        31  0.0  0.0      0     0 ?        S<    2012   0:00 [watchdog/9]
root        32  0.0  0.0      0     0 ?        S<    2012   0:00 [migration/10]
root        33  0.0  0.0      0     0 ?        SN    2012   0:00 [ksoftirqd/10]
root        34  0.0  0.0      0     0 ?        S<    2012   0:00 [watchdog/10]
root        35  0.0  0.0      0     0 ?        S<    2012   0:00 [migration/11]
root        36  0.0  0.0      0     0 ?        SN    2012   0:01 [ksoftirqd/11]
root        37  0.0  0.0      0     0 ?        S<    2012   0:00 [watchdog/11]
root        38  0.0  0.0      0     0 ?        S<    2012   2:05 [migration/12]
root        39  0.0  0.0      0     0 ?        SN    2012   8:02 [ksoftirqd/12]
root        40  0.0  0.0      0     0 ?        S<    2012   0:00 [watchdog/12]
root        41  0.0  0.0      0     0 ?        S<    2012   1:20 [migration/13]
root        42  0.0  0.0      0     0 ?        SN    2012   2:47 [ksoftirqd/13]
root        43  0.0  0.0      0     0 ?        S<    2012   0:00 [watchdog/13]
root        44  0.0  0.0      0     0 ?        S<    2012   1:21 [migration/14]
root        45  0.0  0.0      0     0 ?        SN    2012   3:15 [ksoftirqd/14]
root        46  0.0  0.0      0     0 ?        S<    2012   0:00 [watchdog/14]
root        47  0.0  0.0      0     0 ?        S<    2012   1:32 [migration/15]
root        48  0.0  0.0      0     0 ?        SN    2012   3:40 [ksoftirqd/15]
root        49  0.0  0.0      0     0 ?        S<    2012   0:00 [watchdog/15]
root        50  0.0  0.0      0     0 ?        S<    2012   1:19 [migration/16]
root        51  0.0  0.0      0     0 ?        SN    2012   3:07 [ksoftirqd/16]
root        52  0.0  0.0      0     0 ?        S<    2012   0:00 [watchdog/16]
root        53  0.0  0.0      0     0 ?        S<    2012   0:52 [migration/17]
root        54  0.0  0.0      0     0 ?        SN    2012   2:28 [ksoftirqd/17]
root        55  0.0  0.0      0     0 ?        S<    2012   0:00 [watchdog/17]
root        56  0.0  0.0      0     0 ?        S<    2012   5:23 [migration/18]
root        57  0.0  0.0      0     0 ?        SN    2012  11:59 [ksoftirqd/18]
root        58  0.0  0.0      0     0 ?        S<    2012   0:00 [watchdog/18]
root        59  0.0  0.0      0     0 ?        S<    2012   3:36 [migration/19]
root        60  0.0  0.0      0     0 ?        SN    2012   7:45 [ksoftirqd/19]
root        61  0.0  0.0      0     0 ?        S<    2012   0:00 [watchdog/19]
root        62  0.0  0.0      0     0 ?        S<    2012   3:59 [migration/20]
root        63  0.0  0.0      0     0 ?        SN    2012   8:24 [ksoftirqd/20]
root        64  0.0  0.0      0     0 ?        S<    2012   0:00 [watchdog/20]
root        65  0.0  0.0      0     0 ?        S<    2012   5:05 [migration/21]
root        66  0.0  0.0      0     0 ?        SN    2012  11:21 [ksoftirqd/21]
root        67  0.0  0.0      0     0 ?        S<    2012   0:00 [watchdog/21]
root        68  0.0  0.0      0     0 ?        S<    2012   3:22 [migration/22]
root        69  0.0  0.0      0     0 ?        SN    2012   7:33 [ksoftirqd/22]
root        70  0.0  0.0      0     0 ?        S<    2012   0:00 [watchdog/22]
root        71  0.0  0.0      0     0 ?        S<    2012   3:58 [migration/23]
root        72  0.0  0.0      0     0 ?        SN    2012   8:52 [ksoftirqd/23]
root        73  0.0  0.0      0     0 ?        S<    2012   0:00 [watchdog/23]
root        74  0.0  0.0      0     0 ?        S<    2012   0:00 [events/0]
root        75  0.0  0.0      0     0 ?        S<    2012   0:00 [events/1]
root        76  0.0  0.0      0     0 ?        S<    2012   0:00 [events/2]
root        77  0.0  0.0      0     0 ?        S<    2012   0:00 [events/3]
root        78  0.0  0.0      0     0 ?        S<    2012   0:00 [events/4]
root        79  0.0  0.0      0     0 ?        S<    2012   0:00 [events/5]
root        80  0.0  0.0      0     0 ?        S<    2012   0:00 [events/6]
root        81  0.0  0.0      0     0 ?        S<    2012   0:00 [events/7]
root        82  0.0  0.0      0     0 ?        S<    2012   0:00 [events/8]
root        83  0.0  0.0      0     0 ?        S<    2012   0:00 [events/9]
root        84  0.0  0.0      0     0 ?        S<    2012   0:00 [events/10]
root        85  0.0  0.0      0     0 ?        S<    2012   0:00 [events/11]
root        86  0.0  0.0      0     0 ?        S<    2012   0:37 [events/12]
root        87  0.0  0.0      0     0 ?        S<    2012   0:02 [events/13]
root        88  0.0  0.0      0     0 ?        S<    2012   0:02 [events/14]
root        89  0.0  0.0      0     0 ?        S<    2012   0:02 [events/15]
root        90  0.0  0.0      0     0 ?        S<    2012   0:02 [events/16]
root        91  0.0  0.0      0     0 ?        S<    2012   0:01 [events/17]
root        92  0.0  0.0      0     0 ?        S<    2012   0:11 [events/18]
root        93  0.0  0.0      0     0 ?        S<    2012   0:07 [events/19]
root        94  0.0  0.0      0     0 ?        S<    2012   0:07 [events/20]
root        95  0.0  0.0      0     0 ?        S<    2012   0:11 [events/21]
root        96  0.0  0.0      0     0 ?        S<    2012   0:07 [events/22]
root        97  0.0  0.0      0     0 ?        S<    2012   0:08 [events/23]
root        98  0.0  0.0      0     0 ?        S<    2012   0:00 [khelper]
root       363  0.0  0.0      0     0 ?        S<    2012   0:00 [kthread]
root       391  0.0  0.0      0     0 ?        S<    2012   0:00 [kblockd/0]
root       392  0.0  0.0      0     0 ?        S<    2012   0:00 [kblockd/1]
root       393  0.0  0.0      0     0 ?        S<    2012   0:29 [kblockd/2]
root       394  0.0  0.0      0     0 ?        S<    2012   0:07 [kblockd/3]
root       395  0.0  0.0      0     0 ?        S<    2012   0:00 [kblockd/4]
root       396  0.0  0.0      0     0 ?        S<    2012   0:02 [kblockd/5]
root       397  0.0  0.0      0     0 ?        S<    2012   0:00 [kblockd/6]
root       398  0.0  0.0      0     0 ?        S<    2012   0:00 [kblockd/7]
root       399  0.0  0.0      0     0 ?        S<    2012   0:00 [kblockd/8]
root       400  0.0  0.0      0     0 ?        S<    2012   0:00 [kblockd/9]
root       401  0.0  0.0      0     0 ?        S<    2012   0:00 [kblockd/10]
root       402  0.0  0.0      0     0 ?        S<    2012   0:00 [kblockd/11]
root       403  0.0  0.0      0     0 ?        S<    2012   0:00 [kblockd/12]
root       404  0.0  0.0      0     0 ?        S<    2012   0:00 [kblockd/13]
root       405  0.0  0.0      0     0 ?        S<    2012   0:00 [kblockd/14]
root       406  0.0  0.0      0     0 ?        S<    2012   0:00 [kblockd/15]
root       407  0.0  0.0      0     0 ?        S<    2012   0:00 [kblockd/16]
root       408  0.0  0.0      0     0 ?        S<    2012   0:04 [kblockd/17]
root       409  0.0  0.0      0     0 ?        S<    2012   0:00 [kblockd/18]
root       410  0.0  0.0      0     0 ?        S<    2012   0:00 [kblockd/19]
root       411  0.0  0.0      0     0 ?        S<    2012   0:00 [kblockd/20]
root       412  0.0  0.0      0     0 ?        S<    2012   0:00 [kblockd/21]
root       413  0.0  0.0      0     0 ?        S<    2012   0:00 [kblockd/22]
root       414  0.0  0.0      0     0 ?        S<    2012   0:00 [kblockd/23]
root       415  0.0  0.0      0     0 ?        S<    2012   0:00 [kacpid]
root       637  0.0  0.0      0     0 ?        S<    2012   0:00 [cqueue/0]
root       638  0.0  0.0      0     0 ?        S<    2012   0:00 [cqueue/1]
root       639  0.0  0.0      0     0 ?        S<    2012   0:00 [cqueue/2]
root       640  0.0  0.0      0     0 ?        S<    2012   0:00 [cqueue/3]
root       641  0.0  0.0      0     0 ?        S<    2012   0:00 [cqueue/4]
root       642  0.0  0.0      0     0 ?        S<    2012   0:00 [cqueue/5]
root       643  0.0  0.0      0     0 ?        S<    2012   0:00 [cqueue/6]
root       644  0.0  0.0      0     0 ?        S<    2012   0:00 [cqueue/7]
root       645  0.0  0.0      0     0 ?        S<    2012   0:00 [cqueue/8]
root       646  0.0  0.0      0     0 ?        S<    2012   0:00 [cqueue/9]
root       647  0.0  0.0      0     0 ?        S<    2012   0:00 [cqueue/10]
root       648  0.0  0.0      0     0 ?        S<    2012   0:00 [cqueue/11]
root       649  0.0  0.0      0     0 ?        S<    2012   0:00 [cqueue/12]
root       650  0.0  0.0      0     0 ?        S<    2012   0:00 [cqueue/13]
root       651  0.0  0.0      0     0 ?        S<    2012   0:00 [cqueue/14]
root       652  0.0  0.0      0     0 ?        S<    2012   0:00 [cqueue/15]
root       653  0.0  0.0      0     0 ?        S<    2012   0:00 [cqueue/16]
root       654  0.0  0.0      0     0 ?        S<    2012   0:00 [cqueue/17]
root       655  0.0  0.0      0     0 ?        S<    2012   0:00 [cqueue/18]
root       656  0.0  0.0      0     0 ?        S<    2012   0:00 [cqueue/19]
root       657  0.0  0.0      0     0 ?        S<    2012   0:00 [cqueue/20]
root       658  0.0  0.0      0     0 ?        S<    2012   0:00 [cqueue/21]
root       659  0.0  0.0      0     0 ?        S<    2012   0:00 [cqueue/22]
root       660  0.0  0.0      0     0 ?        S<    2012   0:00 [cqueue/23]
root       663  0.0  0.0      0     0 ?        S<    2012   0:00 [khubd]
root       665  0.0  0.0      0     0 ?        S<    2012   0:00 [kseriod]
root       918  0.0  0.0      0     0 ?        S     2012   0:00 [khungtaskd]
root       919  0.0  0.0      0     0 ?        S     2012   0:00 [pdflush]
root       921  0.0  0.0      0     0 ?        S<    2012   0:28 [kswapd0]
root       922  0.0  0.0      0     0 ?        S<    2012   0:27 [kswapd1]
root       923  0.0  0.0      0     0 ?        S<    2012   0:00 [aio/0]
root       924  0.0  0.0      0     0 ?        S<    2012   0:00 [aio/1]
root       925  0.0  0.0      0     0 ?        S<    2012   0:00 [aio/2]
root       926  0.0  0.0      0     0 ?        S<    2012   0:00 [aio/3]
root       927  0.0  0.0      0     0 ?        S<    2012   0:00 [aio/4]
root       928  0.0  0.0      0     0 ?        S<    2012   0:00 [aio/5]
root       929  0.0  0.0      0     0 ?        S<    2012   0:00 [aio/6]
root       930  0.0  0.0      0     0 ?        S<    2012   0:00 [aio/7]
root       931  0.0  0.0      0     0 ?        S<    2012   0:00 [aio/8]
root       932  0.0  0.0      0     0 ?        S<    2012   0:00 [aio/9]
root       933  0.0  0.0      0     0 ?        S<    2012   0:00 [aio/10]
root       934  0.0  0.0      0     0 ?        S<    2012   0:00 [aio/11]
root       935  0.0  0.0      0     0 ?        S<    2012   0:00 [aio/12]
root       936  0.0  0.0      0     0 ?        S<    2012   0:00 [aio/13]
root       937  0.0  0.0      0     0 ?        S<    2012   0:00 [aio/14]
root       938  0.0  0.0      0     0 ?        S<    2012   0:00 [aio/15]
root       939  0.0  0.0      0     0 ?        S<    2012   0:00 [aio/16]
root       940  0.0  0.0      0     0 ?        S<    2012   0:00 [aio/17]
root       941  0.0  0.0      0     0 ?        S<    2012   0:00 [aio/18]
root       942  0.0  0.0      0     0 ?        S<    2012   0:00 [aio/19]
root       943  0.0  0.0      0     0 ?        S<    2012   0:00 [aio/20]
root       944  0.0  0.0      0     0 ?        S<    2012   0:00 [aio/21]
root       945  0.0  0.0      0     0 ?        S<    2012   0:00 [aio/22]
root       946  0.0  0.0      0     0 ?        S<    2012   0:00 [aio/23]
root      1108  0.0  0.0      0     0 ?        S<    2012   0:00 [kpsmoused]
root      1416  0.0  0.0      0     0 ?        S<    2012   0:00 [ata/0]
root      1417  0.0  0.0      0     0 ?        S<    2012   0:00 [ata/1]
root      1418  0.0  0.0      0     0 ?        S<    2012   5:13 [ata/2]
root      1419  0.0  0.0      0     0 ?        S<    2012  19:22 [ata/3]
root      1420  0.0  0.0      0     0 ?        S<    2012   0:04 [ata/4]
root      1421  0.0  0.0      0     0 ?        S<    2012   0:07 [ata/5]
root      1422  0.0  0.0      0     0 ?        S<    2012   0:00 [ata/6]
root      1423  0.0  0.0      0     0 ?        S<    2012   0:00 [ata/7]
root      1424  0.0  0.0      0     0 ?        S<    2012   0:00 [ata/8]
root      1425  0.0  0.0      0     0 ?        S<    2012   0:00 [ata/9]
root      1426  0.0  0.0      0     0 ?        S<    2012   0:03 [ata/10]
root      1427  0.0  0.0      0     0 ?        S<    2012   0:00 [ata/11]
root      1428  0.0  0.0      0     0 ?        S<    2012   0:00 [ata/12]
root      1429  0.0  0.0      0     0 ?        S<    2012   0:00 [ata/13]
root      1430  0.0  0.0      0     0 ?        S<    2012   7:45 [ata/14]
root      1431  0.0  0.0      0     0 ?        S<    2012  24:21 [ata/15]
root      1432  0.0  0.0      0     0 ?        S<    2012   0:07 [ata/16]
root      1433  0.0  0.0      0     0 ?        S<    2012   0:12 [ata/17]
root      1434  0.0  0.0      0     0 ?        S<    2012   0:00 [ata/18]
root      1435  0.0  0.0      0     0 ?        S<    2012   0:00 [ata/19]
root      1436  0.0  0.0      0     0 ?        S<    2012   0:00 [ata/20]
root      1437  0.0  0.0      0     0 ?        S<    2012   0:00 [ata/21]
root      1438  0.0  0.0      0     0 ?        S<    2012   0:03 [ata/22]
root      1439  0.0  0.0      0     0 ?        S<    2012   0:00 [ata/23]
root      1440  0.0  0.0      0     0 ?        S<    2012   0:00 [ata_aux]
root      1466  0.0  0.0      0     0 ?        S<    2012 135:26 [scsi_eh_0]
root      1467  0.0  0.0      0     0 ?        S<    2012   0:00 [scsi_eh_1]
root      1643  0.0  0.0      0     0 ?        S<    2012   0:00 [kstriped]
root      1744  0.0  0.0      0     0 ?        S<    2012  22:09 [kjournald]
root      1768  0.0  0.0      0     0 ?        S<    2012   0:14 [kauditd]
root      1799  0.0  0.0  13040  1208 ?        S<s   2012   0:00 /sbin/udevd -d
root      2669  0.0  0.0      0     0 ?        S<    2012   0:04 [unm]
root      4058  0.0  0.0      0     0 ?        S<    2012   0:00 [kmpathd/0]
root      4059  0.0  0.0      0     0 ?        S<    2012   0:00 [kmpathd/1]
root      4060  0.0  0.0      0     0 ?        S<    2012   0:00 [kmpathd/2]
root      4061  0.0  0.0      0     0 ?        S<    2012   0:00 [kmpathd/3]
root      4062  0.0  0.0      0     0 ?        S<    2012   0:00 [kmpathd/4]
root      4063  0.0  0.0      0     0 ?        S<    2012   0:00 [kmpathd/5]
root      4064  0.0  0.0      0     0 ?        S<    2012   0:00 [kmpathd/6]
root      4065  0.0  0.0      0     0 ?        S<    2012   0:00 [kmpathd/7]
root      4066  0.0  0.0      0     0 ?        S<    2012   0:00 [kmpathd/8]
root      4067  0.0  0.0      0     0 ?        S<    2012   0:00 [kmpathd/9]
root      4068  0.0  0.0      0     0 ?        S<    2012   0:00 [kmpathd/10]
root      4069  0.0  0.0      0     0 ?        S<    2012   0:00 [kmpathd/11]
root      4070  0.0  0.0      0     0 ?        S<    2012   0:00 [kmpathd/12]
root      4071  0.0  0.0      0     0 ?        S<    2012   0:00 [kmpathd/13]
root      4072  0.0  0.0      0     0 ?        S<    2012   0:00 [kmpathd/14]
root      4073  0.0  0.0      0     0 ?        S<    2012   0:00 [kmpathd/15]
root      4074  0.0  0.0      0     0 ?        S<    2012   0:00 [kmpathd/16]
root      4075  0.0  0.0      0     0 ?        S<    2012   0:00 [kmpathd/17]
root      4076  0.0  0.0      0     0 ?        S<    2012   0:00 [kmpathd/18]
root      4077  0.0  0.0      0     0 ?        S<    2012   0:00 [kmpathd/19]
root      4078  0.0  0.0      0     0 ?        S<    2012   0:00 [kmpathd/20]
root      4079  0.0  0.0      0     0 ?        S<    2012   0:00 [kmpathd/21]
root      4080  0.0  0.0      0     0 ?        S<    2012   0:00 [kmpathd/22]
root      4081  0.0  0.0      0     0 ?        S<    2012   0:00 [kmpathd/23]
root      4082  0.0  0.0      0     0 ?        S<    2012   0:00 [kmpath_handlerd]
root      4132  0.0  0.0      0     0 ?        S<    2012  32:04 [kjournald]
root      4134  0.0  0.0      0     0 ?        S<    2012   2:55 [kjournald]
root      4579  0.0  0.0      0     0 ?        S<    2012   0:01 [bond0]
root      5507  0.0  0.0  92860   912 ?        S<sl  2012   2:03 auditd
root      5509  0.0  0.0 147336   952 ?        S<sl  2012   0:47 /sbin/audispd
root      5531  0.0  0.0   5908   656 ?        Ss    2012   0:13 syslogd -m 0
root      5534  0.0  0.0   3804   428 ?        Ss    2012   0:00 klogd -x
root      5816  0.0  0.0  10760   380 ?        Ss    2012  47:21 irqbalance
rpc       5827  0.0  0.0   8052   576 ?        Ss    2012   0:00 portmap
root      5876  0.0  0.0      0     0 ?        S<    2012   0:00 [rpciod/0]
root      5877  0.0  0.0      0     0 ?        S<    2012   0:00 [rpciod/1]
root      5878  0.0  0.0      0     0 ?        S<    2012   0:00 [rpciod/2]
root      5879  0.0  0.0      0     0 ?        S<    2012   0:00 [rpciod/3]
root      5880  0.0  0.0      0     0 ?        S<    2012   0:00 [rpciod/4]
root      5881  0.0  0.0      0     0 ?        S<    2012   0:00 [rpciod/5]
root      5882  0.0  0.0      0     0 ?        S<    2012   0:00 [rpciod/6]
root      5883  0.0  0.0      0     0 ?        S<    2012   0:00 [rpciod/7]
root      5884  0.0  0.0      0     0 ?        S<    2012   0:00 [rpciod/8]
root      5885  0.0  0.0      0     0 ?        S<    2012   0:00 [rpciod/9]
root      5886  0.0  0.0      0     0 ?        S<    2012   0:00 [rpciod/10]
root      5887  0.0  0.0      0     0 ?        S<    2012   0:00 [rpciod/11]
root      5888  0.0  0.0      0     0 ?        S<    2012   0:00 [rpciod/12]
root      5889  0.0  0.0      0     0 ?        S<    2012   0:00 [rpciod/13]
root      5890  0.0  0.0      0     0 ?        S<    2012   0:00 [rpciod/14]
root      5891  0.0  0.0      0     0 ?        S<    2012   0:00 [rpciod/15]
root      5892  0.0  0.0      0     0 ?        S<    2012   0:00 [rpciod/16]
root      5893  0.0  0.0      0     0 ?        S<    2012   0:00 [rpciod/17]
root      5894  0.0  0.0      0     0 ?        S<    2012   0:00 [rpciod/18]
root      5895  0.0  0.0      0     0 ?        S<    2012   0:00 [rpciod/19]
root      5896  0.0  0.0      0     0 ?        S<    2012   0:00 [rpciod/20]
root      5897  0.0  0.0      0     0 ?        S<    2012   0:00 [rpciod/21]
root      5898  0.0  0.0      0     0 ?        S<    2012   0:00 [rpciod/22]
root      5899  0.0  0.0      0     0 ?        S<    2012   0:00 [rpciod/23]
root      5928  0.0  0.0  10160   796 ?        Ss    2012   0:00 rpc.statd
root      5952  0.0  0.0  55180   764 ?        Ss    2012   0:00 rpc.idmapd
dbus      6022  0.0  0.0  21480  1192 ?        Ss    2012   4:42 dbus-daemon --system
root      6037  0.0  0.0  10432   812 ?        Ss    2012   0:00 /usr/sbin/hcid
root      6041  0.0  0.0   5936   540 ?        Ss    2012   0:00 /usr/sbin/sdpd
root      6132  0.0  0.0      0     0 ?        S<    2012   0:00 [krfcommd]
root      6168  0.0  0.0  41660  1424 ?        Ssl   2012   0:44 pcscd
root      6178  0.0  0.0   3800   572 ?        Ss    2012   0:00 /usr/sbin/acpid
68        6187  0.0  0.0  31672  4600 ?        Ss    2012   2:28 hald
root      6188  0.0  0.0  21692  1060 ?        S     2012   0:00 hald-runner
68        6196  0.0  0.0  12324   844 ?        S     2012   0:00 hald-addon-acpi: listening on acpid socket /var/run/acpid.socket
68        6202  0.0  0.0  12324   840 ?        S     2012   0:00 hald-addon-keyboard: listening on /dev/input/event0
root      6211  0.0  0.0  10228   680 ?        S     2012 107:53 hald-addon-storage: polling /dev/scd0
root      6253  0.0  0.0   8516   480 ?        Ss    2012   0:00 /usr/bin/hidd --server
root      6296  0.0  0.0 121984  1532 ?        Ssl   2012   4:02 automount
root      6313  0.0  0.0  26324   516 ?        Ss    2012   0:00 ./hpiod
root      6318  0.0  0.0 165900  6812 ?        S     2012   0:04 python ./hpssd.py
root      6331  0.0  0.0  62608  1212 ?        Ss    2012   0:00 /usr/sbin/sshd
root      6340  0.0  0.0 133512  3096 ?        Ss    2012   2:00 cupsd
root      6354  0.0  0.0  21644   896 ?        Ss    2012   0:02 xinetd -stayalive -pidfile /var/run/xinetd.pid
root      6391  0.0  0.0  66940  2348 ?        Ss    2012   0:14 sendmail: accepting connections
smmsp     6400  0.0  0.0  58316  1768 ?        Ss    2012   0:00 sendmail: Queue runner@01:00:00 for /var/spool/clientmqueue
root      6423  0.0  0.0   6452   376 ?        Ss    2012   0:10 gpm -m /dev/input/mice -t exps2
root      6495  0.0  0.0 128532  7292 ?        Ss    2012   0:17 /opt/hp/hpsmh/sbin/hpsmhd -DSSL -f /opt/hp/hpsmh/conf/smhpd.conf
root      6497  0.0  0.0  24728   728 ?        S     2012   0:00 /opt/hp/hpsmh/bin/rotatelogs /var/spool/opt/hp/hpsmh/logs/error_log 5M
root      6498  0.0  0.0  24728   724 ?        S     2012   0:00 /opt/hp/hpsmh/bin/rotatelogs /var/spool/opt/hp/hpsmh/logs/access_log 5M
root      6506  0.0  0.0  74788  1156 ?        Ss    2012   0:05 crond
hpsmh     6525  0.0  0.0 128532  4912 ?        S     2012   0:02 /opt/hp/hpsmh/sbin/hpsmhd -DSSL -f /opt/hp/hpsmh/conf/smhpd.conf
hpsmh     6526  0.0  0.0 128532  4888 ?        S     2012   0:00 /opt/hp/hpsmh/sbin/hpsmhd -DSSL -f /opt/hp/hpsmh/conf/smhpd.conf
hpsmh     6527  0.0  0.0 128532  4888 ?        S     2012   0:00 /opt/hp/hpsmh/sbin/hpsmhd -DSSL -f /opt/hp/hpsmh/conf/smhpd.conf
hpsmh     6528  0.0  0.0 128532  4888 ?        S     2012   0:00 /opt/hp/hpsmh/sbin/hpsmhd -DSSL -f /opt/hp/hpsmh/conf/smhpd.conf
hpsmh     6529  0.0  0.0 128532  4888 ?        S     2012   0:00 /opt/hp/hpsmh/sbin/hpsmhd -DSSL -f /opt/hp/hpsmh/conf/smhpd.conf
root      6530  0.0  0.0  20800  1784 ?        Ss    2012   0:00 /opt/OV/lbin/xpl/trc/ovtrcd
xfs       6562  0.0  0.0  21044  1852 ?        Ss    2012   0:00 xfs -droppriv -daemon
root      6626  0.0  0.0 170672  1392 ?        Ssl   2012   8:17 hpasmlited -f /dev/hpilo
root      6819  0.0  0.0   3784   464 ?        Ss    2012   0:15 /opt/hp/hp-health/bin/hp-asrd -p 1 -t 600
root      6839  0.0  0.0  18732   460 ?        Ss    2012   0:00 /usr/sbin/atd
avahi     6916  0.0  0.0  23280  1364 ?        Ss    2012   0:03 avahi-daemon: running [byavc02.local]
avahi     6917  0.0  0.0  23148   332 ?        Ss    2012   0:00 avahi-daemon: chroot helper
root      7010  0.0  0.0   8344   688 ?        Ss    2012   0:00 /opt/perf/bin/ttd
root      7018  0.0  0.0  17464  6132 ?        Sl    2012   0:00 /opt/hp/vcagent/bin/vcagentd
root      7037  1.7  0.0  31616  6536 ?        S<s   2012 7416:51 /opt/perf/bin/scopeux
root      7045  0.0  0.0   7276   952 ?        S<s   2012   0:03 /opt/perf/bin/midaemon
root      7077  0.0  0.0  44268   644 ?        Ss    2012   0:00 /usr/sbin/vsftpd /etc/vsftpd/vsftpd.conf
root      7113  0.0  0.0  96492 10652 ?        Ss    2012   7:35 /opt/perf/bin/perfalarm
root      7116  0.0  0.0 121380  6660 ?        Ssl   2012   1:05 /opt/OV/bin/ovcd
root      7124  0.0  0.0 102024  5552 ?        Sl    2012   0:00 /opt/OV/bin/ovbbccb -nodaemon
root      7143  0.0  0.0 141340 19388 ?        Sl    2012   0:23 /opt/OV/lbin/perf/coda
root      7165  0.0  0.0  18416   468 ?        S     2012   0:00 /usr/sbin/smartd -q never
root      7170  0.0  0.0   3792   484 tty1     Ss+   2012   0:00 /sbin/mingetty tty1
root      7171  0.0  0.0   3792   480 tty2     Ss+   2012   0:00 /sbin/mingetty tty2
root      7172  0.0  0.0   3792   484 tty3     Ss+   2012   0:00 /sbin/mingetty tty3
root      7173  0.0  0.0   3792   480 tty4     Ss+   2012   0:00 /sbin/mingetty tty4
root      7174  0.0  0.0   3792   480 tty5     Ss+   2012   0:00 /sbin/mingetty tty5
root      7175  0.0  0.0   3792   480 tty6     Ss+   2012   0:00 /sbin/mingetty tty6
root      7177  0.0  0.0 169896  2760 ?        Ss    2012   0:00 /usr/sbin/gdm-binary -nodaemon
root      7238  0.0  0.0 268900 21332 ?        SN    2012   0:18 /usr/bin/python -tt /usr/sbin/yum-updatesd
root      7275  0.0  0.0  12916  1076 ?        SN    2012   0:05 /usr/libexec/gam_server
root      7276  0.0  0.0 197120  3080 ?        S     2012   0:00 /usr/sbin/gdm-binary -nodaemon
root      7278  0.0  0.0 189792  4120 ?        Sl    2012   1:13 /usr/libexec/gdm-rh-security-token-helper
root      9732  0.0  0.0      0     0 ?        S     2012  64:05 [pdflush]
ntp      11463  0.0  0.0  19192  4892 ?        SLs   2012   0:35 ntpd -u ntp:ntp -p /var/run/ntpd.pid
root     14814  0.0  0.0 210188  7896 ?        SN   Jun26   0:00 proc_watchd
ems      14817  0.0  0.0 286092 13912 ?        SN   Jun26  27:59 almd_server_rep
ems      14818  0.0  0.0 613632 17024 ?        SN   Jun26  32:57 alm_replica -mode r
ems      14819  1.0  0.4 607016 156448 ?       SN   Jun26 1158:50 SCADA_Rep -mode r
ems      14836  0.0  4.9 1859500 1635492 ?     SN   Jun26   0:50 rdbmon
root     14838  0.3  0.0 213128  8252 ?        SN   Jun26 349:30 netmond -s 3600
ems      14840  0.1  0.5 717928 178876 ?       SN   Jun26 137:09 ssrd
root     24821  0.0  0.0  50036  1292 ?        Ss   Jun20   0:00 in.rlogind
root     24822  0.0  0.0  52108  1420 ?        Ss   Jun20   0:00 login -- ems             
ems      24823  0.0  0.0  68268  1596 pts/1    Ss+  Jun20   0:00 -bash
root     25679  0.0  0.0 104220  1564 ?        S    16:55   0:00 crond
root     25681  0.0  0.0   8700   948 ?        Ss   16:55   0:00 /bin/sh -c /home/nms/collection.sh >/dev/null
root     25682  0.0  0.0   8704   996 ?        S    16:55   0:00 /bin/sh /home/nms/collection.sh
root     25692  0.0  0.0  10460   868 ?        R    16:55   0:00 ps aux
root     29393  0.1  0.0 137508  7460 ?        SN   Jun21 235:52 /df8003/bin/applogd
root     29394  0.0  0.0 137380  7320 ?        SN   Jun21  48:33 /df8003/bin/netmd
root     29395  0.0  0.0 142224 11996 ?        SN   Jun21   0:00 /df8003/bin/dbmd
root     29397  0.3  0.0 157740 22536 ?        SN   Jun21 416:25 /df8003/bin/sysmd
root     29465  0.0  0.0 210680  8128 ?        SN   Jun21  13:19 /df8003/bin/procmd
root     30046  0.0  0.0  99936 13716 tty7     Ss+  Jun21   1:15 /usr/bin/Xorg :0 -br -audit 0 -auth /var/gdm/:0.Xauth -nolisten tcp vt7
ems      30532  0.0  0.0 245412  6480 ?        Ss   Jun21   0:00 /usr/bin/gnome-session
ems      30564  0.0  0.0      0     0 ?        Z    Jun21   0:00 [Xsession] <defunct>
ems      30568  0.0  0.0  53852   768 ?        Ss   Jun21   0:00 /usr/bin/ssh-agent /bin/sh -c exec -l /bin/bash -c "/usr/bin/dbus-launch --exit-with-session /etc/X11/xinit/Xclients"
ems      30593  0.0  0.0  15176   520 ?        S    Jun21   0:00 /usr/bin/dbus-launch --exit-with-session /etc/X11/xinit/Xclients
ems      30594  0.0  0.0  21388  1008 ?        Ss   Jun21   0:00 /bin/dbus-daemon --fork --print-pid 4 --print-address 6 --session
ems      30600  0.0  0.0  94616  4472 ?        S    Jun21   0:01 /usr/libexec/gconfd-2 5
ems      30603  0.0  0.0  12896   572 ?        S    Jun21   0:00 /usr/bin/gnome-keyring-daemon
ems      30605  0.0  0.0 268836  7780 ?        Sl   Jun21   0:00 /usr/libexec/gnome-settings-daemon
ems      30609  0.0  0.0 107440 12516 ?        Ss   Jun21   0:00 /usr/lib64/scim-1.0/scim-launcher -d -c simple -e all -f socket --no-stay
ems      30628  0.0  0.0 181456 11008 ?        Ss   Jun21   0:00 metacity --sm-client-id=default1
ems      30632  0.0  0.0  84616   632 ?        Ss   Jun21   0:00 /usr/lib64/scim-1.0/scim-helper-manager
ems      30633  0.0  0.0 198708  7184 ?        Ssl  Jun21   0:02 /usr/lib64/scim-1.0/scim-panel-gtk --display :0.0 -c socket -d --no-stay
ems      30635  0.0  0.0  90036   980 ?        Ss   Jun21   0:07 /usr/lib64/scim-1.0/scim-launcher -d -c socket -e socket -f x11
ems      30637  0.0  0.0 303348 16052 ?        Ss   Jun21   0:00 gnome-panel --sm-client-id default2
ems      30639  0.0  0.0 453504 20196 ?        Ss   Jun21   0:00 nautilus --no-default-window --sm-client-id default3
ems      30642  0.0  0.0 230300  4560 ?        Ss   Jun21   0:00 gnome-volume-manager --sm-client-id default5
ems      30644  0.0  0.0 262700  3188 ?        Ssl  Jun21   0:00 /usr/libexec/bonobo-activation-server --ac-activate --ior-output-fd=16
ems      30647  0.0  0.0 263420  7664 ?        Ss   Jun21   0:00 eggcups --sm-client-id default4
ems      30657  0.0  0.0 154176  4724 ?        Ss   Jun21   0:00 bt-applet --sm-disable
ems      30662  0.0  0.0 232932 10076 ?        Ss   Jun21   0:01 nm-applet --sm-disable
ems      30666  0.0  0.0 359988 31172 ?        Ss   Jun21   0:02 /usr/bin/python -tt /usr/bin/puplet
ems      30673  0.0  0.0  72368  2668 ?        Sl   Jun21   0:05 ./escd --key_Inserted="/usr/bin/esc" --on_Signal="/usr/bin/esc"
ems      30675  0.0  0.0 149436  3412 ?        S    Jun21   0:00 /usr/libexec/gnome-vfs-daemon
ems      30679  0.0  0.0 154912  4388 ?        Ss   Jun21   0:00 pam-panel-icon --sm-client-id default0
root     30680  0.0  0.0  12184   688 ?        S    Jun21   0:00 /sbin/pam_timestamp_check -d root
ems      30681  0.0  0.0 267428  6448 ?        Ss   Jun21   2:12 gnome-power-manager
root     30685  0.0  0.0  57860  3288 ?        S    Jun21   0:00 /usr/sbin/nm-system-settings --config /etc/NetworkManager/nm-system-settings.conf
ems      30699  0.0  0.0  13016  1176 ?        S    Jun21   0:01 /usr/libexec/gam_server
ems      30701  0.0  0.0 429284  8440 ?        S    Jun21   0:00 /usr/libexec/trashapplet --oaf-activate-iid=OAFIID:GNOME_Panel_TrashApplet_Factory --oaf-ior-fd=19
ems      30703  0.0  0.0 293684 13636 ?        S    Jun21   0:00 /usr/libexec/wnck-applet --oaf-activate-iid=OAFIID:GNOME_Wncklet_Factory --oaf-ior-fd=22
ems      30716  0.0  0.0  12820   860 ?        S    Jun21   0:00 /usr/libexec/mapping-daemon
ems      30721  0.0  0.0 241156  7008 ?        S    Jun21   0:00 /usr/libexec/notification-area-applet --oaf-activate-iid=OAFIID:GNOME_NotificationAreaApplet_Factory --oaf-ior-fd=20
ems      30723  0.0  0.0 304360 13804 ?        S    Jun21   0:00 /usr/libexec/mixer_applet2 --oaf-activate-iid=OAFIID:GNOME_MixerApplet_Factory --oaf-ior-fd=29
ems      30725  0.0  0.0 297616 11876 ?        S    Jun21   0:54 /usr/libexec/clock-applet --oaf-activate-iid=OAFIID:GNOME_ClockApplet_Factory --oaf-ior-fd=36
ems      30735  0.0  0.0 315592 17916 ?        Sl   Jun21   0:02 gnome-terminal
ems      30739  0.0  0.0  78524  1020 ?        S    Jun21  30:19 scim-bridge
ems      30740  0.0  0.0  14864   716 ?        S    Jun21   0:00 gnome-pty-helper
ems      30741  0.0  0.0  68268  1552 pts/3    Ss+  Jun21   0:00 bash
ems      30806  0.0  0.0 183132  3780 ?        Ss   Jun21   0:00 gnome-screensaver
cmdbegin:mac
1: lo: <LOOPBACK,UP,LOWER_UP> mtu 16436 qdisc noqueue 
    link/loopback 00:00:00:00:00:00 brd 00:00:00:00:00:00
    inet 127.0.0.1/8 scope host lo
    inet6 ::1/128 scope host 
       valid_lft forever preferred_lft forever
2: eth2: <BROADCAST,MULTICAST,SLAVE,UP,LOWER_UP> mtu 1500 qdisc pfifo_fast master bond0 qlen 1000
    link/ether 00:26:55:ee:49:1e brd ff:ff:ff:ff:ff:ff
3: eth3: <BROADCAST,MULTICAST> mtu 1500 qdisc pfifo_fast qlen 1000
    link/ether e8:39:35:be:8e:69 brd ff:ff:ff:ff:ff:ff
4: eth4: <BROADCAST,MULTICAST> mtu 1500 qdisc pfifo_fast qlen 1000
    link/ether e8:39:35:be:8e:6a brd ff:ff:ff:ff:ff:ff
5: eth5: <BROADCAST,MULTICAST> mtu 1500 qdisc pfifo_fast qlen 1000
    link/ether e8:39:35:be:8e:6b brd ff:ff:ff:ff:ff:ff
6: eth0: <BROADCAST,MULTICAST,SLAVE,UP,LOWER_UP> mtu 1500 qdisc pfifo_fast master bond0 qlen 1000
    link/ether 00:26:55:ee:49:1e brd ff:ff:ff:ff:ff:ff
7: eth1: <BROADCAST,MULTICAST> mtu 1500 qdisc pfifo_fast qlen 1000
    link/ether 00:26:55:ee:49:1f brd ff:ff:ff:ff:ff:ff
8: sit0: <NOARP> mtu 1480 qdisc noop 
    link/sit 0.0.0.0 brd 0.0.0.0
9: bond0: <BROADCAST,MULTICAST,MASTER,UP,LOWER_UP> mtu 1500 qdisc noqueue 
    link/ether 00:26:55:ee:49:1e brd ff:ff:ff:ff:ff:ff
    inet 192.168.10.20/24 brd 192.168.10.255 scope global bond0
    inet6 fe80::226:55ff:feee:491e/64 scope link 
       valid_lft forever preferred_lft forever
cmdbegin:interface
Linux 2.6.18-194.el5 (byavc02) 	09/13/13 	_x86_64_	(24 CPU)

16:55:07        IFACE   rxpck/s   txpck/s    rxkB/s    txkB/s   rxcmp/s   txcmp/s  rxmcst/s
16:55:08           lo      7.92      7.92      6.74      6.74      0.00      0.00      0.00
16:55:08         eth2     92.08      0.00     56.45      0.00      0.00      0.00      0.00
16:55:08         eth3      0.00      0.00      0.00      0.00      0.00      0.00      0.00
16:55:08         eth4      0.00      0.00      0.00      0.00      0.00      0.00      0.00
16:55:08         eth5      0.00      0.00      0.00      0.00      0.00      0.00      0.00
16:55:08         eth0     99.01      1.98     58.77      0.62      0.00      0.00      0.00
16:55:08         eth1      0.00      0.00      0.00      0.00      0.00      0.00      0.00
16:55:08         sit0      0.00      0.00      0.00      0.00      0.00      0.00      0.00
16:55:08        bond0    191.09      1.98    115.21      0.62      0.00      0.00      0.00

16:55:08        IFACE   rxpck/s   txpck/s    rxkB/s    txkB/s   rxcmp/s   txcmp/s  rxmcst/s
16:55:09           lo     10.00     10.00      2.08      2.08      0.00      0.00      0.00
16:55:09         eth2     77.00      0.00     36.57      0.00      0.00      0.00      0.00
16:55:09         eth3      0.00      0.00      0.00      0.00      0.00      0.00      0.00
16:55:09         eth4      0.00      0.00      0.00      0.00      0.00      0.00      0.00
16:55:09         eth5      0.00      0.00      0.00      0.00      0.00      0.00      0.00
16:55:09         eth0     89.00      5.00     39.88      0.63      0.00      0.00     15.00
16:55:09         eth1      0.00      0.00      0.00      0.00      0.00      0.00      0.00
16:55:09         sit0      0.00      0.00      0.00      0.00      0.00      0.00      0.00
16:55:09        bond0    166.00      5.00     76.45      0.63      0.00      0.00     15.00

16:55:09        IFACE   rxpck/s   txpck/s    rxkB/s    txkB/s   rxcmp/s   txcmp/s  rxmcst/s
16:55:10           lo      8.00      8.00      1.66      1.66      0.00      0.00      0.00
16:55:10         eth2    101.00      0.00     68.88      0.00      0.00      0.00      0.00
16:55:10         eth3      0.00      0.00      0.00      0.00      0.00      0.00      0.00
16:55:10         eth4      0.00      0.00      0.00      0.00      0.00      0.00      0.00
16:55:10         eth5      0.00      0.00      0.00      0.00      0.00      0.00      0.00
16:55:10         eth0    109.00      0.00     71.46      0.00      0.00      0.00      0.00
16:55:10         eth1      0.00      0.00      0.00      0.00      0.00      0.00      0.00
16:55:10         sit0      0.00      0.00      0.00      0.00      0.00      0.00      0.00
16:55:10        bond0    210.00      0.00    140.33      0.00      0.00      0.00      0.00

Average:        IFACE   rxpck/s   txpck/s    rxkB/s    txkB/s   rxcmp/s   txcmp/s  rxmcst/s
Average:           lo      8.64      8.64      3.50      3.50      0.00      0.00      0.00
Average:         eth2     90.03      0.00     53.97      0.00      0.00      0.00      0.00
Average:         eth3      0.00      0.00      0.00      0.00      0.00      0.00      0.00
Average:         eth4      0.00      0.00      0.00      0.00      0.00      0.00      0.00
Average:         eth5      0.00      0.00      0.00      0.00      0.00      0.00      0.00
Average:         eth0     99.00      2.33     56.71      0.42      0.00      0.00      4.98
Average:         eth1      0.00      0.00      0.00      0.00      0.00      0.00      0.00
Average:         sit0      0.00      0.00      0.00      0.00      0.00      0.00      0.00
Average:        bond0    189.04      2.33    110.68      0.42      0.00      0.00      4.98
cmdbegin:uname
Linux byavc02
cmdbegin:usergroup
root:x:0:root
bin:x:1:root,bin,daemon
daemon:x:2:root,bin,daemon
sys:x:3:root,bin,adm
adm:x:4:root,adm,daemon
tty:x:5:
disk:x:6:root
lp:x:7:daemon,lp
mem:x:8:
kmem:x:9:
wheel:x:10:root
mail:x:12:mail
news:x:13:news
uucp:x:14:uucp
man:x:15:
games:x:20:
gopher:x:30:
dip:x:40:
ftp:x:50:
lock:x:54:
nobody:x:99:
users:x:100:
nscd:x:28:
floppy:x:19:
vcsa:x:69:
audio:x:63:gdm
utmp:x:22:
rpc:x:32:
mailnull:x:47:
smmsp:x:51:
pcap:x:77:
utempter:x:35:
slocate:x:21:
ntp:x:38:
sshd:x:74:
rpcuser:x:29:
nfsnobody:x:4294967294:
dbus:x:81:
avahi:x:70:
haldaemon:x:68:
avahi-autoipd:x:101:
distcache:x:94:
apache:x:48:
webalizer:x:67:
squid:x:23:
oprofile:x:16:
xfs:x:43:
gdm:x:42:
sabayon:x:86:
stapdev:x:102:
stapusr:x:103:
screen:x:84:
df8003:x:500:
dfdz:x:501:
dba:x:502:
hpsmh:x:503:
cmdbegin:user
root:x:0:0:root:/root:/bin/bash
bin:x:1:1:bin:/bin:/sbin/nologin
daemon:x:2:2:daemon:/sbin:/sbin/nologin
adm:x:3:4:adm:/var/adm:/sbin/nologin
lp:x:4:7:lp:/var/spool/lpd:/sbin/nologin
sync:x:5:0:sync:/sbin:/bin/sync
shutdown:x:6:0:shutdown:/sbin:/sbin/shutdown
halt:x:7:0:halt:/sbin:/sbin/halt
mail:x:8:12:mail:/var/spool/mail:/sbin/nologin
news:x:9:13:news:/etc/news:
uucp:x:10:14:uucp:/var/spool/uucp:/sbin/nologin
operator:x:11:0:operator:/root:/sbin/nologin
games:x:12:100:games:/usr/games:/sbin/nologin
gopher:x:13:30:gopher:/var/gopher:/sbin/nologin
ftp:x:14:50:FTP User:/var/ftp:/sbin/nologin
nobody:x:99:99:Nobody:/:/sbin/nologin
nscd:x:28:28:NSCD Daemon:/:/sbin/nologin
vcsa:x:69:69:virtual console memory owner:/dev:/sbin/nologin
rpc:x:32:32:Portmapper RPC user:/:/sbin/nologin
mailnull:x:47:47::/var/spool/mqueue:/sbin/nologin
smmsp:x:51:51::/var/spool/mqueue:/sbin/nologin
pcap:x:77:77::/var/arpwatch:/sbin/nologin
ntp:x:38:38::/etc/ntp:/sbin/nologin
sshd:x:74:74:Privilege-separated SSH:/var/empty/sshd:/sbin/nologin
rpcuser:x:29:29:RPC Service User:/var/lib/nfs:/sbin/nologin
nfsnobody:x:4294967294:4294967294:Anonymous NFS User:/var/lib/nfs:/sbin/nologin
dbus:x:81:81:System message bus:/:/sbin/nologin
avahi:x:70:70:Avahi daemon:/:/sbin/nologin
haldaemon:x:68:68:HAL daemon:/:/sbin/nologin
avahi-autoipd:x:100:101:avahi-autoipd:/var/lib/avahi-autoipd:/sbin/nologin
distcache:x:94:94:Distcache:/:/sbin/nologin
apache:x:48:48:Apache:/var/www:/sbin/nologin
webalizer:x:67:67:Webalizer:/var/www/usage:/sbin/nologin
squid:x:23:23::/var/spool/squid:/sbin/nologin
oprofile:x:16:16:Special user account to be used by OProfile:/home/oprofile:/sbin/nologin
xfs:x:43:43:X Font Server:/etc/X11/fs:/sbin/nologin
gdm:x:42:42::/var/gdm:/sbin/nologin
sabayon:x:86:86:Sabayon user:/home/sabayon:/sbin/nologin
df8003:x:500:500:df8003:/home/df8003:/bin/bash
ems:x:115:501::/df8003/home:/bin/bash
oracle:x:501:502::/usr/local/oracle:/bin/bash
hpsmh:x:502:503::/opt/hp/hpsmh:/sbin/nologin
cmdbegin:date
Fri Sep 13 16:55:10 CST 2013
cmdbegin:uptime
 16:55:10 up 302 days, 23:01,  3 users,  load average: 0.16, 0.09, 0.08
cmdbegin:end
