cmdbegin:version
Linux version 2.6.18-194.el5 (mockbuild@x86-005.build.bos.redhat.com) (gcc version 4.1.2 20080704 (Red Hat 4.1.2-48)) #1 SMP Tue Mar 16 21:52:39 EDT 2010
cmdbegin:cpuconfig
processor	: 0
model name	: Intel(R) Xeon(R) CPU           E5620  @ 2.40GHz
cpu MHz		: 2400.151
cache size	: 12288 KB
processor	: 1
model name	: Intel(R) Xeon(R) CPU           E5620  @ 2.40GHz
cpu MHz		: 2400.151
cache size	: 12288 KB
processor	: 2
model name	: Intel(R) Xeon(R) CPU           E5620  @ 2.40GHz
cpu MHz		: 2400.151
cache size	: 12288 KB
processor	: 3
model name	: Intel(R) Xeon(R) CPU           E5620  @ 2.40GHz
cpu MHz		: 2400.151
cache size	: 12288 KB
processor	: 4
model name	: Intel(R) Xeon(R) CPU           E5620  @ 2.40GHz
cpu MHz		: 2400.151
cache size	: 12288 KB
processor	: 5
model name	: Intel(R) Xeon(R) CPU           E5620  @ 2.40GHz
cpu MHz		: 2400.151
cache size	: 12288 KB
processor	: 6
model name	: Intel(R) Xeon(R) CPU           E5620  @ 2.40GHz
cpu MHz		: 2400.151
cache size	: 12288 KB
processor	: 7
model name	: Intel(R) Xeon(R) CPU           E5620  @ 2.40GHz
cpu MHz		: 2400.151
cache size	: 12288 KB
processor	: 8
model name	: Intel(R) Xeon(R) CPU           E5620  @ 2.40GHz
cpu MHz		: 2400.151
cache size	: 12288 KB
processor	: 9
model name	: Intel(R) Xeon(R) CPU           E5620  @ 2.40GHz
cpu MHz		: 2400.151
cache size	: 12288 KB
processor	: 10
model name	: Intel(R) Xeon(R) CPU           E5620  @ 2.40GHz
cpu MHz		: 2400.151
cache size	: 12288 KB
processor	: 11
model name	: Intel(R) Xeon(R) CPU           E5620  @ 2.40GHz
cpu MHz		: 2400.151
cache size	: 12288 KB
processor	: 12
model name	: Intel(R) Xeon(R) CPU           E5620  @ 2.40GHz
cpu MHz		: 2400.151
cache size	: 12288 KB
processor	: 13
model name	: Intel(R) Xeon(R) CPU           E5620  @ 2.40GHz
cpu MHz		: 2400.151
cache size	: 12288 KB
processor	: 14
model name	: Intel(R) Xeon(R) CPU           E5620  @ 2.40GHz
cpu MHz		: 2400.151
cache size	: 12288 KB
processor	: 15
model name	: Intel(R) Xeon(R) CPU           E5620  @ 2.40GHz
cpu MHz		: 2400.151
cache size	: 12288 KB
cmdbegin:disk
Filesystem           1K-blocks      Used Available Use% Mounted on
/dev/cciss/c0d0p1     20315812   1214504  18052668   7% /
/dev/cciss/c0d0p5     57578808  32866352  21740436  61% /df8003
/dev/cciss/c0d0p2     40631988   7175064  31359640  19% /usr
tmpfs                  4080312         0   4080312   0% /dev/shm
cmdbegin:diskperf
Linux 2.6.18-194.el5 (dwdd11) 	09/13/13

16:50:01          DEV       tps  rd_sec/s  wr_sec/s  avgrq-sz  avgqu-sz     await     svctm     %util
16:50:02     dev104-0     14.00      0.00    464.00     33.14      0.13     11.14      6.29      8.80
16:50:02     dev104-1     14.00      0.00    464.00     33.14      0.13     11.14      6.29      8.80
16:50:02     dev104-2      0.00      0.00      0.00      0.00      0.00      0.00      0.00      0.00
16:50:02     dev104-3      0.00      0.00      0.00      0.00      0.00      0.00      0.00      0.00
16:50:02     dev104-4      0.00      0.00      0.00      0.00      0.00      0.00      0.00      0.00
16:50:02     dev104-5      0.00      0.00      0.00      0.00      0.00      0.00      0.00      0.00

16:50:02          DEV       tps  rd_sec/s  wr_sec/s  avgrq-sz  avgqu-sz     await     svctm     %util
16:50:03     dev104-0      0.99      0.00     15.84     16.00      0.02     17.00     17.00      1.68
16:50:03     dev104-1      0.00      0.00      0.00      0.00      0.00      0.00      0.00      0.00
16:50:03     dev104-2      0.00      0.00      0.00      0.00      0.00      0.00      0.00      0.00
16:50:03     dev104-3      0.00      0.00      0.00      0.00      0.00      0.00      0.00      0.00
16:50:03     dev104-4      0.00      0.00      0.00      0.00      0.00      0.00      0.00      0.00
16:50:03     dev104-5      0.99      0.00     15.84     16.00      0.02     17.00     17.00      1.68

16:50:03          DEV       tps  rd_sec/s  wr_sec/s  avgrq-sz  avgqu-sz     await     svctm     %util
16:50:04     dev104-0      8.00      0.00    224.00     28.00      0.13     16.38      5.50      4.40
16:50:04     dev104-1      0.00      0.00      0.00      0.00      0.00      0.00      0.00      0.00
16:50:04     dev104-2      0.00      0.00      0.00      0.00      0.00      0.00      0.00      0.00
16:50:04     dev104-3      0.00      0.00      0.00      0.00      0.00      0.00      0.00      0.00
16:50:04     dev104-4      0.00      0.00      0.00      0.00      0.00      0.00      0.00      0.00
16:50:04     dev104-5      8.00      0.00    224.00     28.00      0.13     16.38      5.50      4.40

Average:          DEV       tps  rd_sec/s  wr_sec/s  avgrq-sz  avgqu-sz     await     svctm     %util
Average:     dev104-0      7.64      0.00    233.89     30.61      0.09     13.22      6.48      4.95
Average:     dev104-1      4.65      0.00    154.15     33.14      0.04     11.14      6.29      2.92
Average:     dev104-2      0.00      0.00      0.00      0.00      0.00      0.00      0.00      0.00
Average:     dev104-3      0.00      0.00      0.00      0.00      0.00      0.00      0.00      0.00
Average:     dev104-4      0.00      0.00      0.00      0.00      0.00      0.00      0.00      0.00
Average:     dev104-5      2.99      0.00     79.73     26.67      0.05     16.44      6.78      2.03
cmdbegin:cpu
Linux 2.6.18-194.el5 (dwdd11) 	09/13/13

16:50:04          CPU     %user     %nice   %system   %iowait    %steal     %idle
16:50:05          all      0.25      0.25      0.06      0.00      0.00     99.44
16:50:06          all      0.06      0.12      0.12      0.19      0.00     99.50
16:50:07          all      0.06      0.00      0.12      0.12      0.00     99.69
Average:          all      0.12      0.12      0.10      0.10      0.00     99.54
cmdbegin:memory
             total       used       free     shared    buffers     cached
Mem:       8160624    7421104     739520          0     516760    4310784
-/+ buffers/cache:    2593560    5567064
Swap:     20972848     365720   20607128
cmdbegin:process
USER       PID %CPU %MEM    VSZ   RSS TTY      STAT START   TIME COMMAND
root         1  0.0  0.0  10348   340 ?        Ss    2012   0:19 init [5]                              
root         2  0.0  0.0      0     0 ?        S<    2012   0:04 [migration/0]
root         3  0.0  0.0      0     0 ?        SN    2012   0:00 [ksoftirqd/0]
root         4  0.0  0.0      0     0 ?        S<    2012   0:00 [watchdog/0]
root         5  0.0  0.0      0     0 ?        S<    2012   0:04 [migration/1]
root         6  0.0  0.0      0     0 ?        SN    2012   0:00 [ksoftirqd/1]
root         7  0.0  0.0      0     0 ?        S<    2012   0:00 [watchdog/1]
root         8  0.0  0.0      0     0 ?        S<    2012   0:00 [migration/2]
root         9  0.0  0.0      0     0 ?        SN    2012   0:00 [ksoftirqd/2]
root        10  0.0  0.0      0     0 ?        S<    2012   0:00 [watchdog/2]
root        11  0.0  0.0      0     0 ?        S<    2012   0:00 [migration/3]
root        12  0.0  0.0      0     0 ?        SN    2012   0:00 [ksoftirqd/3]
root        13  0.0  0.0      0     0 ?        S<    2012   0:00 [watchdog/3]
root        14  0.0  0.0      0     0 ?        S<    2012   0:00 [migration/4]
root        15  0.0  0.0      0     0 ?        SN    2012   0:00 [ksoftirqd/4]
root        16  0.0  0.0      0     0 ?        S<    2012   0:00 [watchdog/4]
root        17  0.0  0.0      0     0 ?        S<    2012   0:00 [migration/5]
root        18  0.0  0.0      0     0 ?        SN    2012   0:00 [ksoftirqd/5]
root        19  0.0  0.0      0     0 ?        S<    2012   0:00 [watchdog/5]
root        20  0.0  0.0      0     0 ?        S<    2012   0:00 [migration/6]
root        21  0.0  0.0      0     0 ?        SN    2012   0:00 [ksoftirqd/6]
root        22  0.0  0.0      0     0 ?        S<    2012   0:00 [watchdog/6]
root        23  0.0  0.0      0     0 ?        S<    2012   0:00 [migration/7]
root        24  0.0  0.0      0     0 ?        SN    2012   0:00 [ksoftirqd/7]
root        25  0.0  0.0      0     0 ?        S<    2012   0:00 [watchdog/7]
root        26  0.0  0.0      0     0 ?        S<    2012   0:00 [migration/8]
root        27  0.0  0.0      0     0 ?        SN    2012   0:00 [ksoftirqd/8]
root        28  0.0  0.0      0     0 ?        S<    2012   0:00 [watchdog/8]
root        29  0.0  0.0      0     0 ?        S<    2012   0:02 [migration/9]
root        30  0.0  0.0      0     0 ?        SN    2012   0:01 [ksoftirqd/9]
root        31  0.0  0.0      0     0 ?        S<    2012   0:00 [watchdog/9]
root        32  0.0  0.0      0     0 ?        S<    2012   0:04 [migration/10]
root        33  0.0  0.0      0     0 ?        SN    2012   0:04 [ksoftirqd/10]
root        34  0.0  0.0      0     0 ?        S<    2012   0:00 [watchdog/10]
root        35  0.0  0.0      0     0 ?        S<    2012   0:01 [migration/11]
root        36  0.0  0.0      0     0 ?        SN    2012   0:01 [ksoftirqd/11]
root        37  0.0  0.0      0     0 ?        S<    2012   0:00 [watchdog/11]
root        38  0.0  0.0      0     0 ?        S<    2012   0:00 [migration/12]
root        39  0.0  0.0      0     0 ?        SN    2012   0:00 [ksoftirqd/12]
root        40  0.0  0.0      0     0 ?        S<    2012   0:00 [watchdog/12]
root        41  0.0  0.0      0     0 ?        S<    2012   0:01 [migration/13]
root        42  0.0  0.0      0     0 ?        SN    2012   0:02 [ksoftirqd/13]
root        43  0.0  0.0      0     0 ?        S<    2012   0:00 [watchdog/13]
root        44  0.0  0.0      0     0 ?        S<    2012   0:00 [migration/14]
root        45  0.0  0.0      0     0 ?        SN    2012   0:00 [ksoftirqd/14]
root        46  0.0  0.0      0     0 ?        S<    2012   0:00 [watchdog/14]
root        47  0.0  0.0      0     0 ?        S<    2012   0:01 [migration/15]
root        48  0.0  0.0      0     0 ?        SN    2012   0:01 [ksoftirqd/15]
root        49  0.0  0.0      0     0 ?        S<    2012   0:00 [watchdog/15]
root        50  0.0  0.0      0     0 ?        S<    2012   0:00 [events/0]
root        51  0.0  0.0      0     0 ?        S<    2012  19:29 [events/1]
root        52  0.0  0.0      0     0 ?        S<    2012  20:45 [events/2]
root        53  0.0  0.0      0     0 ?        S<    2012   0:01 [events/3]
root        54  0.0  0.0      0     0 ?        S<    2012   0:10 [events/4]
root        55  0.0  0.0      0     0 ?        S<    2012  24:21 [events/5]
root        56  0.0  0.0      0     0 ?        S<    2012   0:12 [events/6]
root        57  0.0  0.0      0     0 ?        S<    2012  27:21 [events/7]
root        58  0.0  0.0      0     0 ?        S<    2012   0:00 [events/8]
root        59  0.0  0.0      0     0 ?        S<    2012   0:00 [events/9]
root        60  0.0  0.0      0     0 ?        S<    2012   0:00 [events/10]
root        61  0.0  0.0      0     0 ?        S<    2012   0:00 [events/11]
root        62  0.0  0.0      0     0 ?        S<    2012   0:00 [events/12]
root        63  0.0  0.0      0     0 ?        S<    2012   0:00 [events/13]
root        64  0.0  0.0      0     0 ?        S<    2012   0:00 [events/14]
root        65  0.0  0.0      0     0 ?        S<    2012   0:00 [events/15]
root        66  0.0  0.0      0     0 ?        S<    2012   0:00 [khelper]
root       141  0.0  0.0      0     0 ?        S<    2012   0:00 [kthread]
root       161  0.0  0.0      0     0 ?        S<    2012   0:00 [kblockd/0]
root       162  0.0  0.0      0     0 ?        S<    2012   0:05 [kblockd/1]
root       163  0.0  0.0      0     0 ?        S<    2012   0:03 [kblockd/2]
root       164  0.0  0.0      0     0 ?        S<    2012   0:00 [kblockd/3]
root       165  0.0  0.0      0     0 ?        S<    2012   0:00 [kblockd/4]
root       166  0.0  0.0      0     0 ?        S<    2012   0:03 [kblockd/5]
root       167  0.0  0.0      0     0 ?        S<    2012   0:00 [kblockd/6]
root       168  0.0  0.0      0     0 ?        S<    2012   0:01 [kblockd/7]
root       169  0.0  0.0      0     0 ?        S<    2012   0:00 [kblockd/8]
root       170  0.0  0.0      0     0 ?        S<    2012   0:00 [kblockd/9]
root       171  0.0  0.0      0     0 ?        S<    2012   0:00 [kblockd/10]
root       172  0.0  0.0      0     0 ?        S<    2012   0:00 [kblockd/11]
root       173  0.0  0.0      0     0 ?        S<    2012   0:00 [kblockd/12]
root       174  0.0  0.0      0     0 ?        S<    2012   0:00 [kblockd/13]
root       175  0.0  0.0      0     0 ?        S<    2012   0:00 [kblockd/14]
root       176  0.0  0.0      0     0 ?        S<    2012   0:00 [kblockd/15]
root       177  0.0  0.0      0     0 ?        S<    2012   0:00 [kacpid]
root       329  0.0  0.0      0     0 ?        S<    2012   0:00 [cqueue/0]
root       330  0.0  0.0      0     0 ?        S<    2012   0:00 [cqueue/1]
root       331  0.0  0.0      0     0 ?        S<    2012   0:00 [cqueue/2]
root       332  0.0  0.0      0     0 ?        S<    2012   0:00 [cqueue/3]
root       333  0.0  0.0      0     0 ?        S<    2012   0:00 [cqueue/4]
root       334  0.0  0.0      0     0 ?        S<    2012   0:00 [cqueue/5]
root       335  0.0  0.0      0     0 ?        S<    2012   0:00 [cqueue/6]
root       336  0.0  0.0      0     0 ?        S<    2012   0:00 [cqueue/7]
root       337  0.0  0.0      0     0 ?        S<    2012   0:00 [cqueue/8]
root       338  0.0  0.0      0     0 ?        S<    2012   0:00 [cqueue/9]
root       339  0.0  0.0      0     0 ?        S<    2012   0:00 [cqueue/10]
root       340  0.0  0.0      0     0 ?        S<    2012   0:00 [cqueue/11]
root       341  0.0  0.0      0     0 ?        S<    2012   0:00 [cqueue/12]
root       342  0.0  0.0      0     0 ?        S<    2012   0:00 [cqueue/13]
root       343  0.0  0.0      0     0 ?        S<    2012   0:00 [cqueue/14]
root       344  0.0  0.0      0     0 ?        S<    2012   0:00 [cqueue/15]
root       347  0.0  0.0      0     0 ?        S<    2012   0:00 [khubd]
root       349  0.0  0.0      0     0 ?        S<    2012   0:00 [kseriod]
ems        524  0.0  0.2 377040 16416 ?        Sl   Jul09   2:25 gnome-terminal
ems        526  0.0  0.0 187124   900 ?        Ssl  Jul09   0:00 /usr/libexec/bonobo-activation-server --ac-activate --ior-output-fd=16
ems        530  0.0  0.0  14868   572 ?        S    Jul09   0:00 gnome-pty-helper
ems        531  0.0  0.0  68460  1232 pts/2    Ss+  Jul09   0:00 bash
root       538  0.0  0.0      0     0 ?        S     2012   0:00 [khungtaskd]
root       541  0.0  0.0      0     0 ?        S<    2012   3:14 [kswapd0]
root       542  0.0  0.0      0     0 ?        S<    2012   2:52 [kswapd1]
root       543  0.0  0.0      0     0 ?        S<    2012   0:00 [aio/0]
root       544  0.0  0.0      0     0 ?        S<    2012   0:00 [aio/1]
root       545  0.0  0.0      0     0 ?        S<    2012   0:00 [aio/2]
root       546  0.0  0.0      0     0 ?        S<    2012   0:00 [aio/3]
root       547  0.0  0.0      0     0 ?        S<    2012   0:00 [aio/4]
root       548  0.0  0.0      0     0 ?        S<    2012   0:00 [aio/5]
root       549  0.0  0.0      0     0 ?        S<    2012   0:00 [aio/6]
root       550  0.0  0.0      0     0 ?        S<    2012   0:00 [aio/7]
root       551  0.0  0.0      0     0 ?        S<    2012   0:00 [aio/8]
root       552  0.0  0.0      0     0 ?        S<    2012   0:00 [aio/9]
root       553  0.0  0.0      0     0 ?        S<    2012   0:00 [aio/10]
root       554  0.0  0.0      0     0 ?        S<    2012   0:00 [aio/11]
root       555  0.0  0.0      0     0 ?        S<    2012   0:00 [aio/12]
root       556  0.0  0.0      0     0 ?        S<    2012   0:00 [aio/13]
root       557  0.0  0.0      0     0 ?        S<    2012   0:00 [aio/14]
root       558  0.0  0.0      0     0 ?        S<    2012   0:00 [aio/15]
root       713  0.0  0.0      0     0 ?        S<    2012   0:00 [kpsmoused]
ems        770  0.0  0.2 316144 18292 ?        Sl   Aug19   0:02 gnome-terminal
ems        772  0.0  0.0 187124  3064 ?        Ssl  Aug19   0:00 /usr/libexec/bonobo-activation-server --ac-activate --ior-output-fd=16
ems        776  0.0  0.0  14868   728 ?        S    Aug19   0:00 gnome-pty-helper
ems        777  0.0  0.0  68460  1704 pts/1    Ss+  Aug19   0:00 bash
ems        826  0.0  0.0  90508  1244 ?        S     2012   0:00 /usr/libexec/gconfd-2 12
root       856  0.0  0.0      0     0 ?        S<    2012   0:00 [cciss_scan00]
root       925  0.0  0.0      0     0 ?        S<    2012   0:00 [kstriped]
ems        944  0.0  0.0  72712  1556 pts/4    Ss+  Jul26   0:00 bash
root       994  0.0  0.0      0     0 ?        S<    2012  12:07 [kjournald]
root      1019  0.0  0.0      0     0 ?        S<    2012   0:05 [kauditd]
ems       1052  0.0  0.0  68460  1708 pts/3    Ss+  Aug19   0:00 bash
root      1056  0.0  0.0  13040   220 ?        S<s   2012   0:00 /sbin/udevd -d
root      1751  0.0  0.0      0     0 ?        S<    2012   0:02 [bnx2x]
root      3071  0.0  0.0      0     0 ?        S<    2012   0:00 [kmpathd/0]
root      3072  0.0  0.0      0     0 ?        S<    2012   0:00 [kmpathd/1]
root      3073  0.0  0.0      0     0 ?        S<    2012   0:00 [kmpathd/2]
root      3074  0.0  0.0      0     0 ?        S<    2012   0:00 [kmpathd/3]
root      3075  0.0  0.0      0     0 ?        S<    2012   0:00 [kmpathd/4]
root      3076  0.0  0.0      0     0 ?        S<    2012   0:00 [kmpathd/5]
root      3077  0.0  0.0      0     0 ?        S<    2012   0:00 [kmpathd/6]
root      3078  0.0  0.0      0     0 ?        S<    2012   0:00 [kmpathd/7]
root      3079  0.0  0.0      0     0 ?        S<    2012   0:00 [kmpathd/8]
root      3080  0.0  0.0      0     0 ?        S<    2012   0:00 [kmpathd/9]
root      3081  0.0  0.0      0     0 ?        S<    2012   0:00 [kmpathd/10]
root      3082  0.0  0.0      0     0 ?        S<    2012   0:00 [kmpathd/11]
root      3083  0.0  0.0      0     0 ?        S<    2012   0:00 [kmpathd/12]
root      3084  0.0  0.0      0     0 ?        S<    2012   0:00 [kmpathd/13]
root      3085  0.0  0.0      0     0 ?        S<    2012   0:00 [kmpathd/14]
root      3086  0.0  0.0      0     0 ?        S<    2012   0:00 [kmpathd/15]
root      3087  0.0  0.0      0     0 ?        S<    2012   0:00 [kmpath_handlerd]
root      3180  0.0  0.0      0     0 ?        S<    2012  17:33 [kjournald]
root      3182  0.0  0.0      0     0 ?        S<    2012   0:37 [kjournald]
root      3541  0.0  0.0      0     0 ?        S<    2012   0:00 [iscsi_eh]
root      3648  0.0  0.0      0     0 ?        S<    2012   0:00 [iw_cxgb3]
root      3721  0.0  0.0      0     0 ?        S<    2012   0:00 [scsi_eh_0]
root      3724  0.0  0.0      0     0 ?        S<    2012   0:00 [scsi_wq_0]
root      3725  0.0  0.0      0     0 ?        S<    2012   0:00 [scsi_eh_1]
root      3729  0.0  0.0      0     0 ?        S<    2012   0:00 [scsi_wq_1]
ems       3759  0.0  0.0  90492  4388 ?        S    Aug12   0:00 /usr/libexec/gconfd-2 5
root      3772  0.0  0.0      0     0 ?        S<    2012   0:00 [ib_addr]
root      3807  0.0  0.0      0     0 ?        S<    2012   0:00 [ib_mcast]
root      3808  0.0  0.0      0     0 ?        S<    2012   0:00 [ib_inform]
root      3809  0.0  0.0      0     0 ?        S<    2012   0:00 [local_sa]
root      3827  0.0  0.0      0     0 ?        S<    2012   0:00 [iw_cm_wq]
root      3846  0.0  0.0      0     0 ?        S<    2012   0:00 [ib_cm/0]
root      3847  0.0  0.0      0     0 ?        S<    2012   0:00 [ib_cm/1]
root      3848  0.0  0.0      0     0 ?        S<    2012   0:00 [ib_cm/2]
root      3849  0.0  0.0      0     0 ?        S<    2012   0:00 [ib_cm/3]
root      3850  0.0  0.0      0     0 ?        S<    2012   0:00 [ib_cm/4]
root      3851  0.0  0.0      0     0 ?        S<    2012   0:00 [ib_cm/5]
root      3852  0.0  0.0      0     0 ?        S<    2012   0:00 [ib_cm/6]
root      3853  0.0  0.0      0     0 ?        S<    2012   0:00 [ib_cm/7]
root      3854  0.0  0.0      0     0 ?        S<    2012   0:00 [ib_cm/8]
root      3855  0.0  0.0      0     0 ?        S<    2012   0:00 [ib_cm/9]
root      3856  0.0  0.0      0     0 ?        S<    2012   0:00 [ib_cm/10]
root      3857  0.0  0.0      0     0 ?        S<    2012   0:00 [ib_cm/11]
root      3858  0.0  0.0      0     0 ?        S<    2012   0:00 [ib_cm/12]
root      3859  0.0  0.0      0     0 ?        S<    2012   0:00 [ib_cm/13]
root      3860  0.0  0.0      0     0 ?        S<    2012   0:00 [ib_cm/14]
root      3861  0.0  0.0      0     0 ?        S<    2012   0:00 [ib_cm/15]
root      3879  0.0  0.0      0     0 ?        S<    2012   0:00 [rdma_cm]
root      3927  0.0  0.0  59320   356 ?        Ssl   2012   0:01 brcm_iscsiuio
root      3934  0.0  0.0   3984   360 ?        Ss    2012   0:00 iscsid
root      3935  0.0  0.0   4476  2432 ?        S<Ls  2012   0:00 iscsid
root      4099  0.0  0.0      0     0 ?        S<    2012   0:00 [bond0]
root      4227  0.0  0.0  92860   720 ?        S<sl  2012   0:50 auditd
root      4229  0.0  0.0 147336   888 ?        S<sl  2012   0:19 /sbin/audispd
root      4251  0.0  0.0   5908   604 ?        Ss    2012   0:41 syslogd -m 0
root      4254  0.0  0.0   3804   320 ?        Ss    2012   0:00 klogd -x
ems       4300  0.0  0.0  90512  1256 ?        S     2012   0:01 /usr/libexec/gconfd-2 5
root      4456  0.0  0.0  10760   336 ?        Ss    2012   6:03 irqbalance
rpc       4474  0.0  0.0   8052   416 ?        Ss    2012   0:00 portmap
root      4515  0.0  0.0      0     0 ?        S<    2012   0:00 [rpciod/0]
root      4516  0.0  0.0      0     0 ?        S<    2012   0:00 [rpciod/1]
root      4517  0.0  0.0      0     0 ?        S<    2012   0:00 [rpciod/2]
root      4518  0.0  0.0      0     0 ?        S<    2012   0:00 [rpciod/3]
root      4519  0.0  0.0      0     0 ?        S<    2012   0:00 [rpciod/4]
root      4520  0.0  0.0      0     0 ?        S<    2012   0:00 [rpciod/5]
root      4521  0.0  0.0      0     0 ?        S<    2012   0:00 [rpciod/6]
root      4522  0.0  0.0      0     0 ?        S<    2012   0:00 [rpciod/7]
root      4523  0.0  0.0      0     0 ?        S<    2012   0:00 [rpciod/8]
root      4524  0.0  0.0      0     0 ?        S<    2012   0:00 [rpciod/9]
root      4525  0.0  0.0      0     0 ?        S<    2012   0:00 [rpciod/10]
root      4526  0.0  0.0      0     0 ?        S<    2012   0:00 [rpciod/11]
root      4527  0.0  0.0      0     0 ?        S<    2012   0:00 [rpciod/12]
root      4528  0.0  0.0      0     0 ?        S<    2012   0:00 [rpciod/13]
root      4529  0.0  0.0      0     0 ?        S<    2012   0:00 [rpciod/14]
root      4530  0.0  0.0      0     0 ?        S<    2012   0:00 [rpciod/15]
root      4551  0.0  0.0  10160   584 ?        Ss    2012   0:00 rpc.statd
root      4575  0.0  0.0  55180   220 ?        Ss    2012   0:00 rpc.idmapd
dbus      4590  0.0  0.0  21492   976 ?        Ss    2012  13:34 dbus-daemon --system
root      4605  0.0  0.0  10432   376 ?        Ss    2012   0:00 /usr/sbin/hcid
root      4609  0.0  0.0   5936   384 ?        Ss    2012   0:00 /usr/sbin/sdpd
root      4677  0.0  0.0      0     0 ?        S<    2012   0:00 [krfcommd]
root      4715  0.0  0.0  41660   696 ?        Ssl   2012   0:21 pcscd
root      4725  0.0  0.0   3800   460 ?        Ss    2012   0:00 /usr/sbin/acpid
68        4734  0.0  0.0  31648  1732 ?        Ss    2012   3:27 hald
root      4735  0.0  0.0  21692   832 ?        S     2012   0:00 hald-runner
68        4743  0.0  0.0  12324   504 ?        S     2012   0:00 hald-addon-acpi: listening on acpid socket /var/run/acpid.socket
68        4748  0.0  0.0  12324   540 ?        S     2012   0:00 hald-addon-keyboard: listening on /dev/input/event0
root      4789  0.0  0.0   8516   352 ?        Ss    2012   0:00 /usr/bin/hidd --server
root      4828  0.0  0.0 121988   788 ?        Ssl   2012   0:01 automount
root      4845  0.0  0.0  26324   264 ?        Ss    2012   0:00 ./hpiod
root      4850  0.0  0.0 159392   896 ?        S     2012   0:05 python ./hpssd.py
root      4863  0.0  0.0  62608   612 ?        Ss    2012   0:00 /usr/sbin/sshd
root      4872  0.0  0.0 134080   644 ?        Ss    2012   0:00 cupsd
root      4886  0.0  0.0  21644   700 ?        Ss    2012   0:00 xinetd -stayalive -pidfile /var/run/xinetd.pid
ntp       4903  0.0  0.0  19188  4888 ?        SLs   2012   0:00 ntpd -u ntp:ntp -p /var/run/ntpd.pid -g
uuidd     4940  0.0  0.0  60996    60 ?        Ss    2012   0:00 /usr/sbin/uuidd
root      4960  0.0  0.0  67436   872 ?        Ss    2012   0:07 sendmail: accepting connections
smmsp     4970  0.0  0.0  57692   612 ?        Ss    2012   0:00 sendmail: Queue runner@01:00:00 for /var/spool/clientmqueue
root      4980  0.0  0.0   6452   272 ?        Ss    2012   0:07 gpm -m /dev/input/mice -t exps2
root      4989  0.0  0.0  74848   956 ?        Ss    2012   0:07 crond
xfs       5022  0.0  0.0  21068   632 ?        Ss    2012   0:00 xfs -droppriv -daemon
root      5039  0.0  0.0  18732   344 ?        Ss    2012   0:00 /usr/sbin/atd
root      5067  0.0  0.0      0     0 ?        S    Aug12   0:00 [pdflush]
avahi     5069  0.0  0.0  23280  1068 ?        Ss    2012   0:02 avahi-daemon: running [dwdd11.local]
avahi     5070  0.0  0.0  23148   128 ?        Ss    2012   0:00 avahi-daemon: chroot helper
root      5081  0.0  0.0 150732  1280 ?        Ssl   2012   0:00 /usr/sbin/cimserver
root      5149  0.0  0.0  18416   260 ?        S     2012   0:00 /usr/sbin/smartd -q never
root      5154  0.0  0.0   3792   400 tty1     Ss+   2012   0:00 /sbin/mingetty tty1
root      5155  0.0  0.0   3792   400 tty2     Ss+   2012   0:00 /sbin/mingetty tty2
root      5156  0.0  0.0   3792   400 tty3     Ss+   2012   0:00 /sbin/mingetty tty3
root      5157  0.0  0.0   3792   400 tty4     Ss+   2012   0:00 /sbin/mingetty tty4
root      5158  0.0  0.0   3792   400 tty5     Ss+   2012   0:00 /sbin/mingetty tty5
root      5160  0.0  0.0   3792   400 tty6     Ss+   2012   0:00 /sbin/mingetty tty6
root      5162  0.0  0.0 167732   896 ?        Ss    2012   0:00 /usr/sbin/gdm-binary -nodaemon
root      5264  0.0  0.0 201064  1148 ?        S     2012   0:00 /usr/sbin/gdm-binary -nodaemon
root      5266  0.0  0.0 189856  1084 ?        Sl    2012   0:08 /usr/libexec/gdm-rh-security-token-helper
root      5267  0.4  0.7 203464 62216 tty7     SLs+  2012 2690:32 /usr/bin/Xorg :0 -br -audit 0 -auth /var/gdm/:0.Xauth -nolisten tcp vt7
root      5280  0.0  0.5 537160 42712 tty7     Sl+   2012 314:42 ./rgsender -daemon -display 0 -l /etc/opt/hpremote/rgsender/logSetup
root      5285  0.0  0.1 266776 10256 ?        SN    2012   0:21 /usr/bin/python -tt /usr/sbin/yum-updatesd
root      5292  0.0  0.0  12916   720 ?        SN    2012   0:01 /usr/libexec/gam_server
ems       5341  0.0  0.0 245512  2412 ?        Ss    2012   0:00 /usr/bin/gnome-session
ems       5373  0.0  0.0      0     0 ?        Z     2012   0:00 [Xsession] <defunct>
ems       5380  0.0  0.0  53852   264 ?        Ss    2012   0:00 /usr/bin/ssh-agent /bin/sh -c exec -l /bin/bash -c "/usr/bin/dbus-launch --exit-with-session /etc/X11/xinit/Xclients"
ems       5471  0.0  0.0  15180   336 ?        S     2012   0:00 /usr/bin/dbus-launch --exit-with-session /etc/X11/xinit/Xclients
ems       5472  0.0  0.0  21388   888 ?        Ss    2012   0:00 /bin/dbus-daemon --fork --print-pid 4 --print-address 6 --session
ems       5478  0.0  0.0  90520  1720 ?        S     2012   0:06 /usr/libexec/gconfd-2 5
ems       5480  0.0  0.0 118004  3172 ?        Ss    2012   0:01 /usr/lib64/scim-1.0/scim-launcher -d -c simple -e all -f socket --no-stay
ems       5482  0.0  0.0  12900   304 ?        S     2012   0:00 /usr/bin/gnome-keyring-daemon
ems       5484  0.0  0.0 264768  2608 ?        Sl    2012   1:21 /usr/libexec/gnome-settings-daemon
ems       5505  0.0  0.1 185856  9700 ?        Ss    2012  28:34 metacity --sm-client-id=default1
ems       5510  0.0  0.0 348604  7432 ?        Ss    2012   3:02 gnome-panel --sm-client-id default2
ems       5512  0.0  0.1 572772 12236 ?        Ss    2012   1:13 nautilus --no-default-window --sm-client-id default3
ems       5515  0.0  0.0 230476  1520 ?        Ss    2012   0:00 gnome-volume-manager --sm-client-id default5
ems       5517  0.0  0.0 263040   908 ?        Ssl   2012   0:00 /usr/libexec/bonobo-activation-server --ac-activate --ior-output-fd=16
ems       5519  0.0  0.0 263460  2028 ?        Ss    2012   0:01 eggcups --sm-client-id default4
ems       5523  0.0  0.0 147276  1640 ?        S     2012   0:00 /usr/libexec/gnome-vfs-daemon
ems       5535  0.0  0.0 154244  1996 ?        Ss    2012   0:02 bt-applet --sm-disable
ems       5544  0.0  0.0 291724  2252 ?        Ss    2012   0:03 nm-applet --sm-disable
ems       5547  0.0  0.0 364824  7032 ?        Ss    2012   0:10 /usr/bin/python -tt /usr/bin/puplet
ems       5551  0.0  0.0 155052  1828 ?        Ss    2012   0:05 pam-panel-icon --sm-client-id default0
root      5552  0.0  0.0  12188   576 ?        S     2012   0:02 /sbin/pam_timestamp_check -d root
ems       5553  0.0  0.0  82452   196 ?        Ss    2012   0:00 /usr/lib64/scim-1.0/scim-helper-manager
ems       5554  0.0  0.0 262844  5108 ?        Ssl   2012   0:36 /usr/lib64/scim-1.0/scim-panel-gtk --display :0.0 -c socket -d --no-stay
ems       5556  0.0  0.0  93132   688 ?        Ss    2012   0:05 /usr/lib64/scim-1.0/scim-launcher -d -c socket -e socket -f x11
ems       5558  0.0  0.0  72376   776 ?        Sl    2012   0:09 ./escd --key_Inserted="/usr/bin/esc" --on_Signal="/usr/bin/esc"
ems       5559  0.0  0.0 296860  2492 ?        Ss    2012  10:28 gnome-power-manager
root      5563  0.0  0.0  57872  1152 ?        S     2012   0:02 /usr/sbin/nm-system-settings --config /etc/NetworkManager/nm-system-settings.conf
ems       5572  0.0  0.0  13020   908 ?        S     2012   0:26 /usr/libexec/gam_server
ems       5574  0.0  0.2 401852 20540 ?        S     2012  53:04 /usr/libexec/wnck-applet --oaf-activate-iid=OAFIID:GNOME_Wncklet_Factory --oaf-ior-fd=19
ems       5576  0.0  0.0 526444  3264 ?        S     2012   0:00 /usr/libexec/trashapplet --oaf-activate-iid=OAFIID:GNOME_Panel_TrashApplet_Factory --oaf-ior-fd=22
root      5586  0.0  0.1 140164  8172 ?        SN   Aug12   0:00 /df8003/bin/dbmd
root      5587  0.3  0.0 139664  3748 ?        SN   Aug12 143:40 /df8003/bin/applogd
root      5588  0.2  0.0 135320  3468 ?        S    Aug12 125:14 /df8003/bin/netmd
root      5589  0.3  0.2 159060 18116 ?        S    Aug12 162:18 /df8003/bin/sysmd
ems       5596  0.0  0.0  12824   636 ?        S     2012   0:00 /usr/libexec/mapping-daemon
ems       5603  0.0  0.0 298940  3644 ?        S     2012   0:06 /usr/libexec/clock-applet --oaf-activate-iid=OAFIID:GNOME_ClockApplet_Factory --oaf-ior-fd=21
ems       5605  0.0  0.0 345716  3500 ?        Sl    2012   1:17 /usr/libexec/mixer_applet2 --oaf-activate-iid=OAFIID:GNOME_MixerApplet_Factory --oaf-ior-fd=31
ems       5607  0.0  0.0 241224  2488 ?        S     2012   0:00 /usr/libexec/notification-area-applet --oaf-activate-iid=OAFIID:GNOME_NotificationAreaApplet_Factory --oaf-ior-fd=37
root      5665  0.0  0.1 208628  8184 ?        SN   Aug12   0:04 /df8003/bin/procmd
root      5666  0.0  0.0 208132  7984 ?        SN   Aug12   0:00 proc_watchd
root      5667  0.1  0.1 217536  8612 ?        SN   Aug12  88:37 netmond -s 3600
ems       5668  0.0  0.1 290324 14072 ?        SN   Aug12  19:44 almd_server_rep
ems       5669  0.0  0.3 1817324 31920 ?       SN   Aug12  13:12 alm_replica -mode r
ems       5670  0.8  9.0 1802656 739860 ?      SN   Aug12 412:09 SCADA_Rep -mode r
ems       5671  0.0  0.3 541076 27508 ?        SN   Aug12  20:22 comServer
ems       5672  0.0  2.7 1705460 225624 ?      SN   Aug12   0:27 SCADA_Server -mode s1 -ref
ems       5673  0.0  0.1 1808164 16156 ?       SN   Aug12   0:00 SSM_Server -dts
ems       5675  0.0  0.0 141704  7544 ?        SN   Aug12   0:06 grsd
root      5676  0.0  0.8 1890548 72280 ?       SN   Aug12   0:03 ssrd
ems       5710  0.0  0.0 188320  4584 ?        Ss    2012   1:59 gnome-screensaver
root      8214  0.0  0.0      0     0 ?        S    Apr10   4:25 [pdflush]
ems       8220  0.0  0.0 186992   900 ?        Ssl  Apr10   0:00 /usr/libexec/bonobo-activation-server --ac-activate --ior-output-fd=16
ems      10091  0.0  0.0  90512  1256 ?        S     2012   0:00 /usr/libexec/gconfd-2 12
ems      10093  0.0  0.0 186992   900 ?        Ssl   2012   0:00 /usr/libexec/bonobo-activation-server --ac-activate --ior-output-fd=16
ems      10145  0.0  0.0  90508  1256 ?        S     2012   0:01 /usr/libexec/gconfd-2 5
ems      11343  0.0  0.0  90496  1384 ?        S    Jul01   0:00 /usr/libexec/gconfd-2 12
ems      11791  0.0  0.2 318164 22692 ?        Sl   Aug30   0:05 /usr/bin/gnome-terminal -x /bin/sh -c '/df8003/home/Desktop/qtmmi_gis'
ems      11793  0.0  0.0  90508  4404 ?        S    Aug30   0:00 /usr/libexec/gconfd-2 12
ems      11795  0.0  0.0 186992  2964 ?        Ssl  Aug30   0:00 /usr/libexec/bonobo-activation-server --ac-activate --ior-output-fd=16
ems      11799  0.0  0.0  14868   728 ?        S    Aug30   0:00 gnome-pty-helper
ems      11800  0.6 17.7 6934100 1451028 pts/6 SNsl+ Aug30 122:01 /df8003/bin/qtmmi
ems      14451  0.0  0.0  90528  1252 ?        S    Jan22   0:00 /usr/libexec/gconfd-2 12
ems      14628  0.0  0.0  90508  1248 ?        S    Jun05   0:00 /usr/libexec/gconfd-2 12
ems      20263  0.0  0.0  90504  1248 ?        S    May16   0:00 /usr/libexec/gconfd-2 5
ems      20278  0.0  0.0 187128   900 ?        Ssl  May16   0:00 /usr/libexec/bonobo-activation-server --ac-activate --ior-output-fd=16
ems      20283  0.0  0.0  78592   928 ?        S    May16   0:50 scim-bridge
ems      21517  0.0  0.0  90508  1248 ?        S    Feb19   0:00 /usr/libexec/gconfd-2 5
ems      23680  0.0  0.0  81036   652 ?        SN   Mar23   0:00 python /df8003/bat/gupdate
ems      23687  0.0  0.0  66108   544 ?        SN   Mar23   0:00 sh -c { cd /df8003/uif/netres/; cvs -q up ; } 2>&1
ems      23688  0.0  0.0  43556   620 ?        SN   Mar23   0:00 cvs -q up
ems      25878  0.0  0.0 186992   904 ?        Ssl  Jan09   0:00 /usr/libexec/bonobo-activation-server --ac-activate --ior-output-fd=16
ems      28889  0.0  0.0 102052  1392 ?        S    16:50   0:00 crond
ems      28892  0.0  0.0   8700   948 ?        Ss   16:50   0:00 /bin/sh -c /df8003/home/nms/collection.sh >/dev/null
ems      28893  0.0  0.0   8704  1000 ?        S    16:50   0:00 /bin/sh /df8003/home/nms/collection.sh
ems      28903  0.0  0.0  10460   860 ?        R    16:50   0:00 ps aux
ems      30747  0.0  0.0 186992   900 ?        Ssl  Jun20   0:00 /usr/libexec/bonobo-activation-server --ac-activate --ior-output-fd=16
ems      31096  0.0  0.0 187124   904 ?        Ssl  Jan24   0:00 /usr/libexec/bonobo-activation-server --ac-activate --ior-output-fd=16
ems      31465  0.0  0.0  90492  1248 ?        S    Apr09   0:00 /usr/libexec/gconfd-2 5
ems      32270  0.0  0.0 186992   904 ?        Ssl   2012   0:00 /usr/libexec/bonobo-activation-server --ac-activate --ior-output-fd=16
cmdbegin:mac
1: lo: <LOOPBACK,UP,LOWER_UP> mtu 16436 qdisc noqueue 
    link/loopback 00:00:00:00:00:00 brd 00:00:00:00:00:00
    inet 127.0.0.1/8 scope host lo
    inet6 ::1/128 scope host 
       valid_lft forever preferred_lft forever
2: eth0: <BROADCAST,MULTICAST,SLAVE,UP,LOWER_UP> mtu 1500 qdisc pfifo_fast master bond0 qlen 1000
    link/ether 3c:4a:92:ec:e2:a0 brd ff:ff:ff:ff:ff:ff
3: eth1: <BROADCAST,MULTICAST,SLAVE,UP,LOWER_UP> mtu 1500 qdisc pfifo_fast master bond0 qlen 1000
    link/ether 3c:4a:92:ec:e2:a0 brd ff:ff:ff:ff:ff:ff
4: sit0: <NOARP> mtu 1480 qdisc noop 
    link/sit 0.0.0.0 brd 0.0.0.0
5: bond0: <BROADCAST,MULTICAST,MASTER,UP,LOWER_UP> mtu 1500 qdisc noqueue 
    link/ether 3c:4a:92:ec:e2:a0 brd ff:ff:ff:ff:ff:ff
    inet 192.168.1.40/24 brd 192.168.1.255 scope global bond0
    inet6 fe80::3e4a:92ff:feec:e2a0/64 scope link 
       valid_lft forever preferred_lft forever
cmdbegin:interface
Linux 2.6.18-194.el5 (dwdd11) 	09/13/13

16:50:07        IFACE   rxpck/s   txpck/s   rxbyt/s   txbyt/s   rxcmp/s   txcmp/s  rxmcst/s
16:50:08           lo    321.00    321.00  27229.00  27229.00      0.00      0.00      0.00
16:50:08         eth0    166.00      4.00 183996.00    658.00      0.00      0.00      8.00
16:50:08         eth1    169.00      0.00 193698.00      0.00      0.00      0.00      0.00
16:50:08         sit0      0.00      0.00      0.00      0.00      0.00      0.00      0.00
16:50:08        bond0    335.00      4.00 377694.00    658.00      0.00      0.00      8.00

16:50:08        IFACE   rxpck/s   txpck/s   rxbyt/s   txbyt/s   rxcmp/s   txcmp/s  rxmcst/s
16:50:09           lo    575.00    575.00  46589.00  46589.00      0.00      0.00      0.00
16:50:09         eth0    136.00     94.00  48289.00   7210.00      0.00      0.00      7.00
16:50:09         eth1     64.00      0.00  32116.00      0.00      0.00      0.00      0.00
16:50:09         sit0      0.00      0.00      0.00      0.00      0.00      0.00      0.00
16:50:09        bond0    200.00     94.00  80405.00   7210.00      0.00      0.00      7.00

16:50:09        IFACE   rxpck/s   txpck/s   rxbyt/s   txbyt/s   rxcmp/s   txcmp/s  rxmcst/s
16:50:10           lo    677.00    677.00  50153.00  50153.00      0.00      0.00      0.00
16:50:10         eth0     71.00      5.00  33544.00    568.00      0.00      0.00      8.00
16:50:10         eth1     54.00      0.00  31024.00      0.00      0.00      0.00      0.00
16:50:10         sit0      0.00      0.00      0.00      0.00      0.00      0.00      0.00
16:50:10        bond0    125.00      5.00  64568.00    568.00      0.00      0.00      8.00

Average:        IFACE   rxpck/s   txpck/s   rxbyt/s   txbyt/s   rxcmp/s   txcmp/s  rxmcst/s
Average:           lo    524.33    524.33  41323.67  41323.67      0.00      0.00      0.00
Average:         eth0    124.33     34.33  88609.67   2812.00      0.00      0.00      7.67
Average:         eth1     95.67      0.00  85612.67      0.00      0.00      0.00      0.00
Average:         sit0      0.00      0.00      0.00      0.00      0.00      0.00      0.00
Average:        bond0    220.00     34.33 174222.33   2812.00      0.00      0.00      7.67
cmdbegin:uname
Linux dwdd11
cmdbegin:usergroup
root:x:0:root
bin:x:1:root,bin,daemon
daemon:x:2:root,bin,daemon
sys:x:3:root,bin,adm
adm:x:4:root,adm,daemon
tty:x:5:
disk:x:6:root
lp:x:7:daemon,lp
mem:x:8:
kmem:x:9:
wheel:x:10:root
mail:x:12:mail
news:x:13:news
uucp:x:14:uucp
man:x:15:
games:x:20:
gopher:x:30:
dip:x:40:
ftp:x:50:
lock:x:54:
nobody:x:99:
users:x:100:
nscd:x:28:
floppy:x:19:
vcsa:x:69:
audio:x:63:gdm
utmp:x:22:
rpc:x:32:
mailnull:x:47:
smmsp:x:51:
pcap:x:77:
utempter:x:35:
slocate:x:21:
ntp:x:38:
sshd:x:74:
rpcuser:x:29:
nfsnobody:x:4294967294:
dbus:x:81:
avahi:x:70:
haldaemon:x:68:
avahi-autoipd:x:101:
distcache:x:94:
mysql:x:27:
apache:x:48:
postgres:x:26:
webalizer:x:67:
oprofile:x:16:
squid:x:23:
named:x:25:
xfs:x:43:
gdm:x:42:
sabayon:x:86:
stapdev:x:102:
stapusr:x:103:
ldap:x:55:
uuidd:x:104:
pkcs11:x:105:root
screen:x:84:
ident:x:98:
pvm:x:24:
privoxy:x:73:
quaggavt:x:85:
quagga:x:92:
radvd:x:75:
radiusd:x:95:
tomcat:x:91:
pegasus:x:65:
fuse:x:106:
dfdz:x:500:ems
ems:x:115:
oracle:x:502:
dba:x:503:oracle
cmdbegin:user
root:x:0:0:root:/root:/bin/bash
bin:x:1:1:bin:/bin:/sbin/nologin
daemon:x:2:2:daemon:/sbin:/sbin/nologin
adm:x:3:4:adm:/var/adm:/sbin/nologin
lp:x:4:7:lp:/var/spool/lpd:/sbin/nologin
sync:x:5:0:sync:/sbin:/bin/sync
shutdown:x:6:0:shutdown:/sbin:/sbin/shutdown
halt:x:7:0:halt:/sbin:/sbin/halt
mail:x:8:12:mail:/var/spool/mail:/sbin/nologin
news:x:9:13:news:/etc/news:
uucp:x:10:14:uucp:/var/spool/uucp:/sbin/nologin
operator:x:11:0:operator:/root:/sbin/nologin
games:x:12:100:games:/usr/games:/sbin/nologin
gopher:x:13:30:gopher:/var/gopher:/sbin/nologin
ftp:x:14:50:FTP User:/var/ftp:/sbin/nologin
nobody:x:99:99:Nobody:/:/sbin/nologin
nscd:x:28:28:NSCD Daemon:/:/sbin/nologin
vcsa:x:69:69:virtual console memory owner:/dev:/sbin/nologin
rpc:x:32:32:Portmapper RPC user:/:/sbin/nologin
mailnull:x:47:47::/var/spool/mqueue:/sbin/nologin
smmsp:x:51:51::/var/spool/mqueue:/sbin/nologin
pcap:x:77:77::/var/arpwatch:/sbin/nologin
ntp:x:38:38::/etc/ntp:/sbin/nologin
sshd:x:74:74:Privilege-separated SSH:/var/empty/sshd:/sbin/nologin
rpcuser:x:29:29:RPC Service User:/var/lib/nfs:/sbin/nologin
nfsnobody:x:4294967294:4294967294:Anonymous NFS User:/var/lib/nfs:/sbin/nologin
dbus:x:81:81:System message bus:/:/sbin/nologin
avahi:x:70:70:Avahi daemon:/:/sbin/nologin
haldaemon:x:68:68:HAL daemon:/:/sbin/nologin
avahi-autoipd:x:100:101:avahi-autoipd:/var/lib/avahi-autoipd:/sbin/nologin
distcache:x:94:94:Distcache:/:/sbin/nologin
mysql:x:27:27:MySQL Server:/var/lib/mysql:/bin/bash
apache:x:48:48:Apache:/var/www:/sbin/nologin
postgres:x:26:26:PostgreSQL Server:/var/lib/pgsql:/bin/bash
webalizer:x:67:67:Webalizer:/var/www/usage:/sbin/nologin
oprofile:x:16:16:Special user account to be used by OProfile:/home/oprofile:/sbin/nologin
squid:x:23:23::/var/spool/squid:/sbin/nologin
named:x:25:25:Named:/var/named:/sbin/nologin
xfs:x:43:43:X Font Server:/etc/X11/fs:/sbin/nologin
gdm:x:42:42::/var/gdm:/sbin/nologin
sabayon:x:86:86:Sabayon user:/home/sabayon:/sbin/nologin
ldap:x:55:55:LDAP User:/var/lib/ldap:/bin/false
uuidd:x:101:104:UUID generator helper daemon:/var/lib/libuuid:/sbin/nologin
amanda:x:33:6:Amanda user:/var/lib/amanda:/bin/bash
ident:x:98:98::/:/sbin/nologin
pvm:x:24:24::/usr/share/pvm3:/bin/bash
privoxy:x:73:73::/etc/privoxy:/sbin/nologin
quagga:x:92:92:Quagga routing suite:/var/run/quagga:/sbin/nologin
radvd:x:75:75:radvd user:/:/sbin/nologin
radiusd:x:95:95:radiusd user:/home/radiusd:/sbin/nologin
tomcat:x:91:91:Tomcat:/usr/share/tomcat5:/bin/sh
pegasus:x:66:65:tog-pegasus OpenPegasus WBEM/CIM services:/var/lib/Pegasus:/sbin/nologin
ems:x:115:500:ems:/df8003/home:/bin/bash
oracle:x:501:503:oracle:/usr/local/oracle:/bin/bash
cmdbegin:date
Fri Sep 13 16:50:10 CST 2013
cmdbegin:uptime
 16:50:10 up 420 days, 22:10,  6 users,  load average: 0.20, 0.48, 0.32
cmdbegin:end
