cmdbegin:version
Linux version 2.6.18-194.el5 (mockbuild@x86-005.build.bos.redhat.com) (gcc version 4.1.2 20080704 (Red Hat 4.1.2-48)) #1 SMP Tue Mar 16 21:52:39 EDT 2010
cmdbegin:cpuconfig
processor	: 0
model name	: Intel(R) Xeon(R) CPU           E5620  @ 2.40GHz
cpu MHz		: 2400.161
cache size	: 12288 KB
processor	: 1
model name	: Intel(R) Xeon(R) CPU           E5620  @ 2.40GHz
cpu MHz		: 2400.161
cache size	: 12288 KB
processor	: 2
model name	: Intel(R) Xeon(R) CPU           E5620  @ 2.40GHz
cpu MHz		: 2400.161
cache size	: 12288 KB
processor	: 3
model name	: Intel(R) Xeon(R) CPU           E5620  @ 2.40GHz
cpu MHz		: 2400.161
cache size	: 12288 KB
processor	: 4
model name	: Intel(R) Xeon(R) CPU           E5620  @ 2.40GHz
cpu MHz		: 2400.161
cache size	: 12288 KB
processor	: 5
model name	: Intel(R) Xeon(R) CPU           E5620  @ 2.40GHz
cpu MHz		: 2400.161
cache size	: 12288 KB
processor	: 6
model name	: Intel(R) Xeon(R) CPU           E5620  @ 2.40GHz
cpu MHz		: 2400.161
cache size	: 12288 KB
processor	: 7
model name	: Intel(R) Xeon(R) CPU           E5620  @ 2.40GHz
cpu MHz		: 2400.161
cache size	: 12288 KB
processor	: 8
model name	: Intel(R) Xeon(R) CPU           E5620  @ 2.40GHz
cpu MHz		: 2400.161
cache size	: 12288 KB
processor	: 9
model name	: Intel(R) Xeon(R) CPU           E5620  @ 2.40GHz
cpu MHz		: 2400.161
cache size	: 12288 KB
processor	: 10
model name	: Intel(R) Xeon(R) CPU           E5620  @ 2.40GHz
cpu MHz		: 2400.161
cache size	: 12288 KB
processor	: 11
model name	: Intel(R) Xeon(R) CPU           E5620  @ 2.40GHz
cpu MHz		: 2400.161
cache size	: 12288 KB
processor	: 12
model name	: Intel(R) Xeon(R) CPU           E5620  @ 2.40GHz
cpu MHz		: 2400.161
cache size	: 12288 KB
processor	: 13
model name	: Intel(R) Xeon(R) CPU           E5620  @ 2.40GHz
cpu MHz		: 2400.161
cache size	: 12288 KB
processor	: 14
model name	: Intel(R) Xeon(R) CPU           E5620  @ 2.40GHz
cpu MHz		: 2400.161
cache size	: 12288 KB
processor	: 15
model name	: Intel(R) Xeon(R) CPU           E5620  @ 2.40GHz
cpu MHz		: 2400.161
cache size	: 12288 KB
cmdbegin:disk
Filesystem           1K-blocks      Used Available Use% Mounted on
/dev/cciss/c0d0p1     20315812   1730472  17536700   9% /
/dev/cciss/c0d0p5     57578808  38564088  16042700  71% /df8003
/dev/cciss/c0d0p2     40631988   7417608  31117096  20% /usr
tmpfs                  4080312         0   4080312   0% /dev/shm
cmdbegin:diskperf
Linux 2.6.18-194.el5 (dwdd3) 	09/13/13

16:50:01          DEV       tps  rd_sec/s  wr_sec/s  avgrq-sz  avgqu-sz     await     svctm     %util
16:50:02     dev104-0     12.00      0.00    360.00     30.00      0.09      9.25      6.00      7.20
16:50:02     dev104-1     12.00      0.00    360.00     30.00      0.09      9.25      6.00      7.20
16:50:02     dev104-2      0.00      0.00      0.00      0.00      0.00      0.00      0.00      0.00
16:50:02     dev104-3      0.00      0.00      0.00      0.00      0.00      0.00      0.00      0.00
16:50:02     dev104-4      0.00      0.00      0.00      0.00      0.00      0.00      0.00      0.00
16:50:02     dev104-5      0.00      0.00      0.00      0.00      0.00      0.00      0.00      0.00

16:50:02          DEV       tps  rd_sec/s  wr_sec/s  avgrq-sz  avgqu-sz     await     svctm     %util
16:50:03     dev104-0      0.00      0.00      0.00      0.00      0.00      0.00      0.00      0.00
16:50:03     dev104-1      0.00      0.00      0.00      0.00      0.00      0.00      0.00      0.00
16:50:03     dev104-2      0.00      0.00      0.00      0.00      0.00      0.00      0.00      0.00
16:50:03     dev104-3      0.00      0.00      0.00      0.00      0.00      0.00      0.00      0.00
16:50:03     dev104-4      0.00      0.00      0.00      0.00      0.00      0.00      0.00      0.00
16:50:03     dev104-5      0.00      0.00      0.00      0.00      0.00      0.00      0.00      0.00

16:50:03          DEV       tps  rd_sec/s  wr_sec/s  avgrq-sz  avgqu-sz     await     svctm     %util
16:50:04     dev104-0      0.00      0.00      0.00      0.00      0.00      0.00      0.00      0.00
16:50:04     dev104-1      0.00      0.00      0.00      0.00      0.00      0.00      0.00      0.00
16:50:04     dev104-2      0.00      0.00      0.00      0.00      0.00      0.00      0.00      0.00
16:50:04     dev104-3      0.00      0.00      0.00      0.00      0.00      0.00      0.00      0.00
16:50:04     dev104-4      0.00      0.00      0.00      0.00      0.00      0.00      0.00      0.00
16:50:04     dev104-5      0.00      0.00      0.00      0.00      0.00      0.00      0.00      0.00

Average:          DEV       tps  rd_sec/s  wr_sec/s  avgrq-sz  avgqu-sz     await     svctm     %util
Average:     dev104-0      3.99      0.00    119.60     30.00      0.03      9.25      6.00      2.39
Average:     dev104-1      3.99      0.00    119.60     30.00      0.03      9.25      6.00      2.39
Average:     dev104-2      0.00      0.00      0.00      0.00      0.00      0.00      0.00      0.00
Average:     dev104-3      0.00      0.00      0.00      0.00      0.00      0.00      0.00      0.00
Average:     dev104-4      0.00      0.00      0.00      0.00      0.00      0.00      0.00      0.00
Average:     dev104-5      0.00      0.00      0.00      0.00      0.00      0.00      0.00      0.00
cmdbegin:cpu
Linux 2.6.18-194.el5 (dwdd3) 	09/13/13

16:50:04          CPU     %user     %nice   %system   %iowait    %steal     %idle
16:50:05          all      0.06      1.06      0.25      0.00      0.00     98.63
16:50:06          all      0.06      0.87      0.31      0.50      0.00     98.25
16:50:07          all      0.00      0.75      0.25      0.13      0.00     98.87
Average:          all      0.04      0.90      0.27      0.21      0.00     98.58
cmdbegin:memory
             total       used       free     shared    buffers     cached
Mem:       8160624    7907652     252972          0     533184    3597044
-/+ buffers/cache:    3777424    4383200
Swap:     20972848     212076   20760772
cmdbegin:process
USER       PID %CPU %MEM    VSZ   RSS TTY      STAT START   TIME COMMAND
root         1  0.0  0.0  10348   592 ?        Ss    2012   0:22 init [5]                             
root         2  0.0  0.0      0     0 ?        S<    2012   0:05 [migration/0]
root         3  0.0  0.0      0     0 ?        SN    2012   0:00 [ksoftirqd/0]
root         4  0.0  0.0      0     0 ?        S<    2012   0:00 [watchdog/0]
root         5  0.0  0.0      0     0 ?        S<    2012   0:05 [migration/1]
root         6  0.0  0.0      0     0 ?        SN    2012   0:09 [ksoftirqd/1]
root         7  0.0  0.0      0     0 ?        S<    2012   0:00 [watchdog/1]
root         8  0.0  0.0      0     0 ?        S<    2012   0:00 [migration/2]
root         9  0.0  0.0      0     0 ?        SN    2012   0:09 [ksoftirqd/2]
root        10  0.0  0.0      0     0 ?        S<    2012   0:00 [watchdog/2]
root        11  0.0  0.0      0     0 ?        S<    2012   0:00 [migration/3]
root        12  0.0  0.0      0     0 ?        SN    2012   0:00 [ksoftirqd/3]
root        13  0.0  0.0      0     0 ?        S<    2012   0:00 [watchdog/3]
root        14  0.0  0.0      0     0 ?        S<    2012   0:00 [migration/4]
root        15  0.0  0.0      0     0 ?        SN    2012   0:00 [ksoftirqd/4]
root        16  0.0  0.0      0     0 ?        S<    2012   0:00 [watchdog/4]
root        17  0.0  0.0      0     0 ?        S<    2012   0:00 [migration/5]
root        18  0.0  0.0      0     0 ?        SN    2012   0:08 [ksoftirqd/5]
root        19  0.0  0.0      0     0 ?        S<    2012   0:00 [watchdog/5]
root        20  0.0  0.0      0     0 ?        S<    2012   0:00 [migration/6]
root        21  0.0  0.0      0     0 ?        SN    2012   0:00 [ksoftirqd/6]
root        22  0.0  0.0      0     0 ?        S<    2012   0:00 [watchdog/6]
root        23  0.0  0.0      0     0 ?        S<    2012   0:02 [migration/7]
root        24  0.0  0.0      0     0 ?        SN    2012   0:09 [ksoftirqd/7]
root        25  0.0  0.0      0     0 ?        S<    2012   0:00 [watchdog/7]
root        26  0.0  0.0      0     0 ?        S<    2012   0:00 [migration/8]
root        27  0.0  0.0      0     0 ?        SN    2012   0:02 [ksoftirqd/8]
root        28  0.0  0.0      0     0 ?        S<    2012   0:00 [watchdog/8]
root        29  0.0  0.0      0     0 ?        S<    2012   0:10 [migration/9]
root        30  0.0  0.0      0     0 ?        SN    2012   0:43 [ksoftirqd/9]
root        31  0.0  0.0      0     0 ?        S<    2012   0:00 [watchdog/9]
root        32  0.0  0.0      0     0 ?        S<    2012   0:09 [migration/10]
root        33  0.0  0.0      0     0 ?        SN    2012   0:45 [ksoftirqd/10]
root        34  0.0  0.0      0     0 ?        S<    2012   0:00 [watchdog/10]
root        35  0.0  0.0      0     0 ?        S<    2012   0:02 [migration/11]
root        36  0.0  0.0      0     0 ?        SN    2012   0:03 [ksoftirqd/11]
root        37  0.0  0.0      0     0 ?        S<    2012   0:00 [watchdog/11]
root        38  0.0  0.0      0     0 ?        S<    2012   0:01 [migration/12]
root        39  0.0  0.0      0     0 ?        SN    2012   0:02 [ksoftirqd/12]
root        40  0.0  0.0      0     0 ?        S<    2012   0:00 [watchdog/12]
root        41  0.0  0.0      0     0 ?        S<    2012   0:12 [migration/13]
root        42  0.0  0.0      0     0 ?        SN    2012   0:40 [ksoftirqd/13]
root        43  0.0  0.0      0     0 ?        S<    2012   0:00 [watchdog/13]
root        44  0.0  0.0      0     0 ?        S<    2012   0:01 [migration/14]
root        45  0.0  0.0      0     0 ?        SN    2012   0:01 [ksoftirqd/14]
root        46  0.0  0.0      0     0 ?        S<    2012   0:00 [watchdog/14]
root        47  0.0  0.0      0     0 ?        S<    2012   0:13 [migration/15]
root        48  0.0  0.0      0     0 ?        SN    2012   0:38 [ksoftirqd/15]
root        49  0.0  0.0      0     0 ?        S<    2012   0:00 [watchdog/15]
root        50  0.0  0.0      0     0 ?        S<    2012   0:00 [events/0]
root        51  0.0  0.0      0     0 ?        S<    2012  23:55 [events/1]
root        52  0.0  0.0      0     0 ?        S<    2012  26:48 [events/2]
root        53  0.0  0.0      0     0 ?        S<    2012   0:08 [events/3]
root        54  0.0  0.0      0     0 ?        S<    2012   0:17 [events/4]
root        55  0.0  0.0      0     0 ?        S<    2012  26:51 [events/5]
root        56  0.0  0.0      0     0 ?        S<    2012   0:13 [events/6]
root        57  0.0  0.0      0     0 ?        S<    2012  27:55 [events/7]
root        58  0.0  0.0      0     0 ?        S<    2012   0:00 [events/8]
root        59  0.0  0.0      0     0 ?        S<    2012   0:00 [events/9]
root        60  0.0  0.0      0     0 ?        S<    2012   0:00 [events/10]
root        61  0.0  0.0      0     0 ?        S<    2012   0:00 [events/11]
root        62  0.0  0.0      0     0 ?        S<    2012   0:00 [events/12]
root        63  0.0  0.0      0     0 ?        S<    2012   0:00 [events/13]
root        64  0.0  0.0      0     0 ?        S<    2012   0:00 [events/14]
root        65  0.0  0.0      0     0 ?        S<    2012   0:00 [events/15]
root        66  0.0  0.0      0     0 ?        S<    2012   0:00 [khelper]
root       141  0.0  0.0      0     0 ?        S<    2012   0:00 [kthread]
root       161  0.0  0.0      0     0 ?        S<    2012   0:00 [kblockd/0]
root       162  0.0  0.0      0     0 ?        S<    2012   0:05 [kblockd/1]
root       163  0.0  0.0      0     0 ?        S<    2012   0:04 [kblockd/2]
root       164  0.0  0.0      0     0 ?        S<    2012   0:00 [kblockd/3]
root       165  0.0  0.0      0     0 ?        S<    2012   0:00 [kblockd/4]
root       166  0.0  0.0      0     0 ?        S<    2012   0:02 [kblockd/5]
root       167  0.0  0.0      0     0 ?        S<    2012   0:00 [kblockd/6]
root       168  0.0  0.0      0     0 ?        S<    2012   0:02 [kblockd/7]
root       169  0.0  0.0      0     0 ?        S<    2012   0:00 [kblockd/8]
root       170  0.0  0.0      0     0 ?        S<    2012   0:00 [kblockd/9]
root       171  0.0  0.0      0     0 ?        S<    2012   0:00 [kblockd/10]
root       172  0.0  0.0      0     0 ?        S<    2012   0:00 [kblockd/11]
root       173  0.0  0.0      0     0 ?        S<    2012   0:00 [kblockd/12]
root       174  0.0  0.0      0     0 ?        S<    2012   0:00 [kblockd/13]
root       175  0.0  0.0      0     0 ?        S<    2012   0:00 [kblockd/14]
root       176  0.0  0.0      0     0 ?        S<    2012   0:00 [kblockd/15]
root       177  0.0  0.0      0     0 ?        S<    2012   0:00 [kacpid]
root       329  0.0  0.0      0     0 ?        S<    2012   0:00 [cqueue/0]
root       330  0.0  0.0      0     0 ?        S<    2012   0:00 [cqueue/1]
root       331  0.0  0.0      0     0 ?        S<    2012   0:00 [cqueue/2]
root       332  0.0  0.0      0     0 ?        S<    2012   0:00 [cqueue/3]
root       333  0.0  0.0      0     0 ?        S<    2012   0:00 [cqueue/4]
root       334  0.0  0.0      0     0 ?        S<    2012   0:00 [cqueue/5]
root       335  0.0  0.0      0     0 ?        S<    2012   0:00 [cqueue/6]
root       336  0.0  0.0      0     0 ?        S<    2012   0:00 [cqueue/7]
root       337  0.0  0.0      0     0 ?        S<    2012   0:00 [cqueue/8]
root       338  0.0  0.0      0     0 ?        S<    2012   0:00 [cqueue/9]
root       339  0.0  0.0      0     0 ?        S<    2012   0:00 [cqueue/10]
root       340  0.0  0.0      0     0 ?        S<    2012   0:00 [cqueue/11]
root       341  0.0  0.0      0     0 ?        S<    2012   0:00 [cqueue/12]
root       342  0.0  0.0      0     0 ?        S<    2012   0:00 [cqueue/13]
root       343  0.0  0.0      0     0 ?        S<    2012   0:00 [cqueue/14]
root       344  0.0  0.0      0     0 ?        S<    2012   0:00 [cqueue/15]
root       347  0.0  0.0      0     0 ?        S<    2012   0:00 [khubd]
root       349  0.0  0.0      0     0 ?        S<    2012   0:00 [kseriod]
root       538  0.0  0.0      0     0 ?        S     2012   0:01 [khungtaskd]
root       541  0.0  0.0      0     0 ?        S<    2012   0:29 [kswapd0]
root       542  0.0  0.0      0     0 ?        S<    2012   0:18 [kswapd1]
root       543  0.0  0.0      0     0 ?        S<    2012   0:00 [aio/0]
root       544  0.0  0.0      0     0 ?        S<    2012   0:00 [aio/1]
root       545  0.0  0.0      0     0 ?        S<    2012   0:00 [aio/2]
root       546  0.0  0.0      0     0 ?        S<    2012   0:00 [aio/3]
root       547  0.0  0.0      0     0 ?        S<    2012   0:00 [aio/4]
root       548  0.0  0.0      0     0 ?        S<    2012   0:00 [aio/5]
root       549  0.0  0.0      0     0 ?        S<    2012   0:00 [aio/6]
root       550  0.0  0.0      0     0 ?        S<    2012   0:00 [aio/7]
root       551  0.0  0.0      0     0 ?        S<    2012   0:00 [aio/8]
root       552  0.0  0.0      0     0 ?        S<    2012   0:00 [aio/9]
root       553  0.0  0.0      0     0 ?        S<    2012   0:00 [aio/10]
root       554  0.0  0.0      0     0 ?        S<    2012   0:00 [aio/11]
root       555  0.0  0.0      0     0 ?        S<    2012   0:00 [aio/12]
root       556  0.0  0.0      0     0 ?        S<    2012   0:00 [aio/13]
root       557  0.0  0.0      0     0 ?        S<    2012   0:00 [aio/14]
root       558  0.0  0.0      0     0 ?        S<    2012   0:00 [aio/15]
root       712  0.0  0.0      0     0 ?        S<    2012   0:00 [kpsmoused]
root       856  0.0  0.0      0     0 ?        S<    2012   0:00 [cciss_scan00]
root       925  0.0  0.0      0     0 ?        S<    2012   0:00 [kstriped]
root       994  0.0  0.0      0     0 ?        S<    2012  13:43 [kjournald]
root      1019  0.0  0.0      0     0 ?        S<    2012   0:06 [kauditd]
root      1056  0.0  0.0  13040   348 ?        S<s   2012   0:00 /sbin/udevd -d
root      1768  0.0  0.0      0     0 ?        S<    2012   0:11 [bnx2x]
ems       2852  0.0  0.0 102044  1400 ?        S    16:50   0:00 crond
ems       2855  0.0  0.0   8700   952 ?        Ss   16:50   0:00 /bin/sh -c /df8003/home/nms/collection.sh >/dev/null
ems       2856  0.0  0.0   8704  1000 ?        S    16:50   0:00 /bin/sh /df8003/home/nms/collection.sh
ems       2866  0.0  0.0  10460   856 ?        R    16:50   0:00 ps aux
root      3065  0.0  0.0      0     0 ?        S<    2012   0:00 [kmpathd/0]
root      3066  0.0  0.0      0     0 ?        S<    2012   0:00 [kmpathd/1]
root      3067  0.0  0.0      0     0 ?        S<    2012   0:00 [kmpathd/2]
root      3068  0.0  0.0      0     0 ?        S<    2012   0:00 [kmpathd/3]
root      3069  0.0  0.0      0     0 ?        S<    2012   0:00 [kmpathd/4]
root      3070  0.0  0.0      0     0 ?        S<    2012   0:00 [kmpathd/5]
root      3071  0.0  0.0      0     0 ?        S<    2012   0:00 [kmpathd/6]
root      3072  0.0  0.0      0     0 ?        S<    2012   0:00 [kmpathd/7]
root      3073  0.0  0.0      0     0 ?        S<    2012   0:00 [kmpathd/8]
root      3074  0.0  0.0      0     0 ?        S<    2012   0:00 [kmpathd/9]
root      3075  0.0  0.0      0     0 ?        S<    2012   0:00 [kmpathd/10]
root      3076  0.0  0.0      0     0 ?        S<    2012   0:00 [kmpathd/11]
root      3077  0.0  0.0      0     0 ?        S<    2012   0:00 [kmpathd/12]
root      3078  0.0  0.0      0     0 ?        S<    2012   0:00 [kmpathd/13]
root      3079  0.0  0.0      0     0 ?        S<    2012   0:00 [kmpathd/14]
root      3080  0.0  0.0      0     0 ?        S<    2012   0:00 [kmpathd/15]
root      3081  0.0  0.0      0     0 ?        S<    2012   0:00 [kmpath_handlerd]
root      3174  0.0  0.0      0     0 ?        S<    2012  23:53 [kjournald]
root      3176  0.0  0.0      0     0 ?        S<    2012   0:49 [kjournald]
root      3536  0.0  0.0      0     0 ?        S<    2012   0:00 [iscsi_eh]
root      3643  0.0  0.0      0     0 ?        S<    2012   0:00 [iw_cxgb3]
root      3716  0.0  0.0      0     0 ?        S<    2012   0:00 [scsi_eh_0]
root      3718  0.0  0.0      0     0 ?        S<    2012   0:00 [scsi_wq_0]
root      3719  0.0  0.0      0     0 ?        S<    2012   0:00 [scsi_eh_1]
root      3724  0.0  0.0      0     0 ?        S<    2012   0:00 [scsi_wq_1]
root      3768  0.0  0.0      0     0 ?        S<    2012   0:00 [ib_addr]
root      3803  0.0  0.0      0     0 ?        S<    2012   0:00 [ib_mcast]
root      3804  0.0  0.0      0     0 ?        S<    2012   0:00 [ib_inform]
root      3805  0.0  0.0      0     0 ?        S<    2012   0:00 [local_sa]
root      3823  0.0  0.0      0     0 ?        S<    2012   0:00 [iw_cm_wq]
root      3841  0.0  0.0      0     0 ?        S<    2012   0:00 [ib_cm/0]
root      3842  0.0  0.0      0     0 ?        S<    2012   0:00 [ib_cm/1]
root      3843  0.0  0.0      0     0 ?        S<    2012   0:00 [ib_cm/2]
root      3844  0.0  0.0      0     0 ?        S<    2012   0:00 [ib_cm/3]
root      3845  0.0  0.0      0     0 ?        S<    2012   0:00 [ib_cm/4]
root      3846  0.0  0.0      0     0 ?        S<    2012   0:00 [ib_cm/5]
root      3847  0.0  0.0      0     0 ?        S<    2012   0:00 [ib_cm/6]
root      3848  0.0  0.0      0     0 ?        S<    2012   0:00 [ib_cm/7]
root      3849  0.0  0.0      0     0 ?        S<    2012   0:00 [ib_cm/8]
root      3850  0.0  0.0      0     0 ?        S<    2012   0:00 [ib_cm/9]
root      3851  0.0  0.0      0     0 ?        S<    2012   0:00 [ib_cm/10]
root      3852  0.0  0.0      0     0 ?        S<    2012   0:00 [ib_cm/11]
root      3853  0.0  0.0      0     0 ?        S<    2012   0:00 [ib_cm/12]
root      3854  0.0  0.0      0     0 ?        S<    2012   0:00 [ib_cm/13]
root      3855  0.0  0.0      0     0 ?        S<    2012   0:00 [ib_cm/14]
root      3856  0.0  0.0      0     0 ?        S<    2012   0:00 [ib_cm/15]
root      3879  0.0  0.0      0     0 ?        S<    2012   0:00 [rdma_cm]
root      3923  0.0  0.0  59320   476 ?        Ssl   2012   0:01 brcm_iscsiuio
root      3929  0.0  0.0   3984   360 ?        Ss    2012   0:00 iscsid
root      3930  0.0  0.0   4476  2432 ?        S<Ls  2012   0:01 iscsid
root      4094  0.0  0.0      0     0 ?        S<    2012   0:00 [bond0]
root      4222  0.0  0.0  92860   776 ?        S<sl  2012   1:06 auditd
root      4224  0.0  0.0 147336   924 ?        S<sl  2012   0:25 /sbin/audispd
root      4246  0.0  0.0   5908   612 ?        Ss    2012   0:41 syslogd -m 0
root      4249  0.0  0.0   3804   320 ?        Ss    2012   0:00 klogd -x
root      4451  0.0  0.0  10760   344 ?        Ss    2012  10:40 irqbalance
rpc       4469  0.0  0.0   8052   432 ?        Ss    2012   0:00 portmap
root      4510  0.0  0.0      0     0 ?        S<    2012   0:00 [rpciod/0]
root      4511  0.0  0.0      0     0 ?        S<    2012   0:00 [rpciod/1]
root      4512  0.0  0.0      0     0 ?        S<    2012   0:00 [rpciod/2]
root      4513  0.0  0.0      0     0 ?        S<    2012   0:00 [rpciod/3]
root      4514  0.0  0.0      0     0 ?        S<    2012   0:00 [rpciod/4]
root      4515  0.0  0.0      0     0 ?        S<    2012   0:00 [rpciod/5]
root      4516  0.0  0.0      0     0 ?        S<    2012   0:00 [rpciod/6]
root      4517  0.0  0.0      0     0 ?        S<    2012   0:00 [rpciod/7]
root      4518  0.0  0.0      0     0 ?        S<    2012   0:00 [rpciod/8]
root      4519  0.0  0.0      0     0 ?        S<    2012   0:00 [rpciod/9]
root      4520  0.0  0.0      0     0 ?        S<    2012   0:00 [rpciod/10]
root      4521  0.0  0.0      0     0 ?        S<    2012   0:00 [rpciod/11]
root      4522  0.0  0.0      0     0 ?        S<    2012   0:00 [rpciod/12]
root      4523  0.0  0.0      0     0 ?        S<    2012   0:00 [rpciod/13]
root      4524  0.0  0.0      0     0 ?        S<    2012   0:00 [rpciod/14]
root      4525  0.0  0.0      0     0 ?        S<    2012   0:00 [rpciod/15]
root      4546  0.0  0.0  10160   612 ?        Ss    2012   0:00 rpc.statd
root      4570  0.0  0.0  56072   248 ?        Ss    2012   0:00 rpc.idmapd
dbus      4585  0.0  0.0  21464  1028 ?        Ss    2012  16:58 dbus-daemon --system
root      4600  0.0  0.0  10432   560 ?        Ss    2012   0:00 /usr/sbin/hcid
root      4604  0.0  0.0   5936   384 ?        Ss    2012   0:00 /usr/sbin/sdpd
root      4672  0.0  0.0      0     0 ?        S<    2012   0:00 [krfcommd]
root      4710  0.0  0.0  41660   708 ?        Ssl   2012   0:45 pcscd
root      4720  0.0  0.0   3800   460 ?        Ss    2012   0:00 /usr/sbin/acpid
68        4729  0.0  0.0  31648  2140 ?        Ss    2012   4:11 hald
root      4730  0.0  0.0  21692   984 ?        S     2012   0:00 hald-runner
68        4738  0.0  0.0  12324   696 ?        S     2012   0:00 hald-addon-acpi: listening on acpid socket /var/run/acpid.socket
68        4743  0.0  0.0  12324   736 ?        S     2012   0:00 hald-addon-keyboard: listening on /dev/input/event0
root      4784  0.0  0.0   8516   356 ?        Ss    2012   0:00 /usr/bin/hidd --server
root      4823  0.0  0.0 121988  1004 ?        Ssl   2012   0:03 automount
root      4840  0.0  0.0  26324   292 ?        Ss    2012   0:00 ./hpiod
root      4845  0.0  0.0 159380  1324 ?        S     2012   0:10 python ./hpssd.py
root      4858  0.0  0.0  62608   708 ?        Ss    2012   0:00 /usr/sbin/sshd
root      4867  0.0  0.0 133564  1040 ?        Ss    2012   0:00 cupsd
root      4881  0.0  0.0  21644   752 ?        Ss    2012   0:00 xinetd -stayalive -pidfile /var/run/xinetd.pid
ntp       4898  0.0  0.0  19188  4888 ?        SLs   2012   0:11 ntpd -u ntp:ntp -p /var/run/ntpd.pid -g
uuidd     4935  0.0  0.0  60984    60 ?        Ss    2012   0:00 /usr/sbin/uuidd
root      4955  0.0  0.0  66936  1024 ?        Ss    2012   0:25 sendmail: accepting connections
smmsp     4965  0.0  0.0  57688   744 ?        Ss    2012   0:00 sendmail: Queue runner@01:00:00 for /var/spool/clientmqueue
root      4975  0.0  0.0   6452   280 ?        Ss    2012   0:16 gpm -m /dev/input/mice -t exps2
root      4984  0.0  0.0  74840   988 ?        Ss    2012   0:11 crond
ems       5002  0.0  0.0 187020  1796 ?        Ssl  Mar17   0:00 /usr/libexec/bonobo-activation-server --ac-activate --ior-output-fd=16
xfs       5017  0.0  0.0  43280   868 ?        Ss    2012   0:02 xfs -droppriv -daemon
root      5034  0.0  0.0  18732   352 ?        Ss    2012   0:00 /usr/sbin/atd
avahi     5064  0.0  0.0  23280  1152 ?        Ss    2012   0:03 avahi-daemon: running [dwdd3.local]
avahi     5065  0.0  0.0  23148   176 ?        Ss    2012   0:00 avahi-daemon: chroot helper
root      5076  0.0  0.0 150756  1760 ?        Ssl   2012   0:00 /usr/sbin/cimserver
root      5144  0.0  0.0  18416   260 ?        S     2012   0:00 /usr/sbin/smartd -q never
root      5149  0.0  0.0   3792   400 tty1     Ss+   2012   0:00 /sbin/mingetty tty1
root      5150  0.0  0.0   3792   400 tty2     Ss+   2012   0:00 /sbin/mingetty tty2
root      5151  0.0  0.0   3792   400 tty3     Ss+   2012   0:00 /sbin/mingetty tty3
root      5152  0.0  0.0   3792   400 tty4     Ss+   2012   0:00 /sbin/mingetty tty4
root      5153  0.0  0.0   3792   400 tty5     Ss+   2012   0:00 /sbin/mingetty tty5
root      5155  0.0  0.0   3792   400 tty6     Ss+   2012   0:00 /sbin/mingetty tty6
root      5156  0.0  0.0 167720  1732 ?        Ss    2012   0:00 /usr/sbin/gdm-binary -nodaemon
root      5257  0.0  0.0 201052  2268 ?        S     2012   0:00 /usr/sbin/gdm-binary -nodaemon
root      5259  0.0  0.0 255380  3104 ?        Sl    2012   0:20 /usr/libexec/gdm-rh-security-token-helper
root      5260  0.3  0.5 191792 46368 tty7     SLs+  2012 2769:49 /usr/bin/Xorg :0 -br -audit 0 -auth /var/gdm/:0.Xauth -nolisten tcp vt7
root      5274  0.0  0.5 532380 44272 tty7     Sl+   2012 513:23 ./rgsender -daemon -display 0 -l /etc/opt/hpremote/rgsender/logSetup
root      5279  0.0  0.1 268876 13004 ?        SN    2012   0:28 /usr/bin/python -tt /usr/sbin/yum-updatesd
root      5281  0.0  0.0  12916   920 ?        SN    2012   0:03 /usr/libexec/gam_server
ems       5396  0.0  0.2 314752 19188 ?        Sl   Aug01   1:42 gnome-terminal
ems       5398  0.0  0.0  90492  4392 ?        S    Aug01   0:00 /usr/libexec/gconfd-2 12
ems       5400  0.0  0.0 187004  2988 ?        Ssl  Aug01   0:00 /usr/libexec/bonobo-activation-server --ac-activate --ior-output-fd=16
ems       5405  0.0  0.0  20144  1300 ?        Ss   Aug01   0:00 /usr/bin/esd -terminate -nobeeps -as 2 -spawnfd 18
ems       5406  0.0  0.0  14868   728 ?        S    Aug01   0:00 gnome-pty-helper
ems       5407  0.0  0.0  72700  1828 pts/3    Ss   Aug01   0:00 bash
ems       5613  0.0  0.0  90476  2136 ?        S    May14   0:00 /usr/libexec/gconfd-2 5
ems       5830  0.0  0.0 245496  4280 ?        Ss    2012   0:00 /usr/bin/gnome-session
ems       5839  0.0  0.0  90480  4384 ?        S    Jun25   0:00 /usr/libexec/gconfd-2 5
ems       5860  0.0  0.0 146520  5776 tty7     Sl+   2012   0:36 ./rgsender_gui
ems       5864  0.0  0.0      0     0 ?        Z     2012   0:00 [Xsession] <defunct>
ems       5871  0.0  0.0  53852   304 ?        Ss    2012   0:00 /usr/bin/ssh-agent /bin/sh -c exec -l /bin/bash -c "/usr/bin/dbus-launch --exit-with-session /etc/X11/xinit/Xclients"
ems       5962  0.0  0.0  15180   384 ?        S     2012   0:00 /usr/bin/dbus-launch --exit-with-session /etc/X11/xinit/Xclients
ems       5963  0.0  0.0  21364   916 ?        Ss    2012   0:00 /bin/dbus-daemon --fork --print-pid 4 --print-address 6 --session
ems       5969  0.0  0.0  90532  2184 ?        S     2012   0:09 /usr/libexec/gconfd-2 5
ems       5972  0.0  0.0  12900   400 ?        S     2012   0:00 /usr/bin/gnome-keyring-daemon
ems       5974  0.0  0.0 264748  4664 ?        Sl    2012   1:02 /usr/libexec/gnome-settings-daemon
ems       5980  0.0  0.0 114072  3496 ?        Ss    2012   0:00 /usr/lib64/scim-1.0/scim-launcher -d -c simple -e all -f socket --no-stay
ems       5996  0.0  0.1 185124  9764 ?        Ss    2012   2:49 metacity --sm-client-id=default1
ems       6000  0.0  0.1 350016 10196 ?        Ss    2012   1:19 gnome-panel --sm-client-id default2
ems       6002  0.0  0.1 485356 12972 ?        Ss    2012   1:34 nautilus --no-default-window --sm-client-id default3
ems       6006  0.0  0.0 263060  1820 ?        Ssl   2012   0:00 /usr/libexec/bonobo-activation-server --ac-activate --ior-output-fd=16
ems       6007  0.0  0.0 230464  3020 ?        Ss    2012   0:00 gnome-volume-manager --sm-client-id default5
ems       6009  0.0  0.0 263448  4420 ?        Ss    2012   0:02 eggcups --sm-client-id default4
ems       6014  0.0  0.0 147264  2568 ?        S     2012   0:00 /usr/libexec/gnome-vfs-daemon
ems       6025  0.0  0.0 154232  3580 ?        Ss    2012   0:03 bt-applet --sm-disable
ems       6034  0.0  0.1 364924 12736 ?        Ss    2012   0:13 /usr/bin/python -tt /usr/bin/puplet
ems       6036  0.0  0.0 291692  4648 ?        Ss    2012   0:04 nm-applet --sm-disable
ems       6040  0.0  0.0  72372  1856 ?        Sl    2012   0:24 ./escd --key_Inserted="/usr/bin/esc" --on_Signal="/usr/bin/esc"
ems       6042  0.0  0.0 155424  3420 ?        Ss    2012   0:04 pam-panel-icon --sm-client-id default0
root      6043  0.0  0.0  12188   628 ?        S     2012   0:18 /sbin/pam_timestamp_check -d root
root      6049  0.0  0.0  57872  2608 ?        S     2012   0:02 /usr/sbin/nm-system-settings --config /etc/NetworkManager/nm-system-settings.conf
ems       6050  0.0  0.0  82440   296 ?        Ss    2012   0:00 /usr/lib64/scim-1.0/scim-helper-manager
ems       6051  0.0  0.0 197308  5128 ?        Ssl   2012   0:48 /usr/lib64/scim-1.0/scim-panel-gtk --display :0.0 -c socket -d --no-stay
ems       6053  0.0  0.0  90216  1040 ?        Ss    2012   0:08 /usr/lib64/scim-1.0/scim-launcher -d -c socket -e socket -f x11
ems       6054  0.0  0.0 296852  4184 ?        Ss    2012  14:13 gnome-power-manager
ems       6060  0.0  0.0  13052  1056 ?        S     2012   0:48 /usr/libexec/gam_server
ems       6062  0.0  0.1 327308 10512 ?        S     2012   2:22 /usr/libexec/wnck-applet --oaf-activate-iid=OAFIID:GNOME_Wncklet_Factory --oaf-ior-fd=19
ems       6082  0.0  0.0  12824   748 ?        S     2012   0:00 /usr/libexec/mapping-daemon
ems       6091  0.0  0.0 298928  6792 ?        S     2012   0:04 /usr/libexec/clock-applet --oaf-activate-iid=OAFIID:GNOME_ClockApplet_Factory --oaf-ior-fd=23
ems       6093  0.0  0.0 411016  6736 ?        Sl    2012   2:38 /usr/libexec/mixer_applet2 --oaf-activate-iid=OAFIID:GNOME_MixerApplet_Factory --oaf-ior-fd=31
ems       6095  0.0  0.0 241212  4676 ?        S     2012   0:00 /usr/libexec/notification-area-applet --oaf-activate-iid=OAFIID:GNOME_NotificationAreaApplet_Factory --oaf-ior-fd=35
ems       6110  0.0  0.0 183976  4492 ?        Ss    2012   3:59 gnome-screensaver
ems       7337  0.0  0.0 187000  2968 ?        Ssl  Jul10   0:00 /usr/libexec/bonobo-activation-server --ac-activate --ior-output-fd=16
ems       8413  0.0  0.0  90516  1968 ?        S     2012   0:00 /usr/libexec/gconfd-2 12
ems       9339  0.0  0.0  90480  4388 ?        S    Aug18   0:00 /usr/libexec/gconfd-2 5
ems      10587  0.0  0.0  90476  1952 ?        S     2012   0:02 /usr/libexec/gconfd-2 5
ems      11738  0.0  0.0  90476  1944 ?        S     2012   0:01 /usr/libexec/gconfd-2 5
ems      16500  0.0  0.0  90480  2152 ?        S    Apr16   0:00 /usr/libexec/gconfd-2 5
ems      16808  0.0  0.0  90492  1968 ?        S     2012   0:03 /usr/libexec/gconfd-2 12
ems      17009  0.0  0.0 187148  1792 ?        Ssl   2012   0:00 /usr/libexec/bonobo-activation-server --ac-activate --ior-output-fd=16
ems      18154  0.0  0.0  90476  1956 ?        S     2012   0:02 /usr/libexec/gconfd-2 5
ems      18157  0.0  0.0 187016  1792 ?        Ssl   2012   0:00 /usr/libexec/bonobo-activation-server --ac-activate --ior-output-fd=16
ems      18643  0.0  0.0  78704  1036 ?        S     2012  21:08 scim-bridge
ems      18927  0.0  0.0 315068  7312 ?        Sl    2012 251:07 gnome-terminal
ems      18930  0.0  0.0  14868   588 ?        S     2012   0:00 gnome-pty-helper
ems      19119  0.0  0.0  68448  1196 pts/2    Ss    2012   0:00 bash
ems      19205  0.3  0.0  12880  1196 pts/2    S+    2012 2476:03 top
ems      19594  0.0  0.0  90492  4396 ?        S    Jun04   0:00 /usr/libexec/gconfd-2 12
ems      20098  0.0  0.0  90512  1968 ?        S     2012   0:02 /usr/libexec/gconfd-2 5
ems      22056  0.0  0.0  81028  1532 ?        SN   Mar23   0:00 python /df8003/bat/gupdate
ems      22063  0.0  0.0  66096   948 ?        SN   Mar23   0:00 sh -c { cd /df8003/uif/netres/; cvs -q up ; } 2>&1
ems      22064  0.0  0.0  43556  1144 ?        SN   Mar23   0:00 cvs -q up
ems      26664  0.0  0.0  90492  1956 ?        S     2012   0:00 /usr/libexec/gconfd-2 12
ems      26666  0.0  0.0 187020  1796 ?        Ssl   2012   0:00 /usr/libexec/bonobo-activation-server --ac-activate --ior-output-fd=16
root     26834  0.0  0.0      0     0 ?        S    Aug12   2:12 [pdflush]
root     26838  0.0  0.0      0     0 ?        S    Aug12   0:00 [pdflush]
root     27279  0.0  0.1 140152  8180 ?        SN   Aug12   0:00 /df8003/bin/dbmd
root     27280  0.3  0.0 139652  3744 ?        SN   Aug12 141:08 /df8003/bin/applogd
root     27281  0.2  0.0 135308  3472 ?        S    Aug12 123:07 /df8003/bin/netmd
root     27282  0.3  0.2 159100 18188 ?        S    Aug12 161:08 /df8003/bin/sysmd
root     27355  0.0  0.0 208616  7924 ?        SN   Aug12   0:05 /df8003/bin/procmd
root     27356  0.0  0.0 208120  7736 ?        SN   Aug12   0:00 proc_watchd
root     27357  0.1  0.1 217520  8352 ?        SN   Aug12  88:45 netmond -s 3600
ems      27358  0.0  0.1 290312 14072 ?        SN   Aug12  19:49 almd_server_rep
ems      27359  0.0  0.3 1817060 31380 ?       SN   Aug12  13:19 alm_replica -mode r
ems      27360  0.8  9.0 1802500 739460 ?      SN   Aug12 415:37 SCADA_Rep -mode r
ems      27361  0.0  0.3 541212 27572 ?        SN   Aug12  20:34 comServer
ems      27362  0.0  2.7 1705448 225628 ?      SN   Aug12   0:28 SCADA_Server -mode s1 -ref
ems      27363  0.0  0.1 1808152 15904 ?       SN   Aug12   0:00 SSM_Server -dts
ems      27365  0.0  0.0 141692  7552 ?        SN   Aug12   0:07 grsd
root     27366  0.0  0.8 1890512 72288 ?       SN   Aug12   0:04 ssrd
ems      27422  0.0  0.0  90492  1964 ?        S     2012   0:01 /usr/libexec/gconfd-2 12
ems      27909  2.5 34.8 8159548 2843204 pts/3 RNl+ Aug12 1192:08 qtmmi
ems      29169  0.0  0.0  90512  2140 ?        S    Mar06   0:00 /usr/libexec/gconfd-2 12
ems      29171  0.0  0.0 187016  1792 ?        Ssl  Mar06   0:00 /usr/libexec/bonobo-activation-server --ac-activate --ior-output-fd=16
ems      29372  0.0  0.0  90476  1952 ?        S     2012   0:02 /usr/libexec/gconfd-2 5
ems      30051  0.0  0.0 187148  1792 ?        Ssl   2012   0:00 /usr/libexec/bonobo-activation-server --ac-activate --ior-output-fd=16
ems      30540  0.0  0.0  90480  1968 ?        S    Feb22   0:00 /usr/libexec/gconfd-2 5
ems      31999  0.0  0.0  90492  4396 ?        S    Jul09   0:00 /usr/libexec/gconfd-2 12
cmdbegin:mac
1: lo: <LOOPBACK,UP,LOWER_UP> mtu 16436 qdisc noqueue 
    link/loopback 00:00:00:00:00:00 brd 00:00:00:00:00:00
    inet 127.0.0.1/8 scope host lo
    inet6 ::1/128 scope host 
       valid_lft forever preferred_lft forever
2: eth0: <BROADCAST,MULTICAST,SLAVE,UP,LOWER_UP> mtu 1500 qdisc pfifo_fast master bond0 qlen 1000
    link/ether 3c:4a:92:ec:e4:a8 brd ff:ff:ff:ff:ff:ff
3: eth1: <BROADCAST,MULTICAST,SLAVE,UP,LOWER_UP> mtu 1500 qdisc pfifo_fast master bond0 qlen 1000
    link/ether 3c:4a:92:ec:e4:a8 brd ff:ff:ff:ff:ff:ff
4: sit0: <NOARP> mtu 1480 qdisc noop 
    link/sit 0.0.0.0 brd 0.0.0.0
5: bond0: <BROADCAST,MULTICAST,MASTER,UP,LOWER_UP> mtu 1500 qdisc noqueue 
    link/ether 3c:4a:92:ec:e4:a8 brd ff:ff:ff:ff:ff:ff
    inet 192.168.1.32/24 brd 192.168.1.255 scope global bond0
    inet6 fe80::3e4a:92ff:feec:e4a8/64 scope link 
       valid_lft forever preferred_lft forever
cmdbegin:interface
Linux 2.6.18-194.el5 (dwdd3) 	09/13/13

16:50:07        IFACE   rxpck/s   txpck/s   rxbyt/s   txbyt/s   rxcmp/s   txcmp/s  rxmcst/s
16:50:08           lo    280.00    280.00  24278.00  24278.00      0.00      0.00      0.00
16:50:08         eth0    154.00      4.00 176062.00    542.00      0.00      0.00      6.00
16:50:08         eth1    125.00      0.00 138310.00      0.00      0.00      0.00      0.00
16:50:08         sit0      0.00      0.00      0.00      0.00      0.00      0.00      0.00
16:50:08        bond0    279.00      4.00 314372.00    542.00      0.00      0.00      6.00

16:50:08        IFACE   rxpck/s   txpck/s   rxbyt/s   txbyt/s   rxcmp/s   txcmp/s  rxmcst/s
16:50:09           lo    273.27    273.27  28988.12  28988.12      0.00      0.00      0.00
16:50:09         eth0     78.22      1.98  51904.95    275.25      0.00      0.00      6.93
16:50:09         eth1    162.38      0.00 187485.15      0.00      0.00      0.00      0.00
16:50:09         sit0      0.00      0.00      0.00      0.00      0.00      0.00      0.00
16:50:09        bond0    240.59      1.98 239390.10    275.25      0.00      0.00      6.93

16:50:09        IFACE   rxpck/s   txpck/s   rxbyt/s   txbyt/s   rxcmp/s   txcmp/s  rxmcst/s
16:50:10           lo    584.00    584.00  51825.00  51825.00      0.00      0.00      0.00
16:50:10         eth0     59.00      7.00  27268.00   1176.00      0.00      0.00     10.00
16:50:10         eth1     54.00      0.00  34860.00      0.00      0.00      0.00      0.00
16:50:10         sit0      0.00      0.00      0.00      0.00      0.00      0.00      0.00
16:50:10        bond0    113.00      7.00  62128.00   1176.00      0.00      0.00     10.00

Average:        IFACE   rxpck/s   txpck/s   rxbyt/s   txbyt/s   rxcmp/s   txcmp/s  rxmcst/s
Average:           lo    378.74    378.74  35010.30  35010.30      0.00      0.00      0.00
Average:         eth0     97.01      4.32  84968.11    663.12      0.00      0.00      7.64
Average:         eth1    113.95      0.00 120441.86      0.00      0.00      0.00      0.00
Average:         sit0      0.00      0.00      0.00      0.00      0.00      0.00      0.00
Average:        bond0    210.96      4.32 205409.97    663.12      0.00      0.00      7.64
cmdbegin:uname
Linux dwdd3
cmdbegin:usergroup
root:x:0:root
bin:x:1:root,bin,daemon
daemon:x:2:root,bin,daemon
sys:x:3:root,bin,adm
adm:x:4:root,adm,daemon
tty:x:5:
disk:x:6:root
lp:x:7:daemon,lp
mem:x:8:
kmem:x:9:
wheel:x:10:root
mail:x:12:mail
news:x:13:news
uucp:x:14:uucp
man:x:15:
games:x:20:
gopher:x:30:
dip:x:40:
ftp:x:50:
lock:x:54:
nobody:x:99:
users:x:100:ems
nscd:x:28:
floppy:x:19:
vcsa:x:69:
audio:x:63:gdm
utmp:x:22:
rpc:x:32:
mailnull:x:47:
smmsp:x:51:
pcap:x:77:
utempter:x:35:
slocate:x:21:
ntp:x:38:
sshd:x:74:
rpcuser:x:29:
nfsnobody:x:4294967294:
dbus:x:81:
avahi:x:70:
haldaemon:x:68:
avahi-autoipd:x:101:
distcache:x:94:
mysql:x:27:
apache:x:48:
postgres:x:26:
webalizer:x:67:
oprofile:x:16:
squid:x:23:
named:x:25:
xfs:x:43:
gdm:x:42:
sabayon:x:86:
stapdev:x:102:
stapusr:x:103:
ldap:x:55:
uuidd:x:104:
pkcs11:x:105:root
screen:x:84:
ident:x:98:
pvm:x:24:
privoxy:x:73:
quaggavt:x:85:
quagga:x:92:
radvd:x:75:
radiusd:x:95:
tomcat:x:91:
pegasus:x:65:
fuse:x:106:
dfdz:x:500:ems
dba:x:501:oracle
oracle:x:502:
cmdbegin:user
root:x:0:0:root:/root:/bin/bash
bin:x:1:1:bin:/bin:/sbin/nologin
daemon:x:2:2:daemon:/sbin:/sbin/nologin
adm:x:3:4:adm:/var/adm:/sbin/nologin
lp:x:4:7:lp:/var/spool/lpd:/sbin/nologin
sync:x:5:0:sync:/sbin:/bin/sync
shutdown:x:6:0:shutdown:/sbin:/sbin/shutdown
halt:x:7:0:halt:/sbin:/sbin/halt
mail:x:8:12:mail:/var/spool/mail:/sbin/nologin
news:x:9:13:news:/etc/news:
uucp:x:10:14:uucp:/var/spool/uucp:/sbin/nologin
operator:x:11:0:operator:/root:/sbin/nologin
games:x:12:100:games:/usr/games:/sbin/nologin
gopher:x:13:30:gopher:/var/gopher:/sbin/nologin
ftp:x:14:50:FTP User:/var/ftp:/sbin/nologin
nobody:x:99:99:Nobody:/:/sbin/nologin
nscd:x:28:28:NSCD Daemon:/:/sbin/nologin
vcsa:x:69:69:virtual console memory owner:/dev:/sbin/nologin
rpc:x:32:32:Portmapper RPC user:/:/sbin/nologin
mailnull:x:47:47::/var/spool/mqueue:/sbin/nologin
smmsp:x:51:51::/var/spool/mqueue:/sbin/nologin
pcap:x:77:77::/var/arpwatch:/sbin/nologin
ntp:x:38:38::/etc/ntp:/sbin/nologin
sshd:x:74:74:Privilege-separated SSH:/var/empty/sshd:/sbin/nologin
rpcuser:x:29:29:RPC Service User:/var/lib/nfs:/sbin/nologin
nfsnobody:x:4294967294:4294967294:Anonymous NFS User:/var/lib/nfs:/sbin/nologin
dbus:x:81:81:System message bus:/:/sbin/nologin
avahi:x:70:70:Avahi daemon:/:/sbin/nologin
haldaemon:x:68:68:HAL daemon:/:/sbin/nologin
avahi-autoipd:x:100:101:avahi-autoipd:/var/lib/avahi-autoipd:/sbin/nologin
distcache:x:94:94:Distcache:/:/sbin/nologin
mysql:x:27:27:MySQL Server:/var/lib/mysql:/bin/bash
apache:x:48:48:Apache:/var/www:/sbin/nologin
postgres:x:26:26:PostgreSQL Server:/var/lib/pgsql:/bin/bash
webalizer:x:67:67:Webalizer:/var/www/usage:/sbin/nologin
oprofile:x:16:16:Special user account to be used by OProfile:/home/oprofile:/sbin/nologin
squid:x:23:23::/var/spool/squid:/sbin/nologin
named:x:25:25:Named:/var/named:/sbin/nologin
xfs:x:43:43:X Font Server:/etc/X11/fs:/sbin/nologin
gdm:x:42:42::/var/gdm:/sbin/nologin
sabayon:x:86:86:Sabayon user:/home/sabayon:/sbin/nologin
ldap:x:55:55:LDAP User:/var/lib/ldap:/bin/false
uuidd:x:101:104:UUID generator helper daemon:/var/lib/libuuid:/sbin/nologin
amanda:x:33:6:Amanda user:/var/lib/amanda:/bin/bash
ident:x:98:98::/:/sbin/nologin
pvm:x:24:24::/usr/share/pvm3:/bin/bash
privoxy:x:73:73::/etc/privoxy:/sbin/nologin
quagga:x:92:92:Quagga routing suite:/var/run/quagga:/sbin/nologin
radvd:x:75:75:radvd user:/:/sbin/nologin
radiusd:x:95:95:radiusd user:/home/radiusd:/sbin/nologin
tomcat:x:91:91:Tomcat:/usr/share/tomcat5:/bin/sh
pegasus:x:66:65:tog-pegasus OpenPegasus WBEM/CIM services:/var/lib/Pegasus:/sbin/nologin
ems:x:115:500::/df8003/home:/bin/bash
oracle:x:502:501::/usr/local/oracle:/bin/bash
cmdbegin:date
Fri Sep 13 16:50:10 CST 2013
cmdbegin:uptime
 16:50:10 up 536 days,  4:57,  3 users,  load average: 0.04, 0.08, 0.08
cmdbegin:end
