cmdbegin:version
Linux version 2.6.18-194.el5 (mockbuild@x86-005.build.bos.redhat.com) (gcc version 4.1.2 20080704 (Red Hat 4.1.2-48)) #1 SMP Tue Mar 16 21:52:39 EDT 2010
cmdbegin:cpuconfig
processor	: 0
model name	: Intel(R) Xeon(R) CPU           E5620  @ 2.40GHz
cpu MHz		: 2400.159
cache size	: 12288 KB
processor	: 1
model name	: Intel(R) Xeon(R) CPU           E5620  @ 2.40GHz
cpu MHz		: 2400.159
cache size	: 12288 KB
processor	: 2
model name	: Intel(R) Xeon(R) CPU           E5620  @ 2.40GHz
cpu MHz		: 2400.159
cache size	: 12288 KB
processor	: 3
model name	: Intel(R) Xeon(R) CPU           E5620  @ 2.40GHz
cpu MHz		: 2400.159
cache size	: 12288 KB
processor	: 4
model name	: Intel(R) Xeon(R) CPU           E5620  @ 2.40GHz
cpu MHz		: 2400.159
cache size	: 12288 KB
processor	: 5
model name	: Intel(R) Xeon(R) CPU           E5620  @ 2.40GHz
cpu MHz		: 2400.159
cache size	: 12288 KB
processor	: 6
model name	: Intel(R) Xeon(R) CPU           E5620  @ 2.40GHz
cpu MHz		: 2400.159
cache size	: 12288 KB
processor	: 7
model name	: Intel(R) Xeon(R) CPU           E5620  @ 2.40GHz
cpu MHz		: 2400.159
cache size	: 12288 KB
processor	: 8
model name	: Intel(R) Xeon(R) CPU           E5620  @ 2.40GHz
cpu MHz		: 2400.159
cache size	: 12288 KB
processor	: 9
model name	: Intel(R) Xeon(R) CPU           E5620  @ 2.40GHz
cpu MHz		: 2400.159
cache size	: 12288 KB
processor	: 10
model name	: Intel(R) Xeon(R) CPU           E5620  @ 2.40GHz
cpu MHz		: 2400.159
cache size	: 12288 KB
processor	: 11
model name	: Intel(R) Xeon(R) CPU           E5620  @ 2.40GHz
cpu MHz		: 2400.159
cache size	: 12288 KB
processor	: 12
model name	: Intel(R) Xeon(R) CPU           E5620  @ 2.40GHz
cpu MHz		: 2400.159
cache size	: 12288 KB
processor	: 13
model name	: Intel(R) Xeon(R) CPU           E5620  @ 2.40GHz
cpu MHz		: 2400.159
cache size	: 12288 KB
processor	: 14
model name	: Intel(R) Xeon(R) CPU           E5620  @ 2.40GHz
cpu MHz		: 2400.159
cache size	: 12288 KB
processor	: 15
model name	: Intel(R) Xeon(R) CPU           E5620  @ 2.40GHz
cpu MHz		: 2400.159
cache size	: 12288 KB
cmdbegin:disk
Filesystem           1K-blocks      Used Available Use% Mounted on
/dev/cciss/c0d0p2     20310348   1039196  18222796   6% /
/dev/cciss/c0d0p6     57492372  36311272  18213516  67% /df8003
/dev/cciss/c0d0p3     40628928   6379604  32152204  17% /usr
tmpfs                  4080312         0   4080312   0% /dev/shm
cmdbegin:diskperf
Linux 2.6.18-194.el5 (dwmain4) 	09/13/13

16:55:01          DEV       tps  rd_sec/s  wr_sec/s  avgrq-sz  avgqu-sz     await     svctm     %util
16:55:02     dev104-0      7.92      0.00    285.15     36.00      0.07     10.38      6.75      5.35
16:55:02     dev104-1      0.00      0.00      0.00      0.00      0.00      0.00      0.00      0.00
16:55:02     dev104-2      7.92      0.00    285.15     36.00      0.07     10.38      6.75      5.35
16:55:02     dev104-3      0.00      0.00      0.00      0.00      0.00      0.00      0.00      0.00
16:55:02     dev104-4      0.00      0.00      0.00      0.00      0.00      0.00      0.00      0.00
16:55:02     dev104-5      0.00      0.00      0.00      0.00      0.00      0.00      0.00      0.00
16:55:02     dev104-6      0.00      0.00      0.00      0.00      0.00      0.00      0.00      0.00

16:55:02          DEV       tps  rd_sec/s  wr_sec/s  avgrq-sz  avgqu-sz     await     svctm     %util
16:55:03     dev104-0      1.00      0.00     16.00     16.00      0.01     15.00     15.00      1.50
16:55:03     dev104-1      0.00      0.00      0.00      0.00      0.00      0.00      0.00      0.00
16:55:03     dev104-2      0.00      0.00      0.00      0.00      0.00      0.00      0.00      0.00
16:55:03     dev104-3      0.00      0.00      0.00      0.00      0.00      0.00      0.00      0.00
16:55:03     dev104-4      0.00      0.00      0.00      0.00      0.00      0.00      0.00      0.00
16:55:03     dev104-5      0.00      0.00      0.00      0.00      0.00      0.00      0.00      0.00
16:55:03     dev104-6      1.00      0.00     16.00     16.00      0.01     15.00     15.00      1.50

16:55:03          DEV       tps  rd_sec/s  wr_sec/s  avgrq-sz  avgqu-sz     await     svctm     %util
16:55:04     dev104-0      9.00      0.00    240.00     26.67      0.16     18.00      4.89      4.40
16:55:04     dev104-1      0.00      0.00      0.00      0.00      0.00      0.00      0.00      0.00
16:55:04     dev104-2      0.00      0.00      0.00      0.00      0.00      0.00      0.00      0.00
16:55:04     dev104-3      0.00      0.00      0.00      0.00      0.00      0.00      0.00      0.00
16:55:04     dev104-4      0.00      0.00      0.00      0.00      0.00      0.00      0.00      0.00
16:55:04     dev104-5      0.00      0.00      0.00      0.00      0.00      0.00      0.00      0.00
16:55:04     dev104-6      9.00      0.00    240.00     26.67      0.16     18.00      4.89      4.40

Average:          DEV       tps  rd_sec/s  wr_sec/s  avgrq-sz  avgqu-sz     await     svctm     %util
Average:     dev104-0      5.98      0.00    180.73     30.22      0.08     14.44      6.28      3.75
Average:     dev104-1      0.00      0.00      0.00      0.00      0.00      0.00      0.00      0.00
Average:     dev104-2      2.66      0.00     95.68     36.00      0.02     10.38      6.75      1.79
Average:     dev104-3      0.00      0.00      0.00      0.00      0.00      0.00      0.00      0.00
Average:     dev104-4      0.00      0.00      0.00      0.00      0.00      0.00      0.00      0.00
Average:     dev104-5      0.00      0.00      0.00      0.00      0.00      0.00      0.00      0.00
Average:     dev104-6      3.32      0.00     85.05     25.60      0.06     17.70      5.90      1.96
cmdbegin:cpu
Linux 2.6.18-194.el5 (dwmain4) 	09/13/13

16:55:04          CPU     %user     %nice   %system   %iowait    %steal     %idle
16:55:05          all      0.19      0.12      0.12      0.00      0.00     99.56
16:55:06          all      0.12      0.12      0.25      0.12      0.00     99.38
16:55:07          all      0.12      0.06      0.12      0.12      0.00     99.56
Average:          all      0.15      0.10      0.17      0.08      0.00     99.50
cmdbegin:memory
             total       used       free     shared    buffers     cached
Mem:       8160624    7422856     737768          0     461220    3583820
-/+ buffers/cache:    3377816    4782808
Swap:     20971176         52   20971124
cmdbegin:process
USER       PID %CPU %MEM    VSZ   RSS TTY      STAT START   TIME COMMAND
root         1  0.0  0.0  10348   684 ?        Ss   Jul11   0:10 init [5]                             
root         2  0.0  0.0      0     0 ?        S<   Jul11   0:00 [migration/0]
root         3  0.0  0.0      0     0 ?        SN   Jul11   0:00 [ksoftirqd/0]
root         4  0.0  0.0      0     0 ?        S<   Jul11   0:00 [watchdog/0]
root         5  0.0  0.0      0     0 ?        S<   Jul11   0:00 [migration/1]
root         6  0.0  0.0      0     0 ?        SN   Jul11   0:00 [ksoftirqd/1]
root         7  0.0  0.0      0     0 ?        S<   Jul11   0:00 [watchdog/1]
root         8  0.0  0.0      0     0 ?        S<   Jul11   0:00 [migration/2]
root         9  0.0  0.0      0     0 ?        SN   Jul11   0:00 [ksoftirqd/2]
root        10  0.0  0.0      0     0 ?        S<   Jul11   0:00 [watchdog/2]
root        11  0.0  0.0      0     0 ?        S<   Jul11   0:00 [migration/3]
root        12  0.0  0.0      0     0 ?        SN   Jul11   0:00 [ksoftirqd/3]
root        13  0.0  0.0      0     0 ?        S<   Jul11   0:00 [watchdog/3]
root        14  0.0  0.0      0     0 ?        S<   Jul11   0:00 [migration/4]
root        15  0.0  0.0      0     0 ?        SN   Jul11   0:00 [ksoftirqd/4]
root        16  0.0  0.0      0     0 ?        S<   Jul11   0:00 [watchdog/4]
root        17  0.0  0.0      0     0 ?        S<   Jul11   0:00 [migration/5]
root        18  0.0  0.0      0     0 ?        SN   Jul11   0:00 [ksoftirqd/5]
root        19  0.0  0.0      0     0 ?        S<   Jul11   0:00 [watchdog/5]
root        20  0.0  0.0      0     0 ?        S<   Jul11   0:00 [migration/6]
root        21  0.0  0.0      0     0 ?        SN   Jul11   0:00 [ksoftirqd/6]
root        22  0.0  0.0      0     0 ?        S<   Jul11   0:00 [watchdog/6]
root        23  0.0  0.0      0     0 ?        S<   Jul11   0:00 [migration/7]
root        24  0.0  0.0      0     0 ?        SN   Jul11   0:00 [ksoftirqd/7]
root        25  0.0  0.0      0     0 ?        S<   Jul11   0:00 [watchdog/7]
root        26  0.0  0.0      0     0 ?        S<   Jul11   0:00 [migration/8]
root        27  0.0  0.0      0     0 ?        SN   Jul11   0:00 [ksoftirqd/8]
root        28  0.0  0.0      0     0 ?        S<   Jul11   0:00 [watchdog/8]
root        29  0.0  0.0      0     0 ?        S<   Jul11   0:01 [migration/9]
root        30  0.0  0.0      0     0 ?        SN   Jul11   0:01 [ksoftirqd/9]
root        31  0.0  0.0      0     0 ?        S<   Jul11   0:00 [watchdog/9]
root        32  0.0  0.0      0     0 ?        S<   Jul11   0:00 [migration/10]
root        33  0.0  0.0      0     0 ?        SN   Jul11   0:01 [ksoftirqd/10]
root        34  0.0  0.0      0     0 ?        S<   Jul11   0:00 [watchdog/10]
root        35  0.0  0.0      0     0 ?        S<   Jul11   0:00 [migration/11]
root        36  0.0  0.0      0     0 ?        SN   Jul11   0:00 [ksoftirqd/11]
root        37  0.0  0.0      0     0 ?        S<   Jul11   0:00 [watchdog/11]
root        38  0.0  0.0      0     0 ?        S<   Jul11   0:00 [migration/12]
root        39  0.0  0.0      0     0 ?        SN   Jul11   0:00 [ksoftirqd/12]
root        40  0.0  0.0      0     0 ?        S<   Jul11   0:00 [watchdog/12]
root        41  0.0  0.0      0     0 ?        S<   Jul11   0:01 [migration/13]
root        42  0.0  0.0      0     0 ?        SN   Jul11   0:02 [ksoftirqd/13]
root        43  0.0  0.0      0     0 ?        S<   Jul11   0:00 [watchdog/13]
root        44  0.0  0.0      0     0 ?        S<   Jul11   0:00 [migration/14]
root        45  0.0  0.0      0     0 ?        SN   Jul11   0:00 [ksoftirqd/14]
root        46  0.0  0.0      0     0 ?        S<   Jul11   0:00 [watchdog/14]
root        47  0.0  0.0      0     0 ?        S<   Jul11   0:02 [migration/15]
root        48  0.0  0.0      0     0 ?        SN   Jul11   0:01 [ksoftirqd/15]
root        49  0.0  0.0      0     0 ?        S<   Jul11   0:00 [watchdog/15]
root        50  0.0  0.0      0     0 ?        S<   Jul11   0:00 [events/0]
root        51  0.0  0.0      0     0 ?        S<   Jul11   2:29 [events/1]
root        52  0.0  0.0      0     0 ?        S<   Jul11   3:06 [events/2]
root        53  0.0  0.0      0     0 ?        S<   Jul11   0:00 [events/3]
root        54  0.0  0.0      0     0 ?        S<   Jul11   0:00 [events/4]
root        55  0.0  0.0      0     0 ?        S<   Jul11   2:27 [events/5]
root        56  0.0  0.0      0     0 ?        S<   Jul11   0:00 [events/6]
root        57  0.0  0.0      0     0 ?        S<   Jul11   4:00 [events/7]
root        58  0.0  0.0      0     0 ?        S<   Jul11   0:00 [events/8]
root        59  0.0  0.0      0     0 ?        S<   Jul11   0:00 [events/9]
root        60  0.0  0.0      0     0 ?        S<   Jul11   0:00 [events/10]
root        61  0.0  0.0      0     0 ?        S<   Jul11   0:00 [events/11]
root        62  0.0  0.0      0     0 ?        S<   Jul11   0:00 [events/12]
root        63  0.0  0.0      0     0 ?        S<   Jul11   0:00 [events/13]
root        64  0.0  0.0      0     0 ?        S<   Jul11   0:00 [events/14]
root        65  0.0  0.0      0     0 ?        S<   Jul11   0:00 [events/15]
root        66  0.0  0.0      0     0 ?        S<   Jul11   0:00 [khelper]
root       141  0.0  0.0      0     0 ?        S<   Jul11   0:00 [kthread]
root       161  0.0  0.0      0     0 ?        S<   Jul11   0:00 [kblockd/0]
root       162  0.0  0.0      0     0 ?        S<   Jul11   0:01 [kblockd/1]
root       163  0.0  0.0      0     0 ?        S<   Jul11   0:04 [kblockd/2]
root       164  0.0  0.0      0     0 ?        S<   Jul11   0:00 [kblockd/3]
root       165  0.0  0.0      0     0 ?        S<   Jul11   0:00 [kblockd/4]
root       166  0.0  0.0      0     0 ?        S<   Jul11   0:02 [kblockd/5]
root       167  0.0  0.0      0     0 ?        S<   Jul11   0:00 [kblockd/6]
root       168  0.0  0.0      0     0 ?        S<   Jul11   0:03 [kblockd/7]
root       169  0.0  0.0      0     0 ?        S<   Jul11   0:00 [kblockd/8]
root       170  0.0  0.0      0     0 ?        S<   Jul11   0:00 [kblockd/9]
root       171  0.0  0.0      0     0 ?        S<   Jul11   0:00 [kblockd/10]
root       172  0.0  0.0      0     0 ?        S<   Jul11   0:00 [kblockd/11]
root       173  0.0  0.0      0     0 ?        S<   Jul11   0:00 [kblockd/12]
root       174  0.0  0.0      0     0 ?        S<   Jul11   0:00 [kblockd/13]
root       175  0.0  0.0      0     0 ?        S<   Jul11   0:00 [kblockd/14]
root       176  0.0  0.0      0     0 ?        S<   Jul11   0:00 [kblockd/15]
root       177  0.0  0.0      0     0 ?        S<   Jul11   0:00 [kacpid]
root       329  0.0  0.0      0     0 ?        S<   Jul11   0:00 [cqueue/0]
root       330  0.0  0.0      0     0 ?        S<   Jul11   0:00 [cqueue/1]
root       331  0.0  0.0      0     0 ?        S<   Jul11   0:00 [cqueue/2]
root       332  0.0  0.0      0     0 ?        S<   Jul11   0:00 [cqueue/3]
root       333  0.0  0.0      0     0 ?        S<   Jul11   0:00 [cqueue/4]
root       334  0.0  0.0      0     0 ?        S<   Jul11   0:00 [cqueue/5]
root       335  0.0  0.0      0     0 ?        S<   Jul11   0:00 [cqueue/6]
root       336  0.0  0.0      0     0 ?        S<   Jul11   0:00 [cqueue/7]
root       337  0.0  0.0      0     0 ?        S<   Jul11   0:00 [cqueue/8]
root       338  0.0  0.0      0     0 ?        S<   Jul11   0:00 [cqueue/9]
root       339  0.0  0.0      0     0 ?        S<   Jul11   0:00 [cqueue/10]
root       340  0.0  0.0      0     0 ?        S<   Jul11   0:00 [cqueue/11]
root       341  0.0  0.0      0     0 ?        S<   Jul11   0:00 [cqueue/12]
root       342  0.0  0.0      0     0 ?        S<   Jul11   0:00 [cqueue/13]
root       343  0.0  0.0      0     0 ?        S<   Jul11   0:00 [cqueue/14]
root       344  0.0  0.0      0     0 ?        S<   Jul11   0:00 [cqueue/15]
root       347  0.0  0.0      0     0 ?        S<   Jul11   0:00 [khubd]
root       349  0.0  0.0      0     0 ?        S<   Jul11   0:00 [kseriod]
root       538  0.0  0.0      0     0 ?        S    Jul11   0:00 [khungtaskd]
root       541  0.0  0.0      0     0 ?        S<   Jul11   0:00 [kswapd0]
root       542  0.0  0.0      0     0 ?        S<   Jul11   0:00 [kswapd1]
root       543  0.0  0.0      0     0 ?        S<   Jul11   0:00 [aio/0]
root       544  0.0  0.0      0     0 ?        S<   Jul11   0:00 [aio/1]
root       545  0.0  0.0      0     0 ?        S<   Jul11   0:00 [aio/2]
root       546  0.0  0.0      0     0 ?        S<   Jul11   0:00 [aio/3]
root       547  0.0  0.0      0     0 ?        S<   Jul11   0:00 [aio/4]
root       548  0.0  0.0      0     0 ?        S<   Jul11   0:00 [aio/5]
root       549  0.0  0.0      0     0 ?        S<   Jul11   0:00 [aio/6]
root       550  0.0  0.0      0     0 ?        S<   Jul11   0:00 [aio/7]
root       551  0.0  0.0      0     0 ?        S<   Jul11   0:00 [aio/8]
root       552  0.0  0.0      0     0 ?        S<   Jul11   0:00 [aio/9]
root       553  0.0  0.0      0     0 ?        S<   Jul11   0:00 [aio/10]
root       554  0.0  0.0      0     0 ?        S<   Jul11   0:00 [aio/11]
root       555  0.0  0.0      0     0 ?        S<   Jul11   0:00 [aio/12]
root       556  0.0  0.0      0     0 ?        S<   Jul11   0:00 [aio/13]
root       557  0.0  0.0      0     0 ?        S<   Jul11   0:00 [aio/14]
root       558  0.0  0.0      0     0 ?        S<   Jul11   0:00 [aio/15]
root       712  0.0  0.0      0     0 ?        S<   Jul11   0:00 [kpsmoused]
root       856  0.0  0.0      0     0 ?        S<   Jul11   0:00 [cciss_scan00]
root       925  0.0  0.0      0     0 ?        S<   Jul11   0:00 [kstriped]
root       994  0.0  0.0      0     0 ?        S<   Jul11   9:50 [kjournald]
root      1019  0.0  0.0      0     0 ?        S<   Jul11   0:00 [kauditd]
root      1056  0.0  0.0  13040  1208 ?        S<s  Jul11   0:00 /sbin/udevd -d
ems       1095  0.1  0.0  57976  4944 pts/1    S+   Jul19 110:35 ssh dsrt-a -X
root      1819  0.0  0.0      0     0 ?        S<   Jul11   0:01 [bnx2x]
root      2804  0.0  0.0      0     0 ?        S<   Jul11   0:00 [kmpathd/0]
root      2805  0.0  0.0      0     0 ?        S<   Jul11   0:00 [kmpathd/1]
root      2806  0.0  0.0      0     0 ?        S<   Jul11   0:00 [kmpathd/2]
root      2807  0.0  0.0      0     0 ?        S<   Jul11   0:00 [kmpathd/3]
root      2808  0.0  0.0      0     0 ?        S<   Jul11   0:00 [kmpathd/4]
root      2809  0.0  0.0      0     0 ?        S<   Jul11   0:00 [kmpathd/5]
root      2810  0.0  0.0      0     0 ?        S<   Jul11   0:00 [kmpathd/6]
root      2811  0.0  0.0      0     0 ?        S<   Jul11   0:00 [kmpathd/7]
root      2812  0.0  0.0      0     0 ?        S<   Jul11   0:00 [kmpathd/8]
root      2813  0.0  0.0      0     0 ?        S<   Jul11   0:00 [kmpathd/9]
root      2814  0.0  0.0      0     0 ?        S<   Jul11   0:00 [kmpathd/10]
root      2815  0.0  0.0      0     0 ?        S<   Jul11   0:00 [kmpathd/11]
root      2816  0.0  0.0      0     0 ?        S<   Jul11   0:00 [kmpathd/12]
root      2817  0.0  0.0      0     0 ?        S<   Jul11   0:00 [kmpathd/13]
root      2818  0.0  0.0      0     0 ?        S<   Jul11   0:00 [kmpathd/14]
root      2819  0.0  0.0      0     0 ?        S<   Jul11   0:00 [kmpathd/15]
root      2820  0.0  0.0      0     0 ?        S<   Jul11   0:00 [kmpath_handlerd]
ems       2858  0.0  0.0 101996  1544 ?        S    16:55   0:00 crond
ems       2859  0.0  0.0   8700   952 ?        Ss   16:55   0:00 /bin/sh -c /df8003/home/nms/collection.sh >/dev/null
ems       2860  0.0  0.0   8704   996 ?        S    16:55   0:00 /bin/sh /df8003/home/nms/collection.sh
ems       2871  0.0  0.0  10460   864 ?        R    16:55   0:00 ps aux
root      2913  0.0  0.0      0     0 ?        S<   Jul11   2:11 [kjournald]
root      2915  0.0  0.0      0     0 ?        S<   Jul11   0:05 [kjournald]
root      3274  0.0  0.0      0     0 ?        S<   Jul11   0:00 [iscsi_eh]
root      3381  0.0  0.0      0     0 ?        S<   Jul11   0:00 [iw_cxgb3]
root      3455  0.0  0.0      0     0 ?        S<   Jul11   0:00 [scsi_eh_0]
root      3456  0.0  0.0      0     0 ?        S<   Jul11   0:00 [scsi_wq_0]
root      3457  0.0  0.0      0     0 ?        S<   Jul11   0:00 [scsi_eh_1]
root      3459  0.0  0.0      0     0 ?        S<   Jul11   0:00 [scsi_wq_1]
root      3505  0.0  0.0      0     0 ?        S<   Jul11   0:00 [ib_addr]
root      3541  0.0  0.0      0     0 ?        S<   Jul11   0:00 [ib_mcast]
root      3542  0.0  0.0      0     0 ?        S<   Jul11   0:00 [ib_inform]
root      3543  0.0  0.0      0     0 ?        S<   Jul11   0:00 [local_sa]
root      3561  0.0  0.0      0     0 ?        S<   Jul11   0:00 [iw_cm_wq]
root      3579  0.0  0.0      0     0 ?        S<   Jul11   0:00 [ib_cm/0]
root      3580  0.0  0.0      0     0 ?        S<   Jul11   0:00 [ib_cm/1]
root      3581  0.0  0.0      0     0 ?        S<   Jul11   0:00 [ib_cm/2]
root      3582  0.0  0.0      0     0 ?        S<   Jul11   0:00 [ib_cm/3]
root      3583  0.0  0.0      0     0 ?        S<   Jul11   0:00 [ib_cm/4]
root      3584  0.0  0.0      0     0 ?        S<   Jul11   0:00 [ib_cm/5]
root      3585  0.0  0.0      0     0 ?        S<   Jul11   0:00 [ib_cm/6]
root      3586  0.0  0.0      0     0 ?        S<   Jul11   0:00 [ib_cm/7]
root      3587  0.0  0.0      0     0 ?        S<   Jul11   0:00 [ib_cm/8]
root      3588  0.0  0.0      0     0 ?        S<   Jul11   0:00 [ib_cm/9]
root      3589  0.0  0.0      0     0 ?        S<   Jul11   0:00 [ib_cm/10]
root      3590  0.0  0.0      0     0 ?        S<   Jul11   0:00 [ib_cm/11]
root      3591  0.0  0.0      0     0 ?        S<   Jul11   0:00 [ib_cm/12]
root      3592  0.0  0.0      0     0 ?        S<   Jul11   0:00 [ib_cm/13]
root      3593  0.0  0.0      0     0 ?        S<   Jul11   0:00 [ib_cm/14]
root      3594  0.0  0.0      0     0 ?        S<   Jul11   0:00 [ib_cm/15]
root      3612  0.0  0.0      0     0 ?        S<   Jul11   0:00 [rdma_cm]
root      3660  0.0  0.0  59320   688 ?        Ssl  Jul11   0:00 brcm_iscsiuio
root      3667  0.0  0.0   3984   428 ?        Ss   Jul11   0:00 iscsid
root      3668  0.0  0.0   4476  2432 ?        S<Ls Jul11   0:00 iscsid
root      3823  0.0  0.0      0     0 ?        S<   Jul11   0:00 [bond0]
root      3951  0.0  0.0  92860   920 ?        S<sl Jul11   0:08 auditd
root      3953  0.0  0.0 147336   980 ?        S<sl Jul11   0:03 /sbin/audispd
root      3975  0.0  0.0   5908   652 ?        Ss   Jul11   0:09 syslogd -m 0
root      3978  0.0  0.0   3804   428 ?        Ss   Jul11   0:00 klogd -x
root      4180  0.0  0.0  10760   400 ?        Ss   Jul11   1:36 irqbalance
rpc       4198  0.0  0.0   8052   576 ?        Ss   Jul11   0:00 portmap
root      4239  0.0  0.0      0     0 ?        S<   Jul11   0:00 [rpciod/0]
root      4240  0.0  0.0      0     0 ?        S<   Jul11   0:00 [rpciod/1]
root      4241  0.0  0.0      0     0 ?        S<   Jul11   0:00 [rpciod/2]
root      4242  0.0  0.0      0     0 ?        S<   Jul11   0:00 [rpciod/3]
root      4243  0.0  0.0      0     0 ?        S<   Jul11   0:00 [rpciod/4]
root      4244  0.0  0.0      0     0 ?        S<   Jul11   0:00 [rpciod/5]
root      4245  0.0  0.0      0     0 ?        S<   Jul11   0:00 [rpciod/6]
root      4246  0.0  0.0      0     0 ?        S<   Jul11   0:00 [rpciod/7]
root      4247  0.0  0.0      0     0 ?        S<   Jul11   0:00 [rpciod/8]
root      4248  0.0  0.0      0     0 ?        S<   Jul11   0:00 [rpciod/9]
root      4249  0.0  0.0      0     0 ?        S<   Jul11   0:00 [rpciod/10]
root      4250  0.0  0.0      0     0 ?        S<   Jul11   0:00 [rpciod/11]
root      4251  0.0  0.0      0     0 ?        S<   Jul11   0:00 [rpciod/12]
root      4252  0.0  0.0      0     0 ?        S<   Jul11   0:00 [rpciod/13]
root      4253  0.0  0.0      0     0 ?        S<   Jul11   0:00 [rpciod/14]
root      4254  0.0  0.0      0     0 ?        S<   Jul11   0:00 [rpciod/15]
root      4275  0.0  0.0  10160   792 ?        Ss   Jul11   0:00 rpc.statd
root      4299  0.0  0.0  55180   768 ?        Ss   Jul11   0:00 rpc.idmapd
dbus      4314  0.0  0.0  21488  1168 ?        Ss   Jul11   2:04 dbus-daemon --system
root      4329  0.0  0.0  10432   812 ?        Ss   Jul11   0:00 /usr/sbin/hcid
root      4335  0.0  0.0   5936   540 ?        Ss   Jul11   0:00 /usr/sbin/sdpd
root      4401  0.0  0.0      0     0 ?        S<   Jul11   0:00 [krfcommd]
root      4439  0.0  0.0  41660  1420 ?        Ssl  Jul11   0:06 pcscd
root      4449  0.0  0.0   3800   576 ?        Ss   Jul11   0:00 /usr/sbin/acpid
68        4458  0.0  0.0  31600  4536 ?        Ss   Jul11   0:30 hald
root      4459  0.0  0.0  21692  1064 ?        S    Jul11   0:00 hald-runner
68        4467  0.0  0.0  12324   844 ?        S    Jul11   0:00 hald-addon-acpi: listening on acpid socket /var/run/acpid.socket
68        4472  0.0  0.0  12324   848 ?        S    Jul11   0:00 hald-addon-keyboard: listening on /dev/input/event0
root      4514  0.0  0.0   8516   476 ?        Ss   Jul11   0:00 /usr/bin/hidd --server
root      4553  0.0  0.0 121988  1532 ?        Ssl  Jul11   0:00 automount
root      4570  0.0  0.0  26324   524 ?        Ss   Jul11   0:00 ./hpiod
root      4575  0.0  0.0 159336  6768 ?        S    Jul11   0:01 python ./hpssd.py
root      4588  0.0  0.0  62608  1212 ?        Ss   Jul11   0:00 /usr/sbin/sshd
root      4597  0.0  0.0 133520  2844 ?        Ss   Jul11   0:00 cupsd
root      4611  0.0  0.0  21644   924 ?        Ss   Jul11   0:00 xinetd -stayalive -pidfile /var/run/xinetd.pid
ntp       4628  0.0  0.0  19188  4888 ?        SLs  Jul11   0:05 ntpd -u ntp:ntp -p /var/run/ntpd.pid -g
uuidd     4665  0.0  0.0  60940   136 ?        Ss   Jul11   0:00 /usr/sbin/uuidd
root      4677  0.0  0.0  44268   644 ?        Ss   Jul11   0:00 /usr/sbin/vsftpd /etc/vsftpd/vsftpd.conf
root      4695  0.0  0.0  67436  2336 ?        Ss   Jul11   0:06 sendmail: accepting connections
smmsp     4705  0.0  0.0  57692  1760 ?        Ss   Jul11   0:00 sendmail: Queue runner@01:00:00 for /var/spool/clientmqueue
root      4715  0.0  0.0   6452   376 ?        Ss   Jul11   0:01 gpm -m /dev/input/mice -t exps2
root      4724  0.0  0.0  74792  1156 ?        Ss   Jul11   0:01 crond
xfs       4757  0.0  0.0  21068  1868 ?        Ss   Jul11   0:03 xfs -droppriv -daemon
root      4774  0.0  0.0  18732   464 ?        Ss   Jul11   0:00 /usr/sbin/atd
avahi     4804  0.0  0.0  23280  1332 ?        Ss   Jul11   0:00 avahi-daemon: running [dwmain4.local]
avahi     4805  0.0  0.0  23148   336 ?        Ss   Jul11   0:00 avahi-daemon: chroot helper
root      4816  0.0  0.0 150744  5740 ?        Ssl  Jul11   0:00 /usr/sbin/cimserver
root      4886  0.0  0.0  18416   464 ?        S    Jul11   0:00 /usr/sbin/smartd -q never
root      4891  0.0  0.0   3792   484 tty1     Ss+  Jul11   0:00 /sbin/mingetty tty1
root      4892  0.0  0.0   3792   480 tty2     Ss+  Jul11   0:00 /sbin/mingetty tty2
root      4893  0.0  0.0   3792   480 tty3     Ss+  Jul11   0:00 /sbin/mingetty tty3
root      4894  0.0  0.0   3792   484 tty4     Ss+  Jul11   0:00 /sbin/mingetty tty4
root      4896  0.0  0.0   3792   484 tty5     Ss+  Jul11   0:00 /sbin/mingetty tty5
root      4898  0.0  0.0   3792   484 tty6     Ss+  Jul11   0:00 /sbin/mingetty tty6
root      4899  0.0  0.0 167676  2684 ?        Ss   Jul11   0:00 /usr/sbin/gdm-binary -nodaemon
root      5002  0.0  0.0 201008  3460 ?        S    Jul11   0:00 /usr/sbin/gdm-binary -nodaemon
root      5004  0.0  0.0 255336  4136 ?        Sl   Jul11   0:02 /usr/libexec/gdm-rh-security-token-helper
root      5005  2.4  1.0 190588 81872 tty7     SLs+ Jul11 2222:33 /usr/bin/Xorg :0 -br -audit 0 -auth /var/gdm/:0.Xauth vt7
root      5018  0.3  0.4 501076 38016 tty7     Sl+  Jul11 323:51 ./rgsender -daemon -display 0 -l /etc/opt/hpremote/rgsender/logSetup
root      5028  0.0  0.2 260108 17012 ?        SN   Jul11   0:03 /usr/bin/python -tt /usr/sbin/yum-updatesd
root      5030  0.0  0.0  12916  1148 ?        SN   Jul11   0:00 /usr/libexec/gam_server
ems       5067  0.0  0.0 245452  6584 ?        Ss   Jul11   0:00 /usr/bin/gnome-session
ems       5081  0.0  0.1 146528 14256 tty7     Sl+  Jul11   0:10 ./rgsender_gui
ems       5101  0.0  0.0      0     0 ?        Z    Jul11   0:00 [Xsession] <defunct>
ems       5108  0.0  0.0  53852   812 ?        Ss   Jul11   0:00 /usr/bin/ssh-agent /bin/sh -c exec -l /bin/bash -c "/usr/bin/dbus-launch --exit-with-session /etc/X11/xinit/Xclients"
ems       5199  0.0  0.0  15180   536 ?        S    Jul11   0:00 /usr/bin/dbus-launch --exit-with-session /etc/X11/xinit/Xclients
ems       5200  0.0  0.0  22152  1016 ?        Ss   Jul11   0:00 /bin/dbus-daemon --fork --print-pid 4 --print-address 6 --session
ems       5206  0.0  0.0  90468  4436 ?        S    Jul11   0:01 /usr/libexec/gconfd-2 5
ems       5207  0.0  0.5 267916 47228 ?        Ss   Jul11   0:07 /usr/lib64/scim-1.0/scim-launcher -d -c simple -e all -f socket --no-stay
ems       5211  0.0  0.0  12900   576 ?        S    Jul11   0:00 /usr/bin/gnome-keyring-daemon
ems       5213  0.0  0.0 264840  7856 ?        Sl   Jul11   2:53 /usr/libexec/gnome-settings-daemon
ems       5225  0.0  0.0  82396   628 ?        Ss   Jul11   0:00 /usr/lib64/scim-1.0/scim-helper-manager
ems       5226  0.0  0.1 262980 11028 ?        Ssl  Jul11   0:46 /usr/lib64/scim-1.0/scim-panel-gtk --display :0.0 -c socket -d --no-stay
ems       5228  0.0  0.1 100920 10804 ?        Ss   Jul11   0:07 /usr/lib64/scim-1.0/scim-launcher -d -c socket -e socket -f x11
ems       5239  0.0  0.0 197600  3372 ?        Ssl  Jul11   0:00 /usr/libexec/bonobo-activation-server --ac-activate --ior-output-fd=18
ems       5244  0.0  0.2 188780 19384 ?        Ss   Jul11  63:50 metacity --sm-client-id=default1
ems       5246  0.0  0.0 239128  5144 ?        S    Jul11   0:00 /usr/libexec/vino-server --oaf-activate-iid=OAFIID:GNOME_RemoteDesktopServer --oaf-ior-fd=17
ems       5251  0.0  0.2 335352 17696 ?        Ss   Jul11   8:22 gnome-panel --sm-client-id default2
ems       5253  0.0  0.3 492992 32196 ?        Ss   Jul11   0:17 nautilus --no-default-window --sm-client-id default3
ems       5256  0.0  0.0 230424  4648 ?        Ss   Jul11   0:00 gnome-volume-manager --sm-client-id default5
ems       5258  0.0  0.0 263412  7704 ?        Ss   Jul11   0:00 eggcups --sm-client-id default4
ems       5264  0.0  0.0 154188  4756 ?        Ss   Jul11   0:00 bt-applet --sm-disable
ems       5270  0.0  0.0 147220  3336 ?        S    Jul11   0:00 /usr/libexec/gnome-vfs-daemon
ems       5274  0.0  0.4 364744 33736 ?        Ss   Jul11   0:01 /usr/bin/python -tt /usr/bin/puplet
ems       5281  0.0  0.1 291668 11468 ?        Ss   Jul11   0:00 nm-applet --sm-disable
ems       5288  0.0  0.0 155000  4472 ?        Ss   Jul11   0:00 pam-panel-icon --sm-client-id default0
root      5290  0.0  0.0  12192   700 ?        S    Jul11   0:00 /sbin/pam_timestamp_check -d root
ems       5291  0.0  0.0  72376  2676 ?        Sl   Jul11   0:04 ./escd --key_Inserted="/usr/bin/esc" --on_Signal="/usr/bin/esc"
ems       5293  0.0  0.0 296804  6708 ?        Ss   Jul11   1:41 gnome-power-manager
root      5296  0.0  0.0  57872  3316 ?        S    Jul11   0:00 /usr/sbin/nm-system-settings --config /etc/NetworkManager/nm-system-settings.conf
ems       5298  0.0  0.0  13024  1208 ?        S    Jul11   0:06 /usr/libexec/gam_server
ems       5312  0.0  0.0  12828   864 ?        S    Jul11   0:00 /usr/libexec/mapping-daemon
ems       5318  0.0  1.3 455020 108584 ?       Sl   Jul11  31:05 gnome-terminal
ems       5322  0.0  0.0  78664  1376 ?        S    Jul11   2:38 scim-bridge
ems       5323  0.0  0.0  14872   748 ?        S    Jul11   0:00 gnome-pty-helper
ems       5324  0.0  0.0  72660  1828 pts/1    Ss   Jul11   0:00 bash
ems       5416  0.0  0.0 241168  7080 ?        S    Jul11   0:00 /usr/libexec/notification-area-applet --oaf-activate-iid=OAFIID:GNOME_NotificationAreaApplet_Factory --oaf-ior-fd=25
ems       5418  0.1  4.5 679752 370956 ?       S    Jul11 150:23 /usr/libexec/wnck-applet --oaf-activate-iid=OAFIID:GNOME_Wncklet_Factory --oaf-ior-fd=31
ems       5420  0.0  0.1 361680 15492 ?        S    Jul11   0:31 /usr/libexec/clock-applet --oaf-activate-iid=OAFIID:GNOME_ClockApplet_Factory --oaf-ior-fd=39
ems       5422  0.0  0.1 337128 15192 ?        S    Jul11   0:00 /usr/libexec/mixer_applet2 --oaf-activate-iid=OAFIID:GNOME_MixerApplet_Factory --oaf-ior-fd=45
ems       5437  0.0  0.0 183948  4952 ?        Ss   Jul11   2:46 gnome-screensaver
ems       5536  0.0  0.0  68408  1720 pts/2    Ss   Jul11   0:00 bash
ems       5694  0.0  0.0  57832  4604 pts/2    S+   Jul11  20:01 ssh dsrt-a -X
ems       6466  0.0  0.0  68408  1724 pts/27   Ss   Aug14   0:00 bash
ems       6561  0.0  0.0  58128  5088 pts/27   S+   Aug14   6:23 ssh dsrt-a -X
ems       6602  0.0  0.0  68408  1728 pts/37   Ss   Sep03   0:00 bash
ems       8707  0.0  0.7 1985328 60888 pts/37  SN+  Sep10   0:02 qtdbui
ems       8840  0.0  0.0  90436  4372 ?        S    Sep10   0:00 /usr/libexec/gconfd-2 5
ems       9039  0.0  0.0  68408  1724 pts/24   Ss   Aug05   0:00 bash
ems       9330  0.0  0.0  57544  4504 pts/24   S+   Aug05  11:57 ssh dsfe-b -X
ems       9523  0.0  0.0  68408  1732 pts/12   Ss+  Aug20   0:00 bash
ems      10135  0.9  8.6 6012324 702588 pts/30 SNl+ Sep12  18:22 qtmmi
ems      10784  0.0  0.0  68408  1724 pts/15   Ss+  Jul22   0:00 bash
ems      10884  0.0  0.0  68408  1724 pts/16   Ss   Jul22   0:00 bash
ems      10970  0.0  0.0  57544  4504 pts/16   S+   Jul22   2:53 ssh dsrt-a -X
ems      11060  0.0  0.0  68408  1724 pts/17   Ss   Jul22   0:00 bash
ems      11161  0.0  0.0  56308  3192 pts/17   S+   Jul22   0:00 ssh dsrt-a -X
ems      12014  0.0  0.0  68408  1724 pts/3    Ss+  Jul12   0:00 bash
ems      12196  0.0  0.0  68408  1724 pts/5    Ss   Jul12   0:00 bash
ems      12282  0.1  0.0  59352  6000 pts/5    S+   Jul12  93:52 ssh dsrt-a -X
ems      12285  0.0  0.0  68408  1720 pts/6    Ss+  Jul12   0:00 bash
ems      12378  0.0  0.0  68408  1724 pts/7    Ss+  Jul12   0:00 bash
ems      12514  0.0  0.0  68408  1720 pts/8    Ss   Jul12   0:00 bash
ems      12600  0.0  0.0  58824  5784 pts/8    S+   Jul12  47:13 ssh dsint-a -X
ems      13396  0.0  0.0  68408  1728 pts/14   Ss   Aug26   0:00 bash
ems      13552  0.0  0.0  56308  3188 pts/14   S+   Aug26   0:00 ssh dsrt-a -X
ems      13678  0.0  0.0  68408  1732 pts/30   Ss   Aug26   0:00 bash
ems      14319  0.0  0.0  68408  1728 pts/9    Ss   Jul12   0:00 bash
ems      14405  1.0  0.0  59384  6316 pts/9    S+   Jul12 945:07 ssh dsint-a -X
ems      15259  0.0  0.0  72660  1836 pts/10   Ss   Aug26   0:00 bash
ems      15437  0.0  0.0  56612  3456 pts/10   S+   Aug26   0:01 ssh dsrt-a -X
ems      15474  0.0  0.0  68408  1728 pts/20   Ss+  Jul26   0:00 bash
ems      15556  0.0  0.0  68408  1724 pts/31   Ss+  Aug26   0:00 bash
root     18400  0.0  0.0      0     0 ?        S    Aug12   2:30 [pdflush]
root     18402  0.0  0.0      0     0 ?        S    Aug12   0:00 [pdflush]
root     18847  0.3  0.0 139604  3736 ?        SN   Aug12 153:31 /df8003/bin/applogd
root     18848  0.0  0.1 140108  8172 ?        SN   Aug12   0:00 /df8003/bin/dbmd
root     18849  0.2  0.0 135264  3464 ?        S    Aug12 128:44 /df8003/bin/netmd
root     18850  0.3  0.2 158972 18128 ?        S    Aug12 157:57 /df8003/bin/sysmd
root     18921  0.0  0.1 208572  8552 ?        SN   Aug12   0:05 /df8003/bin/procmd
root     18922  0.0  0.1 208076  8368 ?        SN   Aug12   0:00 proc_watchd
root     18923  0.1  0.1 217472  8992 ?        SN   Aug12  90:48 netmond -s 3600
ems      18924  0.0  0.1 290268 14056 ?        SN   Aug12  19:39 almd_server_rep
ems      18925  0.0  0.3 1816936 31956 ?       SN   Aug12  15:24 alm_replica -mode r
ems      18926  0.8  9.0 1802536 740164 ?      SN   Aug12 414:31 SCADA_Rep -mode r
ems      18927  0.0  0.3 541020 27416 ?        SN   Aug12  20:14 comServer
ems      18928  0.0  2.7 1706336 226628 ?      SN   Aug12   0:28 SCADA_Server -mode s1 -ref
ems      18929  0.0  0.2 1808108 16536 ?       SN   Aug12   0:00 SSM_Server -dts
ems      18931  0.0  0.0 141648  7540 ?        SN   Aug12   0:07 grsd
root     18932  0.0  0.8 1890492 72276 ?       SN   Aug12   0:05 ssrd
ems      19060  0.0  0.0  90436  4372 ?        S    Aug15   0:00 /usr/libexec/gconfd-2 5
ems      19597  0.0  0.0  68408  1724 pts/33   Ss   Aug26   0:00 bash
ems      19686  0.1  0.0  58080  4912 pts/33   S+   Aug26  47:43 ssh dsrt-a -X
ems      22061  0.0  0.0  68408  1724 pts/18   Ss   Jul23   0:00 bash
ems      22157  0.6  0.0  60308  7228 pts/18   S+   Jul23 519:48 ssh dsint-a -X
ems      22608  0.0  0.0  68408  1720 pts/19   Ss   Jul23   0:00 bash
ems      22694  0.0  0.0  56308  3116 pts/19   S+   Jul23   0:00 ssh dwmain1
ems      23154  0.0  0.3 328388 31800 ?        Sl   Aug01   1:27 gnome-terminal
ems      23157  0.0  0.0  14872   732 ?        S    Aug01   0:00 gnome-pty-helper
ems      23158  0.0  0.0  72660  1836 pts/4    Ss+  Aug01   0:00 bash
ems      23333  0.0  0.0  68408  1720 pts/36   Ss   Sep02   0:00 bash
ems      23419  0.0  0.0  56604  3580 pts/36   S+   Sep02   0:00 ssh dsint-a -X
ems      23469  0.0  0.0  68408  1724 pts/32   Ss   Aug19   0:00 bash
ems      23597  0.0  0.0  56308  3192 pts/32   S+   Aug19   0:00 ssh dshis-a -X
ems      23855  0.0  0.0  68408  1720 pts/35   Ss+  Aug19   0:00 bash
ems      24515  0.0  0.0 186948  3012 ?        Ssl  Jul29   0:00 /usr/libexec/bonobo-activation-server --ac-activate --ior-output-fd=16
ems      24861  0.0  0.0  68408  1720 pts/34   Ss   Aug30   0:00 bash
ems      26113  0.0  0.0  68408  1724 pts/29   Ss+  Aug16   0:00 bash
ems      27011  2.0 20.5 7043872 1680288 pts/34 SNl+ Aug30 417:44 qtmmi
ems      28748  0.0  0.0  68408  1728 pts/26   Ss   Sep06   0:00 bash
ems      28834  0.0  0.0  56308  3188 pts/26   S+   Sep06   0:00 ssh dsfe-a -X
ems      29614  0.0  0.0  68408  1736 pts/28   Ss+  Aug13   0:00 bash
ems      30658  0.0  0.0  68408  1708 pts/13   Ss+  Jul19   0:00 bash
ems      31948  0.0  0.0  68408  1724 pts/11   Ss   Jul16   0:00 bash
ems      32034  0.0  0.0  57544  4504 pts/11   S+   Jul16  12:00 ssh dsrt-a -X
ems      32386  0.0  0.0  68408  1724 pts/23   Ss+  Aug02   0:00 bash
ems      32638  0.0  0.0  68408  1724 pts/21   Ss   Jul30   0:00 bash
ems      32724  0.0  0.0  56936  3896 pts/21   S+   Jul30   0:01 ssh dsdms-b -X
ems      32729  0.0  0.0  68408  1728 pts/22   Ss+  Jul30   0:00 bash
cmdbegin:mac
1: lo: <LOOPBACK,UP,LOWER_UP> mtu 16436 qdisc noqueue 
    link/loopback 00:00:00:00:00:00 brd 00:00:00:00:00:00
    inet 127.0.0.1/8 scope host lo
    inet6 ::1/128 scope host 
       valid_lft forever preferred_lft forever
2: eth0: <BROADCAST,MULTICAST,SLAVE,UP,LOWER_UP> mtu 1500 qdisc pfifo_fast master bond0 qlen 1000
    link/ether 1c:c1:de:ed:76:58 brd ff:ff:ff:ff:ff:ff
3: eth1: <BROADCAST,MULTICAST,SLAVE,UP,LOWER_UP> mtu 1500 qdisc pfifo_fast master bond0 qlen 1000
    link/ether 1c:c1:de:ed:76:58 brd ff:ff:ff:ff:ff:ff
4: sit0: <NOARP> mtu 1480 qdisc noop 
    link/sit 0.0.0.0 brd 0.0.0.0
5: bond0: <BROADCAST,MULTICAST,MASTER,UP,LOWER_UP> mtu 1500 qdisc noqueue 
    link/ether 1c:c1:de:ed:76:58 brd ff:ff:ff:ff:ff:ff
    inet 192.168.1.53/24 brd 192.168.1.255 scope global bond0
    inet6 fe80::1ec1:deff:feed:7658/64 scope link 
       valid_lft forever preferred_lft forever
cmdbegin:interface
Linux 2.6.18-194.el5 (dwmain4) 	09/13/13

16:55:07        IFACE   rxpck/s   txpck/s   rxbyt/s   txbyt/s   rxcmp/s   txcmp/s  rxmcst/s
16:55:08           lo    705.00    705.00  65164.00  65164.00      0.00      0.00      0.00
16:55:08         eth0    182.00    131.00  77613.00  59808.00      0.00      0.00     12.00
16:55:08         eth1     86.00      0.00  58052.00      0.00      0.00      0.00      0.00
16:55:08         sit0      0.00      0.00      0.00      0.00      0.00      0.00      0.00
16:55:08        bond0    268.00    131.00 135665.00  59808.00      0.00      0.00     12.00

16:55:08        IFACE   rxpck/s   txpck/s   rxbyt/s   txbyt/s   rxcmp/s   txcmp/s  rxmcst/s
16:55:09           lo    449.50    449.50  46368.32  46368.32      0.00      0.00      0.00
16:55:09         eth0    119.80    127.72  37797.03  61532.67      0.00      0.00      5.94
16:55:09         eth1     49.50      0.00  34316.83      0.00      0.00      0.00      0.00
16:55:09         sit0      0.00      0.00      0.00      0.00      0.00      0.00      0.00
16:55:09        bond0    169.31    127.72  72113.86  61532.67      0.00      0.00      5.94

16:55:09        IFACE   rxpck/s   txpck/s   rxbyt/s   txbyt/s   rxcmp/s   txcmp/s  rxmcst/s
16:55:10           lo   1007.00   1007.00  93877.00  93877.00      0.00      0.00      0.00
16:55:10         eth0    218.00     72.00 188556.00  60164.00      0.00      0.00      5.00
16:55:10         eth1    156.00      0.00 166796.00      0.00      0.00      0.00      0.00
16:55:10         sit0      0.00      0.00      0.00      0.00      0.00      0.00      0.00
16:55:10        bond0    374.00     72.00 355352.00  60164.00      0.00      0.00      5.00

Average:        IFACE   rxpck/s   txpck/s   rxbyt/s   txbyt/s   rxcmp/s   txcmp/s  rxmcst/s
Average:           lo    719.60    719.60  68396.35  68396.35      0.00      0.00      0.00
Average:         eth0    173.09    110.30 101110.96  60504.98      0.00      0.00      7.64
Average:         eth1     97.01      0.00  86215.28      0.00      0.00      0.00      0.00
Average:         sit0      0.00      0.00      0.00      0.00      0.00      0.00      0.00
Average:        bond0    270.10    110.30 187326.25  60504.98      0.00      0.00      7.64
cmdbegin:uname
Linux dwmain4
cmdbegin:usergroup
root:x:0:root
bin:x:1:root,bin,daemon
daemon:x:2:root,bin,daemon
sys:x:3:root,bin,adm
adm:x:4:root,adm,daemon
tty:x:5:
disk:x:6:root
lp:x:7:daemon,lp
mem:x:8:
kmem:x:9:
wheel:x:10:root
mail:x:12:mail,exim,postfix
news:x:13:news
uucp:x:14:uucp
man:x:15:
games:x:20:
gopher:x:30:
dip:x:40:
ftp:x:50:
lock:x:54:
nobody:x:99:
users:x:100:ems,oracle
nscd:x:28:
floppy:x:19:
vcsa:x:69:
audio:x:63:gdm
utmp:x:22:
rpc:x:32:
mailnull:x:47:
smmsp:x:51:
pcap:x:77:
utempter:x:35:
slocate:x:21:
ntp:x:38:
sshd:x:74:
rpcuser:x:29:
nfsnobody:x:4294967294:
dbus:x:81:
avahi:x:70:
haldaemon:x:68:
avahi-autoipd:x:101:
distcache:x:94:
mysql:x:27:
apache:x:48:
postgres:x:26:
webalizer:x:67:
oprofile:x:16:
squid:x:23:
named:x:25:
xfs:x:43:
gdm:x:42:
sabayon:x:86:
dovecot:x:97:
stapdev:x:102:
stapusr:x:103:
uuidd:x:104:
saslauth:x:76:cyrus
pkcs11:x:105:root
screen:x:84:
mailman:x:41:
ident:x:98:
pvm:x:24:
exim:x:93:
postdrop:x:90:
postfix:x:89:
tomcat:x:91:
pegasus:x:65:
fuse:x:106:
dfdz:x:500:ems
dba:x:501:oracle
cmdbegin:user
root:x:0:0:root:/root:/bin/bash
bin:x:1:1:bin:/bin:/sbin/nologin
daemon:x:2:2:daemon:/sbin:/sbin/nologin
adm:x:3:4:adm:/var/adm:/sbin/nologin
lp:x:4:7:lp:/var/spool/lpd:/sbin/nologin
sync:x:5:0:sync:/sbin:/bin/sync
shutdown:x:6:0:shutdown:/sbin:/sbin/shutdown
halt:x:7:0:halt:/sbin:/sbin/halt
mail:x:8:12:mail:/var/spool/mail:/sbin/nologin
news:x:9:13:news:/etc/news:
uucp:x:10:14:uucp:/var/spool/uucp:/sbin/nologin
operator:x:11:0:operator:/root:/sbin/nologin
games:x:12:100:games:/usr/games:/sbin/nologin
gopher:x:13:30:gopher:/var/gopher:/sbin/nologin
ftp:x:14:50:FTP User:/var/ftp:/sbin/nologin
nobody:x:99:99:Nobody:/:/sbin/nologin
nscd:x:28:28:NSCD Daemon:/:/sbin/nologin
vcsa:x:69:69:virtual console memory owner:/dev:/sbin/nologin
rpc:x:32:32:Portmapper RPC user:/:/sbin/nologin
mailnull:x:47:47::/var/spool/mqueue:/sbin/nologin
smmsp:x:51:51::/var/spool/mqueue:/sbin/nologin
pcap:x:77:77::/var/arpwatch:/sbin/nologin
ntp:x:38:38::/etc/ntp:/sbin/nologin
sshd:x:74:74:Privilege-separated SSH:/var/empty/sshd:/sbin/nologin
rpcuser:x:29:29:RPC Service User:/var/lib/nfs:/sbin/nologin
nfsnobody:x:4294967294:4294967294:Anonymous NFS User:/var/lib/nfs:/sbin/nologin
dbus:x:81:81:System message bus:/:/sbin/nologin
avahi:x:70:70:Avahi daemon:/:/sbin/nologin
haldaemon:x:68:68:HAL daemon:/:/sbin/nologin
avahi-autoipd:x:100:101:avahi-autoipd:/var/lib/avahi-autoipd:/sbin/nologin
distcache:x:94:94:Distcache:/:/sbin/nologin
mysql:x:27:27:MySQL Server:/var/lib/mysql:/bin/bash
apache:x:48:48:Apache:/var/www:/sbin/nologin
postgres:x:26:26:PostgreSQL Server:/var/lib/pgsql:/bin/bash
webalizer:x:67:67:Webalizer:/var/www/usage:/sbin/nologin
oprofile:x:16:16:Special user account to be used by OProfile:/home/oprofile:/sbin/nologin
squid:x:23:23::/var/spool/squid:/sbin/nologin
named:x:25:25:Named:/var/named:/sbin/nologin
xfs:x:43:43:X Font Server:/etc/X11/fs:/sbin/nologin
gdm:x:42:42::/var/gdm:/sbin/nologin
sabayon:x:86:86:Sabayon user:/home/sabayon:/sbin/nologin
dovecot:x:97:97:dovecot:/usr/libexec/dovecot:/sbin/nologin
uuidd:x:101:104:UUID generator helper daemon:/var/lib/libuuid:/sbin/nologin
cyrus:x:76:12:Cyrus IMAP Server:/var/lib/imap:/bin/bash
amanda:x:33:6:Amanda user:/var/lib/amanda:/bin/bash
mailman:x:41:41:GNU Mailing List Manager:/usr/lib/mailman:/sbin/nologin
ident:x:98:98::/:/sbin/nologin
pvm:x:24:24::/usr/share/pvm3:/bin/bash
exim:x:93:93::/var/spool/exim:/sbin/nologin
postfix:x:89:89::/var/spool/postfix:/sbin/nologin
tomcat:x:91:91:Tomcat:/usr/share/tomcat5:/bin/sh
pegasus:x:66:65:tog-pegasus OpenPegasus WBEM/CIM services:/var/lib/Pegasus:/sbin/nologin
ems:x:115:500::/df8003/home:/bin/bash
oracle:x:502:501::/usr/local/oracle:/bin/bash
cmdbegin:date
Fri Sep 13 16:55:10 CST 2013
cmdbegin:uptime
 16:55:10 up 64 days, 7 min, 37 users,  load average: 1.07, 1.06, 0.56
cmdbegin:end
