cmdbegin:disk
Filesystem           1024-blocks        Used   Available Capacity  Mounted on
root_domain#root         8388608      170796     8211472     3%    /
/proc                          0           0           0   100%    /proc
usr_domain#usr          25600000     3875765    21560696    16%    /usr
usr_domain#var          25600000      129466    21560696     1%    /var
df8003_domain#df8003    28754784     6060823    22681928    22%    /df8003
cmdbegin:proc
USER            PID %CPU %MEM   VSZ  RSS TTY      S    STARTED         TIME COMMAND
ems          488195 99.9  0.4  302M  18M ??       R N    Aug 06 38-12:06:06 pasNtp -mode r -avc
ems          512846  9.3  5.0  319M 203M ??       S N    Apr 09 13-03:32:38 SCADA_Rep -mode r
root         512753  1.0  0.6 46.2M  23M ??       S <    Apr 09  1-21:11:41 /df8003/bin/sysmd
root         512754  0.7  0.0 21.5M 1.9M ??       S <    Apr 09  1-09:40:29 /df8003/bin/applogd
root              0  0.4  4.7 5.05G 194M ??       R <    Dec 06  2-13:40:07 [kernel idle]
ems          512844  0.3  1.8  183M  74M ??       S N    Apr 09    13:54:31 comServer
root           1253  0.0  0.0 8.03M 1.4M ??       I      Dec 06     0:02.21 /usr/bin/X11/dxconsole
ems            1254  0.0  0.0 11.6M 1.8M ??       I      Dec 06    07:15:25 /usr/dt/bin/dtterm -session dtGOQslP -ls
ems            1255  0.0  0.0 2.94M 496K pts/1    I  +   Dec 06     0:00.04 -ksh (ksh)
root         434877  0.0  0.0 2.68M 224K pts/3    I  +   Sep 09     0:00.01 -sh (sh)
root         434910  0.0  0.0 10.8M 1.2M ??       I      Sep 09     0:00.84 /usr/sbin/sshd2
root         434929  0.0  0.0 2.62M 360K pts/3    I  +   Sep 09     0:00.05 telnet 192.168.108.21
ems            1252  0.0  0.1 13.7M 3.0M ??       S      Dec 06    20:54.76 dtwm
root           1237  0.0  0.0 7.31M 896K ??       I      Dec 06     0:00.04 rpc.ttdbserverd
ems            1236  0.0  0.0 7.25M 672K ??       I      Dec 06     0:00.02 /usr/dt/bin/ttsession -s
ems            1213  0.0  0.1 14.7M 2.7M ??       I      Dec 06     0:00.21 /usr/bin/X11/dxhanziim -xrm *fontList: -dt-interface system-medium-r-normal-m-*-*-*-*-*-*-*-*:
ems            1201  0.0  0.0 11.4M 1.5M ??       I      Dec 06     0:00.13 /usr/dt/bin/dtsession
root           1127  0.0  0.2 17.1M 7.3M ??       S      Dec 06     0:18.86 /usr/sbin/smsd -d
root           1129  0.0  0.0  584K 136K console  I  +   Dec 06     0:00.01 /usr/sbin/getty console console vt100
root           1178  0.0  0.0 8.03M 744K ??       S      Dec 06     1:01.56 sendmail: accept -bd -q15m -om
root           1126  0.0  0.0 5.35M 360K ??       I      Dec 06     0:00.01 dtlogin <:0> -daemon
root            967  0.0  0.0 3.94M 248K ??       S      Dec 06     0:07.33 /usr/sbin/cron
root            977  0.0  0.0 4.36M 992K ??       S      Dec 06     0:19.21 /usr/sbin/sysman_hmmod
root           1005  0.0  0.0 3.20M 328K ??       I      Dec 06     0:00.00 /usr/lbin/lpd
root           1024  0.0  0.0 2.20M 136K ??       I      Dec 06     0:00.01 /usr/sbin/utxd
root           1040  0.0  0.0 5.37M 352K ??       I      Dec 06     6:58.77 /usr/dt/bin/dtlogin -daemon
root           1098  0.0  0.2 14.0M 8.8M ??       S      Dec 06     0:12.41 /usr/opt/java131/bin/../bin/alpha/native_threads/java -classic -mx2m -Dos.version=boot authentication.server.AuthenticationServer
root           1124  0.0  0.3  191M  14M ??       S      Dec 06     9:06.72 /usr/bin/X11/X :0 -auth /var/dt/authdir/authfiles/A:0-QiXmFk
root            956  0.0  0.0 2.42M 224K ??       I      Dec 06     0:03.48 -child (inetd)
root            871  0.0  0.0 3.06M 200K ??       S      Dec 06     0:01.08 /usr/sbin/cpqthresh_mib
root            766  0.0  0.0 4.48M 352K ??       I <    Dec 06     0:00.05 /usr/sbin/pmgrd
root            765  0.0  0.0 4.09M 208K ??       S      Dec 06     0:15.47 /usr/sbin/os_mibs
root            760  0.0  0.0 5.02M 1.3M ??       S      Dec 06     0:16.91 /usr/sbin/cpq_mibs
root            748  0.0  0.0 3.12M 160K ??       S      Dec 06     0:00.92 /usr/sbin/svrMgt_mib
root            746  0.0  0.0 3.20M 224K ??       I      Dec 06     0:02.01 /usr/sbin/svrSystem_mib
root            738  0.0  0.0 2.59M 176K ??       S      Dec 06     0:08.85 /usr/sbin/snmpd
root            703  0.0  0.0 3.39M 264K ??       S      Dec 06     0:41.95 /usr/sbin/xntpd -g -c /etc/ntp.conf
root            677  0.0  0.0 10.6M 368K ??       I      Dec 06     0:00.18 /usr/sbin/sshd2
root            876  0.0  0.0 4.00M 544K ??       S      Dec 06     0:21.27 /usr/sbin/cpqstor_mib
root            890  0.0  0.1 8.80M 4.1M ??       S      Dec 06     0:11.52 /usr/sbin/insightd
root            899  0.0  0.1 6.70M 2.1M ??       S      Dec 06    01:17:15 /usr/sbin/envmond -ui cli
root            942  0.0  0.0 5.81M 1.4M ??       S <    Dec 06     0:06.98 /usr/sbin/advfsd
root            945  0.0  0.0 4.36M 992K ??       S      Dec 06     0:20.75 /usr/sbin/config_hmmod
root            955  0.0  0.0 2.34M 112K ??       I      Dec 06     0:00.00 /usr/sbin/inetd
root            513  0.0  0.0 2.28M 104K ??       I      Dec 06     0:00.31 /usr/sbin/nfsiod 7
root            186  0.0  0.0 3.98M 1.0M ??       S      Dec 06     1:05.22 /usr/sbin/evmd
root             60  0.0  0.0 2.16M 112K ??       S      Dec 06     0:00.27 /sbin/update
root             49  0.0  0.0 2.94M 328K ??       I      Dec 06     0:00.01 /usr/sbin/esmd
root              5  0.0  0.0 3.12M 368K ??       S      Dec 06     0:00.98 /sbin/hotswapd
root              3  0.0  0.0 1.77M 1.2M ??       I      Dec 06     0:01.11 /sbin/kloadsrv
root              1  0.0  0.0  616K  96K ??       SL     Dec 06     0:17.98 /sbin/init -a
root            223  0.0  0.0 3.39M 464K ??       S      Dec 06     0:17.99 /usr/sbin/evmlogger -o /var/run/evmlogger.info -l /var/evm/adm/logfiles/evmlogger.log
ems          512868  0.0  3.2  348M 131M ??       S N    Apr 09    02:31:37 rsServer
ems          512858  0.0  1.7  117M  71M ??       R N    Apr 09    02:23:43 CDA_Server
root         512853  0.0  0.7  290M  28M ??       S N    Apr 09     3:43.47 ssrd
root            224  0.0  0.0 2.87M 360K ??       S      Dec 06     0:03.95 /usr/sbin/evmchmgr -l /var/evm/adm/logfiles/evmchmgr.log
ems          512845  0.0  4.0  618M 165M ??       S N    Apr 09    10:18:15 pasServer -mode r -rep
root            351  0.0  0.0 2.88M 224K ??       I      Dec 06     0:01.37 /usr/sbin/niffd
ems          512843  0.0  0.2 40.5M 6.4M ??       R N    Apr 09    02:21:49 almd_server_rep
root         512842  0.0  1.7 88.8M  69M ??       R N    Apr 09    05:38:56 netmond -s 3600
root         512841  0.0  1.7 87.6M  69M ??       I N    Apr 09     0:00.27 proc_watchd
ems          512840  0.0  2.3  337M  94M ??       R N    Apr 09    04:23:05 alm_replica -mode r
root         512839  0.0  1.7 88.1M  69M ??       S N    Apr 09     0:40.38 /df8003/bin/procmd
root            385  0.0  0.0 2.95M 272K ??       S      Dec 06     0:04.39 /usr/sbin/syslogd -e
root            389  0.0  0.0 4.05M 464K ??       I      Dec 06     0:04.90 /usr/sbin/binlogd
root         512752  0.0  0.0 21.2M 1.6M ??       S <    Apr 09    02:39:21 /df8003/bin/netmd
root         512750  0.0  0.1 23.2M 3.5M ??       I N    Apr 09     0:00.02 /df8003/bin/dbmd
root         500772  0.0  0.2 11.8M 8.1M ??       R    16:55:01     0:00.08 ps aux
root         500762  0.0  0.0 2.68M 216K ??       S    16:55:00     0:00.00 sh -c /home/nms/collection.sh >/dev/null
root         500754  0.0  0.0 2.68M 224K ??       S    16:55:01     0:00.00 /home/nms/collection.sh
root         496647  0.0  0.0 2.62M 360K pts/4    I  + 10:57:34     0:00.01 telnet 192.168.108.90
root         496598  0.0  0.0 2.61M 384K ??       I    10:54:29     0:00.01 telnetd
root         496592  0.0  0.0 2.68M 224K pts/4    I  + 10:54:29     0:00.01 -sh (sh)
ems          491176  0.0  0.0 13.2M 1.9M ??       S      Mar 08     0:13.63 /usr/bin/X11/dxterm -ls
ems          491172  0.0  0.0 2.94M 504K pts/2    I  +   Mar 08     0:00.05 -ksh (ksh)
ems          491170  0.0  0.0 5.91M 504K ??       I      Mar 08     0:00.03 /usr/dt/bin/dtexec -open 0 -ttprocid 2.1Gm5FD 01 1236 1342177279 1 1 115 192.168.108.91 4_101_1 /usr/bin/X11/dxterm -ls
root            510  0.0  0.0 2.80M 168K ??       I      Dec 06     0:00.25 /usr/sbin/portmap
cmdbegin:vmstat
Virtual Memory Statistics: (pagesize = 8192)
  procs      memory        pages                            intr        cpu
  r   w   u  act free wire fault  cow zero react  pin pout  in   sy  cs us sy id
 16 185  40 176K 285K  45K    2G 157M 216M   368   1G    0 393 116K  2K 17 19 64
cmdbegin:vm -P

Total Physical Memory =  4096.00 M
                      =   524288 pages

Physical Memory Clusters:

start_pfn     end_pfn        type  size_pages / size_bytes
         0         654         pal         654 /    5.11M
       654      524279          os      523625 / 4090.82M
    524279      524288         pal           9 /   72.00k

Physical Memory Use:

 start_pfn     end_pfn        type  size_pages / size_bytes
       654         801    scavenge         147 /    1.15M
       801        1721        text         920 /    7.19M
      1721        1903        data         182 /    1.42M
      1903        2142         bss         239 /    1.87M
      2142        2364      kdebug         222 /    1.73M
      2364        2371     cfgmgmt           7 /   56.00k
      2371        2373       locks           2 /   16.00k
      2373        2387        pmap          14 /  112.00k
      2387        4317   unixtable        1930 /   15.08M
      4317        4413        logs          96 /  768.00k
      4413       16570    vmtables       12157 /   94.98M
     16570      524278     managed      507708 / 3966.47M
    524278      524279    scavenge           1 /    8.00k
                             ============================
         Total Physical Memory Use:     523625 / 4090.82M

Managed Pages Break Down:

       free pages = 285777
     active pages = 93330
   inactive pages = 7052
      wired pages = 45613
        ubc pages = 76084
        ==================
            Total = 507856

WIRED Pages Break Down:

   vm wired pages = 9605
  ubc wired pages = 0
  meta data pages = 15656
     malloc pages = 13715
     contig pages = 4775
    user ptepages = 1332
  kernel ptepages = 523
    free ptepages = 7
        ==================
            Total = 45613

cmdbegin:uname
OSF1 scd2
cmdbegin:date
Fri Sep 13 16:55:01 CST 2013
cmdbegin:uptime
16:55  up 281 days, 44 mins,  5 users,  load average: 1.15, 1.14, 1.14
cmdbegin:ifconfig
bcm0: flags=4000c63<UP,BROADCAST,NOTRAILERS,RUNNING,MULTICAST,SIMPLEX,RESERVED>
     NetRAIN Virtual Interface: nr0 
     NetRAIN Attached Interfaces: ( bcm0 ee0 ) Active Interface: ( bcm0 )

ee0: flags=4000c63<UP,BROADCAST,NOTRAILERS,RUNNING,MULTICAST,SIMPLEX,RESERVED>
     NetRAIN Virtual Interface: nr0 
     NetRAIN Attached Interfaces: ( bcm0 ee0 ) Active Interface: ( bcm0 )

ee1: flags=c63<UP,BROADCAST,NOTRAILERS,RUNNING,MULTICAST,SIMPLEX>

ee2: flags=c63<UP,BROADCAST,NOTRAILERS,RUNNING,MULTICAST,SIMPLEX>

lo0: flags=100c89<UP,LOOPBACK,NOARP,MULTICAST,SIMPLEX,NOCHECKSUM>
     inet 127.0.0.1 netmask ff000000 ipmtu 4096 

nr0: flags=c63<UP,BROADCAST,NOTRAILERS,RUNNING,MULTICAST,SIMPLEX>
     NetRAIN Attached Interfaces: ( bcm0 ee0 ) Active Interface: ( bcm0 )
     inet 192.168.108.91 netmask ffffff00 broadcast 192.168.108.255 ipmtu 1500 

sl0: flags=10<POINTOPOINT>

tun0: flags=80<NOARP>

tun1: flags=80<NOARP>

cmdbegin:netstat
Name  Mtu   Network        Address               Ipkts Ierrs    Opkts Oerrs  Coll
bcm0  1500  <Link>         02:16:35:3e:ed:39        25     0        1     0     0
bcm0  1500  DLI            none                     25     0        1     0     0
ee0   1500  <Link>         00:02:a5:20:53:d8  6011858881     1     1714     0     0
ee0   1500  DLI            none               6011858881     1     1714     0     0
ee1   1500  <Link>         00:13:21:08:9d:2c         0     0   414365 414365     0
ee1   1500  DLI            none                      0     0   414365 414365     0
ee2   1500  <Link>         00:13:21:08:9d:2d         0     0   414365 414365     0
ee2   1500  DLI            none                      0     0   414365 414365     0
lo0   4096  <Link>         Link#6             493480343     0 493480343     0     0
lo0   4096  127/8          127.0.0.1          493480343     0 493480343     0     0
nr0   1500  <Link>         02:16:35:3e:ed:39  7051821999     0 648929040     0     0
nr0   1500  192.168.108/24 192.168.108.91     7051821999     0 648929040     0     0
nr0   1500  DLI            none               7051821999     0 648929040     0     0
sl0*  296   <Link>         Link#5                    0     0        0     0     0
tun0* 1280  <Link>         Link#7                    0     0        0     0     0
tun1* 1280  <Link>         Link#8                    0     0        0     0     0
cmdbegin:end
cmdbegin:memoryend
root:TirGZc9/ZmXfY:0:1:system PRIVILEGED account:/:/bin/sh
nobody:*Nologin:65534:65534:anonymous NFS user:/:
nobodyV:*Nologin:60001:60001:anonymous SystemV.4 NFS user:/:
daemon:*:1:1:system background account:/:
bin:*:3:4:system librarian account:/bin:
uucp:Nologin:4:2:UNIX-to-UNIX Copy:/usr/spool/uucppublic:/usr/lib/uucp/uucico
uucpa:Nologin:4:2:uucp adminstrative account:/usr/lib/uucp:
auth:*:6:11:Authentication Subsystem:/tcb/bin:
cron:*:7:14:Cron Subsystem:/usr/adm/cron:
lp:*:8:12:Line Printer Subsystem:/users/lp:
tcb:*:9:18:Trusted Computing Base:/tcb:
adm:*:10:19:Administration Subsystem:/usr/adm:
ris:Nologin:11:21:Remote Installation Services Account:/usr/adm/ris:/bin/sh
wnn:Nologin:12:1:Wnn Japanese Input Method System Account:/tmp:/bin/sh
pop:*:13:6:POP Mail Service Account:/:
imap:*:14:6:IMAP Mail Service Account:/:
smmsp:Nologin:200:200::/usr/users/smmsp:/bin/sh
oracle:H8CRPKz2sdLG6:201:202:oracle:/usr/local/oracle:/bin/ksh
ems:Uk21videxEe7E:115:201:ems:/df8003/home:/bin/ksh
cmdbegin:user
