cmdbegin:version
Linux version 2.6.18-194.el5 (mockbuild@x86-005.build.bos.redhat.com) (gcc version 4.1.2 20080704 (Red Hat 4.1.2-48)) #1 SMP Tue Mar 16 21:52:39 EDT 2010
cmdbegin:cpuconfig
processor	: 0
model name	: Intel(R) Xeon(R) CPU           E5620  @ 2.40GHz
cpu MHz		: 2400.150
cache size	: 12288 KB
processor	: 1
model name	: Intel(R) Xeon(R) CPU           E5620  @ 2.40GHz
cpu MHz		: 2400.150
cache size	: 12288 KB
processor	: 2
model name	: Intel(R) Xeon(R) CPU           E5620  @ 2.40GHz
cpu MHz		: 2400.150
cache size	: 12288 KB
processor	: 3
model name	: Intel(R) Xeon(R) CPU           E5620  @ 2.40GHz
cpu MHz		: 2400.150
cache size	: 12288 KB
processor	: 4
model name	: Intel(R) Xeon(R) CPU           E5620  @ 2.40GHz
cpu MHz		: 2400.150
cache size	: 12288 KB
processor	: 5
model name	: Intel(R) Xeon(R) CPU           E5620  @ 2.40GHz
cpu MHz		: 2400.150
cache size	: 12288 KB
processor	: 6
model name	: Intel(R) Xeon(R) CPU           E5620  @ 2.40GHz
cpu MHz		: 2400.150
cache size	: 12288 KB
processor	: 7
model name	: Intel(R) Xeon(R) CPU           E5620  @ 2.40GHz
cpu MHz		: 2400.150
cache size	: 12288 KB
processor	: 8
model name	: Intel(R) Xeon(R) CPU           E5620  @ 2.40GHz
cpu MHz		: 2400.150
cache size	: 12288 KB
processor	: 9
model name	: Intel(R) Xeon(R) CPU           E5620  @ 2.40GHz
cpu MHz		: 2400.150
cache size	: 12288 KB
processor	: 10
model name	: Intel(R) Xeon(R) CPU           E5620  @ 2.40GHz
cpu MHz		: 2400.150
cache size	: 12288 KB
processor	: 11
model name	: Intel(R) Xeon(R) CPU           E5620  @ 2.40GHz
cpu MHz		: 2400.150
cache size	: 12288 KB
processor	: 12
model name	: Intel(R) Xeon(R) CPU           E5620  @ 2.40GHz
cpu MHz		: 2400.150
cache size	: 12288 KB
processor	: 13
model name	: Intel(R) Xeon(R) CPU           E5620  @ 2.40GHz
cpu MHz		: 2400.150
cache size	: 12288 KB
processor	: 14
model name	: Intel(R) Xeon(R) CPU           E5620  @ 2.40GHz
cpu MHz		: 2400.150
cache size	: 12288 KB
processor	: 15
model name	: Intel(R) Xeon(R) CPU           E5620  @ 2.40GHz
cpu MHz		: 2400.150
cache size	: 12288 KB
cmdbegin:disk
Filesystem           1K-blocks      Used Available Use% Mounted on
/dev/cciss/c0d0p1     19840892   1228920  17587832   7% /
/dev/cciss/c0d0p5     59485268  44252756  12162092  79% /df8003
/dev/cciss/c0d0p2     39674224   7032636  30593704  19% /usr
tmpfs                  4080312         0   4080312   0% /dev/shm
cmdbegin:diskperf
Linux 2.6.18-194.el5 (dwdd8) 	09/13/13

16:55:01          DEV       tps  rd_sec/s  wr_sec/s  avgrq-sz  avgqu-sz     await     svctm     %util
16:55:02     dev104-0      9.00      0.00    312.00     34.67      0.07      9.00      6.33      5.70
16:55:02     dev104-1      9.00      0.00    312.00     34.67      0.07      9.00      6.33      5.70
16:55:02     dev104-2      0.00      0.00      0.00      0.00      0.00      0.00      0.00      0.00
16:55:02     dev104-3      0.00      0.00      0.00      0.00      0.00      0.00      0.00      0.00
16:55:02     dev104-4      0.00      0.00      0.00      0.00      0.00      0.00      0.00      0.00
16:55:02     dev104-5      0.00      0.00      0.00      0.00      0.00      0.00      0.00      0.00

16:55:02          DEV       tps  rd_sec/s  wr_sec/s  avgrq-sz  avgqu-sz     await     svctm     %util
16:55:03     dev104-0      0.00      0.00      0.00      0.00      0.00      0.00      0.00      0.00
16:55:03     dev104-1      0.00      0.00      0.00      0.00      0.00      0.00      0.00      0.00
16:55:03     dev104-2      0.00      0.00      0.00      0.00      0.00      0.00      0.00      0.00
16:55:03     dev104-3      0.00      0.00      0.00      0.00      0.00      0.00      0.00      0.00
16:55:03     dev104-4      0.00      0.00      0.00      0.00      0.00      0.00      0.00      0.00
16:55:03     dev104-5      0.00      0.00      0.00      0.00      0.00      0.00      0.00      0.00

16:55:03          DEV       tps  rd_sec/s  wr_sec/s  avgrq-sz  avgqu-sz     await     svctm     %util
16:55:04     dev104-0      0.00      0.00      0.00      0.00      0.00      0.00      0.00      0.00
16:55:04     dev104-1      0.00      0.00      0.00      0.00      0.00      0.00      0.00      0.00
16:55:04     dev104-2      0.00      0.00      0.00      0.00      0.00      0.00      0.00      0.00
16:55:04     dev104-3      0.00      0.00      0.00      0.00      0.00      0.00      0.00      0.00
16:55:04     dev104-4      0.00      0.00      0.00      0.00      0.00      0.00      0.00      0.00
16:55:04     dev104-5      0.00      0.00      0.00      0.00      0.00      0.00      0.00      0.00

Average:          DEV       tps  rd_sec/s  wr_sec/s  avgrq-sz  avgqu-sz     await     svctm     %util
Average:     dev104-0      3.00      0.00    104.00     34.67      0.02      9.00      6.33      1.90
Average:     dev104-1      3.00      0.00    104.00     34.67      0.02      9.00      6.33      1.90
Average:     dev104-2      0.00      0.00      0.00      0.00      0.00      0.00      0.00      0.00
Average:     dev104-3      0.00      0.00      0.00      0.00      0.00      0.00      0.00      0.00
Average:     dev104-4      0.00      0.00      0.00      0.00      0.00      0.00      0.00      0.00
Average:     dev104-5      0.00      0.00      0.00      0.00      0.00      0.00      0.00      0.00
cmdbegin:cpu
Linux 2.6.18-194.el5 (dwdd8) 	09/13/13

16:55:04          CPU     %user     %nice   %system   %iowait    %steal     %idle
16:55:05          all      0.12      0.06      0.12      0.62      0.00     99.06
16:55:06          all      0.06      0.19      0.12      0.12      0.00     99.50
16:55:07          all      0.50      0.25      0.12      0.12      0.00     99.00
Average:          all      0.23      0.17      0.12      0.29      0.00     99.19
cmdbegin:memory
             total       used       free     shared    buffers     cached
Mem:       8160624    8106452      54172          0     522272    4284732
-/+ buffers/cache:    3299448    4861176
Swap:     20482864     222960   20259904
cmdbegin:process
USER       PID %CPU %MEM    VSZ   RSS TTY      STAT START   TIME COMMAND
root         1  0.0  0.0  10348   580 ?        Ss    2012   0:18 init [5]                              
root         2  0.0  0.0      0     0 ?        S<    2012   0:03 [migration/0]
root         3  0.0  0.0      0     0 ?        SN    2012   0:00 [ksoftirqd/0]
root         4  0.0  0.0      0     0 ?        S<    2012   0:00 [watchdog/0]
root         5  0.0  0.0      0     0 ?        S<    2012   0:03 [migration/1]
root         6  0.0  0.0      0     0 ?        SN    2012   0:00 [ksoftirqd/1]
root         7  0.0  0.0      0     0 ?        S<    2012   0:00 [watchdog/1]
root         8  0.0  0.0      0     0 ?        S<    2012   0:00 [migration/2]
root         9  0.0  0.0      0     0 ?        SN    2012   0:00 [ksoftirqd/2]
root        10  0.0  0.0      0     0 ?        S<    2012   0:00 [watchdog/2]
root        11  0.0  0.0      0     0 ?        S<    2012   0:00 [migration/3]
root        12  0.0  0.0      0     0 ?        SN    2012   0:00 [ksoftirqd/3]
root        13  0.0  0.0      0     0 ?        S<    2012   0:00 [watchdog/3]
root        14  0.0  0.0      0     0 ?        S<    2012   0:00 [migration/4]
root        15  0.0  0.0      0     0 ?        SN    2012   0:00 [ksoftirqd/4]
root        16  0.0  0.0      0     0 ?        S<    2012   0:00 [watchdog/4]
root        17  0.0  0.0      0     0 ?        S<    2012   0:00 [migration/5]
root        18  0.0  0.0      0     0 ?        SN    2012   0:00 [ksoftirqd/5]
root        19  0.0  0.0      0     0 ?        S<    2012   0:00 [watchdog/5]
root        20  0.0  0.0      0     0 ?        S<    2012   0:00 [migration/6]
root        21  0.0  0.0      0     0 ?        SN    2012   0:00 [ksoftirqd/6]
root        22  0.0  0.0      0     0 ?        S<    2012   0:00 [watchdog/6]
root        23  0.0  0.0      0     0 ?        S<    2012   0:00 [migration/7]
root        24  0.0  0.0      0     0 ?        SN    2012   0:00 [ksoftirqd/7]
root        25  0.0  0.0      0     0 ?        S<    2012   0:00 [watchdog/7]
root        26  0.0  0.0      0     0 ?        S<    2012   0:00 [migration/8]
root        27  0.0  0.0      0     0 ?        SN    2012   0:00 [ksoftirqd/8]
root        28  0.0  0.0      0     0 ?        S<    2012   0:00 [watchdog/8]
root        29  0.0  0.0      0     0 ?        S<    2012   0:02 [migration/9]
root        30  0.0  0.0      0     0 ?        SN    2012   0:02 [ksoftirqd/9]
root        31  0.0  0.0      0     0 ?        S<    2012   0:00 [watchdog/9]
root        32  0.0  0.0      0     0 ?        S<    2012   0:04 [migration/10]
root        33  0.0  0.0      0     0 ?        SN    2012   0:05 [ksoftirqd/10]
root        34  0.0  0.0      0     0 ?        S<    2012   0:00 [watchdog/10]
root        35  0.0  0.0      0     0 ?        S<    2012   0:01 [migration/11]
root        36  0.0  0.0      0     0 ?        SN    2012   0:00 [ksoftirqd/11]
root        37  0.0  0.0      0     0 ?        S<    2012   0:00 [watchdog/11]
root        38  0.0  0.0      0     0 ?        S<    2012   0:00 [migration/12]
root        39  0.0  0.0      0     0 ?        SN    2012   0:00 [ksoftirqd/12]
root        40  0.0  0.0      0     0 ?        S<    2012   0:00 [watchdog/12]
root        41  0.0  0.0      0     0 ?        S<    2012   0:01 [migration/13]
root        42  0.0  0.0      0     0 ?        SN    2012   0:02 [ksoftirqd/13]
root        43  0.0  0.0      0     0 ?        S<    2012   0:00 [watchdog/13]
root        44  0.0  0.0      0     0 ?        S<    2012   0:00 [migration/14]
root        45  0.0  0.0      0     0 ?        SN    2012   0:00 [ksoftirqd/14]
root        46  0.0  0.0      0     0 ?        S<    2012   0:00 [watchdog/14]
root        47  0.0  0.0      0     0 ?        S<    2012   0:00 [migration/15]
root        48  0.0  0.0      0     0 ?        SN    2012   0:00 [ksoftirqd/15]
root        49  0.0  0.0      0     0 ?        S<    2012   0:00 [watchdog/15]
root        50  0.0  0.0      0     0 ?        S<    2012   0:00 [events/0]
root        51  0.0  0.0      0     0 ?        S<    2012  23:09 [events/1]
root        52  0.0  0.0      0     0 ?        S<    2012  19:33 [events/2]
root        53  0.0  0.0      0     0 ?        S<    2012   0:06 [events/3]
root        54  0.0  0.0      0     0 ?        S<    2012   0:09 [events/4]
root        55  0.0  0.0      0     0 ?        S<    2012  19:08 [events/5]
root        56  0.0  0.0      0     0 ?        S<    2012   0:18 [events/6]
root        57  0.0  0.0      0     0 ?        S<    2012  20:23 [events/7]
root        58  0.0  0.0      0     0 ?        S<    2012   0:00 [events/8]
root        59  0.0  0.0      0     0 ?        S<    2012   0:00 [events/9]
root        60  0.0  0.0      0     0 ?        S<    2012   0:00 [events/10]
root        61  0.0  0.0      0     0 ?        S<    2012   0:00 [events/11]
root        62  0.0  0.0      0     0 ?        S<    2012   0:00 [events/12]
root        63  0.0  0.0      0     0 ?        S<    2012   0:00 [events/13]
root        64  0.0  0.0      0     0 ?        S<    2012   0:00 [events/14]
root        65  0.0  0.0      0     0 ?        S<    2012   0:00 [events/15]
root        66  0.0  0.0      0     0 ?        S<    2012   0:00 [khelper]
root       141  0.0  0.0      0     0 ?        S<    2012   0:00 [kthread]
root       161  0.0  0.0      0     0 ?        S<    2012   0:00 [kblockd/0]
root       162  0.0  0.0      0     0 ?        S<    2012   0:03 [kblockd/1]
root       163  0.0  0.0      0     0 ?        S<    2012   0:03 [kblockd/2]
root       164  0.0  0.0      0     0 ?        S<    2012   0:00 [kblockd/3]
root       165  0.0  0.0      0     0 ?        S<    2012   0:00 [kblockd/4]
root       166  0.0  0.0      0     0 ?        S<    2012   0:05 [kblockd/5]
root       167  0.0  0.0      0     0 ?        S<    2012   0:00 [kblockd/6]
root       168  0.0  0.0      0     0 ?        S<    2012   0:01 [kblockd/7]
root       169  0.0  0.0      0     0 ?        S<    2012   0:00 [kblockd/8]
root       170  0.0  0.0      0     0 ?        S<    2012   0:00 [kblockd/9]
root       171  0.0  0.0      0     0 ?        S<    2012   0:00 [kblockd/10]
root       172  0.0  0.0      0     0 ?        S<    2012   0:00 [kblockd/11]
root       173  0.0  0.0      0     0 ?        S<    2012   0:00 [kblockd/12]
root       174  0.0  0.0      0     0 ?        S<    2012   0:00 [kblockd/13]
root       175  0.0  0.0      0     0 ?        S<    2012   0:00 [kblockd/14]
root       176  0.0  0.0      0     0 ?        S<    2012   0:00 [kblockd/15]
root       177  0.0  0.0      0     0 ?        S<    2012   0:00 [kacpid]
root       329  0.0  0.0      0     0 ?        S<    2012   0:00 [cqueue/0]
root       330  0.0  0.0      0     0 ?        S<    2012   0:00 [cqueue/1]
root       331  0.0  0.0      0     0 ?        S<    2012   0:00 [cqueue/2]
root       332  0.0  0.0      0     0 ?        S<    2012   0:00 [cqueue/3]
root       333  0.0  0.0      0     0 ?        S<    2012   0:00 [cqueue/4]
root       334  0.0  0.0      0     0 ?        S<    2012   0:00 [cqueue/5]
root       335  0.0  0.0      0     0 ?        S<    2012   0:00 [cqueue/6]
root       336  0.0  0.0      0     0 ?        S<    2012   0:00 [cqueue/7]
root       337  0.0  0.0      0     0 ?        S<    2012   0:00 [cqueue/8]
root       338  0.0  0.0      0     0 ?        S<    2012   0:00 [cqueue/9]
root       339  0.0  0.0      0     0 ?        S<    2012   0:00 [cqueue/10]
root       340  0.0  0.0      0     0 ?        S<    2012   0:00 [cqueue/11]
root       341  0.0  0.0      0     0 ?        S<    2012   0:00 [cqueue/12]
root       342  0.0  0.0      0     0 ?        S<    2012   0:00 [cqueue/13]
root       343  0.0  0.0      0     0 ?        S<    2012   0:00 [cqueue/14]
root       344  0.0  0.0      0     0 ?        S<    2012   0:00 [cqueue/15]
root       347  0.0  0.0      0     0 ?        S<    2012   0:00 [khubd]
root       349  0.0  0.0      0     0 ?        S<    2012   0:00 [kseriod]
ems        378  0.0  0.0 315680  6644 ?        Sl    2012  15:42 gnome-terminal
ems        380  0.0  0.0 187132  1276 ?        Ssl   2012   0:00 /usr/libexec/bonobo-activation-server --ac-activate --ior-output-fd=16
ems        384  0.0  0.0  14868   568 ?        S     2012   0:00 gnome-pty-helper
ems        385  0.0  0.0  68424  1064 pts/1    Ss+   2012   0:00 bash
root       538  0.0  0.0      0     0 ?        S     2012   0:00 [khungtaskd]
root       541  0.0  0.0      0     0 ?        S<    2012   1:27 [kswapd0]
root       542  0.0  0.0      0     0 ?        S<    2012   0:40 [kswapd1]
root       543  0.0  0.0      0     0 ?        S<    2012   0:00 [aio/0]
root       544  0.0  0.0      0     0 ?        S<    2012   0:00 [aio/1]
root       545  0.0  0.0      0     0 ?        S<    2012   0:00 [aio/2]
root       546  0.0  0.0      0     0 ?        S<    2012   0:00 [aio/3]
root       547  0.0  0.0      0     0 ?        S<    2012   0:00 [aio/4]
root       548  0.0  0.0      0     0 ?        S<    2012   0:00 [aio/5]
root       549  0.0  0.0      0     0 ?        S<    2012   0:00 [aio/6]
root       550  0.0  0.0      0     0 ?        S<    2012   0:00 [aio/7]
root       551  0.0  0.0      0     0 ?        S<    2012   0:00 [aio/8]
root       552  0.0  0.0      0     0 ?        S<    2012   0:00 [aio/9]
root       553  0.0  0.0      0     0 ?        S<    2012   0:00 [aio/10]
root       554  0.0  0.0      0     0 ?        S<    2012   0:00 [aio/11]
root       555  0.0  0.0      0     0 ?        S<    2012   0:00 [aio/12]
root       556  0.0  0.0      0     0 ?        S<    2012   0:00 [aio/13]
root       557  0.0  0.0      0     0 ?        S<    2012   0:00 [aio/14]
root       558  0.0  0.0      0     0 ?        S<    2012   0:00 [aio/15]
root       712  0.0  0.0      0     0 ?        S<    2012   0:00 [kpsmoused]
root       856  0.0  0.0      0     0 ?        S<    2012   0:00 [cciss_scan00]
root       925  0.0  0.0      0     0 ?        S<    2012   0:00 [kstriped]
root       994  0.0  0.0      0     0 ?        S<    2012  11:39 [kjournald]
root      1019  0.0  0.0      0     0 ?        S<    2012   0:04 [kauditd]
root      1056  0.0  0.0  13040   444 ?        S<s   2012   0:00 /sbin/udevd -d
root      1730  0.0  0.0      0     0 ?        S<    2012   0:04 [bnx2x]
ems       2112  0.0  0.0  90496  1768 ?        S    Jan26   0:01 /usr/libexec/gconfd-2 12
root      3068  0.0  0.0      0     0 ?        S<    2012   0:00 [kmpathd/0]
root      3069  0.0  0.0      0     0 ?        S<    2012   0:00 [kmpathd/1]
root      3070  0.0  0.0      0     0 ?        S<    2012   0:00 [kmpathd/2]
root      3071  0.0  0.0      0     0 ?        S<    2012   0:00 [kmpathd/3]
root      3072  0.0  0.0      0     0 ?        S<    2012   0:00 [kmpathd/4]
root      3073  0.0  0.0      0     0 ?        S<    2012   0:00 [kmpathd/5]
root      3074  0.0  0.0      0     0 ?        S<    2012   0:00 [kmpathd/6]
root      3075  0.0  0.0      0     0 ?        S<    2012   0:00 [kmpathd/7]
root      3076  0.0  0.0      0     0 ?        S<    2012   0:00 [kmpathd/8]
root      3077  0.0  0.0      0     0 ?        S<    2012   0:00 [kmpathd/9]
root      3078  0.0  0.0      0     0 ?        S<    2012   0:00 [kmpathd/10]
root      3079  0.0  0.0      0     0 ?        S<    2012   0:00 [kmpathd/11]
root      3080  0.0  0.0      0     0 ?        S<    2012   0:00 [kmpathd/12]
root      3081  0.0  0.0      0     0 ?        S<    2012   0:00 [kmpathd/13]
root      3082  0.0  0.0      0     0 ?        S<    2012   0:00 [kmpathd/14]
root      3083  0.0  0.0      0     0 ?        S<    2012   0:00 [kmpathd/15]
root      3084  0.0  0.0      0     0 ?        S<    2012   0:00 [kmpath_handlerd]
root      3177  0.0  0.0      0     0 ?        S<    2012  12:19 [kjournald]
root      3179  0.0  0.0      0     0 ?        S<    2012   0:29 [kjournald]
root      3535  0.0  0.0      0     0 ?        S<    2012   0:00 [iscsi_eh]
root      3642  0.0  0.0      0     0 ?        S<    2012   0:00 [iw_cxgb3]
root      3714  0.0  0.0      0     0 ?        S<    2012   0:00 [scsi_eh_0]
root      3717  0.0  0.0      0     0 ?        S<    2012   0:00 [scsi_wq_0]
root      3718  0.0  0.0      0     0 ?        S<    2012   0:00 [scsi_eh_1]
root      3723  0.0  0.0      0     0 ?        S<    2012   0:00 [scsi_wq_1]
root      3766  0.0  0.0      0     0 ?        S<    2012   0:00 [ib_addr]
root      3802  0.0  0.0      0     0 ?        S<    2012   0:00 [ib_mcast]
root      3803  0.0  0.0      0     0 ?        S<    2012   0:00 [ib_inform]
root      3804  0.0  0.0      0     0 ?        S<    2012   0:00 [local_sa]
root      3822  0.0  0.0      0     0 ?        S<    2012   0:00 [iw_cm_wq]
root      3840  0.0  0.0      0     0 ?        S<    2012   0:00 [ib_cm/0]
root      3841  0.0  0.0      0     0 ?        S<    2012   0:00 [ib_cm/1]
root      3842  0.0  0.0      0     0 ?        S<    2012   0:00 [ib_cm/2]
root      3843  0.0  0.0      0     0 ?        S<    2012   0:00 [ib_cm/3]
root      3844  0.0  0.0      0     0 ?        S<    2012   0:00 [ib_cm/4]
root      3845  0.0  0.0      0     0 ?        S<    2012   0:00 [ib_cm/5]
root      3846  0.0  0.0      0     0 ?        S<    2012   0:00 [ib_cm/6]
root      3847  0.0  0.0      0     0 ?        S<    2012   0:00 [ib_cm/7]
root      3848  0.0  0.0      0     0 ?        S<    2012   0:00 [ib_cm/8]
root      3849  0.0  0.0      0     0 ?        S<    2012   0:00 [ib_cm/9]
root      3850  0.0  0.0      0     0 ?        S<    2012   0:00 [ib_cm/10]
root      3851  0.0  0.0      0     0 ?        S<    2012   0:00 [ib_cm/11]
root      3852  0.0  0.0      0     0 ?        S<    2012   0:00 [ib_cm/12]
root      3853  0.0  0.0      0     0 ?        S<    2012   0:00 [ib_cm/13]
root      3854  0.0  0.0      0     0 ?        S<    2012   0:00 [ib_cm/14]
root      3855  0.0  0.0      0     0 ?        S<    2012   0:00 [ib_cm/15]
root      3873  0.0  0.0      0     0 ?        S<    2012   0:00 [rdma_cm]
root      3922  0.0  0.0  59320   532 ?        Ssl   2012   0:01 brcm_iscsiuio
root      3928  0.0  0.0   3984   360 ?        Ss    2012   0:00 iscsid
root      3929  0.0  0.0   4476  2432 ?        S<Ls  2012   0:00 iscsid
root      4093  0.0  0.0      0     0 ?        S<    2012   0:00 [bond0]
root      4221  0.0  0.0  92860   772 ?        S<sl  2012   0:40 auditd
root      4223  0.0  0.0 147336   936 ?        S<sl  2012   0:15 /sbin/audispd
root      4245  0.0  0.0   5908   616 ?        Ss    2012   0:34 syslogd -m 0
root      4248  0.0  0.0   3804   408 ?        Ss    2012   0:00 klogd -x
root      4450  0.0  0.0  10760   336 ?        Ss    2012   4:56 irqbalance
rpc       4468  0.0  0.0   8052   432 ?        Ss    2012   0:00 portmap
root      4509  0.0  0.0      0     0 ?        S<    2012   0:00 [rpciod/0]
root      4510  0.0  0.0      0     0 ?        S<    2012   0:00 [rpciod/1]
root      4511  0.0  0.0      0     0 ?        S<    2012   0:00 [rpciod/2]
root      4512  0.0  0.0      0     0 ?        S<    2012   0:00 [rpciod/3]
root      4513  0.0  0.0      0     0 ?        S<    2012   0:00 [rpciod/4]
root      4514  0.0  0.0      0     0 ?        S<    2012   0:00 [rpciod/5]
root      4515  0.0  0.0      0     0 ?        S<    2012   0:00 [rpciod/6]
root      4516  0.0  0.0      0     0 ?        S<    2012   0:00 [rpciod/7]
root      4517  0.0  0.0      0     0 ?        S<    2012   0:00 [rpciod/8]
root      4518  0.0  0.0      0     0 ?        S<    2012   0:00 [rpciod/9]
root      4519  0.0  0.0      0     0 ?        S<    2012   0:00 [rpciod/10]
root      4520  0.0  0.0      0     0 ?        S<    2012   0:00 [rpciod/11]
root      4521  0.0  0.0      0     0 ?        S<    2012   0:00 [rpciod/12]
root      4522  0.0  0.0      0     0 ?        S<    2012   0:00 [rpciod/13]
root      4523  0.0  0.0      0     0 ?        S<    2012   0:00 [rpciod/14]
root      4524  0.0  0.0      0     0 ?        S<    2012   0:00 [rpciod/15]
root      4545  0.0  0.0  10160   604 ?        Ss    2012   0:00 rpc.statd
root      4569  0.0  0.0  55180   228 ?        Ss    2012   0:00 rpc.idmapd
dbus      4584  0.0  0.0  21544  1060 ?        Ss    2012  11:39 dbus-daemon --system
root      4599  0.0  0.0  10432   536 ?        Ss    2012   0:00 /usr/sbin/hcid
root      4603  0.0  0.0   5936   384 ?        Ss    2012   0:00 /usr/sbin/sdpd
root      4669  0.0  0.0      0     0 ?        S<    2012   0:00 [krfcommd]
root      4707  0.0  0.0  41660   712 ?        Ssl   2012   0:23 pcscd
root      4717  0.0  0.0   3800   460 ?        Ss    2012   0:00 /usr/sbin/acpid
68        4726  0.0  0.0  31652  2952 ?        Ss    2012   2:55 hald
root      4727  0.0  0.0  21692   892 ?        S     2012   0:00 hald-runner
68        4735  0.0  0.0  12324   672 ?        S     2012   0:00 hald-addon-acpi: listening on acpid socket /var/run/acpid.socket
68        4740  0.0  0.0  12324   712 ?        S     2012   0:00 hald-addon-keyboard: listening on /dev/input/event0
root      4781  0.0  0.0   8516   356 ?        Ss    2012   0:00 /usr/bin/hidd --server
root      4820  0.0  0.0 121984   864 ?        Ssl   2012   0:01 automount
root      4837  0.0  0.0  26324   284 ?        Ss    2012   0:00 ./hpiod
root      4842  0.0  0.0 159356  1248 ?        S     2012   0:05 python ./hpssd.py
root      4855  0.0  0.0  62608   684 ?        Ss    2012   0:00 /usr/sbin/sshd
root      4864  0.0  0.0 133540   948 ?        Ss    2012   0:00 cupsd
root      4878  0.0  0.0  21644   740 ?        Ss    2012   0:00 xinetd -stayalive -pidfile /var/run/xinetd.pid
ntp       4894  0.0  0.0  19188  4888 ?        SLs   2012   0:00 ntpd -u ntp:ntp -p /var/run/ntpd.pid
uuidd     4931  0.0  0.0  60960    60 ?        Ss    2012   0:00 /usr/sbin/uuidd
root      4950  0.0  0.0  66936   884 ?        Ss    2012   0:17 sendmail: accepting connections
smmsp     5054  0.0  0.0  57692   632 ?        Ss    2012   0:00 sendmail: Queue runner@01:00:00 for /var/spool/clientmqueue
root      5064  0.0  0.0   6452   272 ?        Ss    2012   0:07 gpm -m /dev/input/mice -t exps2
root      5073  0.0  0.0  74812   976 ?        Ss    2012   0:06 crond
xfs       5106  0.0  0.0  21068   652 ?        Ss    2012   0:00 xfs -droppriv -daemon
root      5123  0.0  0.0  18732   348 ?        Ss    2012   0:00 /usr/sbin/atd
avahi     5153  0.0  0.0  23280  1104 ?        Ss    2012   0:02 avahi-daemon: running [dwdd8.local]
avahi     5154  0.0  0.0  23148   132 ?        Ss    2012   0:00 avahi-daemon: chroot helper
root      5165  0.0  0.0 150728  1568 ?        Ssl   2012   0:00 /usr/sbin/cimserver
root      5233  0.0  0.0  18416   260 ?        S     2012   0:00 /usr/sbin/smartd -q never
root      5238  0.0  0.0   3792   400 tty1     Ss+   2012   0:00 /sbin/mingetty tty1
root      5239  0.0  0.0   3792   400 tty2     Ss+   2012   0:00 /sbin/mingetty tty2
root      5240  0.0  0.0   3792   400 tty3     Ss+   2012   0:00 /sbin/mingetty tty3
root      5241  0.0  0.0   3792   400 tty4     Ss+   2012   0:00 /sbin/mingetty tty4
root      5243  0.0  0.0   3792   400 tty5     Ss+   2012   0:00 /sbin/mingetty tty5
root      5244  0.0  0.0   3792   400 tty6     Ss+   2012   0:00 /sbin/mingetty tty6
root      5247  0.0  0.0 167696  1416 ?        Ss    2012   0:00 /usr/sbin/gdm-binary -nodaemon
root      5348  0.0  0.0 201028  1796 ?        S     2012   0:07 /usr/sbin/gdm-binary -nodaemon
root      5350  0.0  0.0 189820  1860 ?        Sl    2012   0:09 /usr/libexec/gdm-rh-security-token-helper
root      5351  0.5  0.7 193744 61548 tty7     SLs+  2012 3024:21 /usr/bin/Xorg :0 -br -audit 0 -auth /var/gdm/:0.Xauth -nolisten tcp vt7
root      5364  0.2  0.4 536660 39188 tty7     Sl+   2012 1053:00 ./rgsender -daemon -display 0 -l /etc/opt/hpremote/rgsender/logSetup
root      5369  0.0  0.1 265684  9556 ?        SN    2012   0:18 /usr/bin/python -tt /usr/sbin/yum-updatesd
root      5381  0.0  0.0  12916   876 ?        SN    2012   0:02 /usr/libexec/gam_server
ems       5415  0.0  0.0 245472  3456 ?        Ss    2012   0:00 /usr/bin/gnome-session
ems       5447  0.0  0.0      0     0 ?        Z     2012   0:00 [Xsession] <defunct>
ems       5454  0.0  0.0  53852   296 ?        Ss    2012   0:01 /usr/bin/ssh-agent /bin/sh -c exec -l /bin/bash -c "/usr/bin/dbus-launch --exit-with-session /etc/X11/xinit/Xclients"
ems       5545  0.0  0.0  15180   348 ?        S     2012   0:00 /usr/bin/dbus-launch --exit-with-session /etc/X11/xinit/Xclients
ems       5546  0.0  0.0  21392   924 ?        Ss    2012   0:00 /bin/dbus-daemon --fork --print-pid 4 --print-address 6 --session
ems       5552  0.0  0.0  90544  2032 ?        S     2012   0:07 /usr/libexec/gconfd-2 5
ems       5555  0.0  0.0  12900   400 ?        S     2012   0:00 /usr/bin/gnome-keyring-daemon
ems       5557  0.0  0.0 264600  3816 ?        Sl    2012   1:41 /usr/libexec/gnome-settings-daemon
ems       5563  0.0  0.0 102364  1864 ?        Ss    2012   0:00 /usr/lib64/scim-1.0/scim-launcher -d -c simple -e all -f socket --no-stay
ems       5579  0.0  0.1 188024 12540 ?        Ss    2012   6:14 metacity --sm-client-id=default1
ems       5583  0.0  0.1 349924 11836 ?        Ss    2012   1:16 gnome-panel --sm-client-id default2
ems       5585  0.0  0.1 551208 10064 ?        Ss    2012   1:02 nautilus --no-default-window --sm-client-id default3
ems       5589  0.0  0.0 263040  1292 ?        Ssl   2012   0:00 /usr/libexec/bonobo-activation-server --ac-activate --ior-output-fd=16
ems       5590  0.0  0.0 230440  2512 ?        Ss    2012   0:00 gnome-volume-manager --sm-client-id default5
ems       5592  0.0  0.0 263432  3400 ?        Ss    2012   0:01 eggcups --sm-client-id default4
ems       5598  0.0  0.0 147240  2272 ?        S     2012   0:00 /usr/libexec/gnome-vfs-daemon
ems       5606  0.0  0.0 154208  2900 ?        Ss    2012   0:02 bt-applet --sm-disable
ems       5614  0.0  0.0 291680  3300 ?        Ss    2012   0:03 nm-applet --sm-disable
ems       5617  0.0  0.1 364888  8584 ?        Ss    2012   0:08 /usr/bin/python -tt /usr/bin/puplet
ems       5619  0.0  0.0 155400  3256 ?        Ss    2012   0:01 pam-panel-icon --sm-client-id default0
root      5621  0.0  0.0  12188   628 ?        S     2012   0:10 /sbin/pam_timestamp_check -d root
ems       5627  0.0  0.0 296828  3160 ?        Ss    2012   9:03 gnome-power-manager
ems       5628  0.0  0.0  72372   932 ?        Sl    2012   0:11 ./escd --key_Inserted="/usr/bin/esc" --on_Signal="/usr/bin/esc"
root      5633  0.0  0.0  57872  1508 ?        S     2012   0:01 /usr/sbin/nm-system-settings --config /etc/NetworkManager/nm-system-settings.conf
ems       5634  0.0  0.0  82416   212 ?        Ss    2012   0:00 /usr/lib64/scim-1.0/scim-helper-manager
ems       5635  0.0  0.0 196552  4256 ?        Ssl   2012   0:22 /usr/lib64/scim-1.0/scim-panel-gtk --display :0.0 -c socket -d --no-stay
ems       5637  0.0  0.0  90196   620 ?        Ss    2012   0:04 /usr/lib64/scim-1.0/scim-launcher -d -c socket -e socket -f x11
ems       5643  0.0  0.0  13052  1020 ?        S     2012   0:30 /usr/libexec/gam_server
ems       5645  0.0  0.1 330720 12204 ?        S     2012   6:39 /usr/libexec/wnck-applet --oaf-activate-iid=OAFIID:GNOME_Wncklet_Factory --oaf-ior-fd=19
ems       5647  0.0  0.0 395284  4464 ?        S     2012   0:00 /usr/libexec/trashapplet --oaf-activate-iid=OAFIID:GNOME_Panel_TrashApplet_Factory --oaf-ior-fd=25
ems       5664  0.0  0.0  12824   708 ?        S     2012   0:00 /usr/libexec/mapping-daemon
ems       5673  0.0  0.0 413048  6976 ?        Sl    2012   1:11 /usr/libexec/mixer_applet2 --oaf-activate-iid=OAFIID:GNOME_MixerApplet_Factory --oaf-ior-fd=23
ems       5675  0.0  0.0 298940  6624 ?        S     2012   0:03 /usr/libexec/clock-applet --oaf-activate-iid=OAFIID:GNOME_ClockApplet_Factory --oaf-ior-fd=31
ems       5677  0.0  0.0 241188  3952 ?        S     2012   0:00 /usr/libexec/notification-area-applet --oaf-activate-iid=OAFIID:GNOME_NotificationAreaApplet_Factory --oaf-ior-fd=37
ems       5691  0.0  0.0 188556  3476 ?        Ss    2012   1:38 gnome-screensaver
ems       6570  3.5 32.2 7610616 2633112 pts/2 SNl+ Aug30 706:39 qtmmi
ems       6922  0.0  0.0  78556   864 ?        S     2012   2:53 scim-bridge
ems       7025  0.0  0.0  90488  4404 ?        S    Sep02   0:00 /usr/libexec/gconfd-2 12
ems      11829  0.0  0.0 187000  3000 ?        Ssl  Aug02   0:00 /usr/libexec/bonobo-activation-server --ac-activate --ior-output-fd=16
ems      12321  0.0  0.0  90496  3096 ?        S    Jun20   0:00 /usr/libexec/gconfd-2 12
ems      14761  0.0  0.0  90492  1940 ?        S    Mar21   0:01 /usr/libexec/gconfd-2 5
ems      20624  0.0  0.0 186984  1660 ?        Ssl  Jun04   0:00 /usr/libexec/bonobo-activation-server --ac-activate --ior-output-fd=16
root     22765  0.0  0.0      0     0 ?        S    Aug23   1:28 [pdflush]
ems      23779  0.0  0.2 314808 19380 ?        Sl   Aug10   2:00 gnome-terminal
ems      23784  0.0  0.0  14868   728 ?        S    Aug10   0:00 gnome-pty-helper
ems      23785  0.0  0.0  73132  2352 pts/2    Ss   Aug10   0:00 bash
root     24277  0.0  0.0      0     0 ?        S    Aug12   0:47 [pdflush]
root     24710  0.3  0.0 139628  3740 ?        SN   Aug12 144:58 /df8003/bin/applogd
root     24711  0.0  0.1 140128  8176 ?        SN   Aug12   0:00 /df8003/bin/dbmd
root     24712  0.2  0.0 135284  3464 ?        S    Aug12 124:39 /df8003/bin/netmd
root     24713  0.3  0.2 159600 18748 ?        S    Aug12 165:06 /df8003/bin/sysmd
root     24784  0.0  0.0 208592  8104 ?        SN   Aug12   0:06 /df8003/bin/procmd
root     24785  0.0  0.0 208096  7916 ?        SN   Aug12   0:00 proc_watchd
root     24786  0.1  0.1 217492  8524 ?        SN   Aug12  85:56 netmond -s 3600
ems      24787  0.0  0.1 290288 14072 ?        SN   Aug12  20:13 almd_server_rep
ems      24788  0.0  0.3 1816660 31128 ?       SN   Aug12  13:32 alm_replica -mode r
ems      24789  0.9  9.0 1798700 735816 ?      SN   Aug12 417:50 SCADA_Rep -mode r
ems      24790  0.0  0.3 541184 27564 ?        SN   Aug12  20:29 comServer
ems      24791  0.0  2.7 1705424 225624 ?      SN   Aug12   0:28 SCADA_Server -mode s1 -ref
ems      24792  0.0  0.1 1808128 16084 ?       SN   Aug12   0:00 SSM_Server -dts
ems      24794  0.0  0.0 141668  7544 ?        SN   Aug12   0:06 grsd
root     24795  0.0  0.8 1890512 72292 ?       SN   Aug12   0:05 ssrd
ems      25125  0.0  0.0  90496  1940 ?        S    Apr10   0:01 /usr/libexec/gconfd-2 12
ems      29152  0.0  0.0 102016  1392 ?        S    16:55   0:00 crond
ems      29153  0.0  0.0   8700   948 ?        Ss   16:55   0:00 /bin/sh -c /df8003/home/nms/collection.sh >/dev/null
ems      29154  0.0  0.0   8704  1004 ?        S    16:55   0:00 /bin/sh /df8003/home/nms/collection.sh
ems      29165  0.0  0.0  10460   860 ?        R    16:55   0:00 ps aux
ems      29532  0.0  0.0 187000  1664 ?        Ssl  May17   0:00 /usr/libexec/bonobo-activation-server --ac-activate --ior-output-fd=16
ems      31337  0.0  0.0  81004  1528 ?        SN   Mar23   0:00 python /df8003/bat/gupdate
ems      31344  0.0  0.0  66072   948 ?        SN   Mar23   0:00 sh -c { cd /df8003/uif/netres/; cvs -q up ; } 2>&1
ems      31345  0.0  0.0  43556  1144 ?        SN   Mar23   0:00 cvs -q up
cmdbegin:mac
1: lo: <LOOPBACK,UP,LOWER_UP> mtu 16436 qdisc noqueue 
    link/loopback 00:00:00:00:00:00 brd 00:00:00:00:00:00
    inet 127.0.0.1/8 scope host lo
    inet6 ::1/128 scope host 
       valid_lft forever preferred_lft forever
2: eth0: <BROADCAST,MULTICAST,SLAVE,UP,LOWER_UP> mtu 1500 qdisc pfifo_fast master bond0 qlen 1000
    link/ether 3c:4a:92:ec:03:80 brd ff:ff:ff:ff:ff:ff
3: eth1: <BROADCAST,MULTICAST,SLAVE,UP,LOWER_UP> mtu 1500 qdisc pfifo_fast master bond0 qlen 1000
    link/ether 3c:4a:92:ec:03:80 brd ff:ff:ff:ff:ff:ff
4: sit0: <NOARP> mtu 1480 qdisc noop 
    link/sit 0.0.0.0 brd 0.0.0.0
5: bond0: <BROADCAST,MULTICAST,MASTER,UP,LOWER_UP> mtu 1500 qdisc noqueue 
    link/ether 3c:4a:92:ec:03:80 brd ff:ff:ff:ff:ff:ff
    inet 192.168.1.37/24 brd 192.168.1.255 scope global bond0
    inet6 fe80::3e4a:92ff:feec:380/64 scope link 
       valid_lft forever preferred_lft forever
cmdbegin:interface
Linux 2.6.18-194.el5 (dwdd8) 	09/13/13

16:55:07        IFACE   rxpck/s   txpck/s   rxbyt/s   txbyt/s   rxcmp/s   txcmp/s  rxmcst/s
16:55:08           lo    277.00    277.00  24873.00  24873.00      0.00      0.00      0.00
16:55:08         eth0     68.00     19.00  30132.00  13254.00      0.00      0.00     10.00
16:55:08         eth1    234.00      0.00 285560.00      0.00      0.00      0.00      0.00
16:55:08         sit0      0.00      0.00      0.00      0.00      0.00      0.00      0.00
16:55:08        bond0    302.00     19.00 315692.00  13254.00      0.00      0.00     10.00

16:55:08        IFACE   rxpck/s   txpck/s   rxbyt/s   txbyt/s   rxcmp/s   txcmp/s  rxmcst/s
16:55:09           lo    675.00    675.00  61005.00  61005.00      0.00      0.00      0.00
16:55:09         eth0     63.00     19.00  37268.00  14874.00      0.00      0.00      6.00
16:55:09         eth1     41.00      0.00  20854.00      0.00      0.00      0.00      0.00
16:55:09         sit0      0.00      0.00      0.00      0.00      0.00      0.00      0.00
16:55:09        bond0    104.00     19.00  58122.00  14874.00      0.00      0.00      6.00

16:55:09        IFACE   rxpck/s   txpck/s   rxbyt/s   txbyt/s   rxcmp/s   txcmp/s  rxmcst/s
16:55:10           lo    811.00    811.00  75310.00  75310.00      0.00      0.00      0.00
16:55:10         eth0    162.00     13.00 161336.00  10108.00      0.00      0.00      7.00
16:55:10         eth1    147.00      0.00 165506.00      0.00      0.00      0.00      0.00
16:55:10         sit0      0.00      0.00      0.00      0.00      0.00      0.00      0.00
16:55:10        bond0    309.00     13.00 326842.00  10108.00      0.00      0.00      7.00

Average:        IFACE   rxpck/s   txpck/s   rxbyt/s   txbyt/s   rxcmp/s   txcmp/s  rxmcst/s
Average:           lo    587.67    587.67  53729.33  53729.33      0.00      0.00      0.00
Average:         eth0     97.67     17.00  76245.33  12745.33      0.00      0.00      7.67
Average:         eth1    140.67      0.00 157306.67      0.00      0.00      0.00      0.00
Average:         sit0      0.00      0.00      0.00      0.00      0.00      0.00      0.00
Average:        bond0    238.33     17.00 233552.00  12745.33      0.00      0.00      7.67
cmdbegin:uname
Linux dwdd8
cmdbegin:usergroup
root:x:0:root
bin:x:1:root,bin,daemon
daemon:x:2:root,bin,daemon
sys:x:3:root,bin,adm
adm:x:4:root,adm,daemon
tty:x:5:
disk:x:6:root
lp:x:7:daemon,lp
mem:x:8:
kmem:x:9:
wheel:x:10:root
mail:x:12:mail
news:x:13:news
uucp:x:14:uucp
man:x:15:
games:x:20:
gopher:x:30:
dip:x:40:
ftp:x:50:
lock:x:54:
nobody:x:99:
users:x:100:ems,oracle
nscd:x:28:
floppy:x:19:
vcsa:x:69:
pcap:x:77:
utmp:x:22:
utempter:x:35:
slocate:x:21:
audio:x:63:gdm
rpc:x:32:
mailnull:x:47:
smmsp:x:51:
ntp:x:38:
sshd:x:74:
rpcuser:x:29:
nfsnobody:x:4294967294:
dbus:x:81:
avahi:x:70:
haldaemon:x:68:
avahi-autoipd:x:101:
distcache:x:94:
apache:x:48:
postgres:x:26:
oprofile:x:16:
webalizer:x:67:
squid:x:23:
mysql:x:27:
named:x:25:
xfs:x:43:
gdm:x:42:
sabayon:x:86:
stapdev:x:102:
stapusr:x:103:
uuidd:x:104:
pvm:x:24:
screen:x:84:
pkcs11:x:105:root
ident:x:98:
pegasus:x:65:
fuse:x:106:
dfdz:x:500:ems
dba:x:501:oracle
cmdbegin:user
root:x:0:0:root:/root:/bin/bash
bin:x:1:1:bin:/bin:/sbin/nologin
daemon:x:2:2:daemon:/sbin:/sbin/nologin
adm:x:3:4:adm:/var/adm:/sbin/nologin
lp:x:4:7:lp:/var/spool/lpd:/sbin/nologin
sync:x:5:0:sync:/sbin:/bin/sync
shutdown:x:6:0:shutdown:/sbin:/sbin/shutdown
halt:x:7:0:halt:/sbin:/sbin/halt
mail:x:8:12:mail:/var/spool/mail:/sbin/nologin
news:x:9:13:news:/etc/news:
uucp:x:10:14:uucp:/var/spool/uucp:/sbin/nologin
operator:x:11:0:operator:/root:/sbin/nologin
games:x:12:100:games:/usr/games:/sbin/nologin
gopher:x:13:30:gopher:/var/gopher:/sbin/nologin
ftp:x:14:50:FTP User:/var/ftp:/sbin/nologin
nobody:x:99:99:Nobody:/:/sbin/nologin
nscd:x:28:28:NSCD Daemon:/:/sbin/nologin
vcsa:x:69:69:virtual console memory owner:/dev:/sbin/nologin
pcap:x:77:77::/var/arpwatch:/sbin/nologin
rpc:x:32:32:Portmapper RPC user:/:/sbin/nologin
mailnull:x:47:47::/var/spool/mqueue:/sbin/nologin
smmsp:x:51:51::/var/spool/mqueue:/sbin/nologin
ntp:x:38:38::/etc/ntp:/sbin/nologin
sshd:x:74:74:Privilege-separated SSH:/var/empty/sshd:/sbin/nologin
rpcuser:x:29:29:RPC Service User:/var/lib/nfs:/sbin/nologin
nfsnobody:x:4294967294:4294967294:Anonymous NFS User:/var/lib/nfs:/sbin/nologin
dbus:x:81:81:System message bus:/:/sbin/nologin
avahi:x:70:70:Avahi daemon:/:/sbin/nologin
haldaemon:x:68:68:HAL daemon:/:/sbin/nologin
avahi-autoipd:x:100:101:avahi-autoipd:/var/lib/avahi-autoipd:/sbin/nologin
distcache:x:94:94:Distcache:/:/sbin/nologin
apache:x:48:48:Apache:/var/www:/sbin/nologin
postgres:x:26:26:PostgreSQL Server:/var/lib/pgsql:/bin/bash
oprofile:x:16:16:Special user account to be used by OProfile:/home/oprofile:/sbin/nologin
webalizer:x:67:67:Webalizer:/var/www/usage:/sbin/nologin
squid:x:23:23::/var/spool/squid:/sbin/nologin
mysql:x:27:27:MySQL Server:/var/lib/mysql:/bin/bash
named:x:25:25:Named:/var/named:/sbin/nologin
xfs:x:43:43:X Font Server:/etc/X11/fs:/sbin/nologin
gdm:x:42:42::/var/gdm:/sbin/nologin
sabayon:x:86:86:Sabayon user:/home/sabayon:/sbin/nologin
uuidd:x:101:104:UUID generator helper daemon:/var/lib/libuuid:/sbin/nologin
amanda:x:33:6:Amanda user:/var/lib/amanda:/bin/bash
pvm:x:24:24::/usr/share/pvm3:/bin/bash
ident:x:98:98::/:/sbin/nologin
pegasus:x:66:65:tog-pegasus OpenPegasus WBEM/CIM services:/var/lib/Pegasus:/sbin/nologin
ems:x:115:500::/df8003/home:/bin/bash
oracle:x:502:501::/usr/local/oracle:/bin/bash
cmdbegin:date
Fri Sep 13 16:55:10 CST 2013
cmdbegin:uptime
 16:55:10 up 360 days,  5:29,  3 users,  load average: 0.78, 0.38, 0.33
cmdbegin:end
