cmdbegin:version
Linux version 2.6.18-194.el5 (mockbuild@x86-005.build.bos.redhat.com) (gcc version 4.1.2 20080704 (Red Hat 4.1.2-48)) #1 SMP Tue Mar 16 21:52:39 EDT 2010
cmdbegin:cpuconfig
processor	: 0
model name	: Intel(R) Xeon(R) CPU           E5620  @ 2.40GHz
cpu MHz		: 2400.151
cache size	: 12288 KB
processor	: 1
model name	: Intel(R) Xeon(R) CPU           E5620  @ 2.40GHz
cpu MHz		: 2400.151
cache size	: 12288 KB
processor	: 2
model name	: Intel(R) Xeon(R) CPU           E5620  @ 2.40GHz
cpu MHz		: 2400.151
cache size	: 12288 KB
processor	: 3
model name	: Intel(R) Xeon(R) CPU           E5620  @ 2.40GHz
cpu MHz		: 2400.151
cache size	: 12288 KB
processor	: 4
model name	: Intel(R) Xeon(R) CPU           E5620  @ 2.40GHz
cpu MHz		: 2400.151
cache size	: 12288 KB
processor	: 5
model name	: Intel(R) Xeon(R) CPU           E5620  @ 2.40GHz
cpu MHz		: 2400.151
cache size	: 12288 KB
processor	: 6
model name	: Intel(R) Xeon(R) CPU           E5620  @ 2.40GHz
cpu MHz		: 2400.151
cache size	: 12288 KB
processor	: 7
model name	: Intel(R) Xeon(R) CPU           E5620  @ 2.40GHz
cpu MHz		: 2400.151
cache size	: 12288 KB
processor	: 8
model name	: Intel(R) Xeon(R) CPU           E5620  @ 2.40GHz
cpu MHz		: 2400.151
cache size	: 12288 KB
processor	: 9
model name	: Intel(R) Xeon(R) CPU           E5620  @ 2.40GHz
cpu MHz		: 2400.151
cache size	: 12288 KB
processor	: 10
model name	: Intel(R) Xeon(R) CPU           E5620  @ 2.40GHz
cpu MHz		: 2400.151
cache size	: 12288 KB
processor	: 11
model name	: Intel(R) Xeon(R) CPU           E5620  @ 2.40GHz
cpu MHz		: 2400.151
cache size	: 12288 KB
processor	: 12
model name	: Intel(R) Xeon(R) CPU           E5620  @ 2.40GHz
cpu MHz		: 2400.151
cache size	: 12288 KB
processor	: 13
model name	: Intel(R) Xeon(R) CPU           E5620  @ 2.40GHz
cpu MHz		: 2400.151
cache size	: 12288 KB
processor	: 14
model name	: Intel(R) Xeon(R) CPU           E5620  @ 2.40GHz
cpu MHz		: 2400.151
cache size	: 12288 KB
processor	: 15
model name	: Intel(R) Xeon(R) CPU           E5620  @ 2.40GHz
cpu MHz		: 2400.151
cache size	: 12288 KB
cmdbegin:disk
Filesystem           1K-blocks      Used Available Use% Mounted on
/dev/cciss/c0d0p1     20315812   1266220  18000952   7% /
/dev/cciss/c0d0p5     57578808  42026980  12579808  77% /df8003
/dev/cciss/c0d0p2     40631988   7653004  30881700  20% /usr
tmpfs                  4080312         0   4080312   0% /dev/shm
cmdbegin:diskperf
Linux 2.6.18-194.el5 (dwdd1) 	09/13/13

16:50:01          DEV       tps  rd_sec/s  wr_sec/s  avgrq-sz  avgqu-sz     await     svctm     %util
16:50:02     dev104-0     47.00      0.00    760.00     16.17      1.28     27.64      3.28     15.40
16:50:02     dev104-1     12.00      0.00    384.00     32.00      0.11     10.83      7.42      8.90
16:50:02     dev104-2     33.00      0.00    360.00     10.91      1.14     34.61      1.97      6.50
16:50:02     dev104-3      0.00      0.00      0.00      0.00      0.00      0.00      0.00      0.00
16:50:02     dev104-4      0.00      0.00      0.00      0.00      0.00      0.00      0.00      0.00
16:50:02     dev104-5      2.00      0.00     16.00      8.00      0.03     13.50      8.00      1.60

16:50:02          DEV       tps  rd_sec/s  wr_sec/s  avgrq-sz  avgqu-sz     await     svctm     %util
16:50:03     dev104-0      0.00      0.00      0.00      0.00      0.00      0.00      0.00      0.00
16:50:03     dev104-1      0.00      0.00      0.00      0.00      0.00      0.00      0.00      0.00
16:50:03     dev104-2      0.00      0.00      0.00      0.00      0.00      0.00      0.00      0.00
16:50:03     dev104-3      0.00      0.00      0.00      0.00      0.00      0.00      0.00      0.00
16:50:03     dev104-4      0.00      0.00      0.00      0.00      0.00      0.00      0.00      0.00
16:50:03     dev104-5      0.00      0.00      0.00      0.00      0.00      0.00      0.00      0.00

16:50:03          DEV       tps  rd_sec/s  wr_sec/s  avgrq-sz  avgqu-sz     await     svctm     %util
16:50:04     dev104-0      0.00      0.00      0.00      0.00      0.00      0.00      0.00      0.00
16:50:04     dev104-1      0.00      0.00      0.00      0.00      0.00      0.00      0.00      0.00
16:50:04     dev104-2      0.00      0.00      0.00      0.00      0.00      0.00      0.00      0.00
16:50:04     dev104-3      0.00      0.00      0.00      0.00      0.00      0.00      0.00      0.00
16:50:04     dev104-4      0.00      0.00      0.00      0.00      0.00      0.00      0.00      0.00
16:50:04     dev104-5      0.00      0.00      0.00      0.00      0.00      0.00      0.00      0.00

Average:          DEV       tps  rd_sec/s  wr_sec/s  avgrq-sz  avgqu-sz     await     svctm     %util
Average:     dev104-0     15.67      0.00    253.33     16.17      0.43     27.64      3.28      5.13
Average:     dev104-1      4.00      0.00    128.00     32.00      0.04     10.83      7.42      2.97
Average:     dev104-2     11.00      0.00    120.00     10.91      0.38     34.61      1.97      2.17
Average:     dev104-3      0.00      0.00      0.00      0.00      0.00      0.00      0.00      0.00
Average:     dev104-4      0.00      0.00      0.00      0.00      0.00      0.00      0.00      0.00
Average:     dev104-5      0.67      0.00      5.33      8.00      0.01     13.50      8.00      0.53
cmdbegin:cpu
Linux 2.6.18-194.el5 (dwdd1) 	09/13/13

16:50:04          CPU     %user     %nice   %system   %iowait    %steal     %idle
16:50:05          all      0.00      0.00      0.00      0.31      0.00     99.69
16:50:06          all      0.00      0.06      0.06      0.12      0.00     99.75
16:50:07          all      0.06      0.00      0.12      0.12      0.00     99.69
Average:          all      0.02      0.02      0.06      0.19      0.00     99.71
cmdbegin:memory
             total       used       free     shared    buffers     cached
Mem:       8160624    8099656      60968          0     651812    3304104
-/+ buffers/cache:    4143740    4016884
Swap:     20972848        280   20972568
cmdbegin:process
USER       PID %CPU %MEM    VSZ   RSS TTY      STAT START   TIME COMMAND
root         1  0.0  0.0  10348   684 ?        Ss    2012   0:21 init [5]                             
root         2  0.0  0.0      0     0 ?        S<    2012   0:05 [migration/0]
root         3  0.0  0.0      0     0 ?        SN    2012   0:00 [ksoftirqd/0]
root         4  0.0  0.0      0     0 ?        S<    2012   0:00 [watchdog/0]
root         5  0.0  0.0      0     0 ?        S<    2012   0:05 [migration/1]
root         6  0.0  0.0      0     0 ?        SN    2012   0:00 [ksoftirqd/1]
root         7  0.0  0.0      0     0 ?        S<    2012   0:00 [watchdog/1]
root         8  0.0  0.0      0     0 ?        S<    2012   0:00 [migration/2]
root         9  0.0  0.0      0     0 ?        SN    2012   0:00 [ksoftirqd/2]
root        10  0.0  0.0      0     0 ?        S<    2012   0:00 [watchdog/2]
root        11  0.0  0.0      0     0 ?        S<    2012   0:00 [migration/3]
root        12  0.0  0.0      0     0 ?        SN    2012   0:00 [ksoftirqd/3]
root        13  0.0  0.0      0     0 ?        S<    2012   0:00 [watchdog/3]
root        14  0.0  0.0      0     0 ?        S<    2012   0:00 [migration/4]
root        15  0.0  0.0      0     0 ?        SN    2012   0:00 [ksoftirqd/4]
root        16  0.0  0.0      0     0 ?        S<    2012   0:00 [watchdog/4]
root        17  0.0  0.0      0     0 ?        S<    2012   0:00 [migration/5]
root        18  0.0  0.0      0     0 ?        SN    2012   0:00 [ksoftirqd/5]
root        19  0.0  0.0      0     0 ?        S<    2012   0:00 [watchdog/5]
root        20  0.0  0.0      0     0 ?        S<    2012   0:00 [migration/6]
root        21  0.0  0.0      0     0 ?        SN    2012   0:00 [ksoftirqd/6]
root        22  0.0  0.0      0     0 ?        S<    2012   0:00 [watchdog/6]
root        23  0.0  0.0      0     0 ?        S<    2012   0:04 [migration/7]
root        24  0.0  0.0      0     0 ?        SN    2012   0:00 [ksoftirqd/7]
root        25  0.0  0.0      0     0 ?        S<    2012   0:00 [watchdog/7]
root        26  0.0  0.0      0     0 ?        S<    2012   0:00 [migration/8]
root        27  0.0  0.0      0     0 ?        SN    2012   0:00 [ksoftirqd/8]
root        28  0.0  0.0      0     0 ?        S<    2012   0:00 [watchdog/8]
root        29  0.0  0.0      0     0 ?        S<    2012   0:04 [migration/9]
root        30  0.0  0.0      0     0 ?        SN    2012   0:03 [ksoftirqd/9]
root        31  0.0  0.0      0     0 ?        S<    2012   0:00 [watchdog/9]
root        32  0.0  0.0      0     0 ?        S<    2012   0:06 [migration/10]
root        33  0.0  0.0      0     0 ?        SN    2012   0:06 [ksoftirqd/10]
root        34  0.0  0.0      0     0 ?        S<    2012   0:00 [watchdog/10]
root        35  0.0  0.0      0     0 ?        S<    2012   0:02 [migration/11]
root        36  0.0  0.0      0     0 ?        SN    2012   0:01 [ksoftirqd/11]
root        37  0.0  0.0      0     0 ?        S<    2012   0:00 [watchdog/11]
root        38  0.0  0.0      0     0 ?        S<    2012   0:00 [migration/12]
root        39  0.0  0.0      0     0 ?        SN    2012   0:00 [ksoftirqd/12]
root        40  0.0  0.0      0     0 ?        S<    2012   0:00 [watchdog/12]
root        41  0.0  0.0      0     0 ?        S<    2012   0:06 [migration/13]
root        42  0.0  0.0      0     0 ?        SN    2012   0:07 [ksoftirqd/13]
root        43  0.0  0.0      0     0 ?        S<    2012   0:00 [watchdog/13]
root        44  0.0  0.0      0     0 ?        S<    2012   0:00 [migration/14]
root        45  0.0  0.0      0     0 ?        SN    2012   0:00 [ksoftirqd/14]
root        46  0.0  0.0      0     0 ?        S<    2012   0:00 [watchdog/14]
root        47  0.0  0.0      0     0 ?        S<    2012   0:05 [migration/15]
root        48  0.0  0.0      0     0 ?        SN    2012   0:04 [ksoftirqd/15]
root        49  0.0  0.0      0     0 ?        S<    2012   0:00 [watchdog/15]
root        50  0.0  0.0      0     0 ?        S<    2012   0:00 [events/0]
root        51  0.0  0.0      0     0 ?        S<    2012  28:03 [events/1]
root        52  0.0  0.0      0     0 ?        S<    2012  22:58 [events/2]
root        53  0.0  0.0      0     0 ?        S<    2012   0:01 [events/3]
root        54  0.0  0.0      0     0 ?        S<    2012   0:03 [events/4]
root        55  0.0  0.0      0     0 ?        S<    2012  24:25 [events/5]
root        56  0.0  0.0      0     0 ?        S<    2012   0:03 [events/6]
root        57  0.0  0.0      0     0 ?        S<    2012  17:27 [events/7]
root        58  0.0  0.0      0     0 ?        S<    2012   0:00 [events/8]
root        59  0.0  0.0      0     0 ?        S<    2012   0:00 [events/9]
root        60  0.0  0.0      0     0 ?        S<    2012   0:00 [events/10]
root        61  0.0  0.0      0     0 ?        S<    2012   0:00 [events/11]
root        62  0.0  0.0      0     0 ?        S<    2012   0:00 [events/12]
root        63  0.0  0.0      0     0 ?        S<    2012   0:00 [events/13]
root        64  0.0  0.0      0     0 ?        S<    2012   0:00 [events/14]
root        65  0.0  0.0      0     0 ?        S<    2012   0:00 [events/15]
root        66  0.0  0.0      0     0 ?        S<    2012   0:00 [khelper]
root       141  0.0  0.0      0     0 ?        S<    2012   0:00 [kthread]
root       161  0.0  0.0      0     0 ?        S<    2012   0:00 [kblockd/0]
root       162  0.0  0.0      0     0 ?        S<    2012   0:05 [kblockd/1]
root       163  0.0  0.0      0     0 ?        S<    2012   0:03 [kblockd/2]
root       164  0.0  0.0      0     0 ?        S<    2012   0:00 [kblockd/3]
root       165  0.0  0.0      0     0 ?        S<    2012   0:00 [kblockd/4]
root       166  0.0  0.0      0     0 ?        S<    2012   0:02 [kblockd/5]
root       167  0.0  0.0      0     0 ?        S<    2012   0:00 [kblockd/6]
root       168  0.0  0.0      0     0 ?        S<    2012   0:03 [kblockd/7]
root       169  0.0  0.0      0     0 ?        S<    2012   0:00 [kblockd/8]
root       170  0.0  0.0      0     0 ?        S<    2012   0:00 [kblockd/9]
root       171  0.0  0.0      0     0 ?        S<    2012   0:00 [kblockd/10]
root       172  0.0  0.0      0     0 ?        S<    2012   0:00 [kblockd/11]
root       173  0.0  0.0      0     0 ?        S<    2012   0:00 [kblockd/12]
root       174  0.0  0.0      0     0 ?        S<    2012   0:00 [kblockd/13]
root       175  0.0  0.0      0     0 ?        S<    2012   0:00 [kblockd/14]
root       176  0.0  0.0      0     0 ?        S<    2012   0:00 [kblockd/15]
root       177  0.0  0.0      0     0 ?        S<    2012   0:00 [kacpid]
root       329  0.0  0.0      0     0 ?        S<    2012   0:00 [cqueue/0]
root       330  0.0  0.0      0     0 ?        S<    2012   0:00 [cqueue/1]
root       331  0.0  0.0      0     0 ?        S<    2012   0:00 [cqueue/2]
root       332  0.0  0.0      0     0 ?        S<    2012   0:00 [cqueue/3]
root       333  0.0  0.0      0     0 ?        S<    2012   0:00 [cqueue/4]
root       334  0.0  0.0      0     0 ?        S<    2012   0:00 [cqueue/5]
root       335  0.0  0.0      0     0 ?        S<    2012   0:00 [cqueue/6]
root       336  0.0  0.0      0     0 ?        S<    2012   0:00 [cqueue/7]
root       337  0.0  0.0      0     0 ?        S<    2012   0:00 [cqueue/8]
root       338  0.0  0.0      0     0 ?        S<    2012   0:00 [cqueue/9]
root       339  0.0  0.0      0     0 ?        S<    2012   0:00 [cqueue/10]
root       340  0.0  0.0      0     0 ?        S<    2012   0:00 [cqueue/11]
root       341  0.0  0.0      0     0 ?        S<    2012   0:00 [cqueue/12]
root       342  0.0  0.0      0     0 ?        S<    2012   0:00 [cqueue/13]
root       343  0.0  0.0      0     0 ?        S<    2012   0:00 [cqueue/14]
root       344  0.0  0.0      0     0 ?        S<    2012   0:00 [cqueue/15]
root       347  0.0  0.0      0     0 ?        S<    2012   0:00 [khubd]
root       349  0.0  0.0      0     0 ?        S<    2012   0:00 [kseriod]
root       538  0.0  0.0      0     0 ?        S     2012   0:00 [khungtaskd]
root       541  0.0  0.0      0     0 ?        S<    2012   0:13 [kswapd0]
root       542  0.0  0.0      0     0 ?        S<    2012   0:05 [kswapd1]
root       543  0.0  0.0      0     0 ?        S<    2012   0:00 [aio/0]
root       544  0.0  0.0      0     0 ?        S<    2012   0:00 [aio/1]
root       545  0.0  0.0      0     0 ?        S<    2012   0:00 [aio/2]
root       546  0.0  0.0      0     0 ?        S<    2012   0:00 [aio/3]
root       547  0.0  0.0      0     0 ?        S<    2012   0:00 [aio/4]
root       548  0.0  0.0      0     0 ?        S<    2012   0:00 [aio/5]
root       549  0.0  0.0      0     0 ?        S<    2012   0:00 [aio/6]
root       550  0.0  0.0      0     0 ?        S<    2012   0:00 [aio/7]
root       551  0.0  0.0      0     0 ?        S<    2012   0:00 [aio/8]
root       552  0.0  0.0      0     0 ?        S<    2012   0:00 [aio/9]
root       553  0.0  0.0      0     0 ?        S<    2012   0:00 [aio/10]
root       554  0.0  0.0      0     0 ?        S<    2012   0:00 [aio/11]
root       555  0.0  0.0      0     0 ?        S<    2012   0:00 [aio/12]
root       556  0.0  0.0      0     0 ?        S<    2012   0:00 [aio/13]
root       557  0.0  0.0      0     0 ?        S<    2012   0:00 [aio/14]
root       558  0.0  0.0      0     0 ?        S<    2012   0:00 [aio/15]
root       712  0.0  0.0      0     0 ?        S<    2012   0:00 [kpsmoused]
root       856  0.0  0.0      0     0 ?        S<    2012   0:00 [cciss_scan00]
root       925  0.0  0.0      0     0 ?        S<    2012   0:00 [kstriped]
root       994  0.0  0.0      0     0 ?        S<    2012  13:19 [kjournald]
root      1019  0.0  0.0      0     0 ?        S<    2012   0:07 [kauditd]
root      1056  0.0  0.0  13040  1208 ?        S<s   2012   0:00 /sbin/udevd -d
root      1776  0.0  0.0      0     0 ?        S<    2012   0:07 [bnx2x]
ems       2417  0.0  0.0  90496  4408 ?        S    Mar01   0:00 /usr/libexec/gconfd-2 5
ems       2489  0.0  0.0  90496  4400 ?        S     2012   0:01 /usr/libexec/gconfd-2 12
root      3072  0.0  0.0      0     0 ?        S<    2012   0:00 [kmpathd/0]
root      3073  0.0  0.0      0     0 ?        S<    2012   0:00 [kmpathd/1]
root      3074  0.0  0.0      0     0 ?        S<    2012   0:00 [kmpathd/2]
root      3075  0.0  0.0      0     0 ?        S<    2012   0:00 [kmpathd/3]
root      3076  0.0  0.0      0     0 ?        S<    2012   0:00 [kmpathd/4]
root      3077  0.0  0.0      0     0 ?        S<    2012   0:00 [kmpathd/5]
root      3078  0.0  0.0      0     0 ?        S<    2012   0:00 [kmpathd/6]
root      3079  0.0  0.0      0     0 ?        S<    2012   0:00 [kmpathd/7]
root      3080  0.0  0.0      0     0 ?        S<    2012   0:00 [kmpathd/8]
root      3081  0.0  0.0      0     0 ?        S<    2012   0:00 [kmpathd/9]
root      3082  0.0  0.0      0     0 ?        S<    2012   0:00 [kmpathd/10]
root      3083  0.0  0.0      0     0 ?        S<    2012   0:00 [kmpathd/11]
root      3084  0.0  0.0      0     0 ?        S<    2012   0:00 [kmpathd/12]
root      3085  0.0  0.0      0     0 ?        S<    2012   0:00 [kmpathd/13]
root      3086  0.0  0.0      0     0 ?        S<    2012   0:00 [kmpathd/14]
root      3087  0.0  0.0      0     0 ?        S<    2012   0:00 [kmpathd/15]
root      3088  0.0  0.0      0     0 ?        S<    2012   0:00 [kmpath_handlerd]
root      3181  0.0  0.0      0     0 ?        S<    2012  25:10 [kjournald]
root      3183  0.0  0.0      0     0 ?        S<    2012   0:52 [kjournald]
root      3542  0.0  0.0      0     0 ?        S<    2012   0:00 [iscsi_eh]
root      3649  0.0  0.0      0     0 ?        S<    2012   0:00 [iw_cxgb3]
root      3721  0.0  0.0      0     0 ?        S<    2012   0:00 [scsi_eh_0]
root      3724  0.0  0.0      0     0 ?        S<    2012   0:00 [scsi_wq_0]
root      3725  0.0  0.0      0     0 ?        S<    2012   0:00 [scsi_eh_1]
root      3729  0.0  0.0      0     0 ?        S<    2012   0:00 [scsi_wq_1]
root      3773  0.0  0.0      0     0 ?        S<    2012   0:00 [ib_addr]
root      3808  0.0  0.0      0     0 ?        S<    2012   0:00 [ib_mcast]
root      3809  0.0  0.0      0     0 ?        S<    2012   0:00 [ib_inform]
root      3810  0.0  0.0      0     0 ?        S<    2012   0:00 [local_sa]
root      3828  0.0  0.0      0     0 ?        S<    2012   0:00 [iw_cm_wq]
root      3847  0.0  0.0      0     0 ?        S<    2012   0:00 [ib_cm/0]
root      3848  0.0  0.0      0     0 ?        S<    2012   0:00 [ib_cm/1]
root      3849  0.0  0.0      0     0 ?        S<    2012   0:00 [ib_cm/2]
root      3850  0.0  0.0      0     0 ?        S<    2012   0:00 [ib_cm/3]
root      3851  0.0  0.0      0     0 ?        S<    2012   0:00 [ib_cm/4]
root      3852  0.0  0.0      0     0 ?        S<    2012   0:00 [ib_cm/5]
root      3853  0.0  0.0      0     0 ?        S<    2012   0:00 [ib_cm/6]
root      3854  0.0  0.0      0     0 ?        S<    2012   0:00 [ib_cm/7]
root      3855  0.0  0.0      0     0 ?        S<    2012   0:00 [ib_cm/8]
root      3856  0.0  0.0      0     0 ?        S<    2012   0:00 [ib_cm/9]
root      3857  0.0  0.0      0     0 ?        S<    2012   0:00 [ib_cm/10]
root      3858  0.0  0.0      0     0 ?        S<    2012   0:00 [ib_cm/11]
root      3859  0.0  0.0      0     0 ?        S<    2012   0:00 [ib_cm/12]
root      3860  0.0  0.0      0     0 ?        S<    2012   0:00 [ib_cm/13]
root      3861  0.0  0.0      0     0 ?        S<    2012   0:00 [ib_cm/14]
root      3862  0.0  0.0      0     0 ?        S<    2012   0:00 [ib_cm/15]
root      3880  0.0  0.0      0     0 ?        S<    2012   0:00 [rdma_cm]
root      3929  0.0  0.0  59320   688 ?        Ssl   2012   0:01 brcm_iscsiuio
root      3935  0.0  0.0   3984   424 ?        Ss    2012   0:00 iscsid
root      3936  0.0  0.0   4476  2432 ?        S<Ls  2012   0:00 iscsid
root      4100  0.0  0.0      0     0 ?        S<    2012   0:00 [bond0]
root      4228  0.0  0.0  92860   900 ?        S<sl  2012   1:06 auditd
root      4230  0.0  0.0 147336   912 ?        S<sl  2012   0:25 /sbin/audispd
root      4252  0.0  0.0   5908   652 ?        Ss    2012   0:45 syslogd -m 0
root      4255  0.0  0.0   3804   424 ?        Ss    2012   0:00 klogd -x
root      4457  0.0  0.0  10760   400 ?        Ss    2012   8:08 irqbalance
rpc       4475  0.0  0.0   8052   572 ?        Ss    2012   0:00 portmap
root      4516  0.0  0.0      0     0 ?        S<    2012   0:00 [rpciod/0]
root      4517  0.0  0.0      0     0 ?        S<    2012   0:00 [rpciod/1]
root      4518  0.0  0.0      0     0 ?        S<    2012   0:00 [rpciod/2]
root      4519  0.0  0.0      0     0 ?        S<    2012   0:00 [rpciod/3]
root      4520  0.0  0.0      0     0 ?        S<    2012   0:00 [rpciod/4]
root      4521  0.0  0.0      0     0 ?        S<    2012   0:00 [rpciod/5]
root      4522  0.0  0.0      0     0 ?        S<    2012   0:00 [rpciod/6]
root      4523  0.0  0.0      0     0 ?        S<    2012   0:00 [rpciod/7]
root      4524  0.0  0.0      0     0 ?        S<    2012   0:00 [rpciod/8]
root      4525  0.0  0.0      0     0 ?        S<    2012   0:00 [rpciod/9]
root      4526  0.0  0.0      0     0 ?        S<    2012   0:00 [rpciod/10]
root      4527  0.0  0.0      0     0 ?        S<    2012   0:00 [rpciod/11]
root      4528  0.0  0.0      0     0 ?        S<    2012   0:00 [rpciod/12]
root      4529  0.0  0.0      0     0 ?        S<    2012   0:00 [rpciod/13]
root      4530  0.0  0.0      0     0 ?        S<    2012   0:00 [rpciod/14]
root      4531  0.0  0.0      0     0 ?        S<    2012   0:00 [rpciod/15]
root      4552  0.0  0.0  10160   788 ?        Ss    2012   0:00 rpc.statd
root      4576  0.0  0.0  55180   768 ?        Ss    2012   0:00 rpc.idmapd
dbus      4591  0.0  0.0  21492  1172 ?        Ss    2012  16:55 dbus-daemon --system
root      4606  0.0  0.0  10432   816 ?        Ss    2012   0:00 /usr/sbin/hcid
root      4610  0.0  0.0   5936   544 ?        Ss    2012   0:00 /usr/sbin/sdpd
root      4678  0.0  0.0      0     0 ?        S<    2012   0:00 [krfcommd]
root      4716  0.0  0.0  41660  1432 ?        Ssl   2012   0:30 pcscd
root      4726  0.0  0.0   3800   572 ?        Ss    2012   0:00 /usr/sbin/acpid
68        4735  0.0  0.0  31648  4584 ?        Ss    2012   4:41 hald
root      4736  0.0  0.0  21692  1060 ?        S     2012   0:00 hald-runner
68        4744  0.0  0.0  12324   844 ?        S     2012   0:00 hald-addon-acpi: listening on acpid socket /var/run/acpid.socket
68        4749  0.0  0.0  12324   844 ?        S     2012   0:00 hald-addon-keyboard: listening on /dev/input/event0
root      4790  0.0  0.0   8516   480 ?        Ss    2012   0:00 /usr/bin/hidd --server
root      4829  0.0  0.0 121984  1532 ?        Ssl   2012   0:02 automount
root      4846  0.0  0.0  26324   520 ?        Ss    2012   0:00 ./hpiod
root      4851  0.0  0.0 159380  6764 ?        S     2012   0:06 python ./hpssd.py
root      4864  0.0  0.0  62608  1216 ?        Ss    2012   0:00 /usr/sbin/sshd
root      4873  0.0  0.0 134200  2844 ?        Ss    2012   0:00 cupsd
root      4887  0.0  0.0  21644   936 ?        Ss    2012   0:00 xinetd -stayalive -pidfile /var/run/xinetd.pid
ntp       4904  0.0  0.0  19188  4888 ?        SLs   2012   0:45 ntpd -u ntp:ntp -p /var/run/ntpd.pid -g
uuidd     4941  0.0  0.0  60984   136 ?        Ss    2012   0:00 /usr/sbin/uuidd
root      4953  0.0  0.0  44268   644 ?        Ss    2012   0:00 /usr/sbin/vsftpd /etc/vsftpd/vsftpd.conf
root      4973  0.0  0.0  66936  2344 ?        Ss    2012   0:16 sendmail: accepting connections
smmsp     4982  0.0  0.0  57692  1756 ?        Ss    2012   0:00 sendmail: Queue runner@01:00:00 for /var/spool/clientmqueue
root      4992  0.0  0.0   6452   376 ?        Ss    2012   0:07 gpm -m /dev/input/mice -t exps2
root      5001  0.0  0.0  74840  1160 ?        Ss    2012   0:10 crond
xfs       5034  0.0  0.0  43280  5276 ?        Ss    2012   0:01 xfs -droppriv -daemon
root      5059  0.0  0.0  18732   460 ?        Ss    2012   0:00 /usr/sbin/atd
avahi     5089  0.0  0.0  23280  1324 ?        Ss    2012   0:03 avahi-daemon: running [dwdd1.local]
avahi     5090  0.0  0.0  23148   340 ?        Ss    2012   0:00 avahi-daemon: chroot helper
root      5101  0.0  0.0 150740  5740 ?        Ssl   2012   0:00 /usr/sbin/cimserver
ems       5106  0.0  0.0  90520  4424 ?        S     2012   0:00 /usr/libexec/gconfd-2 12
root      5109  0.0  0.0  88040  3224 ?        Ss   Aug01   0:00 sshd: ems [priv] 
ems       5111  0.0  0.0  88320  2156 ?        S    Aug01   0:04 sshd: ems@pts/3  
ems       5112  0.0  0.0  68440  1704 pts/3    Ss+  Aug01   0:00 -bash
root      5169  0.0  0.0  18416   468 ?        S     2012   0:00 /usr/sbin/smartd -q never
root      5174  0.0  0.0   3792   480 tty1     Ss+   2012   0:00 /sbin/mingetty tty1
root      5175  0.0  0.0   3792   484 tty2     Ss+   2012   0:00 /sbin/mingetty tty2
root      5176  0.0  0.0   3792   484 tty3     Ss+   2012   0:00 /sbin/mingetty tty3
root      5177  0.0  0.0   3792   480 tty4     Ss+   2012   0:00 /sbin/mingetty tty4
root      5178  0.0  0.0   3792   480 tty5     Ss+   2012   0:00 /sbin/mingetty tty5
root      5179  0.0  0.0   3792   484 tty6     Ss+   2012   0:00 /sbin/mingetty tty6
root      5181  0.0  0.0 167720  2676 ?        Ss    2012   0:00 /usr/sbin/gdm-binary -nodaemon
root      5285  0.0  0.0 201052  3456 ?        S     2012   0:02 /usr/sbin/gdm-binary -nodaemon
root      5287  0.0  0.0 255380  4120 ?        Sl    2012   0:14 /usr/libexec/gdm-rh-security-token-helper
root      5288  0.3  0.9 191248 74440 tty7     SLs+  2012 2498:38 /usr/bin/Xorg :0 -br -audit 0 -auth /var/gdm/:0.Xauth -nolisten tcp vt7
root      5306  0.0  0.7 536004 61644 tty7     Sl+   2012 565:39 ./rgsender -daemon -display 0 -l /etc/opt/hpremote/rgsender/logSetup
root      5311  0.0  0.3 268876 25648 ?        SN    2012   0:29 /usr/bin/python -tt /usr/sbin/yum-updatesd
root      5313  0.0  0.0  12916  1140 ?        SN    2012   0:03 /usr/libexec/gam_server
ems       5361  0.0  0.0 245496  6548 ?        Ss    2012   0:00 /usr/bin/gnome-session
ems       5393  0.0  0.0      0     0 ?        Z     2012   0:00 [Xsession] <defunct>
ems       5400  0.0  0.0  53852   800 ?        Ss    2012   0:00 /usr/bin/ssh-agent /bin/sh -c exec -l /bin/bash -c "/usr/bin/dbus-launch --exit-with-session /etc/X11/xinit/Xclients"
ems       5456  0.0  0.0 102044  1548 ?        S    16:50   0:00 crond
ems       5458  0.0  0.0   8700   952 ?        Ss   16:50   0:00 /bin/sh -c /df8003/home/nms/collection.sh >/dev/null
ems       5460  0.0  0.0   8704  1000 ?        S    16:50   0:00 /bin/sh /df8003/home/nms/collection.sh
ems       5470  0.0  0.0  10460   860 ?        R    16:50   0:00 ps aux
ems       5491  0.0  0.0  15180   536 ?        S     2012   0:00 /usr/bin/dbus-launch --exit-with-session /etc/X11/xinit/Xclients
ems       5492  0.0  0.0  21392  1044 ?        Ss    2012   0:00 /bin/dbus-daemon --fork --print-pid 4 --print-address 6 --session
ems       5498  0.0  0.0  90568  4472 ?        S     2012   0:09 /usr/libexec/gconfd-2 5
ems       5501  0.0  0.0  12900   576 ?        S     2012   0:00 /usr/bin/gnome-keyring-daemon
ems       5503  0.0  0.0 264624  7724 ?        Sl    2012   1:40 /usr/libexec/gnome-settings-daemon
ems       5504  0.0  0.2 143704 23436 ?        Ss    2012   0:01 /usr/lib64/scim-1.0/scim-launcher -d -c simple -e all -f socket --no-stay
ems       5525  0.0  0.2 186644 17312 ?        Ss    2012  12:39 metacity --sm-client-id=default1
ems       5529  0.0  0.2 349004 22504 ?        Ss    2012   1:58 gnome-panel --sm-client-id default2
ems       5531  0.0  0.4 502684 39800 ?        Ss    2012   1:34 nautilus --no-default-window --sm-client-id default3
ems       5535  0.0  0.0 263044  3608 ?        Ssl   2012   0:00 /usr/libexec/bonobo-activation-server --ac-activate --ior-output-fd=16
ems       5537  0.0  0.0 263456  7708 ?        Ss    2012   0:01 eggcups --sm-client-id default4
ems       5538  0.0  0.0 230464  4664 ?        Ss    2012   0:00 gnome-volume-manager --sm-client-id default5
ems       5542  0.0  0.0 147264  3356 ?        S     2012   0:00 /usr/libexec/gnome-vfs-daemon
ems       5554  0.0  0.0 154232  4768 ?        Ss    2012   0:03 bt-applet --sm-disable
ems       5563  0.0  0.4 364912 33768 ?        Ss    2012   0:12 /usr/bin/python -tt /usr/bin/puplet
ems       5566  0.0  0.1 291712 11512 ?        Ss    2012   0:04 nm-applet --sm-disable
ems       5570  0.0  0.0 155420  4832 ?        Ss    2012   0:03 pam-panel-icon --sm-client-id default0
root      5571  0.0  0.0  12188   704 ?        S     2012   0:09 /sbin/pam_timestamp_check -d root
ems       5572  0.0  0.0  72372  2676 ?        Sl    2012   0:16 ./escd --key_Inserted="/usr/bin/esc" --on_Signal="/usr/bin/esc"
ems       5575  0.0  0.0 296852  6740 ?        Ss    2012  13:09 gnome-power-manager
root      5579  0.0  0.0  57872  3328 ?        S     2012   0:02 /usr/sbin/nm-system-settings --config /etc/NetworkManager/nm-system-settings.conf
ems       5580  0.0  0.0  82440   632 ?        Ss    2012   0:00 /usr/lib64/scim-1.0/scim-helper-manager
ems       5581  0.0  0.1 262900 10468 ?        Ssl   2012   0:56 /usr/lib64/scim-1.0/scim-panel-gtk --display :0.0 -c socket -d --no-stay
ems       5583  0.0  0.0  94416  4192 ?        Ss    2012   0:08 /usr/lib64/scim-1.0/scim-launcher -d -c socket -e socket -f x11
ems       5588  0.0  0.0  13020  1216 ?        S     2012   0:39 /usr/libexec/gam_server
ems       5591  0.0  0.4 344804 35896 ?        S     2012  12:38 /usr/libexec/wnck-applet --oaf-activate-iid=OAFIID:GNOME_Wncklet_Factory --oaf-ior-fd=19
ems       5593  0.0  0.1 460892  8868 ?        S     2012   0:00 /usr/libexec/trashapplet --oaf-activate-iid=OAFIID:GNOME_Panel_TrashApplet_Factory --oaf-ior-fd=25
ems       5610  0.0  0.1 345480 15764 ?        Sl    2012   1:46 /usr/libexec/mixer_applet2 --oaf-activate-iid=OAFIID:GNOME_MixerApplet_Factory --oaf-ior-fd=23
ems       5612  0.0  0.1 298976 13144 ?        S     2012   0:03 /usr/libexec/clock-applet --oaf-activate-iid=OAFIID:GNOME_ClockApplet_Factory --oaf-ior-fd=31
ems       5614  0.0  0.0  12824   864 ?        S     2012   0:00 /usr/libexec/mapping-daemon
ems       5718  0.0  0.0 241212  7072 ?        S     2012   0:00 /usr/libexec/notification-area-applet --oaf-activate-iid=OAFIID:GNOME_NotificationAreaApplet_Factory --oaf-ior-fd=29
ems       5817  0.0  0.0 183584  4844 ?        Ss    2012   3:42 gnome-screensaver
ems       5858  0.0  0.2 316144 21336 ?        Sl    2012   6:13 gnome-terminal
ems       5862  0.0  0.0  78708  1300 ?        S     2012 194:23 scim-bridge
ems       5863  0.0  0.0  14868   728 ?        S     2012   0:00 gnome-pty-helper
ems       5864  0.0  0.0  68448  1724 pts/2    Ss+   2012   0:00 bash
ems       5924  0.0  0.3 325392 31200 ?        Sl    2012   2:45 /usr/bin/gnome-terminal -x /bin/sh -c '/df8003/home/Desktop/调度员界面-快速启动'
ems       5926  0.0  0.0 187252  3296 ?        Ssl   2012   0:00 /usr/libexec/bonobo-activation-server --ac-activate --ior-output-fd=16
ems       5930  0.0  0.0  14868   732 ?        S     2012   0:00 gnome-pty-helper
ems      12714  0.0  0.2 317212 21980 ?        Sl   Mar10   3:24 gnome-terminal
ems      12716  0.0  0.0 121596  3068 ?        Ssl  Mar10   0:00 /usr/libexec/bonobo-activation-server --ac-activate --ior-output-fd=16
ems      12720  0.0  0.0  14868   728 ?        S    Mar10   0:00 gnome-pty-helper
ems      12854  0.0  0.0  90520  4424 ?        S     2012   0:01 /usr/libexec/gconfd-2 12
root     13191  0.0  0.0      0     0 ?        S    Aug26   0:00 [pdflush]
root     13192  0.0  0.0      0     0 ?        S    Aug26   1:16 [pdflush]
ems      14170  0.0  0.0  68448  1732 pts/4    Ss+   2012   0:00 bash
ems      14998  0.0  0.0  90500  4408 ?        S    Jun04   0:00 /usr/libexec/gconfd-2 12
ems      16833  0.0  0.0  90484  4384 ?        S    Sep12   0:00 /usr/libexec/gconfd-2 5
ems      16923  0.0  0.0  81028  3124 ?        SN   Mar23   0:00 python /df8003/bat/gupdate
ems      16930  0.0  0.0  66096  1200 ?        SN   Mar23   0:00 sh -c { cd /df8003/uif/netres/; cvs -q up ; } 2>&1
ems      16931  0.0  0.0  43556  1420 ?        SN   Mar23   0:00 cvs -q up
ems      18102  0.0  0.0  90484  4388 ?        S    May13   0:00 /usr/libexec/gconfd-2 5
ems      20535  0.0  0.0  90496  4412 ?        S    Jan15   0:00 /usr/libexec/gconfd-2 12
ems      21602  0.0  0.0  90488  4396 ?        S    Aug05   0:00 /usr/libexec/gconfd-2 12
ems      25523  0.0  0.0  72832  1836 pts/5    Ss+  Mar20   0:00 bash
ems      25837  0.0  0.0  90504  4420 ?        S     2012   0:00 /usr/libexec/gconfd-2 12
ems      25917  0.0  0.0 187000  3020 ?        Ssl   2012   0:00 /usr/libexec/bonobo-activation-server --ac-activate --ior-output-fd=16
root     26852  0.0  0.1 140152  8176 ?        SN   Aug12   0:00 /df8003/bin/dbmd
root     26853  0.3  0.0 139648  3740 ?        SN   Aug12 140:24 /df8003/bin/applogd
root     26854  0.2  0.0 135308  3472 ?        S    Aug12 125:06 /df8003/bin/netmd
root     26855  0.3  0.2 159084 18156 ?        S    Aug12 159:52 /df8003/bin/sysmd
root     26926  0.0  0.0 208616  7884 ?        SN   Aug12   0:04 /df8003/bin/procmd
root     26927  0.0  0.0 208120  7692 ?        SN   Aug12   0:00 proc_watchd
root     26928  0.1  0.1 217520  8308 ?        SN   Aug12  91:12 netmond -s 3600
ems      26929  0.0  0.1 290312 14068 ?        SN   Aug12  19:49 almd_server_rep
ems      26930  0.0  0.3 1817336 31580 ?       SN   Aug12  13:05 alm_replica -mode r
ems      26931  0.8  9.0 1802588 739504 ?      SN   Aug12 415:04 SCADA_Rep -mode r
ems      26932  0.0  0.3 541072 27488 ?        SN   Aug12  20:22 comServer
ems      26933  0.0  2.7 1705448 225628 ?      SN   Aug12   0:27 SCADA_Server -mode s1 -ref
ems      26934  0.0  0.1 1808152 15864 ?       SN   Aug12   0:00 SSM_Server -dts
ems      26936  0.0  0.0 141692  7552 ?        SN   Aug12   0:06 grsd
root     26937  0.0  0.8 1890536 72280 ?       SN   Aug12   0:03 ssrd
ems      27711  1.0 38.1 8344368 3115000 ?     SNl  Aug12 464:12 /df8003/bin/qtmmi -nogis
ems      31585  0.0  0.0  90516  4424 ?        S    Jul09   0:00 /usr/libexec/gconfd-2 5
cmdbegin:mac
1: lo: <LOOPBACK,UP,LOWER_UP> mtu 16436 qdisc noqueue 
    link/loopback 00:00:00:00:00:00 brd 00:00:00:00:00:00
    inet 127.0.0.1/8 scope host lo
    inet6 ::1/128 scope host 
       valid_lft forever preferred_lft forever
2: eth0: <BROADCAST,MULTICAST,SLAVE,UP,LOWER_UP> mtu 1500 qdisc pfifo_fast master bond0 qlen 1000
    link/ether 3c:4a:92:ec:83:68 brd ff:ff:ff:ff:ff:ff
3: eth1: <BROADCAST,MULTICAST,SLAVE,UP,LOWER_UP> mtu 1500 qdisc pfifo_fast master bond0 qlen 1000
    link/ether 3c:4a:92:ec:83:68 brd ff:ff:ff:ff:ff:ff
4: sit0: <NOARP> mtu 1480 qdisc noop 
    link/sit 0.0.0.0 brd 0.0.0.0
5: bond0: <BROADCAST,MULTICAST,MASTER,UP,LOWER_UP> mtu 1500 qdisc noqueue 
    link/ether 3c:4a:92:ec:83:68 brd ff:ff:ff:ff:ff:ff
    inet 192.168.1.30/24 brd 192.168.1.255 scope global bond0
    inet6 fe80::3e4a:92ff:feec:8368/64 scope link 
       valid_lft forever preferred_lft forever
cmdbegin:interface
Linux 2.6.18-194.el5 (dwdd1) 	09/13/13

16:50:07        IFACE   rxpck/s   txpck/s   rxbyt/s   txbyt/s   rxcmp/s   txcmp/s  rxmcst/s
16:50:08           lo    740.00    740.00  68039.00  68039.00      0.00      0.00      0.00
16:50:08         eth0     52.00      2.00  26554.00    184.00      0.00      0.00      7.00
16:50:08         eth1    133.00      0.00 144470.00      0.00      0.00      0.00      0.00
16:50:08         sit0      0.00      0.00      0.00      0.00      0.00      0.00      0.00
16:50:08        bond0    185.00      2.00 171024.00    184.00      0.00      0.00      7.00

16:50:08        IFACE   rxpck/s   txpck/s   rxbyt/s   txbyt/s   rxcmp/s   txcmp/s  rxmcst/s
16:50:09           lo    325.00    325.00  31046.00  31046.00      0.00      0.00      0.00
16:50:09         eth0    146.00      3.00 148674.00    428.00      0.00      0.00     11.00
16:50:09         eth1     46.00      0.00  24248.00      0.00      0.00      0.00      0.00
16:50:09         sit0      0.00      0.00      0.00      0.00      0.00      0.00      0.00
16:50:09        bond0    192.00      3.00 172922.00    428.00      0.00      0.00     11.00

16:50:09        IFACE   rxpck/s   txpck/s   rxbyt/s   txbyt/s   rxcmp/s   txcmp/s  rxmcst/s
16:50:10           lo    235.00    235.00  22214.00  22214.00      0.00      0.00      0.00
16:50:10         eth0    178.00      5.00 198374.00    876.00      0.00      0.00      5.00
16:50:10         eth1    175.00      0.00 199918.00      0.00      0.00      0.00      0.00
16:50:10         sit0      0.00      0.00      0.00      0.00      0.00      0.00      0.00
16:50:10        bond0    353.00      5.00 398292.00    876.00      0.00      0.00      5.00

Average:        IFACE   rxpck/s   txpck/s   rxbyt/s   txbyt/s   rxcmp/s   txcmp/s  rxmcst/s
Average:           lo    433.33    433.33  40433.00  40433.00      0.00      0.00      0.00
Average:         eth0    125.33      3.33 124534.00    496.00      0.00      0.00      7.67
Average:         eth1    118.00      0.00 122878.67      0.00      0.00      0.00      0.00
Average:         sit0      0.00      0.00      0.00      0.00      0.00      0.00      0.00
Average:        bond0    243.33      3.33 247412.67    496.00      0.00      0.00      7.67
cmdbegin:uname
Linux dwdd1
cmdbegin:usergroup
root:x:0:root
bin:x:1:root,bin,daemon
daemon:x:2:root,bin,daemon
sys:x:3:root,bin,adm
adm:x:4:root,adm,daemon
tty:x:5:
disk:x:6:root
lp:x:7:daemon,lp
mem:x:8:
kmem:x:9:
wheel:x:10:root
mail:x:12:mail
news:x:13:news
uucp:x:14:uucp
man:x:15:
games:x:20:
gopher:x:30:
dip:x:40:
ftp:x:50:
lock:x:54:
nobody:x:99:
users:x:100:ems
nscd:x:28:
floppy:x:19:
vcsa:x:69:
audio:x:63:gdm
utmp:x:22:
rpc:x:32:
mailnull:x:47:
smmsp:x:51:
pcap:x:77:
utempter:x:35:
slocate:x:21:
ntp:x:38:
sshd:x:74:
rpcuser:x:29:
nfsnobody:x:4294967294:
dbus:x:81:
avahi:x:70:
haldaemon:x:68:
avahi-autoipd:x:101:
distcache:x:94:
mysql:x:27:
apache:x:48:
postgres:x:26:
webalizer:x:67:
oprofile:x:16:
squid:x:23:
named:x:25:
xfs:x:43:
gdm:x:42:
sabayon:x:86:
stapdev:x:102:
stapusr:x:103:
ldap:x:55:
uuidd:x:104:
pkcs11:x:105:root
screen:x:84:
ident:x:98:
pvm:x:24:
privoxy:x:73:
quaggavt:x:85:
quagga:x:92:
radvd:x:75:
radiusd:x:95:
tomcat:x:91:
pegasus:x:65:
fuse:x:106:
dfdz:x:500:ems
dba:x:501:oracle
oracle:x:502:
cmdbegin:user
root:x:0:0:root:/root:/bin/bash
bin:x:1:1:bin:/bin:/sbin/nologin
daemon:x:2:2:daemon:/sbin:/sbin/nologin
adm:x:3:4:adm:/var/adm:/sbin/nologin
lp:x:4:7:lp:/var/spool/lpd:/sbin/nologin
sync:x:5:0:sync:/sbin:/bin/sync
shutdown:x:6:0:shutdown:/sbin:/sbin/shutdown
halt:x:7:0:halt:/sbin:/sbin/halt
mail:x:8:12:mail:/var/spool/mail:/sbin/nologin
news:x:9:13:news:/etc/news:
uucp:x:10:14:uucp:/var/spool/uucp:/sbin/nologin
operator:x:11:0:operator:/root:/sbin/nologin
games:x:12:100:games:/usr/games:/sbin/nologin
gopher:x:13:30:gopher:/var/gopher:/sbin/nologin
ftp:x:14:50:FTP User:/var/ftp:/sbin/nologin
nobody:x:99:99:Nobody:/:/sbin/nologin
nscd:x:28:28:NSCD Daemon:/:/sbin/nologin
vcsa:x:69:69:virtual console memory owner:/dev:/sbin/nologin
rpc:x:32:32:Portmapper RPC user:/:/sbin/nologin
mailnull:x:47:47::/var/spool/mqueue:/sbin/nologin
smmsp:x:51:51::/var/spool/mqueue:/sbin/nologin
pcap:x:77:77::/var/arpwatch:/sbin/nologin
ntp:x:38:38::/etc/ntp:/sbin/nologin
sshd:x:74:74:Privilege-separated SSH:/var/empty/sshd:/sbin/nologin
rpcuser:x:29:29:RPC Service User:/var/lib/nfs:/sbin/nologin
nfsnobody:x:4294967294:4294967294:Anonymous NFS User:/var/lib/nfs:/sbin/nologin
dbus:x:81:81:System message bus:/:/sbin/nologin
avahi:x:70:70:Avahi daemon:/:/sbin/nologin
haldaemon:x:68:68:HAL daemon:/:/sbin/nologin
avahi-autoipd:x:100:101:avahi-autoipd:/var/lib/avahi-autoipd:/sbin/nologin
distcache:x:94:94:Distcache:/:/sbin/nologin
mysql:x:27:27:MySQL Server:/var/lib/mysql:/bin/bash
apache:x:48:48:Apache:/var/www:/sbin/nologin
postgres:x:26:26:PostgreSQL Server:/var/lib/pgsql:/bin/bash
webalizer:x:67:67:Webalizer:/var/www/usage:/sbin/nologin
oprofile:x:16:16:Special user account to be used by OProfile:/home/oprofile:/sbin/nologin
squid:x:23:23::/var/spool/squid:/sbin/nologin
named:x:25:25:Named:/var/named:/sbin/nologin
xfs:x:43:43:X Font Server:/etc/X11/fs:/sbin/nologin
gdm:x:42:42::/var/gdm:/sbin/nologin
sabayon:x:86:86:Sabayon user:/home/sabayon:/sbin/nologin
ldap:x:55:55:LDAP User:/var/lib/ldap:/bin/false
uuidd:x:101:104:UUID generator helper daemon:/var/lib/libuuid:/sbin/nologin
amanda:x:33:6:Amanda user:/var/lib/amanda:/bin/bash
ident:x:98:98::/:/sbin/nologin
pvm:x:24:24::/usr/share/pvm3:/bin/bash
privoxy:x:73:73::/etc/privoxy:/sbin/nologin
quagga:x:92:92:Quagga routing suite:/var/run/quagga:/sbin/nologin
radvd:x:75:75:radvd user:/:/sbin/nologin
radiusd:x:95:95:radiusd user:/home/radiusd:/sbin/nologin
tomcat:x:91:91:Tomcat:/usr/share/tomcat5:/bin/sh
pegasus:x:66:65:tog-pegasus OpenPegasus WBEM/CIM services:/var/lib/Pegasus:/sbin/nologin
ems:x:115:500::/df8003/home:/bin/bash
oracle:x:502:501::/usr/local/oracle:/bin/bash
cmdbegin:date
Fri Sep 13 16:50:10 CST 2013
cmdbegin:uptime
 16:50:10 up 533 days, 52 min,  5 users,  load average: 0.48, 0.47, 0.44
cmdbegin:end
