cmdbegin:version
Linux version 2.6.18-194.el5 (mockbuild@x86-005.build.bos.redhat.com) (gcc version 4.1.2 20080704 (Red Hat 4.1.2-48)) #1 SMP Tue Mar 16 21:52:39 EDT 2010
cmdbegin:cpuconfig
processor	: 0
model name	: Intel(R) Xeon(R) CPU           E5620  @ 2.40GHz
cpu MHz		: 2400.156
cache size	: 12288 KB
processor	: 1
model name	: Intel(R) Xeon(R) CPU           E5620  @ 2.40GHz
cpu MHz		: 2400.156
cache size	: 12288 KB
processor	: 2
model name	: Intel(R) Xeon(R) CPU           E5620  @ 2.40GHz
cpu MHz		: 2400.156
cache size	: 12288 KB
processor	: 3
model name	: Intel(R) Xeon(R) CPU           E5620  @ 2.40GHz
cpu MHz		: 2400.156
cache size	: 12288 KB
processor	: 4
model name	: Intel(R) Xeon(R) CPU           E5620  @ 2.40GHz
cpu MHz		: 2400.156
cache size	: 12288 KB
processor	: 5
model name	: Intel(R) Xeon(R) CPU           E5620  @ 2.40GHz
cpu MHz		: 2400.156
cache size	: 12288 KB
processor	: 6
model name	: Intel(R) Xeon(R) CPU           E5620  @ 2.40GHz
cpu MHz		: 2400.156
cache size	: 12288 KB
processor	: 7
model name	: Intel(R) Xeon(R) CPU           E5620  @ 2.40GHz
cpu MHz		: 2400.156
cache size	: 12288 KB
processor	: 8
model name	: Intel(R) Xeon(R) CPU           E5620  @ 2.40GHz
cpu MHz		: 2400.156
cache size	: 12288 KB
processor	: 9
model name	: Intel(R) Xeon(R) CPU           E5620  @ 2.40GHz
cpu MHz		: 2400.156
cache size	: 12288 KB
processor	: 10
model name	: Intel(R) Xeon(R) CPU           E5620  @ 2.40GHz
cpu MHz		: 2400.156
cache size	: 12288 KB
processor	: 11
model name	: Intel(R) Xeon(R) CPU           E5620  @ 2.40GHz
cpu MHz		: 2400.156
cache size	: 12288 KB
processor	: 12
model name	: Intel(R) Xeon(R) CPU           E5620  @ 2.40GHz
cpu MHz		: 2400.156
cache size	: 12288 KB
processor	: 13
model name	: Intel(R) Xeon(R) CPU           E5620  @ 2.40GHz
cpu MHz		: 2400.156
cache size	: 12288 KB
processor	: 14
model name	: Intel(R) Xeon(R) CPU           E5620  @ 2.40GHz
cpu MHz		: 2400.156
cache size	: 12288 KB
processor	: 15
model name	: Intel(R) Xeon(R) CPU           E5620  @ 2.40GHz
cpu MHz		: 2400.156
cache size	: 12288 KB
cmdbegin:disk
Filesystem           1K-blocks      Used Available Use% Mounted on
/dev/cciss/c0d0p1     20315812   1251624  18015548   7% /
/dev/cciss/c0d0p5     57578808  45558276   9048512  84% /df8003
/dev/cciss/c0d0p2     40631988   7177216  31357488  19% /usr
tmpfs                  4080312         0   4080312   0% /dev/shm
cmdbegin:diskperf
Linux 2.6.18-194.el5 (dwmain5) 	09/13/13

16:55:01          DEV       tps  rd_sec/s  wr_sec/s  avgrq-sz  avgqu-sz     await     svctm     %util
16:55:02     dev104-0    159.00      8.00   7960.00     50.11      9.79     61.69      1.57     24.90
16:55:02     dev104-1      7.00      0.00    328.00     46.86      0.06     10.86      7.43      5.20
16:55:02     dev104-2      0.00      0.00      0.00      0.00      0.00      0.00      0.00      0.00
16:55:02     dev104-3      0.00      0.00      0.00      0.00      0.00      0.00      0.00      0.00
16:55:02     dev104-4      0.00      0.00      0.00      0.00      0.00      0.00      0.00      0.00
16:55:02     dev104-5    152.00      8.00   7632.00     50.26      9.73     64.03      1.30     19.70

16:55:02          DEV       tps  rd_sec/s  wr_sec/s  avgrq-sz  avgqu-sz     await     svctm     %util
16:55:03     dev104-0      0.00      0.00      0.00      0.00      0.00      0.00      0.00      0.00
16:55:03     dev104-1      0.00      0.00      0.00      0.00      0.00      0.00      0.00      0.00
16:55:03     dev104-2      0.00      0.00      0.00      0.00      0.00      0.00      0.00      0.00
16:55:03     dev104-3      0.00      0.00      0.00      0.00      0.00      0.00      0.00      0.00
16:55:03     dev104-4      0.00      0.00      0.00      0.00      0.00      0.00      0.00      0.00
16:55:03     dev104-5      0.00      0.00      0.00      0.00      0.00      0.00      0.00      0.00

16:55:03          DEV       tps  rd_sec/s  wr_sec/s  avgrq-sz  avgqu-sz     await     svctm     %util
16:55:04     dev104-0     14.00      0.00    312.00     22.29      0.54     38.57      6.14      8.60
16:55:04     dev104-1      0.00      0.00      0.00      0.00      0.00      0.00      0.00      0.00
16:55:04     dev104-2      0.00      0.00      0.00      0.00      0.00      0.00      0.00      0.00
16:55:04     dev104-3      0.00      0.00      0.00      0.00      0.00      0.00      0.00      0.00
16:55:04     dev104-4      0.00      0.00      0.00      0.00      0.00      0.00      0.00      0.00
16:55:04     dev104-5     14.00      0.00    312.00     22.29      0.54     38.57      6.14      8.60

Average:          DEV       tps  rd_sec/s  wr_sec/s  avgrq-sz  avgqu-sz     await     svctm     %util
Average:     dev104-0     57.67      2.67   2757.33     47.86      3.44     59.82      1.94     11.17
Average:     dev104-1      2.33      0.00    109.33     46.86      0.02     10.86      7.43      1.73
Average:     dev104-2      0.00      0.00      0.00      0.00      0.00      0.00      0.00      0.00
Average:     dev104-3      0.00      0.00      0.00      0.00      0.00      0.00      0.00      0.00
Average:     dev104-4      0.00      0.00      0.00      0.00      0.00      0.00      0.00      0.00
Average:     dev104-5     55.33      2.67   2648.00     47.90      3.42     61.89      1.70      9.43
cmdbegin:cpu
Linux 2.6.18-194.el5 (dwmain5) 	09/13/13

16:55:04          CPU     %user     %nice   %system   %iowait    %steal     %idle
16:55:05          all      0.06      0.00      0.06      0.00      0.00     99.88
16:55:06          all      0.06      0.12      0.00      0.12      0.00     99.69
16:55:07          all      0.06      0.06      0.25      0.50      0.00     99.13
Average:          all      0.06      0.06      0.10      0.21      0.00     99.56
cmdbegin:memory
             total       used       free     shared    buffers     cached
Mem:       8160624    7832740     327884          0     277768    1873732
-/+ buffers/cache:    5681240    2479384
Swap:     20972848    1913736   19059112
cmdbegin:process
USER       PID %CPU %MEM    VSZ   RSS TTY      STAT START   TIME COMMAND
root         1  0.0  0.0  10348   316 ?        Ss   Apr23   0:13 init [5]                              
root         2  0.0  0.0      0     0 ?        S<   Apr23   0:01 [migration/0]
root         3  0.0  0.0      0     0 ?        SN   Apr23   0:00 [ksoftirqd/0]
root         4  0.0  0.0      0     0 ?        S<   Apr23   0:00 [watchdog/0]
root         5  0.0  0.0      0     0 ?        S<   Apr23   0:01 [migration/1]
root         6  0.0  0.0      0     0 ?        SN   Apr23   0:00 [ksoftirqd/1]
root         7  0.0  0.0      0     0 ?        S<   Apr23   0:00 [watchdog/1]
root         8  0.0  0.0      0     0 ?        S<   Apr23   0:00 [migration/2]
root         9  0.0  0.0      0     0 ?        SN   Apr23   0:00 [ksoftirqd/2]
root        10  0.0  0.0      0     0 ?        S<   Apr23   0:00 [watchdog/2]
root        11  0.0  0.0      0     0 ?        S<   Apr23   0:00 [migration/3]
root        12  0.0  0.0      0     0 ?        SN   Apr23   0:00 [ksoftirqd/3]
root        13  0.0  0.0      0     0 ?        S<   Apr23   0:00 [watchdog/3]
root        14  0.0  0.0      0     0 ?        S<   Apr23   0:00 [migration/4]
root        15  0.0  0.0      0     0 ?        SN   Apr23   0:00 [ksoftirqd/4]
root        16  0.0  0.0      0     0 ?        S<   Apr23   0:00 [watchdog/4]
root        17  0.0  0.0      0     0 ?        S<   Apr23   0:00 [migration/5]
root        18  0.0  0.0      0     0 ?        SN   Apr23   0:00 [ksoftirqd/5]
root        19  0.0  0.0      0     0 ?        S<   Apr23   0:00 [watchdog/5]
root        20  0.0  0.0      0     0 ?        S<   Apr23   0:00 [migration/6]
root        21  0.0  0.0      0     0 ?        SN   Apr23   0:00 [ksoftirqd/6]
root        22  0.0  0.0      0     0 ?        S<   Apr23   0:00 [watchdog/6]
root        23  0.0  0.0      0     0 ?        S<   Apr23   0:00 [migration/7]
root        24  0.0  0.0      0     0 ?        SN   Apr23   0:00 [ksoftirqd/7]
root        25  0.0  0.0      0     0 ?        S<   Apr23   0:00 [watchdog/7]
root        26  0.0  0.0      0     0 ?        S<   Apr23   0:00 [migration/8]
root        27  0.0  0.0      0     0 ?        SN   Apr23   0:00 [ksoftirqd/8]
root        28  0.0  0.0      0     0 ?        S<   Apr23   0:00 [watchdog/8]
root        29  0.0  0.0      0     0 ?        S<   Apr23   0:06 [migration/9]
root        30  0.0  0.0      0     0 ?        SN   Apr23   0:04 [ksoftirqd/9]
root        31  0.0  0.0      0     0 ?        S<   Apr23   0:00 [watchdog/9]
root        32  0.0  0.0      0     0 ?        S<   Apr23   0:03 [migration/10]
root        33  0.0  0.0      0     0 ?        SN   Apr23   0:03 [ksoftirqd/10]
root        34  0.0  0.0      0     0 ?        S<   Apr23   0:00 [watchdog/10]
root        35  0.0  0.0      0     0 ?        S<   Apr23   0:00 [migration/11]
root        36  0.0  0.0      0     0 ?        SN   Apr23   0:00 [ksoftirqd/11]
root        37  0.0  0.0      0     0 ?        S<   Apr23   0:00 [watchdog/11]
root        38  0.0  0.0      0     0 ?        S<   Apr23   0:00 [migration/12]
root        39  0.0  0.0      0     0 ?        SN   Apr23   0:00 [ksoftirqd/12]
root        40  0.0  0.0      0     0 ?        S<   Apr23   0:00 [watchdog/12]
root        41  0.0  0.0      0     0 ?        S<   Apr23   0:01 [migration/13]
root        42  0.0  0.0      0     0 ?        SN   Apr23   0:01 [ksoftirqd/13]
root        43  0.0  0.0      0     0 ?        S<   Apr23   0:00 [watchdog/13]
root        44  0.0  0.0      0     0 ?        S<   Apr23   0:00 [migration/14]
root        45  0.0  0.0      0     0 ?        SN   Apr23   0:00 [ksoftirqd/14]
root        46  0.0  0.0      0     0 ?        S<   Apr23   0:00 [watchdog/14]
root        47  0.0  0.0      0     0 ?        S<   Apr23   0:01 [migration/15]
root        48  0.0  0.0      0     0 ?        SN   Apr23   0:01 [ksoftirqd/15]
root        49  0.0  0.0      0     0 ?        S<   Apr23   0:00 [watchdog/15]
root        50  0.0  0.0      0     0 ?        S<   Apr23   0:00 [events/0]
root        51  0.0  0.0      0     0 ?        S<   Apr23   6:38 [events/1]
root        52  0.0  0.0      0     0 ?        S<   Apr23   7:48 [events/2]
root        53  0.0  0.0      0     0 ?        S<   Apr23   0:00 [events/3]
root        54  0.0  0.0      0     0 ?        S<   Apr23   0:00 [events/4]
root        55  0.0  0.0      0     0 ?        S<   Apr23   4:35 [events/5]
root        56  0.0  0.0      0     0 ?        S<   Apr23   0:01 [events/6]
root        57  0.0  0.0      0     0 ?        S<   Apr23   7:11 [events/7]
root        58  0.0  0.0      0     0 ?        S<   Apr23   0:00 [events/8]
root        59  0.0  0.0      0     0 ?        S<   Apr23   0:00 [events/9]
root        60  0.0  0.0      0     0 ?        S<   Apr23   0:00 [events/10]
root        61  0.0  0.0      0     0 ?        S<   Apr23   0:00 [events/11]
root        62  0.0  0.0      0     0 ?        S<   Apr23   0:00 [events/12]
root        63  0.0  0.0      0     0 ?        S<   Apr23   0:00 [events/13]
root        64  0.0  0.0      0     0 ?        S<   Apr23   0:00 [events/14]
root        65  0.0  0.0      0     0 ?        S<   Apr23   0:00 [events/15]
root        66  0.0  0.0      0     0 ?        S<   Apr23   0:00 [khelper]
root       141  0.0  0.0      0     0 ?        S<   Apr23   0:00 [kthread]
root       161  0.0  0.0      0     0 ?        S<   Apr23   0:00 [kblockd/0]
root       162  0.0  0.0      0     0 ?        S<   Apr23   0:05 [kblockd/1]
root       163  0.0  0.0      0     0 ?        S<   Apr23   0:04 [kblockd/2]
root       164  0.0  0.0      0     0 ?        S<   Apr23   0:00 [kblockd/3]
root       165  0.0  0.0      0     0 ?        S<   Apr23   0:00 [kblockd/4]
root       166  0.0  0.0      0     0 ?        S<   Apr23   0:03 [kblockd/5]
root       167  0.0  0.0      0     0 ?        S<   Apr23   0:00 [kblockd/6]
root       168  0.0  0.0      0     0 ?        S<   Apr23   0:02 [kblockd/7]
root       169  0.0  0.0      0     0 ?        S<   Apr23   0:00 [kblockd/8]
root       170  0.0  0.0      0     0 ?        S<   Apr23   0:00 [kblockd/9]
root       171  0.0  0.0      0     0 ?        S<   Apr23   0:00 [kblockd/10]
root       172  0.0  0.0      0     0 ?        S<   Apr23   0:00 [kblockd/11]
root       173  0.0  0.0      0     0 ?        S<   Apr23   0:00 [kblockd/12]
root       174  0.0  0.0      0     0 ?        S<   Apr23   0:00 [kblockd/13]
root       175  0.0  0.0      0     0 ?        S<   Apr23   0:00 [kblockd/14]
root       176  0.0  0.0      0     0 ?        S<   Apr23   0:00 [kblockd/15]
root       177  0.0  0.0      0     0 ?        S<   Apr23   0:00 [kacpid]
root       329  0.0  0.0      0     0 ?        S<   Apr23   0:00 [cqueue/0]
root       330  0.0  0.0      0     0 ?        S<   Apr23   0:00 [cqueue/1]
root       331  0.0  0.0      0     0 ?        S<   Apr23   0:00 [cqueue/2]
root       332  0.0  0.0      0     0 ?        S<   Apr23   0:00 [cqueue/3]
root       333  0.0  0.0      0     0 ?        S<   Apr23   0:00 [cqueue/4]
root       334  0.0  0.0      0     0 ?        S<   Apr23   0:00 [cqueue/5]
root       335  0.0  0.0      0     0 ?        S<   Apr23   0:00 [cqueue/6]
root       336  0.0  0.0      0     0 ?        S<   Apr23   0:00 [cqueue/7]
root       337  0.0  0.0      0     0 ?        S<   Apr23   0:00 [cqueue/8]
root       338  0.0  0.0      0     0 ?        S<   Apr23   0:00 [cqueue/9]
root       339  0.0  0.0      0     0 ?        S<   Apr23   0:00 [cqueue/10]
root       340  0.0  0.0      0     0 ?        S<   Apr23   0:00 [cqueue/11]
root       341  0.0  0.0      0     0 ?        S<   Apr23   0:00 [cqueue/12]
root       342  0.0  0.0      0     0 ?        S<   Apr23   0:00 [cqueue/13]
root       343  0.0  0.0      0     0 ?        S<   Apr23   0:00 [cqueue/14]
root       344  0.0  0.0      0     0 ?        S<   Apr23   0:00 [cqueue/15]
root       347  0.0  0.0      0     0 ?        S<   Apr23   0:00 [khubd]
root       349  0.0  0.0      0     0 ?        S<   Apr23   0:00 [kseriod]
root       538  0.0  0.0      0     0 ?        S    Apr23   0:00 [khungtaskd]
root       541  0.0  0.0      0     0 ?        S<   Apr23   5:33 [kswapd0]
root       542  0.0  0.0      0     0 ?        S<   Apr23   5:00 [kswapd1]
root       543  0.0  0.0      0     0 ?        S<   Apr23   0:00 [aio/0]
root       544  0.0  0.0      0     0 ?        S<   Apr23   0:00 [aio/1]
root       545  0.0  0.0      0     0 ?        S<   Apr23   0:00 [aio/2]
root       546  0.0  0.0      0     0 ?        S<   Apr23   0:00 [aio/3]
root       547  0.0  0.0      0     0 ?        S<   Apr23   0:00 [aio/4]
root       548  0.0  0.0      0     0 ?        S<   Apr23   0:00 [aio/5]
root       549  0.0  0.0      0     0 ?        S<   Apr23   0:00 [aio/6]
root       550  0.0  0.0      0     0 ?        S<   Apr23   0:00 [aio/7]
root       551  0.0  0.0      0     0 ?        S<   Apr23   0:00 [aio/8]
root       552  0.0  0.0      0     0 ?        S<   Apr23   0:00 [aio/9]
root       553  0.0  0.0      0     0 ?        S<   Apr23   0:00 [aio/10]
root       554  0.0  0.0      0     0 ?        S<   Apr23   0:00 [aio/11]
root       555  0.0  0.0      0     0 ?        S<   Apr23   0:00 [aio/12]
root       556  0.0  0.0      0     0 ?        S<   Apr23   0:00 [aio/13]
root       557  0.0  0.0      0     0 ?        S<   Apr23   0:00 [aio/14]
root       558  0.0  0.0      0     0 ?        S<   Apr23   0:00 [aio/15]
root       713  0.0  0.0      0     0 ?        S<   Apr23   0:00 [kpsmoused]
root       856  0.0  0.0      0     0 ?        S<   Apr23   0:00 [cciss_scan00]
root       925  0.0  0.0      0     0 ?        S<   Apr23   0:00 [kstriped]
root       994  0.0  0.0      0     0 ?        S<   Apr23  12:45 [kjournald]
root      1019  0.0  0.0      0     0 ?        S<   Apr23   0:02 [kauditd]
root      1056  0.0  0.0  13040   212 ?        S<s  Apr23   0:00 /sbin/udevd -d
root      1875  0.0  0.0      0     0 ?        S<   Apr23   0:03 [bnx2x]
ems       2228  0.0  0.0  90492  1800 ?        S    Aug05   0:00 /usr/libexec/gconfd-2 12
root      3073  0.0  0.0      0     0 ?        S<   Apr23   0:00 [kmpathd/0]
root      3074  0.0  0.0      0     0 ?        S<   Apr23   0:00 [kmpathd/1]
root      3075  0.0  0.0      0     0 ?        S<   Apr23   0:00 [kmpathd/2]
root      3076  0.0  0.0      0     0 ?        S<   Apr23   0:00 [kmpathd/3]
root      3077  0.0  0.0      0     0 ?        S<   Apr23   0:00 [kmpathd/4]
root      3078  0.0  0.0      0     0 ?        S<   Apr23   0:00 [kmpathd/5]
root      3079  0.0  0.0      0     0 ?        S<   Apr23   0:00 [kmpathd/6]
root      3080  0.0  0.0      0     0 ?        S<   Apr23   0:00 [kmpathd/7]
root      3081  0.0  0.0      0     0 ?        S<   Apr23   0:00 [kmpathd/8]
root      3082  0.0  0.0      0     0 ?        S<   Apr23   0:00 [kmpathd/9]
root      3083  0.0  0.0      0     0 ?        S<   Apr23   0:00 [kmpathd/10]
root      3084  0.0  0.0      0     0 ?        S<   Apr23   0:00 [kmpathd/11]
root      3085  0.0  0.0      0     0 ?        S<   Apr23   0:00 [kmpathd/12]
root      3086  0.0  0.0      0     0 ?        S<   Apr23   0:00 [kmpathd/13]
root      3087  0.0  0.0      0     0 ?        S<   Apr23   0:00 [kmpathd/14]
root      3088  0.0  0.0      0     0 ?        S<   Apr23   0:00 [kmpathd/15]
root      3089  0.0  0.0      0     0 ?        S<   Apr23   0:00 [kmpath_handlerd]
root      3182  0.0  0.0      0     0 ?        S<   Apr23  16:03 [kjournald]
root      3184  0.0  0.0      0     0 ?        S<   Apr23   0:16 [kjournald]
root      3569  0.0  0.0      0     0 ?        S<   Apr23   0:00 [iscsi_eh]
root      3676  0.0  0.0      0     0 ?        S<   Apr23   0:00 [iw_cxgb3]
root      3750  0.0  0.0      0     0 ?        S<   Apr23   0:00 [scsi_eh_0]
root      3751  0.0  0.0      0     0 ?        S<   Apr23   0:00 [scsi_wq_0]
root      3752  0.0  0.0      0     0 ?        S<   Apr23   0:00 [scsi_eh_1]
root      3757  0.0  0.0      0     0 ?        S<   Apr23   0:00 [scsi_wq_1]
root      3800  0.0  0.0      0     0 ?        S<   Apr23   0:00 [ib_addr]
root      3835  0.0  0.0      0     0 ?        S<   Apr23   0:00 [ib_mcast]
root      3836  0.0  0.0      0     0 ?        S<   Apr23   0:00 [ib_inform]
root      3837  0.0  0.0      0     0 ?        S<   Apr23   0:00 [local_sa]
root      3856  0.0  0.0      0     0 ?        S<   Apr23   0:00 [iw_cm_wq]
root      3874  0.0  0.0      0     0 ?        S<   Apr23   0:00 [ib_cm/0]
root      3875  0.0  0.0      0     0 ?        S<   Apr23   0:00 [ib_cm/1]
root      3876  0.0  0.0      0     0 ?        S<   Apr23   0:00 [ib_cm/2]
root      3877  0.0  0.0      0     0 ?        S<   Apr23   0:00 [ib_cm/3]
root      3878  0.0  0.0      0     0 ?        S<   Apr23   0:00 [ib_cm/4]
root      3879  0.0  0.0      0     0 ?        S<   Apr23   0:00 [ib_cm/5]
root      3880  0.0  0.0      0     0 ?        S<   Apr23   0:00 [ib_cm/6]
root      3881  0.0  0.0      0     0 ?        S<   Apr23   0:00 [ib_cm/7]
root      3882  0.0  0.0      0     0 ?        S<   Apr23   0:00 [ib_cm/8]
root      3883  0.0  0.0      0     0 ?        S<   Apr23   0:00 [ib_cm/9]
root      3884  0.0  0.0      0     0 ?        S<   Apr23   0:00 [ib_cm/10]
root      3885  0.0  0.0      0     0 ?        S<   Apr23   0:00 [ib_cm/11]
root      3886  0.0  0.0      0     0 ?        S<   Apr23   0:00 [ib_cm/12]
root      3887  0.0  0.0      0     0 ?        S<   Apr23   0:00 [ib_cm/13]
root      3888  0.0  0.0      0     0 ?        S<   Apr23   0:00 [ib_cm/14]
root      3889  0.0  0.0      0     0 ?        S<   Apr23   0:00 [ib_cm/15]
root      3907  0.0  0.0      0     0 ?        S<   Apr23   0:00 [rdma_cm]
root      3956  0.0  0.0  59320   348 ?        Ssl  Apr23   0:00 brcm_iscsiuio
root      3962  0.0  0.0   3984   356 ?        Ss   Apr23   0:00 iscsid
root      3963  0.0  0.0   4476  2432 ?        S<Ls Apr23   0:00 iscsid
root      4127  0.0  0.0      0     0 ?        S<   Apr23   0:00 [bond0]
root      4255  0.0  0.0  93752   704 ?        S<sl Apr23   0:26 auditd
root      4257  0.0  0.0 147336   824 ?        S<sl Apr23   0:10 /sbin/audispd
root      4279  0.0  0.0   5908   568 ?        Ss   Apr23   0:16 syslogd -m 0
root      4282  0.0  0.0   3804   320 ?        Ss   Apr23   0:00 klogd -x
root      4484  0.0  0.0  10760   332 ?        Ss   Apr23   2:39 irqbalance
rpc       4502  0.0  0.0   8052   416 ?        Ss   Apr23   0:00 portmap
root      4543  0.0  0.0      0     0 ?        S<   Apr23   0:00 [rpciod/0]
root      4544  0.0  0.0      0     0 ?        S<   Apr23   0:00 [rpciod/1]
root      4545  0.0  0.0      0     0 ?        S<   Apr23   0:00 [rpciod/2]
root      4546  0.0  0.0      0     0 ?        S<   Apr23   0:00 [rpciod/3]
root      4547  0.0  0.0      0     0 ?        S<   Apr23   0:00 [rpciod/4]
root      4548  0.0  0.0      0     0 ?        S<   Apr23   0:00 [rpciod/5]
root      4549  0.0  0.0      0     0 ?        S<   Apr23   0:00 [rpciod/6]
root      4550  0.0  0.0      0     0 ?        S<   Apr23   0:00 [rpciod/7]
root      4551  0.0  0.0      0     0 ?        S<   Apr23   0:00 [rpciod/8]
root      4552  0.0  0.0      0     0 ?        S<   Apr23   0:00 [rpciod/9]
root      4553  0.0  0.0      0     0 ?        S<   Apr23   0:00 [rpciod/10]
root      4554  0.0  0.0      0     0 ?        S<   Apr23   0:00 [rpciod/11]
root      4555  0.0  0.0      0     0 ?        S<   Apr23   0:00 [rpciod/12]
root      4556  0.0  0.0      0     0 ?        S<   Apr23   0:00 [rpciod/13]
root      4557  0.0  0.0      0     0 ?        S<   Apr23   0:00 [rpciod/14]
root      4558  0.0  0.0      0     0 ?        S<   Apr23   0:00 [rpciod/15]
root      4579  0.0  0.0  10160   584 ?        Ss   Apr23   0:00 rpc.statd
root      4603  0.0  0.0  55180   220 ?        Ss   Apr23   0:00 rpc.idmapd
dbus      4618  0.0  0.0  21488  1000 ?        Ss   Apr23   4:28 dbus-daemon --system
root      4633  0.0  0.0  10432   404 ?        Ss   Apr23   0:00 /usr/sbin/hcid
root      4637  0.0  0.0   5936   384 ?        Ss   Apr23   0:00 /usr/sbin/sdpd
root      4705  0.0  0.0      0     0 ?        S<   Apr23   0:00 [krfcommd]
root      4743  0.0  0.0  54008   784 ?        Ssl  Apr23   0:13 pcscd
root      4753  0.0  0.0   3800   460 ?        Ss   Apr23   0:00 /usr/sbin/acpid
68        4762  0.0  0.0  31648  1668 ?        Ss   Apr23   1:29 hald
root      4763  0.0  0.0  21692   832 ?        S    Apr23   0:00 hald-runner
68        4771  0.0  0.0  12324   532 ?        S    Apr23   0:00 hald-addon-acpi: listening on acpid socket /var/run/acpid.socket
68        4776  0.0  0.0  12324   572 ?        S    Apr23   0:00 hald-addon-keyboard: listening on /dev/input/event0
root      4817  0.0  0.0   8516   352 ?        Ss   Apr23   0:00 /usr/bin/hidd --server
root      4856  0.0  0.0 121988   784 ?        Ssl  Apr23   0:01 automount
root      4873  0.0  0.0  26324   276 ?        Ss   Apr23   0:00 ./hpiod
root      4878  0.0  0.0 159392   896 ?        S    Apr23   0:03 python ./hpssd.py
root      4891  0.0  0.0  62608   388 ?        Ss   Apr23   0:00 /usr/sbin/sshd
root      4900  0.0  0.0 133576   648 ?        Ss   Apr23   0:00 cupsd
root      4914  0.0  0.0  21644   528 ?        Ss   Apr23   0:00 xinetd -stayalive -pidfile /var/run/xinetd.pid
ntp       4931  0.0  0.0  20080  5780 ?        SLs  Apr23   0:11 ntpd -u ntp:ntp -p /var/run/ntpd.pid -g
uuidd     4968  0.0  0.0  60996    60 ?        Ss   Apr23   0:00 /usr/sbin/uuidd
root      4987  0.0  0.0  66940   876 ?        Ss   Apr23   0:11 sendmail: accepting connections
smmsp     4997  0.0  0.0  57692   612 ?        Ss   Apr23   0:00 sendmail: Queue runner@01:00:00 for /var/spool/clientmqueue
root      5007  0.0  0.0   6452   272 ?        Ss   Apr23   0:03 gpm -m /dev/input/mice -t exps2
root      5016  0.0  0.0  74848   564 ?        Ss   Apr23   0:03 crond
xfs       5049  0.0  0.0  21052   636 ?        Ss   Apr23   0:11 xfs -droppriv -daemon
root      5066  0.0  0.0  18732   336 ?        Ss   Apr23   0:00 /usr/sbin/atd
avahi     5096  0.0  0.0  23280  1032 ?        Ss   Apr23   0:01 avahi-daemon: running [dwmain5.local]
avahi     5097  0.0  0.0  23148   128 ?        Ss   Apr23   0:00 avahi-daemon: chroot helper
root      5108  0.0  0.0 150732  1276 ?        Ssl  Apr23   0:00 /usr/sbin/cimserver
root      5177  0.0  0.0  18416   260 ?        S    Apr23   0:00 /usr/sbin/smartd -q never
root      5182  0.0  0.0   3792   400 tty1     Ss+  Apr23   0:00 /sbin/mingetty tty1
root      5183  0.0  0.0   3792   400 tty2     Ss+  Apr23   0:00 /sbin/mingetty tty2
root      5184  0.0  0.0   3792   400 tty3     Ss+  Apr23   0:00 /sbin/mingetty tty3
root      5185  0.0  0.0   3792   400 tty4     Ss+  Apr23   0:00 /sbin/mingetty tty4
root      5187  0.0  0.0   3792   400 tty5     Ss+  Apr23   0:00 /sbin/mingetty tty5
root      5188  0.0  0.0   3792   400 tty6     Ss+  Apr23   0:00 /sbin/mingetty tty6
root      5191  0.0  0.0 167732   880 ?        Ss   Apr23   0:00 /usr/sbin/gdm-binary -nodaemon
ems       5291  0.0  0.0 121456   892 ?        Ssl  Aug14   0:00 /usr/libexec/bonobo-activation-server --ac-activate --ior-output-fd=16
root      5295  0.0  0.0 201176  1140 ?        S    Apr23   0:00 /usr/sbin/gdm-binary -nodaemon
root      5297  0.0  0.0 189856  1056 ?        Sl   Apr23   0:06 /usr/libexec/gdm-rh-security-token-helper
root      5322  0.0  0.0 261660  3928 ?        SN   Apr23   0:06 /usr/bin/python -tt /usr/sbin/yum-updatesd
root      5324  0.0  0.0  12916   720 ?        SN   Apr23   0:01 /usr/libexec/gam_server
ems       5430  0.0  0.3 397236 27940 ?        Sl   Aug14   2:45 gnome-terminal
ems       5433  0.0  0.0  14872   636 ?        S    Aug14   0:00 gnome-pty-helper
root      5587  0.0  0.0  57872  1148 ?        S    Apr23   0:00 /usr/sbin/nm-system-settings --config /etc/NetworkManager/nm-system-settings.conf
ems      10249  0.0  0.0  90488  1236 ?        S    Jun19   0:00 /usr/libexec/gconfd-2 5
root     13254  0.0  0.0 140164   884 ?        SN   Aug12   0:00 /df8003/bin/dbmd
root     13255  0.3  0.0 139668  1284 ?        SN   Aug12 156:26 /df8003/bin/applogd
root     13256  0.2  0.0 135320  1136 ?        S    Aug12 126:50 /df8003/bin/netmd
root     13257  0.3  0.0 159064  6808 ?        S    Aug12 164:59 /df8003/bin/sysmd
root     13328  0.0  0.0 208628  1744 ?        SN   Aug12   0:33 /df8003/bin/procmd
root     13329  0.0  0.0 208132  1272 ?        SN   Aug12   0:00 proc_watchd
root     13330  0.1  0.0 217528  2076 ?        SN   Aug12  92:34 netmond -s 3600
ems      13331  0.0  0.0 290324  1664 ?        SN   Aug12  20:04 almd_server_rep
ems      13332  0.0  0.2 1816668 16928 ?       SN   Aug12  13:52 alm_replica -mode r
ems      13333  0.8  2.4 1802468 196696 ?      SN   Aug12 410:57 SCADA_Rep -mode r
ems      13334  0.0  0.0 541360  3420 ?        SN   Aug12  20:23 comServer
ems      13336  0.0  0.0 1808164 2388 ?        SN   Aug12   1:53 SSM_Server -dts
ems      13338  0.0  0.0 141704  1752 ?        SN   Aug12   0:07 grsd
root     13339  0.0  0.0 1890572 8108 ?        SN   Aug12   0:05 ssrd
root     14064  1.4  0.5 171688 44032 tty7     SLs+ Apr27 2927:24 /usr/bin/Xorg :0 -br -audit 0 -auth /var/gdm/:0.Xauth -nolisten tcp vt7
root     14076  0.2  0.2 552656 24360 tty7     Sl+  Apr27 567:39 ./rgsender -daemon -display 0 -l /etc/opt/hpremote/rgsender/logSetup
ems      14152  0.0  0.0 245512  2324 ?        Ss   Apr27   0:00 /usr/bin/gnome-session
ems      14184  0.0  0.0      0     0 ?        Z    Apr27   0:00 [Xsession] <defunct>
ems      14191  0.0  0.0  53852   292 ?        Ss   Apr27   0:01 /usr/bin/ssh-agent /bin/sh -c exec -l /bin/bash -c "/usr/bin/dbus-launch --exit-with-session /etc/X11/xinit/Xclients"
ems      14282  0.0  0.0  15180   324 ?        S    Apr27   0:00 /usr/bin/dbus-launch --exit-with-session /etc/X11/xinit/Xclients
ems      14283  0.0  0.0  21392   884 ?        Ss   Apr27   0:00 /bin/dbus-daemon --fork --print-pid 4 --print-address 6 --session
ems      14289  0.0  0.0  90572  1756 ?        S    Apr27   0:03 /usr/libexec/gconfd-2 5
ems      14290  0.0  0.1 363656  8828 ?        Ss   Apr27   0:57 /usr/lib64/scim-1.0/scim-launcher -d -c simple -e all -f socket --no-stay
ems      14295  0.0  0.0  82452   200 ?        Ss   Apr27   0:00 /usr/lib64/scim-1.0/scim-helper-manager
ems      14296  0.0  0.0 314360  7852 ?        Ssl  Apr27   3:10 /usr/lib64/scim-1.0/scim-panel-gtk --display :0.0 -c socket -d --no-stay
ems      14298  0.0  0.0 106304   676 ?        Ss   Apr27   0:22 /usr/lib64/scim-1.0/scim-launcher -d -c socket -e socket -f x11
ems      14300  0.0  0.0  12900   304 ?        S    Apr27   0:00 /usr/bin/gnome-keyring-daemon
ems      14302  0.0  0.0 264768  2644 ?        Sl   Apr27   5:30 /usr/libexec/gnome-settings-daemon
ems      14322  0.0  0.1 200356 11784 ?        Ss   Apr27  74:01 metacity --sm-client-id=default1
ems      14326  0.0  0.0 349144  7260 ?        Ss   Apr27  10:45 gnome-panel --sm-client-id default2
ems      14328  0.0  0.0 553860  5672 ?        Ss   Apr27   0:56 nautilus --no-default-window --sm-client-id default3
ems      14332  0.0  0.0 263460  1884 ?        Ss   Apr27   0:02 eggcups --sm-client-id default4
ems      14334  0.0  0.0 147276  1296 ?        S    Apr27   0:00 /usr/libexec/gnome-vfs-daemon
ems      14337  0.0  0.0 230480  1428 ?        Ss   Apr27   0:00 gnome-volume-manager --sm-client-id default5
ems      14339  0.0  0.0 263036   896 ?        Ssl  Apr27   0:00 /usr/libexec/bonobo-activation-server --ac-activate --ior-output-fd=16
ems      14350  0.0  0.0 154244  1656 ?        Ss   Apr27   0:00 bt-applet --sm-disable
ems      14354  0.0  0.0 291724  1816 ?        Ss   Apr27   0:01 nm-applet --sm-disable
ems      14356  0.0  0.0 364796  5440 ?        Ss   Apr27   0:03 /usr/bin/python -tt /usr/bin/puplet
ems      14366  0.0  0.0 155056  1840 ?        Ss   Apr27   0:02 pam-panel-icon --sm-client-id default0
ems      14367  0.0  0.0  72376   760 ?        Sl   Apr27   0:07 ./escd --key_Inserted="/usr/bin/esc" --on_Signal="/usr/bin/esc"
root     14368  0.0  0.0  12192   584 ?        S    Apr27   0:02 /sbin/pam_timestamp_check -d root
ems      14369  0.0  0.0 296864  2424 ?        Ss   Apr27   3:31 gnome-power-manager
ems      14385  0.0  0.0  13024   892 ?        S    Apr27   0:12 /usr/libexec/gam_server
ems      14390  0.0  0.0  12828   640 ?        S    Apr27   0:00 /usr/libexec/mapping-daemon
ems      14398  0.0  0.0 413092  3124 ?        Sl   Apr27   0:53 /usr/libexec/mixer_applet2 --oaf-activate-iid=OAFIID:GNOME_MixerApplet_Factory --oaf-ior-fd=19
ems      14400  0.0  0.0 361708  4316 ?        S    Apr27   0:05 /usr/libexec/clock-applet --oaf-activate-iid=OAFIID:GNOME_ClockApplet_Factory --oaf-ior-fd=25
ems      14402  0.0  0.0 324700  2788 ?        S    Apr27   0:01 /usr/libexec/notification-area-applet --oaf-activate-iid=OAFIID:GNOME_NotificationAreaApplet_Factory --oaf-ior-fd=33
ems      14404  0.0  0.6 651336 54460 ?        S    Apr27 152:23 /usr/libexec/wnck-applet --oaf-activate-iid=OAFIID:GNOME_Wncklet_Factory --oaf-ior-fd=31
ems      14514  0.0  0.0 184288  3944 ?        Ss   Apr27   5:17 gnome-screensaver
ems      14706  0.0  0.1 321740 10252 ?        Sl   Aug30   0:14 gnome-terminal
ems      14708  0.0  0.0 187124   908 ?        Ssl  Aug30   0:00 /usr/libexec/bonobo-activation-server --ac-activate --ior-output-fd=16
ems      14712  0.0  0.0  14872   516 ?        S    Aug30   0:00 gnome-pty-helper
ems      14713  0.0  0.0  68464   652 pts/4    Ss   Aug30   0:00 bash
ems      14802  0.0  0.0  56440  1432 pts/4    S+   Aug30   0:00 ssh dsint-a -X
ems      15672  0.0  0.6 2003368 52564 pts/1   SN+  Sep09   1:01 qtdbui
ems      15727  0.0  0.0  90492  1244 ?        S    Jul04   0:00 /usr/libexec/gconfd-2 12
ems      16303  0.0  0.0  68464   636 pts/3    Ss   Aug15   0:00 bash
ems      16370  0.0  0.0  68464  1472 pts/2    Ss   Sep09   0:00 bash
ems      16389  0.4  0.0  57784  1440 pts/3    S+   Aug15 203:15 ssh dsint-a -X
ems      16603  0.0  0.0  68464  1180 pts/5    Ss   Sep09   0:00 bash
ems      16690  0.8 47.9 6699748 3911668 pts/5 SN+  Sep09  51:20 qtdbui
root     16889  0.0  0.0      0     0 ?        S    Sep09   0:17 [pdflush]
ems      17233  0.0  0.0  68464  1716 pts/6    Ss   Sep11   0:00 bash
ems      17322  0.0  0.0  56308  2760 pts/6    S+   Sep11   0:00 ssh dsrt-a
ems      18454  0.0  0.0  68464   636 pts/13   Ss   Aug19   0:00 bash
ems      18982  0.0  0.0  68464   652 pts/1    Ss   Sep06   0:00 bash
ems      19559  0.0  0.0  78728   964 ?        S    Jul09  24:17 scim-bridge
root     21627  0.0  0.0      0     0 ?        S    Sep11   0:07 [pdflush]
ems      23783  0.0  0.0  57232  2716 pts/13   S+   Aug21   0:00 ssh dsint-a -X
ems      24507  0.0  0.0 102052  1160 ?        S    16:55   0:00 crond
ems      24508  0.0  0.0   8700   948 ?        Ss   16:55   0:00 /bin/sh -c /df8003/home/nms/collection.sh >/dev/null
ems      24509  0.0  0.0   8704  1000 ?        S    16:55   0:00 /bin/sh /df8003/home/nms/collection.sh
ems      24520  0.0  0.0  10460   864 ?        R    16:55   0:00 ps aux
ems      31033 14.2 20.6 6308548 1682052 pts/2 SNl+ Sep10 660:52 qtmmi
cmdbegin:mac
1: lo: <LOOPBACK,UP,LOWER_UP> mtu 16436 qdisc noqueue 
    link/loopback 00:00:00:00:00:00 brd 00:00:00:00:00:00
    inet 127.0.0.1/8 scope host lo
    inet6 ::1/128 scope host 
       valid_lft forever preferred_lft forever
2: eth0: <BROADCAST,MULTICAST,SLAVE,UP,LOWER_UP> mtu 1500 qdisc pfifo_fast master bond0 qlen 1000
    link/ether 3c:4a:92:ec:d4:00 brd ff:ff:ff:ff:ff:ff
3: eth1: <BROADCAST,MULTICAST,SLAVE,UP,LOWER_UP> mtu 1500 qdisc pfifo_fast master bond0 qlen 1000
    link/ether 3c:4a:92:ec:d4:00 brd ff:ff:ff:ff:ff:ff
4: sit0: <NOARP> mtu 1480 qdisc noop 
    link/sit 0.0.0.0 brd 0.0.0.0
5: bond0: <BROADCAST,MULTICAST,MASTER,UP,LOWER_UP> mtu 1500 qdisc noqueue 
    link/ether 3c:4a:92:ec:d4:00 brd ff:ff:ff:ff:ff:ff
    inet 192.168.1.54/24 brd 192.168.1.255 scope global bond0
    inet6 fe80::3e4a:92ff:feec:d400/64 scope link 
       valid_lft forever preferred_lft forever
cmdbegin:interface
Linux 2.6.18-194.el5 (dwmain5) 	09/13/13

16:55:07        IFACE   rxpck/s   txpck/s   rxbyt/s   txbyt/s   rxcmp/s   txcmp/s  rxmcst/s
16:55:08           lo    700.00    700.00  53495.05  53495.05      0.00      0.00      0.00
16:55:08         eth0    146.53     14.85 145863.37  11742.57      0.00      0.00      8.91
16:55:08         eth1    140.59      0.00 145334.65      0.00      0.00      0.00      0.00
16:55:08         sit0      0.00      0.00      0.00      0.00      0.00      0.00      0.00
16:55:08        bond0    287.13     14.85 291198.02  11742.57      0.00      0.00      8.91

16:55:08        IFACE   rxpck/s   txpck/s   rxbyt/s   txbyt/s   rxcmp/s   txcmp/s  rxmcst/s
16:55:09           lo    276.77    276.77  22687.88  22687.88      0.00      0.00      0.00
16:55:09         eth0    216.16     76.77 191948.48  14656.57      0.00      0.00      6.06
16:55:09         eth1    161.62      0.00 182739.39      0.00      0.00      0.00      0.00
16:55:09         sit0      0.00      0.00      0.00      0.00      0.00      0.00      0.00
16:55:09        bond0    377.78     76.77 374687.88  14656.57      0.00      0.00      6.06

16:55:09        IFACE   rxpck/s   txpck/s   rxbyt/s   txbyt/s   rxcmp/s   txcmp/s  rxmcst/s
16:55:10           lo    651.00    651.00  53386.00  53386.00      0.00      0.00      0.00
16:55:10         eth0     62.00     14.00  23726.00  12046.00      0.00      0.00      8.00
16:55:10         eth1     55.00      0.00  26062.00      0.00      0.00      0.00      0.00
16:55:10         sit0      0.00      0.00      0.00      0.00      0.00      0.00      0.00
16:55:10        bond0    117.00     14.00  49788.00  12046.00      0.00      0.00      8.00

Average:        IFACE   rxpck/s   txpck/s   rxbyt/s   txbyt/s   rxcmp/s   txcmp/s  rxmcst/s
Average:           lo    544.00    544.00  43292.33  43292.33      0.00      0.00      0.00
Average:         eth0    141.33     35.00 120359.00  12805.33      0.00      0.00      7.67
Average:         eth1    119.00      0.00 117920.67      0.00      0.00      0.00      0.00
Average:         sit0      0.00      0.00      0.00      0.00      0.00      0.00      0.00
Average:        bond0    260.33     35.00 238279.67  12805.33      0.00      0.00      7.67
cmdbegin:uname
Linux dwmain5
cmdbegin:usergroup
root:x:0:root
bin:x:1:root,bin,daemon
daemon:x:2:root,bin,daemon
sys:x:3:root,bin,adm
adm:x:4:root,adm,daemon
tty:x:5:
disk:x:6:root
lp:x:7:daemon,lp
mem:x:8:
kmem:x:9:
wheel:x:10:root
mail:x:12:mail
news:x:13:news
uucp:x:14:uucp
man:x:15:
games:x:20:
gopher:x:30:
dip:x:40:
ftp:x:50:
lock:x:54:
nobody:x:99:
users:x:100:ems,oracle
nscd:x:28:
floppy:x:19:
vcsa:x:69:
audio:x:63:gdm
utmp:x:22:
rpc:x:32:
mailnull:x:47:
smmsp:x:51:
pcap:x:77:
utempter:x:35:
slocate:x:21:
ntp:x:38:
sshd:x:74:
rpcuser:x:29:
nfsnobody:x:4294967294:
dbus:x:81:
avahi:x:70:
haldaemon:x:68:
avahi-autoipd:x:101:
distcache:x:94:
mysql:x:27:
apache:x:48:
postgres:x:26:
webalizer:x:67:
oprofile:x:16:
squid:x:23:
named:x:25:
xfs:x:43:
gdm:x:42:
sabayon:x:86:
stapdev:x:102:
stapusr:x:103:
ldap:x:55:
uuidd:x:104:
pkcs11:x:105:root
screen:x:84:
ident:x:98:
pvm:x:24:
privoxy:x:73:
quaggavt:x:85:
quagga:x:92:
radvd:x:75:
radiusd:x:95:
tomcat:x:91:
pegasus:x:65:
fuse:x:106:
dfdz:x:500:ems
dba:x:501:oracle
cmdbegin:user
root:x:0:0:root:/root:/bin/bash
bin:x:1:1:bin:/bin:/sbin/nologin
daemon:x:2:2:daemon:/sbin:/sbin/nologin
adm:x:3:4:adm:/var/adm:/sbin/nologin
lp:x:4:7:lp:/var/spool/lpd:/sbin/nologin
sync:x:5:0:sync:/sbin:/bin/sync
shutdown:x:6:0:shutdown:/sbin:/sbin/shutdown
halt:x:7:0:halt:/sbin:/sbin/halt
mail:x:8:12:mail:/var/spool/mail:/sbin/nologin
news:x:9:13:news:/etc/news:
uucp:x:10:14:uucp:/var/spool/uucp:/sbin/nologin
operator:x:11:0:operator:/root:/sbin/nologin
games:x:12:100:games:/usr/games:/sbin/nologin
gopher:x:13:30:gopher:/var/gopher:/sbin/nologin
ftp:x:14:50:FTP User:/var/ftp:/sbin/nologin
nobody:x:99:99:Nobody:/:/sbin/nologin
nscd:x:28:28:NSCD Daemon:/:/sbin/nologin
vcsa:x:69:69:virtual console memory owner:/dev:/sbin/nologin
rpc:x:32:32:Portmapper RPC user:/:/sbin/nologin
mailnull:x:47:47::/var/spool/mqueue:/sbin/nologin
smmsp:x:51:51::/var/spool/mqueue:/sbin/nologin
pcap:x:77:77::/var/arpwatch:/sbin/nologin
ntp:x:38:38::/etc/ntp:/sbin/nologin
sshd:x:74:74:Privilege-separated SSH:/var/empty/sshd:/sbin/nologin
rpcuser:x:29:29:RPC Service User:/var/lib/nfs:/sbin/nologin
nfsnobody:x:4294967294:4294967294:Anonymous NFS User:/var/lib/nfs:/sbin/nologin
dbus:x:81:81:System message bus:/:/sbin/nologin
avahi:x:70:70:Avahi daemon:/:/sbin/nologin
haldaemon:x:68:68:HAL daemon:/:/sbin/nologin
avahi-autoipd:x:100:101:avahi-autoipd:/var/lib/avahi-autoipd:/sbin/nologin
distcache:x:94:94:Distcache:/:/sbin/nologin
mysql:x:27:27:MySQL Server:/var/lib/mysql:/bin/bash
apache:x:48:48:Apache:/var/www:/sbin/nologin
postgres:x:26:26:PostgreSQL Server:/var/lib/pgsql:/bin/bash
webalizer:x:67:67:Webalizer:/var/www/usage:/sbin/nologin
oprofile:x:16:16:Special user account to be used by OProfile:/home/oprofile:/sbin/nologin
squid:x:23:23::/var/spool/squid:/sbin/nologin
named:x:25:25:Named:/var/named:/sbin/nologin
xfs:x:43:43:X Font Server:/etc/X11/fs:/sbin/nologin
gdm:x:42:42::/var/gdm:/sbin/nologin
sabayon:x:86:86:Sabayon user:/home/sabayon:/sbin/nologin
ldap:x:55:55:LDAP User:/var/lib/ldap:/bin/false
uuidd:x:101:104:UUID generator helper daemon:/var/lib/libuuid:/sbin/nologin
amanda:x:33:6:Amanda user:/var/lib/amanda:/bin/bash
ident:x:98:98::/:/sbin/nologin
pvm:x:24:24::/usr/share/pvm3:/bin/bash
privoxy:x:73:73::/etc/privoxy:/sbin/nologin
quagga:x:92:92:Quagga routing suite:/var/run/quagga:/sbin/nologin
radvd:x:75:75:radvd user:/:/sbin/nologin
radiusd:x:95:95:radiusd user:/home/radiusd:/sbin/nologin
tomcat:x:91:91:Tomcat:/usr/share/tomcat5:/bin/sh
pegasus:x:66:65:tog-pegasus OpenPegasus WBEM/CIM services:/var/lib/Pegasus:/sbin/nologin
ems:x:115:500::/df8003/home:/bin/bash
oracle:x:502:501::/usr/local/oracle:/bin/bash
cmdbegin:date
Fri Sep 13 16:55:10 CST 2013
cmdbegin:uptime
 16:55:10 up 143 days, 11 min,  8 users,  load average: 0.12, 0.50, 0.46
cmdbegin:end
