cmdbegin:version
Linux version 2.6.18-238.el5 (mockbuild@x86-012.build.bos.redhat.com) (gcc version 4.1.2 20080704 (Red Hat 4.1.2-50)) #1 SMP Sun Dec 19 14:22:44 EST 2010
cmdbegin:cpuconfig
processor	: 0
model name	: Intel(R) Xeon(R) CPU           E5620  @ 2.40GHz
cpu MHz		: 1596.000
cache size	: 12288 KB
processor	: 1
model name	: Intel(R) Xeon(R) CPU           E5620  @ 2.40GHz
cpu MHz		: 1596.000
cache size	: 12288 KB
processor	: 2
model name	: Intel(R) Xeon(R) CPU           E5620  @ 2.40GHz
cpu MHz		: 1596.000
cache size	: 12288 KB
processor	: 3
model name	: Intel(R) Xeon(R) CPU           E5620  @ 2.40GHz
cpu MHz		: 1596.000
cache size	: 12288 KB
processor	: 4
model name	: Intel(R) Xeon(R) CPU           E5620  @ 2.40GHz
cpu MHz		: 1596.000
cache size	: 12288 KB
processor	: 5
model name	: Intel(R) Xeon(R) CPU           E5620  @ 2.40GHz
cpu MHz		: 1596.000
cache size	: 12288 KB
processor	: 6
model name	: Intel(R) Xeon(R) CPU           E5620  @ 2.40GHz
cpu MHz		: 1596.000
cache size	: 12288 KB
processor	: 7
model name	: Intel(R) Xeon(R) CPU           E5620  @ 2.40GHz
cpu MHz		: 1596.000
cache size	: 12288 KB
cmdbegin:disk
Filesystem           1K-blocks      Used Available Use% Mounted on
/dev/sda2             40624208   4978372  33548952  13% /
/dev/sda6            183130036  67019976 106657416  39% /df8003
/dev/sda3             39674224   8397096  29229244  23% /usr
tmpfs                  4081948         0   4081948   0% /dev/shm
cmdbegin:diskperf
Linux 2.6.18-238.el5 (wh1) 	09/13/13 	_x86_64_	(8 CPU)

16:55:01          DEV       tps  rd_sec/s  wr_sec/s  avgrq-sz  avgqu-sz     await     svctm     %util
16:55:02       dev8-0     11.00      0.00    440.00     40.00      0.05      4.91      4.64      5.10

16:55:02          DEV       tps  rd_sec/s  wr_sec/s  avgrq-sz  avgqu-sz     await     svctm     %util
16:55:03       dev8-0      0.00      0.00      0.00      0.00      0.00      0.00      0.00      0.00

16:55:03          DEV       tps  rd_sec/s  wr_sec/s  avgrq-sz  avgqu-sz     await     svctm     %util
16:55:04       dev8-0      8.08      0.00    242.42     30.00      0.05      5.75      5.00      4.04

Average:          DEV       tps  rd_sec/s  wr_sec/s  avgrq-sz  avgqu-sz     await     svctm     %util
Average:       dev8-0      6.33      0.00    226.67     35.79      0.03      5.26      4.79      3.03
cmdbegin:cpu
Linux 2.6.18-238.el5 (wh1) 	09/13/13 	_x86_64_	(8 CPU)

16:55:04        CPU     %user     %nice   %system   %iowait    %steal     %idle
16:55:05        all      0.75      1.50      0.25      0.50      0.00     97.00
16:55:06        all      0.50      0.50      0.37      0.00      0.00     98.63
16:55:07        all      0.12      0.62      0.25      0.62      0.00     98.38
Average:        all      0.46      0.87      0.29      0.37      0.00     98.00
cmdbegin:memory
             total       used       free     shared    buffers     cached
Mem:       8163900    3198372    4965528          0     430660     803104
-/+ buffers/cache:    1964608    6199292
Swap:     20482832     161744   20321088
cmdbegin:process
USER       PID %CPU %MEM    VSZ   RSS TTY      STAT START   TIME COMMAND
root         1  0.0  0.0  10372   596 ?        Ss   Aug16   0:01 init [5]                             
root         2  0.0  0.0      0     0 ?        S<   Aug16   0:00 [migration/0]
root         3  0.0  0.0      0     0 ?        SN   Aug16   0:00 [ksoftirqd/0]
root         4  0.0  0.0      0     0 ?        S<   Aug16   0:00 [watchdog/0]
root         5  0.0  0.0      0     0 ?        S<   Aug16   0:00 [migration/1]
root         6  0.0  0.0      0     0 ?        SN   Aug16   0:00 [ksoftirqd/1]
root         7  0.0  0.0      0     0 ?        S<   Aug16   0:00 [watchdog/1]
root         8  0.0  0.0      0     0 ?        S<   Aug16   0:00 [migration/2]
root         9  0.0  0.0      0     0 ?        SN   Aug16   0:00 [ksoftirqd/2]
root        10  0.0  0.0      0     0 ?        S<   Aug16   0:00 [watchdog/2]
root        11  0.0  0.0      0     0 ?        S<   Aug16   0:00 [migration/3]
root        12  0.0  0.0      0     0 ?        SN   Aug16   0:00 [ksoftirqd/3]
root        13  0.0  0.0      0     0 ?        S<   Aug16   0:00 [watchdog/3]
root        14  0.0  0.0      0     0 ?        S<   Aug16   0:00 [migration/4]
root        15  0.0  0.0      0     0 ?        SN   Aug16   0:00 [ksoftirqd/4]
root        16  0.0  0.0      0     0 ?        S<   Aug16   0:00 [watchdog/4]
root        17  0.0  0.0      0     0 ?        S<   Aug16   0:00 [migration/5]
root        18  0.0  0.0      0     0 ?        SN   Aug16   0:00 [ksoftirqd/5]
root        19  0.0  0.0      0     0 ?        S<   Aug16   0:00 [watchdog/5]
root        20  0.0  0.0      0     0 ?        S<   Aug16   0:00 [migration/6]
root        21  0.0  0.0      0     0 ?        SN   Aug16   0:00 [ksoftirqd/6]
root        22  0.0  0.0      0     0 ?        S<   Aug16   0:00 [watchdog/6]
root        23  0.0  0.0      0     0 ?        S<   Aug16   0:00 [migration/7]
root        24  0.0  0.0      0     0 ?        SN   Aug16   0:00 [ksoftirqd/7]
root        25  0.0  0.0      0     0 ?        S<   Aug16   0:00 [watchdog/7]
root        26  0.0  0.0      0     0 ?        S<   Aug16   0:00 [events/0]
root        27  0.0  0.0      0     0 ?        S<   Aug16   0:08 [events/1]
root        28  0.0  0.0      0     0 ?        S<   Aug16   0:45 [events/2]
root        29  0.0  0.0      0     0 ?        S<   Aug16   0:00 [events/3]
root        30  0.0  0.0      0     0 ?        S<   Aug16   0:00 [events/4]
root        31  0.0  0.0      0     0 ?        S<   Aug16   0:00 [events/5]
root        32  0.0  0.0      0     0 ?        S<   Aug16   0:00 [events/6]
root        33  0.0  0.0      0     0 ?        S<   Aug16   0:00 [events/7]
root        34  0.0  0.0      0     0 ?        S<   Aug16   0:00 [khelper]
root       103  0.0  0.0      0     0 ?        S<   Aug16   0:00 [kthread]
root       115  0.0  0.0      0     0 ?        S<   Aug16   0:00 [kblockd/0]
root       116  0.0  0.0      0     0 ?        S<   Aug16   0:00 [kblockd/1]
root       117  0.0  0.0      0     0 ?        S<   Aug16   0:00 [kblockd/2]
root       118  0.0  0.0      0     0 ?        S<   Aug16   0:00 [kblockd/3]
root       119  0.0  0.0      0     0 ?        S<   Aug16   0:00 [kblockd/4]
root       120  0.0  0.0      0     0 ?        S<   Aug16   0:00 [kblockd/5]
root       121  0.0  0.0      0     0 ?        S<   Aug16   0:00 [kblockd/6]
root       122  0.0  0.0      0     0 ?        S<   Aug16   0:00 [kblockd/7]
root       123  0.0  0.0      0     0 ?        S<   Aug16   0:00 [kacpid]
root       346  0.0  0.0      0     0 ?        S<   Aug16   0:00 [cqueue/0]
root       347  0.0  0.0      0     0 ?        S<   Aug16   0:00 [cqueue/1]
root       348  0.0  0.0      0     0 ?        S<   Aug16   0:00 [cqueue/2]
root       349  0.0  0.0      0     0 ?        S<   Aug16   0:00 [cqueue/3]
root       350  0.0  0.0      0     0 ?        S<   Aug16   0:00 [cqueue/4]
root       351  0.0  0.0      0     0 ?        S<   Aug16   0:00 [cqueue/5]
root       352  0.0  0.0      0     0 ?        S<   Aug16   0:00 [cqueue/6]
root       353  0.0  0.0      0     0 ?        S<   Aug16   0:00 [cqueue/7]
root       356  0.0  0.0      0     0 ?        S<   Aug16   0:00 [khubd]
root       358  0.0  0.0      0     0 ?        S<   Aug16   0:00 [kseriod]
root       482  0.0  0.0      0     0 ?        S    Aug16   0:00 [khungtaskd]
root       483  0.0  0.0      0     0 ?        S    Aug16   0:00 [pdflush]
root       484  0.0  0.0      0     0 ?        S    Aug16   3:17 [pdflush]
root       485  0.0  0.0      0     0 ?        S<   Aug16   0:03 [kswapd0]
root       486  0.0  0.0      0     0 ?        S<   Aug16   0:02 [kswapd1]
root       487  0.0  0.0      0     0 ?        S<   Aug16   0:00 [aio/0]
root       488  0.0  0.0      0     0 ?        S<   Aug16   0:00 [aio/1]
root       489  0.0  0.0      0     0 ?        S<   Aug16   0:00 [aio/2]
root       490  0.0  0.0      0     0 ?        S<   Aug16   0:00 [aio/3]
root       491  0.0  0.0      0     0 ?        S<   Aug16   0:00 [aio/4]
root       492  0.0  0.0      0     0 ?        S<   Aug16   0:00 [aio/5]
root       493  0.0  0.0      0     0 ?        S<   Aug16   0:00 [aio/6]
root       494  0.0  0.0      0     0 ?        S<   Aug16   0:00 [aio/7]
root       653  0.0  0.0      0     0 ?        S<   Aug16   0:00 [kpsmoused]
root       760  0.0  0.0      0     0 ?        S<   Aug16   0:00 [mpt_poll_0]
root       761  0.0  0.0      0     0 ?        S<   Aug16   0:00 [mpt/0]
root       762  0.0  0.0      0     0 ?        S<   Aug16   0:00 [scsi_eh_0]
root       781  0.0  0.0      0     0 ?        S<   Aug16   0:00 [ata/0]
root       782  0.0  0.0      0     0 ?        S<   Aug16   0:00 [ata/1]
root       783  0.0  0.0      0     0 ?        S<   Aug16   0:00 [ata/2]
root       784  0.0  0.0      0     0 ?        S<   Aug16   0:00 [ata/3]
root       785  0.0  0.0      0     0 ?        S<   Aug16   0:00 [ata/4]
root       786  0.0  0.0      0     0 ?        S<   Aug16   0:00 [ata/5]
root       787  0.0  0.0      0     0 ?        S<   Aug16   0:00 [ata/6]
root       788  0.0  0.0      0     0 ?        S<   Aug16   0:00 [ata/7]
root       789  0.0  0.0      0     0 ?        S<   Aug16   0:00 [ata_aux]
root       799  0.0  0.0      0     0 ?        S<   Aug16   2:56 [scsi_eh_1]
root       800  0.0  0.0      0     0 ?        S<   Aug16   0:00 [scsi_eh_2]
root       801  0.0  0.0      0     0 ?        S<   Aug16   0:00 [scsi_eh_3]
root       802  0.0  0.0      0     0 ?        S<   Aug16   0:00 [scsi_eh_4]
root       803  0.0  0.0      0     0 ?        S<   Aug16   0:00 [scsi_eh_5]
root       804  0.0  0.0      0     0 ?        S<   Aug16   0:00 [scsi_eh_6]
root       823  0.0  0.0      0     0 ?        S<   Aug16   0:00 [kstriped]
root       860  0.0  0.0      0     0 ?        S<   Aug16   0:09 [kjournald]
root       885  0.0  0.0      0     0 ?        S<   Aug16   0:00 [kauditd]
root       918  0.0  0.0  13076   352 ?        S<s  Aug16   0:00 /sbin/udevd -d
root      2020  0.0  0.0      0     0 ?        S<   Aug16   0:00 [kedac]
root      2351  0.0  0.0      0     0 ?        S<   Aug16   0:00 [hd-audio0]
root      2362  0.0  0.0      0     0 ?        S<   Aug16   0:00 [hd-audio1]
root      3134  0.0  0.0      0     0 ?        S<   Aug16   0:00 [kmpathd/0]
root      3135  0.0  0.0      0     0 ?        S<   Aug16   0:00 [kmpathd/1]
root      3136  0.0  0.0      0     0 ?        S<   Aug16   0:00 [kmpathd/2]
root      3137  0.0  0.0      0     0 ?        S<   Aug16   0:00 [kmpathd/3]
root      3138  0.0  0.0      0     0 ?        S<   Aug16   0:00 [kmpathd/4]
root      3139  0.0  0.0      0     0 ?        S<   Aug16   0:00 [kmpathd/5]
root      3140  0.0  0.0      0     0 ?        S<   Aug16   0:00 [kmpathd/6]
root      3141  0.0  0.0      0     0 ?        S<   Aug16   0:00 [kmpathd/7]
root      3142  0.0  0.0      0     0 ?        S<   Aug16   0:00 [kmpath_handlerd]
root      3216  0.0  0.0      0     0 ?        S<   Aug16   2:40 [kjournald]
root      3218  0.0  0.0      0     0 ?        S<   Aug16   0:04 [kjournald]
root      3440  0.0  0.0      0     0 ?        S<   Aug16   0:00 [iscsi_eh]
root      3569  0.0  0.0      0     0 ?        S<   Aug16   0:00 [ib_addr]
root      3597  0.0  0.0      0     0 ?        S<   Aug16   0:00 [ib_mcast]
root      3598  0.0  0.0      0     0 ?        S<   Aug16   0:00 [ib_inform]
root      3599  0.0  0.0      0     0 ?        S<   Aug16   0:00 [local_sa]
root      3609  0.0  0.0      0     0 ?        S<   Aug16   0:00 [iw_cm_wq]
root      3619  0.0  0.0      0     0 ?        S<   Aug16   0:00 [ib_cm/0]
root      3620  0.0  0.0      0     0 ?        S<   Aug16   0:00 [ib_cm/1]
root      3621  0.0  0.0      0     0 ?        S<   Aug16   0:00 [ib_cm/2]
root      3622  0.0  0.0      0     0 ?        S<   Aug16   0:00 [ib_cm/3]
root      3623  0.0  0.0      0     0 ?        S<   Aug16   0:00 [ib_cm/4]
root      3624  0.0  0.0      0     0 ?        S<   Aug16   0:00 [ib_cm/5]
root      3625  0.0  0.0      0     0 ?        S<   Aug16   0:00 [ib_cm/6]
root      3626  0.0  0.0      0     0 ?        S<   Aug16   0:00 [ib_cm/7]
root      3636  0.0  0.0      0     0 ?        S<   Aug16   0:00 [rdma_cm]
ems       3637  0.0  0.0  68436  1712 pts/7    Ss   08:39   0:00 bash
root      3665  0.0  0.0  28636   284 ?        Ssl  Aug16   0:00 brcm_iscsiuio
root      3672  0.0  0.0  12156   388 ?        Ss   Aug16   0:00 iscsid
root      3673  0.0  0.0  12652  4464 ?        S<Ls Aug16   0:00 iscsid
root      3810  0.0  0.0      0     0 ?        S<   Aug16   0:00 [bond0]
root      4129  0.0  0.0  27348   692 ?        S<sl Aug16   0:02 auditd
root      4131  0.0  0.0  81824   776 ?        S<sl Aug16   0:00 /sbin/audispd
root      4153  0.0  0.0   5932   600 ?        Ss   Aug16   0:02 syslogd -m 0
root      4156  0.0  0.0   3828   320 ?        Ss   Aug16   0:00 klogd -x
root      4234  0.0  0.0      0     0 ?        S<   Aug16   0:00 [kondemand/0]
root      4235  0.0  0.0      0     0 ?        S<   Aug16   0:00 [kondemand/1]
root      4236  0.0  0.0      0     0 ?        S<   Aug16   0:01 [kondemand/2]
root      4237  0.0  0.0      0     0 ?        S<   Aug16   0:00 [kondemand/3]
root      4238  0.0  0.0      0     0 ?        S<   Aug16   0:00 [kondemand/4]
root      4239  0.0  0.0      0     0 ?        S<   Aug16   0:00 [kondemand/5]
root      4240  0.0  0.0      0     0 ?        S<   Aug16   0:00 [kondemand/6]
root      4241  0.0  0.0      0     0 ?        S<   Aug16   0:00 [kondemand/7]
root      4260  0.0  0.0  10784   324 ?        Ss   Aug16   0:20 irqbalance
ems       4274  0.0  0.0  72684  1224 pts/4    Ss+  Aug25   0:00 bash
rpc       4278  0.0  0.0   8076   608 ?        Ss   Aug16   0:00 portmap
root      4311  0.0  0.0      0     0 ?        S<   Aug16   0:00 [rpciod/0]
root      4312  0.0  0.0      0     0 ?        S<   Aug16   0:00 [rpciod/1]
root      4313  0.0  0.0      0     0 ?        S<   Aug16   0:00 [rpciod/2]
root      4314  0.0  0.0      0     0 ?        S<   Aug16   0:00 [rpciod/3]
root      4315  0.0  0.0      0     0 ?        S<   Aug16   0:00 [rpciod/4]
root      4316  0.0  0.0      0     0 ?        S<   Aug16   0:00 [rpciod/5]
root      4317  0.0  0.0      0     0 ?        S<   Aug16   0:00 [rpciod/6]
root      4318  0.0  0.0      0     0 ?        S<   Aug16   0:00 [rpciod/7]
root      4331  0.0  0.0  10184   616 ?        Ss   Aug16   0:00 rpc.statd
root      4355  0.0  0.0  56096   252 ?        Ss   Aug16   0:00 rpc.idmapd
dbus      4370  0.0  0.0  21508  1044 ?        Ss   Aug16   0:53 dbus-daemon --system
root      4385  0.0  0.0  10456   544 ?        Ss   Aug16   0:00 /usr/sbin/hcid
root      4389  0.0  0.0   5960   384 ?        Ss   Aug16   0:00 /usr/sbin/sdpd
root      4432  0.0  0.0      0     0 ?        S<   Aug16   0:00 [krfcommd]
root      4470  0.0  0.0  41684   740 ?        Ssl  Aug16   0:21 pcscd
root      4480  0.0  0.0   3824   456 ?        Ss   Aug16   0:00 /usr/sbin/acpid
68        4489  0.0  0.0  32064  2232 ?        Ss   Aug16   0:20 hald
root      4490  0.0  0.0  21720   860 ?        S    Aug16   0:00 hald-runner
68        4498  0.0  0.0  12348   724 ?        S    Aug16   0:00 hald-addon-acpi: listening on acpid socket /var/run/acpid.socket
68        4503  0.0  0.0  12348   756 ?        S    Aug16   0:00 hald-addon-keyboard: listening on /dev/input/event0
root      4512  0.0  0.0  10256   640 ?        S    Aug16   1:54 hald-addon-storage: polling /dev/sr0
root      4539  0.0  0.0   9432   368 ?        Ss   Aug16   0:00 /usr/bin/hidd --server
root      4574  0.0  0.0 122012   928 ?        Ssl  Aug16   0:00 automount
root      4591  0.0  0.0  26348   292 ?        Ss   Aug16   0:00 ./hpiod
root      4596  0.0  0.0 159168  1000 ?        S    Aug16   0:00 /usr/bin/python ./hpssd.py
root      4611  0.0  0.0  62652   692 ?        Ss   Aug16   0:00 /usr/sbin/sshd
root      4622  0.0  0.0 134068  1752 ?        Ss   Aug16   0:06 cupsd
root      4636  0.0  0.0  21668   748 ?        Ss   Aug16   0:00 xinetd -stayalive -pidfile /var/run/xinetd.pid
ntp       4648  0.0  0.0  19216  4908 ?        SLs  Aug16   0:00 ntpd -u ntp:ntp -p /var/run/ntpd.pid -g
root      4685  0.0  0.0  66964   996 ?        Ss   Aug16   0:01 sendmail: accepting connections
smmsp     4695  0.0  0.0  57720   748 ?        Ss   Aug16   0:00 sendmail: Queue runner@01:00:00 for /var/spool/clientmqueue
root      4705  0.0  0.0   6480   276 ?        Ss   Aug16   0:00 gpm -m /dev/input/mice -t exps2
root      4714  0.0  0.0  74836   940 ?        Ss   Aug16   0:00 crond
xfs       4747  0.0  0.0  22124   700 ?        Ss   Aug16   0:00 xfs -droppriv -daemon
root      4767  0.0  0.0  10408   652 ?        Ss   Aug16   0:21 in.tftpd -s /tftpboot
root      4773  0.0  0.0  18756   344 ?        Ss   Aug16   0:00 /usr/sbin/atd
avahi     4805  0.0  0.0  23172   988 ?        Ss   Aug16   0:00 avahi-daemon: running [wh1.local]
avahi     4806  0.0  0.0  23172   168 ?        Ss   Aug16   0:00 avahi-daemon: chroot helper
root      4883  0.0  0.0  44292   196 ?        Ss   Aug16   0:00 /usr/sbin/vsftpd /etc/vsftpd/vsftpd.conf
root      4896  0.0  0.0  18440   324 ?        S    Aug16   0:00 /usr/sbin/smartd -q never
root      4901  0.0  0.0   3816   412 tty1     Ss+  Aug16   0:00 /sbin/mingetty tty1
root      4902  0.0  0.0   3816   412 tty2     Ss+  Aug16   0:00 /sbin/mingetty tty2
root      4903  0.0  0.0   3816   412 tty3     Ss+  Aug16   0:00 /sbin/mingetty tty3
root      4904  0.0  0.0   3816   412 tty4     Ss+  Aug16   0:00 /sbin/mingetty tty4
root      4905  0.0  0.0   3816   412 tty5     Ss+  Aug16   0:00 /sbin/mingetty tty5
root      4907  0.0  0.0   3816   416 tty6     Ss+  Aug16   0:00 /sbin/mingetty tty6
root      4914  0.0  0.0 168388  2344 ?        Ss   Aug16   0:02 /usr/sbin/gdm-binary -nodaemon
root      5009  0.0  0.0 194984  2052 ?        S    Aug16   0:00 /usr/sbin/gdm-binary -nodaemon
root      5011  0.0  0.0 189876  3180 ?        Sl   Aug16   0:00 /usr/libexec/gdm-rh-security-token-helper
root      5012  1.9  0.3 166116 28184 tty7     SLs+ Aug16 796:46 /usr/bin/Xorg :0 -br -audit 0 -auth /var/gdm/:0.Xauth vt7
root      5028  0.0  0.0 257316  4152 ?        SN   Aug16   0:00 /usr/bin/python -tt /usr/sbin/yum-updatesd
root      5030  0.0  0.0  12940   984 ?        SN   Aug16   0:00 /usr/libexec/gam_server
ems       5115  0.0  0.0  10248   752 pts/7    S+   10:06   0:00 /usr/bin/rlogin esfe-c
ems       5116  0.0  0.0  10248   300 pts/7    S+   10:06   0:00 /usr/bin/rlogin esfe-c
ems       5284  0.0  0.0 245620  5500 ?        Ss   Aug16   0:00 /usr/bin/gnome-session
ems       5318  0.0  0.0      0     0 ?        Z    Aug16   0:00 [Xsession] <defunct>
ems       5321  0.0  0.0  53892   356 ?        Ss   Aug16   0:00 /usr/bin/ssh-agent /bin/sh -c exec -l /bin/bash -c "/usr/bin/dbus-launch --exit-with-session /etc/X11/xinit/Xclients"
ems       5413  0.0  0.0  15204   400 ?        S    Aug16   0:00 /usr/bin/dbus-launch --exit-with-session /etc/X11/xinit/Xclients
ems       5414  0.0  0.0  21416   888 ?        Ss   Aug16   0:00 /bin/dbus-daemon --fork --print-pid 4 --print-address 6 --session
ems       5419  0.0  0.0 116356  5376 ?        Ss   Aug16   0:00 /usr/lib64/scim-1.0/scim-launcher -d -c simple -e all -f socket --no-stay
ems       5422  0.0  0.0  90588  2440 ?        S    Aug16   0:00 /usr/libexec/gconfd-2 5
ems       5426  0.0  0.0  82436   316 ?        Ss   Aug16   0:00 /usr/lib64/scim-1.0/scim-helper-manager
ems       5427  0.0  0.0 263104  7584 ?        Ssl  Aug16   0:07 /usr/lib64/scim-1.0/scim-panel-gtk --display :0.0 -c socket -d --no-stay
ems       5429  0.0  0.0  94424  1484 ?        Ss   Aug16   0:00 /usr/lib64/scim-1.0/scim-launcher -d -c socket -e socket -f x11
ems       5431  0.0  0.0  12928   424 ?        S    Aug16   0:00 /usr/bin/gnome-keyring-daemon
ems       5433  0.0  0.0 264924  5908 ?        Sl   Aug16   0:07 /usr/libexec/gnome-settings-daemon
ems       5459  0.0  0.0 206292  2148 ?        Ssl  Aug16   0:00 /usr/libexec/bonobo-activation-server --ac-activate --ior-output-fd=18
ems       5464  0.0  0.1 185156 10856 ?        Ss   Aug16   0:28 metacity --sm-client-id=default1
ems       5466  0.0  0.0 239176  3900 ?        S    Aug16   0:00 /usr/libexec/vino-server --oaf-activate-iid=OAFIID:GNOME_RemoteDesktopServer --oaf-ior-fd=17
ems       5470  0.0  0.1 421568 14904 ?        Ss   Aug16   0:01 gnome-panel --sm-client-id default2
ems       5472  0.0  0.1 487680 14800 ?        Ss   Aug16   0:03 nautilus --no-default-window --sm-client-id default3
ems       5476  0.0  0.0 230456  3592 ?        Ss   Aug16   0:00 gnome-volume-manager --sm-client-id default5
ems       5478  0.0  0.0 263488  5640 ?        Ss   Aug16   0:00 eggcups --sm-client-id default4
ems       5482  0.0  0.0 149600  2852 ?        S    Aug16   0:00 /usr/libexec/gnome-vfs-daemon
ems       5486  0.0  0.0 154368  4004 ?        Ss   Aug16   0:00 bt-applet --sm-disable
ems       5494  0.0  0.1 361820 12236 ?        Ss   Aug16   0:00 /usr/bin/python -tt /usr/bin/puplet
ems       5496  0.0  0.0 233004  5816 ?        Ss   Aug16   0:00 nm-applet --sm-disable
ems       5503  0.0  0.0 155076  3908 ?        Ss   Aug16   0:00 pam-panel-icon --sm-client-id default0
root      5505  0.0  0.0  12212   628 ?        S    Aug16   0:00 /sbin/pam_timestamp_check -d root
ems       5511  0.0  0.0 267592  4764 ?        Ss   Aug16   0:40 gnome-power-manager
ems       5512  0.0  0.0  72432  1888 ?        Sl   Aug16   0:00 ./escd --key_Inserted="/usr/bin/esc" --on_Signal="/usr/bin/esc"
root      5522  0.0  0.0  60064  2684 ?        S    Aug16   0:00 /usr/sbin/nm-system-settings --config /etc/NetworkManager/nm-system-settings.conf
ems       5526  0.0  0.0  13048  1100 ?        S    Aug16   0:00 /usr/libexec/gam_server
ems       5528  0.0  0.0 388048  6984 ?        S    Aug16   0:00 /usr/libexec/trashapplet --oaf-activate-iid=OAFIID:GNOME_Panel_TrashApplet_Factory --oaf-ior-fd=23
ems       5539  0.0  0.1 321292  9068 ?        S    Aug16   0:21 /usr/libexec/clock-applet --oaf-activate-iid=OAFIID:GNOME_ClockApplet_Factory --oaf-ior-fd=24
ems       5541  0.0  0.0 241352  6104 ?        S    Aug16   0:00 /usr/libexec/notification-area-applet --oaf-activate-iid=OAFIID:GNOME_NotificationAreaApplet_Factory --oaf-ior-fd=33
ems       5543  0.0  0.1 394528 10868 ?        Sl   Aug16   0:00 /usr/libexec/mixer_applet2 --oaf-activate-iid=OAFIID:GNOME_MixerApplet_Factory --oaf-ior-fd=28
ems       5545  0.0  0.0  12852   792 ?        S    Aug16   0:00 /usr/libexec/mapping-daemon
ems       5558  0.0  0.2 328920 22004 ?        Sl   Aug16   3:00 gnome-terminal
ems       5562  0.0  0.0  78712  1188 ?        S    Aug16   9:36 scim-bridge
ems       5563  0.0  0.0  14892   708 ?        S    Aug16   0:00 gnome-pty-helper
ems       5564  0.0  0.0  72688  1700 pts/1    Ss   Aug16   0:00 bash
ems       5747  0.0  0.0  72688  1220 pts/2    Ss+  Aug16   0:00 bash
ems       5835  0.0  0.0 183508  1740 ?        Ss   Aug16   0:49 gnome-screensaver
ems       6069  0.0  0.0  68436  1200 pts/3    Ss+  Aug16   0:00 bash
ems       6469  1.6  2.2 1354980 180548 ?      SNl  11:05   5:40 mmi
ems       9201  0.0  0.0  68432  1204 pts/14   Ss   Sep03   0:00 bash
ems       9287  0.0  0.0  10248   628 pts/14   S+   Sep03   0:00 /usr/bin/rlogin ewmain1
ems       9288  0.0  0.0  10248   160 pts/14   S+   Sep03   0:00 /usr/bin/rlogin ewmain1
ems       9541  0.0  0.0  68436  1208 pts/6    Ss+  Aug16   0:00 bash
ems      11501  0.0  0.0  68432  1716 pts/10   Ss+  Sep04   0:00 bash
root     11833  0.0  0.0 102040  1404 ?        S    16:55   0:00 crond
root     11834  0.0  0.0   8724   972 ?        Ss   16:55   0:00 /bin/sh -c /home/nms/collection.sh >/dev/null
root     11835  0.0  0.0   8728  1020 ?        S    16:55   0:00 /bin/sh /home/nms/collection.sh
root     11845  0.0  0.0  10484   876 ?        R    16:55   0:00 ps aux
ems      13704  0.0  0.1 318816 14112 ?        Sl   Sep03   0:44 gnome-terminal
ems      13706  0.0  0.0  90476  2560 ?        S    Sep03   0:00 /usr/libexec/gconfd-2 12
ems      13708  0.0  0.0 130248  2756 ?        Ssl  Sep03   0:00 /usr/libexec/bonobo-activation-server --ac-activate --ior-output-fd=16
ems      13713  0.0  0.0  78580  1104 ?        S    Sep03   3:27 scim-bridge
ems      13714  0.0  0.0  14892   708 ?        S    Sep03   0:00 gnome-pty-helper
ems      13715  0.0  0.0  68432  1560 pts/16   Ss+  Sep03   0:00 bash
ems      16620  0.0  0.0  68432  1576 pts/17   Ss+  Sep03   0:00 bash
ems      24297  0.0  0.0  68432  1708 pts/15   Ss+  Sep11   0:00 bash
root     24684  0.0  0.1 140148  8176 ?        SN   Sep11   0:00 /df8003/bin/dbmd
root     24685  0.4  0.0 135444  3644 ?        SN   Sep11  13:54 /df8003/bin/applogd
root     24686  0.0  0.0 135304  3472 ?        S    Sep11   1:15 /df8003/bin/netmd
root     24687  0.3  0.2 158592 21756 ?        S    Sep11  11:54 /df8003/bin/sysmd
root     24769  0.0  0.1 208608  9068 ?        SN   Sep11   0:00 /df8003/bin/procmd
root     24770  0.0  0.1 208112  8868 ?        SN   Sep11   0:00 proc_watchd
ems      24771  0.0  0.1 286112 13932 ?        SN   Sep11   0:38 almd_server_rep
ems      24772  0.0  0.4 628320 34176 ?        SN   Sep11   1:19 alm_replica -mode r
ems      24773  2.8  1.1 608624 96840 ?        SN   Sep11  94:53 SCADA_Rep -mode r
ems      24774  0.0  0.9 660324 78308 ?        SN   Sep11   0:04 SCADA_Server -mode s1
ems      24775  0.0  0.5 592276 43976 ?        SN   Sep11   0:00 CTRL_Server -mode s1
ems      24776  0.0  0.2 458540 20628 ?        SN   Sep11   3:14 comServer
ems      24777  0.0  1.0 980760 89000 ?        SN   Sep11   3:15 pasServer -mode r -rep
ems      24778  0.0  0.3 994244 25464 ?        SN   Sep11   0:00 pasServer -mode s1 -ref
ems      24779  0.0  0.2 994240 23740 ?        SN   Sep11   0:00 pasServer -mode s2 -ref
ems      24780  0.0  1.1 942280 94956 ?        SN   Sep11   0:02 pasEngine -mode s1 -ref
ems      24781  0.0  0.5 922800 43476 ?        SN   Sep11   0:00 pasEngine -mode s2 -ref
ems      24782  0.6  0.5 767080 44736 ?        SN   Sep11  20:23 AVCServer -mode r -rep
root     24784  0.2  0.1 213160  9232 ?        SN   Sep11   8:32 netmond -s 3600
root     24785  0.0  0.4 568736 39576 ?        SN   Sep11   0:00 ssrd
ems      24786  0.0  1.7 774672 143776 ?       SN   Sep11   0:02 optload -restart
ems      24787  1.7 14.8 2102512 1209976 ?     SNl  Sep11  57:38 gapClient
ems      24799  0.0  0.0  68432  1712 pts/5    Ss+  Sep11   0:00 bash
ems      24888  0.0  0.1 344700 14132 pts/5    S    Sep11   0:00 mmi
ems      24889  0.2  2.3 1374120 194440 pts/5  SNl  Sep11   9:45 mmi
ems      24890  0.5  2.1 1405088 177096 pts/5  SN   Sep11  17:22 mmi
ems      25104  0.0  0.0  68432  1200 pts/8    Ss   Aug28   0:00 bash
ems      25190  0.0  0.0  10248   632 pts/8    S+   Aug28   0:00 /usr/bin/rlogin esfe-a
ems      25191  0.0  0.0  10248   172 pts/8    S+   Aug28   0:07 /usr/bin/rlogin esfe-a
ems      25642  0.0  0.0  68432  1708 pts/9    Ss   Sep11   0:00 bash
ems      25802  0.0  0.0  10248   752 pts/9    S+   Sep11   0:00 /usr/bin/rlogin esrt-b
ems      25803  0.0  0.0  10248   288 pts/9    S+   Sep11   0:00 /usr/bin/rlogin esrt-b
ems      29636  0.0  0.4 706056 37716 pts/1    SNl+ Sep11   0:06 eduty
cmdbegin:mac
1: lo: <LOOPBACK,UP,LOWER_UP> mtu 16436 qdisc noqueue 
    link/loopback 00:00:00:00:00:00 brd 00:00:00:00:00:00
    inet 127.0.0.1/8 scope host lo
2: eth0: <BROADCAST,MULTICAST,SLAVE,UP,LOWER_UP> mtu 1500 qdisc pfifo_fast master bond0 qlen 1000
    link/ether 00:10:18:97:80:62 brd ff:ff:ff:ff:ff:ff
3: eth1: <NO-CARRIER,BROADCAST,MULTICAST,SLAVE,UP> mtu 1500 qdisc pfifo_fast master bond0 qlen 1000
    link/ether 00:10:18:97:80:62 brd ff:ff:ff:ff:ff:ff
4: eth2: <BROADCAST,MULTICAST> mtu 1500 qdisc pfifo_fast qlen 1000
    link/ether 2c:27:d7:ee:d9:ee brd ff:ff:ff:ff:ff:ff
5: bond0: <BROADCAST,MULTICAST,MASTER,UP,LOWER_UP> mtu 1500 qdisc noqueue 
    link/ether 00:10:18:97:80:62 brd ff:ff:ff:ff:ff:ff
    inet 192.168.108.161/24 brd 192.168.108.255 scope global bond0
cmdbegin:interface
Linux 2.6.18-238.el5 (wh1) 	09/13/13 	_x86_64_	(8 CPU)

16:55:07        IFACE   rxpck/s   txpck/s    rxkB/s    txkB/s   rxcmp/s   txcmp/s  rxmcst/s
16:55:08           lo     39.00     39.00     10.12     10.12      0.00      0.00      0.00
16:55:08         eth0    258.00     19.00    156.17      6.48      0.00      0.00     14.00
16:55:08         eth1      0.00      0.00      0.00      0.00      0.00      0.00      0.00
16:55:08         eth2      0.00      0.00      0.00      0.00      0.00      0.00      0.00
16:55:08        bond0    258.00     19.00    156.17      6.48      0.00      0.00     14.00

16:55:08        IFACE   rxpck/s   txpck/s    rxkB/s    txkB/s   rxcmp/s   txcmp/s  rxmcst/s
16:55:09           lo     72.00     72.00     20.23     20.23      0.00      0.00      0.00
16:55:09         eth0    455.00    406.00    179.79    566.11      0.00      0.00     14.00
16:55:09         eth1      0.00      0.00      0.00      0.00      0.00      0.00      0.00
16:55:09         eth2      0.00      0.00      0.00      0.00      0.00      0.00      0.00
16:55:09        bond0    455.00    406.00    179.79    566.11      0.00      0.00     14.00

16:55:09        IFACE   rxpck/s   txpck/s    rxkB/s    txkB/s   rxcmp/s   txcmp/s  rxmcst/s
16:55:10           lo     53.00     53.00      9.68      9.68      0.00      0.00      0.00
16:55:10         eth0    201.00     15.00    114.81      2.73      0.00      0.00      6.00
16:55:10         eth1      0.00      0.00      0.00      0.00      0.00      0.00      0.00
16:55:10         eth2      0.00      0.00      0.00      0.00      0.00      0.00      0.00
16:55:10        bond0    201.00     15.00    114.81      2.73      0.00      0.00      6.00

Average:        IFACE   rxpck/s   txpck/s    rxkB/s    txkB/s   rxcmp/s   txcmp/s  rxmcst/s
Average:           lo     54.67     54.67     13.34     13.34      0.00      0.00      0.00
Average:         eth0    304.67    146.67    150.26    191.78      0.00      0.00     11.33
Average:         eth1      0.00      0.00      0.00      0.00      0.00      0.00      0.00
Average:         eth2      0.00      0.00      0.00      0.00      0.00      0.00      0.00
Average:        bond0    304.67    146.67    150.26    191.78      0.00      0.00     11.33
cmdbegin:uname
Linux wh1
cmdbegin:usergroup
root:x:0:root
bin:x:1:root,bin,daemon
daemon:x:2:root,bin,daemon
sys:x:3:root,bin,adm
adm:x:4:root,adm,daemon
tty:x:5:
disk:x:6:root
lp:x:7:daemon,lp
mem:x:8:
kmem:x:9:
wheel:x:10:root
mail:x:12:mail
news:x:13:news
uucp:x:14:uucp
man:x:15:
games:x:20:
gopher:x:30:
dip:x:40:
ftp:x:50:
lock:x:54:
nobody:x:99:
users:x:100:ems,oracle
utmp:x:22:
utempter:x:35:
nscd:x:28:
distcache:x:94:
floppy:x:19:
vcsa:x:69:
ntp:x:38:
pcap:x:77:
slocate:x:21:
dbus:x:81:
audio:x:63:gdm
apache:x:48:
avahi:x:70:
rpc:x:32:
mailnull:x:47:
smmsp:x:51:
sshd:x:74:
webalizer:x:67:
oprofile:x:16:
squid:x:23:
rpcuser:x:29:
nfsnobody:x:4294967294:
xfs:x:43:
stapdev:x:101:
stapusr:x:102:
stap-server:x:155:
haldaemon:x:68:
avahi-autoipd:x:156:
gdm:x:42:
sabayon:x:86:
dfdz:x:500:ems
dba:x:501:oracle
cmdbegin:user
root:x:0:0:root:/root:/bin/bash
bin:x:1:1:bin:/bin:/sbin/nologin
daemon:x:2:2:daemon:/sbin:/sbin/nologin
adm:x:3:4:adm:/var/adm:/sbin/nologin
lp:x:4:7:lp:/var/spool/lpd:/sbin/nologin
sync:x:5:0:sync:/sbin:/bin/sync
shutdown:x:6:0:shutdown:/sbin:/sbin/shutdown
halt:x:7:0:halt:/sbin:/sbin/halt
mail:x:8:12:mail:/var/spool/mail:/sbin/nologin
news:x:9:13:news:/etc/news:
uucp:x:10:14:uucp:/var/spool/uucp:/sbin/nologin
operator:x:11:0:operator:/root:/sbin/nologin
games:x:12:100:games:/usr/games:/sbin/nologin
gopher:x:13:30:gopher:/var/gopher:/sbin/nologin
ftp:x:14:50:FTP User:/var/ftp:/sbin/nologin
nobody:x:99:99:Nobody:/:/sbin/nologin
nscd:x:28:28:NSCD Daemon:/:/sbin/nologin
distcache:x:94:94:Distcache:/:/sbin/nologin
vcsa:x:69:69:virtual console memory owner:/dev:/sbin/nologin
ntp:x:38:38::/etc/ntp:/sbin/nologin
pcap:x:77:77::/var/arpwatch:/sbin/nologin
dbus:x:81:81:System message bus:/:/sbin/nologin
apache:x:48:48:Apache:/var/www:/sbin/nologin
avahi:x:70:70:Avahi daemon:/:/sbin/nologin
rpc:x:32:32:Portmapper RPC user:/:/sbin/nologin
mailnull:x:47:47::/var/spool/mqueue:/sbin/nologin
smmsp:x:51:51::/var/spool/mqueue:/sbin/nologin
sshd:x:74:74:Privilege-separated SSH:/var/empty/sshd:/sbin/nologin
webalizer:x:67:67:Webalizer:/var/www/usage:/sbin/nologin
oprofile:x:16:16:Special user account to be used by OProfile:/home/oprofile:/sbin/nologin
squid:x:23:23::/var/spool/squid:/sbin/nologin
rpcuser:x:29:29:RPC Service User:/var/lib/nfs:/sbin/nologin
nfsnobody:x:4294967294:4294967294:Anonymous NFS User:/var/lib/nfs:/sbin/nologin
xfs:x:43:43:X Font Server:/etc/X11/fs:/sbin/nologin
haldaemon:x:68:68:HAL daemon:/:/sbin/nologin
avahi-autoipd:x:100:156:avahi-autoipd:/var/lib/avahi-autoipd:/sbin/nologin
gdm:x:42:42::/var/gdm:/sbin/nologin
sabayon:x:86:86:Sabayon user:/home/sabayon:/sbin/nologin
ems:x:115:500:ems:/df8003/home:/bin/bash
oracle:x:502:501:oracle:/usr/local/oracle:/bin/bash
cmdbegin:date
Fri Sep 13 16:55:10 CST 2013
cmdbegin:uptime
 16:55:10 up 28 days,  2:04, 15 users,  load average: 0.26, 0.22, 0.18
cmdbegin:end
