cmdbegin:version
Linux version 2.6.18-238.el5 (mockbuild@x86-012.build.bos.redhat.com) (gcc version 4.1.2 20080704 (Red Hat 4.1.2-50)) #1 SMP Sun Dec 19 14:22:44 EST 2010
cmdbegin:cpuconfig
processor	: 0
model name	: Intel(R) Xeon(R) CPU           E5620  @ 2.40GHz
cpu MHz		: 1596.000
cache size	: 12288 KB
processor	: 1
model name	: Intel(R) Xeon(R) CPU           E5620  @ 2.40GHz
cpu MHz		: 1596.000
cache size	: 12288 KB
processor	: 2
model name	: Intel(R) Xeon(R) CPU           E5620  @ 2.40GHz
cpu MHz		: 1596.000
cache size	: 12288 KB
processor	: 3
model name	: Intel(R) Xeon(R) CPU           E5620  @ 2.40GHz
cpu MHz		: 1596.000
cache size	: 12288 KB
processor	: 4
model name	: Intel(R) Xeon(R) CPU           E5620  @ 2.40GHz
cpu MHz		: 1596.000
cache size	: 12288 KB
processor	: 5
model name	: Intel(R) Xeon(R) CPU           E5620  @ 2.40GHz
cpu MHz		: 1596.000
cache size	: 12288 KB
processor	: 6
model name	: Intel(R) Xeon(R) CPU           E5620  @ 2.40GHz
cpu MHz		: 1596.000
cache size	: 12288 KB
processor	: 7
model name	: Intel(R) Xeon(R) CPU           E5620  @ 2.40GHz
cpu MHz		: 1596.000
cache size	: 12288 KB
cmdbegin:disk
Filesystem           1K-blocks      Used Available Use% Mounted on
/dev/sda2             40624208   4939740  33587584  13% /
/dev/sda6            183113968  16952808 156709320  10% /df8003
/dev/sda3             39674224   8347048  29279292  23% /usr
tmpfs                  4081948         0   4081948   0% /dev/shm
cmdbegin:diskperf
Linux 2.6.18-238.el5 (ewop1) 	09/13/13 	_x86_64_	(8 CPU)

16:55:01          DEV       tps  rd_sec/s  wr_sec/s  avgrq-sz  avgqu-sz     await     svctm     %util
16:55:02       dev8-0     25.00      0.00   1944.00     77.76      0.11      4.92      1.72      4.30

16:55:02          DEV       tps  rd_sec/s  wr_sec/s  avgrq-sz  avgqu-sz     await     svctm     %util
16:55:03       dev8-0      5.00      0.00    184.00     36.80      0.02      4.60      4.60      2.30

16:55:03          DEV       tps  rd_sec/s  wr_sec/s  avgrq-sz  avgqu-sz     await     svctm     %util
16:55:04       dev8-0      7.00      0.00    200.00     28.57      0.03      4.29      3.43      2.40

Average:          DEV       tps  rd_sec/s  wr_sec/s  avgrq-sz  avgqu-sz     await     svctm     %util
Average:       dev8-0     12.33      0.00    776.00     62.92      0.06      4.76      2.43      3.00
cmdbegin:cpu
Linux 2.6.18-238.el5 (ewop1) 	09/13/13 	_x86_64_	(8 CPU)

16:55:04        CPU     %user     %nice   %system   %iowait    %steal     %idle
16:55:05        all      0.12      0.75      0.50      0.00      0.00     98.63
16:55:06        all      0.50      0.63      0.38      0.25      0.00     98.25
16:55:07        all      0.00      0.50      0.50      1.25      0.00     97.76
Average:        all      0.21      0.62      0.46      0.50      0.00     98.21
cmdbegin:memory
             total       used       free     shared    buffers     cached
Mem:       8163900    2779872    5384028          0     455052    1527316
-/+ buffers/cache:     797504    7366396
Swap:     20482832          0   20482832
cmdbegin:process
USER       PID %CPU %MEM    VSZ   RSS TTY      STAT START   TIME COMMAND
root         1  0.0  0.0  10372   692 ?        Ss   Aug20   0:01 init [5]                             
root         2  0.0  0.0      0     0 ?        S<   Aug20   0:00 [migration/0]
root         3  0.0  0.0      0     0 ?        SN   Aug20   0:00 [ksoftirqd/0]
root         4  0.0  0.0      0     0 ?        S<   Aug20   0:00 [watchdog/0]
root         5  0.0  0.0      0     0 ?        S<   Aug20   0:00 [migration/1]
root         6  0.0  0.0      0     0 ?        SN   Aug20   0:00 [ksoftirqd/1]
root         7  0.0  0.0      0     0 ?        S<   Aug20   0:00 [watchdog/1]
root         8  0.0  0.0      0     0 ?        S<   Aug20   0:00 [migration/2]
root         9  0.0  0.0      0     0 ?        SN   Aug20   0:00 [ksoftirqd/2]
root        10  0.0  0.0      0     0 ?        S<   Aug20   0:00 [watchdog/2]
root        11  0.0  0.0      0     0 ?        S<   Aug20   0:00 [migration/3]
root        12  0.0  0.0      0     0 ?        SN   Aug20   0:00 [ksoftirqd/3]
root        13  0.0  0.0      0     0 ?        S<   Aug20   0:00 [watchdog/3]
root        14  0.0  0.0      0     0 ?        S<   Aug20   0:00 [migration/4]
root        15  0.0  0.0      0     0 ?        SN   Aug20   0:00 [ksoftirqd/4]
root        16  0.0  0.0      0     0 ?        S<   Aug20   0:00 [watchdog/4]
root        17  0.0  0.0      0     0 ?        S<   Aug20   0:00 [migration/5]
root        18  0.0  0.0      0     0 ?        SN   Aug20   0:00 [ksoftirqd/5]
root        19  0.0  0.0      0     0 ?        S<   Aug20   0:00 [watchdog/5]
root        20  0.0  0.0      0     0 ?        S<   Aug20   0:00 [migration/6]
root        21  0.0  0.0      0     0 ?        SN   Aug20   0:00 [ksoftirqd/6]
root        22  0.0  0.0      0     0 ?        S<   Aug20   0:00 [watchdog/6]
root        23  0.0  0.0      0     0 ?        S<   Aug20   0:00 [migration/7]
root        24  0.0  0.0      0     0 ?        SN   Aug20   0:00 [ksoftirqd/7]
root        25  0.0  0.0      0     0 ?        S<   Aug20   0:00 [watchdog/7]
root        26  0.0  0.0      0     0 ?        S<   Aug20   0:00 [events/0]
root        27  0.0  0.0      0     0 ?        S<   Aug20   0:27 [events/1]
root        28  0.0  0.0      0     0 ?        S<   Aug20   0:04 [events/2]
root        29  0.0  0.0      0     0 ?        S<   Aug20   0:00 [events/3]
root        30  0.0  0.0      0     0 ?        S<   Aug20   0:00 [events/4]
root        31  0.0  0.0      0     0 ?        S<   Aug20   0:00 [events/5]
root        32  0.0  0.0      0     0 ?        S<   Aug20   0:00 [events/6]
root        33  0.0  0.0      0     0 ?        S<   Aug20   0:00 [events/7]
root        34  0.0  0.0      0     0 ?        S<   Aug20   0:00 [khelper]
root       103  0.0  0.0      0     0 ?        S<   Aug20   0:00 [kthread]
root       115  0.0  0.0      0     0 ?        S<   Aug20   0:00 [kblockd/0]
root       116  0.0  0.0      0     0 ?        S<   Aug20   0:00 [kblockd/1]
root       117  0.0  0.0      0     0 ?        S<   Aug20   0:00 [kblockd/2]
root       118  0.0  0.0      0     0 ?        S<   Aug20   0:00 [kblockd/3]
root       119  0.0  0.0      0     0 ?        S<   Aug20   0:00 [kblockd/4]
root       120  0.0  0.0      0     0 ?        S<   Aug20   0:00 [kblockd/5]
root       121  0.0  0.0      0     0 ?        S<   Aug20   0:00 [kblockd/6]
root       122  0.0  0.0      0     0 ?        S<   Aug20   0:00 [kblockd/7]
root       123  0.0  0.0      0     0 ?        S<   Aug20   0:00 [kacpid]
root       346  0.0  0.0      0     0 ?        S<   Aug20   0:00 [cqueue/0]
root       347  0.0  0.0      0     0 ?        S<   Aug20   0:00 [cqueue/1]
root       348  0.0  0.0      0     0 ?        S<   Aug20   0:00 [cqueue/2]
root       349  0.0  0.0      0     0 ?        S<   Aug20   0:00 [cqueue/3]
root       350  0.0  0.0      0     0 ?        S<   Aug20   0:00 [cqueue/4]
root       351  0.0  0.0      0     0 ?        S<   Aug20   0:00 [cqueue/5]
root       352  0.0  0.0      0     0 ?        S<   Aug20   0:00 [cqueue/6]
root       353  0.0  0.0      0     0 ?        S<   Aug20   0:00 [cqueue/7]
root       356  0.0  0.0      0     0 ?        S<   Aug20   0:00 [khubd]
root       358  0.0  0.0      0     0 ?        S<   Aug20   0:00 [kseriod]
root       482  0.0  0.0      0     0 ?        S    Aug20   0:00 [khungtaskd]
root       483  0.0  0.0      0     0 ?        S    Aug20   0:00 [pdflush]
root       484  0.0  0.0      0     0 ?        S    Aug20   4:36 [pdflush]
root       485  0.0  0.0      0     0 ?        S<   Aug20   0:00 [kswapd0]
root       486  0.0  0.0      0     0 ?        S<   Aug20   0:00 [kswapd1]
root       487  0.0  0.0      0     0 ?        S<   Aug20   0:00 [aio/0]
root       488  0.0  0.0      0     0 ?        S<   Aug20   0:00 [aio/1]
root       489  0.0  0.0      0     0 ?        S<   Aug20   0:00 [aio/2]
root       490  0.0  0.0      0     0 ?        S<   Aug20   0:00 [aio/3]
root       491  0.0  0.0      0     0 ?        S<   Aug20   0:00 [aio/4]
root       492  0.0  0.0      0     0 ?        S<   Aug20   0:00 [aio/5]
root       493  0.0  0.0      0     0 ?        S<   Aug20   0:00 [aio/6]
root       494  0.0  0.0      0     0 ?        S<   Aug20   0:00 [aio/7]
root       633  0.0  0.0 102044  1576 ?        S    Sep12   0:00 crond
root       634  0.0  0.0   8724   976 ?        Ss   Sep12   0:00 /bin/sh -c /home/nms/collection.sh >/dev/null
root       635  0.0  0.0   8728  1024 ?        S    Sep12   0:00 /bin/sh /home/nms/collection.sh
root       653  0.0  0.0      0     0 ?        S<   Aug20   0:00 [kpsmoused]
root       655  0.0  0.0  34900  1372 ?        S    Sep12   0:00 ftp -n
smmsp      656  0.0  0.0  57716  3480 ?        S    Sep12   0:00 /usr/sbin/sendmail -FCronDaemon -i -odi -oem -oi -t
root       760  0.0  0.0      0     0 ?        S<   Aug20   0:00 [mpt_poll_0]
root       761  0.0  0.0      0     0 ?        S<   Aug20   0:00 [mpt/0]
root       762  0.0  0.0      0     0 ?        S<   Aug20   0:00 [scsi_eh_0]
root       781  0.0  0.0      0     0 ?        S<   Aug20   0:00 [ata/0]
root       782  0.0  0.0      0     0 ?        S<   Aug20   0:00 [ata/1]
root       783  0.0  0.0      0     0 ?        S<   Aug20   0:00 [ata/2]
root       784  0.0  0.0      0     0 ?        S<   Aug20   0:00 [ata/3]
root       785  0.0  0.0      0     0 ?        S<   Aug20   0:00 [ata/4]
root       786  0.0  0.0      0     0 ?        S<   Aug20   0:00 [ata/5]
root       787  0.0  0.0      0     0 ?        S<   Aug20   0:00 [ata/6]
root       788  0.0  0.0      0     0 ?        S<   Aug20   0:00 [ata/7]
root       789  0.0  0.0      0     0 ?        S<   Aug20   0:00 [ata_aux]
root       799  0.0  0.0      0     0 ?        S<   Aug20   2:42 [scsi_eh_1]
root       800  0.0  0.0      0     0 ?        S<   Aug20   0:00 [scsi_eh_2]
root       801  0.0  0.0      0     0 ?        S<   Aug20   0:00 [scsi_eh_3]
root       802  0.0  0.0      0     0 ?        S<   Aug20   0:00 [scsi_eh_4]
root       803  0.0  0.0      0     0 ?        S<   Aug20   0:00 [scsi_eh_5]
root       804  0.0  0.0      0     0 ?        S<   Aug20   0:00 [scsi_eh_6]
root       823  0.0  0.0      0     0 ?        S<   Aug20   0:00 [kstriped]
root       860  0.0  0.0      0     0 ?        S<   Aug20   0:14 [kjournald]
root       885  0.0  0.0      0     0 ?        S<   Aug20   0:00 [kauditd]
root       918  0.0  0.0  13076  1224 ?        S<s  Aug20   0:00 /sbin/udevd -d
root       948  0.0  0.0 102040  1556 ?        S    16:55   0:00 crond
root       949  0.0  0.0   8724   972 ?        Ss   16:55   0:00 /bin/sh -c /home/nms/collection.sh >/dev/null
root       950  0.0  0.0   8728  1020 ?        S    16:55   0:00 /bin/sh /home/nms/collection.sh
root       960  0.0  0.0  10484   876 ?        R    16:55   0:00 ps aux
root      1916  0.0  0.0      0     0 ?        S<   Aug20   0:00 [kedac]
root      2417  0.0  0.0      0     0 ?        S<   Aug20   0:00 [hd-audio0]
root      2451  0.0  0.0      0     0 ?        S<   Aug20   0:00 [hd-audio1]
root      3151  0.0  0.0      0     0 ?        S<   Aug20   0:00 [kmpathd/0]
root      3152  0.0  0.0      0     0 ?        S<   Aug20   0:00 [kmpathd/1]
root      3153  0.0  0.0      0     0 ?        S<   Aug20   0:00 [kmpathd/2]
root      3154  0.0  0.0      0     0 ?        S<   Aug20   0:00 [kmpathd/3]
root      3155  0.0  0.0      0     0 ?        S<   Aug20   0:00 [kmpathd/4]
root      3156  0.0  0.0      0     0 ?        S<   Aug20   0:00 [kmpathd/5]
root      3157  0.0  0.0      0     0 ?        S<   Aug20   0:00 [kmpathd/6]
root      3158  0.0  0.0      0     0 ?        S<   Aug20   0:00 [kmpathd/7]
root      3159  0.0  0.0      0     0 ?        S<   Aug20   0:00 [kmpath_handlerd]
root      3233  0.0  0.0      0     0 ?        S<   Aug20   1:27 [kjournald]
root      3235  0.0  0.0      0     0 ?        S<   Aug20   0:01 [kjournald]
root      3459  0.0  0.0      0     0 ?        S<   Aug20   0:00 [iscsi_eh]
root      3588  0.0  0.0      0     0 ?        S<   Aug20   0:00 [ib_addr]
root      3616  0.0  0.0      0     0 ?        S<   Aug20   0:00 [ib_mcast]
root      3617  0.0  0.0      0     0 ?        S<   Aug20   0:00 [ib_inform]
root      3618  0.0  0.0      0     0 ?        S<   Aug20   0:00 [local_sa]
root      3628  0.0  0.0      0     0 ?        S<   Aug20   0:00 [iw_cm_wq]
root      3638  0.0  0.0      0     0 ?        S<   Aug20   0:00 [ib_cm/0]
root      3639  0.0  0.0      0     0 ?        S<   Aug20   0:00 [ib_cm/1]
root      3640  0.0  0.0      0     0 ?        S<   Aug20   0:00 [ib_cm/2]
root      3641  0.0  0.0      0     0 ?        S<   Aug20   0:00 [ib_cm/3]
root      3642  0.0  0.0      0     0 ?        S<   Aug20   0:00 [ib_cm/4]
root      3643  0.0  0.0      0     0 ?        S<   Aug20   0:00 [ib_cm/5]
root      3644  0.0  0.0      0     0 ?        S<   Aug20   0:00 [ib_cm/6]
root      3645  0.0  0.0      0     0 ?        S<   Aug20   0:00 [ib_cm/7]
root      3655  0.0  0.0      0     0 ?        S<   Aug20   0:00 [rdma_cm]
root      3685  0.0  0.0  28636   448 ?        Ssl  Aug20   0:00 brcm_iscsiuio
root      3691  0.0  0.0  12156   476 ?        Ss   Aug20   0:00 iscsid
root      3692  0.0  0.0  12652  4464 ?        S<Ls Aug20   0:00 iscsid
root      3705  0.0  0.0 102044  1576 ?        S    Sep05   0:00 crond
root      3706  0.0  0.0   8724   972 ?        Ss   Sep05   0:00 /bin/sh -c /home/nms/collection.sh >/dev/null
root      3707  0.0  0.0   8728  1020 ?        S    Sep05   0:00 /bin/sh /home/nms/collection.sh
root      3726  0.0  0.0  34900  1364 ?        S    Sep05   0:00 ftp -n
smmsp     3727  0.0  0.0  57720  3484 ?        S    Sep05   0:00 /usr/sbin/sendmail -FCronDaemon -i -odi -oem -oi -t
root      3829  0.0  0.0      0     0 ?        S<   Aug20   0:00 [bond0]
root      4337  0.0  0.0  27348   832 ?        S<sl Aug20   0:01 auditd
root      4339  0.0  0.0  81824   804 ?        S<sl Aug20   0:00 /sbin/audispd
root      4361  0.0  0.0   5932   660 ?        Ss   Aug20   0:06 syslogd -m 0
root      4364  0.0  0.0   3828   420 ?        Ss   Aug20   0:00 klogd -x
root      4442  0.0  0.0      0     0 ?        S<   Aug20   0:00 [kondemand/0]
root      4443  0.0  0.0      0     0 ?        S<   Aug20   0:03 [kondemand/1]
root      4444  0.0  0.0      0     0 ?        S<   Aug20   0:00 [kondemand/2]
root      4445  0.0  0.0      0     0 ?        S<   Aug20   0:00 [kondemand/3]
root      4446  0.0  0.0      0     0 ?        S<   Aug20   0:00 [kondemand/4]
root      4447  0.0  0.0      0     0 ?        S<   Aug20   0:00 [kondemand/5]
root      4448  0.0  0.0      0     0 ?        S<   Aug20   0:00 [kondemand/6]
root      4449  0.0  0.0      0     0 ?        S<   Aug20   0:00 [kondemand/7]
root      4468  0.0  0.0  10784   380 ?        Ss   Aug20   0:19 irqbalance
rpc       4486  0.0  0.0   8076   660 ?        Ss   Aug20   0:00 portmap
root      4519  0.0  0.0      0     0 ?        S<   Aug20   0:00 [rpciod/0]
root      4520  0.0  0.0      0     0 ?        S<   Aug20   0:00 [rpciod/1]
root      4521  0.0  0.0      0     0 ?        S<   Aug20   0:00 [rpciod/2]
root      4522  0.0  0.0      0     0 ?        S<   Aug20   0:00 [rpciod/3]
root      4523  0.0  0.0      0     0 ?        S<   Aug20   0:00 [rpciod/4]
root      4524  0.0  0.0      0     0 ?        S<   Aug20   0:00 [rpciod/5]
root      4525  0.0  0.0      0     0 ?        S<   Aug20   0:00 [rpciod/6]
root      4526  0.0  0.0      0     0 ?        S<   Aug20   0:00 [rpciod/7]
root      4539  0.0  0.0  10184   792 ?        Ss   Aug20   0:00 rpc.statd
root      4563  0.0  0.0  55204   764 ?        Ss   Aug20   0:00 rpc.idmapd
dbus      4578  0.0  0.0  21508  1176 ?        Ss   Aug20   0:44 dbus-daemon --system
root      4593  0.0  0.0  10456   816 ?        Ss   Aug20   0:00 /usr/sbin/hcid
root      4597  0.0  0.0   5960   540 ?        Ss   Aug20   0:00 /usr/sbin/sdpd
root      4641  0.0  0.0      0     0 ?        S<   Aug20   0:00 [krfcommd]
root      4678  0.0  0.0  43788  1620 ?        Ssl  Aug20   0:17 pcscd
root      4688  0.0  0.0   3824   576 ?        Ss   Aug20   0:00 /usr/sbin/acpid
68        4697  0.0  0.0  32068  5016 ?        Ss   Aug20   0:15 hald
root      4698  0.0  0.0  21720  1076 ?        S    Aug20   0:00 hald-runner
68        4706  0.0  0.0  12348   868 ?        S    Aug20   0:00 hald-addon-acpi: listening on acpid socket /var/run/acpid.socket
68        4714  0.0  0.0  12348   868 ?        S    Aug20   0:00 hald-addon-keyboard: listening on /dev/input/event0
root      4723  0.0  0.0  10256   704 ?        S    Aug20   1:51 hald-addon-storage: polling /dev/sr0
root      4750  0.0  0.0   8540   492 ?        Ss   Aug20   0:00 /usr/bin/hidd --server
root      4785  0.0  0.0 122008  1528 ?        Ssl  Aug20   0:00 automount
root      4802  0.0  0.0  26348   524 ?        Ss   Aug20   0:00 ./hpiod
root      4807  0.0  0.0 159168  6484 ?        S    Aug20   0:00 /usr/bin/python ./hpssd.py
root      4822  0.0  0.0  62652  1204 ?        Ss   Aug20   0:00 /usr/sbin/sshd
root      4833  0.0  0.0 133696  3312 ?        Ss   Aug20   0:07 cupsd
root      4849  0.0  0.0  21668   920 ?        Ss   Aug20   0:00 xinetd -stayalive -pidfile /var/run/xinetd.pid
ntp       4861  0.0  0.0  19216  4908 ?        SLs  Aug20   0:00 ntpd -u ntp:ntp -p /var/run/ntpd.pid -g
root      4897  0.0  0.0  66964  2320 ?        Ss   Aug20   0:01 sendmail: accepting connections
smmsp     4907  0.0  0.0  57716  1756 ?        Ss   Aug20   0:00 sendmail: Queue runner@01:00:00 for /var/spool/clientmqueue
root      4917  0.0  0.0   6480   384 ?        Ss   Aug20   0:00 gpm -m /dev/input/mice -t exps2
root      4926  0.0  0.0  74836  1152 ?        Ss   Aug20   0:00 crond
xfs       4959  0.0  0.0  21068  1880 ?        Ss   Aug20   0:00 xfs -droppriv -daemon
root      4984  0.0  0.0  18756   448 ?        Ss   Aug20   0:00 /usr/sbin/atd
avahi     5014  0.0  0.0  23296  1336 ?        Ss   Aug20   0:00 avahi-daemon: running [ewop1.local]
avahi     5015  0.0  0.0  23172   336 ?        Ss   Aug20   0:00 avahi-daemon: chroot helper
root      5092  0.0  0.0  44292   632 ?        Ss   Aug20   0:00 /usr/sbin/vsftpd /etc/vsftpd/vsftpd.conf
root      5102  0.0  0.1 257184 16204 ?        SN   Aug20   0:01 /usr/bin/python -tt /usr/sbin/yum-updatesd
root      5104  0.0  0.0  18440   512 ?        S    Aug20   0:00 /usr/sbin/smartd -q never
root      5109  0.0  0.0   3816   488 tty1     Ss+  Aug20   0:00 /sbin/mingetty tty1
root      5110  0.0  0.0   3816   488 tty2     Ss+  Aug20   0:00 /sbin/mingetty tty2
root      5111  0.0  0.0   3816   484 tty3     Ss+  Aug20   0:00 /sbin/mingetty tty3
root      5112  0.0  0.0   3816   484 tty4     Ss+  Aug20   0:00 /sbin/mingetty tty4
root      5113  0.0  0.0   3816   488 tty5     Ss+  Aug20   0:00 /sbin/mingetty tty5
root      5116  0.0  0.0   3816   484 tty6     Ss+  Aug20   0:00 /sbin/mingetty tty6
root      5117  0.0  0.0 167748  2688 ?        Ss   Aug20   0:00 /usr/sbin/gdm-binary -nodaemon
root      5154  0.0  0.0  13064  1216 ?        SN   Aug20   0:00 /usr/libexec/gam_server
root      5218  0.0  0.0 194984  3004 ?        S    Aug20   0:00 /usr/sbin/gdm-binary -nodaemon
root      5220  0.0  0.0 189876  4108 ?        Sl   Aug20   0:00 /usr/libexec/gdm-rh-security-token-helper
root      5493  0.0  0.0  10408   708 ?        Ss   Aug20   0:32 in.tftpd -s /tftpboot
root      5842  0.0  0.0  60080  3372 ?        S    Aug20   0:00 /usr/sbin/nm-system-settings --config /etc/NetworkManager/nm-system-settings.conf
root      6678  3.7  0.6 168416 55084 tty7     SLs+ Aug20 1286:32 /usr/bin/Xorg :0 -br -audit 0 -auth /var/gdm/:0.Xauth vt7
ems       6706  0.0  0.0 245540  6692 ?        Ss   Aug20   0:00 /usr/bin/gnome-session
ems       6740  0.0  0.0      0     0 ?        Z    Aug20   0:00 [Xsession] <defunct>
ems       6744  0.0  0.0  54784   768 ?        Ss   Aug20   0:00 /usr/bin/ssh-agent /bin/sh -c exec -l /bin/bash -c "/usr/bin/dbus-launch --exit-with-session /etc/X11/xinit/Xclients"
ems       6835  0.0  0.0  15204   552 ?        S    Aug20   0:00 /usr/bin/dbus-launch --exit-with-session /etc/X11/xinit/Xclients
ems       6836  0.0  0.0  21420  1016 ?        Ss   Aug20   0:00 /bin/dbus-daemon --fork --print-pid 4 --print-address 6 --session
ems       6842  0.0  0.0  90584  4496 ?        S    Aug20   0:00 /usr/libexec/gconfd-2 5
ems       6843  0.0  0.1 107448 12832 ?        Ss   Aug20   0:00 /usr/lib64/scim-1.0/scim-launcher -d -c simple -e all -f socket --no-stay
ems       6847  0.0  0.0  12928   584 ?        S    Aug20   0:00 /usr/bin/gnome-keyring-daemon
ems       6849  0.0  0.0 264792  7820 ?        Sl   Aug20   1:44 /usr/libexec/gnome-settings-daemon
ems       6867  0.0  0.0 205992  3620 ?        Ssl  Aug20   0:00 /usr/libexec/bonobo-activation-server --ac-activate --ior-output-fd=18
ems       6881  0.0  0.1 185036 15484 ?        Ss   Aug20   1:46 metacity --sm-client-id=default1
ems       6883  0.0  0.0 239176  5184 ?        S    Aug20   0:00 /usr/libexec/vino-server --oaf-activate-iid=OAFIID:GNOME_RemoteDesktopServer --oaf-ior-fd=17
ems       6888  0.0  0.0  82436   624 ?        Ss   Aug20   0:00 /usr/lib64/scim-1.0/scim-helper-manager
ems       6890  0.0  0.2 340932 21528 ?        Ss   Aug20   0:04 gnome-panel --sm-client-id default2
ems       6891  0.0  0.1 197116  8796 ?        Ssl  Aug20   0:02 /usr/lib64/scim-1.0/scim-panel-gtk --display :0.0 -c socket -d --no-stay
ems       6894  0.0  0.3 482032 24808 ?        Ss   Aug20   0:05 nautilus --no-default-window --sm-client-id default3
ems       6895  0.0  0.0  90084  1000 ?        Ss   Aug20   0:00 /usr/lib64/scim-1.0/scim-launcher -d -c socket -e socket -f x11
ems       6898  0.0  0.0 230456  4696 ?        Ss   Aug20   0:00 gnome-volume-manager --sm-client-id default5
ems       6900  0.0  0.1 294080 13528 ?        Ss   Aug20   0:00 eggcups --sm-client-id default4
ems       6904  0.0  0.0 149492  3440 ?        S    Aug20   0:00 /usr/libexec/gnome-vfs-daemon
ems       6909  0.0  0.0 154336  4812 ?        Ss   Aug20   0:00 bt-applet --sm-disable
ems       6916  0.0  0.4 361680 32772 ?        Ss   Aug20   0:00 /usr/bin/python -tt /usr/bin/puplet
ems       6918  0.0  0.1 281108 12172 ?        Ss   Aug20   0:00 nm-applet --sm-disable
ems       6928  0.0  0.0  72432  2680 ?        Sl   Aug20   0:00 ./escd --key_Inserted="/usr/bin/esc" --on_Signal="/usr/bin/esc"
ems       6931  0.0  0.0 155072  4540 ?        Ss   Aug20   0:00 pam-panel-icon --sm-client-id default0
root      6934  0.0  0.0  12212   712 ?        S    Aug20   0:00 /sbin/pam_timestamp_check -d root
ems       6936  0.0  0.0 267588  6548 ?        Ss   Aug20   0:43 gnome-power-manager
ems       6944  0.0  0.0  13048  1224 ?        S    Aug20   0:00 /usr/libexec/gam_server
ems       6946  0.0  0.1 453484  9424 ?        S    Aug20   0:00 /usr/libexec/trashapplet --oaf-activate-iid=OAFIID:GNOME_Panel_TrashApplet_Factory --oaf-ior-fd=23
ems       6955  0.0  0.1 329032 16176 ?        Sl   Aug20   0:00 /usr/libexec/mixer_applet2 --oaf-activate-iid=OAFIID:GNOME_MixerApplet_Factory --oaf-ior-fd=24
ems       6958  0.0  0.0 241352  7212 ?        S    Aug20   0:00 /usr/libexec/notification-area-applet --oaf-activate-iid=OAFIID:GNOME_NotificationAreaApplet_Factory --oaf-ior-fd=25
ems       6962  0.0  0.1 299044 13224 ?        S    Aug20   0:00 /usr/libexec/clock-applet --oaf-activate-iid=OAFIID:GNOME_ClockApplet_Factory --oaf-ior-fd=27
ems       6967  0.0  0.0  12852   892 ?        S    Aug20   0:00 /usr/libexec/mapping-daemon
ems       7117  0.0  0.0 183376  2312 ?        Ss   Aug20   1:03 gnome-screensaver
root     10549  0.0  0.0 102044  1576 ?        S    Sep04   0:00 crond
root     10550  0.0  0.0   8724   976 ?        Ss   Sep04   0:00 /bin/sh -c /home/nms/collection.sh >/dev/null
root     10551  0.0  0.0   8728  1020 ?        S    Sep04   0:00 /bin/sh /home/nms/collection.sh
root     10570  0.0  0.0  34904  1348 ?        S    Sep04   0:00 ftp -n
smmsp    10571  0.0  0.0  57724  3496 ?        S    Sep04   0:00 /usr/sbin/sendmail -FCronDaemon -i -odi -oem -oi -t
ems      11259  0.0  0.0  78580  1148 ?        S    Aug27   6:12 scim-bridge
root     15115  0.0  0.0 102044  1576 ?        S    Sep09   0:00 crond
root     15116  0.0  0.0   8724   972 ?        Ss   Sep09   0:00 /bin/sh -c /home/nms/collection.sh >/dev/null
root     15117  0.0  0.0   8728  1028 ?        S    Sep09   0:00 /bin/sh /home/nms/collection.sh
root     15137  0.0  0.0  34900  1336 ?        S    Sep09   0:00 ftp -n
smmsp    15138  0.0  0.0  57716  3480 ?        S    Sep09   0:00 /usr/sbin/sendmail -FCronDaemon -i -odi -oem -oi -t
root     20325  0.0  0.0 102044  1576 ?        S    08:00   0:00 crond
root     20326  0.0  0.0   8724   972 ?        Ss   08:00   0:00 /bin/sh -c /home/nms/collection.sh >/dev/null
root     20327  0.0  0.0   8728  1020 ?        S    08:00   0:00 /bin/sh /home/nms/collection.sh
root     20348  0.0  0.0  34904  1348 ?        S    08:00   0:00 ftp -n
smmsp    20349  0.0  0.0  58344  3480 ?        S    08:00   0:00 /usr/sbin/sendmail -FCronDaemon -i -odi -oem -oi -t
ems      22761  0.0  0.2 317004 19640 ?        Sl   08:47   0:01 gnome-terminal
ems      22764  0.0  0.0  14892   744 ?        S    08:47   0:00 gnome-pty-helper
ems      22765  0.0  0.0  68432  1720 pts/1    Ss+  08:47   0:00 bash
root     23150  0.2  0.0 135440  3640 ?        SN   08:48   1:16 /df8003/bin/applogd
root     23151  0.0  0.1 140148  8180 ?        SN   08:48   0:00 /df8003/bin/dbmd
root     23152  0.0  0.0 135304  3476 ?        S    08:48   0:17 /df8003/bin/netmd
root     23153  0.5  0.2 158568 21612 ?        S    08:48   2:36 /df8003/bin/sysmd
root     23235  0.0  0.1 208608  8224 ?        SN   08:49   0:00 /df8003/bin/procmd
root     23236  0.0  0.0 208112  8028 ?        SN   08:49   0:00 proc_watchd
ems      23237  0.0  0.1 286112 13940 ?        SN   08:49   0:10 almd_server_rep
ems      23238  0.0  0.4 628168 33184 ?        SN   08:49   0:15 alm_replica -mode r
ems      23239  3.8  1.0 608388 89760 ?        SN   08:49  18:51 SCADA_Rep -mode r
ems      23240  0.0  0.9 660324 77420 ?        SN   08:49   0:00 SCADA_Server -mode s1
ems      23241  0.0  0.5 592276 43108 ?        SN   08:49   0:00 CTRL_Server -mode s1
ems      23242  0.1  0.2 458540 20624 ?        SN   08:49   0:40 comServer
ems      23243  0.1  1.0 980760 88836 ?        SN   08:49   0:42 pasServer -mode r -rep
ems      23244  0.0  0.3 994244 24940 ?        SN   08:49   0:00 pasServer -mode s1 -ref
ems      23245  0.0  0.3 994244 24884 ?        SN   08:49   0:00 pasServer -mode s2 -ref
ems      23246  0.0  1.1 945600 92268 ?        SN   08:49   0:02 pasEngine -mode s1 -ref
ems      23247  0.0  1.1 942384 93112 ?        SN   08:49   0:02 pasEngine -mode s2 -ref
ems      23248  0.8  0.5 778368 45092 ?        SN   08:49   4:19 AVCServer -mode r -rep
root     23250  0.2  0.1 213160  8404 ?        SN   08:49   1:14 netmond -s 3600
root     23251  0.0  0.4 565280 36032 ?        SN   08:49   0:00 ssrd
ems      23252  0.0  1.7 774672 143776 ?       SN   08:49   0:02 optload -restart
ems      23285  0.0  0.0  68432  1712 pts/2    Ss+  08:51   0:00 bash
ems      23372  0.0  0.1 344700 14132 pts/2    S    08:51   0:00 mmi
ems      23373  2.0  2.1 1421456 171848 pts/2  SNl  08:51  10:06 mmi
ems      23374  1.8  2.0 1408924 168260 pts/2  SN   08:51   9:00 mmi
root     25306  0.0  0.0 102044  1576 ?        S    Sep04   0:00 crond
root     25307  0.0  0.0   8724   968 ?        Ss   Sep04   0:00 /bin/sh -c /home/nms/collection.sh >/dev/null
root     25308  0.0  0.0   8728  1024 ?        S    Sep04   0:00 /bin/sh /home/nms/collection.sh
root     25329  0.0  0.0  34900  1368 ?        S    Sep04   0:00 ftp -n
smmsp    25330  0.0  0.0  57724  3492 ?        S    Sep04   0:00 /usr/sbin/sendmail -FCronDaemon -i -odi -oem -oi -t
root     28155  0.0  0.0 102044  1576 ?        S    Sep12   0:00 crond
root     28156  0.0  0.0   8724   972 ?        Ss   Sep12   0:00 /bin/sh -c /home/nms/collection.sh >/dev/null
root     28157  0.0  0.0   8728  1024 ?        S    Sep12   0:00 /bin/sh /home/nms/collection.sh
root     28176  0.0  0.0  34904  1336 ?        S    Sep12   0:00 ftp -n
smmsp    28177  0.0  0.0  57716  3484 ?        S    Sep12   0:00 /usr/sbin/sendmail -FCronDaemon -i -odi -oem -oi -t
root     31158  0.0  0.0 102044  1576 ?        S    Sep12   0:00 crond
root     31159  0.0  0.0   8724   976 ?        Ss   Sep12   0:00 /bin/sh -c /home/nms/collection.sh >/dev/null
root     31160  0.0  0.0   8728  1024 ?        S    Sep12   0:00 /bin/sh /home/nms/collection.sh
root     31179  0.0  0.0  34900  1368 ?        S    Sep12   0:00 ftp -n
smmsp    31180  0.0  0.0  57720  3488 ?        S    Sep12   0:00 /usr/sbin/sendmail -FCronDaemon -i -odi -oem -oi -t
root     32299  0.0  0.0 102044  1576 ?        S    Sep09   0:00 crond
root     32300  0.0  0.0   8724   976 ?        Ss   Sep09   0:00 /bin/sh -c /home/nms/collection.sh >/dev/null
root     32301  0.0  0.0   8728  1028 ?        S    Sep09   0:00 /bin/sh /home/nms/collection.sh
root     32333  0.0  0.0  34904  1364 ?        S    Sep09   0:00 ftp -n
smmsp    32334  0.0  0.0  57720  3488 ?        S    Sep09   0:00 /usr/sbin/sendmail -FCronDaemon -i -odi -oem -oi -t
cmdbegin:mac
1: lo: <LOOPBACK,UP,LOWER_UP> mtu 16436 qdisc noqueue 
    link/loopback 00:00:00:00:00:00 brd 00:00:00:00:00:00
    inet 127.0.0.1/8 scope host lo
2: eth0: <BROADCAST,MULTICAST,SLAVE,UP,LOWER_UP> mtu 1500 qdisc pfifo_fast master bond0 qlen 1000
    link/ether 00:10:18:97:80:61 brd ff:ff:ff:ff:ff:ff
3: eth1: <BROADCAST,MULTICAST,SLAVE,UP,LOWER_UP> mtu 1500 qdisc pfifo_fast master bond0 qlen 1000
    link/ether 00:10:18:97:80:61 brd ff:ff:ff:ff:ff:ff
4: eth2: <BROADCAST,MULTICAST> mtu 1500 qdisc pfifo_fast qlen 1000
    link/ether 2c:27:d7:ee:d9:fc brd ff:ff:ff:ff:ff:ff
5: bond0: <BROADCAST,MULTICAST,MASTER,UP,LOWER_UP> mtu 1500 qdisc noqueue 
    link/ether 00:10:18:97:80:61 brd ff:ff:ff:ff:ff:ff
    inet 192.168.108.131/24 brd 192.168.108.255 scope global bond0
cmdbegin:interface
Linux 2.6.18-238.el5 (ewop1) 	09/13/13 	_x86_64_	(8 CPU)

16:55:08        IFACE   rxpck/s   txpck/s    rxkB/s    txkB/s   rxcmp/s   txcmp/s  rxmcst/s
16:55:09           lo     32.00     32.00      8.88      8.88      0.00      0.00      0.00
16:55:09         eth0    257.00      3.00    179.94      0.55      0.00      0.00     13.00
16:55:09         eth1    252.00      0.00    176.59      0.00      0.00      0.00      0.00
16:55:09         eth2      0.00      0.00      0.00      0.00      0.00      0.00      0.00
16:55:09        bond0    509.00      3.00    356.53      0.55      0.00      0.00     13.00

16:55:09        IFACE   rxpck/s   txpck/s    rxkB/s    txkB/s   rxcmp/s   txcmp/s  rxmcst/s
16:55:10           lo     60.00     60.00     14.48     14.48      0.00      0.00      0.00
16:55:10         eth0    191.00      4.00    114.92      0.47      0.00      0.00      6.00
16:55:10         eth1    196.00      0.00    114.24      0.00      0.00      0.00      0.00
16:55:10         eth2      0.00      0.00      0.00      0.00      0.00      0.00      0.00
16:55:10        bond0    387.00      4.00    229.16      0.47      0.00      0.00      6.00

16:55:10        IFACE   rxpck/s   txpck/s    rxkB/s    txkB/s   rxcmp/s   txcmp/s  rxmcst/s
16:55:11           lo     36.00     36.00      6.85      6.85      0.00      0.00      0.00
16:55:11         eth0    255.00      5.00    164.62      0.55      0.00      0.00     15.00
16:55:11         eth1    249.00      0.00    160.93      0.00      0.00      0.00      0.00
16:55:11         eth2      0.00      0.00      0.00      0.00      0.00      0.00      0.00
16:55:11        bond0    504.00      5.00    325.54      0.55      0.00      0.00     15.00

Average:        IFACE   rxpck/s   txpck/s    rxkB/s    txkB/s   rxcmp/s   txcmp/s  rxmcst/s
Average:           lo     42.67     42.67     10.07     10.07      0.00      0.00      0.00
Average:         eth0    234.33      4.00    153.16      0.52      0.00      0.00     11.33
Average:         eth1    232.33      0.00    150.58      0.00      0.00      0.00      0.00
Average:         eth2      0.00      0.00      0.00      0.00      0.00      0.00      0.00
Average:        bond0    466.67      4.00    303.74      0.52      0.00      0.00     11.33
cmdbegin:uname
Linux ewop1
cmdbegin:usergroup
root:x:0:root
bin:x:1:root,bin,daemon
daemon:x:2:root,bin,daemon
sys:x:3:root,bin,adm
adm:x:4:root,adm,daemon
tty:x:5:
disk:x:6:root
lp:x:7:daemon,lp
mem:x:8:
kmem:x:9:
wheel:x:10:root
mail:x:12:mail
news:x:13:news
uucp:x:14:uucp
man:x:15:
games:x:20:
gopher:x:30:
dip:x:40:
ftp:x:50:
lock:x:54:
nobody:x:99:
users:x:100:ems,oracle
utmp:x:22:
utempter:x:35:
nscd:x:28:
distcache:x:94:
floppy:x:19:
vcsa:x:69:
ntp:x:38:
pcap:x:77:
slocate:x:21:
dbus:x:81:
audio:x:63:gdm
apache:x:48:
avahi:x:70:
rpc:x:32:
mailnull:x:47:
smmsp:x:51:
sshd:x:74:
webalizer:x:67:
oprofile:x:16:
squid:x:23:
rpcuser:x:29:
nfsnobody:x:4294967294:
xfs:x:43:
stapdev:x:101:
stapusr:x:102:
stap-server:x:155:
haldaemon:x:68:
avahi-autoipd:x:156:
gdm:x:42:
sabayon:x:86:
dfdz:x:500:ems
dba:x:501:oracle
cmdbegin:user
root:x:0:0:root:/root:/bin/bash
bin:x:1:1:bin:/bin:/sbin/nologin
daemon:x:2:2:daemon:/sbin:/sbin/nologin
adm:x:3:4:adm:/var/adm:/sbin/nologin
lp:x:4:7:lp:/var/spool/lpd:/sbin/nologin
sync:x:5:0:sync:/sbin:/bin/sync
shutdown:x:6:0:shutdown:/sbin:/sbin/shutdown
halt:x:7:0:halt:/sbin:/sbin/halt
mail:x:8:12:mail:/var/spool/mail:/sbin/nologin
news:x:9:13:news:/etc/news:
uucp:x:10:14:uucp:/var/spool/uucp:/sbin/nologin
operator:x:11:0:operator:/root:/sbin/nologin
games:x:12:100:games:/usr/games:/sbin/nologin
gopher:x:13:30:gopher:/var/gopher:/sbin/nologin
ftp:x:14:50:FTP User:/var/ftp:/sbin/nologin
nobody:x:99:99:Nobody:/:/sbin/nologin
nscd:x:28:28:NSCD Daemon:/:/sbin/nologin
distcache:x:94:94:Distcache:/:/sbin/nologin
vcsa:x:69:69:virtual console memory owner:/dev:/sbin/nologin
ntp:x:38:38::/etc/ntp:/sbin/nologin
pcap:x:77:77::/var/arpwatch:/sbin/nologin
dbus:x:81:81:System message bus:/:/sbin/nologin
apache:x:48:48:Apache:/var/www:/sbin/nologin
avahi:x:70:70:Avahi daemon:/:/sbin/nologin
rpc:x:32:32:Portmapper RPC user:/:/sbin/nologin
mailnull:x:47:47::/var/spool/mqueue:/sbin/nologin
smmsp:x:51:51::/var/spool/mqueue:/sbin/nologin
sshd:x:74:74:Privilege-separated SSH:/var/empty/sshd:/sbin/nologin
webalizer:x:67:67:Webalizer:/var/www/usage:/sbin/nologin
oprofile:x:16:16:Special user account to be used by OProfile:/home/oprofile:/sbin/nologin
squid:x:23:23::/var/spool/squid:/sbin/nologin
rpcuser:x:29:29:RPC Service User:/var/lib/nfs:/sbin/nologin
nfsnobody:x:4294967294:4294967294:Anonymous NFS User:/var/lib/nfs:/sbin/nologin
xfs:x:43:43:X Font Server:/etc/X11/fs:/sbin/nologin
haldaemon:x:68:68:HAL daemon:/:/sbin/nologin
avahi-autoipd:x:100:156:avahi-autoipd:/var/lib/avahi-autoipd:/sbin/nologin
gdm:x:42:42::/var/gdm:/sbin/nologin
sabayon:x:86:86:Sabayon user:/home/sabayon:/sbin/nologin
ems:x:115:500:ems:/df8003/home:/bin/bash
oracle:x:502:501:oracle:/usr/local/oracle:/bin/bash
cmdbegin:date
Fri Sep 13 16:55:11 CST 2013
cmdbegin:uptime
 16:55:11 up 24 days, 58 min,  3 users,  load average: 0.17, 0.17, 0.23
cmdbegin:end
