cmdbegin:version
Linux version 2.6.18-194.el5 (mockbuild@x86-005.build.bos.redhat.com) (gcc version 4.1.2 20080704 (Red Hat 4.1.2-48)) #1 SMP Tue Mar 16 21:52:39 EDT 2010
cmdbegin:cpuconfig
processor	: 0
model name	:        Intel(R) Xeon(R) CPU E7- 4807  @ 1.87GHz
cpu MHz		: 1864.693
cache size	: 18432 KB
processor	: 1
model name	:        Intel(R) Xeon(R) CPU E7- 4807  @ 1.87GHz
cpu MHz		: 1864.693
cache size	: 18432 KB
processor	: 2
model name	:        Intel(R) Xeon(R) CPU E7- 4807  @ 1.87GHz
cpu MHz		: 1864.693
cache size	: 18432 KB
processor	: 3
model name	:        Intel(R) Xeon(R) CPU E7- 4807  @ 1.87GHz
cpu MHz		: 1864.693
cache size	: 18432 KB
processor	: 4
model name	:        Intel(R) Xeon(R) CPU E7- 4807  @ 1.87GHz
cpu MHz		: 1864.693
cache size	: 18432 KB
processor	: 5
model name	:        Intel(R) Xeon(R) CPU E7- 4807  @ 1.87GHz
cpu MHz		: 1864.693
cache size	: 18432 KB
processor	: 6
model name	:        Intel(R) Xeon(R) CPU E7- 4807  @ 1.87GHz
cpu MHz		: 1864.693
cache size	: 18432 KB
processor	: 7
model name	:        Intel(R) Xeon(R) CPU E7- 4807  @ 1.87GHz
cpu MHz		: 1864.693
cache size	: 18432 KB
processor	: 8
model name	:        Intel(R) Xeon(R) CPU E7- 4807  @ 1.87GHz
cpu MHz		: 1864.693
cache size	: 18432 KB
processor	: 9
model name	:        Intel(R) Xeon(R) CPU E7- 4807  @ 1.87GHz
cpu MHz		: 1864.693
cache size	: 18432 KB
processor	: 10
model name	:        Intel(R) Xeon(R) CPU E7- 4807  @ 1.87GHz
cpu MHz		: 1864.693
cache size	: 18432 KB
processor	: 11
model name	:        Intel(R) Xeon(R) CPU E7- 4807  @ 1.87GHz
cpu MHz		: 1864.693
cache size	: 18432 KB
processor	: 12
model name	:        Intel(R) Xeon(R) CPU E7- 4807  @ 1.87GHz
cpu MHz		: 1864.693
cache size	: 18432 KB
processor	: 13
model name	:        Intel(R) Xeon(R) CPU E7- 4807  @ 1.87GHz
cpu MHz		: 1864.693
cache size	: 18432 KB
processor	: 14
model name	:        Intel(R) Xeon(R) CPU E7- 4807  @ 1.87GHz
cpu MHz		: 1864.693
cache size	: 18432 KB
processor	: 15
model name	:        Intel(R) Xeon(R) CPU E7- 4807  @ 1.87GHz
cpu MHz		: 1864.693
cache size	: 18432 KB
processor	: 16
model name	:        Intel(R) Xeon(R) CPU E7- 4807  @ 1.87GHz
cpu MHz		: 1864.693
cache size	: 18432 KB
processor	: 17
model name	:        Intel(R) Xeon(R) CPU E7- 4807  @ 1.87GHz
cpu MHz		: 1864.693
cache size	: 18432 KB
processor	: 18
model name	:        Intel(R) Xeon(R) CPU E7- 4807  @ 1.87GHz
cpu MHz		: 1864.693
cache size	: 18432 KB
processor	: 19
model name	:        Intel(R) Xeon(R) CPU E7- 4807  @ 1.87GHz
cpu MHz		: 1864.693
cache size	: 18432 KB
processor	: 20
model name	:        Intel(R) Xeon(R) CPU E7- 4807  @ 1.87GHz
cpu MHz		: 1864.693
cache size	: 18432 KB
processor	: 21
model name	:        Intel(R) Xeon(R) CPU E7- 4807  @ 1.87GHz
cpu MHz		: 1864.693
cache size	: 18432 KB
processor	: 22
model name	:        Intel(R) Xeon(R) CPU E7- 4807  @ 1.87GHz
cpu MHz		: 1864.693
cache size	: 18432 KB
processor	: 23
model name	:        Intel(R) Xeon(R) CPU E7- 4807  @ 1.87GHz
cpu MHz		: 1864.693
cache size	: 18432 KB
processor	: 24
model name	:        Intel(R) Xeon(R) CPU E7- 4807  @ 1.87GHz
cpu MHz		: 1864.693
cache size	: 18432 KB
processor	: 25
model name	:        Intel(R) Xeon(R) CPU E7- 4807  @ 1.87GHz
cpu MHz		: 1864.693
cache size	: 18432 KB
processor	: 26
model name	:        Intel(R) Xeon(R) CPU E7- 4807  @ 1.87GHz
cpu MHz		: 1864.693
cache size	: 18432 KB
processor	: 27
model name	:        Intel(R) Xeon(R) CPU E7- 4807  @ 1.87GHz
cpu MHz		: 1864.693
cache size	: 18432 KB
processor	: 28
model name	:        Intel(R) Xeon(R) CPU E7- 4807  @ 1.87GHz
cpu MHz		: 1864.693
cache size	: 18432 KB
processor	: 29
model name	:        Intel(R) Xeon(R) CPU E7- 4807  @ 1.87GHz
cpu MHz		: 1864.693
cache size	: 18432 KB
processor	: 30
model name	:        Intel(R) Xeon(R) CPU E7- 4807  @ 1.87GHz
cpu MHz		: 1864.693
cache size	: 18432 KB
processor	: 31
model name	:        Intel(R) Xeon(R) CPU E7- 4807  @ 1.87GHz
cpu MHz		: 1864.693
cache size	: 18432 KB
processor	: 32
model name	:        Intel(R) Xeon(R) CPU E7- 4807  @ 1.87GHz
cpu MHz		: 1864.693
cache size	: 18432 KB
processor	: 33
model name	:        Intel(R) Xeon(R) CPU E7- 4807  @ 1.87GHz
cpu MHz		: 1864.693
cache size	: 18432 KB
processor	: 34
model name	:        Intel(R) Xeon(R) CPU E7- 4807  @ 1.87GHz
cpu MHz		: 1864.693
cache size	: 18432 KB
processor	: 35
model name	:        Intel(R) Xeon(R) CPU E7- 4807  @ 1.87GHz
cpu MHz		: 1864.693
cache size	: 18432 KB
processor	: 36
model name	:        Intel(R) Xeon(R) CPU E7- 4807  @ 1.87GHz
cpu MHz		: 1864.693
cache size	: 18432 KB
processor	: 37
model name	:        Intel(R) Xeon(R) CPU E7- 4807  @ 1.87GHz
cpu MHz		: 1864.693
cache size	: 18432 KB
processor	: 38
model name	:        Intel(R) Xeon(R) CPU E7- 4807  @ 1.87GHz
cpu MHz		: 1864.693
cache size	: 18432 KB
processor	: 39
model name	:        Intel(R) Xeon(R) CPU E7- 4807  @ 1.87GHz
cpu MHz		: 1864.693
cache size	: 18432 KB
processor	: 40
model name	:        Intel(R) Xeon(R) CPU E7- 4807  @ 1.87GHz
cpu MHz		: 1864.693
cache size	: 18432 KB
processor	: 41
model name	:        Intel(R) Xeon(R) CPU E7- 4807  @ 1.87GHz
cpu MHz		: 1864.693
cache size	: 18432 KB
processor	: 42
model name	:        Intel(R) Xeon(R) CPU E7- 4807  @ 1.87GHz
cpu MHz		: 1864.693
cache size	: 18432 KB
processor	: 43
model name	:        Intel(R) Xeon(R) CPU E7- 4807  @ 1.87GHz
cpu MHz		: 1864.693
cache size	: 18432 KB
processor	: 44
model name	:        Intel(R) Xeon(R) CPU E7- 4807  @ 1.87GHz
cpu MHz		: 1864.693
cache size	: 18432 KB
processor	: 45
model name	:        Intel(R) Xeon(R) CPU E7- 4807  @ 1.87GHz
cpu MHz		: 1864.693
cache size	: 18432 KB
processor	: 46
model name	:        Intel(R) Xeon(R) CPU E7- 4807  @ 1.87GHz
cpu MHz		: 1864.693
cache size	: 18432 KB
processor	: 47
model name	:        Intel(R) Xeon(R) CPU E7- 4807  @ 1.87GHz
cpu MHz		: 1864.693
cache size	: 18432 KB
cmdbegin:disk
Filesystem           1K-blocks      Used Available Use% Mounted on
/dev/cciss/c0d0p1     59515524   1097504  55345992   2% /
/dev/cciss/c0d0p5    144877748  15306032 122093464  12% /df8003
/dev/cciss/c0d0p2     59515556   5178956  51264572  10% /usr
tmpfs                 16473504         0  16473504   0% /dev/shm
cmdbegin:diskperf
Linux 2.6.18-194.el5 (byfert03) 	09/13/13 	_x86_64_	(48 CPU)

16:55:01          DEV       tps  rd_sec/s  wr_sec/s  avgrq-sz  avgqu-sz     await     svctm     %util
16:55:02     dev104-0    131.68      0.00   1663.37     12.63      1.04      7.92      7.51     98.91

16:55:02          DEV       tps  rd_sec/s  wr_sec/s  avgrq-sz  avgqu-sz     await     svctm     %util
16:55:03     dev104-0     42.00      0.00    568.00     13.52      1.16     15.67     10.62     44.60

16:55:03          DEV       tps  rd_sec/s  wr_sec/s  avgrq-sz  avgqu-sz     await     svctm     %util
16:55:04     dev104-0      5.00      0.00    264.00     52.80      0.10    120.20      9.00      4.50

Average:          DEV       tps  rd_sec/s  wr_sec/s  avgrq-sz  avgqu-sz     await     svctm     %util
Average:     dev104-0     59.80      0.00    834.55     13.96      0.77     12.85      8.28     49.50
cmdbegin:cpu
Linux 2.6.18-194.el5 (byfert03) 	09/13/13 	_x86_64_	(48 CPU)

16:55:04        CPU     %user     %nice   %system   %iowait    %steal     %idle
16:55:05        all      0.00      0.98      0.10      0.08      0.00     98.84
16:55:06        all      0.15      1.08      0.37      0.23      0.00     98.17
16:55:07        all      0.00      0.96      0.06      0.00      0.00     98.98
Average:        all      0.05      1.01      0.18      0.10      0.00     98.66
cmdbegin:memory
             total       used       free     shared    buffers     cached
Mem:      32947012   11478600   21468412          0     532880    8174384
-/+ buffers/cache:    2771336   30175676
Swap:     20482864          0   20482864
cmdbegin:process
USER       PID %CPU %MEM    VSZ   RSS TTY      STAT START   TIME COMMAND
root         1  0.0  0.0  10348   688 ?        Ss    2012   0:22 init [5]                             
root         2  0.0  0.0      0     0 ?        S<    2012   0:16 [migration/0]
root         3  0.0  0.0      0     0 ?        SN    2012   0:00 [ksoftirqd/0]
root         4  0.0  0.0      0     0 ?        S<    2012   0:00 [watchdog/0]
root         5  0.0  0.0      0     0 ?        S<    2012   0:00 [migration/1]
root         6  0.0  0.0      0     0 ?        SN    2012   0:00 [ksoftirqd/1]
root         7  0.0  0.0      0     0 ?        S<    2012   0:00 [watchdog/1]
root         8  0.0  0.0      0     0 ?        S<    2012   0:00 [migration/2]
root         9  0.0  0.0      0     0 ?        SN    2012   0:00 [ksoftirqd/2]
root        10  0.0  0.0      0     0 ?        S<    2012   0:00 [watchdog/2]
root        11  0.0  0.0      0     0 ?        S<    2012   0:00 [migration/3]
root        12  0.0  0.0      0     0 ?        SN    2012   0:00 [ksoftirqd/3]
root        13  0.0  0.0      0     0 ?        S<    2012   0:00 [watchdog/3]
root        14  0.0  0.0      0     0 ?        S<    2012   0:00 [migration/4]
root        15  0.0  0.0      0     0 ?        SN    2012   0:00 [ksoftirqd/4]
root        16  0.0  0.0      0     0 ?        S<    2012   0:00 [watchdog/4]
root        17  0.0  0.0      0     0 ?        S<    2012   0:00 [migration/5]
root        18  0.0  0.0      0     0 ?        SN    2012   0:00 [ksoftirqd/5]
root        19  0.0  0.0      0     0 ?        S<    2012   0:00 [watchdog/5]
root        20  0.0  0.0      0     0 ?        S<    2012   0:37 [migration/6]
root        21  0.0  0.0      0     0 ?        SN    2012   0:00 [ksoftirqd/6]
root        22  0.0  0.0      0     0 ?        S<    2012   0:00 [watchdog/6]
root        23  0.0  0.0      0     0 ?        S<    2012   0:00 [migration/7]
root        24  0.0  0.0      0     0 ?        SN    2012   0:00 [ksoftirqd/7]
root        25  0.0  0.0      0     0 ?        S<    2012   0:00 [watchdog/7]
root        26  0.0  0.0      0     0 ?        S<    2012   0:00 [migration/8]
root        27  0.0  0.0      0     0 ?        SN    2012   0:00 [ksoftirqd/8]
root        28  0.0  0.0      0     0 ?        S<    2012   0:00 [watchdog/8]
root        29  0.0  0.0      0     0 ?        S<    2012   0:00 [migration/9]
root        30  0.0  0.0      0     0 ?        SN    2012   0:00 [ksoftirqd/9]
root        31  0.0  0.0      0     0 ?        S<    2012   0:00 [watchdog/9]
root        32  0.0  0.0      0     0 ?        S<    2012   0:00 [migration/10]
root        33  0.0  0.0      0     0 ?        SN    2012   0:00 [ksoftirqd/10]
root        34  0.0  0.0      0     0 ?        S<    2012   0:00 [watchdog/10]
root        35  0.0  0.0      0     0 ?        S<    2012   0:00 [migration/11]
root        36  0.0  0.0      0     0 ?        SN    2012   0:00 [ksoftirqd/11]
root        37  0.0  0.0      0     0 ?        S<    2012   0:00 [watchdog/11]
root        38  0.0  0.0      0     0 ?        S<    2012   0:10 [migration/12]
root        39  0.0  0.0      0     0 ?        SN    2012   0:00 [ksoftirqd/12]
root        40  0.0  0.0      0     0 ?        S<    2012   0:00 [watchdog/12]
root        41  0.0  0.0      0     0 ?        S<    2012   0:00 [migration/13]
root        42  0.0  0.0      0     0 ?        SN    2012   0:00 [ksoftirqd/13]
root        43  0.0  0.0      0     0 ?        S<    2012   0:00 [watchdog/13]
root        44  0.0  0.0      0     0 ?        S<    2012   0:00 [migration/14]
root        45  0.0  0.0      0     0 ?        SN    2012   0:00 [ksoftirqd/14]
root        46  0.0  0.0      0     0 ?        S<    2012   0:00 [watchdog/14]
root        47  0.0  0.0      0     0 ?        S<    2012   0:00 [migration/15]
root        48  0.0  0.0      0     0 ?        SN    2012   0:00 [ksoftirqd/15]
root        49  0.0  0.0      0     0 ?        S<    2012   0:00 [watchdog/15]
root        50  0.0  0.0      0     0 ?        S<    2012   0:00 [migration/16]
root        51  0.0  0.0      0     0 ?        SN    2012   0:00 [ksoftirqd/16]
root        52  0.0  0.0      0     0 ?        S<    2012   0:00 [watchdog/16]
root        53  0.0  0.0      0     0 ?        S<    2012   0:00 [migration/17]
root        54  0.0  0.0      0     0 ?        SN    2012   0:00 [ksoftirqd/17]
root        55  0.0  0.0      0     0 ?        S<    2012   0:00 [watchdog/17]
root        56  0.0  0.0      0     0 ?        S<    2012   0:19 [migration/18]
root        57  0.0  0.0      0     0 ?        SN    2012   0:00 [ksoftirqd/18]
root        58  0.0  0.0      0     0 ?        S<    2012   0:00 [watchdog/18]
root        59  0.0  0.0      0     0 ?        S<    2012   0:00 [migration/19]
root        60  0.0  0.0      0     0 ?        SN    2012   0:00 [ksoftirqd/19]
root        61  0.0  0.0      0     0 ?        S<    2012   0:00 [watchdog/19]
root        62  0.0  0.0      0     0 ?        S<    2012   0:00 [migration/20]
root        63  0.0  0.0      0     0 ?        SN    2012   0:00 [ksoftirqd/20]
root        64  0.0  0.0      0     0 ?        S<    2012   0:00 [watchdog/20]
root        65  0.0  0.0      0     0 ?        S<    2012   0:00 [migration/21]
root        66  0.0  0.0      0     0 ?        SN    2012   0:00 [ksoftirqd/21]
root        67  0.0  0.0      0     0 ?        S<    2012   0:00 [watchdog/21]
root        68  0.0  0.0      0     0 ?        S<    2012   0:00 [migration/22]
root        69  0.0  0.0      0     0 ?        SN    2012   0:00 [ksoftirqd/22]
root        70  0.0  0.0      0     0 ?        S<    2012   0:00 [watchdog/22]
root        71  0.0  0.0      0     0 ?        S<    2012   0:00 [migration/23]
root        72  0.0  0.0      0     0 ?        SN    2012   0:00 [ksoftirqd/23]
root        73  0.0  0.0      0     0 ?        S<    2012   0:00 [watchdog/23]
root        74  0.0  0.0      0     0 ?        S<    2012   0:01 [migration/24]
root        75  0.0  0.0      0     0 ?        SN    2012   0:44 [ksoftirqd/24]
root        76  0.0  0.0      0     0 ?        S<    2012   0:00 [watchdog/24]
root        77  0.0  0.0      0     0 ?        S<    2012   0:01 [migration/25]
root        78  0.0  0.0      0     0 ?        SN    2012   0:25 [ksoftirqd/25]
root        79  0.0  0.0      0     0 ?        S<    2012   0:00 [watchdog/25]
root        80  0.0  0.0      0     0 ?        S<    2012   0:01 [migration/26]
root        81  0.0  0.0      0     0 ?        SN    2012   0:18 [ksoftirqd/26]
root        82  0.0  0.0      0     0 ?        S<    2012   0:00 [watchdog/26]
root        83  0.0  0.0      0     0 ?        S<    2012   0:01 [migration/27]
root        84  0.0  0.0      0     0 ?        SN    2012   0:22 [ksoftirqd/27]
root        85  0.0  0.0      0     0 ?        S<    2012   0:00 [watchdog/27]
root        86  0.0  0.0      0     0 ?        S<    2012   0:01 [migration/28]
root        87  0.0  0.0      0     0 ?        SN    2012   0:19 [ksoftirqd/28]
root        88  0.0  0.0      0     0 ?        S<    2012   0:00 [watchdog/28]
root        89  0.0  0.0      0     0 ?        S<    2012   0:00 [migration/29]
root        90  0.0  0.0      0     0 ?        SN    2012   0:08 [ksoftirqd/29]
root        91  0.0  0.0      0     0 ?        S<    2012   0:00 [watchdog/29]
root        92  0.0  0.0      0     0 ?        S<    2012   0:07 [migration/30]
root        93  0.0  0.0      0     0 ?        SN    2012   2:03 [ksoftirqd/30]
root        94  0.0  0.0      0     0 ?        S<    2012   0:00 [watchdog/30]
root        95  0.0  0.0      0     0 ?        S<    2012   0:08 [migration/31]
root        96  0.0  0.0      0     0 ?        SN    2012   1:52 [ksoftirqd/31]
root        97  0.0  0.0      0     0 ?        S<    2012   0:00 [watchdog/31]
root        98  0.0  0.0      0     0 ?        S<    2012   0:07 [migration/32]
root        99  0.0  0.0      0     0 ?        SN    2012   1:48 [ksoftirqd/32]
root       100  0.0  0.0      0     0 ?        S<    2012   0:00 [watchdog/32]
root       101  0.0  0.0      0     0 ?        S<    2012   0:10 [migration/33]
root       102  0.0  0.0      0     0 ?        SN    2012   2:38 [ksoftirqd/33]
root       103  0.0  0.0      0     0 ?        S<    2012   0:00 [watchdog/33]
root       104  0.0  0.0      0     0 ?        S<    2012   0:08 [migration/34]
root       105  0.0  0.0      0     0 ?        SN    2012   2:07 [ksoftirqd/34]
root       106  0.0  0.0      0     0 ?        S<    2012   0:00 [watchdog/34]
root       107  0.0  0.0      0     0 ?        S<    2012   0:09 [migration/35]
root       108  0.0  0.0      0     0 ?        SN    2012   2:23 [ksoftirqd/35]
root       109  0.0  0.0      0     0 ?        S<    2012   0:00 [watchdog/35]
root       110  0.0  0.0      0     0 ?        S<    2012   0:11 [migration/36]
root       111  0.0  0.0      0     0 ?        SN    2012   3:06 [ksoftirqd/36]
root       112  0.0  0.0      0     0 ?        S<    2012   0:00 [watchdog/36]
root       113  0.0  0.0      0     0 ?        S<    2012   0:19 [migration/37]
root       114  0.0  0.0      0     0 ?        SN    2012   2:10 [ksoftirqd/37]
root       115  0.0  0.0      0     0 ?        S<    2012   0:00 [watchdog/37]
root       116  0.0  0.0      0     0 ?        S<    2012   0:08 [migration/38]
root       117  0.0  0.0      0     0 ?        SN    2012   2:06 [ksoftirqd/38]
root       118  0.0  0.0      0     0 ?        S<    2012   0:00 [watchdog/38]
root       119  0.0  0.0      0     0 ?        S<    2012   0:10 [migration/39]
root       120  0.0  0.0      0     0 ?        SN    2012   2:53 [ksoftirqd/39]
root       121  0.0  0.0      0     0 ?        S<    2012   0:00 [watchdog/39]
root       122  0.0  0.0      0     0 ?        S<    2012   0:07 [migration/40]
root       123  0.0  0.0      0     0 ?        SN    2012   2:12 [ksoftirqd/40]
root       124  0.0  0.0      0     0 ?        S<    2012   0:00 [watchdog/40]
root       125  0.0  0.0      0     0 ?        S<    2012   0:08 [migration/41]
root       126  0.0  0.0      0     0 ?        SN    2012   2:27 [ksoftirqd/41]
root       127  0.0  0.0      0     0 ?        S<    2012   0:00 [watchdog/41]
root       128  0.0  0.0      0     0 ?        S<    2012   0:13 [migration/42]
root       129  0.0  0.0      0     0 ?        SN    2012   3:48 [ksoftirqd/42]
root       130  0.0  0.0      0     0 ?        S<    2012   0:00 [watchdog/42]
root       131  0.0  0.0      0     0 ?        S<    2012   0:17 [migration/43]
root       132  0.0  0.0      0     0 ?        SN    2012   2:52 [ksoftirqd/43]
root       133  0.0  0.0      0     0 ?        S<    2012   0:00 [watchdog/43]
root       134  0.0  0.0      0     0 ?        S<    2012   0:10 [migration/44]
root       135  0.0  0.0      0     0 ?        SN    2012   2:50 [ksoftirqd/44]
root       136  0.0  0.0      0     0 ?        S<    2012   0:00 [watchdog/44]
root       137  0.0  0.0      0     0 ?        S<    2012   0:14 [migration/45]
root       138  0.0  0.0      0     0 ?        SN    2012   4:04 [ksoftirqd/45]
root       139  0.0  0.0      0     0 ?        S<    2012   0:00 [watchdog/45]
root       140  0.0  0.0      0     0 ?        S<    2012   0:11 [migration/46]
root       141  0.0  0.0      0     0 ?        SN    2012   3:03 [ksoftirqd/46]
root       142  0.0  0.0      0     0 ?        S<    2012   0:00 [watchdog/46]
root       143  0.0  0.0      0     0 ?        S<    2012   0:13 [migration/47]
root       144  0.0  0.0      0     0 ?        SN    2012   3:28 [ksoftirqd/47]
root       145  0.0  0.0      0     0 ?        S<    2012   0:00 [watchdog/47]
root       146  0.0  0.0      0     0 ?        S<    2012   0:35 [events/0]
root       147  0.0  0.0      0     0 ?        S<    2012   0:00 [events/1]
root       148  0.0  0.0      0     0 ?        S<    2012   0:00 [events/2]
root       149  0.0  0.0      0     0 ?        S<    2012   0:00 [events/3]
root       150  0.0  0.0      0     0 ?        S<    2012   0:00 [events/4]
root       151  0.0  0.0      0     0 ?        S<    2012   0:00 [events/5]
root       152  0.0  0.0      0     0 ?        S<    2012   0:00 [events/6]
root       153  0.0  0.0      0     0 ?        S<    2012   0:00 [events/7]
root       154  0.0  0.0      0     0 ?        S<    2012   0:00 [events/8]
root       155  0.0  0.0      0     0 ?        S<    2012   0:00 [events/9]
root       156  0.0  0.0      0     0 ?        S<    2012   0:00 [events/10]
root       157  0.0  0.0      0     0 ?        S<    2012   0:00 [events/11]
root       158  0.0  0.0      0     0 ?        S<    2012   0:00 [events/12]
root       159  0.0  0.0      0     0 ?        S<    2012   0:00 [events/13]
root       160  0.0  0.0      0     0 ?        S<    2012   0:00 [events/14]
root       161  0.0  0.0      0     0 ?        S<    2012   0:00 [events/15]
root       162  0.0  0.0      0     0 ?        S<    2012   0:00 [events/16]
root       163  0.0  0.0      0     0 ?        S<    2012   0:00 [events/17]
root       164  0.0  0.0      0     0 ?        S<    2012   0:00 [events/18]
root       165  0.0  0.0      0     0 ?        S<    2012   0:00 [events/19]
root       166  0.0  0.0      0     0 ?        S<    2012   0:00 [events/20]
root       167  0.0  0.0      0     0 ?        S<    2012   0:00 [events/21]
root       168  0.0  0.0      0     0 ?        S<    2012   0:00 [events/22]
root       169  0.0  0.0      0     0 ?        S<    2012   0:00 [events/23]
root       170  0.0  0.0      0     0 ?        S<    2012   0:02 [events/24]
root       171  0.0  0.0      0     0 ?        S<    2012   0:01 [events/25]
root       172  0.0  0.0      0     0 ?        S<    2012   0:01 [events/26]
root       173  0.0  0.0      0     0 ?        S<    2012   0:02 [events/27]
root       174  0.0  0.0      0     0 ?        S<    2012   0:01 [events/28]
root       175  0.0  0.0      0     0 ?        S<    2012   0:00 [events/29]
root       176  0.0  0.0      0     0 ?        S<    2012   0:02 [events/30]
root       177  0.0  0.0      0     0 ?        S<    2012   0:05 [events/31]
root       178  0.0  0.0      0     0 ?        S<    2012   0:03 [events/32]
root       179  0.0  0.0      0     0 ?        S<    2012   0:03 [events/33]
root       180  0.0  0.0      0     0 ?        S<    2012   0:03 [events/34]
root       181  0.0  0.0      0     0 ?        S<    2012   0:03 [events/35]
root       182  0.0  0.0      0     0 ?        S<    2012   0:06 [events/36]
root       183  0.0  0.0      0     0 ?        S<    2012   0:06 [events/37]
root       184  0.0  0.0      0     0 ?        S<    2012   0:05 [events/38]
root       185  0.0  0.0      0     0 ?        S<    2012   0:06 [events/39]
root       186  0.0  0.0      0     0 ?        S<    2012   0:04 [events/40]
root       187  0.0  0.0      0     0 ?        S<    2012   0:04 [events/41]
root       188  0.0  0.0      0     0 ?        S<    2012   0:05 [events/42]
root       189  0.0  0.0      0     0 ?        S<    2012   0:08 [events/43]
root       190  0.0  0.0      0     0 ?        S<    2012   0:07 [events/44]
root       191  0.0  0.0      0     0 ?        S<    2012   0:07 [events/45]
root       192  0.0  0.0      0     0 ?        S<    2012   0:05 [events/46]
root       193  0.0  0.0      0     0 ?        S<    2012   0:05 [events/47]
root       194  0.0  0.0      0     0 ?        S<    2012   0:00 [khelper]
root       459  0.0  0.0      0     0 ?        S<    2012   0:00 [kthread]
root       513  0.0  0.0      0     0 ?        S<    2012   0:00 [kblockd/0]
root       514  0.0  0.0      0     0 ?        S<    2012   0:09 [kblockd/1]
root       515  0.0  0.0      0     0 ?        S<    2012   1:25 [kblockd/2]
root       516  0.0  0.0      0     0 ?        S<    2012   0:00 [kblockd/3]
root       517  0.0  0.0      0     0 ?        S<    2012   0:00 [kblockd/4]
root       518  0.0  0.0      0     0 ?        S<    2012   0:01 [kblockd/5]
root       519  0.0  0.0      0     0 ?        S<    2012   0:00 [kblockd/6]
root       520  0.0  0.0      0     0 ?        S<    2012   0:00 [kblockd/7]
root       521  0.0  0.0      0     0 ?        S<    2012   0:00 [kblockd/8]
root       522  0.0  0.0      0     0 ?        S<    2012   0:00 [kblockd/9]
root       523  0.0  0.0      0     0 ?        S<    2012   0:00 [kblockd/10]
root       524  0.0  0.0      0     0 ?        S<    2012   0:00 [kblockd/11]
root       525  0.0  0.0      0     0 ?        S<    2012   0:00 [kblockd/12]
root       526  0.0  0.0      0     0 ?        S<    2012   0:00 [kblockd/13]
root       527  0.0  0.0      0     0 ?        S<    2012   0:00 [kblockd/14]
root       528  0.0  0.0      0     0 ?        S<    2012   0:00 [kblockd/15]
root       529  0.0  0.0      0     0 ?        S<    2012   0:00 [kblockd/16]
root       530  0.0  0.0      0     0 ?        S<    2012   0:00 [kblockd/17]
root       531  0.0  0.0      0     0 ?        S<    2012   0:00 [kblockd/18]
root       532  0.0  0.0      0     0 ?        S<    2012   0:00 [kblockd/19]
root       533  0.0  0.0      0     0 ?        S<    2012   0:00 [kblockd/20]
root       534  0.0  0.0      0     0 ?        S<    2012   0:00 [kblockd/21]
root       535  0.0  0.0      0     0 ?        S<    2012   0:00 [kblockd/22]
root       536  0.0  0.0      0     0 ?        S<    2012   0:00 [kblockd/23]
root       537  0.0  0.0      0     0 ?        S<    2012   0:00 [kblockd/24]
root       538  0.0  0.0      0     0 ?        S<    2012   0:00 [kblockd/25]
root       539  0.0  0.0      0     0 ?        S<    2012   0:00 [kblockd/26]
root       540  0.0  0.0      0     0 ?        S<    2012   0:00 [kblockd/27]
root       541  0.0  0.0      0     0 ?        S<    2012   0:00 [kblockd/28]
root       542  0.0  0.0      0     0 ?        S<    2012   0:00 [kblockd/29]
root       543  0.0  0.0      0     0 ?        S<    2012   0:00 [kblockd/30]
root       544  0.0  0.0      0     0 ?        S<    2012   0:00 [kblockd/31]
root       545  0.0  0.0      0     0 ?        S<    2012   0:00 [kblockd/32]
root       546  0.0  0.0      0     0 ?        S<    2012   0:00 [kblockd/33]
root       547  0.0  0.0      0     0 ?        S<    2012   0:00 [kblockd/34]
root       548  0.0  0.0      0     0 ?        S<    2012   0:00 [kblockd/35]
root       549  0.0  0.0      0     0 ?        S<    2012   0:00 [kblockd/36]
root       550  0.0  0.0      0     0 ?        S<    2012   0:00 [kblockd/37]
root       551  0.0  0.0      0     0 ?        S<    2012   0:00 [kblockd/38]
root       552  0.0  0.0      0     0 ?        S<    2012   0:00 [kblockd/39]
root       553  0.0  0.0      0     0 ?        S<    2012   0:00 [kblockd/40]
root       554  0.0  0.0      0     0 ?        S<    2012   0:00 [kblockd/41]
root       555  0.0  0.0      0     0 ?        S<    2012   0:00 [kblockd/42]
root       556  0.0  0.0      0     0 ?        S<    2012   0:00 [kblockd/43]
root       557  0.0  0.0      0     0 ?        S<    2012   0:00 [kblockd/44]
root       558  0.0  0.0      0     0 ?        S<    2012   0:00 [kblockd/45]
root       559  0.0  0.0      0     0 ?        S<    2012   0:00 [kblockd/46]
root       560  0.0  0.0      0     0 ?        S<    2012   0:00 [kblockd/47]
root       561  0.0  0.0      0     0 ?        S<    2012   0:00 [kacpid]
root       791  0.0  0.0      0     0 ?        S<    2012   0:00 [cqueue/0]
root       792  0.0  0.0      0     0 ?        S<    2012   0:00 [cqueue/1]
root       793  0.0  0.0      0     0 ?        S<    2012   0:00 [cqueue/2]
root       794  0.0  0.0      0     0 ?        S<    2012   0:00 [cqueue/3]
root       795  0.0  0.0      0     0 ?        S<    2012   0:00 [cqueue/4]
root       796  0.0  0.0      0     0 ?        S<    2012   0:00 [cqueue/5]
root       797  0.0  0.0      0     0 ?        S<    2012   0:00 [cqueue/6]
root       798  0.0  0.0      0     0 ?        S<    2012   0:00 [cqueue/7]
root       799  0.0  0.0      0     0 ?        S<    2012   0:00 [cqueue/8]
root       800  0.0  0.0      0     0 ?        S<    2012   0:00 [cqueue/9]
root       801  0.0  0.0      0     0 ?        S<    2012   0:00 [cqueue/10]
root       802  0.0  0.0      0     0 ?        S<    2012   0:00 [cqueue/11]
root       803  0.0  0.0      0     0 ?        S<    2012   0:00 [cqueue/12]
root       804  0.0  0.0      0     0 ?        S<    2012   0:00 [cqueue/13]
root       805  0.0  0.0      0     0 ?        S<    2012   0:00 [cqueue/14]
root       806  0.0  0.0      0     0 ?        S<    2012   0:00 [cqueue/15]
root       807  0.0  0.0      0     0 ?        S<    2012   0:00 [cqueue/16]
root       808  0.0  0.0      0     0 ?        S<    2012   0:00 [cqueue/17]
root       809  0.0  0.0      0     0 ?        S<    2012   0:00 [cqueue/18]
root       810  0.0  0.0      0     0 ?        S<    2012   0:00 [cqueue/19]
root       811  0.0  0.0      0     0 ?        S<    2012   0:00 [cqueue/20]
root       812  0.0  0.0      0     0 ?        S<    2012   0:00 [cqueue/21]
root       813  0.0  0.0      0     0 ?        S<    2012   0:00 [cqueue/22]
root       814  0.0  0.0      0     0 ?        S<    2012   0:00 [cqueue/23]
root       815  0.0  0.0      0     0 ?        S<    2012   0:00 [cqueue/24]
root       816  0.0  0.0      0     0 ?        S<    2012   0:00 [cqueue/25]
root       817  0.0  0.0      0     0 ?        S<    2012   0:00 [cqueue/26]
root       818  0.0  0.0      0     0 ?        S<    2012   0:00 [cqueue/27]
root       819  0.0  0.0      0     0 ?        S<    2012   0:00 [cqueue/28]
root       820  0.0  0.0      0     0 ?        S<    2012   0:00 [cqueue/29]
root       821  0.0  0.0      0     0 ?        S<    2012   0:00 [cqueue/30]
root       822  0.0  0.0      0     0 ?        S<    2012   0:00 [cqueue/31]
root       823  0.0  0.0      0     0 ?        S<    2012   0:00 [cqueue/32]
root       824  0.0  0.0      0     0 ?        S<    2012   0:00 [cqueue/33]
root       825  0.0  0.0      0     0 ?        S<    2012   0:00 [cqueue/34]
root       826  0.0  0.0      0     0 ?        S<    2012   0:00 [cqueue/35]
root       827  0.0  0.0      0     0 ?        S<    2012   0:00 [cqueue/36]
root       828  0.0  0.0      0     0 ?        S<    2012   0:00 [cqueue/37]
root       829  0.0  0.0      0     0 ?        S<    2012   0:00 [cqueue/38]
root       830  0.0  0.0      0     0 ?        S<    2012   0:00 [cqueue/39]
root       831  0.0  0.0      0     0 ?        S<    2012   0:00 [cqueue/40]
root       832  0.0  0.0      0     0 ?        S<    2012   0:00 [cqueue/41]
root       833  0.0  0.0      0     0 ?        S<    2012   0:00 [cqueue/42]
root       834  0.0  0.0      0     0 ?        S<    2012   0:00 [cqueue/43]
root       835  0.0  0.0      0     0 ?        S<    2012   0:00 [cqueue/44]
root       836  0.0  0.0      0     0 ?        S<    2012   0:00 [cqueue/45]
root       837  0.0  0.0      0     0 ?        S<    2012   0:00 [cqueue/46]
root       838  0.0  0.0      0     0 ?        S<    2012   0:00 [cqueue/47]
root       841  0.0  0.0      0     0 ?        S<    2012   0:00 [khubd]
root       843  0.0  0.0      0     0 ?        S<    2012   0:00 [kseriod]
root      1288  0.0  0.0      0     0 ?        S     2012   0:00 [khungtaskd]
root      1289  0.0  0.0      0     0 ?        S     2012   0:00 [pdflush]
root      1290  0.0  0.0      0     0 ?        S     2012  34:31 [pdflush]
root      1291  0.0  0.0      0     0 ?        S<    2012   0:00 [kswapd0]
root      1292  0.0  0.0      0     0 ?        S<    2012   0:00 [kswapd1]
root      1293  0.0  0.0      0     0 ?        S<    2012   0:00 [kswapd2]
root      1294  0.0  0.0      0     0 ?        S<    2012   0:00 [kswapd3]
root      1295  0.0  0.0      0     0 ?        S<    2012   0:00 [aio/0]
root      1296  0.0  0.0      0     0 ?        S<    2012   0:00 [aio/1]
root      1297  0.0  0.0      0     0 ?        S<    2012   0:00 [aio/2]
root      1298  0.0  0.0      0     0 ?        S<    2012   0:00 [aio/3]
root      1299  0.0  0.0      0     0 ?        S<    2012   0:00 [aio/4]
root      1300  0.0  0.0      0     0 ?        S<    2012   0:00 [aio/5]
root      1301  0.0  0.0      0     0 ?        S<    2012   0:00 [aio/6]
root      1302  0.0  0.0      0     0 ?        S<    2012   0:00 [aio/7]
root      1303  0.0  0.0      0     0 ?        S<    2012   0:00 [aio/8]
root      1304  0.0  0.0      0     0 ?        S<    2012   0:00 [aio/9]
root      1305  0.0  0.0      0     0 ?        S<    2012   0:00 [aio/10]
root      1306  0.0  0.0      0     0 ?        S<    2012   0:00 [aio/11]
root      1307  0.0  0.0      0     0 ?        S<    2012   0:00 [aio/12]
root      1308  0.0  0.0      0     0 ?        S<    2012   0:00 [aio/13]
root      1309  0.0  0.0      0     0 ?        S<    2012   0:00 [aio/14]
root      1310  0.0  0.0      0     0 ?        S<    2012   0:00 [aio/15]
root      1311  0.0  0.0      0     0 ?        S<    2012   0:00 [aio/16]
root      1312  0.0  0.0      0     0 ?        S<    2012   0:00 [aio/17]
root      1313  0.0  0.0      0     0 ?        S<    2012   0:00 [aio/18]
root      1314  0.0  0.0      0     0 ?        S<    2012   0:00 [aio/19]
root      1315  0.0  0.0      0     0 ?        S<    2012   0:00 [aio/20]
root      1316  0.0  0.0      0     0 ?        S<    2012   0:00 [aio/21]
root      1317  0.0  0.0      0     0 ?        S<    2012   0:00 [aio/22]
root      1318  0.0  0.0      0     0 ?        S<    2012   0:00 [aio/23]
root      1319  0.0  0.0      0     0 ?        S<    2012   0:00 [aio/24]
root      1320  0.0  0.0      0     0 ?        S<    2012   0:00 [aio/25]
root      1321  0.0  0.0      0     0 ?        S<    2012   0:00 [aio/26]
root      1322  0.0  0.0      0     0 ?        S<    2012   0:00 [aio/27]
root      1323  0.0  0.0      0     0 ?        S<    2012   0:00 [aio/28]
root      1324  0.0  0.0      0     0 ?        S<    2012   0:00 [aio/29]
root      1325  0.0  0.0      0     0 ?        S<    2012   0:00 [aio/30]
root      1326  0.0  0.0      0     0 ?        S<    2012   0:00 [aio/31]
root      1327  0.0  0.0      0     0 ?        S<    2012   0:00 [aio/32]
root      1328  0.0  0.0      0     0 ?        S<    2012   0:00 [aio/33]
root      1329  0.0  0.0      0     0 ?        S<    2012   0:00 [aio/34]
root      1330  0.0  0.0      0     0 ?        S<    2012   0:00 [aio/35]
root      1331  0.0  0.0      0     0 ?        S<    2012   0:00 [aio/36]
root      1332  0.0  0.0      0     0 ?        S<    2012   0:00 [aio/37]
root      1333  0.0  0.0      0     0 ?        S<    2012   0:00 [aio/38]
root      1334  0.0  0.0      0     0 ?        S<    2012   0:00 [aio/39]
root      1335  0.0  0.0      0     0 ?        S<    2012   0:00 [aio/40]
root      1336  0.0  0.0      0     0 ?        S<    2012   0:00 [aio/41]
root      1337  0.0  0.0      0     0 ?        S<    2012   0:00 [aio/42]
root      1338  0.0  0.0      0     0 ?        S<    2012   0:00 [aio/43]
root      1339  0.0  0.0      0     0 ?        S<    2012   0:00 [aio/44]
root      1340  0.0  0.0      0     0 ?        S<    2012   0:00 [aio/45]
root      1341  0.0  0.0      0     0 ?        S<    2012   0:00 [aio/46]
root      1342  0.0  0.0      0     0 ?        S<    2012   0:00 [aio/47]
root      1504  0.0  0.0      0     0 ?        S<    2012   0:00 [kpsmoused]
ems       2055  0.0  0.0 245372  6420 ?        Ss   Jun08   0:00 /usr/bin/gnome-session
ems       2087  0.0  0.0      0     0 ?        Z    Jun08   0:00 [Xsession] <defunct>
ems       2090  0.0  0.0  53852   768 ?        Ss   Jun08   0:02 /usr/bin/ssh-agent /bin/sh -c exec -l /bin/bash -c "/usr/bin/dbus-launch --exit-with-session /etc/X11/xinit/Xclients"
root      2100  0.0  0.0      0     0 ?        S<    2012   0:00 [ata/0]
root      2101  0.0  0.0      0     0 ?        S<    2012  18:25 [ata/1]
root      2102  0.0  0.0      0     0 ?        S<    2012   2:17 [ata/2]
root      2103  0.0  0.0      0     0 ?        S<    2012   0:11 [ata/3]
root      2104  0.0  0.0      0     0 ?        S<    2012   0:00 [ata/4]
root      2105  0.0  0.0      0     0 ?        S<    2012   0:00 [ata/5]
root      2106  0.0  0.0      0     0 ?        S<    2012   0:00 [ata/6]
root      2107  0.0  0.0      0     0 ?        S<    2012   0:00 [ata/7]
root      2108  0.0  0.0      0     0 ?        S<    2012   0:00 [ata/8]
root      2109  0.0  0.0      0     0 ?        S<    2012   0:01 [ata/9]
root      2110  0.0  0.0      0     0 ?        S<    2012   0:00 [ata/10]
root      2111  0.0  0.0      0     0 ?        S<    2012   0:00 [ata/11]
root      2112  0.0  0.0      0     0 ?        S<    2012   0:00 [ata/12]
root      2113  0.0  0.0      0     0 ?        S<    2012   0:00 [ata/13]
root      2114  0.0  0.0      0     0 ?        S<    2012   0:00 [ata/14]
root      2115  0.0  0.0      0     0 ?        S<    2012   0:00 [ata/15]
root      2116  0.0  0.0      0     0 ?        S<    2012   0:00 [ata/16]
root      2117  0.0  0.0      0     0 ?        S<    2012   0:00 [ata/17]
root      2118  0.0  0.0      0     0 ?        S<    2012   0:00 [ata/18]
root      2119  0.0  0.0      0     0 ?        S<    2012   0:00 [ata/19]
root      2120  0.0  0.0      0     0 ?        S<    2012   0:00 [ata/20]
root      2121  0.0  0.0      0     0 ?        S<    2012   0:00 [ata/21]
root      2122  0.0  0.0      0     0 ?        S<    2012   0:00 [ata/22]
root      2123  0.0  0.0      0     0 ?        S<    2012   0:00 [ata/23]
root      2124  0.0  0.0      0     0 ?        S<    2012   0:00 [ata/24]
root      2125  0.0  0.0      0     0 ?        S<    2012  24:40 [ata/25]
root      2126  0.0  0.0      0     0 ?        S<    2012   3:00 [ata/26]
root      2127  0.0  0.0      0     0 ?        S<    2012   0:13 [ata/27]
root      2128  0.0  0.0      0     0 ?        S<    2012   0:00 [ata/28]
root      2129  0.0  0.0      0     0 ?        S<    2012   0:00 [ata/29]
root      2130  0.0  0.0      0     0 ?        S<    2012   0:00 [ata/30]
root      2131  0.0  0.0      0     0 ?        S<    2012   0:00 [ata/31]
root      2132  0.0  0.0      0     0 ?        S<    2012   0:00 [ata/32]
root      2133  0.0  0.0      0     0 ?        S<    2012   0:01 [ata/33]
root      2134  0.0  0.0      0     0 ?        S<    2012   0:00 [ata/34]
root      2135  0.0  0.0      0     0 ?        S<    2012   0:00 [ata/35]
root      2136  0.0  0.0      0     0 ?        S<    2012   0:00 [ata/36]
root      2137  0.0  0.0      0     0 ?        S<    2012   0:00 [ata/37]
root      2138  0.0  0.0      0     0 ?        S<    2012   0:00 [ata/38]
root      2139  0.0  0.0      0     0 ?        S<    2012   0:00 [ata/39]
root      2140  0.0  0.0      0     0 ?        S<    2012   0:00 [ata/40]
root      2141  0.0  0.0      0     0 ?        S<    2012   0:00 [ata/41]
root      2142  0.0  0.0      0     0 ?        S<    2012   0:00 [ata/42]
root      2143  0.0  0.0      0     0 ?        S<    2012   0:00 [ata/43]
root      2144  0.0  0.0      0     0 ?        S<    2012   0:00 [ata/44]
root      2145  0.0  0.0      0     0 ?        S<    2012   0:00 [ata/45]
root      2146  0.0  0.0      0     0 ?        S<    2012   0:00 [ata/46]
root      2147  0.0  0.0      0     0 ?        S<    2012   0:00 [ata/47]
root      2148  0.0  0.0      0     0 ?        S<    2012   0:00 [ata_aux]
ems       2165  0.0  0.0  15176   520 ?        S    Jun08   0:00 /usr/bin/dbus-launch --exit-with-session /etc/X11/xinit/Xclients
ems       2166  0.0  0.0  21384  1008 ?        Ss   Jun08   0:00 /bin/dbus-daemon --fork --print-pid 4 --print-address 6 --session
ems       2172  0.0  0.0  90488  4420 ?        S    Jun08   0:03 /usr/libexec/gconfd-2 5
ems       2175  0.0  0.0  12896   572 ?        S    Jun08   0:00 /usr/bin/gnome-keyring-daemon
ems       2177  0.0  0.0 264560  7604 ?        Sl   Jun08   0:08 /usr/libexec/gnome-settings-daemon
ems       2197  0.0  0.0 185068 12580 ?        Ss   Jun08   0:01 metacity --sm-client-id=default1
root      2198  0.0  0.0      0     0 ?        S<    2012 135:50 [scsi_eh_0]
root      2199  0.0  0.0      0     0 ?        S<    2012   0:00 [scsi_eh_1]
ems       2203  0.0  0.0 305700 17192 ?        Ss   Jun08   0:00 gnome-panel --sm-client-id default2
ems       2205  0.0  0.0 519084 20320 ?        Ss   Jun08   0:08 nautilus --no-default-window --sm-client-id default3
ems       2209  0.0  0.0 262716  3144 ?        Ssl  Jun08   0:00 /usr/libexec/bonobo-activation-server --ac-activate --ior-output-fd=16
ems       2211  0.0  0.0 230424  4608 ?        Ss   Jun08   0:00 gnome-volume-manager --sm-client-id default5
ems       2213  0.0  0.0 263440  7664 ?        Ss   Jun08   0:01 eggcups --sm-client-id default4
ems       2219  0.0  0.0 149456  3416 ?        S    Jun08   0:00 /usr/libexec/gnome-vfs-daemon
ems       2222  0.0  0.0 154196  4724 ?        Ss   Jun08   0:00 bt-applet --sm-disable
ems       2229  0.0  0.0 360004 31164 ?        Ss   Jun08   0:04 /usr/bin/python -tt /usr/bin/puplet
ems       2233  0.0  0.0 232964 10088 ?        Ss   Jun08   0:01 nm-applet --sm-disable
ems       2237  0.0  0.0 154936  4432 ?        Ss   Jun08   0:05 pam-panel-icon --sm-client-id default0
root      2245  0.0  0.0  12184   692 ?        S    Jun08   0:04 /sbin/pam_timestamp_check -d root
ems       2246  0.0  0.0  72368  2656 ?        Sl   Jun08   0:23 ./escd --key_Inserted="/usr/bin/esc" --on_Signal="/usr/bin/esc"
ems       2248  0.0  0.0 267448  6500 ?        Ss   Jun08   6:14 gnome-power-manager
root      2251  0.0  0.0  57872  3376 ?        S    Jun08   0:00 /usr/sbin/nm-system-settings --config /etc/NetworkManager/nm-system-settings.conf
ems       2252  0.0  0.0 107420 12504 ?        Ss   Jun08   0:00 /usr/lib64/scim-1.0/scim-launcher -d -c simple -e all -f socket --no-stay
ems       2273  0.0  0.0  13016  1180 ?        S    Jun08   0:06 /usr/libexec/gam_server
ems       2277  0.0  0.0 293832 13860 ?        S    Jun08   0:00 /usr/libexec/wnck-applet --oaf-activate-iid=OAFIID:GNOME_Wncklet_Factory --oaf-ior-fd=19
ems       2279  0.0  0.0 365820  8440 ?        S    Jun08   0:00 /usr/libexec/trashapplet --oaf-activate-iid=OAFIID:GNOME_Panel_TrashApplet_Factory --oaf-ior-fd=25
ems       2288  0.0  0.0  84636   636 ?        Ss   Jun08   0:00 /usr/lib64/scim-1.0/scim-helper-manager
ems       2289  0.0  0.0 198744  7328 ?        Ssl  Jun08   0:03 /usr/lib64/scim-1.0/scim-panel-gtk --display :0.0 -c socket -d --no-stay
ems       2291  0.0  0.0  90056   928 ?        Ss   Jun08   0:02 /usr/lib64/scim-1.0/scim-launcher -d -c socket -e socket -f x11
ems       2294  0.0  0.0  12820   852 ?        S    Jun08   0:01 /usr/libexec/mapping-daemon
ems       2301  0.0  0.0 307728 14900 ?        S    Jun08   0:00 /usr/libexec/mixer_applet2 --oaf-activate-iid=OAFIID:GNOME_MixerApplet_Factory --oaf-ior-fd=23
ems       2305  0.0  0.0 241176  7028 ?        S    Jun08   0:00 /usr/libexec/notification-area-applet --oaf-activate-iid=OAFIID:GNOME_NotificationAreaApplet_Factory --oaf-ior-fd=24
ems       2307  0.0  0.0 297596 12096 ?        S    Jun08   2:17 /usr/libexec/clock-applet --oaf-activate-iid=OAFIID:GNOME_ClockApplet_Factory --oaf-ior-fd=31
ems       2315  0.0  0.0 315884 18364 ?        Sl   Jun08   0:40 gnome-terminal
ems       2319  0.0  0.0  78544  1016 ?        S    Jun08  34:08 scim-bridge
ems       2320  0.0  0.0  14864   724 ?        S    Jun08   0:00 gnome-pty-helper
ems       2321  0.0  0.0  68420  1672 pts/1    Ss+  Jun08   0:00 bash
ems       2413  0.0  0.0 185512  4484 ?        Ss   Jun08   0:06 gnome-screensaver
root      2543  0.0  0.0      0     0 ?        S<    2012   0:00 [kstriped]
root      2740  0.0  0.0      0     0 ?        S<    2012  29:31 [kjournald]
root      2764  0.0  0.0      0     0 ?        S<    2012   0:13 [kauditd]
root      2795  0.0  0.0  13044  1216 ?        S<s   2012   0:00 /sbin/udevd -d
root      3770  0.0  0.0      0     0 ?        S<    2012   0:00 [unm]
ems       4469  0.0  0.0  90420  4352 ?        S    Aug23   0:00 /usr/libexec/gconfd-2 5
root      6357  0.0  0.0      0     0 ?        S<    2012   0:00 [kmpathd/0]
root      6358  0.0  0.0      0     0 ?        S<    2012   0:00 [kmpathd/1]
root      6359  0.0  0.0      0     0 ?        S<    2012   0:00 [kmpathd/2]
root      6360  0.0  0.0      0     0 ?        S<    2012   0:00 [kmpathd/3]
root      6361  0.0  0.0      0     0 ?        S<    2012   0:00 [kmpathd/4]
root      6362  0.0  0.0      0     0 ?        S<    2012   0:00 [kmpathd/5]
root      6363  0.0  0.0      0     0 ?        S<    2012   0:00 [kmpathd/6]
root      6364  0.0  0.0      0     0 ?        S<    2012   0:00 [kmpathd/7]
root      6365  0.0  0.0      0     0 ?        S<    2012   0:00 [kmpathd/8]
root      6366  0.0  0.0      0     0 ?        S<    2012   0:00 [kmpathd/9]
root      6367  0.0  0.0      0     0 ?        S<    2012   0:00 [kmpathd/10]
root      6368  0.0  0.0      0     0 ?        S<    2012   0:00 [kmpathd/11]
root      6369  0.0  0.0      0     0 ?        S<    2012   0:00 [kmpathd/12]
root      6370  0.0  0.0      0     0 ?        S<    2012   0:00 [kmpathd/13]
root      6371  0.0  0.0      0     0 ?        S<    2012   0:00 [kmpathd/14]
root      6372  0.0  0.0      0     0 ?        S<    2012   0:00 [kmpathd/15]
root      6373  0.0  0.0      0     0 ?        S<    2012   0:00 [kmpathd/16]
root      6374  0.0  0.0      0     0 ?        S<    2012   0:00 [kmpathd/17]
root      6375  0.0  0.0      0     0 ?        S<    2012   0:00 [kmpathd/18]
root      6376  0.0  0.0      0     0 ?        S<    2012   0:00 [kmpathd/19]
root      6377  0.0  0.0      0     0 ?        S<    2012   0:00 [kmpathd/20]
root      6378  0.0  0.0      0     0 ?        S<    2012   0:00 [kmpathd/21]
root      6379  0.0  0.0      0     0 ?        S<    2012   0:00 [kmpathd/22]
root      6380  0.0  0.0      0     0 ?        S<    2012   0:00 [kmpathd/23]
root      6381  0.0  0.0      0     0 ?        S<    2012   0:00 [kmpathd/24]
root      6382  0.0  0.0      0     0 ?        S<    2012   0:00 [kmpathd/25]
root      6383  0.0  0.0      0     0 ?        S<    2012   0:00 [kmpathd/26]
root      6384  0.0  0.0      0     0 ?        S<    2012   0:00 [kmpathd/27]
root      6385  0.0  0.0      0     0 ?        S<    2012   0:00 [kmpathd/28]
root      6386  0.0  0.0      0     0 ?        S<    2012   0:00 [kmpathd/29]
root      6387  0.0  0.0      0     0 ?        S<    2012   0:00 [kmpathd/30]
root      6388  0.0  0.0      0     0 ?        S<    2012   0:00 [kmpathd/31]
root      6389  0.0  0.0      0     0 ?        S<    2012   0:00 [kmpathd/32]
root      6390  0.0  0.0      0     0 ?        S<    2012   0:00 [kmpathd/33]
root      6391  0.0  0.0      0     0 ?        S<    2012   0:00 [kmpathd/34]
root      6392  0.0  0.0      0     0 ?        S<    2012   0:00 [kmpathd/35]
root      6393  0.0  0.0      0     0 ?        S<    2012   0:00 [kmpathd/36]
root      6394  0.0  0.0      0     0 ?        S<    2012   0:00 [kmpathd/37]
root      6395  0.0  0.0      0     0 ?        S<    2012   0:00 [kmpathd/38]
root      6396  0.0  0.0      0     0 ?        S<    2012   0:00 [kmpathd/39]
root      6397  0.0  0.0      0     0 ?        S<    2012   0:00 [kmpathd/40]
root      6398  0.0  0.0      0     0 ?        S<    2012   0:00 [kmpathd/41]
root      6399  0.0  0.0      0     0 ?        S<    2012   0:00 [kmpathd/42]
root      6400  0.0  0.0      0     0 ?        S<    2012   0:00 [kmpathd/43]
root      6401  0.0  0.0      0     0 ?        S<    2012   0:00 [kmpathd/44]
root      6402  0.0  0.0      0     0 ?        S<    2012   0:00 [kmpathd/45]
root      6403  0.0  0.0      0     0 ?        S<    2012   0:00 [kmpathd/46]
root      6404  0.0  0.0      0     0 ?        S<    2012   0:00 [kmpathd/47]
root      6405  0.0  0.0      0     0 ?        S<    2012   0:00 [kmpath_handlerd]
root      6479  0.0  0.0      0     0 ?        S<    2012  33:21 [kjournald]
root      6481  0.0  0.0      0     0 ?        S<    2012   3:29 [kjournald]
root      7094  0.0  0.0      0     0 ?        S<    2012   0:01 [bond0]
ntp       8308  0.0  0.0  19192  4892 ?        SLs   2012   0:34 ntpd -u ntp:ntp -p /var/run/ntpd.pid
root      8837  0.0  0.0  92860   916 ?        S<sl  2012   1:52 auditd
root      8839  0.0  0.0 147336   952 ?        S<sl  2012   0:40 /sbin/audispd
root      8861  0.0  0.0   5908   652 ?        Ss    2012   0:17 syslogd -m 0
root      8864  0.0  0.0   3804   428 ?        Ss    2012   0:00 klogd -x
root      9386  0.0  0.0  10760   400 ?        Ss    2012  48:22 irqbalance
rpc       9397  0.0  0.0   8052   576 ?        Ss    2012   0:00 portmap
root      9470  0.0  0.0      0     0 ?        S<    2012   0:00 [rpciod/0]
root      9471  0.0  0.0      0     0 ?        S<    2012   0:00 [rpciod/1]
root      9472  0.0  0.0      0     0 ?        S<    2012   0:00 [rpciod/2]
root      9473  0.0  0.0      0     0 ?        S<    2012   0:00 [rpciod/3]
root      9474  0.0  0.0      0     0 ?        S<    2012   0:00 [rpciod/4]
root      9475  0.0  0.0      0     0 ?        S<    2012   0:00 [rpciod/5]
root      9476  0.0  0.0      0     0 ?        S<    2012   0:00 [rpciod/6]
root      9477  0.0  0.0      0     0 ?        S<    2012   0:00 [rpciod/7]
root      9478  0.0  0.0      0     0 ?        S<    2012   0:00 [rpciod/8]
root      9479  0.0  0.0      0     0 ?        S<    2012   0:00 [rpciod/9]
root      9480  0.0  0.0      0     0 ?        S<    2012   0:00 [rpciod/10]
root      9481  0.0  0.0      0     0 ?        S<    2012   0:00 [rpciod/11]
root      9482  0.0  0.0      0     0 ?        S<    2012   0:00 [rpciod/12]
root      9483  0.0  0.0      0     0 ?        S<    2012   0:00 [rpciod/13]
root      9484  0.0  0.0      0     0 ?        S<    2012   0:00 [rpciod/14]
root      9485  0.0  0.0      0     0 ?        S<    2012   0:00 [rpciod/15]
root      9486  0.0  0.0      0     0 ?        S<    2012   0:00 [rpciod/16]
root      9487  0.0  0.0      0     0 ?        S<    2012   0:00 [rpciod/17]
root      9488  0.0  0.0      0     0 ?        S<    2012   0:00 [rpciod/18]
root      9489  0.0  0.0      0     0 ?        S<    2012   0:00 [rpciod/19]
root      9490  0.0  0.0      0     0 ?        S<    2012   0:00 [rpciod/20]
root      9491  0.0  0.0      0     0 ?        S<    2012   0:00 [rpciod/21]
root      9492  0.0  0.0      0     0 ?        S<    2012   0:00 [rpciod/22]
root      9493  0.0  0.0      0     0 ?        S<    2012   0:00 [rpciod/23]
root      9494  0.0  0.0      0     0 ?        S<    2012   0:00 [rpciod/24]
root      9495  0.0  0.0      0     0 ?        S<    2012   0:00 [rpciod/25]
root      9496  0.0  0.0      0     0 ?        S<    2012   0:00 [rpciod/26]
root      9497  0.0  0.0      0     0 ?        S<    2012   0:00 [rpciod/27]
root      9498  0.0  0.0      0     0 ?        S<    2012   0:00 [rpciod/28]
root      9499  0.0  0.0      0     0 ?        S<    2012   0:00 [rpciod/29]
root      9500  0.0  0.0      0     0 ?        S<    2012   0:00 [rpciod/30]
root      9501  0.0  0.0      0     0 ?        S<    2012   0:00 [rpciod/31]
root      9502  0.0  0.0      0     0 ?        S<    2012   0:00 [rpciod/32]
root      9503  0.0  0.0      0     0 ?        S<    2012   0:00 [rpciod/33]
root      9504  0.0  0.0      0     0 ?        S<    2012   0:00 [rpciod/34]
root      9505  0.0  0.0      0     0 ?        S<    2012   0:00 [rpciod/35]
root      9506  0.0  0.0      0     0 ?        S<    2012   0:00 [rpciod/36]
root      9507  0.0  0.0      0     0 ?        S<    2012   0:00 [rpciod/37]
root      9508  0.0  0.0      0     0 ?        S<    2012   0:00 [rpciod/38]
root      9509  0.0  0.0      0     0 ?        S<    2012   0:00 [rpciod/39]
root      9510  0.0  0.0      0     0 ?        S<    2012   0:00 [rpciod/40]
root      9511  0.0  0.0      0     0 ?        S<    2012   0:00 [rpciod/41]
root      9512  0.0  0.0      0     0 ?        S<    2012   0:00 [rpciod/42]
root      9513  0.0  0.0      0     0 ?        S<    2012   0:00 [rpciod/43]
root      9514  0.0  0.0      0     0 ?        S<    2012   0:00 [rpciod/44]
root      9515  0.0  0.0      0     0 ?        S<    2012   0:00 [rpciod/45]
root      9516  0.0  0.0      0     0 ?        S<    2012   0:00 [rpciod/46]
root      9517  0.0  0.0      0     0 ?        S<    2012   0:00 [rpciod/47]
root      9570  0.0  0.0  10160   800 ?        Ss    2012   0:00 rpc.statd
root      9594  0.0  0.0  55180   768 ?        Ss    2012   0:00 rpc.idmapd
dbus      9609  0.0  0.0  21484  1204 ?        Ss    2012   9:05 dbus-daemon --system
root      9624  0.0  0.0  10432   816 ?        Ss    2012   0:00 /usr/sbin/hcid
root      9628  0.0  0.0   5936   544 ?        Ss    2012   0:00 /usr/sbin/sdpd
root      9792  0.0  0.0      0     0 ?        S<    2012   0:00 [krfcommd]
root      9829  0.0  0.0  41660  1424 ?        Ssl   2012   1:48 pcscd
root      9839  0.0  0.0   3800   576 ?        Ss    2012   0:00 /usr/sbin/acpid
68        9848  0.0  0.0  31884  4944 ?        Ss    2012   3:32 hald
root      9849  0.0  0.0  21692  1076 ?        S     2012   0:00 hald-runner
68        9857  0.0  0.0  12324   844 ?        S     2012   0:00 hald-addon-acpi: listening on acpid socket /var/run/acpid.socket
68        9870  0.0  0.0  12324   848 ?        S     2012   0:00 hald-addon-keyboard: listening on /dev/input/event2
root      9879  0.0  0.0  10228   680 ?        S     2012  91:41 hald-addon-storage: polling /dev/scd0
root      9945  0.0  0.0   8516   480 ?        Ss    2012   0:00 /usr/bin/hidd --server
root     10012  0.0  0.0 121988  1544 ?        Ssl   2012   6:46 automount
root     10029  0.0  0.0  26324   520 ?        Ss    2012   0:00 ./hpiod
root     10034  0.0  0.0 165920  6808 ?        S     2012   0:16 python ./hpssd.py
root     10047  0.0  0.0  62608  1216 ?        Ss    2012   0:00 /usr/sbin/sshd
root     10056  0.0  0.0 134036  3092 ?        Ss    2012   2:28 cupsd
root     10070  0.0  0.0  21644   900 ?        Ss    2012   0:02 xinetd -stayalive -pidfile /var/run/xinetd.pid
root     10106  0.0  0.0  66936  2340 ?        Ss    2012   0:24 sendmail: accepting connections
smmsp    10116  0.0  0.0  57692  1760 ?        Ss    2012   0:00 sendmail: Queue runner@01:00:00 for /var/spool/clientmqueue
root     10140  0.0  0.0   6452   372 ?        Ss    2012   0:31 gpm -m /dev/input/mice -t exps2
root     10211  0.0  0.0 128552  7288 ?        Ss    2012   0:00 /opt/hp/hpsmh/sbin/hpsmhd -DSSL -f /opt/hp/hpsmh/conf/smhpd.conf
root     10213  0.0  0.0  24728   732 ?        S     2012   0:00 /opt/hp/hpsmh/bin/rotatelogs /var/spool/opt/hp/hpsmh/logs/error_log 5M
root     10214  0.0  0.0  24728   724 ?        S     2012   0:00 /opt/hp/hpsmh/bin/rotatelogs /var/spool/opt/hp/hpsmh/logs/access_log 5M
hpsmh    10241  0.0  0.0 128552  4912 ?        S     2012   0:00 /opt/hp/hpsmh/sbin/hpsmhd -DSSL -f /opt/hp/hpsmh/conf/smhpd.conf
hpsmh    10242  0.0  0.0 128552  4888 ?        S     2012   0:00 /opt/hp/hpsmh/sbin/hpsmhd -DSSL -f /opt/hp/hpsmh/conf/smhpd.conf
hpsmh    10243  0.0  0.0 128552  4888 ?        S     2012   0:00 /opt/hp/hpsmh/sbin/hpsmhd -DSSL -f /opt/hp/hpsmh/conf/smhpd.conf
hpsmh    10244  0.0  0.0 128552  4888 ?        S     2012   0:00 /opt/hp/hpsmh/sbin/hpsmhd -DSSL -f /opt/hp/hpsmh/conf/smhpd.conf
hpsmh    10245  0.0  0.0 128552  4888 ?        S     2012   0:00 /opt/hp/hpsmh/sbin/hpsmhd -DSSL -f /opt/hp/hpsmh/conf/smhpd.conf
root     10246  0.0  0.0  20800  1788 ?        Ss    2012   0:00 /opt/OV/lbin/xpl/trc/ovtrcd
xfs      10278  0.0  0.0  21068  1840 ?        Ss    2012   0:00 xfs -droppriv -daemon
root     10341  0.0  0.0 105136  1388 ?        Ssl   2012   5:03 hpasmlited -f /dev/hpilo
root     10678  0.0  0.0   3784   464 ?        Ss    2012   0:00 /opt/hp/hp-health/bin/hp-asrd -p 1 -t 600
root     10698  0.0  0.0  18732   460 ?        Ss    2012   0:00 /usr/sbin/atd
avahi    10775  0.0  0.0  23388  1496 ?        Ss    2012   0:03 avahi-daemon: running [byfert03.local]
avahi    10776  0.0  0.0  23148   332 ?        Ss    2012   0:00 avahi-daemon: chroot helper
root     10867  0.0  0.0   8344   692 ?        Ss    2012   0:00 /opt/perf/bin/ttd
root     10877  2.8  0.0  32164  7124 ?        S<s   2012 11662:37 /opt/perf/bin/scopeux
root     10884  0.0  0.0   7276   956 ?        S<s   2012   0:02 /opt/perf/bin/midaemon
root     10932  0.0  0.0  17468  6136 ?        Sl    2012   0:00 /opt/hp/vcagent/bin/vcagentd
root     10962  0.0  0.0  96624 10700 ?        Ss    2012   7:35 /opt/perf/bin/perfalarm
root     10965  0.0  0.0  44268   644 ?        Ss    2012   0:00 /usr/sbin/vsftpd /etc/vsftpd/vsftpd.conf
root     10974  0.0  0.0 120880  7648 ?        Ssl   2012   0:51 /opt/OV/bin/ovcd
root     10983  0.0  0.0 102044  5588 ?        Sl    2012   0:00 /opt/OV/bin/ovbbccb -nodaemon
root     11004  0.0  0.0 141268 20164 ?        Sl    2012   0:18 /opt/OV/lbin/perf/coda
root     11033  0.0  0.0  18416   464 ?        S     2012   0:00 /usr/sbin/smartd -q never
root     11038  0.0  0.0   3792   484 tty1     Ss+   2012   0:00 /sbin/mingetty tty1
root     11039  0.0  0.0   3792   480 tty2     Ss+   2012   0:00 /sbin/mingetty tty2
root     11040  0.0  0.0   3792   484 tty3     Ss+   2012   0:00 /sbin/mingetty tty3
root     11041  0.0  0.0   3792   480 tty4     Ss+   2012   0:00 /sbin/mingetty tty4
root     11042  0.0  0.0   3792   484 tty5     Ss+   2012   0:00 /sbin/mingetty tty5
root     11043  0.0  0.0   3792   480 tty6     Ss+   2012   0:00 /sbin/mingetty tty6
root     11045  0.0  0.0 169916  2756 ?        Ss    2012   0:00 /usr/sbin/gdm-binary -nodaemon
root     11048  0.0  0.0 268524 20960 ?        SN    2012   0:20 /usr/bin/python -tt /usr/sbin/yum-updatesd
root     11108  0.0  0.0  12916  1080 ?        SN    2012   0:05 /usr/libexec/gam_server
root     11144  0.0  0.0 197140  3020 ?        S     2012   0:00 /usr/sbin/gdm-binary -nodaemon
root     11146  0.0  0.0 255348  4136 ?        Sl    2012   0:58 /usr/libexec/gdm-rh-security-token-helper
root     11147  0.0  0.0 100924 15292 tty7     Ss+   2012   5:04 /usr/bin/Xorg :0 -br -audit 0 -auth /var/gdm/:0.Xauth -nolisten tcp vt7
root     13410  0.0  0.0 104244  1564 ?        S    Jul08   0:00 crond
root     13411  0.0  0.0   8700   944 ?        Ss   Jul08   0:00 /bin/sh -c /home/nms/collection.sh >/dev/null
root     13413  0.0  0.0   8704  1004 ?        S    Jul08   0:00 /bin/sh /home/nms/collection.sh
root     13449  0.0  0.0  34684  1208 ?        S    Jul08   0:00 ftp -n
68       18446  0.0  0.0  12324   848 ?        S    Apr09   0:00 hald-addon-keyboard: listening on /dev/input/event1
68       18448  0.0  0.0  12324   848 ?        S    Apr09   0:00 hald-addon-keyboard: listening on /dev/input/event0
root     20931  0.0  0.0  74812  1156 ?        Ss    2012   0:07 crond
root     21790  0.2  0.0 137544  7476 ?        SN   Jun21 248:26 /df8003/bin/applogd
root     21791  0.0  0.0 137400  7316 ?        SN   Jun21  51:09 /df8003/bin/netmd
root     21792  0.0  0.0 142244 12024 ?        SN   Jun21   0:19 /df8003/bin/dbmd
root     21794  0.3  0.0 158500 23292 ?        SN   Jun21 442:08 /df8003/bin/sysmd
root     21857  0.0  0.0 210700  7916 ?        SN   Jun21  57:01 /df8003/bin/procmd
root     23314  0.0  0.0 104244  1564 ?        S    16:55   0:00 crond
root     23316  0.0  0.0   8700   948 ?        Ss   16:55   0:00 /bin/sh -c /home/nms/collection.sh >/dev/null
root     23317  0.0  0.0   8704  1000 ?        S    16:55   0:00 /bin/sh /home/nms/collection.sh
root     23336  0.0  0.0  10460   868 ?        R    16:55   0:00 ps aux
root     25711  0.0  0.0 210208  7708 ?        SN   Jun26   0:00 proc_watchd
ems      25712  0.0  0.0 286112 13896 ?        SN   Jun26  28:46 almd_server_rep
ems      25713  0.0  0.0 613612 20524 ?        SN   Jun26  34:06 alm_replica -mode r
ems      25717  1.0  0.4 608896 158124 ?       SN   Jun26 1210:35 SCADA_Rep -mode r
ems      25718  0.0  0.1 188776 35036 ?        SN   Jun26  85:52 hisWrite
ems      25719  0.0  5.7 2122336 1898128 ?     SN   Jun26   1:48 rdbmon
root     25720  0.3  0.0 213152  8076 ?        SN   Jun26 366:40 netmond -s 3600
ems      27542  0.0  0.0  90360  4336 ?        S    Jun21   0:01 /usr/libexec/gconfd-2 5
ems      29201  1.5  0.1 663136 33216 ?        SN   05:50  10:18 comServer -ref
root     29203 43.5  0.2 531512 85904 ?        SNl  05:50 289:23 scn_slmd
root     29784  1.0  0.1 592528 53604 ?        SN   Sep04 140:04 ssrd
root     30747  1.0  0.0 472472 17324 ?        SN   Sep12  21:38 code_saver 10
cmdbegin:mac
1: lo: <LOOPBACK,UP,LOWER_UP> mtu 16436 qdisc noqueue 
    link/loopback 00:00:00:00:00:00 brd 00:00:00:00:00:00
    inet 127.0.0.1/8 scope host lo
    inet6 ::1/128 scope host 
       valid_lft forever preferred_lft forever
2: eth0: <BROADCAST,MULTICAST,SLAVE,UP,LOWER_UP> mtu 1500 qdisc pfifo_fast master bond0 qlen 1000
    link/ether 00:26:55:ee:49:92 brd ff:ff:ff:ff:ff:ff
3: eth1: <NO-CARRIER,BROADCAST,MULTICAST,UP> mtu 1500 qdisc pfifo_fast qlen 1000
    link/ether 00:26:55:ee:49:93 brd ff:ff:ff:ff:ff:ff
4: eth2: <BROADCAST,MULTICAST,SLAVE,UP,LOWER_UP> mtu 1500 qdisc pfifo_fast master bond0 qlen 1000
    link/ether 00:26:55:ee:49:92 brd ff:ff:ff:ff:ff:ff
5: eth3: <NO-CARRIER,BROADCAST,MULTICAST,UP> mtu 1500 qdisc pfifo_fast qlen 1000
    link/ether 00:26:55:ee:4c:a5 brd ff:ff:ff:ff:ff:ff
6: eth4: <BROADCAST,MULTICAST,UP,LOWER_UP> mtu 1500 qdisc pfifo_fast qlen 1000
    link/ether 00:26:55:ee:4c:ec brd ff:ff:ff:ff:ff:ff
    inet 192.168.106.34/24 brd 192.168.106.255 scope global eth4
    inet6 fe80::226:55ff:feee:4cec/64 scope link 
       valid_lft forever preferred_lft forever
7: eth5: <BROADCAST,MULTICAST> mtu 1500 qdisc pfifo_fast qlen 1000
    link/ether 00:26:55:ee:4c:ed brd ff:ff:ff:ff:ff:ff
8: eth6: <BROADCAST,MULTICAST,UP,LOWER_UP> mtu 1500 qdisc pfifo_fast qlen 1000
    link/ether 00:26:55:ee:56:ba brd ff:ff:ff:ff:ff:ff
    inet 192.168.206.34/24 brd 192.168.206.255 scope global eth6
    inet6 fe80::226:55ff:feee:56ba/64 scope link 
       valid_lft forever preferred_lft forever
9: eth7: <BROADCAST,MULTICAST> mtu 1500 qdisc pfifo_fast qlen 1000
    link/ether 00:26:55:ee:56:bb brd ff:ff:ff:ff:ff:ff
10: eth8: <NO-CARRIER,BROADCAST,MULTICAST,UP> mtu 1500 qdisc pfifo_fast qlen 1000
    link/ether 00:26:55:ee:4b:c0 brd ff:ff:ff:ff:ff:ff
11: eth9: <BROADCAST,MULTICAST> mtu 1500 qdisc pfifo_fast qlen 1000
    link/ether 00:26:55:ee:4b:c1 brd ff:ff:ff:ff:ff:ff
12: eth10: <BROADCAST,MULTICAST> mtu 1500 qdisc pfifo_fast qlen 1000
    link/ether e8:39:35:a8:ff:64 brd ff:ff:ff:ff:ff:ff
13: eth11: <BROADCAST,MULTICAST> mtu 1500 qdisc pfifo_fast qlen 1000
    link/ether e8:39:35:a8:ff:65 brd ff:ff:ff:ff:ff:ff
14: eth12: <BROADCAST,MULTICAST> mtu 1500 qdisc pfifo_fast qlen 1000
    link/ether e8:39:35:a8:ff:66 brd ff:ff:ff:ff:ff:ff
15: eth13: <BROADCAST,MULTICAST> mtu 1500 qdisc pfifo_fast qlen 1000
    link/ether e8:39:35:a8:ff:67 brd ff:ff:ff:ff:ff:ff
16: sit0: <NOARP> mtu 1480 qdisc noop 
    link/sit 0.0.0.0 brd 0.0.0.0
17: bond0: <BROADCAST,MULTICAST,MASTER,UP,LOWER_UP> mtu 1500 qdisc noqueue 
    link/ether 00:26:55:ee:49:92 brd ff:ff:ff:ff:ff:ff
    inet 192.168.10.13/24 brd 192.168.10.255 scope global bond0
    inet6 fe80::226:55ff:feee:4992/64 scope link 
       valid_lft forever preferred_lft forever
cmdbegin:interface
Linux 2.6.18-194.el5 (byfert03) 	09/13/13 	_x86_64_	(48 CPU)

16:55:07        IFACE   rxpck/s   txpck/s    rxkB/s    txkB/s   rxcmp/s   txcmp/s  rxmcst/s
16:55:08           lo     20.00     20.00      2.21      2.21      0.00      0.00      0.00
16:55:08         eth0    109.00      9.00     66.18      1.23      0.00      0.00     14.00
16:55:08         eth1      0.00      0.00      0.00      0.00      0.00      0.00      0.00
16:55:08         eth2    101.00      0.00     64.33      0.00      0.00      0.00      0.00
16:55:08         eth3      0.00      0.00      0.00      0.00      0.00      0.00      0.00
16:55:08         eth4     20.00      8.00      1.17      0.33      0.00      0.00      0.00
16:55:08         eth5      0.00      0.00      0.00      0.00      0.00      0.00      0.00
16:55:08         eth6     28.00      0.00      1.64      0.00      0.00      0.00      0.00
16:55:08         eth7      0.00      0.00      0.00      0.00      0.00      0.00      0.00
16:55:08         eth8      0.00      0.00      0.00      0.00      0.00      0.00      0.00
16:55:08         eth9      0.00      0.00      0.00      0.00      0.00      0.00      0.00
16:55:08        eth10      0.00      0.00      0.00      0.00      0.00      0.00      0.00
16:55:08        eth11      0.00      0.00      0.00      0.00      0.00      0.00      0.00
16:55:08        eth12      0.00      0.00      0.00      0.00      0.00      0.00      0.00
16:55:08        eth13      0.00      0.00      0.00      0.00      0.00      0.00      0.00
16:55:08         sit0      0.00      0.00      0.00      0.00      0.00      0.00      0.00
16:55:08        bond0    210.00      9.00    130.51      1.23      0.00      0.00     14.00

16:55:08        IFACE   rxpck/s   txpck/s    rxkB/s    txkB/s   rxcmp/s   txcmp/s  rxmcst/s
16:55:09           lo     12.00     12.00      2.25      2.25      0.00      0.00      0.00
16:55:09         eth0     85.00      1.00     41.72      0.11      0.00      0.00      0.00
16:55:09         eth1      0.00      0.00      0.00      0.00      0.00      0.00      0.00
16:55:09         eth2     77.00      0.00     38.71      0.00      0.00      0.00      0.00
16:55:09         eth3      0.00      0.00      0.00      0.00      0.00      0.00      0.00
16:55:09         eth4     26.00     16.00      1.52      0.66      0.00      0.00      0.00
16:55:09         eth5      0.00      0.00      0.00      0.00      0.00      0.00      0.00
16:55:09         eth6     40.00      0.00      2.34      0.00      0.00      0.00      0.00
16:55:09         eth7      0.00      0.00      0.00      0.00      0.00      0.00      0.00
16:55:09         eth8      0.00      0.00      0.00      0.00      0.00      0.00      0.00
16:55:09         eth9      0.00      0.00      0.00      0.00      0.00      0.00      0.00
16:55:09        eth10      0.00      0.00      0.00      0.00      0.00      0.00      0.00
16:55:09        eth11      0.00      0.00      0.00      0.00      0.00      0.00      0.00
16:55:09        eth12      0.00      0.00      0.00      0.00      0.00      0.00      0.00
16:55:09        eth13      0.00      0.00      0.00      0.00      0.00      0.00      0.00
16:55:09         sit0      0.00      0.00      0.00      0.00      0.00      0.00      0.00
16:55:09        bond0    162.00      1.00     80.43      0.11      0.00      0.00      0.00

16:55:09        IFACE   rxpck/s   txpck/s    rxkB/s    txkB/s   rxcmp/s   txcmp/s  rxmcst/s
16:55:10           lo     33.00     33.00      9.44      9.44      0.00      0.00      0.00
16:55:10         eth0    113.00      8.00     62.69      1.25      0.00      0.00     16.00
16:55:10         eth1      0.00      0.00      0.00      0.00      0.00      0.00      0.00
16:55:10         eth2    101.00      0.00     59.38      0.00      0.00      0.00      0.00
16:55:10         eth3      0.00      0.00      0.00      0.00      0.00      0.00      0.00
16:55:10         eth4     19.00     11.00      1.11      0.52      0.00      0.00      0.00
16:55:10         eth5      0.00      0.00      0.00      0.00      0.00      0.00      0.00
16:55:10         eth6     27.00      0.00      1.58      0.00      0.00      0.00      0.00
16:55:10         eth7      0.00      0.00      0.00      0.00      0.00      0.00      0.00
16:55:10         eth8      0.00      0.00      0.00      0.00      0.00      0.00      0.00
16:55:10         eth9      0.00      0.00      0.00      0.00      0.00      0.00      0.00
16:55:10        eth10      0.00      0.00      0.00      0.00      0.00      0.00      0.00
16:55:10        eth11      0.00      0.00      0.00      0.00      0.00      0.00      0.00
16:55:10        eth12      0.00      0.00      0.00      0.00      0.00      0.00      0.00
16:55:10        eth13      0.00      0.00      0.00      0.00      0.00      0.00      0.00
16:55:10         sit0      0.00      0.00      0.00      0.00      0.00      0.00      0.00
16:55:10        bond0    214.00      8.00    122.07      1.25      0.00      0.00     16.00

Average:        IFACE   rxpck/s   txpck/s    rxkB/s    txkB/s   rxcmp/s   txcmp/s  rxmcst/s
Average:           lo     21.67     21.67      4.63      4.63      0.00      0.00      0.00
Average:         eth0    102.33      6.00     56.86      0.86      0.00      0.00     10.00
Average:         eth1      0.00      0.00      0.00      0.00      0.00      0.00      0.00
Average:         eth2     93.00      0.00     54.14      0.00      0.00      0.00      0.00
Average:         eth3      0.00      0.00      0.00      0.00      0.00      0.00      0.00
Average:         eth4     21.67     11.67      1.27      0.50      0.00      0.00      0.00
Average:         eth5      0.00      0.00      0.00      0.00      0.00      0.00      0.00
Average:         eth6     31.67      0.00      1.86      0.00      0.00      0.00      0.00
Average:         eth7      0.00      0.00      0.00      0.00      0.00      0.00      0.00
Average:         eth8      0.00      0.00      0.00      0.00      0.00      0.00      0.00
Average:         eth9      0.00      0.00      0.00      0.00      0.00      0.00      0.00
Average:        eth10      0.00      0.00      0.00      0.00      0.00      0.00      0.00
Average:        eth11      0.00      0.00      0.00      0.00      0.00      0.00      0.00
Average:        eth12      0.00      0.00      0.00      0.00      0.00      0.00      0.00
Average:        eth13      0.00      0.00      0.00      0.00      0.00      0.00      0.00
Average:         sit0      0.00      0.00      0.00      0.00      0.00      0.00      0.00
Average:        bond0    195.33      6.00    111.01      0.86      0.00      0.00     10.00
cmdbegin:uname
Linux byfert03
cmdbegin:usergroup
root:x:0:root
bin:x:1:root,bin,daemon
daemon:x:2:root,bin,daemon
sys:x:3:root,bin,adm
adm:x:4:root,adm,daemon
tty:x:5:
disk:x:6:root
lp:x:7:daemon,lp
mem:x:8:
kmem:x:9:
wheel:x:10:root
mail:x:12:mail
news:x:13:news
uucp:x:14:uucp
man:x:15:
games:x:20:
gopher:x:30:
dip:x:40:
ftp:x:50:
lock:x:54:
nobody:x:99:
users:x:100:
nscd:x:28:
floppy:x:19:
vcsa:x:69:
audio:x:63:gdm
utmp:x:22:
rpc:x:32:
mailnull:x:47:
smmsp:x:51:
pcap:x:77:
utempter:x:35:
slocate:x:21:
ntp:x:38:
sshd:x:74:
rpcuser:x:29:
nfsnobody:x:4294967294:
dbus:x:81:
avahi:x:70:
haldaemon:x:68:
avahi-autoipd:x:101:
distcache:x:94:
apache:x:48:
webalizer:x:67:
squid:x:23:
oprofile:x:16:
xfs:x:43:
gdm:x:42:
sabayon:x:86:
stapdev:x:102:
stapusr:x:103:
screen:x:84:
dfdz:x:500:
dba:x:501:
hpsmh:x:502:
cmdbegin:user
root:x:0:0:root:/root:/bin/bash
bin:x:1:1:bin:/bin:/sbin/nologin
daemon:x:2:2:daemon:/sbin:/sbin/nologin
adm:x:3:4:adm:/var/adm:/sbin/nologin
lp:x:4:7:lp:/var/spool/lpd:/sbin/nologin
sync:x:5:0:sync:/sbin:/bin/sync
shutdown:x:6:0:shutdown:/sbin:/sbin/shutdown
halt:x:7:0:halt:/sbin:/sbin/halt
mail:x:8:12:mail:/var/spool/mail:/sbin/nologin
news:x:9:13:news:/etc/news:
uucp:x:10:14:uucp:/var/spool/uucp:/sbin/nologin
operator:x:11:0:operator:/root:/sbin/nologin
games:x:12:100:games:/usr/games:/sbin/nologin
gopher:x:13:30:gopher:/var/gopher:/sbin/nologin
ftp:x:14:50:FTP User:/var/ftp:/sbin/nologin
nobody:x:99:99:Nobody:/:/sbin/nologin
nscd:x:28:28:NSCD Daemon:/:/sbin/nologin
vcsa:x:69:69:virtual console memory owner:/dev:/sbin/nologin
rpc:x:32:32:Portmapper RPC user:/:/sbin/nologin
mailnull:x:47:47::/var/spool/mqueue:/sbin/nologin
smmsp:x:51:51::/var/spool/mqueue:/sbin/nologin
pcap:x:77:77::/var/arpwatch:/sbin/nologin
ntp:x:38:38::/etc/ntp:/sbin/nologin
sshd:x:74:74:Privilege-separated SSH:/var/empty/sshd:/sbin/nologin
rpcuser:x:29:29:RPC Service User:/var/lib/nfs:/sbin/nologin
nfsnobody:x:4294967294:4294967294:Anonymous NFS User:/var/lib/nfs:/sbin/nologin
dbus:x:81:81:System message bus:/:/sbin/nologin
avahi:x:70:70:Avahi daemon:/:/sbin/nologin
haldaemon:x:68:68:HAL daemon:/:/sbin/nologin
avahi-autoipd:x:100:101:avahi-autoipd:/var/lib/avahi-autoipd:/sbin/nologin
distcache:x:94:94:Distcache:/:/sbin/nologin
apache:x:48:48:Apache:/var/www:/sbin/nologin
webalizer:x:67:67:Webalizer:/var/www/usage:/sbin/nologin
squid:x:23:23::/var/spool/squid:/sbin/nologin
oprofile:x:16:16:Special user account to be used by OProfile:/home/oprofile:/sbin/nologin
xfs:x:43:43:X Font Server:/etc/X11/fs:/sbin/nologin
gdm:x:42:42::/var/gdm:/sbin/nologin
sabayon:x:86:86:Sabayon user:/home/sabayon:/sbin/nologin
ems:x:115:500::/df8003/home:/bin/bash
oracle:x:500:501::/usr/local/oracle:/bin/bash
hpsmh:x:501:502::/opt/hp/hpsmh:/sbin/nologin
cmdbegin:date
Fri Sep 13 16:55:10 CST 2013
cmdbegin:uptime
 16:55:10 up 283 days,  1:26,  2 users,  load average: 0.87, 0.85, 0.82
cmdbegin:end
