cmdbegin:version
Linux version 2.6.18-194.el5 (mockbuild@x86-005.build.bos.redhat.com) (gcc version 4.1.2 20080704 (Red Hat 4.1.2-48)) #1 SMP Tue Mar 16 21:52:39 EDT 2010
cmdbegin:cpuconfig
processor	: 0
model name	: Intel(R) Xeon(R) CPU           E5620  @ 2.40GHz
cpu MHz		: 2400.150
cache size	: 12288 KB
processor	: 1
model name	: Intel(R) Xeon(R) CPU           E5620  @ 2.40GHz
cpu MHz		: 2400.150
cache size	: 12288 KB
processor	: 2
model name	: Intel(R) Xeon(R) CPU           E5620  @ 2.40GHz
cpu MHz		: 2400.150
cache size	: 12288 KB
processor	: 3
model name	: Intel(R) Xeon(R) CPU           E5620  @ 2.40GHz
cpu MHz		: 2400.150
cache size	: 12288 KB
processor	: 4
model name	: Intel(R) Xeon(R) CPU           E5620  @ 2.40GHz
cpu MHz		: 2400.150
cache size	: 12288 KB
processor	: 5
model name	: Intel(R) Xeon(R) CPU           E5620  @ 2.40GHz
cpu MHz		: 2400.150
cache size	: 12288 KB
processor	: 6
model name	: Intel(R) Xeon(R) CPU           E5620  @ 2.40GHz
cpu MHz		: 2400.150
cache size	: 12288 KB
processor	: 7
model name	: Intel(R) Xeon(R) CPU           E5620  @ 2.40GHz
cpu MHz		: 2400.150
cache size	: 12288 KB
processor	: 8
model name	: Intel(R) Xeon(R) CPU           E5620  @ 2.40GHz
cpu MHz		: 2400.150
cache size	: 12288 KB
processor	: 9
model name	: Intel(R) Xeon(R) CPU           E5620  @ 2.40GHz
cpu MHz		: 2400.150
cache size	: 12288 KB
processor	: 10
model name	: Intel(R) Xeon(R) CPU           E5620  @ 2.40GHz
cpu MHz		: 2400.150
cache size	: 12288 KB
processor	: 11
model name	: Intel(R) Xeon(R) CPU           E5620  @ 2.40GHz
cpu MHz		: 2400.150
cache size	: 12288 KB
processor	: 12
model name	: Intel(R) Xeon(R) CPU           E5620  @ 2.40GHz
cpu MHz		: 2400.150
cache size	: 12288 KB
processor	: 13
model name	: Intel(R) Xeon(R) CPU           E5620  @ 2.40GHz
cpu MHz		: 2400.150
cache size	: 12288 KB
processor	: 14
model name	: Intel(R) Xeon(R) CPU           E5620  @ 2.40GHz
cpu MHz		: 2400.150
cache size	: 12288 KB
processor	: 15
model name	: Intel(R) Xeon(R) CPU           E5620  @ 2.40GHz
cpu MHz		: 2400.150
cache size	: 12288 KB
cmdbegin:disk
Filesystem           1K-blocks      Used Available Use% Mounted on
/dev/cciss/c0d0p1     19840892   1410168  17406584   8% /
/dev/cciss/c0d0p5     59485268   6814604  49600244  13% /df8003
/dev/cciss/c0d0p2     39674224   7759752  29866588  21% /usr
tmpfs                  4080312         0   4080312   0% /dev/shm
cmdbegin:diskperf
Linux 2.6.18-194.el5 (dwmain8) 	09/13/13

16:55:01          DEV       tps  rd_sec/s  wr_sec/s  avgrq-sz  avgqu-sz     await     svctm     %util
16:55:02     dev104-0     12.00      0.00    480.00     40.00      0.12     11.50      7.00      8.40
16:55:02     dev104-1      7.00      0.00    280.00     40.00      0.04      8.14      5.43      3.80
16:55:02     dev104-2      0.00      0.00      0.00      0.00      0.00      0.00      0.00      0.00
16:55:02     dev104-3      0.00      0.00      0.00      0.00      0.00      0.00      0.00      0.00
16:55:02     dev104-4      0.00      0.00      0.00      0.00      0.00      0.00      0.00      0.00
16:55:02     dev104-5      5.00      0.00    200.00     40.00      0.08     16.20      9.20      4.60

16:55:02          DEV       tps  rd_sec/s  wr_sec/s  avgrq-sz  avgqu-sz     await     svctm     %util
16:55:03     dev104-0      1.00      0.00      8.00      8.00      0.01     13.00     13.00      1.30
16:55:03     dev104-1      0.00      0.00      0.00      0.00      0.00      0.00      0.00      0.00
16:55:03     dev104-2      0.00      0.00      0.00      0.00      0.00      0.00      0.00      0.00
16:55:03     dev104-3      0.00      0.00      0.00      0.00      0.00      0.00      0.00      0.00
16:55:03     dev104-4      0.00      0.00      0.00      0.00      0.00      0.00      0.00      0.00
16:55:03     dev104-5      1.00      0.00      8.00      8.00      0.01     13.00     13.00      1.30

16:55:03          DEV       tps  rd_sec/s  wr_sec/s  avgrq-sz  avgqu-sz     await     svctm     %util
16:55:04     dev104-0      6.00      0.00    152.00     25.33      0.10     16.67      8.33      5.00
16:55:04     dev104-1      0.00      0.00      0.00      0.00      0.00      0.00      0.00      0.00
16:55:04     dev104-2      0.00      0.00      0.00      0.00      0.00      0.00      0.00      0.00
16:55:04     dev104-3      0.00      0.00      0.00      0.00      0.00      0.00      0.00      0.00
16:55:04     dev104-4      0.00      0.00      0.00      0.00      0.00      0.00      0.00      0.00
16:55:04     dev104-5      6.00      0.00    152.00     25.33      0.10     16.67      8.33      5.00

Average:          DEV       tps  rd_sec/s  wr_sec/s  avgrq-sz  avgqu-sz     await     svctm     %util
Average:     dev104-0      6.33      0.00    213.33     33.68      0.08     13.21      7.74      4.90
Average:     dev104-1      2.33      0.00     93.33     40.00      0.01      8.14      5.43      1.27
Average:     dev104-2      0.00      0.00      0.00      0.00      0.00      0.00      0.00      0.00
Average:     dev104-3      0.00      0.00      0.00      0.00      0.00      0.00      0.00      0.00
Average:     dev104-4      0.00      0.00      0.00      0.00      0.00      0.00      0.00      0.00
Average:     dev104-5      4.00      0.00    120.00     30.00      0.06     16.17      9.08      3.63
cmdbegin:cpu
Linux 2.6.18-194.el5 (dwmain8) 	09/13/13

16:55:04          CPU     %user     %nice   %system   %iowait    %steal     %idle
16:55:05          all      0.06      6.49      0.25      0.25      0.00     92.95
16:55:06          all      0.06      6.43      0.19      0.06      0.00     93.25
16:55:07          all      0.00      6.43      0.25      0.50      0.00     92.82
Average:          all      0.04      6.45      0.23      0.27      0.00     93.01
cmdbegin:memory
             total       used       free     shared    buffers     cached
Mem:       8160624    8106364      54260          0     467144    6174212
-/+ buffers/cache:    1465008    6695616
Swap:     20482864          0   20482864
cmdbegin:process
USER       PID %CPU %MEM    VSZ   RSS TTY      STAT START   TIME COMMAND
root         1  0.0  0.0  10348   684 ?        Ss   Jul17   0:02 init [5]                             
root         2  0.0  0.0      0     0 ?        S<   Jul17   0:00 [migration/0]
root         3  0.0  0.0      0     0 ?        SN   Jul17   0:00 [ksoftirqd/0]
root         4  0.0  0.0      0     0 ?        S<   Jul17   0:00 [watchdog/0]
root         5  0.0  0.0      0     0 ?        S<   Jul17   0:00 [migration/1]
root         6  0.0  0.0      0     0 ?        SN   Jul17   0:00 [ksoftirqd/1]
root         7  0.0  0.0      0     0 ?        S<   Jul17   0:00 [watchdog/1]
root         8  0.0  0.0      0     0 ?        S<   Jul17   0:00 [migration/2]
root         9  0.0  0.0      0     0 ?        SN   Jul17   0:00 [ksoftirqd/2]
root        10  0.0  0.0      0     0 ?        S<   Jul17   0:00 [watchdog/2]
root        11  0.0  0.0      0     0 ?        S<   Jul17   0:00 [migration/3]
root        12  0.0  0.0      0     0 ?        SN   Jul17   0:00 [ksoftirqd/3]
root        13  0.0  0.0      0     0 ?        S<   Jul17   0:00 [watchdog/3]
root        14  0.0  0.0      0     0 ?        S<   Jul17   0:00 [migration/4]
root        15  0.0  0.0      0     0 ?        SN   Jul17   0:00 [ksoftirqd/4]
root        16  0.0  0.0      0     0 ?        S<   Jul17   0:00 [watchdog/4]
root        17  0.0  0.0      0     0 ?        S<   Jul17   0:00 [migration/5]
root        18  0.0  0.0      0     0 ?        SN   Jul17   0:00 [ksoftirqd/5]
root        19  0.0  0.0      0     0 ?        S<   Jul17   0:00 [watchdog/5]
root        20  0.0  0.0      0     0 ?        S<   Jul17   0:00 [migration/6]
root        21  0.0  0.0      0     0 ?        SN   Jul17   0:00 [ksoftirqd/6]
root        22  0.0  0.0      0     0 ?        S<   Jul17   0:00 [watchdog/6]
root        23  0.0  0.0      0     0 ?        S<   Jul17   0:00 [migration/7]
root        24  0.0  0.0      0     0 ?        SN   Jul17   0:00 [ksoftirqd/7]
root        25  0.0  0.0      0     0 ?        S<   Jul17   0:00 [watchdog/7]
root        26  0.0  0.0      0     0 ?        S<   Jul17   0:00 [migration/8]
root        27  0.0  0.0      0     0 ?        SN   Jul17   0:00 [ksoftirqd/8]
root        28  0.0  0.0      0     0 ?        S<   Jul17   0:00 [watchdog/8]
root        29  0.0  0.0      0     0 ?        S<   Jul17   0:00 [migration/9]
root        30  0.0  0.0      0     0 ?        SN   Jul17   0:00 [ksoftirqd/9]
root        31  0.0  0.0      0     0 ?        S<   Jul17   0:00 [watchdog/9]
root        32  0.0  0.0      0     0 ?        S<   Jul17   0:00 [migration/10]
root        33  0.0  0.0      0     0 ?        SN   Jul17   0:00 [ksoftirqd/10]
root        34  0.0  0.0      0     0 ?        S<   Jul17   0:00 [watchdog/10]
root        35  0.0  0.0      0     0 ?        S<   Jul17   0:00 [migration/11]
root        36  0.0  0.0      0     0 ?        SN   Jul17   0:00 [ksoftirqd/11]
root        37  0.0  0.0      0     0 ?        S<   Jul17   0:00 [watchdog/11]
root        38  0.0  0.0      0     0 ?        S<   Jul17   0:00 [migration/12]
root        39  0.0  0.0      0     0 ?        SN   Jul17   0:00 [ksoftirqd/12]
root        40  0.0  0.0      0     0 ?        S<   Jul17   0:00 [watchdog/12]
root        41  0.0  0.0      0     0 ?        S<   Jul17   0:00 [migration/13]
root        42  0.0  0.0      0     0 ?        SN   Jul17   0:00 [ksoftirqd/13]
root        43  0.0  0.0      0     0 ?        S<   Jul17   0:00 [watchdog/13]
root        44  0.0  0.0      0     0 ?        S<   Jul17   0:00 [migration/14]
root        45  0.0  0.0      0     0 ?        SN   Jul17   0:00 [ksoftirqd/14]
root        46  0.0  0.0      0     0 ?        S<   Jul17   0:00 [watchdog/14]
root        47  0.0  0.0      0     0 ?        S<   Jul17   0:00 [migration/15]
root        48  0.0  0.0      0     0 ?        SN   Jul17   0:00 [ksoftirqd/15]
root        49  0.0  0.0      0     0 ?        S<   Jul17   0:00 [watchdog/15]
root        50  0.0  0.0      0     0 ?        S<   Jul17   0:00 [events/0]
root        51  0.0  0.0      0     0 ?        S<   Jul17   0:00 [events/1]
root        52  0.0  0.0      0     0 ?        S<   Jul17   0:00 [events/2]
root        53  0.0  0.0      0     0 ?        S<   Jul17   0:00 [events/3]
root        54  0.0  0.0      0     0 ?        S<   Jul17   0:00 [events/4]
root        55  0.0  0.0      0     0 ?        S<   Jul17   0:00 [events/5]
root        56  0.0  0.0      0     0 ?        S<   Jul17   0:00 [events/6]
root        57  0.0  0.0      0     0 ?        S<   Jul17   0:00 [events/7]
root        58  0.0  0.0      0     0 ?        S<   Jul17   0:00 [events/8]
root        59  0.0  0.0      0     0 ?        S<   Jul17   0:00 [events/9]
root        60  0.0  0.0      0     0 ?        S<   Jul17   0:00 [events/10]
root        61  0.0  0.0      0     0 ?        S<   Jul17   0:00 [events/11]
root        62  0.0  0.0      0     0 ?        S<   Jul17   0:00 [events/12]
root        63  0.0  0.0      0     0 ?        S<   Jul17   0:00 [events/13]
root        64  0.0  0.0      0     0 ?        S<   Jul17   0:00 [events/14]
root        65  0.0  0.0      0     0 ?        S<   Jul17   0:00 [events/15]
root        66  0.0  0.0      0     0 ?        S<   Jul17   0:00 [khelper]
root       141  0.0  0.0      0     0 ?        S<   Jul17   0:00 [kthread]
root       161  0.0  0.0      0     0 ?        S<   Jul17   0:00 [kblockd/0]
root       162  0.0  0.0      0     0 ?        S<   Jul17   0:07 [kblockd/1]
root       163  0.0  0.0      0     0 ?        S<   Jul17   0:02 [kblockd/2]
root       164  0.0  0.0      0     0 ?        S<   Jul17   0:00 [kblockd/3]
root       165  0.0  0.0      0     0 ?        S<   Jul17   0:00 [kblockd/4]
root       166  0.0  0.0      0     0 ?        S<   Jul17   0:02 [kblockd/5]
root       167  0.0  0.0      0     0 ?        S<   Jul17   0:00 [kblockd/6]
root       168  0.0  0.0      0     0 ?        S<   Jul17   0:05 [kblockd/7]
root       169  0.0  0.0      0     0 ?        S<   Jul17   0:00 [kblockd/8]
root       170  0.0  0.0      0     0 ?        S<   Jul17   0:00 [kblockd/9]
root       171  0.0  0.0      0     0 ?        S<   Jul17   0:00 [kblockd/10]
root       172  0.0  0.0      0     0 ?        S<   Jul17   0:00 [kblockd/11]
root       173  0.0  0.0      0     0 ?        S<   Jul17   0:00 [kblockd/12]
root       174  0.0  0.0      0     0 ?        S<   Jul17   0:00 [kblockd/13]
root       175  0.0  0.0      0     0 ?        S<   Jul17   0:00 [kblockd/14]
root       176  0.0  0.0      0     0 ?        S<   Jul17   0:00 [kblockd/15]
root       177  0.0  0.0      0     0 ?        S<   Jul17   0:00 [kacpid]
root       328  0.0  0.0      0     0 ?        S<   Jul17   0:00 [cqueue/0]
root       329  0.0  0.0      0     0 ?        S<   Jul17   0:00 [cqueue/1]
root       330  0.0  0.0      0     0 ?        S<   Jul17   0:00 [cqueue/2]
root       331  0.0  0.0      0     0 ?        S<   Jul17   0:00 [cqueue/3]
root       332  0.0  0.0      0     0 ?        S<   Jul17   0:00 [cqueue/4]
root       333  0.0  0.0      0     0 ?        S<   Jul17   0:00 [cqueue/5]
root       334  0.0  0.0      0     0 ?        S<   Jul17   0:00 [cqueue/6]
root       335  0.0  0.0      0     0 ?        S<   Jul17   0:00 [cqueue/7]
root       336  0.0  0.0      0     0 ?        S<   Jul17   0:00 [cqueue/8]
root       337  0.0  0.0      0     0 ?        S<   Jul17   0:00 [cqueue/9]
root       338  0.0  0.0      0     0 ?        S<   Jul17   0:00 [cqueue/10]
root       339  0.0  0.0      0     0 ?        S<   Jul17   0:00 [cqueue/11]
root       340  0.0  0.0      0     0 ?        S<   Jul17   0:00 [cqueue/12]
root       341  0.0  0.0      0     0 ?        S<   Jul17   0:00 [cqueue/13]
root       342  0.0  0.0      0     0 ?        S<   Jul17   0:00 [cqueue/14]
root       343  0.0  0.0      0     0 ?        S<   Jul17   0:00 [cqueue/15]
root       346  0.0  0.0      0     0 ?        S<   Jul17   0:00 [khubd]
root       348  0.0  0.0      0     0 ?        S<   Jul17   0:00 [kseriod]
root       537  0.0  0.0      0     0 ?        S    Jul17   0:00 [khungtaskd]
root       538  0.0  0.0      0     0 ?        S    Jul17   0:00 [pdflush]
root       539  0.0  0.0      0     0 ?        S    Jul17   4:11 [pdflush]
root       540  0.0  0.0      0     0 ?        S<   Jul17   0:00 [kswapd0]
root       541  0.0  0.0      0     0 ?        S<   Jul17   0:00 [kswapd1]
root       542  0.0  0.0      0     0 ?        S<   Jul17   0:00 [aio/0]
root       543  0.0  0.0      0     0 ?        S<   Jul17   0:00 [aio/1]
root       544  0.0  0.0      0     0 ?        S<   Jul17   0:00 [aio/2]
root       545  0.0  0.0      0     0 ?        S<   Jul17   0:00 [aio/3]
root       546  0.0  0.0      0     0 ?        S<   Jul17   0:00 [aio/4]
root       547  0.0  0.0      0     0 ?        S<   Jul17   0:00 [aio/5]
root       548  0.0  0.0      0     0 ?        S<   Jul17   0:00 [aio/6]
root       549  0.0  0.0      0     0 ?        S<   Jul17   0:00 [aio/7]
root       550  0.0  0.0      0     0 ?        S<   Jul17   0:00 [aio/8]
root       551  0.0  0.0      0     0 ?        S<   Jul17   0:00 [aio/9]
root       552  0.0  0.0      0     0 ?        S<   Jul17   0:00 [aio/10]
root       553  0.0  0.0      0     0 ?        S<   Jul17   0:00 [aio/11]
root       554  0.0  0.0      0     0 ?        S<   Jul17   0:00 [aio/12]
root       555  0.0  0.0      0     0 ?        S<   Jul17   0:00 [aio/13]
root       556  0.0  0.0      0     0 ?        S<   Jul17   0:00 [aio/14]
root       557  0.0  0.0      0     0 ?        S<   Jul17   0:00 [aio/15]
root       711  0.0  0.0      0     0 ?        S<   Jul17   0:00 [kpsmoused]
root       855  0.0  0.0      0     0 ?        S<   Jul17   0:00 [cciss_scan00]
root       924  0.0  0.0      0     0 ?        S<   Jul17   0:00 [kstriped]
root       993  0.0  0.0      0     0 ?        S<   Jul17   6:36 [kjournald]
root      1018  0.0  0.0      0     0 ?        S<   Jul17   0:01 [kauditd]
root      1055  0.0  0.0  13040  1208 ?        S<s  Jul17   0:00 /sbin/udevd -d
root      1770  0.0  0.0      0     0 ?        S<   Jul17   0:06 [bnx2x]
root      2083  0.5  0.0 135308  3472 ?        S    Jul26 370:36 /df8003/bin/netmd
root      2084  0.4  0.0 139644  3732 ?        SN   Jul26 311:46 /df8003/bin/applogd
root      2085  0.0  0.0 137340  5340 ?        SN   Jul26   0:00 /df8003/bin/dbmd
root      2086  0.4  0.2 159472 21228 ?        S    Jul26 323:24 /df8003/bin/sysmd
root      2154  0.0  0.1 205804  9656 ?        SN   Jul26   0:08 /df8003/bin/procmd
root      2249  0.0  0.1 205308  9416 ?        SN   Jul26   0:00 proc_watchd
ems       2250  0.0  0.1 287508 14028 ?        SN   Jul26  17:40 almd_server_rep
ems       2251  0.0  0.4 629344 34592 ?        SN   Jul26  27:11 alm_replica -mode r
ems       2252  3.6  1.6 611544 138408 ?       SN   Jul26 2582:24 SCADA_Rep -mode r
ems       2253  0.1  0.2 459932 20756 ?        SN   Jul26  87:57 comServer
ems       2254  0.0  1.1 980040 94916 ?        SN   Jul26  17:03 pasServer -mode r -rep
root      2255  0.1  0.1 214712 10028 ?        SN   Jul26 137:42 netmond -s 3600
root      2256  0.0  1.5 653220 124048 ?       SN   Jul26   0:14 ssrd
root      3192  0.0  0.0      0     0 ?        S<   Jul17   0:00 [kmpathd/0]
root      3193  0.0  0.0      0     0 ?        S<   Jul17   0:00 [kmpathd/1]
root      3194  0.0  0.0      0     0 ?        S<   Jul17   0:00 [kmpathd/2]
root      3195  0.0  0.0      0     0 ?        S<   Jul17   0:00 [kmpathd/3]
root      3196  0.0  0.0      0     0 ?        S<   Jul17   0:00 [kmpathd/4]
root      3197  0.0  0.0      0     0 ?        S<   Jul17   0:00 [kmpathd/5]
root      3198  0.0  0.0      0     0 ?        S<   Jul17   0:00 [kmpathd/6]
root      3199  0.0  0.0      0     0 ?        S<   Jul17   0:00 [kmpathd/7]
root      3200  0.0  0.0      0     0 ?        S<   Jul17   0:00 [kmpathd/8]
root      3201  0.0  0.0      0     0 ?        S<   Jul17   0:00 [kmpathd/9]
root      3202  0.0  0.0      0     0 ?        S<   Jul17   0:00 [kmpathd/10]
root      3203  0.0  0.0      0     0 ?        S<   Jul17   0:00 [kmpathd/11]
root      3204  0.0  0.0      0     0 ?        S<   Jul17   0:00 [kmpathd/12]
root      3205  0.0  0.0      0     0 ?        S<   Jul17   0:00 [kmpathd/13]
root      3206  0.0  0.0      0     0 ?        S<   Jul17   0:00 [kmpathd/14]
root      3207  0.0  0.0      0     0 ?        S<   Jul17   0:00 [kmpathd/15]
root      3208  0.0  0.0      0     0 ?        S<   Jul17   0:00 [kmpath_handlerd]
root      3301  0.0  0.0      0     0 ?        S<   Jul17   3:42 [kjournald]
root      3303  0.0  0.0      0     0 ?        S<   Jul17   0:02 [kjournald]
root      3626  0.0  0.0      0     0 ?        S<   Jul17   0:00 [iscsi_eh]
root      3733  0.0  0.0      0     0 ?        S<   Jul17   0:00 [iw_cxgb3]
root      3806  0.0  0.0      0     0 ?        S<   Jul17   0:00 [scsi_eh_0]
root      3808  0.0  0.0      0     0 ?        S<   Jul17   0:00 [scsi_wq_0]
root      3809  0.0  0.0      0     0 ?        S<   Jul17   0:00 [scsi_eh_1]
root      3814  0.0  0.0      0     0 ?        S<   Jul17   0:00 [scsi_wq_1]
root      3857  0.0  0.0      0     0 ?        S<   Jul17   0:00 [ib_addr]
root      3892  0.0  0.0      0     0 ?        S<   Jul17   0:00 [ib_mcast]
root      3893  0.0  0.0      0     0 ?        S<   Jul17   0:00 [ib_inform]
root      3894  0.0  0.0      0     0 ?        S<   Jul17   0:00 [local_sa]
root      3912  0.0  0.0      0     0 ?        S<   Jul17   0:00 [iw_cm_wq]
root      3931  0.0  0.0      0     0 ?        S<   Jul17   0:00 [ib_cm/0]
root      3932  0.0  0.0      0     0 ?        S<   Jul17   0:00 [ib_cm/1]
root      3933  0.0  0.0      0     0 ?        S<   Jul17   0:00 [ib_cm/2]
root      3934  0.0  0.0      0     0 ?        S<   Jul17   0:00 [ib_cm/3]
root      3935  0.0  0.0      0     0 ?        S<   Jul17   0:00 [ib_cm/4]
root      3936  0.0  0.0      0     0 ?        S<   Jul17   0:00 [ib_cm/5]
root      3937  0.0  0.0      0     0 ?        S<   Jul17   0:00 [ib_cm/6]
root      3938  0.0  0.0      0     0 ?        S<   Jul17   0:00 [ib_cm/7]
root      3939  0.0  0.0      0     0 ?        S<   Jul17   0:00 [ib_cm/8]
root      3940  0.0  0.0      0     0 ?        S<   Jul17   0:00 [ib_cm/9]
root      3941  0.0  0.0      0     0 ?        S<   Jul17   0:00 [ib_cm/10]
root      3942  0.0  0.0      0     0 ?        S<   Jul17   0:00 [ib_cm/11]
root      3943  0.0  0.0      0     0 ?        S<   Jul17   0:00 [ib_cm/12]
root      3944  0.0  0.0      0     0 ?        S<   Jul17   0:00 [ib_cm/13]
root      3945  0.0  0.0      0     0 ?        S<   Jul17   0:00 [ib_cm/14]
root      3946  0.0  0.0      0     0 ?        S<   Jul17   0:00 [ib_cm/15]
root      3964  0.0  0.0      0     0 ?        S<   Jul17   0:00 [rdma_cm]
root      4013  0.0  0.0  59320   692 ?        Ssl  Jul17   0:00 brcm_iscsiuio
root      4019  0.0  0.0   3984   428 ?        Ss   Jul17   0:00 iscsid
root      4020  0.0  0.0   4476  2432 ?        S<Ls Jul17   0:00 iscsid
root      4184  0.0  0.0      0     0 ?        S<   Jul17   0:00 [bond0]
root      4312  0.0  0.0  92860   916 ?        S<sl Jul17   0:08 auditd
root      4314  0.0  0.0 147336   972 ?        S<sl Jul17   0:02 /sbin/audispd
root      4336  0.0  0.0  10108   732 ?        Ss   Jul17   0:05 syslogd -m 0
root      4339  0.0  0.0   3804   428 ?        Ss   Jul17   0:00 klogd -x
root      4541  0.0  0.0  10760   396 ?        Ss   Jul17   0:39 irqbalance
rpc       4559  0.0  0.0   8052   632 ?        Ss   Jul17   0:00 portmap
root      4600  0.0  0.0      0     0 ?        S<   Jul17   0:00 [rpciod/0]
root      4601  0.0  0.0      0     0 ?        S<   Jul17   0:00 [rpciod/1]
root      4602  0.0  0.0      0     0 ?        S<   Jul17   0:00 [rpciod/2]
root      4603  0.0  0.0      0     0 ?        S<   Jul17   0:00 [rpciod/3]
root      4604  0.0  0.0      0     0 ?        S<   Jul17   0:00 [rpciod/4]
root      4605  0.0  0.0      0     0 ?        S<   Jul17   0:00 [rpciod/5]
root      4606  0.0  0.0      0     0 ?        S<   Jul17   0:00 [rpciod/6]
root      4607  0.0  0.0      0     0 ?        S<   Jul17   0:00 [rpciod/7]
root      4608  0.0  0.0      0     0 ?        S<   Jul17   0:00 [rpciod/8]
root      4609  0.0  0.0      0     0 ?        S<   Jul17   0:00 [rpciod/9]
root      4610  0.0  0.0      0     0 ?        S<   Jul17   0:00 [rpciod/10]
root      4611  0.0  0.0      0     0 ?        S<   Jul17   0:00 [rpciod/11]
root      4612  0.0  0.0      0     0 ?        S<   Jul17   0:00 [rpciod/12]
root      4613  0.0  0.0      0     0 ?        S<   Jul17   0:00 [rpciod/13]
root      4614  0.0  0.0      0     0 ?        S<   Jul17   0:00 [rpciod/14]
root      4615  0.0  0.0      0     0 ?        S<   Jul17   0:00 [rpciod/15]
root      4636  0.0  0.0  14360   880 ?        Ss   Jul17   0:00 rpc.statd
root      4660  0.0  0.0  55180   764 ?        Ss   Jul17   0:00 rpc.idmapd
dbus      4675  0.0  0.0  21604  1244 ?        Ss   Jul17   1:40 dbus-daemon --system
root      4690  0.0  0.0  10432   816 ?        Ss   Jul17   0:00 /usr/sbin/hcid
root      4694  0.0  0.0   5936   544 ?        Ss   Jul17   0:00 /usr/sbin/sdpd
root      4763  0.0  0.0      0     0 ?        S<   Jul17   0:00 [krfcommd]
root      4800  0.0  0.0  41660  1436 ?        Ssl  Jul17   0:01 pcscd
root      4810  0.0  0.0   3800   580 ?        Ss   Jul17   0:00 /usr/sbin/acpid
68        4819  0.0  0.0  31444  4508 ?        Ss   Jul17   0:28 hald
root      4820  0.0  0.0  21692  1076 ?        S    Jul17   0:00 hald-runner
68        4828  0.0  0.0  12324   844 ?        S    Jul17   0:00 hald-addon-acpi: listening on acpid socket /var/run/acpid.socket
68        4833  0.0  0.0  12324   844 ?        S    Jul17   0:00 hald-addon-keyboard: listening on /dev/input/event0
root      4880  0.0  0.0   8516   480 ?        Ss   Jul17   0:00 /usr/bin/hidd --server
root      4919  0.0  0.0 121988  1532 ?        Ssl  Jul17   0:00 automount
root      4936  0.0  0.0  26324   516 ?        Ss   Jul17   0:00 ./hpiod
root      4941  0.0  0.0 159384  6764 ?        S    Jul17   0:00 python ./hpssd.py
root      4954  0.0  0.0  63500  1216 ?        Ss   Jul17   0:00 /usr/sbin/sshd
root      4963  0.0  0.0 135636  3260 ?        Ss   Jul17   0:13 cupsd
root      4977  0.0  0.0  21644   932 ?        Ss   Jul17   0:00 xinetd -stayalive -pidfile /var/run/xinetd.pid
uuidd     5031  0.0  0.0  60988   136 ?        Ss   Jul17   0:00 /usr/sbin/uuidd
root      5049  0.0  0.0  69008  2360 ?        Ss   Jul17   0:03 sendmail: accepting connections
smmsp     5056  0.0  0.0  59756  1792 ?        Ss   Jul17   0:00 sendmail: Queue runner@01:00:00 for /var/spool/clientmqueue
root      5065  0.0  0.0   6452   372 ?        Ss   Jul17   0:00 gpm -m /dev/input/mice -t exps2
root      5075  0.0  0.0  74840  1148 ?        Ss   Jul17   0:01 crond
xfs       5109  0.0  0.0  31264  2652 ?        Ss   Jul17   0:00 xfs -droppriv -daemon
root      5126  0.0  0.0  18732   464 ?        Ss   Jul17   0:00 /usr/sbin/atd
avahi     5156  0.0  0.0  23280  1312 ?        Ss   Jul17   0:00 avahi-daemon: running [dwmain8.local]
avahi     5157  0.0  0.0  23148   336 ?        Ss   Jul17   0:00 avahi-daemon: chroot helper
root      5170  0.0  0.0 150728  5744 ?        Ssl  Jul17   0:00 /usr/sbin/cimserver
root      5239  0.0  0.2 260024 16900 ?        SN   Jul17   0:02 /usr/bin/python -tt /usr/sbin/yum-updatesd
root      5241  0.0  0.0  12916  1140 ?        SN   Jul17   0:00 /usr/libexec/gam_server
root      5243  0.0  0.0  18416   468 ?        S    Jul17   0:00 /usr/sbin/smartd -q never
root      5248  0.0  0.0   3792   484 tty1     Ss+  Jul17   0:00 /sbin/mingetty tty1
root      5249  0.0  0.0   3792   480 tty2     Ss+  Jul17   0:00 /sbin/mingetty tty2
root      5250  0.0  0.0   3792   480 tty3     Ss+  Jul17   0:00 /sbin/mingetty tty3
root      5251  0.0  0.0   3792   484 tty4     Ss+  Jul17   0:00 /sbin/mingetty tty4
root      5252  0.0  0.0   3792   484 tty5     Ss+  Jul17   0:00 /sbin/mingetty tty5
root      5254  0.0  0.0   3792   484 tty6     Ss+  Jul17   0:00 /sbin/mingetty tty6
root      5256  0.0  0.0 173076  3944 ?        Ss   Jul17   0:05 /usr/sbin/gdm-binary -nodaemon
root      5360  0.0  0.0 209640  3632 ?        S    Jul17   0:00 /usr/sbin/gdm-binary -nodaemon
root      5362  0.0  0.0 255384  4124 ?        Sl   Jul17   0:00 /usr/libexec/gdm-rh-security-token-helper
root      5363  0.1  0.3 141864 25336 tty7     Ss+  Jul17 154:58 /usr/bin/Xorg :0 -br -audit 0 -auth /var/gdm/:0.Xauth vt7
ems       5733  0.0  0.0 247524  6580 ?        Ss   Jul17   0:00 /usr/bin/gnome-session
ems       5765  0.0  0.0      0     0 ?        Z    Jul17   0:00 [Xsession] <defunct>
ems       5772  0.0  0.0  53852   800 ?        Ss   Jul17   0:00 /usr/bin/ssh-agent /bin/sh -c exec -l /bin/bash -c "/usr/bin/dbus-launch --exit-with-session /etc/X11/xinit/Xclients"
ems       5863  0.0  0.0  15180   528 ?        S    Jul17   0:00 /usr/bin/dbus-launch --exit-with-session /etc/X11/xinit/Xclients
ems       5864  0.0  0.0  21392  1016 ?        Ss   Jul17   0:00 /bin/dbus-daemon --fork --print-pid 4 --print-address 6 --session
ems       5869  0.0  0.1 100956  9736 ?        Ss   Jul17   0:00 /usr/lib64/scim-1.0/scim-launcher -d -c simple -e all -f socket --no-stay
ems       5872  0.0  0.0  90576  4464 ?        S    Jul17   0:01 /usr/libexec/gconfd-2 5
ems       5875  0.0  0.0  82444   624 ?        Ss   Jul17   0:00 /usr/lib64/scim-1.0/scim-helper-manager
ems       5876  0.0  0.0 262064  7860 ?        Ssl  Jul17   0:01 /usr/lib64/scim-1.0/scim-panel-gtk --display :0.0 -c socket -d --no-stay
ems       5878  0.0  0.0  90092  1860 ?        Ss   Jul17   0:00 /usr/lib64/scim-1.0/scim-launcher -d -c socket -e socket -f x11
ems       5881  0.0  0.0  12900   576 ?        S    Jul17   0:00 /usr/bin/gnome-keyring-daemon
ems       5883  0.0  0.0 264728  7716 ?        Sl   Jul17   0:00 /usr/libexec/gnome-settings-daemon
ems       5903  0.0  0.0 197496  3340 ?        Ssl  Jul17   0:00 /usr/libexec/bonobo-activation-server --ac-activate --ior-output-fd=18
ems       5908  0.0  0.1 183300 13404 ?        Ss   Jul17   0:02 metacity --sm-client-id=default1
ems       5910  0.0  0.0 239176  5116 ?        S    Jul17   0:00 /usr/libexec/vino-server --oaf-activate-iid=OAFIID:GNOME_RemoteDesktopServer --oaf-ior-fd=17
ems       5914  0.0  0.2 333452 18036 ?        Ss   Jul17   0:02 gnome-panel --sm-client-id default2
ems       5916  0.0  1.6 638292 134928 ?       Ss   Jul17   0:06 nautilus --no-default-window --sm-client-id default3
ems       5920  0.0  0.0 230360  4616 ?        Ss   Jul17   0:00 gnome-volume-manager --sm-client-id default5
ems       5922  0.0  0.0 263476  7668 ?        Ss   Jul17   0:00 eggcups --sm-client-id default4
ems       5924  0.0  0.0 149600  3436 ?        S    Jul17   0:00 /usr/libexec/gnome-vfs-daemon
ems       5933  0.0  0.0 154240  4728 ?        Ss   Jul17   0:00 bt-applet --sm-disable
ems       5940  0.0  0.4 364748 33712 ?        Ss   Jul17   0:01 /usr/bin/python -tt /usr/bin/puplet
ems       5942  0.0  0.1 291652 11468 ?        Ss   Jul17   0:00 nm-applet --sm-disable
ems       5947  0.0  0.0 154972  4436 ?        Ss   Jul17   0:00 pam-panel-icon --sm-client-id default0
root      5948  0.0  0.0  12188   700 ?        S    Jul17   0:00 /sbin/pam_timestamp_check -d root
ems       5955  0.0  0.0 296872  6656 ?        Ss   Jul17   1:09 gnome-power-manager
ems       5956  0.0  0.0  72372  2664 ?        Sl   Jul17   0:00 ./escd --key_Inserted="/usr/bin/esc" --on_Signal="/usr/bin/esc"
root      5959  0.0  0.0  57872  3328 ?        S    Jul17   0:00 /usr/sbin/nm-system-settings --config /etc/NetworkManager/nm-system-settings.conf
ems       5961  0.0  0.0  13020  1204 ?        S    Jul17   0:01 /usr/libexec/gam_server
ems       5977  0.0  0.0  12824   868 ?        S    Jul17   0:00 /usr/libexec/mapping-daemon
ems       5984  0.0  0.3 382884 25104 ?        Sl   Jul17   0:09 gnome-terminal
ems       5988  0.0  0.0  78584  1232 ?        S    Jul17   1:51 scim-bridge
ems       5989  0.0  0.0  14868   728 ?        S    Jul17   0:00 gnome-pty-helper
ems       5990  0.0  0.0  68440  1728 pts/1    Ss+  Jul17   0:00 bash
ems       6082  0.0  0.0 241216  7036 ?        S    Jul17   0:00 /usr/libexec/notification-area-applet --oaf-activate-iid=OAFIID:GNOME_NotificationAreaApplet_Factory --oaf-ior-fd=25
ems       6084  0.0  0.1 297652 11944 ?        S    Jul17   0:00 /usr/libexec/clock-applet --oaf-activate-iid=OAFIID:GNOME_ClockApplet_Factory --oaf-ior-fd=31
ems       6086  0.0  0.1 347520 15280 ?        Sl   Jul17   0:01 /usr/libexec/mixer_applet2 --oaf-activate-iid=OAFIID:GNOME_MixerApplet_Factory --oaf-ior-fd=39
ems       6088  0.0  0.1 324968 15656 ?        S    Jul17   0:01 /usr/libexec/wnck-applet --oaf-activate-iid=OAFIID:GNOME_Wncklet_Factory --oaf-ior-fd=43
ems       6098  0.0  0.0 183452  2248 ?        Ss   Jul17   0:04 gnome-screensaver
ems       9127  0.0  0.0 102044  1536 ?        S    16:55   0:00 crond
ems       9129  0.0  0.0   8700   948 ?        Ss   16:55   0:00 /bin/sh -c /df8003/home/nms/collection.sh >/dev/null
ems       9130  0.0  0.0   8704  1000 ?        S    16:55   0:00 /bin/sh /df8003/home/nms/collection.sh
ems       9140  0.0  0.0  10460   864 ?        R    16:55   0:00 ps aux
ems      10095  0.0  0.0  68440  1720 pts/5    Ss+  Jul18   0:00 bash
ems      10369  0.0  0.0  68440  1720 pts/6    Ss+  Jul18   0:00 bash
ems      10474  0.0  0.0  68440  1716 pts/2    Ss+  Jul18   0:00 bash
ems      10881  0.0  0.0  68440  1716 pts/8    Ss+  Jul18   0:00 bash
ems      19410  0.0  0.0  68440  1716 pts/3    Ss+  Jul29   0:00 bash
ems      22333 99.9  0.2 387540 21040 ?        RN   Aug06 55482:11 pasNtp -mode r -avc
ems      26898  0.0  1.4 933940 118496 ?       SN   Sep03   0:04 dmsClient
ntp      27953  0.0  0.0  24284  5924 ?        SLs  Jul25   0:03 ntpd -u ntp:ntp -p /var/run/ntpd.pid -g
cmdbegin:mac
1: lo: <LOOPBACK,UP,LOWER_UP> mtu 16436 qdisc noqueue 
    link/loopback 00:00:00:00:00:00 brd 00:00:00:00:00:00
    inet 127.0.0.1/8 scope host lo
    inet6 ::1/128 scope host 
       valid_lft forever preferred_lft forever
2: eth0: <BROADCAST,MULTICAST,SLAVE,UP,LOWER_UP> mtu 1500 qdisc pfifo_fast master bond0 qlen 1000
    link/ether 3c:4a:92:ec:73:80 brd ff:ff:ff:ff:ff:ff
3: eth1: <BROADCAST,MULTICAST,SLAVE,UP,LOWER_UP> mtu 1500 qdisc pfifo_fast master bond0 qlen 1000
    link/ether 3c:4a:92:ec:73:80 brd ff:ff:ff:ff:ff:ff
4: sit0: <NOARP> mtu 1480 qdisc noop 
    link/sit 0.0.0.0 brd 0.0.0.0
5: bond0: <BROADCAST,MULTICAST,MASTER,UP,LOWER_UP> mtu 1500 qdisc noqueue 
    link/ether 3c:4a:92:ec:73:80 brd ff:ff:ff:ff:ff:ff
    inet 192.168.108.169/24 brd 192.168.108.255 scope global bond0
    inet6 fe80::3e4a:92ff:feec:7380/64 scope link 
       valid_lft forever preferred_lft forever
cmdbegin:interface
Linux 2.6.18-194.el5 (dwmain8) 	09/13/13

16:55:07        IFACE   rxpck/s   txpck/s   rxbyt/s   txbyt/s   rxcmp/s   txcmp/s  rxmcst/s
16:55:08           lo    807.00    807.00  63445.00  63445.00      0.00      0.00      0.00
16:55:08         eth0    256.00      4.00 158044.00    432.00      0.00      0.00     10.00
16:55:08         eth1      0.00      0.00      0.00      0.00      0.00      0.00      0.00
16:55:08         sit0      0.00      0.00      0.00      0.00      0.00      0.00      0.00
16:55:08        bond0    256.00      4.00 158044.00    432.00      0.00      0.00     10.00

16:55:08        IFACE   rxpck/s   txpck/s   rxbyt/s   txbyt/s   rxcmp/s   txcmp/s  rxmcst/s
16:55:09           lo    631.68    631.68  46485.15  46485.15      0.00      0.00      0.00
16:55:09         eth0    239.60      4.95 154611.88    734.65      0.00      0.00     11.88
16:55:09         eth1      0.00      0.00      0.00      0.00      0.00      0.00      0.00
16:55:09         sit0      0.00      0.00      0.00      0.00      0.00      0.00      0.00
16:55:09        bond0    239.60      4.95 154611.88    734.65      0.00      0.00     11.88

16:55:09        IFACE   rxpck/s   txpck/s   rxbyt/s   txbyt/s   rxcmp/s   txcmp/s  rxmcst/s
16:55:10           lo    839.00    839.00  62783.00  62783.00      0.00      0.00      0.00
16:55:10         eth0    231.00      3.00 152198.00    294.00      0.00      0.00     12.00
16:55:10         eth1      0.00      0.00      0.00      0.00      0.00      0.00      0.00
16:55:10         sit0      0.00      0.00      0.00      0.00      0.00      0.00      0.00
16:55:10        bond0    231.00      3.00 152198.00    294.00      0.00      0.00     12.00

Average:        IFACE   rxpck/s   txpck/s   rxbyt/s   txbyt/s   rxcmp/s   txcmp/s  rxmcst/s
Average:           lo    758.80    758.80  57534.22  57534.22      0.00      0.00      0.00
Average:         eth0    242.19      3.99 154950.17    487.71      0.00      0.00     11.30
Average:         eth1      0.00      0.00      0.00      0.00      0.00      0.00      0.00
Average:         sit0      0.00      0.00      0.00      0.00      0.00      0.00      0.00
Average:        bond0    242.19      3.99 154950.17    487.71      0.00      0.00     11.30
cmdbegin:uname
Linux dwmain8
cmdbegin:usergroup
root:x:0:root
bin:x:1:root,bin,daemon
daemon:x:2:root,bin,daemon
sys:x:3:root,bin,adm
adm:x:4:root,adm,daemon
tty:x:5:
disk:x:6:root
lp:x:7:daemon,lp
mem:x:8:
kmem:x:9:
wheel:x:10:root
mail:x:12:mail
news:x:13:news
uucp:x:14:uucp
man:x:15:
games:x:20:
gopher:x:30:
dip:x:40:
ftp:x:50:
lock:x:54:
nobody:x:99:
users:x:100:
nscd:x:28:
floppy:x:19:
vcsa:x:69:
audio:x:63:gdm
utmp:x:22:
rpc:x:32:
mailnull:x:47:
smmsp:x:51:
pcap:x:77:
utempter:x:35:
slocate:x:21:
ntp:x:38:
sshd:x:74:
rpcuser:x:29:
nfsnobody:x:4294967294:
dbus:x:81:
avahi:x:70:
haldaemon:x:68:
avahi-autoipd:x:101:
distcache:x:94:
mysql:x:27:
apache:x:48:
postgres:x:26:
webalizer:x:67:
oprofile:x:16:
squid:x:23:
named:x:25:
xfs:x:43:
gdm:x:42:
sabayon:x:86:
stapdev:x:102:
stapusr:x:103:
ldap:x:55:
uuidd:x:104:
pkcs11:x:105:root
screen:x:84:
ident:x:98:
pvm:x:24:
privoxy:x:73:
quaggavt:x:85:
quagga:x:92:
radvd:x:75:
radiusd:x:95:
tomcat:x:91:
pegasus:x:65:
fuse:x:106:
dfdz:x:500:ems
dba:x:501:oracle
ems:x:115:
cmdbegin:user
root:x:0:0:root:/root:/bin/bash
bin:x:1:1:bin:/bin:/sbin/nologin
daemon:x:2:2:daemon:/sbin:/sbin/nologin
adm:x:3:4:adm:/var/adm:/sbin/nologin
lp:x:4:7:lp:/var/spool/lpd:/sbin/nologin
sync:x:5:0:sync:/sbin:/bin/sync
shutdown:x:6:0:shutdown:/sbin:/sbin/shutdown
halt:x:7:0:halt:/sbin:/sbin/halt
mail:x:8:12:mail:/var/spool/mail:/sbin/nologin
news:x:9:13:news:/etc/news:
uucp:x:10:14:uucp:/var/spool/uucp:/sbin/nologin
operator:x:11:0:operator:/root:/sbin/nologin
games:x:12:100:games:/usr/games:/sbin/nologin
gopher:x:13:30:gopher:/var/gopher:/sbin/nologin
ftp:x:14:50:FTP User:/var/ftp:/sbin/nologin
nobody:x:99:99:Nobody:/:/sbin/nologin
nscd:x:28:28:NSCD Daemon:/:/sbin/nologin
vcsa:x:69:69:virtual console memory owner:/dev:/sbin/nologin
rpc:x:32:32:Portmapper RPC user:/:/sbin/nologin
mailnull:x:47:47::/var/spool/mqueue:/sbin/nologin
smmsp:x:51:51::/var/spool/mqueue:/sbin/nologin
pcap:x:77:77::/var/arpwatch:/sbin/nologin
ntp:x:38:38::/etc/ntp:/sbin/nologin
sshd:x:74:74:Privilege-separated SSH:/var/empty/sshd:/sbin/nologin
rpcuser:x:29:29:RPC Service User:/var/lib/nfs:/sbin/nologin
nfsnobody:x:4294967294:4294967294:Anonymous NFS User:/var/lib/nfs:/sbin/nologin
dbus:x:81:81:System message bus:/:/sbin/nologin
avahi:x:70:70:Avahi daemon:/:/sbin/nologin
haldaemon:x:68:68:HAL daemon:/:/sbin/nologin
avahi-autoipd:x:100:101:avahi-autoipd:/var/lib/avahi-autoipd:/sbin/nologin
distcache:x:94:94:Distcache:/:/sbin/nologin
mysql:x:27:27:MySQL Server:/var/lib/mysql:/bin/bash
apache:x:48:48:Apache:/var/www:/sbin/nologin
postgres:x:26:26:PostgreSQL Server:/var/lib/pgsql:/bin/bash
webalizer:x:67:67:Webalizer:/var/www/usage:/sbin/nologin
oprofile:x:16:16:Special user account to be used by OProfile:/home/oprofile:/sbin/nologin
squid:x:23:23::/var/spool/squid:/sbin/nologin
named:x:25:25:Named:/var/named:/sbin/nologin
xfs:x:43:43:X Font Server:/etc/X11/fs:/sbin/nologin
gdm:x:42:42::/var/gdm:/sbin/nologin
sabayon:x:86:86:Sabayon user:/home/sabayon:/sbin/nologin
ldap:x:55:55:LDAP User:/var/lib/ldap:/bin/false
uuidd:x:101:104:UUID generator helper daemon:/var/lib/libuuid:/sbin/nologin
amanda:x:33:6:Amanda user:/var/lib/amanda:/bin/bash
ident:x:98:98::/:/sbin/nologin
pvm:x:24:24::/usr/share/pvm3:/bin/bash
privoxy:x:73:73::/etc/privoxy:/sbin/nologin
quagga:x:92:92:Quagga routing suite:/var/run/quagga:/sbin/nologin
radvd:x:75:75:radvd user:/:/sbin/nologin
radiusd:x:95:95:radiusd user:/home/radiusd:/sbin/nologin
tomcat:x:91:91:Tomcat:/usr/share/tomcat5:/bin/sh
pegasus:x:66:65:tog-pegasus OpenPegasus WBEM/CIM services:/var/lib/Pegasus:/sbin/nologin
ems:x:115:500:ems:/df8003/home:/bin/bash
oracle:x:502:501:oracle:/usr/local/oracle:/bin/bash
cmdbegin:date
Fri Sep 13 16:55:10 CST 2013
cmdbegin:uptime
 16:55:10 up 58 days, 7 min,  7 users,  load average: 1.13, 1.57, 1.37
cmdbegin:end
