cmdbegin:version
Linux version 2.6.18-194.el5 (mockbuild@ia64-001.build.bos.redhat.com) (gcc version 4.1.2 20080704 (Red Hat 4.1.2-48)) #1 SMP Tue Mar 16 21:57:01 EDT 2010
cmdbegin:cpuconfig
processor  : 0
cpu MHz    : 1403.000000
processor  : 1
cpu MHz    : 1403.000000
processor  : 2
cpu MHz    : 1403.000000
processor  : 3
cpu MHz    : 1403.000000
processor  : 4
cpu MHz    : 1403.000000
processor  : 5
cpu MHz    : 1403.000000
processor  : 6
cpu MHz    : 1403.000000
processor  : 7
cpu MHz    : 1403.000000
cmdbegin:disk
Filesystem           1K-blocks      Used Available Use% Mounted on
/dev/sda4             20314748    914676  18351496   5% /
/dev/sda5            169378632  39156624 121479100  25% /df8003
/dev/sda2             60944380   7815744  49982908  14% /usr
/dev/sda1               511696      9152    502544   2% /boot/efi
tmpfs                 16655392         0  16655392   0% /dev/shm
cmdbegin:diskperf
Linux 2.6.18-194.el5 (dsfe-b) 	09/13/13 	_ia64_	(8 CPU)

17:40:01          DEV       tps  rd_sec/s  wr_sec/s  avgrq-sz  avgqu-sz     await     svctm     %util
17:40:02       dev8-0      3.00      0.00    144.00     48.00      0.02      9.33      5.67      1.70

17:40:02          DEV       tps  rd_sec/s  wr_sec/s  avgrq-sz  avgqu-sz     await     svctm     %util
17:40:03       dev8-0      0.00      0.00      0.00      0.00      0.00      0.00      0.00      0.00

17:40:03          DEV       tps  rd_sec/s  wr_sec/s  avgrq-sz  avgqu-sz     await     svctm     %util
17:40:04       dev8-0      0.00      0.00      0.00      0.00      0.00      0.00      0.00      0.00

Average:          DEV       tps  rd_sec/s  wr_sec/s  avgrq-sz  avgqu-sz     await     svctm     %util
Average:       dev8-0      1.00      0.00     47.97     48.00      0.01      9.33      5.67      0.57
cmdbegin:cpu
Linux 2.6.18-194.el5 (dsfe-b) 	09/13/13 	_ia64_	(8 CPU)

17:40:04        CPU     %user     %nice   %system   %iowait    %steal     %idle
17:40:05        all      0.01      0.00      0.12      0.00      0.00     99.86
17:40:06        all      0.00      0.00      0.06      0.65      0.00     99.29
17:40:07        all      0.00      0.00      0.07      0.39      0.00     99.54
Average:        all      0.00      0.00      0.09      0.35      0.00     99.56
cmdbegin:memory
             total       used       free     shared    buffers     cached
Mem:      33310800    4414544   28896256          0     696128    2364016
-/+ buffers/cache:    1354400   31956400
Swap:     33554400          0   33554400
cmdbegin:process
USER       PID %CPU %MEM    VSZ   RSS TTY      STAT START   TIME COMMAND
root         1  0.0  0.0   4512  1728 ?        Ss   Aug05   0:21 init [5]                                                                                  
root         2  0.0  0.0      0     0 ?        S<   Aug05   0:00 [migration/0]
root         3  0.0  0.0      0     0 ?        SN   Aug05   1:05 [ksoftirqd/0]
root         4  0.0  0.0      0     0 ?        S<   Aug05   0:00 [watchdog/0]
root         5  0.0  0.0      0     0 ?        S<   Aug05   0:00 [migration/1]
root         6  0.0  0.0      0     0 ?        SN   Aug05   0:00 [ksoftirqd/1]
root         7  0.0  0.0      0     0 ?        S<   Aug05   0:00 [watchdog/1]
root         8  0.0  0.0      0     0 ?        S<   Aug05   0:00 [migration/2]
root         9  0.0  0.0      0     0 ?        SN   Aug05   2:57 [ksoftirqd/2]
root        10  0.0  0.0      0     0 ?        S<   Aug05   0:00 [watchdog/2]
root        11  0.0  0.0      0     0 ?        S<   Aug05   0:00 [migration/3]
root        12  0.0  0.0      0     0 ?        SN   Aug05   0:00 [ksoftirqd/3]
root        13  0.0  0.0      0     0 ?        S<   Aug05   0:00 [watchdog/3]
root        14  0.0  0.0      0     0 ?        S<   Aug05   0:00 [migration/4]
root        15  0.0  0.0      0     0 ?        SN   Aug05   0:06 [ksoftirqd/4]
root        16  0.0  0.0      0     0 ?        S<   Aug05   0:00 [watchdog/4]
root        17  0.0  0.0      0     0 ?        S<   Aug05   0:00 [migration/5]
root        18  0.0  0.0      0     0 ?        SN   Aug05   0:00 [ksoftirqd/5]
root        19  0.0  0.0      0     0 ?        S<   Aug05   0:00 [watchdog/5]
root        20  0.0  0.0      0     0 ?        S<   Aug05   0:00 [migration/6]
root        21  0.0  0.0      0     0 ?        SN   Aug05   0:01 [ksoftirqd/6]
root        22  0.0  0.0      0     0 ?        S<   Aug05   0:00 [watchdog/6]
root        23  0.0  0.0      0     0 ?        S<   Aug05   0:00 [migration/7]
root        24  0.0  0.0      0     0 ?        SN   Aug05   0:00 [ksoftirqd/7]
root        25  0.0  0.0      0     0 ?        S<   Aug05   0:00 [watchdog/7]
root        26  0.0  0.0      0     0 ?        S<   Aug05   0:00 [events/0]
root        27  0.0  0.0      0     0 ?        S<   Aug05   0:00 [events/1]
root        28  0.0  0.0      0     0 ?        S<   Aug05   0:00 [events/2]
root        29  0.0  0.0      0     0 ?        S<   Aug05   0:00 [events/3]
root        30  0.0  0.0      0     0 ?        S<   Aug05   0:00 [events/4]
root        31  0.0  0.0      0     0 ?        S<   Aug05   0:00 [events/5]
root        32  0.0  0.0      0     0 ?        S<   Aug05   0:00 [events/6]
root        33  0.0  0.0      0     0 ?        S<   Aug05   0:00 [events/7]
root        34  0.0  0.0      0     0 ?        S<   Aug05   0:00 [khelper]
root        67  0.0  0.0      0     0 ?        S<   Aug05   0:00 [kthread]
root        78  0.0  0.0      0     0 ?        S<   Aug05   0:00 [kblockd/0]
root        79  0.0  0.0      0     0 ?        S<   Aug05   0:00 [kblockd/1]
root        80  0.0  0.0      0     0 ?        S<   Aug05   0:01 [kblockd/2]
root        81  0.0  0.0      0     0 ?        S<   Aug05   0:00 [kblockd/3]
root        82  0.0  0.0      0     0 ?        S<   Aug05   0:01 [kblockd/4]
root        83  0.0  0.0      0     0 ?        S<   Aug05   0:00 [kblockd/5]
root        84  0.0  0.0      0     0 ?        S<   Aug05   0:00 [kblockd/6]
root        85  0.0  0.0      0     0 ?        S<   Aug05   0:00 [kblockd/7]
root        86  0.0  0.0      0     0 ?        S<   Aug05   0:00 [kacpid]
root       213  0.0  0.0      0     0 ?        S<   Aug05   0:00 [cqueue/0]
root       214  0.0  0.0      0     0 ?        S<   Aug05   0:00 [cqueue/1]
root       215  0.0  0.0      0     0 ?        S<   Aug05   0:00 [cqueue/2]
root       216  0.0  0.0      0     0 ?        S<   Aug05   0:00 [cqueue/3]
root       217  0.0  0.0      0     0 ?        S<   Aug05   0:00 [cqueue/4]
root       218  0.0  0.0      0     0 ?        S<   Aug05   0:00 [cqueue/5]
root       219  0.0  0.0      0     0 ?        S<   Aug05   0:00 [cqueue/6]
root       220  0.0  0.0      0     0 ?        S<   Aug05   0:00 [cqueue/7]
root       223  0.0  0.0      0     0 ?        S<   Aug05   0:00 [khubd]
root       225  0.0  0.0      0     0 ?        S<   Aug05   0:00 [kseriod]
root       323  0.0  0.0      0     0 ?        S    Aug05   0:00 [khungtaskd]
root       324  0.0  0.0      0     0 ?        S    Aug05   0:00 [pdflush]
root       325  0.0  0.0      0     0 ?        S    Aug05   0:42 [pdflush]
root       326  0.0  0.0      0     0 ?        S<   Aug05   0:00 [kswapd0]
root       327  0.0  0.0      0     0 ?        S<   Aug05   0:00 [aio/0]
root       328  0.0  0.0      0     0 ?        S<   Aug05   0:00 [aio/1]
root       329  0.0  0.0      0     0 ?        S<   Aug05   0:00 [aio/2]
root       330  0.0  0.0      0     0 ?        S<   Aug05   0:00 [aio/3]
root       331  0.0  0.0      0     0 ?        S<   Aug05   0:00 [aio/4]
root       332  0.0  0.0      0     0 ?        S<   Aug05   0:00 [aio/5]
root       333  0.0  0.0      0     0 ?        S<   Aug05   0:00 [aio/6]
root       334  0.0  0.0      0     0 ?        S<   Aug05   0:00 [aio/7]
root       500  0.0  0.0      0     0 ?        S<   Aug05   0:00 [kpsmoused]
root       637  0.0  0.0      0     0 ?        S<   Aug05   0:00 [mpt_poll_0]
root       638  0.0  0.0      0     0 ?        S<   Aug05   0:00 [mpt/0]
root       639  0.0  0.0      0     0 ?        S<   Aug05   0:00 [scsi_eh_0]
root       658  0.0  0.0      0     0 ?        S<   Aug05   0:00 [fc_sc_wq]
root       659  0.0  0.0      0     0 ?        S<   Aug05   0:01 [lpfc_worker_0]
root       660  0.0  0.0      0     0 ?        S<   Aug05   0:00 [scsi_eh_1]
root       661  0.0  0.0      0     0 ?        S<   Aug05   0:00 [scsi_wq_1]
root       662  0.0  0.0      0     0 ?        S<   Aug05   0:00 [fc_wq_1]
root       663  0.0  0.0      0     0 ?        S<   Aug05   0:00 [fc_dl_1]
root       664  0.0  0.0      0     0 ?        S<   Aug05   0:01 [lpfc_worker_1]
root       665  0.0  0.0      0     0 ?        S<   Aug05   0:00 [scsi_eh_2]
root       666  0.0  0.0      0     0 ?        S<   Aug05   0:00 [scsi_wq_2]
root       667  0.0  0.0      0     0 ?        S<   Aug05   0:00 [fc_wq_2]
root       668  0.0  0.0      0     0 ?        S<   Aug05   0:00 [fc_dl_2]
root       678  0.0  0.0      0     0 ?        S<   Aug05   0:00 [scsi_eh_3]
root       679  0.0  0.0      0     0 ?        S<   Aug05   4:05 [usb-storage]
root       699  0.0  0.0      0     0 ?        S<   Aug05   0:00 [kstriped]
root       736  0.0  0.0      0     0 ?        S<   Aug05   2:57 [kjournald]
root       761  0.0  0.0      0     0 ?        S<   Aug05   0:00 [kauditd]
root       794  0.0  0.0   5600  2016 ?        S<s  Aug05   0:00 /sbin/udevd -d
root      2076  0.0  0.0      0     0 ?        S<   Aug05   0:00 [kmpathd/0]
root      2077  0.0  0.0      0     0 ?        S<   Aug05   0:00 [kmpathd/1]
root      2078  0.0  0.0      0     0 ?        S<   Aug05   0:00 [kmpathd/2]
root      2079  0.0  0.0      0     0 ?        S<   Aug05   0:00 [kmpathd/3]
root      2080  0.0  0.0      0     0 ?        S<   Aug05   0:00 [kmpathd/4]
root      2081  0.0  0.0      0     0 ?        S<   Aug05   0:00 [kmpathd/5]
root      2082  0.0  0.0      0     0 ?        S<   Aug05   0:00 [kmpathd/6]
root      2083  0.0  0.0      0     0 ?        S<   Aug05   0:00 [kmpathd/7]
root      2084  0.0  0.0      0     0 ?        S<   Aug05   0:00 [kmpath_handlerd]
root      2161  0.0  0.0      0     0 ?        S<   Aug05   1:14 [kjournald]
root      2163  0.0  0.0      0     0 ?        S<   Aug05   0:01 [kjournald]
root      2511  0.0  0.0      0     0 ?        S<   Aug05   0:00 [bond0]
root      2867  0.0  0.0  82272  2080 ?        S<sl Aug05   0:02 auditd
root      2869  0.0  0.0  80480  1760 ?        S<sl Aug05   0:00 /sbin/audispd
root      2891  0.0  0.0   4608  1584 ?        Ss   Aug05   0:09 syslogd -m 0
root      2894  0.0  0.0   4432  1120 ?        Ss   Aug05   0:03 klogd -x
root      2964  0.0  0.0      0     0 ?        S<   Aug05   0:01 [kondemand/0]
root      2965  0.0  0.0      0     0 ?        S<   Aug05   0:00 [kondemand/1]
root      2966  0.0  0.0      0     0 ?        S<   Aug05   0:00 [kondemand/2]
root      2967  0.0  0.0      0     0 ?        S<   Aug05   0:00 [kondemand/3]
root      2968  0.0  0.0      0     0 ?        S<   Aug05   0:00 [kondemand/4]
root      2969  0.0  0.0      0     0 ?        S<   Aug05   0:00 [kondemand/5]
root      2970  0.0  0.0      0     0 ?        S<   Aug05   0:00 [kondemand/6]
root      2971  0.0  0.0      0     0 ?        S<   Aug05   0:00 [kondemand/7]
root      2989  0.0  0.0   6016  1152 ?        Ss   Aug05   2:59 irqbalance
rpc       3000  0.0  0.0   4800  1424 ?        Ss   Aug05   0:00 portmap
root      3033  0.0  0.0      0     0 ?        S<   Aug05   0:00 [rpciod/0]
root      3034  0.0  0.0      0     0 ?        S<   Aug05   0:00 [rpciod/1]
root      3035  0.0  0.0      0     0 ?        S<   Aug05   0:00 [rpciod/2]
root      3036  0.0  0.0      0     0 ?        S<   Aug05   0:00 [rpciod/3]
root      3037  0.0  0.0      0     0 ?        S<   Aug05   0:00 [rpciod/4]
root      3038  0.0  0.0      0     0 ?        S<   Aug05   0:00 [rpciod/5]
root      3039  0.0  0.0      0     0 ?        S<   Aug05   0:00 [rpciod/6]
root      3040  0.0  0.0      0     0 ?        S<   Aug05   0:00 [rpciod/7]
root      3053  0.0  0.0   4976  1904 ?        Ss   Aug05   0:00 rpc.statd
root      3077  0.0  0.0  14272  2160 ?        Ss   Aug05   0:00 rpc.idmapd
dbus      3093  0.0  0.0   7136  2560 ?        Ss   Aug05   0:01 dbus-daemon --system
root      3108  0.0  0.0   5536  1888 ?        Ss   Aug05   0:00 /usr/sbin/hcid
root      3112  0.0  0.0   4592  1296 ?        Ss   Aug05   0:00 /usr/sbin/sdpd
root      3157  0.0  0.0      0     0 ?        S<   Aug05   0:00 [krfcommd]
root      3193  0.0  0.0  25552  2704 ?        Ssl  Aug05   0:03 pcscd
root      3203  0.0  0.0   4352  1360 ?        Ss   Aug05   0:00 /usr/sbin/acpid
68        3212  0.0  0.0  11424  7120 ?        Ss   Aug05   0:02 hald
root      3213  0.0  0.0   6944  2832 ?        S    Aug05   0:00 hald-runner
68        3221  0.0  0.0   4480  2032 ?        S    Aug05   0:00 hald-addon-acpi: listening on acpid socket /var/run/acpid.socket
68        3223  0.0  0.0   4480  2032 ?        S    Aug05   0:00 hald-addon-keyboard: listening on /dev/input/event3
68        3227  0.0  0.0   4480  2032 ?        S    Aug05   0:00 hald-addon-keyboard: listening on /dev/input/event2
68        3234  0.0  0.0   4480  2032 ?        S    Aug05   0:00 hald-addon-keyboard: listening on /dev/input/event0
root      3253  0.0  0.0   4256  1664 ?        S    Aug05   2:25 hald-addon-storage: polling /dev/scd0
root      3279  0.0  0.0   5472  1216 ?        Ss   Aug05   0:00 /usr/bin/hidd --server
root      3306  0.0  0.0 123104  3680 ?        Ssl  Aug05   0:23 automount
root      3323  0.0  0.0  11248  2128 ?        Ss   Aug05   0:00 ./hpiod
root      3328  0.0  0.0  82912 10480 ?        S    Aug05   0:00 python ./hpssd.py
root      3341  0.0  0.0  16512  3328 ?        Ss   Aug05   0:00 /usr/sbin/sshd
root      3350  0.0  0.0  76688  6304 ?        Ss   Aug05   0:00 cupsd
root      3364  0.0  0.0   7392  2304 ?        Ss   Aug05   0:00 xinetd -stayalive -pidfile /var/run/xinetd.pid
root      3383  0.0  0.0  20608  4880 ?        Ss   Aug05   0:01 sendmail: accepting connections
smmsp     3392  0.0  0.0  18208  3872 ?        Ss   Aug05   0:00 sendmail: Queue runner@01:00:00 for /var/spool/clientmqueue
root      3402  0.0  0.0   4512  1232 ?        Ss   Aug05   0:00 gpm -m /dev/input/mice -t exps2
root      3411  0.0  0.0  64112  2400 ?        Ss   Aug05   0:00 crond
xfs       3444  0.0  0.0   8544  3552 ?        Ss   Aug05   0:00 xfs -droppriv -daemon
root      3461  0.0  0.0   6048  1376 ?        Ss   Aug05   0:00 /usr/sbin/atd
root      3473  0.0  0.0   3296   560 ?        S    Aug05   0:00 salinfo_decode_all
root      3474  0.0  0.0   3504  1328 ?        S    Aug05   0:00 salinfo_decode -t cmc -D /var/log/salinfo -i 90 -s 90 -l 10
root      3475  0.0  0.0   3504  1328 ?        S    Aug05   0:00 salinfo_decode -t cpe -D /var/log/salinfo -i 90 -s 90 -l 10
root      3476  0.0  0.0   3504  1328 ?        S    Aug05   0:00 salinfo_decode -t init -D /var/log/salinfo -i 90 -s 90 -l 16
root      3477  0.0  0.0   3504  1328 ?        S    Aug05   0:00 salinfo_decode -t mca -D /var/log/salinfo -i 90 -s 90 -l 4
avahi     3511  0.0  0.0   6112  3184 ?        Ss   Aug05   0:00 avahi-daemon: running [dsfe-b.local]
avahi     3512  0.0  0.0   5984  1392 ?        Ss   Aug05   0:00 avahi-daemon: chroot helper
nobody    3523  0.0  0.0   3888  1376 ?        S    Aug05   0:01 /usr/sbin/dnsmasq
root      3588  0.0  0.0   8800  1312 ?        S    Aug05   0:00 /usr/sbin/smartd -q never
root      3594  0.0  0.0   3520  1232 tty1     Ss+  Aug05   0:00 /sbin/mingetty tty1
root      3595  0.0  0.0   3520  1232 tty2     Ss+  Aug05   0:00 /sbin/mingetty tty2
root      3596  0.0  0.0   3520  1232 tty3     Ss+  Aug05   0:00 /sbin/mingetty tty3
root      3597  0.0  0.0   3520  1232 tty4     Ss+  Aug05   0:00 /sbin/mingetty tty4
root      3598  0.0  0.0   3520  1232 tty5     Ss+  Aug05   0:00 /sbin/mingetty tty5
root      3600  0.0  0.0   3520  1232 tty6     Ss+  Aug05   0:00 /sbin/mingetty tty6
root      3602  0.0  0.0  88480  8752 ?        Ss   Aug05   0:00 /usr/sbin/gdm-binary -nodaemon
root      3698  0.0  0.0  90256  7408 ?        S    Aug05   0:00 /usr/sbin/gdm-binary -nodaemon
root      3700  0.0  0.0 102128 11984 ?        Sl   Aug05   0:00 /usr/libexec/gdm-rh-security-token-helper
root      3701  0.0  0.0  28128 13600 tty7     Ss+  Aug05   0:05 /usr/bin/Xorg :0 -br -audit 0 -auth /var/gdm/:0.Xauth -nolisten tcp vt7
root      3714  0.0  0.0 110528 23152 ?        SN   Aug05   0:02 /usr/bin/python -tt /usr/sbin/yum-updatesd
root      3716  0.0  0.0   5472  2928 ?        SN   Aug05   0:00 /usr/libexec/gam_server
gdm       3727  0.0  0.1 264608 51856 ?        Ss   Aug05   0:01 /usr/libexec/gdmgreeter
root      3771  0.0  0.0   3536  1392 ttyS1    Ss+  Aug05   0:00 /sbin/agetty ttyS1 9600 vt100-nav
root      3781  0.0  0.0  20400  7312 ?        Ss   Aug05   0:00 sshd: ems [priv] 
ems       3783  0.0  0.0  43072 28432 ?        S    Aug05   9:01 sshd: ems@pts/1  
ems       3784  0.0  0.0  63856  4112 pts/1    Ss+  Aug05   0:00 -bash
ems      24728  0.0  0.0  66112  3616 ?        S    17:40   0:00 crond
ems      24729  0.0  0.0   5248  2560 ?        Ss   17:40   0:00 /bin/sh -c /df8003/home/nms/collection.sh >/dev/null
ems      24730  0.0  0.0   5312  2656 ?        S    17:40   0:00 /bin/sh /df8003/home/nms/collection.sh
ems      24740  0.0  0.0   4464  2048 ?        R    17:40   0:00 ps aux
cmdbegin:mac
1: lo: <LOOPBACK,UP,LOWER_UP> mtu 16436 qdisc noqueue 
    link/loopback 00:00:00:00:00:00 brd 00:00:00:00:00:00
    inet 127.0.0.1/8 scope host lo
    inet6 ::1/128 scope host 
       valid_lft forever preferred_lft forever
2: eth0: <BROADCAST,MULTICAST,SLAVE,UP,LOWER_UP> mtu 1500 qdisc pfifo_fast master bond0 qlen 1000
    link/ether 00:23:7d:3d:3c:01 brd ff:ff:ff:ff:ff:ff
3: eth1: <BROADCAST,MULTICAST,SLAVE,UP,LOWER_UP> mtu 1500 qdisc pfifo_fast master bond0 qlen 1000
    link/ether 00:23:7d:3d:3c:01 brd ff:ff:ff:ff:ff:ff
4: eth2: <BROADCAST,MULTICAST,UP,LOWER_UP> mtu 1500 qdisc pfifo_fast qlen 100
    link/ether 00:24:81:77:c1:95 brd ff:ff:ff:ff:ff:ff
    inet 192.168.2.6/24 brd 192.168.2.255 scope global eth2
    inet6 fe80::224:81ff:fe77:c195/64 scope link 
       valid_lft forever preferred_lft forever
5: eth3: <BROADCAST,MULTICAST,UP,LOWER_UP> mtu 1500 qdisc pfifo_fast qlen 100
    link/ether 00:23:7d:3d:3b:f2 brd ff:ff:ff:ff:ff:ff
    inet 192.168.3.6/24 brd 192.168.3.255 scope global eth3
    inet6 fe80::223:7dff:fe3d:3bf2/64 scope link 
       valid_lft forever preferred_lft forever
6: sit0: <NOARP> mtu 1480 qdisc noop 
    link/sit 0.0.0.0 brd 0.0.0.0
7: bond0: <BROADCAST,MULTICAST,MASTER,UP,LOWER_UP> mtu 1500 qdisc noqueue 
    link/ether 00:23:7d:3d:3c:01 brd ff:ff:ff:ff:ff:ff
    inet 192.168.1.6/24 brd 192.168.1.255 scope global bond0
    inet6 fe80::223:7dff:fe3d:3c01/64 scope link 
       valid_lft forever preferred_lft forever
cmdbegin:interface
Linux 2.6.18-194.el5 (dsfe-b) 	09/13/13 	_ia64_	(8 CPU)

17:40:07        IFACE   rxpck/s   txpck/s    rxkB/s    txkB/s   rxcmp/s   txcmp/s  rxmcst/s
17:40:08           lo      0.00      0.00      0.00      0.00      0.00      0.00      0.00
17:40:08         eth0     57.94      0.00     33.76      0.00      0.00      0.00      0.00
17:40:08         eth1     57.94      0.00     33.76      0.00      0.00      0.00      0.00
17:40:08         eth2      0.00      0.00      0.00      0.00      0.00      0.00      0.00
17:40:08         eth3      0.00      0.00      0.00      0.00      0.00      0.00      0.00
17:40:08         sit0      0.00      0.00      0.00      0.00      0.00      0.00      0.00
17:40:08        bond0    115.88      0.00     67.51      0.00      0.00      0.00      0.00

17:40:08        IFACE   rxpck/s   txpck/s    rxkB/s    txkB/s   rxcmp/s   txcmp/s  rxmcst/s
17:40:09           lo      0.00      0.00      0.00      0.00      0.00      0.00      0.00
17:40:09         eth0    141.86      1.00    147.47      0.04      0.00      0.00      0.00
17:40:09         eth1    140.86      0.00    147.41      0.00      0.00      0.00      0.00
17:40:09         eth2      0.00      0.00      0.00      0.00      0.00      0.00      0.00
17:40:09         eth3      0.00      0.00      0.00      0.00      0.00      0.00      0.00
17:40:09         sit0      0.00      0.00      0.00      0.00      0.00      0.00      0.00
17:40:09        bond0    282.72      1.00    294.88      0.04      0.00      0.00      0.00

17:40:09        IFACE   rxpck/s   txpck/s    rxkB/s    txkB/s   rxcmp/s   txcmp/s  rxmcst/s
17:40:10           lo      0.00      0.00      0.00      0.00      0.00      0.00      0.00
17:40:10         eth0    144.86      0.00    170.47      0.00      0.00      0.00      0.00
17:40:10         eth1    144.86      0.00    170.47      0.00      0.00      0.00      0.00
17:40:10         eth2      0.00      0.00      0.00      0.00      0.00      0.00      0.00
17:40:10         eth3      0.00      0.00      0.00      0.00      0.00      0.00      0.00
17:40:10         sit0      0.00      0.00      0.00      0.00      0.00      0.00      0.00
17:40:10        bond0    289.71      0.00    340.94      0.00      0.00      0.00      0.00

Average:        IFACE   rxpck/s   txpck/s    rxkB/s    txkB/s   rxcmp/s   txcmp/s  rxmcst/s
Average:           lo      0.00      0.00      0.00      0.00      0.00      0.00      0.00
Average:         eth0    114.89      0.33    117.23      0.01      0.00      0.00      0.00
Average:         eth1    114.55      0.00    117.21      0.00      0.00      0.00      0.00
Average:         eth2      0.00      0.00      0.00      0.00      0.00      0.00      0.00
Average:         eth3      0.00      0.00      0.00      0.00      0.00      0.00      0.00
Average:         sit0      0.00      0.00      0.00      0.00      0.00      0.00      0.00
Average:        bond0    229.44      0.33    234.44      0.01      0.00      0.00      0.00
cmdbegin:uname
Linux dsfe-b
cmdbegin:usergroup
root:x:0:root
bin:x:1:root,bin,daemon
daemon:x:2:root,bin,daemon
sys:x:3:root,bin,adm
adm:x:4:root,adm,daemon
tty:x:5:
disk:x:6:root
lp:x:7:daemon,lp
mem:x:8:
kmem:x:9:
wheel:x:10:root
mail:x:12:mail
news:x:13:news
uucp:x:14:uucp
man:x:15:
games:x:20:
gopher:x:30:
dip:x:40:
ftp:x:50:
lock:x:54:
nobody:x:99:
users:x:100:ems,oracle
audio:x:63:gdm
nscd:x:28:
floppy:x:19:
vcsa:x:69:
utmp:x:22:
rpc:x:32:
mailnull:x:47:
smmsp:x:51:
pcap:x:77:
utempter:x:35:
slocate:x:21:
dbus:x:81:
avahi:x:70:
rpcuser:x:29:
nfsnobody:x:4294967294:
sshd:x:74:
haldaemon:x:68:
avahi-autoipd:x:101:
distcache:x:94:
apache:x:48:
ntp:x:38:
oprofile:x:16:
webalizer:x:67:
squid:x:23:
xfs:x:43:
gdm:x:42:
sabayon:x:86:
stapdev:x:102:
stapusr:x:103:
dfdz:x:500:ems
dba:x:501:oracle,ems
cmdbegin:user
root:x:0:0:root:/root:/bin/bash
bin:x:1:1:bin:/bin:/sbin/nologin
daemon:x:2:2:daemon:/sbin:/sbin/nologin
adm:x:3:4:adm:/var/adm:/sbin/nologin
lp:x:4:7:lp:/var/spool/lpd:/sbin/nologin
sync:x:5:0:sync:/sbin:/bin/sync
shutdown:x:6:0:shutdown:/sbin:/sbin/shutdown
halt:x:7:0:halt:/sbin:/sbin/halt
mail:x:8:12:mail:/var/spool/mail:/sbin/nologin
news:x:9:13:news:/etc/news:
uucp:x:10:14:uucp:/var/spool/uucp:/sbin/nologin
operator:x:11:0:operator:/root:/sbin/nologin
games:x:12:100:games:/usr/games:/sbin/nologin
gopher:x:13:30:gopher:/var/gopher:/sbin/nologin
ftp:x:14:50:FTP User:/var/ftp:/sbin/nologin
nobody:x:99:99:Nobody:/:/sbin/nologin
nscd:x:28:28:NSCD Daemon:/:/sbin/nologin
vcsa:x:69:69:virtual console memory owner:/dev:/sbin/nologin
rpc:x:32:32:Portmapper RPC user:/:/sbin/nologin
mailnull:x:47:47::/var/spool/mqueue:/sbin/nologin
smmsp:x:51:51::/var/spool/mqueue:/sbin/nologin
pcap:x:77:77::/var/arpwatch:/sbin/nologin
dbus:x:81:81:System message bus:/:/sbin/nologin
avahi:x:70:70:Avahi daemon:/:/sbin/nologin
rpcuser:x:29:29:RPC Service User:/var/lib/nfs:/sbin/nologin
nfsnobody:x:4294967294:4294967294:Anonymous NFS User:/var/lib/nfs:/sbin/nologin
sshd:x:74:74:Privilege-separated SSH:/var/empty/sshd:/sbin/nologin
haldaemon:x:68:68:HAL daemon:/:/sbin/nologin
avahi-autoipd:x:100:101:avahi-autoipd:/var/lib/avahi-autoipd:/sbin/nologin
distcache:x:94:94:Distcache:/:/sbin/nologin
apache:x:48:48:Apache:/var/www:/sbin/nologin
ntp:x:38:38::/etc/ntp:/sbin/nologin
oprofile:x:16:16:Special user account to be used by OProfile:/home/oprofile:/sbin/nologin
webalizer:x:67:67:Webalizer:/var/www/usage:/sbin/nologin
squid:x:23:23::/var/spool/squid:/sbin/nologin
xfs:x:43:43:X Font Server:/etc/X11/fs:/sbin/nologin
gdm:x:42:42::/var/gdm:/sbin/nologin
sabayon:x:86:86:Sabayon user:/home/sabayon:/sbin/nologin
ems:x:115:500:ems:/df8003/home:/bin/bash
oracle:x:502:501:oracle:/usr/local/oracle:/bin/bash
cmdbegin:date
Fri Sep 13 17:40:10 CST 2013
cmdbegin:uptime
 17:40:10 up 38 days, 23:48,  1 user,  load average: 0.04, 0.01, 0.00
cmdbegin:end
