cmdbegin:version
Linux version 2.6.18-194.el5 (mockbuild@x86-005.build.bos.redhat.com) (gcc version 4.1.2 20080704 (Red Hat 4.1.2-48)) #1 SMP Tue Mar 16 21:52:39 EDT 2010
cmdbegin:cpuconfig
processor	: 0
model name	:        Intel(R) Xeon(R) CPU E7- 4807  @ 1.87GHz
cpu MHz		: 1864.694
cache size	: 18432 KB
processor	: 1
model name	:        Intel(R) Xeon(R) CPU E7- 4807  @ 1.87GHz
cpu MHz		: 1864.694
cache size	: 18432 KB
processor	: 2
model name	:        Intel(R) Xeon(R) CPU E7- 4807  @ 1.87GHz
cpu MHz		: 1864.694
cache size	: 18432 KB
processor	: 3
model name	:        Intel(R) Xeon(R) CPU E7- 4807  @ 1.87GHz
cpu MHz		: 1864.694
cache size	: 18432 KB
processor	: 4
model name	:        Intel(R) Xeon(R) CPU E7- 4807  @ 1.87GHz
cpu MHz		: 1864.694
cache size	: 18432 KB
processor	: 5
model name	:        Intel(R) Xeon(R) CPU E7- 4807  @ 1.87GHz
cpu MHz		: 1864.694
cache size	: 18432 KB
processor	: 6
model name	:        Intel(R) Xeon(R) CPU E7- 4807  @ 1.87GHz
cpu MHz		: 1864.694
cache size	: 18432 KB
processor	: 7
model name	:        Intel(R) Xeon(R) CPU E7- 4807  @ 1.87GHz
cpu MHz		: 1864.694
cache size	: 18432 KB
processor	: 8
model name	:        Intel(R) Xeon(R) CPU E7- 4807  @ 1.87GHz
cpu MHz		: 1864.694
cache size	: 18432 KB
processor	: 9
model name	:        Intel(R) Xeon(R) CPU E7- 4807  @ 1.87GHz
cpu MHz		: 1864.694
cache size	: 18432 KB
processor	: 10
model name	:        Intel(R) Xeon(R) CPU E7- 4807  @ 1.87GHz
cpu MHz		: 1864.694
cache size	: 18432 KB
processor	: 11
model name	:        Intel(R) Xeon(R) CPU E7- 4807  @ 1.87GHz
cpu MHz		: 1864.694
cache size	: 18432 KB
processor	: 12
model name	:        Intel(R) Xeon(R) CPU E7- 4807  @ 1.87GHz
cpu MHz		: 1864.694
cache size	: 18432 KB
processor	: 13
model name	:        Intel(R) Xeon(R) CPU E7- 4807  @ 1.87GHz
cpu MHz		: 1864.694
cache size	: 18432 KB
processor	: 14
model name	:        Intel(R) Xeon(R) CPU E7- 4807  @ 1.87GHz
cpu MHz		: 1864.694
cache size	: 18432 KB
processor	: 15
model name	:        Intel(R) Xeon(R) CPU E7- 4807  @ 1.87GHz
cpu MHz		: 1864.694
cache size	: 18432 KB
processor	: 16
model name	:        Intel(R) Xeon(R) CPU E7- 4807  @ 1.87GHz
cpu MHz		: 1864.694
cache size	: 18432 KB
processor	: 17
model name	:        Intel(R) Xeon(R) CPU E7- 4807  @ 1.87GHz
cpu MHz		: 1864.694
cache size	: 18432 KB
processor	: 18
model name	:        Intel(R) Xeon(R) CPU E7- 4807  @ 1.87GHz
cpu MHz		: 1864.694
cache size	: 18432 KB
processor	: 19
model name	:        Intel(R) Xeon(R) CPU E7- 4807  @ 1.87GHz
cpu MHz		: 1864.694
cache size	: 18432 KB
processor	: 20
model name	:        Intel(R) Xeon(R) CPU E7- 4807  @ 1.87GHz
cpu MHz		: 1864.694
cache size	: 18432 KB
processor	: 21
model name	:        Intel(R) Xeon(R) CPU E7- 4807  @ 1.87GHz
cpu MHz		: 1864.694
cache size	: 18432 KB
processor	: 22
model name	:        Intel(R) Xeon(R) CPU E7- 4807  @ 1.87GHz
cpu MHz		: 1864.694
cache size	: 18432 KB
processor	: 23
model name	:        Intel(R) Xeon(R) CPU E7- 4807  @ 1.87GHz
cpu MHz		: 1864.694
cache size	: 18432 KB
processor	: 24
model name	:        Intel(R) Xeon(R) CPU E7- 4807  @ 1.87GHz
cpu MHz		: 1864.694
cache size	: 18432 KB
processor	: 25
model name	:        Intel(R) Xeon(R) CPU E7- 4807  @ 1.87GHz
cpu MHz		: 1864.694
cache size	: 18432 KB
processor	: 26
model name	:        Intel(R) Xeon(R) CPU E7- 4807  @ 1.87GHz
cpu MHz		: 1864.694
cache size	: 18432 KB
processor	: 27
model name	:        Intel(R) Xeon(R) CPU E7- 4807  @ 1.87GHz
cpu MHz		: 1864.694
cache size	: 18432 KB
processor	: 28
model name	:        Intel(R) Xeon(R) CPU E7- 4807  @ 1.87GHz
cpu MHz		: 1864.694
cache size	: 18432 KB
processor	: 29
model name	:        Intel(R) Xeon(R) CPU E7- 4807  @ 1.87GHz
cpu MHz		: 1864.694
cache size	: 18432 KB
processor	: 30
model name	:        Intel(R) Xeon(R) CPU E7- 4807  @ 1.87GHz
cpu MHz		: 1864.694
cache size	: 18432 KB
processor	: 31
model name	:        Intel(R) Xeon(R) CPU E7- 4807  @ 1.87GHz
cpu MHz		: 1864.694
cache size	: 18432 KB
processor	: 32
model name	:        Intel(R) Xeon(R) CPU E7- 4807  @ 1.87GHz
cpu MHz		: 1864.694
cache size	: 18432 KB
processor	: 33
model name	:        Intel(R) Xeon(R) CPU E7- 4807  @ 1.87GHz
cpu MHz		: 1864.694
cache size	: 18432 KB
processor	: 34
model name	:        Intel(R) Xeon(R) CPU E7- 4807  @ 1.87GHz
cpu MHz		: 1864.694
cache size	: 18432 KB
processor	: 35
model name	:        Intel(R) Xeon(R) CPU E7- 4807  @ 1.87GHz
cpu MHz		: 1864.694
cache size	: 18432 KB
processor	: 36
model name	:        Intel(R) Xeon(R) CPU E7- 4807  @ 1.87GHz
cpu MHz		: 1864.694
cache size	: 18432 KB
processor	: 37
model name	:        Intel(R) Xeon(R) CPU E7- 4807  @ 1.87GHz
cpu MHz		: 1864.694
cache size	: 18432 KB
processor	: 38
model name	:        Intel(R) Xeon(R) CPU E7- 4807  @ 1.87GHz
cpu MHz		: 1864.694
cache size	: 18432 KB
processor	: 39
model name	:        Intel(R) Xeon(R) CPU E7- 4807  @ 1.87GHz
cpu MHz		: 1864.694
cache size	: 18432 KB
processor	: 40
model name	:        Intel(R) Xeon(R) CPU E7- 4807  @ 1.87GHz
cpu MHz		: 1864.694
cache size	: 18432 KB
processor	: 41
model name	:        Intel(R) Xeon(R) CPU E7- 4807  @ 1.87GHz
cpu MHz		: 1864.694
cache size	: 18432 KB
processor	: 42
model name	:        Intel(R) Xeon(R) CPU E7- 4807  @ 1.87GHz
cpu MHz		: 1864.694
cache size	: 18432 KB
processor	: 43
model name	:        Intel(R) Xeon(R) CPU E7- 4807  @ 1.87GHz
cpu MHz		: 1864.694
cache size	: 18432 KB
processor	: 44
model name	:        Intel(R) Xeon(R) CPU E7- 4807  @ 1.87GHz
cpu MHz		: 1864.694
cache size	: 18432 KB
processor	: 45
model name	:        Intel(R) Xeon(R) CPU E7- 4807  @ 1.87GHz
cpu MHz		: 1864.694
cache size	: 18432 KB
processor	: 46
model name	:        Intel(R) Xeon(R) CPU E7- 4807  @ 1.87GHz
cpu MHz		: 1864.694
cache size	: 18432 KB
processor	: 47
model name	:        Intel(R) Xeon(R) CPU E7- 4807  @ 1.87GHz
cpu MHz		: 1864.694
cache size	: 18432 KB
cmdbegin:disk
Filesystem           1K-blocks      Used Available Use% Mounted on
/dev/cciss/c0d0p1     79356500    807932  74452400   2% /
/dev/cciss/c0d0p5     95283436  17623548  72741592  20% /df8003
/dev/cciss/c0d0p2     79356528   5241528  70018828   7% /usr
tmpfs                 16473504         0  16473504   0% /dev/shm
cmdbegin:diskperf
Linux 2.6.18-194.el5 (byfert02) 	09/13/13 	_x86_64_	(48 CPU)

16:50:01          DEV       tps  rd_sec/s  wr_sec/s  avgrq-sz  avgqu-sz     await     svctm     %util
16:50:02     dev104-0      2.00      0.00    200.00    100.00      0.01      8.00      6.00      1.20

16:50:02          DEV       tps  rd_sec/s  wr_sec/s  avgrq-sz  avgqu-sz     await     svctm     %util
16:50:03     dev104-0      0.00      0.00      0.00      0.00      0.00      0.00      0.00      0.00

16:50:03          DEV       tps  rd_sec/s  wr_sec/s  avgrq-sz  avgqu-sz     await     svctm     %util
16:50:04     dev104-0     10.10      0.00    387.88     38.40      0.18     18.30      4.60      4.65

Average:          DEV       tps  rd_sec/s  wr_sec/s  avgrq-sz  avgqu-sz     await     svctm     %util
Average:     dev104-0      4.00      0.00    194.67     48.67      0.07     16.58      4.83      1.93
cmdbegin:cpu
Linux 2.6.18-194.el5 (byfert02) 	09/13/13 	_x86_64_	(48 CPU)

16:50:04        CPU     %user     %nice   %system   %iowait    %steal     %idle
16:50:05        all      0.00      0.73      0.08      0.04      0.00     99.15
16:50:06        all      0.00      0.83      0.06      0.06      0.00     99.04
16:50:07        all      0.00      0.71      0.06      0.15      0.00     99.08
Average:        all      0.00      0.76      0.07      0.08      0.00     99.09
cmdbegin:memory
             total       used       free     shared    buffers     cached
Mem:      32947012    4613424   28333588          0     476080    1822900
-/+ buffers/cache:    2314444   30632568
Swap:     30716272          0   30716272
cmdbegin:process
USER       PID %CPU %MEM    VSZ   RSS TTY      STAT START   TIME COMMAND
root         1  0.0  0.0  10348   688 ?        Ss   Jun19   0:12 init [5]                             
root         2  0.0  0.0      0     0 ?        S<   Jun19   0:05 [migration/0]
root         3  0.0  0.0      0     0 ?        SN   Jun19   0:00 [ksoftirqd/0]
root         4  0.0  0.0      0     0 ?        S<   Jun19   0:00 [watchdog/0]
root         5  0.0  0.0      0     0 ?        S<   Jun19   0:00 [migration/1]
root         6  0.0  0.0      0     0 ?        SN   Jun19   0:00 [ksoftirqd/1]
root         7  0.0  0.0      0     0 ?        S<   Jun19   0:00 [watchdog/1]
root         8  0.0  0.0      0     0 ?        S<   Jun19   0:00 [migration/2]
root         9  0.0  0.0      0     0 ?        SN   Jun19   0:00 [ksoftirqd/2]
root        10  0.0  0.0      0     0 ?        S<   Jun19   0:00 [watchdog/2]
root        11  0.0  0.0      0     0 ?        S<   Jun19   0:00 [migration/3]
root        12  0.0  0.0      0     0 ?        SN   Jun19   0:00 [ksoftirqd/3]
root        13  0.0  0.0      0     0 ?        S<   Jun19   0:00 [watchdog/3]
root        14  0.0  0.0      0     0 ?        S<   Jun19   0:00 [migration/4]
root        15  0.0  0.0      0     0 ?        SN   Jun19   0:00 [ksoftirqd/4]
root        16  0.0  0.0      0     0 ?        S<   Jun19   0:00 [watchdog/4]
root        17  0.0  0.0      0     0 ?        S<   Jun19   0:00 [migration/5]
root        18  0.0  0.0      0     0 ?        SN   Jun19   0:00 [ksoftirqd/5]
root        19  0.0  0.0      0     0 ?        S<   Jun19   0:00 [watchdog/5]
root        20  0.0  0.0      0     0 ?        S<   Jun19   0:12 [migration/6]
root        21  0.0  0.0      0     0 ?        SN   Jun19   0:00 [ksoftirqd/6]
root        22  0.0  0.0      0     0 ?        S<   Jun19   0:00 [watchdog/6]
root        23  0.0  0.0      0     0 ?        S<   Jun19   0:00 [migration/7]
root        24  0.0  0.0      0     0 ?        SN   Jun19   0:00 [ksoftirqd/7]
root        25  0.0  0.0      0     0 ?        S<   Jun19   0:00 [watchdog/7]
root        26  0.0  0.0      0     0 ?        S<   Jun19   0:00 [migration/8]
root        27  0.0  0.0      0     0 ?        SN   Jun19   0:00 [ksoftirqd/8]
root        28  0.0  0.0      0     0 ?        S<   Jun19   0:00 [watchdog/8]
root        29  0.0  0.0      0     0 ?        S<   Jun19   0:00 [migration/9]
root        30  0.0  0.0      0     0 ?        SN   Jun19   0:00 [ksoftirqd/9]
root        31  0.0  0.0      0     0 ?        S<   Jun19   0:00 [watchdog/9]
root        32  0.0  0.0      0     0 ?        S<   Jun19   0:00 [migration/10]
root        33  0.0  0.0      0     0 ?        SN   Jun19   0:00 [ksoftirqd/10]
root        34  0.0  0.0      0     0 ?        S<   Jun19   0:00 [watchdog/10]
root        35  0.0  0.0      0     0 ?        S<   Jun19   0:00 [migration/11]
root        36  0.0  0.0      0     0 ?        SN   Jun19   0:00 [ksoftirqd/11]
root        37  0.0  0.0      0     0 ?        S<   Jun19   0:00 [watchdog/11]
root        38  0.0  0.0      0     0 ?        S<   Jun19   0:03 [migration/12]
root        39  0.0  0.0      0     0 ?        SN   Jun19   0:00 [ksoftirqd/12]
root        40  0.0  0.0      0     0 ?        S<   Jun19   0:00 [watchdog/12]
root        41  0.0  0.0      0     0 ?        S<   Jun19   0:00 [migration/13]
root        42  0.0  0.0      0     0 ?        SN   Jun19   0:00 [ksoftirqd/13]
root        43  0.0  0.0      0     0 ?        S<   Jun19   0:00 [watchdog/13]
root        44  0.0  0.0      0     0 ?        S<   Jun19   0:00 [migration/14]
root        45  0.0  0.0      0     0 ?        SN   Jun19   0:00 [ksoftirqd/14]
root        46  0.0  0.0      0     0 ?        S<   Jun19   0:00 [watchdog/14]
root        47  0.0  0.0      0     0 ?        S<   Jun19   0:00 [migration/15]
root        48  0.0  0.0      0     0 ?        SN   Jun19   0:00 [ksoftirqd/15]
root        49  0.0  0.0      0     0 ?        S<   Jun19   0:00 [watchdog/15]
root        50  0.0  0.0      0     0 ?        S<   Jun19   0:00 [migration/16]
root        51  0.0  0.0      0     0 ?        SN   Jun19   0:00 [ksoftirqd/16]
root        52  0.0  0.0      0     0 ?        S<   Jun19   0:00 [watchdog/16]
root        53  0.0  0.0      0     0 ?        S<   Jun19   0:00 [migration/17]
root        54  0.0  0.0      0     0 ?        SN   Jun19   0:00 [ksoftirqd/17]
root        55  0.0  0.0      0     0 ?        S<   Jun19   0:00 [watchdog/17]
root        56  0.0  0.0      0     0 ?        S<   Jun19   0:05 [migration/18]
root        57  0.0  0.0      0     0 ?        SN   Jun19   0:00 [ksoftirqd/18]
root        58  0.0  0.0      0     0 ?        S<   Jun19   0:00 [watchdog/18]
root        59  0.0  0.0      0     0 ?        S<   Jun19   0:00 [migration/19]
root        60  0.0  0.0      0     0 ?        SN   Jun19   0:00 [ksoftirqd/19]
root        61  0.0  0.0      0     0 ?        S<   Jun19   0:00 [watchdog/19]
root        62  0.0  0.0      0     0 ?        S<   Jun19   0:00 [migration/20]
root        63  0.0  0.0      0     0 ?        SN   Jun19   0:00 [ksoftirqd/20]
root        64  0.0  0.0      0     0 ?        S<   Jun19   0:00 [watchdog/20]
root        65  0.0  0.0      0     0 ?        S<   Jun19   0:00 [migration/21]
root        66  0.0  0.0      0     0 ?        SN   Jun19   0:00 [ksoftirqd/21]
root        67  0.0  0.0      0     0 ?        S<   Jun19   0:00 [watchdog/21]
root        68  0.0  0.0      0     0 ?        S<   Jun19   0:00 [migration/22]
root        69  0.0  0.0      0     0 ?        SN   Jun19   0:00 [ksoftirqd/22]
root        70  0.0  0.0      0     0 ?        S<   Jun19   0:00 [watchdog/22]
root        71  0.0  0.0      0     0 ?        S<   Jun19   0:00 [migration/23]
root        72  0.0  0.0      0     0 ?        SN   Jun19   0:00 [ksoftirqd/23]
root        73  0.0  0.0      0     0 ?        S<   Jun19   0:00 [watchdog/23]
root        74  0.0  0.0      0     0 ?        S<   Jun19   0:00 [migration/24]
root        75  0.0  0.0      0     0 ?        SN   Jun19   0:00 [ksoftirqd/24]
root        76  0.0  0.0      0     0 ?        S<   Jun19   0:00 [watchdog/24]
root        77  0.0  0.0      0     0 ?        S<   Jun19   0:00 [migration/25]
root        78  0.0  0.0      0     0 ?        SN   Jun19   0:00 [ksoftirqd/25]
root        79  0.0  0.0      0     0 ?        S<   Jun19   0:00 [watchdog/25]
root        80  0.0  0.0      0     0 ?        S<   Jun19   0:00 [migration/26]
root        81  0.0  0.0      0     0 ?        SN   Jun19   0:00 [ksoftirqd/26]
root        82  0.0  0.0      0     0 ?        S<   Jun19   0:00 [watchdog/26]
root        83  0.0  0.0      0     0 ?        S<   Jun19   0:00 [migration/27]
root        84  0.0  0.0      0     0 ?        SN   Jun19   0:00 [ksoftirqd/27]
root        85  0.0  0.0      0     0 ?        S<   Jun19   0:00 [watchdog/27]
root        86  0.0  0.0      0     0 ?        S<   Jun19   0:00 [migration/28]
root        87  0.0  0.0      0     0 ?        SN   Jun19   0:00 [ksoftirqd/28]
root        88  0.0  0.0      0     0 ?        S<   Jun19   0:00 [watchdog/28]
root        89  0.0  0.0      0     0 ?        S<   Jun19   0:00 [migration/29]
root        90  0.0  0.0      0     0 ?        SN   Jun19   0:00 [ksoftirqd/29]
root        91  0.0  0.0      0     0 ?        S<   Jun19   0:00 [watchdog/29]
root        92  0.0  0.0      0     0 ?        S<   Jun19   0:00 [migration/30]
root        93  0.0  0.0      0     0 ?        SN   Jun19   0:00 [ksoftirqd/30]
root        94  0.0  0.0      0     0 ?        S<   Jun19   0:00 [watchdog/30]
root        95  0.0  0.0      0     0 ?        S<   Jun19   0:00 [migration/31]
root        96  0.0  0.0      0     0 ?        SN   Jun19   0:00 [ksoftirqd/31]
root        97  0.0  0.0      0     0 ?        S<   Jun19   0:00 [watchdog/31]
root        98  0.0  0.0      0     0 ?        S<   Jun19   0:00 [migration/32]
root        99  0.0  0.0      0     0 ?        SN   Jun19   0:00 [ksoftirqd/32]
root       100  0.0  0.0      0     0 ?        S<   Jun19   0:00 [watchdog/32]
root       101  0.0  0.0      0     0 ?        S<   Jun19   0:00 [migration/33]
root       102  0.0  0.0      0     0 ?        SN   Jun19   0:00 [ksoftirqd/33]
root       103  0.0  0.0      0     0 ?        S<   Jun19   0:00 [watchdog/33]
root       104  0.0  0.0      0     0 ?        S<   Jun19   0:00 [migration/34]
root       105  0.0  0.0      0     0 ?        SN   Jun19   0:00 [ksoftirqd/34]
root       106  0.0  0.0      0     0 ?        S<   Jun19   0:00 [watchdog/34]
root       107  0.0  0.0      0     0 ?        S<   Jun19   0:00 [migration/35]
root       108  0.0  0.0      0     0 ?        SN   Jun19   0:00 [ksoftirqd/35]
root       109  0.0  0.0      0     0 ?        S<   Jun19   0:00 [watchdog/35]
root       110  0.0  0.0      0     0 ?        S<   Jun19   0:00 [migration/36]
root       111  0.0  0.0      0     0 ?        SN   Jun19   0:00 [ksoftirqd/36]
root       112  0.0  0.0      0     0 ?        S<   Jun19   0:00 [watchdog/36]
root       113  0.0  0.0      0     0 ?        S<   Jun19   0:04 [migration/37]
root       114  0.0  0.0      0     0 ?        RN   Jun19   0:00 [ksoftirqd/37]
root       115  0.0  0.0      0     0 ?        S<   Jun19   0:00 [watchdog/37]
root       116  0.0  0.0      0     0 ?        S<   Jun19   0:00 [migration/38]
root       117  0.0  0.0      0     0 ?        SN   Jun19   0:00 [ksoftirqd/38]
root       118  0.0  0.0      0     0 ?        S<   Jun19   0:00 [watchdog/38]
root       119  0.0  0.0      0     0 ?        S<   Jun19   0:00 [migration/39]
root       120  0.0  0.0      0     0 ?        SN   Jun19   0:00 [ksoftirqd/39]
root       121  0.0  0.0      0     0 ?        S<   Jun19   0:00 [watchdog/39]
root       122  0.0  0.0      0     0 ?        S<   Jun19   0:00 [migration/40]
root       123  0.0  0.0      0     0 ?        SN   Jun19   0:00 [ksoftirqd/40]
root       124  0.0  0.0      0     0 ?        S<   Jun19   0:00 [watchdog/40]
root       125  0.0  0.0      0     0 ?        S<   Jun19   0:00 [migration/41]
root       126  0.0  0.0      0     0 ?        SN   Jun19   0:00 [ksoftirqd/41]
root       127  0.0  0.0      0     0 ?        S<   Jun19   0:00 [watchdog/41]
root       128  0.0  0.0      0     0 ?        S<   Jun19   0:00 [migration/42]
root       129  0.0  0.0      0     0 ?        SN   Jun19   0:00 [ksoftirqd/42]
root       130  0.0  0.0      0     0 ?        S<   Jun19   0:00 [watchdog/42]
root       131  0.0  0.0      0     0 ?        S<   Jun19   0:02 [migration/43]
root       132  0.0  0.0      0     0 ?        SN   Jun19   0:00 [ksoftirqd/43]
root       133  0.0  0.0      0     0 ?        S<   Jun19   0:00 [watchdog/43]
root       134  0.0  0.0      0     0 ?        S<   Jun19   0:00 [migration/44]
root       135  0.0  0.0      0     0 ?        SN   Jun19   0:00 [ksoftirqd/44]
root       136  0.0  0.0      0     0 ?        S<   Jun19   0:00 [watchdog/44]
root       137  0.0  0.0      0     0 ?        S<   Jun19   0:00 [migration/45]
root       138  0.0  0.0      0     0 ?        SN   Jun19   0:00 [ksoftirqd/45]
root       139  0.0  0.0      0     0 ?        S<   Jun19   0:00 [watchdog/45]
root       140  0.0  0.0      0     0 ?        S<   Jun19   0:00 [migration/46]
root       141  0.0  0.0      0     0 ?        SN   Jun19   0:00 [ksoftirqd/46]
root       142  0.0  0.0      0     0 ?        S<   Jun19   0:00 [watchdog/46]
root       143  0.0  0.0      0     0 ?        S<   Jun19   0:00 [migration/47]
root       144  0.0  0.0      0     0 ?        SN   Jun19   0:00 [ksoftirqd/47]
root       145  0.0  0.0      0     0 ?        S<   Jun19   0:00 [watchdog/47]
root       146  0.0  0.0      0     0 ?        S<   Jun19   0:11 [events/0]
root       147  0.0  0.0      0     0 ?        S<   Jun19   0:00 [events/1]
root       148  0.0  0.0      0     0 ?        S<   Jun19   0:00 [events/2]
root       149  0.0  0.0      0     0 ?        S<   Jun19   0:00 [events/3]
root       150  0.0  0.0      0     0 ?        S<   Jun19   0:00 [events/4]
root       151  0.0  0.0      0     0 ?        S<   Jun19   0:00 [events/5]
root       152  0.0  0.0      0     0 ?        S<   Jun19   0:00 [events/6]
root       153  0.0  0.0      0     0 ?        S<   Jun19   0:00 [events/7]
root       154  0.0  0.0      0     0 ?        S<   Jun19   0:00 [events/8]
root       155  0.0  0.0      0     0 ?        S<   Jun19   0:00 [events/9]
root       156  0.0  0.0      0     0 ?        S<   Jun19   0:00 [events/10]
root       157  0.0  0.0      0     0 ?        S<   Jun19   0:00 [events/11]
root       158  0.0  0.0      0     0 ?        S<   Jun19   0:00 [events/12]
root       159  0.0  0.0      0     0 ?        S<   Jun19   0:00 [events/13]
root       160  0.0  0.0      0     0 ?        S<   Jun19   0:00 [events/14]
root       161  0.0  0.0      0     0 ?        S<   Jun19   0:00 [events/15]
root       162  0.0  0.0      0     0 ?        S<   Jun19   0:00 [events/16]
root       163  0.0  0.0      0     0 ?        S<   Jun19   0:00 [events/17]
root       164  0.0  0.0      0     0 ?        S<   Jun19   0:00 [events/18]
root       165  0.0  0.0      0     0 ?        S<   Jun19   0:00 [events/19]
root       166  0.0  0.0      0     0 ?        S<   Jun19   0:00 [events/20]
root       167  0.0  0.0      0     0 ?        S<   Jun19   0:00 [events/21]
root       168  0.0  0.0      0     0 ?        S<   Jun19   0:00 [events/22]
root       169  0.0  0.0      0     0 ?        S<   Jun19   0:00 [events/23]
root       170  0.0  0.0      0     0 ?        S<   Jun19   0:00 [events/24]
root       171  0.0  0.0      0     0 ?        S<   Jun19   0:00 [events/25]
root       172  0.0  0.0      0     0 ?        S<   Jun19   0:00 [events/26]
root       173  0.0  0.0      0     0 ?        S<   Jun19   0:00 [events/27]
root       174  0.0  0.0      0     0 ?        S<   Jun19   0:00 [events/28]
root       175  0.0  0.0      0     0 ?        S<   Jun19   0:00 [events/29]
root       176  0.0  0.0      0     0 ?        S<   Jun19   0:00 [events/30]
root       177  0.0  0.0      0     0 ?        S<   Jun19   0:00 [events/31]
root       178  0.0  0.0      0     0 ?        S<   Jun19   0:00 [events/32]
root       179  0.0  0.0      0     0 ?        S<   Jun19   0:00 [events/33]
root       180  0.0  0.0      0     0 ?        S<   Jun19   0:00 [events/34]
root       181  0.0  0.0      0     0 ?        S<   Jun19   0:00 [events/35]
root       182  0.0  0.0      0     0 ?        S<   Jun19   0:00 [events/36]
root       183  0.0  0.0      0     0 ?        S<   Jun19   0:00 [events/37]
root       184  0.0  0.0      0     0 ?        S<   Jun19   0:00 [events/38]
root       185  0.0  0.0      0     0 ?        S<   Jun19   0:00 [events/39]
root       186  0.0  0.0      0     0 ?        S<   Jun19   0:00 [events/40]
root       187  0.0  0.0      0     0 ?        S<   Jun19   0:00 [events/41]
root       188  0.0  0.0      0     0 ?        S<   Jun19   0:00 [events/42]
root       189  0.0  0.0      0     0 ?        S<   Jun19   0:00 [events/43]
root       190  0.0  0.0      0     0 ?        S<   Jun19   0:00 [events/44]
root       191  0.0  0.0      0     0 ?        S<   Jun19   0:00 [events/45]
root       192  0.0  0.0      0     0 ?        S<   Jun19   0:00 [events/46]
root       193  0.0  0.0      0     0 ?        S<   Jun19   0:00 [events/47]
root       194  0.0  0.0      0     0 ?        S<   Jun19   0:00 [khelper]
root       459  0.0  0.0      0     0 ?        S<   Jun19   0:00 [kthread]
root       513  0.0  0.0      0     0 ?        S<   Jun19   0:00 [kblockd/0]
root       514  0.0  0.0      0     0 ?        S<   Jun19   0:08 [kblockd/1]
root       515  0.0  0.0      0     0 ?        S<   Jun19   0:24 [kblockd/2]
root       516  0.0  0.0      0     0 ?        S<   Jun19   0:02 [kblockd/3]
root       517  0.0  0.0      0     0 ?        S<   Jun19   0:00 [kblockd/4]
root       518  0.0  0.0      0     0 ?        S<   Jun19   0:00 [kblockd/5]
root       519  0.0  0.0      0     0 ?        S<   Jun19   0:00 [kblockd/6]
root       520  0.0  0.0      0     0 ?        S<   Jun19   0:00 [kblockd/7]
root       521  0.0  0.0      0     0 ?        S<   Jun19   0:00 [kblockd/8]
root       522  0.0  0.0      0     0 ?        S<   Jun19   0:00 [kblockd/9]
root       523  0.0  0.0      0     0 ?        S<   Jun19   0:00 [kblockd/10]
root       524  0.0  0.0      0     0 ?        S<   Jun19   0:00 [kblockd/11]
root       525  0.0  0.0      0     0 ?        S<   Jun19   0:00 [kblockd/12]
root       526  0.0  0.0      0     0 ?        S<   Jun19   0:00 [kblockd/13]
root       527  0.0  0.0      0     0 ?        S<   Jun19   0:00 [kblockd/14]
root       528  0.0  0.0      0     0 ?        S<   Jun19   0:00 [kblockd/15]
root       529  0.0  0.0      0     0 ?        S<   Jun19   0:00 [kblockd/16]
root       530  0.0  0.0      0     0 ?        S<   Jun19   0:00 [kblockd/17]
root       531  0.0  0.0      0     0 ?        S<   Jun19   0:00 [kblockd/18]
root       532  0.0  0.0      0     0 ?        S<   Jun19   0:00 [kblockd/19]
root       533  0.0  0.0      0     0 ?        S<   Jun19   0:00 [kblockd/20]
root       534  0.0  0.0      0     0 ?        S<   Jun19   0:00 [kblockd/21]
root       535  0.0  0.0      0     0 ?        S<   Jun19   0:00 [kblockd/22]
root       536  0.0  0.0      0     0 ?        S<   Jun19   0:00 [kblockd/23]
root       537  0.0  0.0      0     0 ?        S<   Jun19   0:00 [kblockd/24]
root       538  0.0  0.0      0     0 ?        S<   Jun19   0:00 [kblockd/25]
root       539  0.0  0.0      0     0 ?        S<   Jun19   0:00 [kblockd/26]
root       540  0.0  0.0      0     0 ?        S<   Jun19   0:00 [kblockd/27]
root       541  0.0  0.0      0     0 ?        S<   Jun19   0:00 [kblockd/28]
root       542  0.0  0.0      0     0 ?        S<   Jun19   0:00 [kblockd/29]
root       543  0.0  0.0      0     0 ?        S<   Jun19   0:00 [kblockd/30]
root       544  0.0  0.0      0     0 ?        S<   Jun19   0:00 [kblockd/31]
root       545  0.0  0.0      0     0 ?        S<   Jun19   0:00 [kblockd/32]
root       546  0.0  0.0      0     0 ?        S<   Jun19   0:00 [kblockd/33]
root       547  0.0  0.0      0     0 ?        S<   Jun19   0:00 [kblockd/34]
root       548  0.0  0.0      0     0 ?        S<   Jun19   0:00 [kblockd/35]
root       549  0.0  0.0      0     0 ?        S<   Jun19   0:00 [kblockd/36]
root       550  0.0  0.0      0     0 ?        S<   Jun19   0:00 [kblockd/37]
root       551  0.0  0.0      0     0 ?        S<   Jun19   0:00 [kblockd/38]
root       552  0.0  0.0      0     0 ?        S<   Jun19   0:00 [kblockd/39]
root       553  0.0  0.0      0     0 ?        S<   Jun19   0:00 [kblockd/40]
root       554  0.0  0.0      0     0 ?        S<   Jun19   0:00 [kblockd/41]
root       555  0.0  0.0      0     0 ?        S<   Jun19   0:00 [kblockd/42]
root       556  0.0  0.0      0     0 ?        S<   Jun19   0:00 [kblockd/43]
root       557  0.0  0.0      0     0 ?        S<   Jun19   0:00 [kblockd/44]
root       558  0.0  0.0      0     0 ?        S<   Jun19   0:00 [kblockd/45]
root       559  0.0  0.0      0     0 ?        S<   Jun19   0:00 [kblockd/46]
root       560  0.0  0.0      0     0 ?        S<   Jun19   0:00 [kblockd/47]
root       561  0.0  0.0      0     0 ?        S<   Jun19   0:00 [kacpid]
root       791  0.0  0.0      0     0 ?        S<   Jun19   0:00 [cqueue/0]
root       792  0.0  0.0      0     0 ?        S<   Jun19   0:00 [cqueue/1]
root       793  0.0  0.0      0     0 ?        S<   Jun19   0:00 [cqueue/2]
root       794  0.0  0.0      0     0 ?        S<   Jun19   0:00 [cqueue/3]
root       795  0.0  0.0      0     0 ?        S<   Jun19   0:00 [cqueue/4]
root       796  0.0  0.0      0     0 ?        S<   Jun19   0:00 [cqueue/5]
root       797  0.0  0.0      0     0 ?        S<   Jun19   0:00 [cqueue/6]
root       798  0.0  0.0      0     0 ?        S<   Jun19   0:00 [cqueue/7]
root       799  0.0  0.0      0     0 ?        S<   Jun19   0:00 [cqueue/8]
root       800  0.0  0.0      0     0 ?        S<   Jun19   0:00 [cqueue/9]
root       801  0.0  0.0      0     0 ?        S<   Jun19   0:00 [cqueue/10]
root       802  0.0  0.0      0     0 ?        S<   Jun19   0:00 [cqueue/11]
root       803  0.0  0.0      0     0 ?        S<   Jun19   0:00 [cqueue/12]
root       804  0.0  0.0      0     0 ?        S<   Jun19   0:00 [cqueue/13]
root       805  0.0  0.0      0     0 ?        S<   Jun19   0:00 [cqueue/14]
root       806  0.0  0.0      0     0 ?        S<   Jun19   0:00 [cqueue/15]
root       807  0.0  0.0      0     0 ?        S<   Jun19   0:00 [cqueue/16]
root       808  0.0  0.0      0     0 ?        S<   Jun19   0:00 [cqueue/17]
root       809  0.0  0.0      0     0 ?        S<   Jun19   0:00 [cqueue/18]
root       810  0.0  0.0      0     0 ?        S<   Jun19   0:00 [cqueue/19]
root       811  0.0  0.0      0     0 ?        S<   Jun19   0:00 [cqueue/20]
root       812  0.0  0.0      0     0 ?        S<   Jun19   0:00 [cqueue/21]
root       813  0.0  0.0      0     0 ?        S<   Jun19   0:00 [cqueue/22]
root       814  0.0  0.0      0     0 ?        S<   Jun19   0:00 [cqueue/23]
root       815  0.0  0.0      0     0 ?        S<   Jun19   0:00 [cqueue/24]
root       816  0.0  0.0      0     0 ?        S<   Jun19   0:00 [cqueue/25]
root       817  0.0  0.0      0     0 ?        S<   Jun19   0:00 [cqueue/26]
root       818  0.0  0.0      0     0 ?        S<   Jun19   0:00 [cqueue/27]
root       819  0.0  0.0      0     0 ?        S<   Jun19   0:00 [cqueue/28]
root       820  0.0  0.0      0     0 ?        S<   Jun19   0:00 [cqueue/29]
root       821  0.0  0.0      0     0 ?        S<   Jun19   0:00 [cqueue/30]
root       822  0.0  0.0      0     0 ?        S<   Jun19   0:00 [cqueue/31]
root       823  0.0  0.0      0     0 ?        S<   Jun19   0:00 [cqueue/32]
root       824  0.0  0.0      0     0 ?        S<   Jun19   0:00 [cqueue/33]
root       825  0.0  0.0      0     0 ?        S<   Jun19   0:00 [cqueue/34]
root       826  0.0  0.0      0     0 ?        S<   Jun19   0:00 [cqueue/35]
root       827  0.0  0.0      0     0 ?        S<   Jun19   0:00 [cqueue/36]
root       828  0.0  0.0      0     0 ?        S<   Jun19   0:00 [cqueue/37]
root       829  0.0  0.0      0     0 ?        S<   Jun19   0:00 [cqueue/38]
root       830  0.0  0.0      0     0 ?        S<   Jun19   0:00 [cqueue/39]
root       831  0.0  0.0      0     0 ?        S<   Jun19   0:00 [cqueue/40]
root       832  0.0  0.0      0     0 ?        S<   Jun19   0:00 [cqueue/41]
root       833  0.0  0.0      0     0 ?        S<   Jun19   0:00 [cqueue/42]
root       834  0.0  0.0      0     0 ?        S<   Jun19   0:00 [cqueue/43]
root       835  0.0  0.0      0     0 ?        S<   Jun19   0:00 [cqueue/44]
root       836  0.0  0.0      0     0 ?        S<   Jun19   0:00 [cqueue/45]
root       837  0.0  0.0      0     0 ?        S<   Jun19   0:00 [cqueue/46]
root       838  0.0  0.0      0     0 ?        S<   Jun19   0:00 [cqueue/47]
root       841  0.0  0.0      0     0 ?        S<   Jun19   0:00 [khubd]
root       843  0.0  0.0      0     0 ?        S<   Jun19   0:00 [kseriod]
root      1288  0.0  0.0      0     0 ?        S    Jun19   0:00 [khungtaskd]
root      1289  0.0  0.0      0     0 ?        S    Jun19   0:00 [pdflush]
root      1290  0.0  0.0      0     0 ?        S    Jun19  11:02 [pdflush]
root      1291  0.0  0.0      0     0 ?        S<   Jun19   0:00 [kswapd0]
root      1292  0.0  0.0      0     0 ?        S<   Jun19   0:00 [kswapd1]
root      1293  0.0  0.0      0     0 ?        S<   Jun19   0:00 [kswapd2]
root      1294  0.0  0.0      0     0 ?        S<   Jun19   0:00 [kswapd3]
root      1295  0.0  0.0      0     0 ?        S<   Jun19   0:00 [aio/0]
root      1296  0.0  0.0      0     0 ?        S<   Jun19   0:00 [aio/1]
root      1297  0.0  0.0      0     0 ?        S<   Jun19   0:00 [aio/2]
root      1298  0.0  0.0      0     0 ?        S<   Jun19   0:00 [aio/3]
root      1299  0.0  0.0      0     0 ?        S<   Jun19   0:00 [aio/4]
root      1300  0.0  0.0      0     0 ?        S<   Jun19   0:00 [aio/5]
root      1301  0.0  0.0      0     0 ?        S<   Jun19   0:00 [aio/6]
root      1302  0.0  0.0      0     0 ?        S<   Jun19   0:00 [aio/7]
root      1303  0.0  0.0      0     0 ?        S<   Jun19   0:00 [aio/8]
root      1304  0.0  0.0      0     0 ?        S<   Jun19   0:00 [aio/9]
root      1305  0.0  0.0      0     0 ?        S<   Jun19   0:00 [aio/10]
root      1306  0.0  0.0      0     0 ?        S<   Jun19   0:00 [aio/11]
root      1307  0.0  0.0      0     0 ?        S<   Jun19   0:00 [aio/12]
root      1308  0.0  0.0      0     0 ?        S<   Jun19   0:00 [aio/13]
root      1309  0.0  0.0      0     0 ?        S<   Jun19   0:00 [aio/14]
root      1310  0.0  0.0      0     0 ?        S<   Jun19   0:00 [aio/15]
root      1311  0.0  0.0      0     0 ?        S<   Jun19   0:00 [aio/16]
root      1312  0.0  0.0      0     0 ?        S<   Jun19   0:00 [aio/17]
root      1313  0.0  0.0      0     0 ?        S<   Jun19   0:00 [aio/18]
root      1314  0.0  0.0      0     0 ?        S<   Jun19   0:00 [aio/19]
root      1315  0.0  0.0      0     0 ?        S<   Jun19   0:00 [aio/20]
root      1316  0.0  0.0      0     0 ?        S<   Jun19   0:00 [aio/21]
root      1317  0.0  0.0      0     0 ?        S<   Jun19   0:00 [aio/22]
root      1318  0.0  0.0      0     0 ?        S<   Jun19   0:00 [aio/23]
root      1319  0.0  0.0      0     0 ?        S<   Jun19   0:00 [aio/24]
root      1320  0.0  0.0      0     0 ?        S<   Jun19   0:00 [aio/25]
root      1321  0.0  0.0      0     0 ?        S<   Jun19   0:00 [aio/26]
root      1322  0.0  0.0      0     0 ?        S<   Jun19   0:00 [aio/27]
root      1323  0.0  0.0      0     0 ?        S<   Jun19   0:00 [aio/28]
root      1324  0.0  0.0      0     0 ?        S<   Jun19   0:00 [aio/29]
root      1325  0.0  0.0      0     0 ?        S<   Jun19   0:00 [aio/30]
root      1326  0.0  0.0      0     0 ?        S<   Jun19   0:00 [aio/31]
root      1327  0.0  0.0      0     0 ?        S<   Jun19   0:00 [aio/32]
root      1328  0.0  0.0      0     0 ?        S<   Jun19   0:00 [aio/33]
root      1329  0.0  0.0      0     0 ?        S<   Jun19   0:00 [aio/34]
root      1330  0.0  0.0      0     0 ?        S<   Jun19   0:00 [aio/35]
root      1331  0.0  0.0      0     0 ?        S<   Jun19   0:00 [aio/36]
root      1332  0.0  0.0      0     0 ?        S<   Jun19   0:00 [aio/37]
root      1333  0.0  0.0      0     0 ?        S<   Jun19   0:00 [aio/38]
root      1334  0.0  0.0      0     0 ?        S<   Jun19   0:00 [aio/39]
root      1335  0.0  0.0      0     0 ?        S<   Jun19   0:00 [aio/40]
root      1336  0.0  0.0      0     0 ?        S<   Jun19   0:00 [aio/41]
root      1337  0.0  0.0      0     0 ?        S<   Jun19   0:00 [aio/42]
root      1338  0.0  0.0      0     0 ?        S<   Jun19   0:00 [aio/43]
root      1339  0.0  0.0      0     0 ?        S<   Jun19   0:00 [aio/44]
root      1340  0.0  0.0      0     0 ?        S<   Jun19   0:00 [aio/45]
root      1341  0.0  0.0      0     0 ?        S<   Jun19   0:00 [aio/46]
root      1342  0.0  0.0      0     0 ?        S<   Jun19   0:00 [aio/47]
root      1504  0.0  0.0      0     0 ?        S<   Jun19   0:00 [kpsmoused]
root      1904  0.0  0.0      0     0 ?        S<   Jun19   0:00 [cciss_scan00]
root      2003  0.0  0.0      0     0 ?        S<   Jun19   0:00 [ata/0]
root      2004  0.0  0.0      0     0 ?        S<   Jun19   4:53 [ata/1]
root      2005  0.0  0.0      0     0 ?        S<   Jun19   1:21 [ata/2]
root      2006  0.0  0.0      0     0 ?        S<   Jun19   0:02 [ata/3]
root      2007  0.0  0.0      0     0 ?        S<   Jun19   0:00 [ata/4]
root      2008  0.0  0.0      0     0 ?        S<   Jun19   0:00 [ata/5]
root      2009  0.0  0.0      0     0 ?        S<   Jun19   0:00 [ata/6]
root      2010  0.0  0.0      0     0 ?        S<   Jun19   0:00 [ata/7]
root      2011  0.0  0.0      0     0 ?        S<   Jun19   0:00 [ata/8]
root      2012  0.0  0.0      0     0 ?        S<   Jun19   0:00 [ata/9]
root      2013  0.0  0.0      0     0 ?        S<   Jun19   0:00 [ata/10]
root      2014  0.0  0.0      0     0 ?        S<   Jun19   0:00 [ata/11]
root      2015  0.0  0.0      0     0 ?        S<   Jun19   0:00 [ata/12]
root      2016  0.0  0.0      0     0 ?        S<   Jun19   0:00 [ata/13]
root      2017  0.0  0.0      0     0 ?        S<   Jun19   0:00 [ata/14]
root      2018  0.0  0.0      0     0 ?        S<   Jun19   0:00 [ata/15]
root      2019  0.0  0.0      0     0 ?        S<   Jun19   0:00 [ata/16]
root      2020  0.0  0.0      0     0 ?        S<   Jun19   0:00 [ata/17]
root      2021  0.0  0.0      0     0 ?        S<   Jun19   0:00 [ata/18]
root      2022  0.0  0.0      0     0 ?        S<   Jun19   0:00 [ata/19]
root      2023  0.0  0.0      0     0 ?        S<   Jun19   0:00 [ata/20]
root      2024  0.0  0.0      0     0 ?        S<   Jun19   0:00 [ata/21]
root      2025  0.0  0.0      0     0 ?        S<   Jun19   0:00 [ata/22]
root      2026  0.0  0.0      0     0 ?        S<   Jun19   0:00 [ata/23]
root      2027  0.0  0.0      0     0 ?        S<   Jun19   0:00 [ata/24]
root      2028  0.0  0.0      0     0 ?        S<   Jun19   6:03 [ata/25]
root      2029  0.0  0.0      0     0 ?        S<   Jun19   1:40 [ata/26]
root      2030  0.0  0.0      0     0 ?        S<   Jun19   0:02 [ata/27]
root      2031  0.0  0.0      0     0 ?        S<   Jun19   0:00 [ata/28]
root      2032  0.0  0.0      0     0 ?        S<   Jun19   0:00 [ata/29]
root      2033  0.0  0.0      0     0 ?        S<   Jun19   0:00 [ata/30]
root      2034  0.0  0.0      0     0 ?        S<   Jun19   0:00 [ata/31]
root      2035  0.0  0.0      0     0 ?        S<   Jun19   0:00 [ata/32]
root      2036  0.0  0.0      0     0 ?        S<   Jun19   0:00 [ata/33]
root      2037  0.0  0.0      0     0 ?        S<   Jun19   0:00 [ata/34]
root      2038  0.0  0.0      0     0 ?        S<   Jun19   0:00 [ata/35]
root      2039  0.0  0.0      0     0 ?        S<   Jun19   0:00 [ata/36]
root      2040  0.0  0.0      0     0 ?        S<   Jun19   0:00 [ata/37]
root      2041  0.0  0.0      0     0 ?        S<   Jun19   0:00 [ata/38]
root      2042  0.0  0.0      0     0 ?        S<   Jun19   0:00 [ata/39]
root      2043  0.0  0.0      0     0 ?        S<   Jun19   0:00 [ata/40]
root      2044  0.0  0.0      0     0 ?        S<   Jun19   0:00 [ata/41]
root      2045  0.0  0.0      0     0 ?        S<   Jun19   0:00 [ata/42]
root      2046  0.0  0.0      0     0 ?        S<   Jun19   0:00 [ata/43]
root      2047  0.0  0.0      0     0 ?        S<   Jun19   0:00 [ata/44]
root      2048  0.0  0.0      0     0 ?        S<   Jun19   0:00 [ata/45]
root      2049  0.0  0.0      0     0 ?        S<   Jun19   0:00 [ata/46]
root      2050  0.0  0.0      0     0 ?        S<   Jun19   0:00 [ata/47]
root      2051  0.0  0.0      0     0 ?        S<   Jun19   0:00 [ata_aux]
root      2101  0.0  0.0      0     0 ?        S<   Jun19  42:06 [scsi_eh_0]
root      2102  0.0  0.0      0     0 ?        S<   Jun19   0:00 [scsi_eh_1]
root      2201  0.0  0.0      0     0 ?        S<   Jun19   0:00 [kstriped]
root      2398  0.0  0.0      0     0 ?        S<   Jun19  19:43 [kjournald]
root      2420  0.0  0.0      0     0 ?        S<   Jun19   0:02 [kauditd]
root      2451  0.0  0.0  13044  1216 ?        S<s  Jun19   0:00 /sbin/udevd -d
root      5964  0.0  0.0      0     0 ?        S<   Jun19   0:00 [kmpathd/0]
root      5965  0.0  0.0      0     0 ?        S<   Jun19   0:00 [kmpathd/1]
root      5966  0.0  0.0      0     0 ?        S<   Jun19   0:00 [kmpathd/2]
root      5967  0.0  0.0      0     0 ?        S<   Jun19   0:00 [kmpathd/3]
root      5968  0.0  0.0      0     0 ?        S<   Jun19   0:00 [kmpathd/4]
root      5969  0.0  0.0      0     0 ?        S<   Jun19   0:00 [kmpathd/5]
root      5970  0.0  0.0      0     0 ?        S<   Jun19   0:00 [kmpathd/6]
root      5971  0.0  0.0      0     0 ?        S<   Jun19   0:00 [kmpathd/7]
root      5972  0.0  0.0      0     0 ?        S<   Jun19   0:00 [kmpathd/8]
root      5973  0.0  0.0      0     0 ?        S<   Jun19   0:00 [kmpathd/9]
root      5974  0.0  0.0      0     0 ?        S<   Jun19   0:00 [kmpathd/10]
root      5975  0.0  0.0      0     0 ?        S<   Jun19   0:00 [kmpathd/11]
root      5976  0.0  0.0      0     0 ?        S<   Jun19   0:00 [kmpathd/12]
root      5977  0.0  0.0      0     0 ?        S<   Jun19   0:00 [kmpathd/13]
root      5978  0.0  0.0      0     0 ?        S<   Jun19   0:00 [kmpathd/14]
root      5979  0.0  0.0      0     0 ?        S<   Jun19   0:00 [kmpathd/15]
root      5980  0.0  0.0      0     0 ?        S<   Jun19   0:00 [kmpathd/16]
root      5981  0.0  0.0      0     0 ?        S<   Jun19   0:00 [kmpathd/17]
root      5982  0.0  0.0      0     0 ?        S<   Jun19   0:00 [kmpathd/18]
root      5983  0.0  0.0      0     0 ?        S<   Jun19   0:00 [kmpathd/19]
root      5984  0.0  0.0      0     0 ?        S<   Jun19   0:00 [kmpathd/20]
root      5985  0.0  0.0      0     0 ?        S<   Jun19   0:00 [kmpathd/21]
root      5986  0.0  0.0      0     0 ?        S<   Jun19   0:00 [kmpathd/22]
root      5987  0.0  0.0      0     0 ?        S<   Jun19   0:00 [kmpathd/23]
root      5988  0.0  0.0      0     0 ?        S<   Jun19   0:00 [kmpathd/24]
root      5989  0.0  0.0      0     0 ?        S<   Jun19   0:00 [kmpathd/25]
root      5990  0.0  0.0      0     0 ?        S<   Jun19   0:00 [kmpathd/26]
root      5991  0.0  0.0      0     0 ?        S<   Jun19   0:00 [kmpathd/27]
root      5992  0.0  0.0      0     0 ?        S<   Jun19   0:00 [kmpathd/28]
root      5993  0.0  0.0      0     0 ?        S<   Jun19   0:00 [kmpathd/29]
root      5994  0.0  0.0      0     0 ?        S<   Jun19   0:00 [kmpathd/30]
root      5995  0.0  0.0      0     0 ?        S<   Jun19   0:00 [kmpathd/31]
root      5996  0.0  0.0      0     0 ?        S<   Jun19   0:00 [kmpathd/32]
root      5997  0.0  0.0      0     0 ?        S<   Jun19   0:00 [kmpathd/33]
root      5998  0.0  0.0      0     0 ?        S<   Jun19   0:00 [kmpathd/34]
root      5999  0.0  0.0      0     0 ?        S<   Jun19   0:00 [kmpathd/35]
root      6000  0.0  0.0      0     0 ?        S<   Jun19   0:00 [kmpathd/36]
root      6001  0.0  0.0      0     0 ?        S<   Jun19   0:00 [kmpathd/37]
root      6002  0.0  0.0      0     0 ?        S<   Jun19   0:00 [kmpathd/38]
root      6003  0.0  0.0      0     0 ?        S<   Jun19   0:00 [kmpathd/39]
root      6004  0.0  0.0      0     0 ?        S<   Jun19   0:00 [kmpathd/40]
root      6005  0.0  0.0      0     0 ?        S<   Jun19   0:00 [kmpathd/41]
root      6006  0.0  0.0      0     0 ?        S<   Jun19   0:00 [kmpathd/42]
root      6007  0.0  0.0      0     0 ?        S<   Jun19   0:00 [kmpathd/43]
root      6008  0.0  0.0      0     0 ?        S<   Jun19   0:00 [kmpathd/44]
root      6009  0.0  0.0      0     0 ?        S<   Jun19   0:00 [kmpathd/45]
root      6010  0.0  0.0      0     0 ?        S<   Jun19   0:00 [kmpathd/46]
root      6011  0.0  0.0      0     0 ?        S<   Jun19   0:00 [kmpathd/47]
root      6012  0.0  0.0      0     0 ?        S<   Jun19   0:00 [kmpath_handlerd]
root      6086  0.0  0.0      0     0 ?        S<   Jun19  16:57 [kjournald]
root      6088  0.0  0.0      0     0 ?        S<   Jun19   1:02 [kjournald]
root      6683  0.0  0.0      0     0 ?        S<   Jun19   0:00 [bond0]
root      8821  0.0  0.0  92860   876 ?        S<sl Jun19   0:36 auditd
root      8823  0.0  0.0  81800   836 ?        S<sl Jun19   0:13 /sbin/audispd
root      8845  0.0  0.0   5908   648 ?        Ss   Jun19   0:11 syslogd -m 0
root      8848  0.0  0.0   3804   428 ?        Ss   Jun19   0:00 klogd -x
root      9370  0.0  0.0  10760   400 ?        Ss   Jun19  14:47 irqbalance
rpc       9381  0.0  0.0   8052   580 ?        Ss   Jun19   0:00 portmap
root      9454  0.0  0.0      0     0 ?        S<   Jun19   0:00 [rpciod/0]
root      9455  0.0  0.0      0     0 ?        S<   Jun19   0:00 [rpciod/1]
root      9456  0.0  0.0      0     0 ?        S<   Jun19   0:00 [rpciod/2]
root      9457  0.0  0.0      0     0 ?        S<   Jun19   0:00 [rpciod/3]
root      9458  0.0  0.0      0     0 ?        S<   Jun19   0:00 [rpciod/4]
root      9459  0.0  0.0      0     0 ?        S<   Jun19   0:00 [rpciod/5]
root      9460  0.0  0.0      0     0 ?        S<   Jun19   0:00 [rpciod/6]
root      9461  0.0  0.0      0     0 ?        S<   Jun19   0:00 [rpciod/7]
root      9462  0.0  0.0      0     0 ?        S<   Jun19   0:00 [rpciod/8]
root      9463  0.0  0.0      0     0 ?        S<   Jun19   0:00 [rpciod/9]
root      9464  0.0  0.0      0     0 ?        S<   Jun19   0:00 [rpciod/10]
root      9465  0.0  0.0      0     0 ?        S<   Jun19   0:00 [rpciod/11]
root      9466  0.0  0.0      0     0 ?        S<   Jun19   0:00 [rpciod/12]
root      9467  0.0  0.0      0     0 ?        S<   Jun19   0:00 [rpciod/13]
root      9468  0.0  0.0      0     0 ?        S<   Jun19   0:00 [rpciod/14]
root      9469  0.0  0.0      0     0 ?        S<   Jun19   0:00 [rpciod/15]
root      9470  0.0  0.0      0     0 ?        S<   Jun19   0:00 [rpciod/16]
root      9471  0.0  0.0      0     0 ?        S<   Jun19   0:00 [rpciod/17]
root      9472  0.0  0.0      0     0 ?        S<   Jun19   0:00 [rpciod/18]
root      9473  0.0  0.0      0     0 ?        S<   Jun19   0:00 [rpciod/19]
root      9474  0.0  0.0      0     0 ?        S<   Jun19   0:00 [rpciod/20]
root      9475  0.0  0.0      0     0 ?        S<   Jun19   0:00 [rpciod/21]
root      9476  0.0  0.0      0     0 ?        S<   Jun19   0:00 [rpciod/22]
root      9477  0.0  0.0      0     0 ?        S<   Jun19   0:00 [rpciod/23]
root      9478  0.0  0.0      0     0 ?        S<   Jun19   0:00 [rpciod/24]
root      9479  0.0  0.0      0     0 ?        S<   Jun19   0:00 [rpciod/25]
root      9480  0.0  0.0      0     0 ?        S<   Jun19   0:00 [rpciod/26]
root      9481  0.0  0.0      0     0 ?        S<   Jun19   0:00 [rpciod/27]
root      9482  0.0  0.0      0     0 ?        S<   Jun19   0:00 [rpciod/28]
root      9483  0.0  0.0      0     0 ?        S<   Jun19   0:00 [rpciod/29]
root      9484  0.0  0.0      0     0 ?        S<   Jun19   0:00 [rpciod/30]
root      9485  0.0  0.0      0     0 ?        S<   Jun19   0:00 [rpciod/31]
root      9486  0.0  0.0      0     0 ?        S<   Jun19   0:00 [rpciod/32]
root      9487  0.0  0.0      0     0 ?        S<   Jun19   0:00 [rpciod/33]
root      9488  0.0  0.0      0     0 ?        S<   Jun19   0:00 [rpciod/34]
root      9489  0.0  0.0      0     0 ?        S<   Jun19   0:00 [rpciod/35]
root      9490  0.0  0.0      0     0 ?        S<   Jun19   0:00 [rpciod/36]
root      9491  0.0  0.0      0     0 ?        S<   Jun19   0:00 [rpciod/37]
root      9492  0.0  0.0      0     0 ?        S<   Jun19   0:00 [rpciod/38]
root      9493  0.0  0.0      0     0 ?        S<   Jun19   0:00 [rpciod/39]
root      9494  0.0  0.0      0     0 ?        S<   Jun19   0:00 [rpciod/40]
root      9495  0.0  0.0      0     0 ?        S<   Jun19   0:00 [rpciod/41]
root      9496  0.0  0.0      0     0 ?        S<   Jun19   0:00 [rpciod/42]
root      9497  0.0  0.0      0     0 ?        S<   Jun19   0:00 [rpciod/43]
root      9498  0.0  0.0      0     0 ?        S<   Jun19   0:00 [rpciod/44]
root      9499  0.0  0.0      0     0 ?        S<   Jun19   0:00 [rpciod/45]
root      9500  0.0  0.0      0     0 ?        S<   Jun19   0:00 [rpciod/46]
root      9501  0.0  0.0      0     0 ?        S<   Jun19   0:00 [rpciod/47]
root      9554  0.0  0.0  10160   800 ?        Ss   Jun19   0:00 rpc.statd
root      9578  0.0  0.0  55180   764 ?        Ss   Jun19   0:00 rpc.idmapd
dbus      9593  0.0  0.0  21480  1192 ?        Ss   Jun19   7:54 dbus-daemon --system
root      9608  0.0  0.0  10432   812 ?        Ss   Jun19   0:00 /usr/sbin/hcid
root      9612  0.0  0.0   5936   544 ?        Ss   Jun19   0:00 /usr/sbin/sdpd
root      9774  0.0  0.0      0     0 ?        S<   Jun19   0:00 [krfcommd]
root      9811  0.0  0.0  41660  1420 ?        Ssl  Jun19   0:30 pcscd
root      9821  0.0  0.0   3800   572 ?        Ss   Jun19   0:00 /usr/sbin/acpid
68        9830  0.0  0.0  31884  4940 ?        Ss   Jun19   2:44 hald
root      9831  0.0  0.0  21692  1076 ?        S    Jun19   0:00 hald-runner
68        9839  0.0  0.0  12324   844 ?        S    Jun19   0:00 hald-addon-acpi: listening on acpid socket /var/run/acpid.socket
68        9841  0.0  0.0  12324   844 ?        S    Jun19   0:00 hald-addon-keyboard: listening on /dev/input/event1
68        9845  0.0  0.0  12324   848 ?        S    Jun19   0:00 hald-addon-keyboard: listening on /dev/input/event0
68        9852  0.0  0.0  12324   848 ?        S    Jun19   0:00 hald-addon-keyboard: listening on /dev/input/event2
root      9861  0.0  0.0  10228   684 ?        S    Jun19  27:42 hald-addon-storage: polling /dev/scd0
root      9927  0.0  0.0   9408   480 ?        Ss   Jun19   0:00 /usr/bin/hidd --server
root      9994  0.0  0.0 187524  1544 ?        Ssl  Jun19   2:17 automount
root     10011  0.0  0.0  26324   520 ?        Ss   Jun19   0:00 ./hpiod
root     10016  0.0  0.0 163664  6796 ?        S    Jun19   0:04 python ./hpssd.py
root     10029  0.0  0.0  62608  1216 ?        Ss   Jun19   0:00 /usr/sbin/sshd
root     10038  0.0  0.0 133548  3084 ?        Ss   Jun19   0:46 cupsd
root     10052  0.0  0.0  21644   896 ?        Ss   Jun19   0:00 xinetd -stayalive -pidfile /var/run/xinetd.pid
root     10072  0.0  0.0  67436  2340 ?        Ss   Jun19   0:12 sendmail: accepting connections
smmsp    10082  0.0  0.0  57688  1752 ?        Ss   Jun19   0:00 sendmail: Queue runner@01:00:00 for /var/spool/clientmqueue
root     10092  0.0  0.0   6452   372 ?        Ss   Jun19   0:06 gpm -m /dev/input/mice -t exps2
root     10101  0.0  0.0  74820  1148 ?        Ss   Jun19   0:02 crond
xfs      10134  0.0  0.0  21068  1840 ?        Ss   Jun19   0:00 xfs -droppriv -daemon
root     10151  0.0  0.0  18732   464 ?        Ss   Jun19   0:00 /usr/sbin/atd
avahi    10181  0.0  0.0  23384  1496 ?        Ss   Jun19   0:00 avahi-daemon: running [byfert02.local]
avahi    10182  0.0  0.0  23148   336 ?        Ss   Jun19   0:00 avahi-daemon: chroot helper
root     10256  0.0  0.0  44268   640 ?        Ss   Jun19   0:00 /usr/sbin/vsftpd /etc/vsftpd/vsftpd.conf
root     10268  0.0  0.0  18416   468 ?        S    Jun19   0:00 /usr/sbin/smartd -q never
root     10273  0.0  0.0   3792   480 tty1     Ss+  Jun19   0:00 /sbin/mingetty tty1
root     10274  0.0  0.0   3792   480 tty2     Ss+  Jun19   0:00 /sbin/mingetty tty2
root     10275  0.0  0.0   3792   484 tty3     Ss+  Jun19   0:00 /sbin/mingetty tty3
root     10276  0.0  0.0   3792   484 tty4     Ss+  Jun19   0:00 /sbin/mingetty tty4
root     10277  0.0  0.0   3792   484 tty5     Ss+  Jun19   0:00 /sbin/mingetty tty5
root     10278  0.0  0.0   3792   484 tty6     Ss+  Jun19   0:00 /sbin/mingetty tty6
root     10279  0.0  0.0 171884  2780 ?        Ss   Jun19   0:00 /usr/sbin/gdm-binary -nodaemon
root     10376  0.0  0.0 199108  3000 ?        S    Jun19   0:00 /usr/sbin/gdm-binary -nodaemon
root     10378  0.0  0.0 255364  4136 ?        Sl   Jun19   0:12 /usr/libexec/gdm-rh-security-token-helper
root     10379  0.0  0.0 104304 19360 tty7     Ss+  Jun19   7:47 /usr/bin/Xorg :0 -br -audit 0 -auth /var/gdm/:0.Xauth -nolisten tcp vt7
root     10392  0.0  0.0 266896 17352 ?        SN   Jun19   0:05 /usr/bin/python -tt /usr/sbin/yum-updatesd
root     10394  0.0  0.0  12916  1144 ?        SN   Jun19   0:00 /usr/libexec/gam_server
ems      12540  0.0  0.0  90380  4344 ?        S    Aug23   0:00 /usr/libexec/gconfd-2 5
ems      15636  0.0  0.0 245388  6428 ?        Ss   Jun20   0:00 /usr/bin/gnome-session
ems      15668  0.0  0.0      0     0 ?        Z    Jun20   0:00 [Xsession] <defunct>
ems      15671  0.0  0.0  54744   804 ?        Ss   Jun20   0:00 /usr/bin/ssh-agent /bin/sh -c exec -l /bin/bash -c "/usr/bin/dbus-launch --exit-with-session /etc/X11/xinit/Xclients"
ems      15696  0.0  0.0  15176   524 ?        S    Jun20   0:00 /usr/bin/dbus-launch --exit-with-session /etc/X11/xinit/Xclients
ems      15698  0.0  0.0  21384  1000 ?        Ss   Jun20   0:00 /bin/dbus-daemon --fork --print-pid 4 --print-address 6 --session
ems      15704  0.0  0.0  90504  4432 ?        S    Jun20   0:02 /usr/libexec/gconfd-2 5
ems      15707  0.0  0.0  12896   568 ?        S    Jun20   0:00 /usr/bin/gnome-keyring-daemon
ems      15709  0.0  0.0 264572  7616 ?        Sl   Jun20   0:04 /usr/libexec/gnome-settings-daemon
ems      15729  0.0  0.0 183108 13168 ?        Ss   Jun20   0:03 metacity --sm-client-id=default1
ems      15733  0.0  0.0 305472 16420 ?        Ss   Jun20   0:00 gnome-panel --sm-client-id default2
ems      15735  0.0  0.0 519072 20228 ?        Ss   Jun20   0:04 nautilus --no-default-window --sm-client-id default3
ems      15739  0.0  0.0 149472  3416 ?        S    Jun20   0:00 /usr/libexec/gnome-vfs-daemon
ems      15741  0.0  0.0 262932  3184 ?        Ssl  Jun20   0:00 /usr/libexec/bonobo-activation-server --ac-activate --ior-output-fd=16
ems      15743  0.0  0.0 263452  7660 ?        Ss   Jun20   0:00 eggcups --sm-client-id default4
ems      15748  0.0  0.0 230436  4616 ?        Ss   Jun20   0:00 gnome-volume-manager --sm-client-id default5
ems      15757  0.0  0.0 154208  4724 ?        Ss   Jun20   0:00 bt-applet --sm-disable
ems      15767  0.0  0.0  72368  2664 ?        Sl   Jun20   0:11 ./escd --key_Inserted="/usr/bin/esc" --on_Signal="/usr/bin/esc"
ems      15770  0.0  0.0 360044 31160 ?        Ss   Jun20   0:03 /usr/bin/python -tt /usr/bin/puplet
ems      15773  0.0  0.0 232968 10080 ?        Ss   Jun20   0:01 nm-applet --sm-disable
ems      15775  0.0  0.0 154948  4380 ?        Ss   Jun20   0:06 pam-panel-icon --sm-client-id default0
root     15777  0.0  0.0  12184   692 ?        S    Jun20   0:02 /sbin/pam_timestamp_check -d root
ems      15779  0.0  0.0 267448  6496 ?        Ss   Jun20   4:57 gnome-power-manager
root     15781  0.0  0.0  58016  3484 ?        S    Jun20   0:00 /usr/sbin/nm-system-settings --config /etc/NetworkManager/nm-system-settings.conf
ems      15787  0.0  0.0 103280 14688 ?        Ss   Jun20   0:00 /usr/lib64/scim-1.0/scim-launcher -d -c simple -e all -f socket --no-stay
ems      15788  0.0  0.0  13016  1180 ?        S    Jun20   0:03 /usr/libexec/gam_server
ems      15791  0.0  0.0 294012 14320 ?        S    Jun20   0:01 /usr/libexec/wnck-applet --oaf-activate-iid=OAFIID:GNOME_Wncklet_Factory --oaf-ior-fd=19
ems      15793  0.0  0.0 391736 13508 ?        S    Jun20   0:00 /usr/libexec/trashapplet --oaf-activate-iid=OAFIID:GNOME_Panel_TrashApplet_Factory --oaf-ior-fd=27
ems      15810  0.0  0.0  78244   588 ?        Ss   Jun20   0:00 /usr/lib64/scim-1.0/scim-helper-manager
ems      15811  0.0  0.0 196476  8264 ?        Ssl  Jun20   0:01 /usr/lib64/scim-1.0/scim-panel-gtk --display :0.0 -c socket -d --no-stay
ems      15813  0.0  0.0  90072   920 ?        Ss   Jun20   0:01 /usr/lib64/scim-1.0/scim-launcher -d -c socket -e socket -f x11
ems      15816  0.0  0.0  12820   856 ?        S    Jun20   0:00 /usr/libexec/mapping-daemon
ems      15823  0.0  0.0 307724 14872 ?        S    Jun20   0:00 /usr/libexec/mixer_applet2 --oaf-activate-iid=OAFIID:GNOME_MixerApplet_Factory --oaf-ior-fd=23
ems      15825  0.0  0.0 241188  7008 ?        S    Jun20   0:00 /usr/libexec/notification-area-applet --oaf-activate-iid=OAFIID:GNOME_NotificationAreaApplet_Factory --oaf-ior-fd=29
ems      15827  0.0  0.0 297604 12080 ?        S    Jun20   0:32 /usr/libexec/clock-applet --oaf-activate-iid=OAFIID:GNOME_ClockApplet_Factory --oaf-ior-fd=26
ems      15842  0.0  0.0 319452 22508 ?        Sl   Jun20   0:28 gnome-terminal
ems      15846  0.0  0.0  78560  1176 ?        S    Jun20  33:25 scim-bridge
ems      15847  0.0  0.0  14864   724 ?        S    Jun20   0:00 gnome-pty-helper
ems      15848  0.0  0.0  68436  1660 pts/2    Ss+  Jun20   0:00 bash
ems      16083  0.0  0.0 185624  4536 ?        Ss   Jun20   0:05 gnome-screensaver
root     19363  1.0  0.1 592544 53984 ?        SN   Sep04 140:19 ssrd
ems      19994  0.0  0.0  68436  1656 pts/3    Ss+  Jun20   0:00 bash
root     20483  0.1  0.0 137564  7488 ?        SN   Jun21 232:37 /df8003/bin/applogd
root     20484  0.0  0.0 137416  7316 ?        SN   Jun21  50:33 /df8003/bin/netmd
root     20485  0.0  0.0 142260 12020 ?        SN   Jun21   0:01 /df8003/bin/dbmd
root     20487  0.3  0.0 157772 22572 ?        SN   Jun21 392:34 /df8003/bin/sysmd
root     20550  0.0  0.0 210716  7988 ?        SN   Jun21  54:56 /df8003/bin/procmd
ems      20686  0.0  0.0  68436  1696 pts/4    Ss+  Jun20   0:00 bash
ems      20909  0.0  0.0  68436  1660 pts/5    Ss+  Jun20   0:00 bash
ems      21066  0.0  0.0  68436  1688 pts/6    Ss+  Jun20   0:00 bash
ems      21886  0.0  0.0  68436  1656 pts/1    Ss   Jun20   0:00 bash
ems      22018  0.0  0.0  56304  3244 pts/1    S+   Jun20   0:00 ssh bysca01 -X
root     23588  0.0  0.0 106204  1576 ?        S    16:50   0:00 crond
root     23589  0.0  0.0   8700   948 ?        Ss   16:50   0:00 /bin/sh -c /home/nms/collection.sh >/dev/null
root     23590  0.0  0.0   8704  1004 ?        S    16:50   0:00 /bin/sh /home/nms/collection.sh
root     23609  0.0  0.0  10460   872 ?        R    16:50   0:00 ps aux
ems      29209  1.5  0.0 662908 32828 ?        SN   05:49  10:22 comServer -ref
root     29210 32.2  0.2 530168 85512 ?        SNl  05:49 212:55 scn_slmd
root     30304  0.0  0.0 210224  7760 ?        SN   Jun26   0:00 proc_watchd
ems      30305  0.0  0.0 286132 13904 ?        SN   Jun26  25:29 almd_server_rep
ems      30306  0.0  0.0 613612 16832 ?        SN   Jun26  30:34 alm_replica -mode r
root     30309  1.0  0.0 471048 14472 ?        SN   Jun26 1148:08 code_saver 10
ems      30310  0.9  0.4 607052 156312 ?       SN   Jun26 1095:36 SCADA_Rep -mode r
ems      30311  0.0  0.0 179672 25732 ?        SN   Jun26  83:47 hisWrite
ems      30312  0.0  4.9 1859472 1635296 ?     SN   Jun26   1:17 rdbmon
ems      30315  0.0  0.3 639552 122012 ?       SN   Jun26   1:37 rsServer
root     31944  0.3  0.0 213168  8156 ?        SN   Jul08 319:40 netmond -s 3600
cmdbegin:mac
1: lo: <LOOPBACK,UP,LOWER_UP> mtu 16436 qdisc noqueue 
    link/loopback 00:00:00:00:00:00 brd 00:00:00:00:00:00
    inet 127.0.0.1/8 scope host lo
    inet6 ::1/128 scope host 
       valid_lft forever preferred_lft forever
2: eth10: <BROADCAST,MULTICAST> mtu 1500 qdisc pfifo_fast qlen 1000
    link/ether e8:39:35:be:7c:b0 brd ff:ff:ff:ff:ff:ff
3: eth11: <BROADCAST,MULTICAST> mtu 1500 qdisc pfifo_fast qlen 1000
    link/ether e8:39:35:be:7c:b1 brd ff:ff:ff:ff:ff:ff
4: eth12: <BROADCAST,MULTICAST> mtu 1500 qdisc pfifo_fast qlen 1000
    link/ether e8:39:35:be:7c:b2 brd ff:ff:ff:ff:ff:ff
5: eth13: <BROADCAST,MULTICAST> mtu 1500 qdisc pfifo_fast qlen 1000
    link/ether e8:39:35:be:7c:b3 brd ff:ff:ff:ff:ff:ff
6: eth0: <BROADCAST,MULTICAST,SLAVE,UP,LOWER_UP> mtu 1500 qdisc pfifo_fast master bond0 qlen 1000
    link/ether 00:26:55:ee:4b:8c brd ff:ff:ff:ff:ff:ff
7: eth1: <BROADCAST,MULTICAST> mtu 1500 qdisc pfifo_fast qlen 1000
    link/ether 00:26:55:ee:4b:8d brd ff:ff:ff:ff:ff:ff
8: eth2: <BROADCAST,MULTICAST,SLAVE,UP,LOWER_UP> mtu 1500 qdisc pfifo_fast master bond0 qlen 1000
    link/ether 00:26:55:ee:4b:8c brd ff:ff:ff:ff:ff:ff
9: eth3: <BROADCAST,MULTICAST> mtu 1500 qdisc pfifo_fast qlen 1000
    link/ether 00:26:55:ee:4c:d9 brd ff:ff:ff:ff:ff:ff
10: eth4: <BROADCAST,MULTICAST,UP,LOWER_UP> mtu 1500 qdisc pfifo_fast qlen 1000
    link/ether 00:26:55:ee:4c:94 brd ff:ff:ff:ff:ff:ff
    inet 192.168.106.24/24 brd 192.168.106.255 scope global eth4
    inet6 fe80::226:55ff:feee:4c94/64 scope link 
       valid_lft forever preferred_lft forever
11: eth5: <BROADCAST,MULTICAST> mtu 1500 qdisc pfifo_fast qlen 1000
    link/ether 00:26:55:ee:4c:95 brd ff:ff:ff:ff:ff:ff
12: eth6: <BROADCAST,MULTICAST,UP,LOWER_UP> mtu 1500 qdisc pfifo_fast qlen 1000
    link/ether 00:26:55:ee:4a:12 brd ff:ff:ff:ff:ff:ff
    inet 192.168.206.24/24 brd 192.168.206.255 scope global eth6
    inet6 fe80::226:55ff:feee:4a12/64 scope link 
       valid_lft forever preferred_lft forever
13: eth7: <BROADCAST,MULTICAST> mtu 1500 qdisc pfifo_fast qlen 1000
    link/ether 00:26:55:ee:4a:13 brd ff:ff:ff:ff:ff:ff
14: eth8: <BROADCAST,MULTICAST> mtu 1500 qdisc pfifo_fast qlen 1000
    link/ether 00:26:55:ee:4e:bc brd ff:ff:ff:ff:ff:ff
15: eth9: <BROADCAST,MULTICAST> mtu 1500 qdisc pfifo_fast qlen 1000
    link/ether 00:26:55:ee:4e:bd brd ff:ff:ff:ff:ff:ff
16: sit0: <NOARP> mtu 1480 qdisc noop 
    link/sit 0.0.0.0 brd 0.0.0.0
17: bond0: <BROADCAST,MULTICAST,MASTER,UP,LOWER_UP> mtu 1500 qdisc noqueue 
    link/ether 00:26:55:ee:4b:8c brd ff:ff:ff:ff:ff:ff
    inet 192.168.10.12/24 brd 192.168.10.255 scope global bond0
    inet6 fe80::226:55ff:feee:4b8c/64 scope link 
       valid_lft forever preferred_lft forever
cmdbegin:interface
Linux 2.6.18-194.el5 (byfert02) 	09/13/13 	_x86_64_	(48 CPU)

16:50:07        IFACE   rxpck/s   txpck/s    rxkB/s    txkB/s   rxcmp/s   txcmp/s  rxmcst/s
16:50:08           lo     17.00     17.00      2.80      2.80      0.00      0.00      0.00
16:50:08        eth10      0.00      0.00      0.00      0.00      0.00      0.00      0.00
16:50:08        eth11      0.00      0.00      0.00      0.00      0.00      0.00      0.00
16:50:08        eth12      0.00      0.00      0.00      0.00      0.00      0.00      0.00
16:50:08        eth13      0.00      0.00      0.00      0.00      0.00      0.00      0.00
16:50:08         eth0    165.00      6.00    135.17      0.75      0.00      0.00     14.00
16:50:08         eth1      0.00      0.00      0.00      0.00      0.00      0.00      0.00
16:50:08         eth2    151.00      0.00    131.44      0.00      0.00      0.00      0.00
16:50:08         eth3      0.00      0.00      0.00      0.00      0.00      0.00      0.00
16:50:08         eth4     29.00      1.00      1.70      0.05      0.00      0.00      0.00
16:50:08         eth5      0.00      0.00      0.00      0.00      0.00      0.00      0.00
16:50:08         eth6     20.00      9.00      1.17      0.38      0.00      0.00      0.00
16:50:08         eth7      0.00      0.00      0.00      0.00      0.00      0.00      0.00
16:50:08         eth8      0.00      0.00      0.00      0.00      0.00      0.00      0.00
16:50:08         eth9      0.00      0.00      0.00      0.00      0.00      0.00      0.00
16:50:08         sit0      0.00      0.00      0.00      0.00      0.00      0.00      0.00
16:50:08        bond0    316.00      6.00    266.61      0.75      0.00      0.00     14.00

16:50:08        IFACE   rxpck/s   txpck/s    rxkB/s    txkB/s   rxcmp/s   txcmp/s  rxmcst/s
16:50:09           lo     16.83     16.83      2.05      2.05      0.00      0.00      0.00
16:50:09        eth10      0.00      0.00      0.00      0.00      0.00      0.00      0.00
16:50:09        eth11      0.00      0.00      0.00      0.00      0.00      0.00      0.00
16:50:09        eth12      0.00      0.00      0.00      0.00      0.00      0.00      0.00
16:50:09        eth13      0.00      0.00      0.00      0.00      0.00      0.00      0.00
16:50:09         eth0    126.73      2.97     82.04      0.22      0.00      0.00      0.00
16:50:09         eth1      0.00      0.00      0.00      0.00      0.00      0.00      0.00
16:50:09         eth2    120.79      0.00     80.44      0.00      0.00      0.00      0.00
16:50:09         eth3      0.00      0.00      0.00      0.00      0.00      0.00      0.00
16:50:09         eth4     26.73      0.00      1.57      0.00      0.00      0.00      0.00
16:50:09         eth5      0.00      0.00      0.00      0.00      0.00      0.00      0.00
16:50:09         eth6     20.79      5.94      1.22      0.24      0.00      0.00      0.00
16:50:09         eth7      0.00      0.00      0.00      0.00      0.00      0.00      0.00
16:50:09         eth8      0.00      0.00      0.00      0.00      0.00      0.00      0.00
16:50:09         eth9      0.00      0.00      0.00      0.00      0.00      0.00      0.00
16:50:09         sit0      0.00      0.00      0.00      0.00      0.00      0.00      0.00
16:50:09        bond0    247.52      2.97    162.48      0.22      0.00      0.00      0.00

16:50:09        IFACE   rxpck/s   txpck/s    rxkB/s    txkB/s   rxcmp/s   txcmp/s  rxmcst/s
16:50:10           lo     19.19     19.19      9.29      9.29      0.00      0.00      0.00
16:50:10        eth10      0.00      0.00      0.00      0.00      0.00      0.00      0.00
16:50:10        eth11      0.00      0.00      0.00      0.00      0.00      0.00      0.00
16:50:10        eth12      0.00      0.00      0.00      0.00      0.00      0.00      0.00
16:50:10        eth13      0.00      0.00      0.00      0.00      0.00      0.00      0.00
16:50:10         eth0    149.49     25.25     84.97      2.94      0.00      0.00     16.16
16:50:10         eth1      0.00      0.00      0.00      0.00      0.00      0.00      0.00
16:50:10         eth2    126.26      0.00     81.25      0.00      0.00      0.00      0.00
16:50:10         eth3      0.00      0.00      0.00      0.00      0.00      0.00      0.00
16:50:10         eth4     39.39      1.01      2.31      0.05      0.00      0.00      0.00
16:50:10         eth5      0.00      0.00      0.00      0.00      0.00      0.00      0.00
16:50:10         eth6     30.30     12.12      1.78      0.53      0.00      0.00      0.00
16:50:10         eth7      0.00      0.00      0.00      0.00      0.00      0.00      0.00
16:50:10         eth8      0.00      0.00      0.00      0.00      0.00      0.00      0.00
16:50:10         eth9      0.00      0.00      0.00      0.00      0.00      0.00      0.00
16:50:10         sit0      0.00      0.00      0.00      0.00      0.00      0.00      0.00
16:50:10        bond0    275.76     25.25    166.22      2.94      0.00      0.00     16.16

Average:        IFACE   rxpck/s   txpck/s    rxkB/s    txkB/s   rxcmp/s   txcmp/s  rxmcst/s
Average:           lo     17.67     17.67      4.69      4.69      0.00      0.00      0.00
Average:        eth10      0.00      0.00      0.00      0.00      0.00      0.00      0.00
Average:        eth11      0.00      0.00      0.00      0.00      0.00      0.00      0.00
Average:        eth12      0.00      0.00      0.00      0.00      0.00      0.00      0.00
Average:        eth13      0.00      0.00      0.00      0.00      0.00      0.00      0.00
Average:         eth0    147.00     11.33    100.72      1.29      0.00      0.00     10.00
Average:         eth1      0.00      0.00      0.00      0.00      0.00      0.00      0.00
Average:         eth2    132.67      0.00     97.71      0.00      0.00      0.00      0.00
Average:         eth3      0.00      0.00      0.00      0.00      0.00      0.00      0.00
Average:         eth4     31.67      0.67      1.86      0.03      0.00      0.00      0.00
Average:         eth5      0.00      0.00      0.00      0.00      0.00      0.00      0.00
Average:         eth6     23.67      9.00      1.39      0.38      0.00      0.00      0.00
Average:         eth7      0.00      0.00      0.00      0.00      0.00      0.00      0.00
Average:         eth8      0.00      0.00      0.00      0.00      0.00      0.00      0.00
Average:         eth9      0.00      0.00      0.00      0.00      0.00      0.00      0.00
Average:         sit0      0.00      0.00      0.00      0.00      0.00      0.00      0.00
Average:        bond0    279.67     11.33    198.43      1.29      0.00      0.00     10.00
cmdbegin:uname
Linux byfert02
cmdbegin:usergroup
root:x:0:root
bin:x:1:root,bin,daemon
daemon:x:2:root,bin,daemon
sys:x:3:root,bin,adm
adm:x:4:root,adm,daemon
tty:x:5:
disk:x:6:root
lp:x:7:daemon,lp
mem:x:8:
kmem:x:9:
wheel:x:10:root
mail:x:12:mail
news:x:13:news
uucp:x:14:uucp
man:x:15:
games:x:20:
gopher:x:30:
dip:x:40:
ftp:x:50:
lock:x:54:
nobody:x:99:
users:x:100:
nscd:x:28:
floppy:x:19:
vcsa:x:69:
audio:x:63:gdm
utmp:x:22:
rpc:x:32:
mailnull:x:47:
smmsp:x:51:
pcap:x:77:
utempter:x:35:
slocate:x:21:
ntp:x:38:
sshd:x:74:
rpcuser:x:29:
nfsnobody:x:4294967294:
dbus:x:81:
avahi:x:70:
haldaemon:x:68:
avahi-autoipd:x:101:
distcache:x:94:
apache:x:48:
webalizer:x:67:
squid:x:23:
oprofile:x:16:
xfs:x:43:
gdm:x:42:
sabayon:x:86:
stapdev:x:102:
stapusr:x:103:
dfdz:x:500:ems
dba:x:501:oracle
ems:x:115:
oracle:x:502:
cmdbegin:user
root:x:0:0:root:/root:/bin/bash
bin:x:1:1:bin:/bin:/sbin/nologin
daemon:x:2:2:daemon:/sbin:/sbin/nologin
adm:x:3:4:adm:/var/adm:/sbin/nologin
lp:x:4:7:lp:/var/spool/lpd:/sbin/nologin
sync:x:5:0:sync:/sbin:/bin/sync
shutdown:x:6:0:shutdown:/sbin:/sbin/shutdown
halt:x:7:0:halt:/sbin:/sbin/halt
mail:x:8:12:mail:/var/spool/mail:/sbin/nologin
news:x:9:13:news:/etc/news:
uucp:x:10:14:uucp:/var/spool/uucp:/sbin/nologin
operator:x:11:0:operator:/root:/sbin/nologin
games:x:12:100:games:/usr/games:/sbin/nologin
gopher:x:13:30:gopher:/var/gopher:/sbin/nologin
ftp:x:14:50:FTP User:/var/ftp:/sbin/nologin
nobody:x:99:99:Nobody:/:/sbin/nologin
nscd:x:28:28:NSCD Daemon:/:/sbin/nologin
vcsa:x:69:69:virtual console memory owner:/dev:/sbin/nologin
rpc:x:32:32:Portmapper RPC user:/:/sbin/nologin
mailnull:x:47:47::/var/spool/mqueue:/sbin/nologin
smmsp:x:51:51::/var/spool/mqueue:/sbin/nologin
pcap:x:77:77::/var/arpwatch:/sbin/nologin
ntp:x:38:38::/etc/ntp:/sbin/nologin
sshd:x:74:74:Privilege-separated SSH:/var/empty/sshd:/sbin/nologin
rpcuser:x:29:29:RPC Service User:/var/lib/nfs:/sbin/nologin
nfsnobody:x:4294967294:4294967294:Anonymous NFS User:/var/lib/nfs:/sbin/nologin
dbus:x:81:81:System message bus:/:/sbin/nologin
avahi:x:70:70:Avahi daemon:/:/sbin/nologin
haldaemon:x:68:68:HAL daemon:/:/sbin/nologin
avahi-autoipd:x:100:101:avahi-autoipd:/var/lib/avahi-autoipd:/sbin/nologin
distcache:x:94:94:Distcache:/:/sbin/nologin
apache:x:48:48:Apache:/var/www:/sbin/nologin
webalizer:x:67:67:Webalizer:/var/www/usage:/sbin/nologin
squid:x:23:23::/var/spool/squid:/sbin/nologin
oprofile:x:16:16:Special user account to be used by OProfile:/home/oprofile:/sbin/nologin
xfs:x:43:43:X Font Server:/etc/X11/fs:/sbin/nologin
gdm:x:42:42::/var/gdm:/sbin/nologin
sabayon:x:86:86:Sabayon user:/home/sabayon:/sbin/nologin
ems:x:115:500:ems:/df8003/home:/bin/bash
oracle:x:502:501:oracle:/usr/local/oracle:/bin/bash
cmdbegin:date
Fri Sep 13 16:50:10 CST 2013
cmdbegin:uptime
 16:50:10 up 86 days,  5:27,  7 users,  load average: 0.48, 0.40, 0.57
cmdbegin:end
