cmdbegin:version
Linux version 2.6.18-194.el5 (mockbuild@x86-005.build.bos.redhat.com) (gcc version 4.1.2 20080704 (Red Hat 4.1.2-48)) #1 SMP Tue Mar 16 21:52:39 EDT 2010
cmdbegin:cpuconfig
processor	: 0
model name	:        Intel(R) Xeon(R) CPU E7- 4807  @ 1.87GHz
cpu MHz		: 1864.695
cache size	: 18432 KB
processor	: 1
model name	:        Intel(R) Xeon(R) CPU E7- 4807  @ 1.87GHz
cpu MHz		: 1864.695
cache size	: 18432 KB
processor	: 2
model name	:        Intel(R) Xeon(R) CPU E7- 4807  @ 1.87GHz
cpu MHz		: 1864.695
cache size	: 18432 KB
processor	: 3
model name	:        Intel(R) Xeon(R) CPU E7- 4807  @ 1.87GHz
cpu MHz		: 1864.695
cache size	: 18432 KB
processor	: 4
model name	:        Intel(R) Xeon(R) CPU E7- 4807  @ 1.87GHz
cpu MHz		: 1864.695
cache size	: 18432 KB
processor	: 5
model name	:        Intel(R) Xeon(R) CPU E7- 4807  @ 1.87GHz
cpu MHz		: 1864.695
cache size	: 18432 KB
processor	: 6
model name	:        Intel(R) Xeon(R) CPU E7- 4807  @ 1.87GHz
cpu MHz		: 1864.695
cache size	: 18432 KB
processor	: 7
model name	:        Intel(R) Xeon(R) CPU E7- 4807  @ 1.87GHz
cpu MHz		: 1864.695
cache size	: 18432 KB
processor	: 8
model name	:        Intel(R) Xeon(R) CPU E7- 4807  @ 1.87GHz
cpu MHz		: 1864.695
cache size	: 18432 KB
processor	: 9
model name	:        Intel(R) Xeon(R) CPU E7- 4807  @ 1.87GHz
cpu MHz		: 1864.695
cache size	: 18432 KB
processor	: 10
model name	:        Intel(R) Xeon(R) CPU E7- 4807  @ 1.87GHz
cpu MHz		: 1864.695
cache size	: 18432 KB
processor	: 11
model name	:        Intel(R) Xeon(R) CPU E7- 4807  @ 1.87GHz
cpu MHz		: 1864.695
cache size	: 18432 KB
processor	: 12
model name	:        Intel(R) Xeon(R) CPU E7- 4807  @ 1.87GHz
cpu MHz		: 1864.695
cache size	: 18432 KB
processor	: 13
model name	:        Intel(R) Xeon(R) CPU E7- 4807  @ 1.87GHz
cpu MHz		: 1864.695
cache size	: 18432 KB
processor	: 14
model name	:        Intel(R) Xeon(R) CPU E7- 4807  @ 1.87GHz
cpu MHz		: 1864.695
cache size	: 18432 KB
processor	: 15
model name	:        Intel(R) Xeon(R) CPU E7- 4807  @ 1.87GHz
cpu MHz		: 1864.695
cache size	: 18432 KB
processor	: 16
model name	:        Intel(R) Xeon(R) CPU E7- 4807  @ 1.87GHz
cpu MHz		: 1864.695
cache size	: 18432 KB
processor	: 17
model name	:        Intel(R) Xeon(R) CPU E7- 4807  @ 1.87GHz
cpu MHz		: 1864.695
cache size	: 18432 KB
processor	: 18
model name	:        Intel(R) Xeon(R) CPU E7- 4807  @ 1.87GHz
cpu MHz		: 1864.695
cache size	: 18432 KB
processor	: 19
model name	:        Intel(R) Xeon(R) CPU E7- 4807  @ 1.87GHz
cpu MHz		: 1864.695
cache size	: 18432 KB
processor	: 20
model name	:        Intel(R) Xeon(R) CPU E7- 4807  @ 1.87GHz
cpu MHz		: 1864.695
cache size	: 18432 KB
processor	: 21
model name	:        Intel(R) Xeon(R) CPU E7- 4807  @ 1.87GHz
cpu MHz		: 1864.695
cache size	: 18432 KB
processor	: 22
model name	:        Intel(R) Xeon(R) CPU E7- 4807  @ 1.87GHz
cpu MHz		: 1864.695
cache size	: 18432 KB
processor	: 23
model name	:        Intel(R) Xeon(R) CPU E7- 4807  @ 1.87GHz
cpu MHz		: 1864.695
cache size	: 18432 KB
processor	: 24
model name	:        Intel(R) Xeon(R) CPU E7- 4807  @ 1.87GHz
cpu MHz		: 1864.695
cache size	: 18432 KB
processor	: 25
model name	:        Intel(R) Xeon(R) CPU E7- 4807  @ 1.87GHz
cpu MHz		: 1864.695
cache size	: 18432 KB
processor	: 26
model name	:        Intel(R) Xeon(R) CPU E7- 4807  @ 1.87GHz
cpu MHz		: 1864.695
cache size	: 18432 KB
processor	: 27
model name	:        Intel(R) Xeon(R) CPU E7- 4807  @ 1.87GHz
cpu MHz		: 1864.695
cache size	: 18432 KB
processor	: 28
model name	:        Intel(R) Xeon(R) CPU E7- 4807  @ 1.87GHz
cpu MHz		: 1864.695
cache size	: 18432 KB
processor	: 29
model name	:        Intel(R) Xeon(R) CPU E7- 4807  @ 1.87GHz
cpu MHz		: 1864.695
cache size	: 18432 KB
processor	: 30
model name	:        Intel(R) Xeon(R) CPU E7- 4807  @ 1.87GHz
cpu MHz		: 1864.695
cache size	: 18432 KB
processor	: 31
model name	:        Intel(R) Xeon(R) CPU E7- 4807  @ 1.87GHz
cpu MHz		: 1864.695
cache size	: 18432 KB
processor	: 32
model name	:        Intel(R) Xeon(R) CPU E7- 4807  @ 1.87GHz
cpu MHz		: 1864.695
cache size	: 18432 KB
processor	: 33
model name	:        Intel(R) Xeon(R) CPU E7- 4807  @ 1.87GHz
cpu MHz		: 1864.695
cache size	: 18432 KB
processor	: 34
model name	:        Intel(R) Xeon(R) CPU E7- 4807  @ 1.87GHz
cpu MHz		: 1864.695
cache size	: 18432 KB
processor	: 35
model name	:        Intel(R) Xeon(R) CPU E7- 4807  @ 1.87GHz
cpu MHz		: 1864.695
cache size	: 18432 KB
processor	: 36
model name	:        Intel(R) Xeon(R) CPU E7- 4807  @ 1.87GHz
cpu MHz		: 1864.695
cache size	: 18432 KB
processor	: 37
model name	:        Intel(R) Xeon(R) CPU E7- 4807  @ 1.87GHz
cpu MHz		: 1864.695
cache size	: 18432 KB
processor	: 38
model name	:        Intel(R) Xeon(R) CPU E7- 4807  @ 1.87GHz
cpu MHz		: 1864.695
cache size	: 18432 KB
processor	: 39
model name	:        Intel(R) Xeon(R) CPU E7- 4807  @ 1.87GHz
cpu MHz		: 1864.695
cache size	: 18432 KB
processor	: 40
model name	:        Intel(R) Xeon(R) CPU E7- 4807  @ 1.87GHz
cpu MHz		: 1864.695
cache size	: 18432 KB
processor	: 41
model name	:        Intel(R) Xeon(R) CPU E7- 4807  @ 1.87GHz
cpu MHz		: 1864.695
cache size	: 18432 KB
processor	: 42
model name	:        Intel(R) Xeon(R) CPU E7- 4807  @ 1.87GHz
cpu MHz		: 1864.695
cache size	: 18432 KB
processor	: 43
model name	:        Intel(R) Xeon(R) CPU E7- 4807  @ 1.87GHz
cpu MHz		: 1864.695
cache size	: 18432 KB
processor	: 44
model name	:        Intel(R) Xeon(R) CPU E7- 4807  @ 1.87GHz
cpu MHz		: 1864.695
cache size	: 18432 KB
processor	: 45
model name	:        Intel(R) Xeon(R) CPU E7- 4807  @ 1.87GHz
cpu MHz		: 1864.695
cache size	: 18432 KB
processor	: 46
model name	:        Intel(R) Xeon(R) CPU E7- 4807  @ 1.87GHz
cpu MHz		: 1864.695
cache size	: 18432 KB
processor	: 47
model name	:        Intel(R) Xeon(R) CPU E7- 4807  @ 1.87GHz
cpu MHz		: 1864.695
cache size	: 18432 KB
cmdbegin:disk
Filesystem           1K-blocks      Used Available Use% Mounted on
/dev/cciss/c0d0p1     39675612    669188  36958472   2% /
/dev/cciss/c0d0p5    164726672  18586296 137637660  12% /df8003
/dev/cciss/c0d0p2     59515684   5158740  51284908  10% /usr
tmpfs                 16473504         0  16473504   0% /dev/shm
cmdbegin:diskperf
Linux 2.6.18-194.el5 (byfert04) 	09/13/13 	_x86_64_	(48 CPU)

16:55:01          DEV       tps  rd_sec/s  wr_sec/s  avgrq-sz  avgqu-sz     await     svctm     %util
16:55:02     dev104-0      1.00      0.00      8.00      8.00      0.01      6.00      6.00      0.60

16:55:02          DEV       tps  rd_sec/s  wr_sec/s  avgrq-sz  avgqu-sz     await     svctm     %util
16:55:03     dev104-0     14.00      0.00    488.00     34.86      0.38     27.21      5.14      7.20

16:55:03          DEV       tps  rd_sec/s  wr_sec/s  avgrq-sz  avgqu-sz     await     svctm     %util
16:55:04     dev104-0      0.00      0.00      0.00      0.00      0.00      0.00      0.00      0.00

Average:          DEV       tps  rd_sec/s  wr_sec/s  avgrq-sz  avgqu-sz     await     svctm     %util
Average:     dev104-0      5.00      0.00    165.33     33.07      0.13     25.80      5.20      2.60
cmdbegin:cpu
Linux 2.6.18-194.el5 (byfert04) 	09/13/13 	_x86_64_	(48 CPU)

16:55:04        CPU     %user     %nice   %system   %iowait    %steal     %idle
16:55:05        all      0.00      0.83      0.08      0.00      0.00     99.08
16:55:06        all      0.00      0.69      0.06      0.19      0.00     99.06
16:55:07        all      0.02      0.69      0.06      0.00      0.00     99.23
Average:        all      0.01      0.74      0.07      0.06      0.00     99.13
cmdbegin:memory
             total       used       free     shared    buffers     cached
Mem:      32947012    6740840   26206172          0     495844    3870948
-/+ buffers/cache:    2374048   30572964
Swap:     20481592          0   20481592
cmdbegin:process
USER       PID %CPU %MEM    VSZ   RSS TTY      STAT START   TIME COMMAND
root         1  0.0  0.0  10348   688 ?        Ss    2012   0:17 init [5]                             
root         2  0.0  0.0      0     0 ?        S<    2012   0:16 [migration/0]
root         3  0.0  0.0      0     0 ?        SN    2012   0:00 [ksoftirqd/0]
root         4  0.0  0.0      0     0 ?        S<    2012   0:00 [watchdog/0]
root         5  0.0  0.0      0     0 ?        S<    2012   0:00 [migration/1]
root         6  0.0  0.0      0     0 ?        SN    2012   0:00 [ksoftirqd/1]
root         7  0.0  0.0      0     0 ?        S<    2012   0:00 [watchdog/1]
root         8  0.0  0.0      0     0 ?        S<    2012   0:00 [migration/2]
root         9  0.0  0.0      0     0 ?        SN    2012   0:00 [ksoftirqd/2]
root        10  0.0  0.0      0     0 ?        S<    2012   0:00 [watchdog/2]
root        11  0.0  0.0      0     0 ?        S<    2012   0:00 [migration/3]
root        12  0.0  0.0      0     0 ?        SN    2012   0:00 [ksoftirqd/3]
root        13  0.0  0.0      0     0 ?        S<    2012   0:00 [watchdog/3]
root        14  0.0  0.0      0     0 ?        S<    2012   0:00 [migration/4]
root        15  0.0  0.0      0     0 ?        SN    2012   0:00 [ksoftirqd/4]
root        16  0.0  0.0      0     0 ?        S<    2012   0:00 [watchdog/4]
root        17  0.0  0.0      0     0 ?        S<    2012   0:00 [migration/5]
root        18  0.0  0.0      0     0 ?        SN    2012   0:00 [ksoftirqd/5]
root        19  0.0  0.0      0     0 ?        S<    2012   0:00 [watchdog/5]
root        20  0.0  0.0      0     0 ?        S<    2012   0:34 [migration/6]
root        21  0.0  0.0      0     0 ?        SN    2012   0:00 [ksoftirqd/6]
root        22  0.0  0.0      0     0 ?        S<    2012   0:00 [watchdog/6]
root        23  0.0  0.0      0     0 ?        S<    2012   0:00 [migration/7]
root        24  0.0  0.0      0     0 ?        SN    2012   0:00 [ksoftirqd/7]
root        25  0.0  0.0      0     0 ?        S<    2012   0:00 [watchdog/7]
root        26  0.0  0.0      0     0 ?        S<    2012   0:00 [migration/8]
root        27  0.0  0.0      0     0 ?        SN    2012   0:00 [ksoftirqd/8]
root        28  0.0  0.0      0     0 ?        S<    2012   0:00 [watchdog/8]
root        29  0.0  0.0      0     0 ?        S<    2012   0:00 [migration/9]
root        30  0.0  0.0      0     0 ?        SN    2012   0:00 [ksoftirqd/9]
root        31  0.0  0.0      0     0 ?        S<    2012   0:00 [watchdog/9]
root        32  0.0  0.0      0     0 ?        S<    2012   0:00 [migration/10]
root        33  0.0  0.0      0     0 ?        SN    2012   0:00 [ksoftirqd/10]
root        34  0.0  0.0      0     0 ?        S<    2012   0:00 [watchdog/10]
root        35  0.0  0.0      0     0 ?        S<    2012   0:00 [migration/11]
root        36  0.0  0.0      0     0 ?        SN    2012   0:00 [ksoftirqd/11]
root        37  0.0  0.0      0     0 ?        S<    2012   0:00 [watchdog/11]
root        38  0.0  0.0      0     0 ?        S<    2012   0:10 [migration/12]
root        39  0.0  0.0      0     0 ?        SN    2012   0:00 [ksoftirqd/12]
root        40  0.0  0.0      0     0 ?        S<    2012   0:00 [watchdog/12]
root        41  0.0  0.0      0     0 ?        S<    2012   0:00 [migration/13]
root        42  0.0  0.0      0     0 ?        SN    2012   0:00 [ksoftirqd/13]
root        43  0.0  0.0      0     0 ?        S<    2012   0:00 [watchdog/13]
root        44  0.0  0.0      0     0 ?        S<    2012   0:00 [migration/14]
root        45  0.0  0.0      0     0 ?        SN    2012   0:00 [ksoftirqd/14]
root        46  0.0  0.0      0     0 ?        S<    2012   0:00 [watchdog/14]
root        47  0.0  0.0      0     0 ?        S<    2012   0:00 [migration/15]
root        48  0.0  0.0      0     0 ?        SN    2012   0:00 [ksoftirqd/15]
root        49  0.0  0.0      0     0 ?        S<    2012   0:00 [watchdog/15]
root        50  0.0  0.0      0     0 ?        S<    2012   0:00 [migration/16]
root        51  0.0  0.0      0     0 ?        SN    2012   0:00 [ksoftirqd/16]
root        52  0.0  0.0      0     0 ?        S<    2012   0:00 [watchdog/16]
root        53  0.0  0.0      0     0 ?        S<    2012   0:00 [migration/17]
root        54  0.0  0.0      0     0 ?        SN    2012   0:00 [ksoftirqd/17]
root        55  0.0  0.0      0     0 ?        S<    2012   0:00 [watchdog/17]
root        56  0.0  0.0      0     0 ?        S<    2012   0:20 [migration/18]
root        57  0.0  0.0      0     0 ?        SN    2012   0:00 [ksoftirqd/18]
root        58  0.0  0.0      0     0 ?        S<    2012   0:00 [watchdog/18]
root        59  0.0  0.0      0     0 ?        S<    2012   0:00 [migration/19]
root        60  0.0  0.0      0     0 ?        SN    2012   0:00 [ksoftirqd/19]
root        61  0.0  0.0      0     0 ?        S<    2012   0:00 [watchdog/19]
root        62  0.0  0.0      0     0 ?        S<    2012   0:00 [migration/20]
root        63  0.0  0.0      0     0 ?        SN    2012   0:00 [ksoftirqd/20]
root        64  0.0  0.0      0     0 ?        S<    2012   0:00 [watchdog/20]
root        65  0.0  0.0      0     0 ?        S<    2012   0:00 [migration/21]
root        66  0.0  0.0      0     0 ?        SN    2012   0:00 [ksoftirqd/21]
root        67  0.0  0.0      0     0 ?        S<    2012   0:00 [watchdog/21]
root        68  0.0  0.0      0     0 ?        S<    2012   0:00 [migration/22]
root        69  0.0  0.0      0     0 ?        SN    2012   0:00 [ksoftirqd/22]
root        70  0.0  0.0      0     0 ?        S<    2012   0:00 [watchdog/22]
root        71  0.0  0.0      0     0 ?        S<    2012   0:00 [migration/23]
root        72  0.0  0.0      0     0 ?        SN    2012   0:00 [ksoftirqd/23]
root        73  0.0  0.0      0     0 ?        S<    2012   0:00 [watchdog/23]
root        74  0.0  0.0      0     0 ?        S<    2012   0:00 [migration/24]
root        75  0.0  0.0      0     0 ?        SN    2012   0:00 [ksoftirqd/24]
root        76  0.0  0.0      0     0 ?        S<    2012   0:00 [watchdog/24]
root        77  0.0  0.0      0     0 ?        S<    2012   0:00 [migration/25]
root        78  0.0  0.0      0     0 ?        SN    2012   0:00 [ksoftirqd/25]
root        79  0.0  0.0      0     0 ?        S<    2012   0:00 [watchdog/25]
root        80  0.0  0.0      0     0 ?        S<    2012   0:00 [migration/26]
root        81  0.0  0.0      0     0 ?        SN    2012   0:00 [ksoftirqd/26]
root        82  0.0  0.0      0     0 ?        S<    2012   0:00 [watchdog/26]
root        83  0.0  0.0      0     0 ?        S<    2012   0:00 [migration/27]
root        84  0.0  0.0      0     0 ?        SN    2012   0:00 [ksoftirqd/27]
root        85  0.0  0.0      0     0 ?        S<    2012   0:00 [watchdog/27]
root        86  0.0  0.0      0     0 ?        S<    2012   0:00 [migration/28]
root        87  0.0  0.0      0     0 ?        SN    2012   0:00 [ksoftirqd/28]
root        88  0.0  0.0      0     0 ?        S<    2012   0:00 [watchdog/28]
root        89  0.0  0.0      0     0 ?        S<    2012   0:00 [migration/29]
root        90  0.0  0.0      0     0 ?        SN    2012   0:00 [ksoftirqd/29]
root        91  0.0  0.0      0     0 ?        S<    2012   0:00 [watchdog/29]
root        92  0.0  0.0      0     0 ?        S<    2012   0:00 [migration/30]
root        93  0.0  0.0      0     0 ?        SN    2012   0:00 [ksoftirqd/30]
root        94  0.0  0.0      0     0 ?        S<    2012   0:00 [watchdog/30]
root        95  0.0  0.0      0     0 ?        S<    2012   0:00 [migration/31]
root        96  0.0  0.0      0     0 ?        SN    2012   0:00 [ksoftirqd/31]
root        97  0.0  0.0      0     0 ?        S<    2012   0:00 [watchdog/31]
root        98  0.0  0.0      0     0 ?        S<    2012   0:00 [migration/32]
root        99  0.0  0.0      0     0 ?        SN    2012   0:00 [ksoftirqd/32]
root       100  0.0  0.0      0     0 ?        S<    2012   0:00 [watchdog/32]
root       101  0.0  0.0      0     0 ?        S<    2012   0:00 [migration/33]
root       102  0.0  0.0      0     0 ?        SN    2012   0:00 [ksoftirqd/33]
root       103  0.0  0.0      0     0 ?        S<    2012   0:00 [watchdog/33]
root       104  0.0  0.0      0     0 ?        S<    2012   0:00 [migration/34]
root       105  0.0  0.0      0     0 ?        SN    2012   0:00 [ksoftirqd/34]
root       106  0.0  0.0      0     0 ?        S<    2012   0:00 [watchdog/34]
root       107  0.0  0.0      0     0 ?        S<    2012   0:00 [migration/35]
root       108  0.0  0.0      0     0 ?        SN    2012   0:00 [ksoftirqd/35]
root       109  0.0  0.0      0     0 ?        S<    2012   0:00 [watchdog/35]
root       110  0.0  0.0      0     0 ?        S<    2012   0:00 [migration/36]
root       111  0.0  0.0      0     0 ?        SN    2012   0:00 [ksoftirqd/36]
root       112  0.0  0.0      0     0 ?        S<    2012   0:00 [watchdog/36]
root       113  0.0  0.0      0     0 ?        S<    2012   0:10 [migration/37]
root       114  0.0  0.0      0     0 ?        SN    2012   0:00 [ksoftirqd/37]
root       115  0.0  0.0      0     0 ?        S<    2012   0:00 [watchdog/37]
root       116  0.0  0.0      0     0 ?        S<    2012   0:00 [migration/38]
root       117  0.0  0.0      0     0 ?        SN    2012   0:00 [ksoftirqd/38]
root       118  0.0  0.0      0     0 ?        S<    2012   0:00 [watchdog/38]
root       119  0.0  0.0      0     0 ?        S<    2012   0:00 [migration/39]
root       120  0.0  0.0      0     0 ?        SN    2012   0:00 [ksoftirqd/39]
root       121  0.0  0.0      0     0 ?        S<    2012   0:00 [watchdog/39]
root       122  0.0  0.0      0     0 ?        S<    2012   0:00 [migration/40]
root       123  0.0  0.0      0     0 ?        SN    2012   0:00 [ksoftirqd/40]
root       124  0.0  0.0      0     0 ?        S<    2012   0:00 [watchdog/40]
root       125  0.0  0.0      0     0 ?        S<    2012   0:00 [migration/41]
root       126  0.0  0.0      0     0 ?        SN    2012   0:00 [ksoftirqd/41]
root       127  0.0  0.0      0     0 ?        S<    2012   0:00 [watchdog/41]
root       128  0.0  0.0      0     0 ?        S<    2012   0:00 [migration/42]
root       129  0.0  0.0      0     0 ?        SN    2012   0:00 [ksoftirqd/42]
root       130  0.0  0.0      0     0 ?        S<    2012   0:00 [watchdog/42]
root       131  0.0  0.0      0     0 ?        S<    2012   0:05 [migration/43]
root       132  0.0  0.0      0     0 ?        SN    2012   0:00 [ksoftirqd/43]
root       133  0.0  0.0      0     0 ?        S<    2012   0:00 [watchdog/43]
root       134  0.0  0.0      0     0 ?        S<    2012   0:00 [migration/44]
root       135  0.0  0.0      0     0 ?        SN    2012   0:00 [ksoftirqd/44]
root       136  0.0  0.0      0     0 ?        S<    2012   0:00 [watchdog/44]
root       137  0.0  0.0      0     0 ?        S<    2012   0:00 [migration/45]
root       138  0.0  0.0      0     0 ?        SN    2012   0:00 [ksoftirqd/45]
root       139  0.0  0.0      0     0 ?        S<    2012   0:00 [watchdog/45]
root       140  0.0  0.0      0     0 ?        S<    2012   0:00 [migration/46]
root       141  0.0  0.0      0     0 ?        SN    2012   0:00 [ksoftirqd/46]
root       142  0.0  0.0      0     0 ?        S<    2012   0:00 [watchdog/46]
root       143  0.0  0.0      0     0 ?        S<    2012   0:00 [migration/47]
root       144  0.0  0.0      0     0 ?        SN    2012   0:00 [ksoftirqd/47]
root       145  0.0  0.0      0     0 ?        S<    2012   0:00 [watchdog/47]
root       146  0.0  0.0      0     0 ?        S<    2012   0:34 [events/0]
root       147  0.0  0.0      0     0 ?        S<    2012   0:00 [events/1]
root       148  0.0  0.0      0     0 ?        S<    2012   0:00 [events/2]
root       149  0.0  0.0      0     0 ?        S<    2012   0:00 [events/3]
root       150  0.0  0.0      0     0 ?        S<    2012   0:00 [events/4]
root       151  0.0  0.0      0     0 ?        S<    2012   0:00 [events/5]
root       152  0.0  0.0      0     0 ?        S<    2012   0:00 [events/6]
root       153  0.0  0.0      0     0 ?        S<    2012   0:00 [events/7]
root       154  0.0  0.0      0     0 ?        S<    2012   0:00 [events/8]
root       155  0.0  0.0      0     0 ?        S<    2012   0:00 [events/9]
root       156  0.0  0.0      0     0 ?        S<    2012   0:00 [events/10]
root       157  0.0  0.0      0     0 ?        S<    2012   0:00 [events/11]
root       158  0.0  0.0      0     0 ?        S<    2012   0:00 [events/12]
root       159  0.0  0.0      0     0 ?        S<    2012   0:00 [events/13]
root       160  0.0  0.0      0     0 ?        S<    2012   0:00 [events/14]
root       161  0.0  0.0      0     0 ?        S<    2012   0:00 [events/15]
root       162  0.0  0.0      0     0 ?        S<    2012   0:00 [events/16]
root       163  0.0  0.0      0     0 ?        S<    2012   0:00 [events/17]
root       164  0.0  0.0      0     0 ?        S<    2012   0:00 [events/18]
root       165  0.0  0.0      0     0 ?        S<    2012   0:00 [events/19]
root       166  0.0  0.0      0     0 ?        S<    2012   0:00 [events/20]
root       167  0.0  0.0      0     0 ?        S<    2012   0:00 [events/21]
root       168  0.0  0.0      0     0 ?        S<    2012   0:00 [events/22]
root       169  0.0  0.0      0     0 ?        S<    2012   0:00 [events/23]
root       170  0.0  0.0      0     0 ?        S<    2012   0:00 [events/24]
root       171  0.0  0.0      0     0 ?        S<    2012   0:00 [events/25]
root       172  0.0  0.0      0     0 ?        S<    2012   0:00 [events/26]
root       173  0.0  0.0      0     0 ?        S<    2012   0:00 [events/27]
root       174  0.0  0.0      0     0 ?        S<    2012   0:00 [events/28]
root       175  0.0  0.0      0     0 ?        S<    2012   0:00 [events/29]
root       176  0.0  0.0      0     0 ?        S<    2012   0:00 [events/30]
root       177  0.0  0.0      0     0 ?        S<    2012   0:00 [events/31]
root       178  0.0  0.0      0     0 ?        S<    2012   0:00 [events/32]
root       179  0.0  0.0      0     0 ?        S<    2012   0:00 [events/33]
root       180  0.0  0.0      0     0 ?        S<    2012   0:00 [events/34]
root       181  0.0  0.0      0     0 ?        S<    2012   0:00 [events/35]
root       182  0.0  0.0      0     0 ?        S<    2012   0:00 [events/36]
root       183  0.0  0.0      0     0 ?        S<    2012   0:00 [events/37]
root       184  0.0  0.0      0     0 ?        S<    2012   0:00 [events/38]
root       185  0.0  0.0      0     0 ?        S<    2012   0:00 [events/39]
root       186  0.0  0.0      0     0 ?        S<    2012   0:00 [events/40]
root       187  0.0  0.0      0     0 ?        S<    2012   0:00 [events/41]
root       188  0.0  0.0      0     0 ?        S<    2012   0:00 [events/42]
root       189  0.0  0.0      0     0 ?        S<    2012   0:00 [events/43]
root       190  0.0  0.0      0     0 ?        S<    2012   0:00 [events/44]
root       191  0.0  0.0      0     0 ?        S<    2012   0:00 [events/45]
root       192  0.0  0.0      0     0 ?        S<    2012   0:00 [events/46]
root       193  0.0  0.0      0     0 ?        S<    2012   0:00 [events/47]
root       194  0.0  0.0      0     0 ?        S<    2012   0:00 [khelper]
root       459  0.0  0.0      0     0 ?        S<    2012   0:00 [kthread]
root       513  0.0  0.0      0     0 ?        S<    2012   0:00 [kblockd/0]
root       514  0.0  0.0      0     0 ?        S<    2012   0:02 [kblockd/1]
root       515  0.0  0.0      0     0 ?        S<    2012   0:53 [kblockd/2]
root       516  0.0  0.0      0     0 ?        S<    2012   0:02 [kblockd/3]
root       517  0.0  0.0      0     0 ?        S<    2012   0:00 [kblockd/4]
root       518  0.0  0.0      0     0 ?        S<    2012   0:01 [kblockd/5]
root       519  0.0  0.0      0     0 ?        S<    2012   0:00 [kblockd/6]
root       520  0.0  0.0      0     0 ?        S<    2012   0:00 [kblockd/7]
root       521  0.0  0.0      0     0 ?        S<    2012   0:00 [kblockd/8]
root       522  0.0  0.0      0     0 ?        S<    2012   0:00 [kblockd/9]
root       523  0.0  0.0      0     0 ?        S<    2012   0:00 [kblockd/10]
root       524  0.0  0.0      0     0 ?        S<    2012   0:00 [kblockd/11]
root       525  0.0  0.0      0     0 ?        S<    2012   0:00 [kblockd/12]
root       526  0.0  0.0      0     0 ?        S<    2012   0:00 [kblockd/13]
root       527  0.0  0.0      0     0 ?        S<    2012   0:00 [kblockd/14]
root       528  0.0  0.0      0     0 ?        S<    2012   0:00 [kblockd/15]
root       529  0.0  0.0      0     0 ?        S<    2012   0:00 [kblockd/16]
root       530  0.0  0.0      0     0 ?        S<    2012   0:00 [kblockd/17]
root       531  0.0  0.0      0     0 ?        S<    2012   0:00 [kblockd/18]
root       532  0.0  0.0      0     0 ?        S<    2012   0:00 [kblockd/19]
root       533  0.0  0.0      0     0 ?        S<    2012   0:00 [kblockd/20]
root       534  0.0  0.0      0     0 ?        S<    2012   0:00 [kblockd/21]
root       535  0.0  0.0      0     0 ?        S<    2012   0:00 [kblockd/22]
root       536  0.0  0.0      0     0 ?        S<    2012   0:00 [kblockd/23]
root       537  0.0  0.0      0     0 ?        S<    2012   0:00 [kblockd/24]
root       538  0.0  0.0      0     0 ?        S<    2012   0:00 [kblockd/25]
root       539  0.0  0.0      0     0 ?        S<    2012   0:00 [kblockd/26]
root       540  0.0  0.0      0     0 ?        S<    2012   0:00 [kblockd/27]
root       541  0.0  0.0      0     0 ?        S<    2012   0:00 [kblockd/28]
root       542  0.0  0.0      0     0 ?        S<    2012   0:00 [kblockd/29]
root       543  0.0  0.0      0     0 ?        S<    2012   0:00 [kblockd/30]
root       544  0.0  0.0      0     0 ?        S<    2012   0:00 [kblockd/31]
root       545  0.0  0.0      0     0 ?        S<    2012   0:00 [kblockd/32]
root       546  0.0  0.0      0     0 ?        S<    2012   0:00 [kblockd/33]
root       547  0.0  0.0      0     0 ?        S<    2012   0:00 [kblockd/34]
root       548  0.0  0.0      0     0 ?        S<    2012   0:00 [kblockd/35]
root       549  0.0  0.0      0     0 ?        S<    2012   0:00 [kblockd/36]
root       550  0.0  0.0      0     0 ?        S<    2012   0:00 [kblockd/37]
root       551  0.0  0.0      0     0 ?        S<    2012   0:00 [kblockd/38]
root       552  0.0  0.0      0     0 ?        S<    2012   0:00 [kblockd/39]
root       553  0.0  0.0      0     0 ?        S<    2012   0:00 [kblockd/40]
root       554  0.0  0.0      0     0 ?        S<    2012   0:00 [kblockd/41]
root       555  0.0  0.0      0     0 ?        S<    2012   0:00 [kblockd/42]
root       556  0.0  0.0      0     0 ?        S<    2012   0:00 [kblockd/43]
root       557  0.0  0.0      0     0 ?        S<    2012   0:00 [kblockd/44]
root       558  0.0  0.0      0     0 ?        S<    2012   0:00 [kblockd/45]
root       559  0.0  0.0      0     0 ?        S<    2012   0:00 [kblockd/46]
root       560  0.0  0.0      0     0 ?        S<    2012   0:00 [kblockd/47]
root       561  0.0  0.0      0     0 ?        S<    2012   0:00 [kacpid]
root       791  0.0  0.0      0     0 ?        S<    2012   0:00 [cqueue/0]
root       792  0.0  0.0      0     0 ?        S<    2012   0:00 [cqueue/1]
root       793  0.0  0.0      0     0 ?        S<    2012   0:00 [cqueue/2]
root       794  0.0  0.0      0     0 ?        S<    2012   0:00 [cqueue/3]
root       795  0.0  0.0      0     0 ?        S<    2012   0:00 [cqueue/4]
root       796  0.0  0.0      0     0 ?        S<    2012   0:00 [cqueue/5]
root       797  0.0  0.0      0     0 ?        S<    2012   0:00 [cqueue/6]
root       798  0.0  0.0      0     0 ?        S<    2012   0:00 [cqueue/7]
root       799  0.0  0.0      0     0 ?        S<    2012   0:00 [cqueue/8]
root       800  0.0  0.0      0     0 ?        S<    2012   0:00 [cqueue/9]
root       801  0.0  0.0      0     0 ?        S<    2012   0:00 [cqueue/10]
root       802  0.0  0.0      0     0 ?        S<    2012   0:00 [cqueue/11]
root       803  0.0  0.0      0     0 ?        S<    2012   0:00 [cqueue/12]
root       804  0.0  0.0      0     0 ?        S<    2012   0:00 [cqueue/13]
root       805  0.0  0.0      0     0 ?        S<    2012   0:00 [cqueue/14]
root       806  0.0  0.0      0     0 ?        S<    2012   0:00 [cqueue/15]
root       807  0.0  0.0      0     0 ?        S<    2012   0:00 [cqueue/16]
root       808  0.0  0.0      0     0 ?        S<    2012   0:00 [cqueue/17]
root       809  0.0  0.0      0     0 ?        S<    2012   0:00 [cqueue/18]
root       810  0.0  0.0      0     0 ?        S<    2012   0:00 [cqueue/19]
root       811  0.0  0.0      0     0 ?        S<    2012   0:00 [cqueue/20]
root       812  0.0  0.0      0     0 ?        S<    2012   0:00 [cqueue/21]
root       813  0.0  0.0      0     0 ?        S<    2012   0:00 [cqueue/22]
root       814  0.0  0.0      0     0 ?        S<    2012   0:00 [cqueue/23]
root       815  0.0  0.0      0     0 ?        S<    2012   0:00 [cqueue/24]
root       816  0.0  0.0      0     0 ?        S<    2012   0:00 [cqueue/25]
root       817  0.0  0.0      0     0 ?        S<    2012   0:00 [cqueue/26]
root       818  0.0  0.0      0     0 ?        S<    2012   0:00 [cqueue/27]
root       819  0.0  0.0      0     0 ?        S<    2012   0:00 [cqueue/28]
root       820  0.0  0.0      0     0 ?        S<    2012   0:00 [cqueue/29]
root       821  0.0  0.0      0     0 ?        S<    2012   0:00 [cqueue/30]
root       822  0.0  0.0      0     0 ?        S<    2012   0:00 [cqueue/31]
root       823  0.0  0.0      0     0 ?        S<    2012   0:00 [cqueue/32]
root       824  0.0  0.0      0     0 ?        S<    2012   0:00 [cqueue/33]
root       825  0.0  0.0      0     0 ?        S<    2012   0:00 [cqueue/34]
root       826  0.0  0.0      0     0 ?        S<    2012   0:00 [cqueue/35]
root       827  0.0  0.0      0     0 ?        S<    2012   0:00 [cqueue/36]
root       828  0.0  0.0      0     0 ?        S<    2012   0:00 [cqueue/37]
root       829  0.0  0.0      0     0 ?        S<    2012   0:00 [cqueue/38]
root       830  0.0  0.0      0     0 ?        S<    2012   0:00 [cqueue/39]
root       831  0.0  0.0      0     0 ?        S<    2012   0:00 [cqueue/40]
root       832  0.0  0.0      0     0 ?        S<    2012   0:00 [cqueue/41]
root       833  0.0  0.0      0     0 ?        S<    2012   0:00 [cqueue/42]
root       834  0.0  0.0      0     0 ?        S<    2012   0:00 [cqueue/43]
root       835  0.0  0.0      0     0 ?        S<    2012   0:00 [cqueue/44]
root       836  0.0  0.0      0     0 ?        S<    2012   0:00 [cqueue/45]
root       837  0.0  0.0      0     0 ?        S<    2012   0:00 [cqueue/46]
root       838  0.0  0.0      0     0 ?        S<    2012   0:00 [cqueue/47]
root       841  0.0  0.0      0     0 ?        S<    2012   0:00 [khubd]
root       843  0.0  0.0      0     0 ?        S<    2012   0:00 [kseriod]
root      1288  0.0  0.0      0     0 ?        S     2012   0:00 [khungtaskd]
root      1289  0.0  0.0      0     0 ?        S     2012   0:00 [pdflush]
root      1290  0.0  0.0      0     0 ?        S     2012  35:10 [pdflush]
root      1291  0.0  0.0      0     0 ?        S<    2012   0:00 [kswapd0]
root      1292  0.0  0.0      0     0 ?        S<    2012   0:00 [kswapd1]
root      1293  0.0  0.0      0     0 ?        S<    2012   0:00 [kswapd2]
root      1294  0.0  0.0      0     0 ?        S<    2012   0:00 [kswapd3]
root      1295  0.0  0.0      0     0 ?        S<    2012   0:00 [aio/0]
root      1296  0.0  0.0      0     0 ?        S<    2012   0:00 [aio/1]
root      1297  0.0  0.0      0     0 ?        S<    2012   0:00 [aio/2]
root      1298  0.0  0.0      0     0 ?        S<    2012   0:00 [aio/3]
root      1299  0.0  0.0      0     0 ?        S<    2012   0:00 [aio/4]
root      1300  0.0  0.0      0     0 ?        S<    2012   0:00 [aio/5]
root      1301  0.0  0.0      0     0 ?        S<    2012   0:00 [aio/6]
root      1302  0.0  0.0      0     0 ?        S<    2012   0:00 [aio/7]
root      1303  0.0  0.0      0     0 ?        S<    2012   0:00 [aio/8]
root      1304  0.0  0.0      0     0 ?        S<    2012   0:00 [aio/9]
root      1305  0.0  0.0      0     0 ?        S<    2012   0:00 [aio/10]
root      1306  0.0  0.0      0     0 ?        S<    2012   0:00 [aio/11]
root      1307  0.0  0.0      0     0 ?        S<    2012   0:00 [aio/12]
root      1308  0.0  0.0      0     0 ?        S<    2012   0:00 [aio/13]
root      1309  0.0  0.0      0     0 ?        S<    2012   0:00 [aio/14]
root      1310  0.0  0.0      0     0 ?        S<    2012   0:00 [aio/15]
root      1311  0.0  0.0      0     0 ?        S<    2012   0:00 [aio/16]
root      1312  0.0  0.0      0     0 ?        S<    2012   0:00 [aio/17]
root      1313  0.0  0.0      0     0 ?        S<    2012   0:00 [aio/18]
root      1314  0.0  0.0      0     0 ?        S<    2012   0:00 [aio/19]
root      1315  0.0  0.0      0     0 ?        S<    2012   0:00 [aio/20]
root      1316  0.0  0.0      0     0 ?        S<    2012   0:00 [aio/21]
root      1317  0.0  0.0      0     0 ?        S<    2012   0:00 [aio/22]
root      1318  0.0  0.0      0     0 ?        S<    2012   0:00 [aio/23]
root      1319  0.0  0.0      0     0 ?        S<    2012   0:00 [aio/24]
root      1320  0.0  0.0      0     0 ?        S<    2012   0:00 [aio/25]
root      1321  0.0  0.0      0     0 ?        S<    2012   0:00 [aio/26]
root      1322  0.0  0.0      0     0 ?        S<    2012   0:00 [aio/27]
root      1323  0.0  0.0      0     0 ?        S<    2012   0:00 [aio/28]
root      1324  0.0  0.0      0     0 ?        S<    2012   0:00 [aio/29]
root      1325  0.0  0.0      0     0 ?        S<    2012   0:00 [aio/30]
root      1326  0.0  0.0      0     0 ?        S<    2012   0:00 [aio/31]
root      1327  0.0  0.0      0     0 ?        S<    2012   0:00 [aio/32]
root      1328  0.0  0.0      0     0 ?        S<    2012   0:00 [aio/33]
root      1329  0.0  0.0      0     0 ?        S<    2012   0:00 [aio/34]
root      1330  0.0  0.0      0     0 ?        S<    2012   0:00 [aio/35]
root      1331  0.0  0.0      0     0 ?        S<    2012   0:00 [aio/36]
root      1332  0.0  0.0      0     0 ?        S<    2012   0:00 [aio/37]
root      1333  0.0  0.0      0     0 ?        S<    2012   0:00 [aio/38]
root      1334  0.0  0.0      0     0 ?        S<    2012   0:00 [aio/39]
root      1335  0.0  0.0      0     0 ?        S<    2012   0:00 [aio/40]
root      1336  0.0  0.0      0     0 ?        S<    2012   0:00 [aio/41]
root      1337  0.0  0.0      0     0 ?        S<    2012   0:00 [aio/42]
root      1338  0.0  0.0      0     0 ?        S<    2012   0:00 [aio/43]
root      1339  0.0  0.0      0     0 ?        S<    2012   0:00 [aio/44]
root      1340  0.0  0.0      0     0 ?        S<    2012   0:00 [aio/45]
root      1341  0.0  0.0      0     0 ?        S<    2012   0:00 [aio/46]
root      1342  0.0  0.0      0     0 ?        S<    2012   0:00 [aio/47]
root      1505  0.0  0.0      0     0 ?        S<    2012   0:00 [kpsmoused]
root      1904  0.0  0.0      0     0 ?        S<    2012   0:00 [cciss_scan00]
root      2003  0.0  0.0      0     0 ?        S<    2012   0:00 [ata/0]
root      2004  0.0  0.0      0     0 ?        S<    2012  18:51 [ata/1]
root      2005  0.0  0.0      0     0 ?        S<    2012   1:08 [ata/2]
root      2006  0.0  0.0      0     0 ?        S<    2012   0:04 [ata/3]
root      2007  0.0  0.0      0     0 ?        S<    2012   0:00 [ata/4]
root      2008  0.0  0.0      0     0 ?        S<    2012   0:00 [ata/5]
root      2009  0.0  0.0      0     0 ?        S<    2012   0:00 [ata/6]
root      2010  0.0  0.0      0     0 ?        S<    2012   0:00 [ata/7]
root      2011  0.0  0.0      0     0 ?        S<    2012   0:00 [ata/8]
root      2012  0.0  0.0      0     0 ?        S<    2012   0:00 [ata/9]
root      2013  0.0  0.0      0     0 ?        S<    2012   0:01 [ata/10]
root      2014  0.0  0.0      0     0 ?        S<    2012   0:00 [ata/11]
root      2015  0.0  0.0      0     0 ?        S<    2012   0:00 [ata/12]
root      2016  0.0  0.0      0     0 ?        S<    2012   0:00 [ata/13]
root      2017  0.0  0.0      0     0 ?        S<    2012   0:00 [ata/14]
root      2018  0.0  0.0      0     0 ?        S<    2012   0:00 [ata/15]
root      2019  0.0  0.0      0     0 ?        S<    2012   0:00 [ata/16]
root      2020  0.0  0.0      0     0 ?        S<    2012   0:00 [ata/17]
root      2021  0.0  0.0      0     0 ?        S<    2012   0:00 [ata/18]
root      2022  0.0  0.0      0     0 ?        S<    2012   0:00 [ata/19]
root      2023  0.0  0.0      0     0 ?        S<    2012   0:00 [ata/20]
root      2024  0.0  0.0      0     0 ?        S<    2012   0:00 [ata/21]
root      2025  0.0  0.0      0     0 ?        S<    2012   0:00 [ata/22]
root      2026  0.0  0.0      0     0 ?        S<    2012   0:00 [ata/23]
root      2027  0.0  0.0      0     0 ?        S<    2012   0:00 [ata/24]
root      2028  0.0  0.0      0     0 ?        S<    2012  29:29 [ata/25]
root      2029  0.0  0.0      0     0 ?        S<    2012   1:41 [ata/26]
root      2030  0.0  0.0      0     0 ?        S<    2012   0:06 [ata/27]
root      2031  0.0  0.0      0     0 ?        S<    2012   0:00 [ata/28]
root      2032  0.0  0.0      0     0 ?        S<    2012   0:00 [ata/29]
root      2033  0.0  0.0      0     0 ?        S<    2012   0:00 [ata/30]
root      2034  0.0  0.0      0     0 ?        S<    2012   0:00 [ata/31]
root      2035  0.0  0.0      0     0 ?        S<    2012   0:00 [ata/32]
root      2036  0.0  0.0      0     0 ?        S<    2012   0:00 [ata/33]
root      2037  0.0  0.0      0     0 ?        S<    2012   0:02 [ata/34]
root      2038  0.0  0.0      0     0 ?        S<    2012   0:00 [ata/35]
root      2039  0.0  0.0      0     0 ?        S<    2012   0:00 [ata/36]
root      2040  0.0  0.0      0     0 ?        S<    2012   0:00 [ata/37]
root      2041  0.0  0.0      0     0 ?        S<    2012   0:00 [ata/38]
root      2042  0.0  0.0      0     0 ?        S<    2012   0:00 [ata/39]
root      2043  0.0  0.0      0     0 ?        S<    2012   0:00 [ata/40]
root      2044  0.0  0.0      0     0 ?        S<    2012   0:00 [ata/41]
root      2045  0.0  0.0      0     0 ?        S<    2012   0:00 [ata/42]
root      2046  0.0  0.0      0     0 ?        S<    2012   0:00 [ata/43]
root      2047  0.0  0.0      0     0 ?        S<    2012   0:00 [ata/44]
root      2048  0.0  0.0      0     0 ?        S<    2012   0:00 [ata/45]
root      2049  0.0  0.0      0     0 ?        S<    2012   0:00 [ata/46]
root      2050  0.0  0.0      0     0 ?        S<    2012   0:00 [ata/47]
root      2051  0.0  0.0      0     0 ?        S<    2012   0:00 [ata_aux]
root      2101  0.0  0.0      0     0 ?        S<    2012 131:33 [scsi_eh_0]
root      2102  0.0  0.0      0     0 ?        S<    2012   0:00 [scsi_eh_1]
root      2201  0.0  0.0      0     0 ?        S<    2012   0:00 [kstriped]
root      2398  0.0  0.0      0     0 ?        S<    2012  15:51 [kjournald]
root      2420  0.0  0.0      0     0 ?        S<    2012   0:03 [kauditd]
root      2451  0.0  0.0  13044  1216 ?        S<s   2012   0:01 /sbin/udevd -d
root      4153  0.0  0.0  57884  3472 ?        S    Apr09   0:00 /usr/sbin/nm-system-settings --config /etc/NetworkManager/nm-system-settings.conf
ems       4156  0.0  0.0  13016  1188 ?        S    Apr09   0:05 /usr/libexec/gam_server
root      5968  0.0  0.0      0     0 ?        S<    2012   0:00 [kmpathd/0]
root      5969  0.0  0.0      0     0 ?        S<    2012   0:00 [kmpathd/1]
root      5970  0.0  0.0      0     0 ?        S<    2012   0:00 [kmpathd/2]
root      5971  0.0  0.0      0     0 ?        S<    2012   0:00 [kmpathd/3]
root      5972  0.0  0.0      0     0 ?        S<    2012   0:00 [kmpathd/4]
root      5973  0.0  0.0      0     0 ?        S<    2012   0:00 [kmpathd/5]
root      5974  0.0  0.0      0     0 ?        S<    2012   0:00 [kmpathd/6]
root      5975  0.0  0.0      0     0 ?        S<    2012   0:00 [kmpathd/7]
root      5976  0.0  0.0      0     0 ?        S<    2012   0:00 [kmpathd/8]
root      5977  0.0  0.0      0     0 ?        S<    2012   0:00 [kmpathd/9]
root      5978  0.0  0.0      0     0 ?        S<    2012   0:00 [kmpathd/10]
root      5979  0.0  0.0      0     0 ?        S<    2012   0:00 [kmpathd/11]
root      5980  0.0  0.0      0     0 ?        S<    2012   0:00 [kmpathd/12]
root      5981  0.0  0.0      0     0 ?        S<    2012   0:00 [kmpathd/13]
root      5982  0.0  0.0      0     0 ?        S<    2012   0:00 [kmpathd/14]
root      5983  0.0  0.0      0     0 ?        S<    2012   0:00 [kmpathd/15]
root      5984  0.0  0.0      0     0 ?        S<    2012   0:00 [kmpathd/16]
root      5985  0.0  0.0      0     0 ?        S<    2012   0:00 [kmpathd/17]
root      5986  0.0  0.0      0     0 ?        S<    2012   0:00 [kmpathd/18]
root      5987  0.0  0.0      0     0 ?        S<    2012   0:00 [kmpathd/19]
root      5988  0.0  0.0      0     0 ?        S<    2012   0:00 [kmpathd/20]
root      5989  0.0  0.0      0     0 ?        S<    2012   0:00 [kmpathd/21]
root      5990  0.0  0.0      0     0 ?        S<    2012   0:00 [kmpathd/22]
root      5991  0.0  0.0      0     0 ?        S<    2012   0:00 [kmpathd/23]
root      5992  0.0  0.0      0     0 ?        S<    2012   0:00 [kmpathd/24]
root      5993  0.0  0.0      0     0 ?        S<    2012   0:00 [kmpathd/25]
root      5994  0.0  0.0      0     0 ?        S<    2012   0:00 [kmpathd/26]
root      5995  0.0  0.0      0     0 ?        S<    2012   0:00 [kmpathd/27]
root      5996  0.0  0.0      0     0 ?        S<    2012   0:00 [kmpathd/28]
root      5997  0.0  0.0      0     0 ?        S<    2012   0:00 [kmpathd/29]
root      5998  0.0  0.0      0     0 ?        S<    2012   0:00 [kmpathd/30]
root      5999  0.0  0.0      0     0 ?        S<    2012   0:00 [kmpathd/31]
root      6000  0.0  0.0      0     0 ?        S<    2012   0:00 [kmpathd/32]
root      6001  0.0  0.0      0     0 ?        S<    2012   0:00 [kmpathd/33]
root      6002  0.0  0.0      0     0 ?        S<    2012   0:00 [kmpathd/34]
root      6003  0.0  0.0      0     0 ?        S<    2012   0:00 [kmpathd/35]
root      6004  0.0  0.0      0     0 ?        S<    2012   0:00 [kmpathd/36]
root      6005  0.0  0.0      0     0 ?        S<    2012   0:00 [kmpathd/37]
root      6006  0.0  0.0      0     0 ?        S<    2012   0:00 [kmpathd/38]
root      6007  0.0  0.0      0     0 ?        S<    2012   0:00 [kmpathd/39]
root      6008  0.0  0.0      0     0 ?        S<    2012   0:00 [kmpathd/40]
root      6009  0.0  0.0      0     0 ?        S<    2012   0:00 [kmpathd/41]
root      6010  0.0  0.0      0     0 ?        S<    2012   0:00 [kmpathd/42]
root      6011  0.0  0.0      0     0 ?        S<    2012   0:00 [kmpathd/43]
root      6012  0.0  0.0      0     0 ?        S<    2012   0:00 [kmpathd/44]
root      6013  0.0  0.0      0     0 ?        S<    2012   0:00 [kmpathd/45]
root      6014  0.0  0.0      0     0 ?        S<    2012   0:00 [kmpathd/46]
root      6015  0.0  0.0      0     0 ?        S<    2012   0:00 [kmpathd/47]
root      6016  0.0  0.0      0     0 ?        S<    2012   0:00 [kmpath_handlerd]
root      6173  0.0  0.0      0     0 ?        S<    2012  32:38 [kjournald]
root      6175  0.0  0.0      0     0 ?        S<    2012   3:24 [kjournald]
root      6808  0.0  0.0      0     0 ?        S<    2012   0:01 [bond0]
root      8925  0.0  0.0  92860   864 ?        S<sl  2012   0:36 auditd
root      8927  0.0  0.0 147336   844 ?        S<sl  2012   0:13 /sbin/audispd
root      8949  0.0  0.0   5908   652 ?        Ss    2012   0:09 syslogd -m 0
root      8952  0.0  0.0   3804   428 ?        Ss    2012   0:00 klogd -x
root      9474  0.0  0.0  10760   400 ?        Ss    2012  48:22 irqbalance
rpc       9485  0.0  0.0   8052   576 ?        Ss    2012   0:00 portmap
root      9558  0.0  0.0      0     0 ?        S<    2012   0:00 [rpciod/0]
root      9559  0.0  0.0      0     0 ?        S<    2012   0:00 [rpciod/1]
root      9560  0.0  0.0      0     0 ?        S<    2012   0:00 [rpciod/2]
root      9561  0.0  0.0      0     0 ?        S<    2012   0:00 [rpciod/3]
root      9562  0.0  0.0      0     0 ?        S<    2012   0:00 [rpciod/4]
root      9563  0.0  0.0      0     0 ?        S<    2012   0:00 [rpciod/5]
root      9564  0.0  0.0      0     0 ?        S<    2012   0:00 [rpciod/6]
root      9565  0.0  0.0      0     0 ?        S<    2012   0:00 [rpciod/7]
root      9566  0.0  0.0      0     0 ?        S<    2012   0:00 [rpciod/8]
root      9567  0.0  0.0      0     0 ?        S<    2012   0:00 [rpciod/9]
root      9568  0.0  0.0      0     0 ?        S<    2012   0:00 [rpciod/10]
root      9569  0.0  0.0      0     0 ?        S<    2012   0:00 [rpciod/11]
root      9570  0.0  0.0      0     0 ?        S<    2012   0:00 [rpciod/12]
root      9571  0.0  0.0      0     0 ?        S<    2012   0:00 [rpciod/13]
root      9572  0.0  0.0      0     0 ?        S<    2012   0:00 [rpciod/14]
root      9573  0.0  0.0      0     0 ?        S<    2012   0:00 [rpciod/15]
root      9574  0.0  0.0      0     0 ?        S<    2012   0:00 [rpciod/16]
root      9575  0.0  0.0      0     0 ?        S<    2012   0:00 [rpciod/17]
root      9576  0.0  0.0      0     0 ?        S<    2012   0:00 [rpciod/18]
root      9577  0.0  0.0      0     0 ?        S<    2012   0:00 [rpciod/19]
root      9578  0.0  0.0      0     0 ?        S<    2012   0:00 [rpciod/20]
root      9579  0.0  0.0      0     0 ?        S<    2012   0:00 [rpciod/21]
root      9580  0.0  0.0      0     0 ?        S<    2012   0:00 [rpciod/22]
root      9581  0.0  0.0      0     0 ?        S<    2012   0:00 [rpciod/23]
root      9582  0.0  0.0      0     0 ?        S<    2012   0:00 [rpciod/24]
root      9583  0.0  0.0      0     0 ?        S<    2012   0:00 [rpciod/25]
root      9584  0.0  0.0      0     0 ?        S<    2012   0:00 [rpciod/26]
root      9585  0.0  0.0      0     0 ?        S<    2012   0:00 [rpciod/27]
root      9586  0.0  0.0      0     0 ?        S<    2012   0:00 [rpciod/28]
root      9587  0.0  0.0      0     0 ?        S<    2012   0:00 [rpciod/29]
root      9588  0.0  0.0      0     0 ?        S<    2012   0:00 [rpciod/30]
root      9589  0.0  0.0      0     0 ?        S<    2012   0:00 [rpciod/31]
root      9590  0.0  0.0      0     0 ?        S<    2012   0:00 [rpciod/32]
root      9591  0.0  0.0      0     0 ?        S<    2012   0:00 [rpciod/33]
root      9592  0.0  0.0      0     0 ?        S<    2012   0:00 [rpciod/34]
root      9593  0.0  0.0      0     0 ?        S<    2012   0:00 [rpciod/35]
root      9594  0.0  0.0      0     0 ?        S<    2012   0:00 [rpciod/36]
root      9595  0.0  0.0      0     0 ?        S<    2012   0:00 [rpciod/37]
root      9596  0.0  0.0      0     0 ?        S<    2012   0:00 [rpciod/38]
root      9597  0.0  0.0      0     0 ?        S<    2012   0:00 [rpciod/39]
root      9598  0.0  0.0      0     0 ?        S<    2012   0:00 [rpciod/40]
root      9599  0.0  0.0      0     0 ?        S<    2012   0:00 [rpciod/41]
root      9600  0.0  0.0      0     0 ?        S<    2012   0:00 [rpciod/42]
root      9601  0.0  0.0      0     0 ?        S<    2012   0:00 [rpciod/43]
root      9602  0.0  0.0      0     0 ?        S<    2012   0:00 [rpciod/44]
root      9603  0.0  0.0      0     0 ?        S<    2012   0:00 [rpciod/45]
root      9604  0.0  0.0      0     0 ?        S<    2012   0:00 [rpciod/46]
root      9605  0.0  0.0      0     0 ?        S<    2012   0:00 [rpciod/47]
root      9658  0.0  0.0  10160   796 ?        Ss    2012   0:00 rpc.statd
root      9682  0.0  0.0  55180   768 ?        Ss    2012   0:00 rpc.idmapd
dbus      9697  0.0  0.0  21592  1264 ?        Ss    2012  14:53 dbus-daemon --system
root      9712  0.0  0.0  10432   812 ?        Ss    2012   0:00 /usr/sbin/hcid
root      9716  0.0  0.0   5936   544 ?        Ss    2012   0:00 /usr/sbin/sdpd
root      9878  0.0  0.0      0     0 ?        S<    2012   0:00 [krfcommd]
root      9915  0.0  0.0  54008  1624 ?        Ssl   2012   1:46 pcscd
root      9925  0.0  0.0   3800   576 ?        Ss    2012   0:00 /usr/sbin/acpid
68        9934  0.0  0.0  31912  4972 ?        Ss    2012   5:06 hald
root      9935  0.0  0.0  21692  1084 ?        S     2012   0:00 hald-runner
68        9943  0.0  0.0  12324   844 ?        S     2012   0:00 hald-addon-acpi: listening on acpid socket /var/run/acpid.socket
68        9956  0.0  0.0  12324   848 ?        S     2012   0:00 hald-addon-keyboard: listening on /dev/input/event2
root      9965  0.0  0.0  10228   680 ?        S     2012  90:51 hald-addon-storage: polling /dev/scd0
root     10031  0.0  0.0   8516   480 ?        Ss    2012   0:00 /usr/bin/hidd --server
root     10098  0.0  0.0 187520  1548 ?        Ssl   2012   7:15 automount
root     10115  0.0  0.0  26324   520 ?        Ss    2012   0:00 ./hpiod
root     10120  0.0  0.0 163680  6796 ?        S     2012   0:11 python ./hpssd.py
root     10133  0.0  0.0  62608  1216 ?        Ss    2012   0:00 /usr/sbin/sshd
root     10142  0.0  0.0 133564  3088 ?        Ss    2012   2:31 cupsd
root     10175  0.0  0.0  66940  2332 ?        Ss    2012   0:27 sendmail: accepting connections
smmsp    10185  0.0  0.0  57688  1756 ?        Ss    2012   0:00 sendmail: Queue runner@01:00:00 for /var/spool/clientmqueue
root     10195  0.0  0.0   6452   372 ?        Ss    2012   0:26 gpm -m /dev/input/mice -t exps2
root     10204  0.0  0.0  74840  1152 ?        Ss    2012   0:03 crond
xfs      10237  0.0  0.0  21044  1852 ?        Ss    2012   0:00 xfs -droppriv -daemon
root     10254  0.0  0.0  18732   456 ?        Ss    2012   0:00 /usr/sbin/atd
avahi    10284  0.0  0.0  23392  1516 ?        Ss    2012   0:03 avahi-daemon: running [byfert04.local]
avahi    10285  0.0  0.0  23148   332 ?        Ss    2012   0:00 avahi-daemon: chroot helper
root     10359  0.0  0.0  44268   644 ?        Ss    2012   0:00 /usr/sbin/vsftpd /etc/vsftpd/vsftpd.conf
root     10371  0.0  0.0  18416   468 ?        S     2012   0:00 /usr/sbin/smartd -q never
root     10376  0.0  0.0   3792   484 tty1     Ss+   2012   0:00 /sbin/mingetty tty1
root     10377  0.0  0.0   3792   480 tty2     Ss+   2012   0:00 /sbin/mingetty tty2
root     10378  0.0  0.0   3792   484 tty3     Ss+   2012   0:00 /sbin/mingetty tty3
root     10379  0.0  0.0   3792   480 tty4     Ss+   2012   0:00 /sbin/mingetty tty4
root     10380  0.0  0.0   3792   480 tty5     Ss+   2012   0:00 /sbin/mingetty tty5
root     10381  0.0  0.0   3792   480 tty6     Ss+   2012   0:00 /sbin/mingetty tty6
root     10382  0.0  0.0 171900  2772 ?        Ss    2012   0:00 /usr/sbin/gdm-binary -nodaemon
root     10483  0.0  0.0 255380  4124 ?        Sl    2012   0:38 /usr/libexec/gdm-rh-security-token-helper
root     10499  0.0  0.0 270512 20968 ?        SN    2012   0:17 /usr/bin/python -tt /usr/sbin/yum-updatesd
root     10501  0.0  0.0  12916  1144 ?        SN    2012   0:03 /usr/libexec/gam_server
root     12049  0.0  0.0 106224  1580 ?        S    16:55   0:00 crond
root     12050  0.0  0.0   8700   952 ?        Ss   16:55   0:00 /bin/sh -c /home/nms/collection.sh >/dev/null
root     12051  0.0  0.0   8704  1000 ?        S    16:55   0:00 /bin/sh /home/nms/collection.sh
root     12070  0.0  0.0  10460   872 ?        R    16:55   0:00 ps aux
ems      14343  1.5  0.0 662940 32784 ?        SN   05:50  10:28 comServer -ref
root     14344 32.0  0.2 530100 85424 ?        SNl  05:50 212:42 scn_slmd
root     14961  0.0  0.0 210240  7788 ?        SN   Jun26   0:00 proc_watchd
ems      14962  0.0  0.0 286148 13900 ?        SN   Jun26  28:44 almd_server_rep
ems      14963  0.0  0.0 613668 16860 ?        SN   Jun26  34:17 alm_replica -mode r
root     14966  1.0  0.0 471064 14220 ?        SN   Jun26 1150:52 code_saver 10
ems      14967  1.0  0.4 608928 158200 ?       SN   Jun26 1218:11 SCADA_Rep -mode r
ems      14968  0.0  0.0 179692 25732 ?        SN   Jun26  92:57 hisWrite
ems      14970  0.0  4.9 1859432 1635220 ?     SN   Jun26   1:23 rdbmon
root     14972  0.3  0.0 213184  8144 ?        SN   Jun26 371:48 netmond -s 3600
ems      14973  0.3  0.5 712484 177936 ?       SN   Jun26 360:55 ssrd
root     15449  0.2  0.0 137572  7472 ?        SN   Jun21 249:10 /df8003/bin/applogd
root     15450  0.0  0.0 137432  7316 ?        SN   Jun21  48:14 /df8003/bin/netmd
root     15451  0.0  0.0 142276 12020 ?        SN   Jun21   0:01 /df8003/bin/dbmd
root     15453  0.3  0.0 157968 22768 ?        SN   Jun21 437:37 /df8003/bin/sysmd
root     15513  0.0  0.0 199124  3096 ?        S    Aug23   0:00 /usr/sbin/gdm-binary -nodaemon
root     15518  0.0  0.0 210732  8044 ?        SN   Jun21  56:51 /df8003/bin/procmd
root     18514  0.0  0.0  98560 12852 tty7     Ss+  Aug23   2:09 /usr/bin/Xorg :0 -br -audit 0 -auth /var/gdm/:0.Xauth -nolisten tcp vt7
ems      18546  0.0  0.0 245464  6528 ?        Ss   Aug23   0:00 /usr/bin/gnome-session
ems      18578  0.0  0.0      0     0 ?        Z    Aug23   0:00 [Xsession] <defunct>
ems      18582  0.0  0.0  53852   764 ?        Ss   Aug23   0:00 /usr/bin/ssh-agent /bin/sh -c exec -l /bin/bash -c "/usr/bin/dbus-launch --exit-with-session /etc/X11/xinit/Xclients"
ems      18607  0.0  0.0  15176   516 ?        S    Aug23   0:00 /usr/bin/dbus-launch --exit-with-session /etc/X11/xinit/Xclients
ems      18608  0.0  0.0  21360  1008 ?        Ss   Aug23   0:00 /bin/dbus-daemon --fork --print-pid 4 --print-address 6 --session
ems      18614  0.0  0.0  90492  4400 ?        S    Aug23   0:00 /usr/libexec/gconfd-2 5
ems      18617  0.0  0.0  12896   568 ?        S    Aug23   0:00 /usr/bin/gnome-keyring-daemon
ems      18619  0.0  0.0 264588  7608 ?        Sl   Aug23   0:01 /usr/libexec/gnome-settings-daemon
ems      18638  0.0  0.0 328168  3304 ?        Ssl  Aug23   0:00 /usr/libexec/bonobo-activation-server --ac-activate --ior-output-fd=18
ems      18641  0.0  0.0 100988 12280 ?        Ss   Aug23   0:00 /usr/lib64/scim-1.0/scim-launcher -d -c simple -e all -f socket --no-stay
ems      18645  0.0  0.0 157140  5492 ?        Ss   Aug23   0:00 metacity --sm-client-id=default1
ems      18647  0.0  0.0 239172  5104 ?        S    Aug23   0:00 /usr/libexec/vino-server --oaf-activate-iid=OAFIID:GNOME_RemoteDesktopServer --oaf-ior-fd=17
ems      18653  0.0  0.0 303388 16088 ?        Ss   Aug23   0:00 gnome-panel --sm-client-id default2
ems      18655  0.0  0.0 453752 20312 ?        Ss   Aug23   0:01 nautilus --no-default-window --sm-client-id default3
ems      18659  0.0  0.0 263468  7676 ?        Ss   Aug23   0:00 eggcups --sm-client-id default4
ems      18662  0.0  0.0 230452  4556 ?        Ss   Aug23   0:00 gnome-volume-manager --sm-client-id default5
ems      18666  0.0  0.0 149488  3424 ?        S    Aug23   0:00 /usr/libexec/gnome-vfs-daemon
ems      18669  0.0  0.0 154236  4724 ?        Ss   Aug23   0:00 bt-applet --sm-disable
ems      18676  0.0  0.0 359652 30700 ?        Ss   Aug23   0:01 /usr/bin/python -tt /usr/bin/puplet
ems      18680  0.0  0.0 232976 10088 ?        Ss   Aug23   0:00 nm-applet --sm-disable
ems      18682  0.0  0.0 154964  4388 ?        Ss   Aug23   0:42 pam-panel-icon --sm-client-id default0
root     18689  0.0  0.0  12184   700 ?        S    Aug23   0:01 /sbin/pam_timestamp_check -d root
ems      18693  0.0  0.0  72368  2664 ?        Sl   Aug23   0:02 ./escd --key_Inserted="/usr/bin/esc" --on_Signal="/usr/bin/esc"
ems      18695  0.0  0.0 267464  6440 ?        Ss   Aug23   1:14 gnome-power-manager
ems      18706  0.0  0.0 429324  8424 ?        S    Aug23   0:00 /usr/libexec/trashapplet --oaf-activate-iid=OAFIID:GNOME_Panel_TrashApplet_Factory --oaf-ior-fd=23
ems      18708  0.0  0.0 267860  8416 ?        S    Aug23   0:00 /usr/libexec/wnck-applet --oaf-activate-iid=OAFIID:GNOME_Wncklet_Factory --oaf-ior-fd=29
ems      18719  0.0  0.0  78260   584 ?        Ss   Aug23   0:00 /usr/lib64/scim-1.0/scim-helper-manager
ems      18720  0.0  0.0 196404  5908 ?        Ssl  Aug23   0:00 /usr/lib64/scim-1.0/scim-panel-gtk --display :0.0 -c socket -d --no-stay
ems      18722  0.0  0.0  90088   924 ?        Ss   Aug23   0:00 /usr/lib64/scim-1.0/scim-launcher -d -c socket -e socket -f x11
ems      18724  0.0  0.0 241204  7008 ?        S    Aug23   0:00 /usr/libexec/notification-area-applet --oaf-activate-iid=OAFIID:GNOME_NotificationAreaApplet_Factory --oaf-ior-fd=24
ems      18726  0.0  0.0 297620 11888 ?        S    Aug23   0:19 /usr/libexec/clock-applet --oaf-activate-iid=OAFIID:GNOME_ClockApplet_Factory --oaf-ior-fd=33
ems      18728  0.0  0.0 306492 13796 ?        S    Aug23   0:00 /usr/libexec/mixer_applet2 --oaf-activate-iid=OAFIID:GNOME_MixerApplet_Factory --oaf-ior-fd=41
ems      18743  0.0  0.0  12820   860 ?        S    Aug23   0:00 /usr/libexec/mapping-daemon
ems      18798  0.0  0.0  90280  4216 ?        S    Aug23   0:00 /usr/libexec/gconfd-2 5
ems      18799  0.0  0.0 189784  3824 ?        Ss   Aug23   0:01 gnome-screensaver
root     20624  0.0  0.0 106224  1580 ?        S    Jul08   0:00 crond
root     20625  0.0  0.0   8700   952 ?        Ss   Jul08   0:00 /bin/sh -c /home/nms/collection.sh >/dev/null
root     20626  0.0  0.0   8704  1008 ?        S    Jul08   0:00 /bin/sh /home/nms/collection.sh
root     20662  0.0  0.0  34680  1208 ?        S    Jul08   0:00 ftp -n
ems      21616  0.0  0.0 187016  3116 ?        Ssl  Jun21   0:00 /usr/libexec/bonobo-activation-server --ac-activate --ior-output-fd=16
root     27488  0.0  0.0  19188  4888 ?        SLs   2012   0:06 ntpd -s byntp
ntp      28992  0.0  0.0  19188  4888 ?        SLs   2012   0:31 ntpd -u ntp:ntp -p /var/run/ntpd.pid
root     30883  0.0  0.0  21644   872 ?        Ss    2012   0:00 xinetd -stayalive -pidfile /var/run/xinetd.pid
68       31251  0.0  0.0  12324   844 ?        S    Jun09   0:00 hald-addon-keyboard: listening on /dev/input/event1
68       31253  0.0  0.0  12324   844 ?        S    Jun09   0:00 hald-addon-keyboard: listening on /dev/input/event0
cmdbegin:mac
1: lo: <LOOPBACK,UP,LOWER_UP> mtu 16436 qdisc noqueue 
    link/loopback 00:00:00:00:00:00 brd 00:00:00:00:00:00
    inet 127.0.0.1/8 scope host lo
    inet6 ::1/128 scope host 
       valid_lft forever preferred_lft forever
2: eth0: <BROADCAST,MULTICAST,SLAVE,UP,LOWER_UP> mtu 1500 qdisc pfifo_fast master bond0 qlen 1000
    link/ether e8:39:35:0f:9c:d2 brd ff:ff:ff:ff:ff:ff
3: eth1: <BROADCAST,MULTICAST> mtu 1500 qdisc pfifo_fast qlen 1000
    link/ether e8:39:35:0f:9c:d3 brd ff:ff:ff:ff:ff:ff
4: eth2: <BROADCAST,MULTICAST,SLAVE,UP,LOWER_UP> mtu 1500 qdisc pfifo_fast master bond0 qlen 1000
    link/ether e8:39:35:0f:9c:d2 brd ff:ff:ff:ff:ff:ff
5: eth3: <BROADCAST,MULTICAST> mtu 1500 qdisc pfifo_fast qlen 1000
    link/ether e8:39:35:0f:9d:4f brd ff:ff:ff:ff:ff:ff
6: eth4: <BROADCAST,MULTICAST,UP,LOWER_UP> mtu 1500 qdisc pfifo_fast qlen 1000
    link/ether e8:39:35:0f:a0:4c brd ff:ff:ff:ff:ff:ff
    inet 192.168.106.44/24 brd 192.168.106.255 scope global eth4
    inet6 fe80::ea39:35ff:fe0f:a04c/64 scope link 
       valid_lft forever preferred_lft forever
7: eth5: <BROADCAST,MULTICAST> mtu 1500 qdisc pfifo_fast qlen 1000
    link/ether e8:39:35:0f:a0:4d brd ff:ff:ff:ff:ff:ff
8: eth6: <BROADCAST,MULTICAST,UP,LOWER_UP> mtu 1500 qdisc pfifo_fast qlen 1000
    link/ether e8:39:35:0f:9c:ee brd ff:ff:ff:ff:ff:ff
    inet 192.168.206.44/24 brd 192.168.206.255 scope global eth6
    inet6 fe80::ea39:35ff:fe0f:9cee/64 scope link 
       valid_lft forever preferred_lft forever
9: eth7: <BROADCAST,MULTICAST> mtu 1500 qdisc pfifo_fast qlen 1000
    link/ether e8:39:35:0f:9c:ef brd ff:ff:ff:ff:ff:ff
10: eth8: <BROADCAST,MULTICAST> mtu 1500 qdisc pfifo_fast qlen 1000
    link/ether e8:39:35:0f:9f:b0 brd ff:ff:ff:ff:ff:ff
11: eth9: <BROADCAST,MULTICAST> mtu 1500 qdisc pfifo_fast qlen 1000
    link/ether e8:39:35:0f:9f:b1 brd ff:ff:ff:ff:ff:ff
12: eth10: <BROADCAST,MULTICAST> mtu 1500 qdisc pfifo_fast qlen 1000
    link/ether 80:c1:6e:73:f3:98 brd ff:ff:ff:ff:ff:ff
13: eth11: <BROADCAST,MULTICAST> mtu 1500 qdisc pfifo_fast qlen 1000
    link/ether 80:c1:6e:73:f3:99 brd ff:ff:ff:ff:ff:ff
14: eth12: <BROADCAST,MULTICAST> mtu 1500 qdisc pfifo_fast qlen 1000
    link/ether 80:c1:6e:73:f3:9a brd ff:ff:ff:ff:ff:ff
15: eth13: <BROADCAST,MULTICAST> mtu 1500 qdisc pfifo_fast qlen 1000
    link/ether 80:c1:6e:73:f3:9b brd ff:ff:ff:ff:ff:ff
16: sit0: <NOARP> mtu 1480 qdisc noop 
    link/sit 0.0.0.0 brd 0.0.0.0
17: bond0: <BROADCAST,MULTICAST,MASTER,UP,LOWER_UP> mtu 1500 qdisc noqueue 
    link/ether e8:39:35:0f:9c:d2 brd ff:ff:ff:ff:ff:ff
    inet 192.168.10.14/24 brd 192.168.10.255 scope global bond0
    inet6 fe80::ea39:35ff:fe0f:9cd2/64 scope link 
       valid_lft forever preferred_lft forever
cmdbegin:interface
Linux 2.6.18-194.el5 (byfert04) 	09/13/13 	_x86_64_	(48 CPU)

16:55:07        IFACE   rxpck/s   txpck/s    rxkB/s    txkB/s   rxcmp/s   txcmp/s  rxmcst/s
16:55:08           lo     19.00     19.00      8.74      8.74      0.00      0.00      0.00
16:55:08         eth0     80.00     12.00     22.71      1.97      0.00      0.00      0.00
16:55:08         eth1      0.00      0.00      0.00      0.00      0.00      0.00      0.00
16:55:08         eth2     66.00      0.00     19.40      0.00      0.00      0.00      0.00
16:55:08         eth3      0.00      0.00      0.00      0.00      0.00      0.00      0.00
16:55:08         eth4     33.00      1.00      1.93      0.04      0.00      0.00      0.00
16:55:08         eth5      0.00      0.00      0.00      0.00      0.00      0.00      0.00
16:55:08         eth6     27.00      7.00      1.58      0.29      0.00      0.00      0.00
16:55:08         eth7      0.00      0.00      0.00      0.00      0.00      0.00      0.00
16:55:08         eth8      0.00      0.00      0.00      0.00      0.00      0.00      0.00
16:55:08         eth9      0.00      0.00      0.00      0.00      0.00      0.00      0.00
16:55:08        eth10      0.00      0.00      0.00      0.00      0.00      0.00      0.00
16:55:08        eth11      0.00      0.00      0.00      0.00      0.00      0.00      0.00
16:55:08        eth12      0.00      0.00      0.00      0.00      0.00      0.00      0.00
16:55:08        eth13      0.00      0.00      0.00      0.00      0.00      0.00      0.00
16:55:08         sit0      0.00      0.00      0.00      0.00      0.00      0.00      0.00
16:55:08        bond0    146.00     12.00     42.12      1.97      0.00      0.00      0.00

16:55:08        IFACE   rxpck/s   txpck/s    rxkB/s    txkB/s   rxcmp/s   txcmp/s  rxmcst/s
16:55:09           lo     11.00     11.00      2.04      2.04      0.00      0.00      0.00
16:55:09         eth0     98.00      1.00     54.98      0.11      0.00      0.00     15.00
16:55:09         eth1      0.00      0.00      0.00      0.00      0.00      0.00      0.00
16:55:09         eth2     90.00      0.00     52.19      0.00      0.00      0.00      0.00
16:55:09         eth3      0.00      0.00      0.00      0.00      0.00      0.00      0.00
16:55:09         eth4     34.00      0.00      1.99      0.00      0.00      0.00      0.00
16:55:09         eth5      0.00      0.00      0.00      0.00      0.00      0.00      0.00
16:55:09         eth6     25.00      9.00      1.46      0.37      0.00      0.00      0.00
16:55:09         eth7      0.00      0.00      0.00      0.00      0.00      0.00      0.00
16:55:09         eth8      0.00      0.00      0.00      0.00      0.00      0.00      0.00
16:55:09         eth9      0.00      0.00      0.00      0.00      0.00      0.00      0.00
16:55:09        eth10      0.00      0.00      0.00      0.00      0.00      0.00      0.00
16:55:09        eth11      0.00      0.00      0.00      0.00      0.00      0.00      0.00
16:55:09        eth12      0.00      0.00      0.00      0.00      0.00      0.00      0.00
16:55:09        eth13      0.00      0.00      0.00      0.00      0.00      0.00      0.00
16:55:09         sit0      0.00      0.00      0.00      0.00      0.00      0.00      0.00
16:55:09        bond0    188.00      1.00    107.18      0.11      0.00      0.00     15.00

16:55:09        IFACE   rxpck/s   txpck/s    rxkB/s    txkB/s   rxcmp/s   txcmp/s  rxmcst/s
16:55:10           lo     19.00     19.00      2.49      2.49      0.00      0.00      0.00
16:55:10         eth0    100.00      5.00     57.50      0.71      0.00      0.00      0.00
16:55:10         eth1      0.00      0.00      0.00      0.00      0.00      0.00      0.00
16:55:10         eth2     90.00      0.00     55.05      0.00      0.00      0.00      0.00
16:55:10         eth3      0.00      0.00      0.00      0.00      0.00      0.00      0.00
16:55:10         eth4     38.00      0.00      2.23      0.00      0.00      0.00      0.00
16:55:10         eth5      0.00      0.00      0.00      0.00      0.00      0.00      0.00
16:55:10         eth6     32.00      6.00      1.88      0.25      0.00      0.00      0.00
16:55:10         eth7      0.00      0.00      0.00      0.00      0.00      0.00      0.00
16:55:10         eth8      0.00      0.00      0.00      0.00      0.00      0.00      0.00
16:55:10         eth9      0.00      0.00      0.00      0.00      0.00      0.00      0.00
16:55:10        eth10      0.00      0.00      0.00      0.00      0.00      0.00      0.00
16:55:10        eth11      0.00      0.00      0.00      0.00      0.00      0.00      0.00
16:55:10        eth12      0.00      0.00      0.00      0.00      0.00      0.00      0.00
16:55:10        eth13      0.00      0.00      0.00      0.00      0.00      0.00      0.00
16:55:10         sit0      0.00      0.00      0.00      0.00      0.00      0.00      0.00
16:55:10        bond0    190.00      5.00    112.54      0.71      0.00      0.00      0.00

Average:        IFACE   rxpck/s   txpck/s    rxkB/s    txkB/s   rxcmp/s   txcmp/s  rxmcst/s
Average:           lo     16.33     16.33      4.42      4.42      0.00      0.00      0.00
Average:         eth0     92.67      6.00     45.06      0.93      0.00      0.00      5.00
Average:         eth1      0.00      0.00      0.00      0.00      0.00      0.00      0.00
Average:         eth2     82.00      0.00     42.21      0.00      0.00      0.00      0.00
Average:         eth3      0.00      0.00      0.00      0.00      0.00      0.00      0.00
Average:         eth4     35.00      0.33      2.05      0.01      0.00      0.00      0.00
Average:         eth5      0.00      0.00      0.00      0.00      0.00      0.00      0.00
Average:         eth6     28.00      7.33      1.64      0.30      0.00      0.00      0.00
Average:         eth7      0.00      0.00      0.00      0.00      0.00      0.00      0.00
Average:         eth8      0.00      0.00      0.00      0.00      0.00      0.00      0.00
Average:         eth9      0.00      0.00      0.00      0.00      0.00      0.00      0.00
Average:        eth10      0.00      0.00      0.00      0.00      0.00      0.00      0.00
Average:        eth11      0.00      0.00      0.00      0.00      0.00      0.00      0.00
Average:        eth12      0.00      0.00      0.00      0.00      0.00      0.00      0.00
Average:        eth13      0.00      0.00      0.00      0.00      0.00      0.00      0.00
Average:         sit0      0.00      0.00      0.00      0.00      0.00      0.00      0.00
Average:        bond0    174.67      6.00     87.28      0.93      0.00      0.00      5.00
cmdbegin:uname
Linux byfert04
cmdbegin:usergroup
root:x:0:root
bin:x:1:root,bin,daemon
daemon:x:2:root,bin,daemon
sys:x:3:root,bin,adm
adm:x:4:root,adm,daemon
tty:x:5:
disk:x:6:root
lp:x:7:daemon,lp
mem:x:8:
kmem:x:9:
wheel:x:10:root
mail:x:12:mail
news:x:13:news
uucp:x:14:uucp
man:x:15:
games:x:20:
gopher:x:30:
dip:x:40:
ftp:x:50:
lock:x:54:
nobody:x:99:
users:x:100:
nscd:x:28:
floppy:x:19:
vcsa:x:69:
audio:x:63:gdm
utmp:x:22:
rpc:x:32:
mailnull:x:47:
smmsp:x:51:
pcap:x:77:
utempter:x:35:
slocate:x:21:
ntp:x:38:
sshd:x:74:
rpcuser:x:29:
nfsnobody:x:4294967294:
dbus:x:81:
avahi:x:70:
haldaemon:x:68:
avahi-autoipd:x:101:
distcache:x:94:
apache:x:48:
webalizer:x:67:
squid:x:23:
oprofile:x:16:
xfs:x:43:
gdm:x:42:
sabayon:x:86:
stapdev:x:102:
stapusr:x:103:
dfd:x:500:
dfdz:x:501:
dba:x:502:
cmdbegin:user
root:x:0:0:root:/root:/bin/bash
bin:x:1:1:bin:/bin:/sbin/nologin
daemon:x:2:2:daemon:/sbin:/sbin/nologin
adm:x:3:4:adm:/var/adm:/sbin/nologin
lp:x:4:7:lp:/var/spool/lpd:/sbin/nologin
sync:x:5:0:sync:/sbin:/bin/sync
shutdown:x:6:0:shutdown:/sbin:/sbin/shutdown
halt:x:7:0:halt:/sbin:/sbin/halt
mail:x:8:12:mail:/var/spool/mail:/sbin/nologin
news:x:9:13:news:/etc/news:
uucp:x:10:14:uucp:/var/spool/uucp:/sbin/nologin
operator:x:11:0:operator:/root:/sbin/nologin
games:x:12:100:games:/usr/games:/sbin/nologin
gopher:x:13:30:gopher:/var/gopher:/sbin/nologin
ftp:x:14:50:FTP User:/var/ftp:/sbin/nologin
nobody:x:99:99:Nobody:/:/sbin/nologin
nscd:x:28:28:NSCD Daemon:/:/sbin/nologin
vcsa:x:69:69:virtual console memory owner:/dev:/sbin/nologin
rpc:x:32:32:Portmapper RPC user:/:/sbin/nologin
mailnull:x:47:47::/var/spool/mqueue:/sbin/nologin
smmsp:x:51:51::/var/spool/mqueue:/sbin/nologin
pcap:x:77:77::/var/arpwatch:/sbin/nologin
ntp:x:38:38::/etc/ntp:/sbin/nologin
sshd:x:74:74:Privilege-separated SSH:/var/empty/sshd:/sbin/nologin
rpcuser:x:29:29:RPC Service User:/var/lib/nfs:/sbin/nologin
nfsnobody:x:4294967294:4294967294:Anonymous NFS User:/var/lib/nfs:/sbin/nologin
dbus:x:81:81:System message bus:/:/sbin/nologin
avahi:x:70:70:Avahi daemon:/:/sbin/nologin
haldaemon:x:68:68:HAL daemon:/:/sbin/nologin
avahi-autoipd:x:100:101:avahi-autoipd:/var/lib/avahi-autoipd:/sbin/nologin
distcache:x:94:94:Distcache:/:/sbin/nologin
apache:x:48:48:Apache:/var/www:/sbin/nologin
webalizer:x:67:67:Webalizer:/var/www/usage:/sbin/nologin
squid:x:23:23::/var/spool/squid:/sbin/nologin
oprofile:x:16:16:Special user account to be used by OProfile:/home/oprofile:/sbin/nologin
xfs:x:43:43:X Font Server:/etc/X11/fs:/sbin/nologin
gdm:x:42:42::/var/gdm:/sbin/nologin
sabayon:x:86:86:Sabayon user:/home/sabayon:/sbin/nologin
ems:x:115:501::/df8003/home:/bin/bash
oracle:x:500:502::/usr/local/oracle:/bin/bash
cmdbegin:date
Fri Sep 13 16:55:10 CST 2013
cmdbegin:uptime
 16:55:10 up 283 days,  1:26,  1 user,  load average: 0.51, 0.56, 0.64
cmdbegin:end
