cmdbegin:version
Linux version 2.6.18-194.el5 (mockbuild@x86-005.build.bos.redhat.com) (gcc version 4.1.2 20080704 (Red Hat 4.1.2-48)) #1 SMP Tue Mar 16 21:52:39 EDT 2010
cmdbegin:cpuconfig
processor	: 0
model name	: Intel(R) Xeon(R) CPU           E5620  @ 2.40GHz
cpu MHz		: 2400.142
cache size	: 12288 KB
processor	: 1
model name	: Intel(R) Xeon(R) CPU           E5620  @ 2.40GHz
cpu MHz		: 2400.142
cache size	: 12288 KB
processor	: 2
model name	: Intel(R) Xeon(R) CPU           E5620  @ 2.40GHz
cpu MHz		: 2400.142
cache size	: 12288 KB
processor	: 3
model name	: Intel(R) Xeon(R) CPU           E5620  @ 2.40GHz
cpu MHz		: 2400.142
cache size	: 12288 KB
processor	: 4
model name	: Intel(R) Xeon(R) CPU           E5620  @ 2.40GHz
cpu MHz		: 2400.142
cache size	: 12288 KB
processor	: 5
model name	: Intel(R) Xeon(R) CPU           E5620  @ 2.40GHz
cpu MHz		: 2400.142
cache size	: 12288 KB
processor	: 6
model name	: Intel(R) Xeon(R) CPU           E5620  @ 2.40GHz
cpu MHz		: 2400.142
cache size	: 12288 KB
processor	: 7
model name	: Intel(R) Xeon(R) CPU           E5620  @ 2.40GHz
cpu MHz		: 2400.142
cache size	: 12288 KB
processor	: 8
model name	: Intel(R) Xeon(R) CPU           E5620  @ 2.40GHz
cpu MHz		: 2400.142
cache size	: 12288 KB
processor	: 9
model name	: Intel(R) Xeon(R) CPU           E5620  @ 2.40GHz
cpu MHz		: 2400.142
cache size	: 12288 KB
processor	: 10
model name	: Intel(R) Xeon(R) CPU           E5620  @ 2.40GHz
cpu MHz		: 2400.142
cache size	: 12288 KB
processor	: 11
model name	: Intel(R) Xeon(R) CPU           E5620  @ 2.40GHz
cpu MHz		: 2400.142
cache size	: 12288 KB
processor	: 12
model name	: Intel(R) Xeon(R) CPU           E5620  @ 2.40GHz
cpu MHz		: 2400.142
cache size	: 12288 KB
processor	: 13
model name	: Intel(R) Xeon(R) CPU           E5620  @ 2.40GHz
cpu MHz		: 2400.142
cache size	: 12288 KB
processor	: 14
model name	: Intel(R) Xeon(R) CPU           E5620  @ 2.40GHz
cpu MHz		: 2400.142
cache size	: 12288 KB
processor	: 15
model name	: Intel(R) Xeon(R) CPU           E5620  @ 2.40GHz
cpu MHz		: 2400.142
cache size	: 12288 KB
cmdbegin:disk
Filesystem           1K-blocks      Used Available Use% Mounted on
/dev/cciss/c0d0p1     19840892   1696340  17120412  10% /
/dev/cciss/c0d0p5     59485268  37305696  19109152  67% /df8003
/dev/cciss/c0d0p2     39674224   6572004  31054336  18% /usr
tmpfs                  4080312         0   4080312   0% /dev/shm
cmdbegin:diskperf
Linux 2.6.18-194.el5 (dwdd6) 	09/13/13

16:55:01          DEV       tps  rd_sec/s  wr_sec/s  avgrq-sz  avgqu-sz     await     svctm     %util
16:55:02     dev104-0      9.00      0.00    264.00     29.33      0.09     10.67      7.56      6.80
16:55:02     dev104-1      7.00      0.00    248.00     35.43      0.06      9.43      7.14      5.00
16:55:02     dev104-2      0.00      0.00      0.00      0.00      0.00      0.00      0.00      0.00
16:55:02     dev104-3      0.00      0.00      0.00      0.00      0.00      0.00      0.00      0.00
16:55:02     dev104-4      0.00      0.00      0.00      0.00      0.00      0.00      0.00      0.00
16:55:02     dev104-5      2.00      0.00     16.00      8.00      0.03     15.00      9.00      1.80

16:55:02          DEV       tps  rd_sec/s  wr_sec/s  avgrq-sz  avgqu-sz     await     svctm     %util
16:55:03     dev104-0      0.00      0.00      0.00      0.00      0.00      0.00      0.00      0.00
16:55:03     dev104-1      0.00      0.00      0.00      0.00      0.00      0.00      0.00      0.00
16:55:03     dev104-2      0.00      0.00      0.00      0.00      0.00      0.00      0.00      0.00
16:55:03     dev104-3      0.00      0.00      0.00      0.00      0.00      0.00      0.00      0.00
16:55:03     dev104-4      0.00      0.00      0.00      0.00      0.00      0.00      0.00      0.00
16:55:03     dev104-5      0.00      0.00      0.00      0.00      0.00      0.00      0.00      0.00

16:55:03          DEV       tps  rd_sec/s  wr_sec/s  avgrq-sz  avgqu-sz     await     svctm     %util
16:55:04     dev104-0      0.00      0.00      0.00      0.00      0.00      0.00      0.00      0.00
16:55:04     dev104-1      0.00      0.00      0.00      0.00      0.00      0.00      0.00      0.00
16:55:04     dev104-2      0.00      0.00      0.00      0.00      0.00      0.00      0.00      0.00
16:55:04     dev104-3      0.00      0.00      0.00      0.00      0.00      0.00      0.00      0.00
16:55:04     dev104-4      0.00      0.00      0.00      0.00      0.00      0.00      0.00      0.00
16:55:04     dev104-5      0.00      0.00      0.00      0.00      0.00      0.00      0.00      0.00

Average:          DEV       tps  rd_sec/s  wr_sec/s  avgrq-sz  avgqu-sz     await     svctm     %util
Average:     dev104-0      3.00      0.00     88.00     29.33      0.03     10.67      7.56      2.27
Average:     dev104-1      2.33      0.00     82.67     35.43      0.02      9.43      7.14      1.67
Average:     dev104-2      0.00      0.00      0.00      0.00      0.00      0.00      0.00      0.00
Average:     dev104-3      0.00      0.00      0.00      0.00      0.00      0.00      0.00      0.00
Average:     dev104-4      0.00      0.00      0.00      0.00      0.00      0.00      0.00      0.00
Average:     dev104-5      0.67      0.00      5.33      8.00      0.01     15.00      9.00      0.60
cmdbegin:cpu
Linux 2.6.18-194.el5 (dwdd6) 	09/13/13

16:55:04          CPU     %user     %nice   %system   %iowait    %steal     %idle
16:55:05          all      0.12      0.06      0.06      0.00      0.00     99.75
16:55:06          all      0.06      0.25      0.19      0.56      0.00     98.94
16:55:07          all      0.06      1.81      0.44      0.12      0.00     97.56
Average:          all      0.08      0.71      0.23      0.23      0.00     98.75
cmdbegin:memory
             total       used       free     shared    buffers     cached
Mem:       8160624    8108080      52544          0     525936    5167600
-/+ buffers/cache:    2414544    5746080
Swap:     20482864     152168   20330696
cmdbegin:process
USER       PID %CPU %MEM    VSZ   RSS TTY      STAT START   TIME COMMAND
root         1  0.0  0.0  10348   588 ?        Ss    2012   0:18 init [5]                              
root         2  0.0  0.0      0     0 ?        S<    2012   0:04 [migration/0]
root         3  0.0  0.0      0     0 ?        SN    2012   0:00 [ksoftirqd/0]
root         4  0.0  0.0      0     0 ?        S<    2012   0:00 [watchdog/0]
root         5  0.0  0.0      0     0 ?        S<    2012   0:04 [migration/1]
root         6  0.0  0.0      0     0 ?        SN    2012   0:00 [ksoftirqd/1]
root         7  0.0  0.0      0     0 ?        S<    2012   0:00 [watchdog/1]
root         8  0.0  0.0      0     0 ?        S<    2012   0:00 [migration/2]
root         9  0.0  0.0      0     0 ?        SN    2012   0:00 [ksoftirqd/2]
root        10  0.0  0.0      0     0 ?        S<    2012   0:00 [watchdog/2]
root        11  0.0  0.0      0     0 ?        S<    2012   0:00 [migration/3]
root        12  0.0  0.0      0     0 ?        SN    2012   0:00 [ksoftirqd/3]
root        13  0.0  0.0      0     0 ?        S<    2012   0:00 [watchdog/3]
root        14  0.0  0.0      0     0 ?        S<    2012   0:00 [migration/4]
root        15  0.0  0.0      0     0 ?        SN    2012   0:00 [ksoftirqd/4]
root        16  0.0  0.0      0     0 ?        S<    2012   0:00 [watchdog/4]
root        17  0.0  0.0      0     0 ?        S<    2012   0:00 [migration/5]
root        18  0.0  0.0      0     0 ?        SN    2012   0:00 [ksoftirqd/5]
root        19  0.0  0.0      0     0 ?        S<    2012   0:00 [watchdog/5]
root        20  0.0  0.0      0     0 ?        S<    2012   0:00 [migration/6]
root        21  0.0  0.0      0     0 ?        SN    2012   0:00 [ksoftirqd/6]
root        22  0.0  0.0      0     0 ?        S<    2012   0:00 [watchdog/6]
root        23  0.0  0.0      0     0 ?        S<    2012   0:00 [migration/7]
root        24  0.0  0.0      0     0 ?        SN    2012   0:00 [ksoftirqd/7]
root        25  0.0  0.0      0     0 ?        S<    2012   0:00 [watchdog/7]
root        26  0.0  0.0      0     0 ?        S<    2012   0:00 [migration/8]
root        27  0.0  0.0      0     0 ?        SN    2012   0:00 [ksoftirqd/8]
root        28  0.0  0.0      0     0 ?        S<    2012   0:00 [watchdog/8]
root        29  0.0  0.0      0     0 ?        S<    2012   0:01 [migration/9]
root        30  0.0  0.0      0     0 ?        SN    2012   0:01 [ksoftirqd/9]
root        31  0.0  0.0      0     0 ?        S<    2012   0:00 [watchdog/9]
root        32  0.0  0.0      0     0 ?        S<    2012   0:04 [migration/10]
root        33  0.0  0.0      0     0 ?        SN    2012   0:06 [ksoftirqd/10]
root        34  0.0  0.0      0     0 ?        S<    2012   0:00 [watchdog/10]
root        35  0.0  0.0      0     0 ?        S<    2012   0:01 [migration/11]
root        36  0.0  0.0      0     0 ?        SN    2012   0:00 [ksoftirqd/11]
root        37  0.0  0.0      0     0 ?        S<    2012   0:00 [watchdog/11]
root        38  0.0  0.0      0     0 ?        S<    2012   0:00 [migration/12]
root        39  0.0  0.0      0     0 ?        SN    2012   0:00 [ksoftirqd/12]
root        40  0.0  0.0      0     0 ?        S<    2012   0:00 [watchdog/12]
root        41  0.0  0.0      0     0 ?        S<    2012   0:01 [migration/13]
root        42  0.0  0.0      0     0 ?        SN    2012   0:01 [ksoftirqd/13]
root        43  0.0  0.0      0     0 ?        S<    2012   0:00 [watchdog/13]
root        44  0.0  0.0      0     0 ?        S<    2012   0:00 [migration/14]
root        45  0.0  0.0      0     0 ?        SN    2012   0:00 [ksoftirqd/14]
root        46  0.0  0.0      0     0 ?        S<    2012   0:00 [watchdog/14]
root        47  0.0  0.0      0     0 ?        S<    2012   0:01 [migration/15]
root        48  0.0  0.0      0     0 ?        SN    2012   0:00 [ksoftirqd/15]
root        49  0.0  0.0      0     0 ?        S<    2012   0:00 [watchdog/15]
root        50  0.0  0.0      0     0 ?        S<    2012   0:00 [events/0]
root        51  0.0  0.0      0     0 ?        S<    2012  17:33 [events/1]
root        52  0.0  0.0      0     0 ?        S<    2012  16:21 [events/2]
root        53  0.0  0.0      0     0 ?        S<    2012   0:06 [events/3]
root        54  0.0  0.0      0     0 ?        S<    2012   0:08 [events/4]
root        55  0.0  0.0      0     0 ?        S<    2012  22:48 [events/5]
root        56  0.0  0.0      0     0 ?        S<    2012   0:10 [events/6]
root        57  0.0  0.0      0     0 ?        S<    2012  23:36 [events/7]
root        58  0.0  0.0      0     0 ?        S<    2012   0:00 [events/8]
root        59  0.0  0.0      0     0 ?        S<    2012   0:00 [events/9]
root        60  0.0  0.0      0     0 ?        S<    2012   0:00 [events/10]
root        61  0.0  0.0      0     0 ?        S<    2012   0:00 [events/11]
root        62  0.0  0.0      0     0 ?        S<    2012   0:00 [events/12]
root        63  0.0  0.0      0     0 ?        S<    2012   0:00 [events/13]
root        64  0.0  0.0      0     0 ?        S<    2012   0:00 [events/14]
root        65  0.0  0.0      0     0 ?        S<    2012   0:00 [events/15]
root        66  0.0  0.0      0     0 ?        S<    2012   0:00 [khelper]
root       141  0.0  0.0      0     0 ?        S<    2012   0:00 [kthread]
root       161  0.0  0.0      0     0 ?        S<    2012   0:00 [kblockd/0]
root       162  0.0  0.0      0     0 ?        S<    2012   0:02 [kblockd/1]
root       163  0.0  0.0      0     0 ?        S<    2012   0:04 [kblockd/2]
root       164  0.0  0.0      0     0 ?        S<    2012   0:00 [kblockd/3]
root       165  0.0  0.0      0     0 ?        S<    2012   0:00 [kblockd/4]
root       166  0.0  0.0      0     0 ?        S<    2012   0:04 [kblockd/5]
root       167  0.0  0.0      0     0 ?        S<    2012   0:00 [kblockd/6]
root       168  0.0  0.0      0     0 ?        S<    2012   0:03 [kblockd/7]
root       169  0.0  0.0      0     0 ?        S<    2012   0:00 [kblockd/8]
root       170  0.0  0.0      0     0 ?        S<    2012   0:00 [kblockd/9]
root       171  0.0  0.0      0     0 ?        S<    2012   0:00 [kblockd/10]
root       172  0.0  0.0      0     0 ?        S<    2012   0:00 [kblockd/11]
root       173  0.0  0.0      0     0 ?        S<    2012   0:00 [kblockd/12]
root       174  0.0  0.0      0     0 ?        S<    2012   0:00 [kblockd/13]
root       175  0.0  0.0      0     0 ?        S<    2012   0:00 [kblockd/14]
root       176  0.0  0.0      0     0 ?        S<    2012   0:00 [kblockd/15]
root       177  0.0  0.0      0     0 ?        S<    2012   0:00 [kacpid]
root       329  0.0  0.0      0     0 ?        S<    2012   0:00 [cqueue/0]
root       330  0.0  0.0      0     0 ?        S<    2012   0:00 [cqueue/1]
root       331  0.0  0.0      0     0 ?        S<    2012   0:00 [cqueue/2]
root       332  0.0  0.0      0     0 ?        S<    2012   0:00 [cqueue/3]
root       333  0.0  0.0      0     0 ?        S<    2012   0:00 [cqueue/4]
root       334  0.0  0.0      0     0 ?        S<    2012   0:00 [cqueue/5]
root       335  0.0  0.0      0     0 ?        S<    2012   0:00 [cqueue/6]
root       336  0.0  0.0      0     0 ?        S<    2012   0:00 [cqueue/7]
root       337  0.0  0.0      0     0 ?        S<    2012   0:00 [cqueue/8]
root       338  0.0  0.0      0     0 ?        S<    2012   0:00 [cqueue/9]
root       339  0.0  0.0      0     0 ?        S<    2012   0:00 [cqueue/10]
root       340  0.0  0.0      0     0 ?        S<    2012   0:00 [cqueue/11]
root       341  0.0  0.0      0     0 ?        S<    2012   0:00 [cqueue/12]
root       342  0.0  0.0      0     0 ?        S<    2012   0:00 [cqueue/13]
root       343  0.0  0.0      0     0 ?        S<    2012   0:00 [cqueue/14]
root       344  0.0  0.0      0     0 ?        S<    2012   0:00 [cqueue/15]
root       347  0.0  0.0      0     0 ?        S<    2012   0:00 [khubd]
root       349  0.0  0.0      0     0 ?        S<    2012   0:00 [kseriod]
root       538  0.0  0.0      0     0 ?        S     2012   0:00 [khungtaskd]
root       541  0.0  0.0      0     0 ?        S<    2012   0:45 [kswapd0]
root       542  0.0  0.0      0     0 ?        S<    2012   0:19 [kswapd1]
root       543  0.0  0.0      0     0 ?        S<    2012   0:00 [aio/0]
root       544  0.0  0.0      0     0 ?        S<    2012   0:00 [aio/1]
root       545  0.0  0.0      0     0 ?        S<    2012   0:00 [aio/2]
root       546  0.0  0.0      0     0 ?        S<    2012   0:00 [aio/3]
root       547  0.0  0.0      0     0 ?        S<    2012   0:00 [aio/4]
root       548  0.0  0.0      0     0 ?        S<    2012   0:00 [aio/5]
root       549  0.0  0.0      0     0 ?        S<    2012   0:00 [aio/6]
root       550  0.0  0.0      0     0 ?        S<    2012   0:00 [aio/7]
root       551  0.0  0.0      0     0 ?        S<    2012   0:00 [aio/8]
root       552  0.0  0.0      0     0 ?        S<    2012   0:00 [aio/9]
root       553  0.0  0.0      0     0 ?        S<    2012   0:00 [aio/10]
root       554  0.0  0.0      0     0 ?        S<    2012   0:00 [aio/11]
root       555  0.0  0.0      0     0 ?        S<    2012   0:00 [aio/12]
root       556  0.0  0.0      0     0 ?        S<    2012   0:00 [aio/13]
root       557  0.0  0.0      0     0 ?        S<    2012   0:00 [aio/14]
root       558  0.0  0.0      0     0 ?        S<    2012   0:00 [aio/15]
root       712  0.0  0.0      0     0 ?        S<    2012   0:00 [kpsmoused]
root       856  0.0  0.0      0     0 ?        S<    2012   0:00 [cciss_scan00]
root       925  0.0  0.0      0     0 ?        S<    2012   0:00 [kstriped]
root       994  0.0  0.0      0     0 ?        S<    2012  11:58 [kjournald]
root      1019  0.0  0.0      0     0 ?        S<    2012   0:04 [kauditd]
root      1056  0.0  0.0  13040   352 ?        S<s   2012   0:00 /sbin/udevd -d
ems       1129  0.0  0.0 102016  1396 ?        S    16:55   0:00 crond
ems       1130  0.0  0.0   8700   948 ?        Ss   16:55   0:00 /bin/sh -c /df8003/home/nms/collection.sh >/dev/null
ems       1131  0.0  0.0   8704  1000 ?        S    16:55   0:00 /bin/sh /df8003/home/nms/collection.sh
ems       1142  0.0  0.0  10460   852 ?        R    16:55   0:00 ps aux
root      1722  0.0  0.0      0     0 ?        S<    2012   0:04 [bnx2x]
ems       2919  0.0  0.0  90452  4384 ?        S    Apr23   0:01 /usr/libexec/gconfd-2 5
root      3078  0.0  0.0      0     0 ?        S<    2012   0:00 [kmpathd/0]
root      3079  0.0  0.0      0     0 ?        S<    2012   0:00 [kmpathd/1]
root      3080  0.0  0.0      0     0 ?        S<    2012   0:00 [kmpathd/2]
root      3081  0.0  0.0      0     0 ?        S<    2012   0:00 [kmpathd/3]
root      3082  0.0  0.0      0     0 ?        S<    2012   0:00 [kmpathd/4]
root      3083  0.0  0.0      0     0 ?        S<    2012   0:00 [kmpathd/5]
root      3084  0.0  0.0      0     0 ?        S<    2012   0:00 [kmpathd/6]
root      3085  0.0  0.0      0     0 ?        S<    2012   0:00 [kmpathd/7]
root      3086  0.0  0.0      0     0 ?        S<    2012   0:00 [kmpathd/8]
root      3087  0.0  0.0      0     0 ?        S<    2012   0:00 [kmpathd/9]
root      3088  0.0  0.0      0     0 ?        S<    2012   0:00 [kmpathd/10]
root      3089  0.0  0.0      0     0 ?        S<    2012   0:00 [kmpathd/11]
root      3090  0.0  0.0      0     0 ?        S<    2012   0:00 [kmpathd/12]
root      3091  0.0  0.0      0     0 ?        S<    2012   0:00 [kmpathd/13]
root      3092  0.0  0.0      0     0 ?        S<    2012   0:00 [kmpathd/14]
root      3093  0.0  0.0      0     0 ?        S<    2012   0:00 [kmpathd/15]
root      3094  0.0  0.0      0     0 ?        S<    2012   0:00 [kmpath_handlerd]
root      3187  0.0  0.0      0     0 ?        S<    2012  15:50 [kjournald]
root      3189  0.0  0.0      0     0 ?        S<    2012   0:34 [kjournald]
root      3544  0.0  0.0      0     0 ?        S<    2012   0:00 [iscsi_eh]
root      3651  0.0  0.0      0     0 ?        S<    2012   0:00 [iw_cxgb3]
root      3725  0.0  0.0      0     0 ?        S<    2012   0:00 [scsi_eh_0]
root      3726  0.0  0.0      0     0 ?        S<    2012   0:00 [scsi_wq_0]
root      3727  0.0  0.0      0     0 ?        S<    2012   0:00 [scsi_eh_1]
root      3731  0.0  0.0      0     0 ?        S<    2012   0:00 [scsi_wq_1]
root      3775  0.0  0.0      0     0 ?        S<    2012   0:00 [ib_addr]
root      3811  0.0  0.0      0     0 ?        S<    2012   0:00 [ib_mcast]
root      3812  0.0  0.0      0     0 ?        S<    2012   0:00 [ib_inform]
root      3813  0.0  0.0      0     0 ?        S<    2012   0:00 [local_sa]
root      3831  0.0  0.0      0     0 ?        S<    2012   0:00 [iw_cm_wq]
root      3849  0.0  0.0      0     0 ?        S<    2012   0:00 [ib_cm/0]
root      3850  0.0  0.0      0     0 ?        S<    2012   0:00 [ib_cm/1]
root      3851  0.0  0.0      0     0 ?        S<    2012   0:00 [ib_cm/2]
root      3852  0.0  0.0      0     0 ?        S<    2012   0:00 [ib_cm/3]
root      3853  0.0  0.0      0     0 ?        S<    2012   0:00 [ib_cm/4]
root      3854  0.0  0.0      0     0 ?        S<    2012   0:00 [ib_cm/5]
root      3855  0.0  0.0      0     0 ?        S<    2012   0:00 [ib_cm/6]
root      3856  0.0  0.0      0     0 ?        S<    2012   0:00 [ib_cm/7]
root      3857  0.0  0.0      0     0 ?        S<    2012   0:00 [ib_cm/8]
root      3858  0.0  0.0      0     0 ?        S<    2012   0:00 [ib_cm/9]
root      3859  0.0  0.0      0     0 ?        S<    2012   0:00 [ib_cm/10]
root      3860  0.0  0.0      0     0 ?        S<    2012   0:00 [ib_cm/11]
root      3861  0.0  0.0      0     0 ?        S<    2012   0:00 [ib_cm/12]
root      3862  0.0  0.0      0     0 ?        S<    2012   0:00 [ib_cm/13]
root      3863  0.0  0.0      0     0 ?        S<    2012   0:00 [ib_cm/14]
root      3864  0.0  0.0      0     0 ?        S<    2012   0:00 [ib_cm/15]
root      3882  0.0  0.0      0     0 ?        S<    2012   0:00 [rdma_cm]
ems       3891  0.0  0.0  90468  2108 ?        S     2012   0:02 /usr/libexec/gconfd-2 12
root      3931  0.0  0.0  59320   480 ?        Ssl   2012   0:01 brcm_iscsiuio
root      3937  0.0  0.0   3984   360 ?        Ss    2012   0:00 iscsid
root      3938  0.0  0.0   4476  2432 ?        S<Ls  2012   0:00 iscsid
root      4102  0.0  0.0      0     0 ?        S<    2012   0:00 [bond0]
root      4230  0.0  0.0  92860   772 ?        S<sl  2012   0:48 auditd
root      4232  0.0  0.0 147336   928 ?        S<sl  2012   0:17 /sbin/audispd
root      4254  0.0  0.0   5908   616 ?        Ss    2012   0:39 syslogd -m 0
root      4257  0.0  0.0   3804   324 ?        Ss    2012   0:00 klogd -x
root      4459  0.0  0.0  10760   344 ?        Ss    2012   5:42 irqbalance
rpc       4477  0.0  0.0   8052   436 ?        Ss    2012   0:00 portmap
root      4518  0.0  0.0      0     0 ?        S<    2012   0:00 [rpciod/0]
root      4519  0.0  0.0      0     0 ?        S<    2012   0:00 [rpciod/1]
root      4520  0.0  0.0      0     0 ?        S<    2012   0:00 [rpciod/2]
root      4521  0.0  0.0      0     0 ?        S<    2012   0:00 [rpciod/3]
root      4522  0.0  0.0      0     0 ?        S<    2012   0:00 [rpciod/4]
root      4523  0.0  0.0      0     0 ?        S<    2012   0:00 [rpciod/5]
root      4524  0.0  0.0      0     0 ?        S<    2012   0:00 [rpciod/6]
root      4525  0.0  0.0      0     0 ?        S<    2012   0:00 [rpciod/7]
root      4526  0.0  0.0      0     0 ?        S<    2012   0:00 [rpciod/8]
root      4527  0.0  0.0      0     0 ?        S<    2012   0:00 [rpciod/9]
root      4528  0.0  0.0      0     0 ?        S<    2012   0:00 [rpciod/10]
root      4529  0.0  0.0      0     0 ?        S<    2012   0:00 [rpciod/11]
root      4530  0.0  0.0      0     0 ?        S<    2012   0:00 [rpciod/12]
root      4531  0.0  0.0      0     0 ?        S<    2012   0:00 [rpciod/13]
root      4532  0.0  0.0      0     0 ?        S<    2012   0:00 [rpciod/14]
root      4533  0.0  0.0      0     0 ?        S<    2012   0:00 [rpciod/15]
root      4554  0.0  0.0  10160   616 ?        Ss    2012   0:00 rpc.statd
root      4578  0.0  0.0  55180   248 ?        Ss    2012   0:00 rpc.idmapd
dbus      4593  0.0  0.0  21484  1048 ?        Ss    2012  12:44 dbus-daemon --system
root      4608  0.0  0.0  10432   576 ?        Ss    2012   0:00 /usr/sbin/hcid
root      4612  0.0  0.0   5936   404 ?        Ss    2012   0:00 /usr/sbin/sdpd
root      4678  0.0  0.0      0     0 ?        S<    2012   0:00 [krfcommd]
root      4716  0.0  0.0  41660   708 ?        Ssl   2012   0:26 pcscd
root      4726  0.0  0.0   3800   468 ?        Ss    2012   0:00 /usr/sbin/acpid
68        4735  0.0  0.0  31652  2276 ?        Ss    2012   3:35 hald
root      4736  0.0  0.0  21692   988 ?        S     2012   0:00 hald-runner
68        4744  0.0  0.0  12324   716 ?        S     2012   0:00 hald-addon-acpi: listening on acpid socket /var/run/acpid.socket
68        4749  0.0  0.0  12324   744 ?        S     2012   0:00 hald-addon-keyboard: listening on /dev/input/event0
root      4790  0.0  0.0   8516   364 ?        Ss    2012   0:00 /usr/bin/hidd --server
root      4829  0.0  0.0 121988  1020 ?        Ssl   2012   0:01 automount
root      4846  0.0  0.0  26324   296 ?        Ss    2012   0:00 ./hpiod
root      4851  0.0  0.0 159356  1332 ?        S     2012   0:09 python ./hpssd.py
root      4864  0.0  0.0  62608   708 ?        Ss    2012   0:00 /usr/sbin/sshd
root      4873  0.0  0.0 133540  1240 ?        Ss    2012   0:00 cupsd
root      4887  0.0  0.0  21644   760 ?        Ss    2012   0:00 xinetd -stayalive -pidfile /var/run/xinetd.pid
ntp       4904  0.0  0.0  19188  4888 ?        SLs   2012   0:00 ntpd -u ntp:ntp -p /var/run/ntpd.pid -g
uuidd     4941  0.0  0.0  60960    60 ?        Ss    2012   0:00 /usr/sbin/uuidd
root      5250  0.0  0.0  66936  1020 ?        Ss    2012   0:07 sendmail: accepting connections
smmsp     5274  0.0  0.0  57692   740 ?        Ss    2012   0:00 sendmail: Queue runner@01:00:00 for /var/spool/clientmqueue
root      5284  0.0  0.0   6452   276 ?        Ss    2012   0:11 gpm -m /dev/input/mice -t exps2
root      5293  0.0  0.0  74812   976 ?        Ss    2012   0:07 crond
xfs       5326  0.0  0.0  21168  1160 ?        Ss    2012   0:00 xfs -droppriv -daemon
root      5343  0.0  0.0  18732   356 ?        Ss    2012   0:00 /usr/sbin/atd
avahi     5373  0.0  0.0  23280  1156 ?        Ss    2012   0:02 avahi-daemon: running [dwdd6.local]
avahi     5374  0.0  0.0  23148   176 ?        Ss    2012   0:00 avahi-daemon: chroot helper
root      5385  0.0  0.0 150728  1804 ?        Ssl   2012   0:00 /usr/sbin/cimserver
root      5453  0.0  0.0  18416   260 ?        S     2012   0:00 /usr/sbin/smartd -q never
root      5458  0.0  0.0   3792   412 tty1     Ss+   2012   0:00 /sbin/mingetty tty1
root      5459  0.0  0.0   3792   412 tty2     Ss+   2012   0:00 /sbin/mingetty tty2
root      5460  0.0  0.0   3792   412 tty3     Ss+   2012   0:00 /sbin/mingetty tty3
root      5461  0.0  0.0   3792   412 tty4     Ss+   2012   0:00 /sbin/mingetty tty4
root      5462  0.0  0.0   3792   412 tty5     Ss+   2012   0:00 /sbin/mingetty tty5
root      5464  0.0  0.0   3792   412 tty6     Ss+   2012   0:00 /sbin/mingetty tty6
root      5467  0.0  0.0 167696  1888 ?        Ss    2012   0:00 /usr/sbin/gdm-binary -nodaemon
root      5566  0.0  0.0 201028  2444 ?        S     2012   0:00 /usr/sbin/gdm-binary -nodaemon
root      5568  0.0  0.0 255356  3244 ?        Sl    2012   0:11 /usr/libexec/gdm-rh-security-token-helper
root      5569  0.5  0.7 190540 61356 tty7     SLs+  2012 2956:32 /usr/bin/Xorg :0 -br -audit 0 -auth /var/gdm/:0.Xauth -nolisten tcp vt7
root      5582  0.1  0.6 539100 51080 tty7     Sl+   2012 844:04 ./rgsender -daemon -display 0 -l /etc/opt/hpremote/rgsender/logSetup
root      5594  0.0  0.1 266476 10864 ?        SN    2012   0:19 /usr/bin/python -tt /usr/sbin/yum-updatesd
root      5596  0.0  0.0  12916   940 ?        SN    2012   0:02 /usr/libexec/gam_server
ems       5769  0.0  0.0 245472  5036 ?        Ss    2012   0:00 /usr/bin/gnome-session
ems       5801  0.0  0.0      0     0 ?        Z     2012   0:00 [Xsession] <defunct>
ems       5808  0.0  0.0  53852   304 ?        Ss    2012   0:01 /usr/bin/ssh-agent /bin/sh -c exec -l /bin/bash -c "/usr/bin/dbus-launch --exit-with-session /etc/X11/xinit/Xclients"
ems       5899  0.0  0.0  15180   396 ?        S     2012   0:00 /usr/bin/dbus-launch --exit-with-session /etc/X11/xinit/Xclients
ems       5900  0.0  0.0  21388   912 ?        Ss    2012   0:00 /bin/dbus-daemon --fork --print-pid 4 --print-address 6 --session
ems       5906  0.0  0.0  90508  2332 ?        S     2012   0:07 /usr/libexec/gconfd-2 5
ems       5909  0.0  0.0  12900   420 ?        S     2012   0:00 /usr/bin/gnome-keyring-daemon
ems       5911  0.0  0.0 264600  5652 ?        Sl    2012   1:30 /usr/libexec/gnome-settings-daemon
ems       5931  0.0  0.1 185664 12764 ?        Ss    2012   4:10 metacity --sm-client-id=default1
ems       5935  0.0  0.1 345884 14188 ?        Ss    2012   0:50 gnome-panel --sm-client-id default2
ems       5937  0.0  0.2 554412 19228 ?        Ss    2012   1:03 nautilus --no-default-window --sm-client-id default3
ems       5940  0.0  0.1 102968  8492 ?        Ss    2012   0:00 /usr/lib64/scim-1.0/scim-launcher -d -c simple -e all -f socket --no-stay
ems       5942  0.0  0.0 230440  3524 ?        Ss    2012   0:00 gnome-volume-manager --sm-client-id default5
ems       5944  0.0  0.0 262908  2352 ?        Ssl   2012   0:00 /usr/libexec/bonobo-activation-server --ac-activate --ior-output-fd=16
ems       5947  0.0  0.0 263432  5288 ?        Ss    2012   0:02 eggcups --sm-client-id default4
ems       5951  0.0  0.0 147240  2800 ?        S     2012   0:00 /usr/libexec/gnome-vfs-daemon
ems       5961  0.0  0.0 154208  4200 ?        Ss    2012   0:02 bt-applet --sm-disable
ems       5972  0.0  0.0 291680  5632 ?        Ss    2012   0:03 nm-applet --sm-disable
ems       5975  0.0  0.1 364892 14084 ?        Ss    2012   0:09 /usr/bin/python -tt /usr/bin/puplet
ems       5977  0.0  0.0 155400  4008 ?        Ss    2012   0:01 pam-panel-icon --sm-client-id default0
root      5978  0.0  0.0  12188   628 ?        S     2012   0:12 /sbin/pam_timestamp_check -d root
ems       5980  0.0  0.0  72372  1860 ?        Sl    2012   0:14 ./escd --key_Inserted="/usr/bin/esc" --on_Signal="/usr/bin/esc"
ems       5982  0.0  0.0 296828  4984 ?        Ss    2012   9:59 gnome-power-manager
root      5985  0.0  0.0  57872  2660 ?        S     2012   0:02 /usr/sbin/nm-system-settings --config /etc/NetworkManager/nm-system-settings.conf
ems       5993  0.0  0.0  13020  1164 ?        S     2012   0:36 /usr/libexec/gam_server
ems       5995  0.0  0.0 329760  6644 ?        S     2012   0:00 /usr/libexec/trashapplet --oaf-activate-iid=OAFIID:GNOME_Panel_TrashApplet_Factory --oaf-ior-fd=19
ems       5997  0.0  0.1 326928 13168 ?        S     2012  18:13 /usr/libexec/wnck-applet --oaf-activate-iid=OAFIID:GNOME_Wncklet_Factory --oaf-ior-fd=27
ems       6006  0.0  0.0  82416   244 ?        Ss    2012   0:00 /usr/lib64/scim-1.0/scim-helper-manager
ems       6007  0.0  0.0 196752  6432 ?        Ssl   2012   0:22 /usr/lib64/scim-1.0/scim-panel-gtk --display :0.0 -c socket -d --no-stay
ems       6009  0.0  0.0  90064  1008 ?        Ss    2012   0:05 /usr/lib64/scim-1.0/scim-launcher -d -c socket -e socket -f x11
ems       6018  0.0  0.0  12824   756 ?        S     2012   0:00 /usr/libexec/mapping-daemon
ems       6029  0.0  0.1 298924  8992 ?        S     2012   0:06 /usr/libexec/clock-applet --oaf-activate-iid=OAFIID:GNOME_ClockApplet_Factory --oaf-ior-fd=20
ems       6031  0.0  0.1 347520 10904 ?        Sl    2012   1:19 /usr/libexec/mixer_applet2 --oaf-activate-iid=OAFIID:GNOME_MixerApplet_Factory --oaf-ior-fd=31
ems       6033  0.0  0.0 241188  5560 ?        S     2012   0:00 /usr/libexec/notification-area-applet --oaf-activate-iid=OAFIID:GNOME_NotificationAreaApplet_Factory --oaf-ior-fd=37
ems       6136  0.0  0.0 183812  4628 ?        Ss    2012   2:42 gnome-screensaver
ems       6555  0.0  0.0  90468  2116 ?        S     2012   0:01 /usr/libexec/gconfd-2 12
ems       6902  0.0  0.0  90456  4384 ?        S    Sep02   0:00 /usr/libexec/gconfd-2 5
ems       7358  0.0  0.0  90468  2268 ?        S     2012   0:01 /usr/libexec/gconfd-2 12
ems       7360  0.0  0.0 121460  2032 ?        Ssl   2012   0:00 /usr/libexec/bonobo-activation-server --ac-activate --ior-output-fd=16
ems       8320  0.0  0.0  81004  3124 ?        SN   Mar23   0:00 python /df8003/bat/gupdate
ems       8327  0.0  0.0  66072  1200 ?        SN   Mar23   0:00 sh -c { cd /df8003/uif/netres/; cvs -q up ; } 2>&1
ems       8328  0.0  0.0  43556  1420 ?        SN   Mar23   0:00 cvs -q up
ems      10518  0.0  0.0 187000  2988 ?        Ssl  May17   0:00 /usr/libexec/bonobo-activation-server --ac-activate --ior-output-fd=16
ems      16960  0.0  0.0  90468  4392 ?        S    Mar20   0:00 /usr/libexec/gconfd-2 12
ems      19164  0.0  0.0  90452  4388 ?        S    Jun01   0:00 /usr/libexec/gconfd-2 5
ems      21202  0.0  0.0  90452  2260 ?        S     2012   0:01 /usr/libexec/gconfd-2 5
ems      21387  0.0  0.0  78556   872 ?        S     2012 133:54 scim-bridge
ems      21924  0.0  0.0  90456  4380 ?        S    Aug15   0:00 /usr/libexec/gconfd-2 5
ems      24175  0.0  0.0  90456  2308 ?        S    Jan24   0:01 /usr/libexec/gconfd-2 5
ems      24273  1.4 16.2 3241184 1324996 pts/1 SNl+ Aug27 357:02 qtmmi
root     24283  0.0  0.0      0     0 ?        S    Aug27   0:00 [pdflush]
root     25102  0.0  0.0      0     0 ?        S    Aug12   1:10 [pdflush]
root     25551  0.0  0.1 140128  8176 ?        SN   Aug12   0:00 /df8003/bin/dbmd
root     25552  0.3  0.0 139628  3740 ?        SN   Aug12 145:37 /df8003/bin/applogd
root     25553  0.2  0.0 135284  3468 ?        S    Aug12 123:55 /df8003/bin/netmd
root     25554  0.3  0.2 159064 18208 ?        S    Aug12 158:16 /df8003/bin/sysmd
root     25625  0.0  0.0 208592  8028 ?        SN   Aug12   0:05 /df8003/bin/procmd
root     25626  0.0  0.0 208096  7836 ?        SN   Aug12   0:00 proc_watchd
root     25627  0.1  0.1 217492  8464 ?        SN   Aug12  92:15 netmond -s 3600
ems      25628  0.0  0.1 290288 14068 ?        SN   Aug12  20:09 almd_server_rep
ems      25629  0.0  0.3 1816620 31056 ?       SN   Aug12  13:36 alm_replica -mode r
ems      25630  0.8  9.0 1802396 739500 ?      SN   Aug12 415:02 SCADA_Rep -mode r
ems      25631  0.0  0.3 541040 27416 ?        SN   Aug12  20:26 comServer
ems      25632  0.0  2.7 1705424 225624 ?      SN   Aug12   0:28 SCADA_Server -mode s1 -ref
ems      25633  0.0  0.1 1808128 16024 ?       SN   Aug12   0:00 SSM_Server -dts
ems      25635  0.0  0.0 141668  7544 ?        SN   Aug12   0:07 grsd
root     25637  0.0  0.8 1890512 72288 ?       SN   Aug12   0:05 ssrd
ems      27201  0.0  0.0  90456  2348 ?        S     2012   0:01 /usr/libexec/gconfd-2 5
ems      28018  0.0  0.2 314840 19584 ?        Sl   Jun04   3:42 gnome-terminal
ems      28020  0.0  0.0 187000  2988 ?        Ssl  Jun04   0:00 /usr/libexec/bonobo-activation-server --ac-activate --ior-output-fd=16
ems      28024  0.0  0.0  14868   728 ?        S    Jun04   0:00 gnome-pty-helper
ems      28025  0.0  0.0  72804  1852 pts/1    Ss   Jun04   0:00 bash
ems      29151  0.0  0.0  90456  4372 ?        S    Jul18   0:00 /usr/libexec/gconfd-2 5
ems      29504  0.0  0.0  90452  4380 ?        S    May13   0:00 /usr/libexec/gconfd-2 5
ems      29981  0.0  0.0  90472  2252 ?        S     2012   0:01 /usr/libexec/gconfd-2 12
cmdbegin:mac
1: lo: <LOOPBACK,UP,LOWER_UP> mtu 16436 qdisc noqueue 
    link/loopback 00:00:00:00:00:00 brd 00:00:00:00:00:00
    inet 127.0.0.1/8 scope host lo
    inet6 ::1/128 scope host 
       valid_lft forever preferred_lft forever
2: eth0: <BROADCAST,MULTICAST,SLAVE,UP,LOWER_UP> mtu 1500 qdisc pfifo_fast master bond0 qlen 1000
    link/ether 3c:4a:92:ec:43:90 brd ff:ff:ff:ff:ff:ff
3: eth1: <BROADCAST,MULTICAST,SLAVE,UP,LOWER_UP> mtu 1500 qdisc pfifo_fast master bond0 qlen 1000
    link/ether 3c:4a:92:ec:43:90 brd ff:ff:ff:ff:ff:ff
4: sit0: <NOARP> mtu 1480 qdisc noop 
    link/sit 0.0.0.0 brd 0.0.0.0
5: bond0: <BROADCAST,MULTICAST,MASTER,UP,LOWER_UP> mtu 1500 qdisc noqueue 
    link/ether 3c:4a:92:ec:43:90 brd ff:ff:ff:ff:ff:ff
    inet 192.168.1.35/24 brd 192.168.1.255 scope global bond0
    inet6 fe80::3e4a:92ff:feec:4390/64 scope link 
       valid_lft forever preferred_lft forever
cmdbegin:interface
Linux 2.6.18-194.el5 (dwdd6) 	09/13/13

16:55:07        IFACE   rxpck/s   txpck/s   rxbyt/s   txbyt/s   rxcmp/s   txcmp/s  rxmcst/s
16:55:08           lo    263.00    263.00  24836.00  24836.00      0.00      0.00      0.00
16:55:08         eth0    246.00     13.00 277462.00  10532.00      0.00      0.00      6.00
16:55:08         eth1     58.00      0.00  26180.00      0.00      0.00      0.00      0.00
16:55:08         sit0      0.00      0.00      0.00      0.00      0.00      0.00      0.00
16:55:08        bond0    304.00     13.00 303642.00  10532.00      0.00      0.00      6.00

16:55:08        IFACE   rxpck/s   txpck/s   rxbyt/s   txbyt/s   rxcmp/s   txcmp/s  rxmcst/s
16:55:09           lo    204.00    204.00  18678.00  18678.00      0.00      0.00      0.00
16:55:09         eth0     79.00     16.00  39302.00  13528.00      0.00      0.00     11.00
16:55:09         eth1    234.00      0.00 285560.00      0.00      0.00      0.00      0.00
16:55:09         sit0      0.00      0.00      0.00      0.00      0.00      0.00      0.00
16:55:09        bond0    313.00     16.00 324862.00  13528.00      0.00      0.00     11.00

16:55:09        IFACE   rxpck/s   txpck/s   rxbyt/s   txbyt/s   rxcmp/s   txcmp/s  rxmcst/s
16:55:10           lo    741.58    741.58  69423.76  69423.76      0.00      0.00      0.00
16:55:10         eth0     57.43     15.84  29958.42  10786.14      0.00      0.00      5.94
16:55:10         eth1     40.59      0.00  20647.52      0.00      0.00      0.00      0.00
16:55:10         sit0      0.00      0.00      0.00      0.00      0.00      0.00      0.00
16:55:10        bond0     98.02     15.84  50605.94  10786.14      0.00      0.00      5.94

Average:        IFACE   rxpck/s   txpck/s   rxbyt/s   txbyt/s   rxcmp/s   txcmp/s  rxmcst/s
Average:           lo    403.99    403.99  37751.50  37751.50      0.00      0.00      0.00
Average:         eth0    127.24     14.95 115289.70  11612.62      0.00      0.00      7.64
Average:         eth1    110.63      0.00 110496.35      0.00      0.00      0.00      0.00
Average:         sit0      0.00      0.00      0.00      0.00      0.00      0.00      0.00
Average:        bond0    237.87     14.95 225786.05  11612.62      0.00      0.00      7.64
cmdbegin:uname
Linux dwdd6
cmdbegin:usergroup
root:x:0:root
bin:x:1:root,bin,daemon
daemon:x:2:root,bin,daemon
sys:x:3:root,bin,adm
adm:x:4:root,adm,daemon
tty:x:5:
disk:x:6:root
lp:x:7:daemon,lp
mem:x:8:
kmem:x:9:
wheel:x:10:root
mail:x:12:mail
news:x:13:news
uucp:x:14:uucp
man:x:15:
games:x:20:
gopher:x:30:
dip:x:40:
ftp:x:50:
lock:x:54:
nobody:x:99:
users:x:100:ems,oracle
nscd:x:28:
floppy:x:19:
vcsa:x:69:
pcap:x:77:
utmp:x:22:
utempter:x:35:
slocate:x:21:
audio:x:63:gdm
rpc:x:32:
mailnull:x:47:
smmsp:x:51:
ntp:x:38:
sshd:x:74:
rpcuser:x:29:
nfsnobody:x:4294967294:
dbus:x:81:
avahi:x:70:
haldaemon:x:68:
avahi-autoipd:x:101:
distcache:x:94:
apache:x:48:
postgres:x:26:
oprofile:x:16:
webalizer:x:67:
squid:x:23:
mysql:x:27:
named:x:25:
xfs:x:43:
gdm:x:42:
sabayon:x:86:
stapdev:x:102:
stapusr:x:103:
uuidd:x:104:
pvm:x:24:
screen:x:84:
pkcs11:x:105:root
ident:x:98:
pegasus:x:65:
fuse:x:106:
dfdz:x:500:ems
dba:x:501:oracle
cmdbegin:user
root:x:0:0:root:/root:/bin/bash
bin:x:1:1:bin:/bin:/sbin/nologin
daemon:x:2:2:daemon:/sbin:/sbin/nologin
adm:x:3:4:adm:/var/adm:/sbin/nologin
lp:x:4:7:lp:/var/spool/lpd:/sbin/nologin
sync:x:5:0:sync:/sbin:/bin/sync
shutdown:x:6:0:shutdown:/sbin:/sbin/shutdown
halt:x:7:0:halt:/sbin:/sbin/halt
mail:x:8:12:mail:/var/spool/mail:/sbin/nologin
news:x:9:13:news:/etc/news:
uucp:x:10:14:uucp:/var/spool/uucp:/sbin/nologin
operator:x:11:0:operator:/root:/sbin/nologin
games:x:12:100:games:/usr/games:/sbin/nologin
gopher:x:13:30:gopher:/var/gopher:/sbin/nologin
ftp:x:14:50:FTP User:/var/ftp:/sbin/nologin
nobody:x:99:99:Nobody:/:/sbin/nologin
nscd:x:28:28:NSCD Daemon:/:/sbin/nologin
vcsa:x:69:69:virtual console memory owner:/dev:/sbin/nologin
pcap:x:77:77::/var/arpwatch:/sbin/nologin
rpc:x:32:32:Portmapper RPC user:/:/sbin/nologin
mailnull:x:47:47::/var/spool/mqueue:/sbin/nologin
smmsp:x:51:51::/var/spool/mqueue:/sbin/nologin
ntp:x:38:38::/etc/ntp:/sbin/nologin
sshd:x:74:74:Privilege-separated SSH:/var/empty/sshd:/sbin/nologin
rpcuser:x:29:29:RPC Service User:/var/lib/nfs:/sbin/nologin
nfsnobody:x:4294967294:4294967294:Anonymous NFS User:/var/lib/nfs:/sbin/nologin
dbus:x:81:81:System message bus:/:/sbin/nologin
avahi:x:70:70:Avahi daemon:/:/sbin/nologin
haldaemon:x:68:68:HAL daemon:/:/sbin/nologin
avahi-autoipd:x:100:101:avahi-autoipd:/var/lib/avahi-autoipd:/sbin/nologin
distcache:x:94:94:Distcache:/:/sbin/nologin
apache:x:48:48:Apache:/var/www:/sbin/nologin
postgres:x:26:26:PostgreSQL Server:/var/lib/pgsql:/bin/bash
oprofile:x:16:16:Special user account to be used by OProfile:/home/oprofile:/sbin/nologin
webalizer:x:67:67:Webalizer:/var/www/usage:/sbin/nologin
squid:x:23:23::/var/spool/squid:/sbin/nologin
mysql:x:27:27:MySQL Server:/var/lib/mysql:/bin/bash
named:x:25:25:Named:/var/named:/sbin/nologin
xfs:x:43:43:X Font Server:/etc/X11/fs:/sbin/nologin
gdm:x:42:42::/var/gdm:/sbin/nologin
sabayon:x:86:86:Sabayon user:/home/sabayon:/sbin/nologin
uuidd:x:101:104:UUID generator helper daemon:/var/lib/libuuid:/sbin/nologin
amanda:x:33:6:Amanda user:/var/lib/amanda:/bin/bash
pvm:x:24:24::/usr/share/pvm3:/bin/bash
ident:x:98:98::/:/sbin/nologin
pegasus:x:66:65:tog-pegasus OpenPegasus WBEM/CIM services:/var/lib/Pegasus:/sbin/nologin
ems:x:115:500::/df8003/home:/bin/bash
oracle:x:502:501::/usr/local/oracle:/bin/bash
cmdbegin:date
Fri Sep 13 16:55:10 CST 2013
cmdbegin:uptime
 16:55:10 up 399 days,  6:30,  2 users,  load average: 0.10, 0.13, 0.19
cmdbegin:end
