cmdbegin:version
Linux version 2.6.18-194.el5 (mockbuild@x86-005.build.bos.redhat.com) (gcc version 4.1.2 20080704 (Red Hat 4.1.2-48)) #1 SMP Tue Mar 16 21:52:39 EDT 2010
cmdbegin:cpuconfig
processor	: 0
model name	: Intel(R) Xeon(R) CPU           E5620  @ 2.40GHz
cpu MHz		: 2400.158
cache size	: 12288 KB
processor	: 1
model name	: Intel(R) Xeon(R) CPU           E5620  @ 2.40GHz
cpu MHz		: 2400.158
cache size	: 12288 KB
processor	: 2
model name	: Intel(R) Xeon(R) CPU           E5620  @ 2.40GHz
cpu MHz		: 2400.158
cache size	: 12288 KB
processor	: 3
model name	: Intel(R) Xeon(R) CPU           E5620  @ 2.40GHz
cpu MHz		: 2400.158
cache size	: 12288 KB
processor	: 4
model name	: Intel(R) Xeon(R) CPU           E5620  @ 2.40GHz
cpu MHz		: 2400.158
cache size	: 12288 KB
processor	: 5
model name	: Intel(R) Xeon(R) CPU           E5620  @ 2.40GHz
cpu MHz		: 2400.158
cache size	: 12288 KB
processor	: 6
model name	: Intel(R) Xeon(R) CPU           E5620  @ 2.40GHz
cpu MHz		: 2400.158
cache size	: 12288 KB
processor	: 7
model name	: Intel(R) Xeon(R) CPU           E5620  @ 2.40GHz
cpu MHz		: 2400.158
cache size	: 12288 KB
processor	: 8
model name	: Intel(R) Xeon(R) CPU           E5620  @ 2.40GHz
cpu MHz		: 2400.158
cache size	: 12288 KB
processor	: 9
model name	: Intel(R) Xeon(R) CPU           E5620  @ 2.40GHz
cpu MHz		: 2400.158
cache size	: 12288 KB
processor	: 10
model name	: Intel(R) Xeon(R) CPU           E5620  @ 2.40GHz
cpu MHz		: 2400.158
cache size	: 12288 KB
processor	: 11
model name	: Intel(R) Xeon(R) CPU           E5620  @ 2.40GHz
cpu MHz		: 2400.158
cache size	: 12288 KB
processor	: 12
model name	: Intel(R) Xeon(R) CPU           E5620  @ 2.40GHz
cpu MHz		: 2400.158
cache size	: 12288 KB
processor	: 13
model name	: Intel(R) Xeon(R) CPU           E5620  @ 2.40GHz
cpu MHz		: 2400.158
cache size	: 12288 KB
processor	: 14
model name	: Intel(R) Xeon(R) CPU           E5620  @ 2.40GHz
cpu MHz		: 2400.158
cache size	: 12288 KB
processor	: 15
model name	: Intel(R) Xeon(R) CPU           E5620  @ 2.40GHz
cpu MHz		: 2400.158
cache size	: 12288 KB
cmdbegin:disk
Filesystem           1K-blocks      Used Available Use% Mounted on
/dev/cciss/c0d0p1     20315812   1734652  17532520  10% /
/dev/cciss/c0d0p5     57578808  42587136  12019652  78% /df8003
/dev/cciss/c0d0p2     40631988   7172204  31362500  19% /usr
tmpfs                  4080312         0   4080312   0% /dev/shm
cmdbegin:diskperf
Linux 2.6.18-194.el5 (dwdd4) 	09/13/13

16:55:01          DEV       tps  rd_sec/s  wr_sec/s  avgrq-sz  avgqu-sz     await     svctm     %util
16:55:02     dev104-0     18.81      0.00    467.33     24.84      0.32     17.68      5.11      9.60
16:55:02     dev104-1      6.93      0.00    182.18     26.29      0.05      8.00      5.86      4.06
16:55:02     dev104-2      0.00      0.00      0.00      0.00      0.00      0.00      0.00      0.00
16:55:02     dev104-3      0.00      0.00      0.00      0.00      0.00      0.00      0.00      0.00
16:55:02     dev104-4      0.00      0.00      0.00      0.00      0.00      0.00      0.00      0.00
16:55:02     dev104-5     11.88      0.00    285.15     24.00      0.28     23.33      4.67      5.54

16:55:02          DEV       tps  rd_sec/s  wr_sec/s  avgrq-sz  avgqu-sz     await     svctm     %util
16:55:03     dev104-0      0.00      0.00      0.00      0.00      0.00      0.00      0.00      0.00
16:55:03     dev104-1      0.00      0.00      0.00      0.00      0.00      0.00      0.00      0.00
16:55:03     dev104-2      0.00      0.00      0.00      0.00      0.00      0.00      0.00      0.00
16:55:03     dev104-3      0.00      0.00      0.00      0.00      0.00      0.00      0.00      0.00
16:55:03     dev104-4      0.00      0.00      0.00      0.00      0.00      0.00      0.00      0.00
16:55:03     dev104-5      0.00      0.00      0.00      0.00      0.00      0.00      0.00      0.00

16:55:03          DEV       tps  rd_sec/s  wr_sec/s  avgrq-sz  avgqu-sz     await     svctm     %util
16:55:04     dev104-0      0.00      0.00      0.00      0.00      0.00      0.00      0.00      0.00
16:55:04     dev104-1      0.00      0.00      0.00      0.00      0.00      0.00      0.00      0.00
16:55:04     dev104-2      0.00      0.00      0.00      0.00      0.00      0.00      0.00      0.00
16:55:04     dev104-3      0.00      0.00      0.00      0.00      0.00      0.00      0.00      0.00
16:55:04     dev104-4      0.00      0.00      0.00      0.00      0.00      0.00      0.00      0.00
16:55:04     dev104-5      0.00      0.00      0.00      0.00      0.00      0.00      0.00      0.00

Average:          DEV       tps  rd_sec/s  wr_sec/s  avgrq-sz  avgqu-sz     await     svctm     %util
Average:     dev104-0      6.31      0.00    156.81     24.84      0.11     17.68      5.11      3.22
Average:     dev104-1      2.33      0.00     61.13     26.29      0.02      8.00      5.86      1.36
Average:     dev104-2      0.00      0.00      0.00      0.00      0.00      0.00      0.00      0.00
Average:     dev104-3      0.00      0.00      0.00      0.00      0.00      0.00      0.00      0.00
Average:     dev104-4      0.00      0.00      0.00      0.00      0.00      0.00      0.00      0.00
Average:     dev104-5      3.99      0.00     95.68     24.00      0.09     23.33      4.67      1.86
cmdbegin:cpu
Linux 2.6.18-194.el5 (dwdd4) 	09/13/13

16:55:04          CPU     %user     %nice   %system   %iowait    %steal     %idle
16:55:05          all      0.12      0.06      0.19      0.00      0.00     99.63
16:55:06          all      0.19      0.12      0.06      0.12      0.00     99.50
16:55:07          all      0.19      0.06      0.12      0.50      0.00     99.13
Average:          all      0.17      0.08      0.12      0.21      0.00     99.42
cmdbegin:memory
             total       used       free     shared    buffers     cached
Mem:       8160624    7056636    1103988          0     569848    4652088
-/+ buffers/cache:    1834700    6325924
Swap:     20972848      51032   20921816
cmdbegin:process
USER       PID %CPU %MEM    VSZ   RSS TTY      STAT START   TIME COMMAND
root         1  0.0  0.0  10348   504 ?        Ss    2011   0:26 init [5]                             
root         2  0.0  0.0      0     0 ?        S<    2011   0:06 [migration/0]
root         3  0.0  0.0      0     0 ?        SN    2011   0:00 [ksoftirqd/0]
root         4  0.0  0.0      0     0 ?        S<    2011   0:00 [watchdog/0]
root         5  0.0  0.0      0     0 ?        S<    2011   0:07 [migration/1]
root         6  0.0  0.0      0     0 ?        SN    2011   0:01 [ksoftirqd/1]
root         7  0.0  0.0      0     0 ?        S<    2011   0:00 [watchdog/1]
root         8  0.0  0.0      0     0 ?        S<    2011   0:00 [migration/2]
root         9  0.0  0.0      0     0 ?        SN    2011   0:00 [ksoftirqd/2]
root        10  0.0  0.0      0     0 ?        S<    2011   0:00 [watchdog/2]
root        11  0.0  0.0      0     0 ?        S<    2011   0:00 [migration/3]
root        12  0.0  0.0      0     0 ?        SN    2011   0:00 [ksoftirqd/3]
root        13  0.0  0.0      0     0 ?        S<    2011   0:00 [watchdog/3]
root        14  0.0  0.0      0     0 ?        S<    2011   0:00 [migration/4]
root        15  0.0  0.0      0     0 ?        SN    2011   0:00 [ksoftirqd/4]
root        16  0.0  0.0      0     0 ?        S<    2011   0:00 [watchdog/4]
root        17  0.0  0.0      0     0 ?        S<    2011   0:01 [migration/5]
root        18  0.0  0.0      0     0 ?        SN    2011   0:02 [ksoftirqd/5]
root        19  0.0  0.0      0     0 ?        S<    2011   0:00 [watchdog/5]
root        20  0.0  0.0      0     0 ?        S<    2011   0:00 [migration/6]
root        21  0.0  0.0      0     0 ?        SN    2011   0:00 [ksoftirqd/6]
root        22  0.0  0.0      0     0 ?        S<    2011   0:00 [watchdog/6]
root        23  0.0  0.0      0     0 ?        S<    2011   0:02 [migration/7]
root        24  0.0  0.0      0     0 ?        SN    2011   0:00 [ksoftirqd/7]
root        25  0.0  0.0      0     0 ?        S<    2011   0:00 [watchdog/7]
root        26  0.0  0.0      0     0 ?        S<    2011   0:00 [migration/8]
root        27  0.0  0.0      0     0 ?        SN    2011   0:00 [ksoftirqd/8]
root        28  0.0  0.0      0     0 ?        S<    2011   0:00 [watchdog/8]
root        29  0.0  0.0      0     0 ?        S<    2011   0:23 [migration/9]
root        30  0.0  0.0      0     0 ?        SN    2011   0:17 [ksoftirqd/9]
root        31  0.0  0.0      0     0 ?        S<    2011   0:00 [watchdog/9]
root        32  0.0  0.0      0     0 ?        S<    2011   0:09 [migration/10]
root        33  0.0  0.0      0     0 ?        SN    2011   0:09 [ksoftirqd/10]
root        34  0.0  0.0      0     0 ?        S<    2011   0:00 [watchdog/10]
root        35  0.0  0.0      0     0 ?        S<    2011   0:03 [migration/11]
root        36  0.0  0.0      0     0 ?        SN    2011   0:01 [ksoftirqd/11]
root        37  0.0  0.0      0     0 ?        S<    2011   0:00 [watchdog/11]
root        38  0.0  0.0      0     0 ?        S<    2011   0:01 [migration/12]
root        39  0.0  0.0      0     0 ?        SN    2011   0:00 [ksoftirqd/12]
root        40  0.0  0.0      0     0 ?        S<    2011   0:00 [watchdog/12]
root        41  0.0  0.0      0     0 ?        S<    2011   0:11 [migration/13]
root        42  0.0  0.0      0     0 ?        SN    2011   0:10 [ksoftirqd/13]
root        43  0.0  0.0      0     0 ?        S<    2011   0:00 [watchdog/13]
root        44  0.0  0.0      0     0 ?        S<    2011   0:00 [migration/14]
root        45  0.0  0.0      0     0 ?        SN    2011   0:00 [ksoftirqd/14]
root        46  0.0  0.0      0     0 ?        S<    2011   0:00 [watchdog/14]
root        47  0.0  0.0      0     0 ?        S<    2011   0:07 [migration/15]
root        48  0.0  0.0      0     0 ?        SN    2011   0:06 [ksoftirqd/15]
root        49  0.0  0.0      0     0 ?        S<    2011   0:00 [watchdog/15]
root        50  0.0  0.0      0     0 ?        S<    2011   0:00 [events/0]
root        51  0.0  0.0      0     0 ?        S<    2011  18:46 [events/1]
root        52  0.0  0.0      0     0 ?        S<    2011  20:27 [events/2]
root        53  0.0  0.0      0     0 ?        S<    2011   0:13 [events/3]
root        54  0.0  0.0      0     0 ?        S<    2011   0:10 [events/4]
root        55  0.0  0.0      0     0 ?        S<    2011  19:30 [events/5]
root        56  0.0  0.0      0     0 ?        S<    2011   0:15 [events/6]
root        57  0.0  0.0      0     0 ?        S<    2011  25:04 [events/7]
root        58  0.0  0.0      0     0 ?        S<    2011   0:00 [events/8]
root        59  0.0  0.0      0     0 ?        S<    2011   0:00 [events/9]
root        60  0.0  0.0      0     0 ?        S<    2011   0:00 [events/10]
root        61  0.0  0.0      0     0 ?        S<    2011   0:00 [events/11]
root        62  0.0  0.0      0     0 ?        S<    2011   0:00 [events/12]
root        63  0.0  0.0      0     0 ?        S<    2011   0:00 [events/13]
root        64  0.0  0.0      0     0 ?        S<    2011   0:00 [events/14]
root        65  0.0  0.0      0     0 ?        S<    2011   0:00 [events/15]
root        66  0.0  0.0      0     0 ?        S<    2011   0:00 [khelper]
root       141  0.0  0.0      0     0 ?        S<    2011   0:00 [kthread]
root       161  0.0  0.0      0     0 ?        S<    2011   0:00 [kblockd/0]
root       162  0.0  0.0      0     0 ?        S<    2011   0:02 [kblockd/1]
root       163  0.0  0.0      0     0 ?        S<    2011   0:02 [kblockd/2]
root       164  0.0  0.0      0     0 ?        S<    2011   0:00 [kblockd/3]
root       165  0.0  0.0      0     0 ?        S<    2011   0:00 [kblockd/4]
root       166  0.0  0.0      0     0 ?        S<    2011   0:02 [kblockd/5]
root       167  0.0  0.0      0     0 ?        S<    2011   0:00 [kblockd/6]
root       168  0.0  0.0      0     0 ?        S<    2011   0:01 [kblockd/7]
root       169  0.0  0.0      0     0 ?        S<    2011   0:00 [kblockd/8]
root       170  0.0  0.0      0     0 ?        S<    2011   0:00 [kblockd/9]
root       171  0.0  0.0      0     0 ?        S<    2011   0:00 [kblockd/10]
root       172  0.0  0.0      0     0 ?        S<    2011   0:00 [kblockd/11]
root       173  0.0  0.0      0     0 ?        S<    2011   0:00 [kblockd/12]
root       174  0.0  0.0      0     0 ?        S<    2011   0:00 [kblockd/13]
root       175  0.0  0.0      0     0 ?        S<    2011   0:00 [kblockd/14]
root       176  0.0  0.0      0     0 ?        S<    2011   0:00 [kblockd/15]
root       177  0.0  0.0      0     0 ?        S<    2011   0:00 [kacpid]
root       329  0.0  0.0      0     0 ?        S<    2011   0:00 [cqueue/0]
root       330  0.0  0.0      0     0 ?        S<    2011   0:00 [cqueue/1]
root       331  0.0  0.0      0     0 ?        S<    2011   0:00 [cqueue/2]
root       332  0.0  0.0      0     0 ?        S<    2011   0:00 [cqueue/3]
root       333  0.0  0.0      0     0 ?        S<    2011   0:00 [cqueue/4]
root       334  0.0  0.0      0     0 ?        S<    2011   0:00 [cqueue/5]
root       335  0.0  0.0      0     0 ?        S<    2011   0:00 [cqueue/6]
root       336  0.0  0.0      0     0 ?        S<    2011   0:00 [cqueue/7]
root       337  0.0  0.0      0     0 ?        S<    2011   0:00 [cqueue/8]
root       338  0.0  0.0      0     0 ?        S<    2011   0:00 [cqueue/9]
root       339  0.0  0.0      0     0 ?        S<    2011   0:00 [cqueue/10]
root       340  0.0  0.0      0     0 ?        S<    2011   0:00 [cqueue/11]
root       341  0.0  0.0      0     0 ?        S<    2011   0:00 [cqueue/12]
root       342  0.0  0.0      0     0 ?        S<    2011   0:00 [cqueue/13]
root       343  0.0  0.0      0     0 ?        S<    2011   0:00 [cqueue/14]
root       344  0.0  0.0      0     0 ?        S<    2011   0:00 [cqueue/15]
root       347  0.0  0.0      0     0 ?        S<    2011   0:00 [khubd]
root       349  0.0  0.0      0     0 ?        S<    2011   0:00 [kseriod]
root       538  0.0  0.0      0     0 ?        S     2011   0:00 [khungtaskd]
root       541  0.0  0.0      0     0 ?        S<    2011   4:36 [kswapd0]
root       542  0.0  0.0      0     0 ?        S<    2011   3:07 [kswapd1]
root       543  0.0  0.0      0     0 ?        S<    2011   0:00 [aio/0]
root       544  0.0  0.0      0     0 ?        S<    2011   0:00 [aio/1]
root       545  0.0  0.0      0     0 ?        S<    2011   0:00 [aio/2]
root       546  0.0  0.0      0     0 ?        S<    2011   0:00 [aio/3]
root       547  0.0  0.0      0     0 ?        S<    2011   0:00 [aio/4]
root       548  0.0  0.0      0     0 ?        S<    2011   0:00 [aio/5]
root       549  0.0  0.0      0     0 ?        S<    2011   0:00 [aio/6]
root       550  0.0  0.0      0     0 ?        S<    2011   0:00 [aio/7]
root       551  0.0  0.0      0     0 ?        S<    2011   0:00 [aio/8]
root       552  0.0  0.0      0     0 ?        S<    2011   0:00 [aio/9]
root       553  0.0  0.0      0     0 ?        S<    2011   0:00 [aio/10]
root       554  0.0  0.0      0     0 ?        S<    2011   0:00 [aio/11]
root       555  0.0  0.0      0     0 ?        S<    2011   0:00 [aio/12]
root       556  0.0  0.0      0     0 ?        S<    2011   0:00 [aio/13]
root       557  0.0  0.0      0     0 ?        S<    2011   0:00 [aio/14]
root       558  0.0  0.0      0     0 ?        S<    2011   0:00 [aio/15]
root       712  0.0  0.0      0     0 ?        S<    2011   0:00 [kpsmoused]
ems        731  1.1  4.6 2339992 378660 pts/1  SNl+ Sep11  27:56 qtmmi
root       856  0.0  0.0      0     0 ?        S<    2011   0:00 [cciss_scan00]
root       925  0.0  0.0      0     0 ?        S<    2011   0:00 [kstriped]
root       994  0.0  0.0      0     0 ?        S<    2011   7:05 [kjournald]
root      1019  0.0  0.0      0     0 ?        S<    2011   0:10 [kauditd]
root      1056  0.0  0.0  13040   432 ?        S<s   2011   0:00 /sbin/udevd -d
ems       1142  0.0  0.0  80996  1524 ?        SN    2012   0:00 python /df8003/bat/gupdate
ems       1151  0.0  0.0  66064   944 ?        SN    2012   0:00 sh -c { cd /df8003/uif/netres/; cvs -q up ; } 2>&1
ems       1152  0.0  0.0  43556  1144 ?        SN    2012   0:00 cvs -q up
ems       1504  0.0  0.8 364332 67920 ?        Sl   Jun04   4:04 gnome-terminal
ems       1506  0.0  0.0  90376  4364 ?        S    Jun04   0:00 /usr/libexec/gconfd-2 12
ems       1508  0.0  0.0 121528  3036 ?        Ssl  Jun04   0:00 /usr/libexec/bonobo-activation-server --ac-activate --ior-output-fd=16
ems       1513  0.0  0.0  78548  1136 ?        S    Jun04   1:09 scim-bridge
ems       1514  0.0  0.0  14868   728 ?        S    Jun04   0:00 gnome-pty-helper
ems       1515  0.0  0.0  72668  1796 pts/1    Ss   Jun04   0:00 bash
ems       1631  0.0  0.0 187052  1616 ?        Ssl   2012   0:00 /usr/libexec/bonobo-activation-server --ac-activate --ior-output-fd=16
root      1813  0.0  0.0      0     0 ?        S<    2011   0:10 [bnx2x]
ems       1856  0.0  0.0 187036  1616 ?        Ssl   2012   0:00 /usr/libexec/bonobo-activation-server --ac-activate --ior-output-fd=16
root      3067  0.0  0.0      0     0 ?        S<    2011   0:00 [kmpathd/0]
root      3068  0.0  0.0      0     0 ?        S<    2011   0:00 [kmpathd/1]
root      3069  0.0  0.0      0     0 ?        S<    2011   0:00 [kmpathd/2]
root      3070  0.0  0.0      0     0 ?        S<    2011   0:00 [kmpathd/3]
root      3071  0.0  0.0      0     0 ?        S<    2011   0:00 [kmpathd/4]
root      3072  0.0  0.0      0     0 ?        S<    2011   0:00 [kmpathd/5]
root      3073  0.0  0.0      0     0 ?        S<    2011   0:00 [kmpathd/6]
root      3074  0.0  0.0      0     0 ?        S<    2011   0:00 [kmpathd/7]
root      3075  0.0  0.0      0     0 ?        S<    2011   0:00 [kmpathd/8]
root      3076  0.0  0.0      0     0 ?        S<    2011   0:00 [kmpathd/9]
root      3077  0.0  0.0      0     0 ?        S<    2011   0:00 [kmpathd/10]
root      3078  0.0  0.0      0     0 ?        S<    2011   0:00 [kmpathd/11]
root      3079  0.0  0.0      0     0 ?        S<    2011   0:00 [kmpathd/12]
root      3080  0.0  0.0      0     0 ?        S<    2011   0:00 [kmpathd/13]
root      3081  0.0  0.0      0     0 ?        S<    2011   0:00 [kmpathd/14]
root      3082  0.0  0.0      0     0 ?        S<    2011   0:00 [kmpathd/15]
root      3083  0.0  0.0      0     0 ?        S<    2011   0:00 [kmpath_handlerd]
root      3176  0.0  0.0      0     0 ?        S<    2011  41:55 [kjournald]
root      3178  0.0  0.0      0     0 ?        S<    2011   1:06 [kjournald]
root      3536  0.0  0.0      0     0 ?        S<    2011   0:00 [iscsi_eh]
root      3643  0.0  0.0      0     0 ?        S<    2011   0:00 [iw_cxgb3]
root      3716  0.0  0.0      0     0 ?        S<    2011   0:00 [scsi_eh_0]
root      3718  0.0  0.0      0     0 ?        S<    2011   0:00 [scsi_wq_0]
root      3719  0.0  0.0      0     0 ?        S<    2011   0:00 [scsi_eh_1]
root      3723  0.0  0.0      0     0 ?        S<    2011   0:00 [scsi_wq_1]
root      3768  0.0  0.0      0     0 ?        S<    2011   0:00 [ib_addr]
root      3803  0.0  0.0      0     0 ?        S<    2011   0:00 [ib_mcast]
root      3804  0.0  0.0      0     0 ?        S<    2011   0:00 [ib_inform]
root      3805  0.0  0.0      0     0 ?        S<    2011   0:00 [local_sa]
root      3823  0.0  0.0      0     0 ?        S<    2011   0:00 [iw_cm_wq]
root      3842  0.0  0.0      0     0 ?        S<    2011   0:00 [ib_cm/0]
root      3843  0.0  0.0      0     0 ?        S<    2011   0:00 [ib_cm/1]
root      3844  0.0  0.0      0     0 ?        S<    2011   0:00 [ib_cm/2]
root      3845  0.0  0.0      0     0 ?        S<    2011   0:00 [ib_cm/3]
root      3846  0.0  0.0      0     0 ?        S<    2011   0:00 [ib_cm/4]
root      3847  0.0  0.0      0     0 ?        S<    2011   0:00 [ib_cm/5]
root      3848  0.0  0.0      0     0 ?        S<    2011   0:00 [ib_cm/6]
root      3849  0.0  0.0      0     0 ?        S<    2011   0:00 [ib_cm/7]
root      3850  0.0  0.0      0     0 ?        S<    2011   0:00 [ib_cm/8]
root      3851  0.0  0.0      0     0 ?        S<    2011   0:00 [ib_cm/9]
root      3852  0.0  0.0      0     0 ?        S<    2011   0:00 [ib_cm/10]
root      3853  0.0  0.0      0     0 ?        S<    2011   0:00 [ib_cm/11]
root      3854  0.0  0.0      0     0 ?        S<    2011   0:00 [ib_cm/12]
root      3855  0.0  0.0      0     0 ?        S<    2011   0:00 [ib_cm/13]
root      3856  0.0  0.0      0     0 ?        S<    2011   0:00 [ib_cm/14]
root      3857  0.0  0.0      0     0 ?        S<    2011   0:00 [ib_cm/15]
root      3879  0.0  0.0      0     0 ?        S<    2011   0:00 [rdma_cm]
root      3923  0.0  0.0  59320   520 ?        Ssl   2011   0:02 brcm_iscsiuio
root      3929  0.0  0.0   3984   360 ?        Ss    2011   0:01 iscsid
root      3930  0.0  0.0   4476  2432 ?        S<Ls  2011   0:00 iscsid
root      4094  0.0  0.0      0     0 ?        S<    2011   0:01 [bond0]
root      4222  0.0  0.0  92860   788 ?        S<sl  2011   1:43 auditd
root      4224  0.0  0.0 147336   892 ?        S<sl  2011   0:39 /sbin/audispd
root      4246  0.0  0.0   5908   616 ?        Ss    2011   0:57 syslogd -m 0
root      4249  0.0  0.0   3804   336 ?        Ss    2011   0:00 klogd -x
root      4451  0.0  0.0  10760   336 ?        Ss    2011  12:45 irqbalance
rpc       4469  0.0  0.0   8052   432 ?        Ss    2011   0:00 portmap
root      4510  0.0  0.0      0     0 ?        S<    2011   0:00 [rpciod/0]
root      4511  0.0  0.0      0     0 ?        S<    2011   0:00 [rpciod/1]
root      4512  0.0  0.0      0     0 ?        S<    2011   0:00 [rpciod/2]
root      4513  0.0  0.0      0     0 ?        S<    2011   0:00 [rpciod/3]
root      4514  0.0  0.0      0     0 ?        S<    2011   0:00 [rpciod/4]
root      4515  0.0  0.0      0     0 ?        S<    2011   0:00 [rpciod/5]
root      4516  0.0  0.0      0     0 ?        S<    2011   0:00 [rpciod/6]
root      4517  0.0  0.0      0     0 ?        S<    2011   0:00 [rpciod/7]
root      4518  0.0  0.0      0     0 ?        S<    2011   0:00 [rpciod/8]
root      4519  0.0  0.0      0     0 ?        S<    2011   0:00 [rpciod/9]
root      4520  0.0  0.0      0     0 ?        S<    2011   0:00 [rpciod/10]
root      4521  0.0  0.0      0     0 ?        S<    2011   0:00 [rpciod/11]
root      4522  0.0  0.0      0     0 ?        S<    2011   0:00 [rpciod/12]
root      4523  0.0  0.0      0     0 ?        S<    2011   0:00 [rpciod/13]
root      4524  0.0  0.0      0     0 ?        S<    2011   0:00 [rpciod/14]
root      4525  0.0  0.0      0     0 ?        S<    2011   0:00 [rpciod/15]
root      4537  0.6  0.8 188880 72320 tty7     SLs+ May08 1125:18 /usr/bin/Xorg :0 -br -audit 0 -auth /var/gdm/:0.Xauth -nolisten tcp vt7
root      4546  0.0  0.0  10160   600 ?        Ss    2011   0:00 rpc.statd
root      4549  0.2  0.6 537096 54648 tty7     Sl+  May08 396:17 ./rgsender -daemon -display 0 -l /etc/opt/hpremote/rgsender/logSetup
root      4570  0.0  0.0  55180   232 ?        Ss    2011   0:00 rpc.idmapd
dbus      4585  0.0  0.0  21588  1104 ?        Ss    2011  21:39 dbus-daemon --system
root      4600  0.0  0.0  10432   688 ?        Ss    2011   0:00 /usr/sbin/hcid
ems       4602  0.0  0.0 245464  6532 ?        Ss   May08   0:00 /usr/bin/gnome-session
root      4604  0.0  0.0   5936   384 ?        Ss    2011   0:00 /usr/sbin/sdpd
ems       4635  0.0  0.0      0     0 ?        Z    May08   0:00 [Xsession] <defunct>
ems       4642  0.0  0.0  53852   800 ?        Ss   May08   0:00 /usr/bin/ssh-agent /bin/sh -c exec -l /bin/bash -c "/usr/bin/dbus-launch --exit-with-session /etc/X11/xinit/Xclients"
root      4672  0.0  0.0      0     0 ?        S<    2011   0:00 [krfcommd]
root      4710  0.0  0.0  54008   968 ?        Ssl   2011   0:47 pcscd
root      4720  0.0  0.0   3800   544 ?        Ss    2011   0:00 /usr/sbin/acpid
68        4729  0.0  0.0  31652  2276 ?        Ss    2011   5:17 hald
root      4730  0.0  0.0  21692   896 ?        S     2011   0:00 hald-runner
68        4738  0.0  0.0  12324   548 ?        S     2011   0:00 hald-addon-acpi: listening on acpid socket /var/run/acpid.socket
ems       4740  0.0  0.0  15180   536 ?        S    May08   0:00 /usr/bin/dbus-launch --exit-with-session /etc/X11/xinit/Xclients
ems       4741  0.0  0.0  21392  1020 ?        Ss   May08   0:00 /bin/dbus-daemon --fork --print-pid 4 --print-address 6 --session
68        4743  0.0  0.0  12324   588 ?        S     2011   0:00 hald-addon-keyboard: listening on /dev/input/event0
ems       4748  0.0  0.0  90492  4420 ?        S    May08   0:02 /usr/libexec/gconfd-2 5
ems       4751  0.0  0.0  12900   576 ?        S    May08   0:00 /usr/bin/gnome-keyring-daemon
ems       4753  0.0  0.0 264732  7868 ?        Sl   May08   0:28 /usr/libexec/gnome-settings-daemon
ems       4757  0.0  0.1 103984 10152 ?        Ss   May08   0:00 /usr/lib64/scim-1.0/scim-launcher -d -c simple -e all -f socket --no-stay
ems       4766  0.0  0.0  20144  1300 ?        Ss   May08   0:00 /usr/bin/esd -terminate -nobeeps -as 2 -spawnfd 22
ems       4769  0.0  0.0  82408   624 ?        Ss   May08   0:00 /usr/lib64/scim-1.0/scim-helper-manager
ems       4770  0.0  0.1 262252  9256 ?        Ssl  May08   0:07 /usr/lib64/scim-1.0/scim-panel-gtk --display :0.0 -c socket -d --no-stay
ems       4772  0.0  0.0  90056  1612 ?        Ss   May08   0:02 /usr/lib64/scim-1.0/scim-launcher -d -c socket -e socket -f x11
ems       4783  0.0  0.2 189508 20016 ?        Ss   May08   2:27 metacity --sm-client-id=default1
root      4784  0.0  0.0   8516   356 ?        Ss    2011   0:00 /usr/bin/hidd --server
ems       4788  0.0  0.2 337312 20384 ?        Ss   May08   0:25 gnome-panel --sm-client-id default2
ems       4790  0.0  0.2 483276 21872 ?        Ss   May08   0:30 nautilus --no-default-window --sm-client-id default3
ems       4794  0.0  0.0 197536  3464 ?        Ssl  May08   0:00 /usr/libexec/bonobo-activation-server --ac-activate --ior-output-fd=16
ems       4796  0.0  0.0 230432  4644 ?        Ss   May08   0:00 gnome-volume-manager --sm-client-id default5
ems       4798  0.0  0.0 263424  7712 ?        Ss   May08   0:00 eggcups --sm-client-id default4
ems       4804  0.0  0.0 154200  4760 ?        Ss   May08   0:00 bt-applet --sm-disable
ems       4814  0.0  0.1 291776 11616 ?        Ss   May08   0:01 nm-applet --sm-disable
ems       4818  0.0  0.4 364756 33736 ?        Ss   May08   0:03 /usr/bin/python -tt /usr/bin/puplet
ems       4820  0.0  0.0 147232  3340 ?        S    May08   0:00 /usr/libexec/gnome-vfs-daemon
root      4823  0.0  0.0 121984   844 ?        Ssl   2011   0:03 automount
ems       4826  0.0  0.0 155388  4796 ?        Ss   May08   0:00 pam-panel-icon --sm-client-id default0
root      4827  0.0  0.0  12188   708 ?        S    May08   0:04 /sbin/pam_timestamp_check -d root
ems       4829  0.0  0.0 296804  6708 ?        Ss   May08   3:09 gnome-power-manager
root      4840  0.0  0.0  26324   284 ?        Ss    2011   0:00 ./hpiod
root      4845  0.0  0.0 159348   908 ?        S     2011   0:12 python ./hpssd.py
ems       4848  0.0  0.0  72372  2676 ?        Sl   May08   0:04 ./escd --key_Inserted="/usr/bin/esc" --on_Signal="/usr/bin/esc"
ems       4851  0.0  0.2 323832 16948 ?        S    May08   1:01 /usr/libexec/wnck-applet --oaf-activate-iid=OAFIID:GNOME_Wncklet_Factory --oaf-ior-fd=19
ems       4855  0.0  0.0  13020  1204 ?        S    May08   0:11 /usr/libexec/gam_server
ems       4857  0.0  0.1 552184 13928 ?        S    May08   0:00 /usr/libexec/trashapplet --oaf-activate-iid=OAFIID:GNOME_Panel_TrashApplet_Factory --oaf-ior-fd=20
root      4858  0.0  0.0  62608   620 ?        Ss    2011   0:00 /usr/sbin/sshd
root      4867  0.0  0.0 134036  1232 ?        Ss    2011   0:00 cupsd
ems       4869  0.0  0.0  12824   864 ?        S    May08   0:00 /usr/libexec/mapping-daemon
ems       4876  0.0  0.0 241180  7068 ?        S    May08   0:00 /usr/libexec/notification-area-applet --oaf-activate-iid=OAFIID:GNOME_NotificationAreaApplet_Factory --oaf-ior-fd=21
ems       4878  0.0  0.1 297676 12144 ?        S    May08   0:01 /usr/libexec/clock-applet --oaf-activate-iid=OAFIID:GNOME_ClockApplet_Factory --oaf-ior-fd=31
ems       4880  0.0  0.1 411776 14544 ?        Sl   May08   0:23 /usr/libexec/mixer_applet2 --oaf-activate-iid=OAFIID:GNOME_MixerApplet_Factory --oaf-ior-fd=37
root      4881  0.0  0.0  21644   720 ?        Ss    2011   0:00 xinetd -stayalive -pidfile /var/run/xinetd.pid
ntp       4898  0.0  0.0  19188  4888 ?        SLs   2011   0:05 ntpd -u ntp:ntp -p /var/run/ntpd.pid -g
uuidd     4935  0.0  0.0  60952    60 ?        Ss    2011   0:00 /usr/sbin/uuidd
root      4944  0.0  0.0   6452   276 ?        Ss    2011   0:14 gpm -m /dev/input/mice -t exps2
root      4953  0.0  0.0  74804   956 ?        Ss    2011   0:12 crond
xfs       4986  0.0  0.0  21096  1724 ?        Ss    2011   0:00 xfs -droppriv -daemon
ems       4989  0.0  0.0 183716  4740 ?        Ss   May08   0:27 gnome-screensaver
root      5003  0.0  0.0  18732   344 ?        Ss    2011   0:00 /usr/sbin/atd
avahi     5033  0.0  0.0  23280  1120 ?        Ss    2011   0:04 avahi-daemon: running [dwdd4.local]
avahi     5034  0.0  0.0  23148   136 ?        Ss    2011   0:00 avahi-daemon: chroot helper
root      5045  0.0  0.0 150756  1312 ?        Ssl   2011   0:01 /usr/sbin/cimserver
root      5113  0.0  0.0  18416   256 ?        S     2011   0:00 /usr/sbin/smartd -q never
root      5118  0.0  0.0   3792   400 tty1     Ss+   2011   0:00 /sbin/mingetty tty1
root      5119  0.0  0.0   3792   400 tty2     Ss+   2011   0:00 /sbin/mingetty tty2
root      5120  0.0  0.0   3792   400 tty3     Ss+   2011   0:00 /sbin/mingetty tty3
root      5121  0.0  0.0   3792   400 tty4     Ss+   2011   0:00 /sbin/mingetty tty4
root      5123  0.0  0.0   3792   400 tty5     Ss+   2011   0:00 /sbin/mingetty tty5
root      5124  0.0  0.0   3792   400 tty6     Ss+   2011   0:00 /sbin/mingetty tty6
root      5126  0.0  0.0 167688  1544 ?        Ss    2011   0:00 /usr/sbin/gdm-binary -nodaemon
root      5227  0.0  0.0 201132  3316 ?        S     2011   0:00 /usr/sbin/gdm-binary -nodaemon
root      5229  0.0  0.0 189812  1424 ?        Sl    2011   0:18 /usr/libexec/gdm-rh-security-token-helper
root      5243  0.0  0.1 271220 15016 ?        SN    2011   0:34 /usr/bin/python -tt /usr/sbin/yum-updatesd
root      5249  0.0  0.0  13040   840 ?        SN    2011   0:04 /usr/libexec/gam_server
root      5510  0.0  0.0  57872  1576 ?        S     2011   0:02 /usr/sbin/nm-system-settings --config /etc/NetworkManager/nm-system-settings.conf
ems       5781  0.0  0.0  90440  4368 ?        S    Jul30   0:00 /usr/libexec/gconfd-2 12
ems       5783  0.0  0.0 186920  2968 ?        Ssl  Jul30   0:00 /usr/libexec/bonobo-activation-server --ac-activate --ior-output-fd=16
ems       5821  0.0  0.0  90376  4344 ?        S    Jul18   0:00 /usr/libexec/gconfd-2 5
ems       6553  0.0  0.0 262972  2208 ?        Ssl   2011   0:00 /usr/libexec/bonobo-activation-server --ac-activate --ior-output-fd=16
root      7931  0.0  0.0      0     0 ?        S    Aug12   0:00 [pdflush]
root      7932  0.0  0.0      0     0 ?        S    Aug12   2:18 [pdflush]
root      8374  0.0  0.1 140120  8176 ?        SN   Aug12   0:00 /df8003/bin/dbmd
root      8375  0.3  0.0 139620  3740 ?        RN   Aug12 146:44 /df8003/bin/applogd
root      8376  0.3  0.2 159596 18748 ?        S    Aug12 162:36 /df8003/bin/sysmd
root      8377  0.2  0.0 135276  3468 ?        S    Aug12 125:02 /df8003/bin/netmd
root      8450  0.0  0.0 208584  7968 ?        SN   Aug12   0:06 /df8003/bin/procmd
root      8451  0.0  0.0 208088  7780 ?        SN   Aug12   0:00 proc_watchd
root      8452  0.1  0.1 217484  8392 ?        SN   Aug12  91:44 netmond -s 3600
ems       8453  0.0  0.1 290280 14068 ?        SN   Aug12  20:17 almd_server_rep
ems       8454  0.0  0.3 1816852 31276 ?       SN   Aug12  13:43 alm_replica -mode r
ems       8455  0.9  9.0 1798652 735668 ?      SN   Aug12 418:11 SCADA_Rep -mode r
ems       8456  0.0  0.3 541180 27624 ?        SN   Aug12  20:38 comServer
ems       8457  0.0  2.7 1705416 225628 ?      SN   Aug12   0:28 SCADA_Server -mode s1 -ref
ems       8458  0.0  0.1 1808120 15952 ?       SN   Aug12   0:00 SSM_Server -dts
ems       8461  0.0  0.0 141660  7552 ?        SN   Aug12   0:06 grsd
root      8462  0.0  0.8 1890460 72296 ?       SN   Aug12   0:05 ssrd
ems      13132  0.0  0.0 186920  2932 ?        Ssl  Mar13   0:00 /usr/libexec/bonobo-activation-server --ac-activate --ior-output-fd=16
ems      13970  0.0  0.0  80996  3120 ?        SN   Mar23   0:00 python /df8003/bat/gupdate
ems      13977  0.0  0.0  66064  1196 ?        SN   Mar23   0:00 sh -c { cd /df8003/uif/netres/; cvs -q up ; } 2>&1
ems      13978  0.0  0.0  43556  1424 ?        SN   Mar23   0:00 cvs -q up
ems      16604  0.0  0.0 186920  1616 ?        Ssl   2012   0:00 /usr/libexec/bonobo-activation-server --ac-activate --ior-output-fd=16
ems      21334  0.0  0.0  90364  4348 ?        S    Jul01   0:00 /usr/libexec/gconfd-2 5
ems      23302  0.0  0.0 186924  2924 ?        Ssl  Feb18   0:00 /usr/libexec/bonobo-activation-server --ac-activate --ior-output-fd=16
ems      25599  0.0  0.0 186920  1616 ?        Ssl   2012   0:00 /usr/libexec/bonobo-activation-server --ac-activate --ior-output-fd=16
ems      26498  0.0  0.0 102008  1392 ?        S    16:55   0:00 crond
ems      26500  0.0  0.0   8700   948 ?        Ss   16:55   0:00 /bin/sh -c /df8003/home/nms/collection.sh >/dev/null
ems      26501  0.0  0.0   8704  1000 ?        S    16:55   0:00 /bin/sh /df8003/home/nms/collection.sh
ems      26511  0.0  0.0  10460   860 ?        R    16:55   0:00 ps aux
ems      27691  0.0  0.0  68416  1680 pts/4    Ss   Sep09   0:00 bash
ems      27777  3.6  4.9 2326400 401300 pts/4  SNl+ Sep09 229:09 qtmmi
ems      32392  0.0  0.5 341604 44184 ?        Sl   Aug15   0:05 gnome-terminal
ems      32394  0.0  0.0  90464  4396 ?        S    Aug15   0:00 /usr/libexec/gconfd-2 12
ems      32396  0.0  0.0 186924  2920 ?        Ssl  Aug15   0:00 /usr/libexec/bonobo-activation-server --ac-activate --ior-output-fd=16
ems      32400  0.0  0.0  14868   728 ?        S    Aug15   0:00 gnome-pty-helper
ems      32401  0.0  0.0  68416  1680 pts/3    Ss+  Aug15   0:00 bash
cmdbegin:mac
1: lo: <LOOPBACK,UP,LOWER_UP> mtu 16436 qdisc noqueue 
    link/loopback 00:00:00:00:00:00 brd 00:00:00:00:00:00
    inet 127.0.0.1/8 scope host lo
    inet6 ::1/128 scope host 
       valid_lft forever preferred_lft forever
2: eth0: <BROADCAST,MULTICAST,SLAVE,UP,LOWER_UP> mtu 1500 qdisc pfifo_fast master bond0 qlen 1000
    link/ether d4:85:64:5e:68:50 brd ff:ff:ff:ff:ff:ff
3: eth1: <BROADCAST,MULTICAST,SLAVE,UP,LOWER_UP> mtu 1500 qdisc pfifo_fast master bond0 qlen 1000
    link/ether d4:85:64:5e:68:50 brd ff:ff:ff:ff:ff:ff
4: sit0: <NOARP> mtu 1480 qdisc noop 
    link/sit 0.0.0.0 brd 0.0.0.0
5: bond0: <BROADCAST,MULTICAST,MASTER,UP,LOWER_UP> mtu 1500 qdisc noqueue 
    link/ether d4:85:64:5e:68:50 brd ff:ff:ff:ff:ff:ff
    inet 192.168.1.33/24 brd 192.168.1.255 scope global bond0
    inet6 fe80::d685:64ff:fe5e:6850/64 scope link 
       valid_lft forever preferred_lft forever
cmdbegin:interface
Linux 2.6.18-194.el5 (dwdd4) 	09/13/13

16:55:07        IFACE   rxpck/s   txpck/s   rxbyt/s   txbyt/s   rxcmp/s   txcmp/s  rxmcst/s
16:55:08           lo    268.32    268.32  25212.87  25212.87      0.00      0.00      0.00
16:55:08         eth0    143.56    108.91  73110.89 118672.28      0.00      0.00      8.91
16:55:08         eth1     84.16      0.00  58615.84      0.00      0.00      0.00      0.00
16:55:08         sit0      0.00      0.00      0.00      0.00      0.00      0.00      0.00
16:55:08        bond0    227.72    108.91 131726.73 118672.28      0.00      0.00      8.91

16:55:08        IFACE   rxpck/s   txpck/s   rxbyt/s   txbyt/s   rxcmp/s   txcmp/s  rxmcst/s
16:55:09           lo    553.00    553.00  47775.00  47775.00      0.00      0.00      0.00
16:55:09         eth0    106.00     99.00  33826.00 113023.00      0.00      0.00      7.00
16:55:09         eth1     51.00      0.00  30670.00      0.00      0.00      0.00      0.00
16:55:09         sit0      0.00      0.00      0.00      0.00      0.00      0.00      0.00
16:55:09        bond0    157.00     99.00  64496.00 113023.00      0.00      0.00      7.00

16:55:09        IFACE   rxpck/s   txpck/s   rxbyt/s   txbyt/s   rxcmp/s   txcmp/s  rxmcst/s
16:55:10           lo    702.00    702.00  63510.00  63510.00      0.00      0.00      0.00
16:55:10         eth0    203.00    129.00 160342.00 147085.00      0.00      0.00      7.00
16:55:10         eth1    129.00      0.00 138886.00      0.00      0.00      0.00      0.00
16:55:10         sit0      0.00      0.00      0.00      0.00      0.00      0.00      0.00
16:55:10        bond0    332.00    129.00 299228.00 147085.00      0.00      0.00      7.00

Average:        IFACE   rxpck/s   txpck/s   rxbyt/s   txbyt/s   rxcmp/s   txcmp/s  rxmcst/s
Average:           lo    506.98    506.98  45431.89  45431.89      0.00      0.00      0.00
Average:         eth0    150.83    112.29  89039.87 126234.88      0.00      0.00      7.64
Average:         eth1     88.04      0.00  75999.34      0.00      0.00      0.00      0.00
Average:         sit0      0.00      0.00      0.00      0.00      0.00      0.00      0.00
Average:        bond0    238.87    112.29 165039.20 126234.88      0.00      0.00      7.64
cmdbegin:uname
Linux dwdd4
cmdbegin:usergroup
root:x:0:root
bin:x:1:root,bin,daemon
daemon:x:2:root,bin,daemon
sys:x:3:root,bin,adm
adm:x:4:root,adm,daemon
tty:x:5:
disk:x:6:root
lp:x:7:daemon,lp
mem:x:8:
kmem:x:9:
wheel:x:10:root
mail:x:12:mail
news:x:13:news
uucp:x:14:uucp
man:x:15:
games:x:20:
gopher:x:30:
dip:x:40:
ftp:x:50:
lock:x:54:
nobody:x:99:
users:x:100:ems,oracle
nscd:x:28:
floppy:x:19:
vcsa:x:69:
audio:x:63:gdm
utmp:x:22:
rpc:x:32:
mailnull:x:47:
smmsp:x:51:
pcap:x:77:
utempter:x:35:
slocate:x:21:
ntp:x:38:
sshd:x:74:
rpcuser:x:29:
nfsnobody:x:4294967294:
dbus:x:81:
avahi:x:70:
haldaemon:x:68:
avahi-autoipd:x:101:
distcache:x:94:
mysql:x:27:
apache:x:48:
postgres:x:26:
webalizer:x:67:
oprofile:x:16:
squid:x:23:
named:x:25:
xfs:x:43:
gdm:x:42:
sabayon:x:86:
stapdev:x:102:
stapusr:x:103:
ldap:x:55:
uuidd:x:104:
pkcs11:x:105:root
screen:x:84:
ident:x:98:
pvm:x:24:
privoxy:x:73:
quaggavt:x:85:
quagga:x:92:
radvd:x:75:
radiusd:x:95:
tomcat:x:91:
pegasus:x:65:
fuse:x:106:
dfdz:x:500:ems
dba:x:501:oracle
cmdbegin:user
root:x:0:0:root:/root:/bin/bash
bin:x:1:1:bin:/bin:/sbin/nologin
daemon:x:2:2:daemon:/sbin:/sbin/nologin
adm:x:3:4:adm:/var/adm:/sbin/nologin
lp:x:4:7:lp:/var/spool/lpd:/sbin/nologin
sync:x:5:0:sync:/sbin:/bin/sync
shutdown:x:6:0:shutdown:/sbin:/sbin/shutdown
halt:x:7:0:halt:/sbin:/sbin/halt
mail:x:8:12:mail:/var/spool/mail:/sbin/nologin
news:x:9:13:news:/etc/news:
uucp:x:10:14:uucp:/var/spool/uucp:/sbin/nologin
operator:x:11:0:operator:/root:/sbin/nologin
games:x:12:100:games:/usr/games:/sbin/nologin
gopher:x:13:30:gopher:/var/gopher:/sbin/nologin
ftp:x:14:50:FTP User:/var/ftp:/sbin/nologin
nobody:x:99:99:Nobody:/:/sbin/nologin
nscd:x:28:28:NSCD Daemon:/:/sbin/nologin
vcsa:x:69:69:virtual console memory owner:/dev:/sbin/nologin
rpc:x:32:32:Portmapper RPC user:/:/sbin/nologin
mailnull:x:47:47::/var/spool/mqueue:/sbin/nologin
smmsp:x:51:51::/var/spool/mqueue:/sbin/nologin
pcap:x:77:77::/var/arpwatch:/sbin/nologin
ntp:x:38:38::/etc/ntp:/sbin/nologin
sshd:x:74:74:Privilege-separated SSH:/var/empty/sshd:/sbin/nologin
rpcuser:x:29:29:RPC Service User:/var/lib/nfs:/sbin/nologin
nfsnobody:x:4294967294:4294967294:Anonymous NFS User:/var/lib/nfs:/sbin/nologin
dbus:x:81:81:System message bus:/:/sbin/nologin
avahi:x:70:70:Avahi daemon:/:/sbin/nologin
haldaemon:x:68:68:HAL daemon:/:/sbin/nologin
avahi-autoipd:x:100:101:avahi-autoipd:/var/lib/avahi-autoipd:/sbin/nologin
distcache:x:94:94:Distcache:/:/sbin/nologin
mysql:x:27:27:MySQL Server:/var/lib/mysql:/bin/bash
apache:x:48:48:Apache:/var/www:/sbin/nologin
postgres:x:26:26:PostgreSQL Server:/var/lib/pgsql:/bin/bash
webalizer:x:67:67:Webalizer:/var/www/usage:/sbin/nologin
oprofile:x:16:16:Special user account to be used by OProfile:/home/oprofile:/sbin/nologin
squid:x:23:23::/var/spool/squid:/sbin/nologin
named:x:25:25:Named:/var/named:/sbin/nologin
xfs:x:43:43:X Font Server:/etc/X11/fs:/sbin/nologin
gdm:x:42:42::/var/gdm:/sbin/nologin
sabayon:x:86:86:Sabayon user:/home/sabayon:/sbin/nologin
ldap:x:55:55:LDAP User:/var/lib/ldap:/bin/false
uuidd:x:101:104:UUID generator helper daemon:/var/lib/libuuid:/sbin/nologin
amanda:x:33:6:Amanda user:/var/lib/amanda:/bin/bash
ident:x:98:98::/:/sbin/nologin
pvm:x:24:24::/usr/share/pvm3:/bin/bash
privoxy:x:73:73::/etc/privoxy:/sbin/nologin
quagga:x:92:92:Quagga routing suite:/var/run/quagga:/sbin/nologin
radvd:x:75:75:radvd user:/:/sbin/nologin
radiusd:x:95:95:radiusd user:/home/radiusd:/sbin/nologin
tomcat:x:91:91:Tomcat:/usr/share/tomcat5:/bin/sh
pegasus:x:66:65:tog-pegasus OpenPegasus WBEM/CIM services:/var/lib/Pegasus:/sbin/nologin
ems:x:115:500::/df8003/home:/bin/bash
oracle:x:502:501::/usr/local/oracle:/bin/bash
cmdbegin:date
Fri Sep 13 16:55:10 CST 2013
cmdbegin:uptime
 16:55:10 up 668 days, 40 min,  4 users,  load average: 0.30, 0.32, 0.28
cmdbegin:end
