cmdbegin:version
Linux version 2.6.18-194.el5 (mockbuild@ia64-001.build.bos.redhat.com) (gcc version 4.1.2 20080704 (Red Hat 4.1.2-48)) #1 SMP Tue Mar 16 21:57:01 EDT 2010
cmdbegin:cpuconfig
processor  : 0
cpu MHz    : 1403.000000
processor  : 1
cpu MHz    : 1403.000000
processor  : 2
cpu MHz    : 1403.000000
processor  : 3
cpu MHz    : 1403.000000
processor  : 4
cpu MHz    : 1403.000000
processor  : 5
cpu MHz    : 1403.000000
processor  : 6
cpu MHz    : 1403.000000
processor  : 7
cpu MHz    : 1403.000000
cmdbegin:disk
Filesystem           1K-blocks      Used Available Use% Mounted on
/dev/sda5             20314748   1069056  18197116   6% /
/dev/sda6             89548856  64941936  19984588  77% /df8003
/dev/sda3             60944380   8433932  49364720  15% /usr
/dev/sda2             79829768  12982584  62726608  18% /rdbm
/dev/sda1               511696      9144    502552   2% /boot/efi
tmpfs                 16655408         0  16655408   0% /dev/shm
cmdbegin:diskperf
Linux 2.6.18-194.el5 (dshis-a) 	09/13/13 	_ia64_	(8 CPU)

16:50:01          DEV       tps  rd_sec/s  wr_sec/s  avgrq-sz  avgqu-sz     await     svctm     %util
16:50:02       dev8-0     24.00      0.00    496.00     20.67      1.85     77.67      7.67     18.40
16:50:02      dev8-16     26.00   1571.00   1329.00    111.54      0.10      4.00      3.08      8.00
16:50:02      dev8-32      0.00      0.00      0.00      0.00      0.00      0.00      0.00      0.00
16:50:02      dev8-48      1.00      0.00     80.00     80.00      0.00      0.00      0.00      0.00
16:50:02      dev8-64      0.00      0.00      0.00      0.00      0.00      0.00      0.00      0.00
16:50:02      dev8-80      0.00      0.00      0.00      0.00      0.00      0.00      0.00      0.00
16:50:02      dev8-96      0.00      0.00      0.00      0.00      0.00      0.00      0.00      0.00
16:50:02     dev8-112      0.00      0.00      0.00      0.00      0.00      0.00      0.00      0.00
16:50:02     dev8-128      0.00      0.00      0.00      0.00      0.00      0.00      0.00      0.00
16:50:02     dev8-144      0.00      0.00      0.00      0.00      0.00      0.00      0.00      0.00
16:50:02     dev8-160    143.00      0.00  31360.00    219.30      0.10      0.73      0.73     10.50
16:50:02     dev8-176      0.00      0.00      0.00      0.00      0.00      0.00      0.00      0.00
16:50:02     dev8-192      0.00      0.00      0.00      0.00      0.00      0.00      0.00      0.00
16:50:02     dev8-208      0.00      0.00      0.00      0.00      0.00      0.00      0.00      0.00
16:50:02     dev8-224    177.00      0.00  40896.00    231.05      0.40      2.24      2.24     39.70
16:50:02     dev8-240      0.00      0.00      0.00      0.00      0.00      0.00      0.00      0.00
16:50:02      dev65-0      0.00      0.00      0.00      0.00      0.00      0.00      0.00      0.00
16:50:02     dev253-0     26.00   1571.00   1329.00    111.54      0.10      4.00      3.08      8.00
16:50:02     dev253-1    357.00      0.00  72512.00    203.11      0.54      1.50      1.41     50.30
16:50:02     dev253-2      1.00      0.00     80.00     80.00      0.00      0.00      0.00      0.00
16:50:02     dev253-3      0.00      0.00      0.00      0.00      0.00      0.00      0.00      0.00
16:50:02     dev253-4      1.00      0.00     80.00     80.00      0.00      0.00      0.00      0.00
16:50:02     dev253-5    357.00      0.00  72512.00    203.11      0.54      1.51      1.41     50.40
16:50:02     dev253-6      0.00      0.00      0.00      0.00      0.00      0.00      0.00      0.00
16:50:02     dev253-7      0.00      0.00      0.00      0.00      0.00      0.00      0.00      0.00
16:50:02     dev253-8      3.00    513.00      1.00    171.33      0.01      4.67      4.67      1.40
16:50:02     dev253-9      3.00    513.00      1.00    171.33      0.04     11.67     11.67      3.50
16:50:02    dev253-10      3.00    513.00      1.00    171.33      0.01      3.00      3.00      0.90
16:50:02    dev253-11      8.00      0.00    663.00     82.88      0.02      2.88      2.75      2.20
16:50:02    dev253-12      9.00     32.00    663.00     77.22      0.02      2.56      2.44      2.20

16:50:02          DEV       tps  rd_sec/s  wr_sec/s  avgrq-sz  avgqu-sz     await     svctm     %util
16:50:03       dev8-0      0.00      0.00      0.00      0.00      0.00      0.00      0.00      0.00
16:50:03      dev8-16      9.99   1056.94     66.93    112.50      0.21     20.90     20.10     20.08
16:50:03      dev8-32      0.00      0.00      0.00      0.00      0.00      0.00      0.00      0.00
16:50:03      dev8-48      0.00      0.00      0.00      0.00      0.00      0.00      0.00      0.00
16:50:03      dev8-64      0.00      0.00      0.00      0.00      0.00      0.00      0.00      0.00
16:50:03      dev8-80      0.00      0.00      0.00      0.00      0.01      0.00      0.00      0.90
16:50:03      dev8-96      0.00      0.00      0.00      0.00      0.00      0.00      0.00      0.00
16:50:03     dev8-112      0.00      0.00      0.00      0.00      0.00      0.00      0.00      0.00
16:50:03     dev8-128      0.00      0.00      0.00      0.00      0.00      0.00      0.00      0.00
16:50:03     dev8-144      0.00      0.00      0.00      0.00      0.00      0.00      0.00      0.00
16:50:03     dev8-160    365.63      0.00  81422.58    222.69      0.39      1.08      1.07     39.26
16:50:03     dev8-176      0.00      0.00      0.00      0.00      0.00      0.00      0.00      0.00
16:50:03     dev8-192      0.00      0.00      0.00      0.00      0.00      0.00      0.00      0.00
16:50:03     dev8-208      0.00      0.00      0.00      0.00      0.00      0.00      0.00      0.00
16:50:03     dev8-224    370.63      0.00  79152.85    213.56      0.33      0.89      0.89     32.87
16:50:03     dev8-240      0.00      0.00      0.00      0.00      0.00      0.00      0.00      0.00
16:50:03      dev65-0      0.00      0.00      0.00      0.00      0.00      0.00      0.00      0.00
16:50:03     dev253-0     10.99   1568.43     66.93    148.82      0.22     19.00     19.09     20.98
16:50:03     dev253-1    805.19      0.00 160319.68    199.11      0.79      0.98      0.90     72.13
16:50:03     dev253-2      0.00      0.00      0.00      0.00      0.00      0.00      0.00      0.00
16:50:03     dev253-3      0.00      0.00      0.00      0.00      0.00      0.00      0.00      0.00
16:50:03     dev253-4      0.00      0.00      0.00      0.00      0.00      0.00      0.00      0.00
16:50:03     dev253-5    805.19      0.00 160319.68    199.11      0.79      0.98      0.90     72.13
16:50:03     dev253-6      0.00      0.00      0.00      0.00      0.00      0.00      0.00      0.00
16:50:03     dev253-7      0.00      0.00      0.00      0.00      0.00      0.00      0.00      0.00
16:50:03     dev253-8      3.00    512.49      1.00    171.33      0.08     27.00     27.00      8.09
16:50:03     dev253-9      3.00    512.49      1.00    171.33      0.10     34.67     34.67     10.39
16:50:03    dev253-10      2.00    511.49      1.00    256.50      0.01      0.00      4.50      0.90
16:50:03    dev253-11      1.00      0.00     31.97     32.00      0.01      8.00      8.00      0.80
16:50:03    dev253-12      2.00     31.97     31.97     32.00      0.02      8.00      8.00      1.60

16:50:03          DEV       tps  rd_sec/s  wr_sec/s  avgrq-sz  avgqu-sz     await     svctm     %util
16:50:04       dev8-0      0.00      0.00      0.00      0.00      0.00      0.00      0.00      0.00
16:50:04      dev8-16      0.00      0.00      0.00      0.00      0.00      0.00      0.00      0.00
16:50:04      dev8-32      0.00      0.00      0.00      0.00      0.00      0.00      0.00      0.00
16:50:04      dev8-48      1.00      0.00     15.98     16.00      0.00      0.00      0.00      0.00
16:50:04      dev8-64      0.00      0.00      0.00      0.00      0.00      0.00      0.00      0.00
16:50:04      dev8-80     68.93   1569.43    961.04     36.71      0.08      1.23      0.88      6.09
16:50:04      dev8-96      0.00      0.00      0.00      0.00      0.00      0.00      0.00      0.00
16:50:04     dev8-112      0.00      0.00      0.00      0.00      0.00      0.00      0.00      0.00
16:50:04     dev8-128      0.00      0.00      0.00      0.00      0.00      0.00      0.00      0.00
16:50:04     dev8-144      0.00      0.00      0.00      0.00      0.00      0.00      0.00      0.00
16:50:04     dev8-160    222.78      0.00  29826.17    133.88      0.29      1.28      1.28     28.57
16:50:04     dev8-176      0.00      0.00      0.00      0.00      0.00      0.00      0.00      0.00
16:50:04     dev8-192      0.00      0.00      0.00      0.00      0.00      0.00      0.00      0.00
16:50:04     dev8-208      0.00      0.00      0.00      0.00      0.00      0.00      0.00      0.00
16:50:04     dev8-224    189.81      0.00  26485.51    139.54      0.13      0.69      0.69     13.09
16:50:04     dev8-240      0.00      0.00      0.00      0.00      0.00      0.00      0.00      0.00
16:50:04      dev65-0      0.00      0.00      0.00      0.00      0.00      0.00      0.00      0.00
16:50:04     dev253-0     67.93   1057.94    961.04     29.72      0.08      1.26      0.90      6.09
16:50:04     dev253-1    436.56      0.00  56311.69    128.99      0.44      1.00      0.95     41.56
16:50:04     dev253-2      1.00      0.00     15.98     16.00      0.00      0.00      0.00      0.00
16:50:04     dev253-3      0.00      0.00      0.00      0.00      0.00      0.00      0.00      0.00
16:50:04     dev253-4      1.00      0.00     15.98     16.00      0.00      0.00      0.00      0.00
16:50:04     dev253-5    436.56      0.00  56311.69    128.99      0.44      1.00      0.95     41.56
16:50:04     dev253-6      0.00      0.00      0.00      0.00      0.00      0.00      0.00      0.00
16:50:04     dev253-7      0.00      0.00      0.00      0.00      0.00      0.00      0.00      0.00
16:50:04     dev253-8      3.00    512.49      1.00    171.33      0.01      2.33      2.33      0.70
16:50:04     dev253-9      3.00    512.49      1.00    171.33      0.02      6.00      6.00      1.80
16:50:04    dev253-10      1.00      1.00      0.00      1.00      0.01     17.00      8.00      0.80
16:50:04    dev253-11     29.97      0.00    479.52     16.00      0.02      0.53      0.53      1.60
16:50:04    dev253-12     30.97     31.97    479.52     16.52      0.03      0.90      0.90      2.80

Average:          DEV       tps  rd_sec/s  wr_sec/s  avgrq-sz  avgqu-sz     await     svctm     %util
Average:       dev8-0      7.99      0.00    165.22     20.67      0.62     77.67      7.67      6.13
Average:      dev8-16     11.99    875.75    465.02    111.81      0.10      8.69      7.81      9.36
Average:      dev8-32      0.00      0.00      0.00      0.00      0.00      0.00      0.00      0.00
Average:      dev8-48      0.67      0.00     31.98     48.00      0.00      0.00      0.00      0.00
Average:      dev8-64      0.00      0.00      0.00      0.00      0.00      0.00      0.00      0.00
Average:      dev8-80     22.98    523.32    320.45     36.71      0.03      1.23      1.01      2.33
Average:      dev8-96      0.00      0.00      0.00      0.00      0.00      0.00      0.00      0.00
Average:     dev8-112      0.00      0.00      0.00      0.00      0.00      0.00      0.00      0.00
Average:     dev8-128      0.00      0.00      0.00      0.00      0.00      0.00      0.00      0.00
Average:     dev8-144      0.00      0.00      0.00      0.00      0.00      0.00      0.00      0.00
Average:     dev8-160    243.84      0.00  47541.64    194.97      0.26      1.07      1.07     26.12
Average:     dev8-176      0.00      0.00      0.00      0.00      0.00      0.00      0.00      0.00
Average:     dev8-192      0.00      0.00      0.00      0.00      0.00      0.00      0.00      0.00
Average:     dev8-208      0.00      0.00      0.00      0.00      0.00      0.00      0.00      0.00
Average:     dev8-224    245.84      0.00  48847.44    198.70      0.29      1.16      1.16     28.55
Average:     dev8-240      0.00      0.00      0.00      0.00      0.00      0.00      0.00      0.00
Average:      dev65-0      0.00      0.00      0.00      0.00      0.00      0.00      0.00      0.00
Average:     dev253-0     34.98   1399.07    785.48     62.46      0.13      3.80      3.34     11.69
Average:     dev253-1    532.98      0.00  96389.07    180.85      0.59      1.10      1.03     54.66
Average:     dev253-2      0.67      0.00     31.98     48.00      0.00      0.00      0.00      0.00
Average:     dev253-3      0.00      0.00      0.00      0.00      0.00      0.00      0.00      0.00
Average:     dev253-4      0.67      0.00     31.98     48.00      0.00      0.00      0.00      0.00
Average:     dev253-5    532.98      0.00  96389.07    180.85      0.59      1.10      1.03     54.70
Average:     dev253-6      0.00      0.00      0.00      0.00      0.00      0.00      0.00      0.00
Average:     dev253-7      0.00      0.00      0.00      0.00      0.00      0.00      0.00      0.00
Average:     dev253-8      3.00    512.66      1.00    171.33      0.03     11.33     11.33      3.40
Average:     dev253-9      3.00    512.66      1.00    171.33      0.05     17.44     17.44      5.23
Average:    dev253-10      2.00    341.77      0.67    171.33      0.01      4.33      4.33      0.87
Average:    dev253-11     12.99      0.00    391.41     30.13      0.02      1.21      1.18      1.53
Average:    dev253-12     13.99     31.98    391.41     30.26      0.02      1.60      1.57      2.20
cmdbegin:cpu
Linux 2.6.18-194.el5 (dshis-a) 	09/13/13 	_ia64_	(8 CPU)

16:50:04        CPU     %user     %nice   %system   %iowait    %steal     %idle
16:50:05        all      0.44      0.00      0.29      0.51      0.00     98.76
16:50:06        all      0.45      0.00      0.34      1.35      0.00     97.86
16:50:07        all      0.47      0.00      0.35      0.72      0.00     98.45
Average:        all      0.45      0.00      0.32      0.86      0.00     98.36
cmdbegin:memory
             total       used       free     shared    buffers     cached
Mem:      33310816   30446336    2864480          0    2336896   24238176
-/+ buffers/cache:    3871264   29439552
Swap:     33554400          0   33554400
cmdbegin:process
USER       PID %CPU %MEM    VSZ   RSS TTY      STAT START   TIME COMMAND
root         1  0.0  0.0   4512  1728 ?        Ss   Jul19   3:31 init [5]                                                                                  
root         2  0.0  0.0      0     0 ?        S<   Jul19   0:45 [migration/0]
root         3  0.0  0.0      0     0 ?        SN   Jul19   0:45 [ksoftirqd/0]
root         4  0.0  0.0      0     0 ?        S<   Jul19   0:00 [watchdog/0]
root         5  0.0  0.0      0     0 ?        S<   Jul19   0:32 [migration/1]
root         6  0.0  0.0      0     0 ?        SN   Jul19   0:48 [ksoftirqd/1]
root         7  0.0  0.0      0     0 ?        S<   Jul19   0:00 [watchdog/1]
root         8  0.0  0.0      0     0 ?        S<   Jul19   0:45 [migration/2]
root         9  0.0  0.0      0     0 ?        SN   Jul19   1:10 [ksoftirqd/2]
root        10  0.0  0.0      0     0 ?        S<   Jul19   0:00 [watchdog/2]
root        11  0.0  0.0      0     0 ?        S<   Jul19   0:21 [migration/3]
root        12  0.0  0.0      0     0 ?        SN   Jul19   0:27 [ksoftirqd/3]
root        13  0.0  0.0      0     0 ?        S<   Jul19   0:00 [watchdog/3]
root        14  0.0  0.0      0     0 ?        S<   Jul19   0:43 [migration/4]
root        15  0.0  0.0      0     0 ?        SN   Jul19   1:51 [ksoftirqd/4]
root        16  0.0  0.0      0     0 ?        S<   Jul19   0:00 [watchdog/4]
root        17  0.0  0.0      0     0 ?        S<   Jul19   0:26 [migration/5]
root        18  0.0  0.0      0     0 ?        SN   Jul19   0:28 [ksoftirqd/5]
root        19  0.0  0.0      0     0 ?        S<   Jul19   0:00 [watchdog/5]
root        20  0.0  0.0      0     0 ?        S<   Jul19   0:41 [migration/6]
root        21  0.0  0.0      0     0 ?        SN   Jul19   1:14 [ksoftirqd/6]
root        22  0.0  0.0      0     0 ?        S<   Jul19   0:00 [watchdog/6]
root        23  0.0  0.0      0     0 ?        S<   Jul19   0:23 [migration/7]
root        24  0.0  0.0      0     0 ?        SN   Jul19   0:31 [ksoftirqd/7]
root        25  0.0  0.0      0     0 ?        S<   Jul19   0:00 [watchdog/7]
root        26  0.0  0.0      0     0 ?        S<   Jul19   0:00 [events/0]
root        27  0.0  0.0      0     0 ?        S<   Jul19   0:22 [events/1]
root        28  0.0  0.0      0     0 ?        S<   Jul19   0:00 [events/2]
root        29  0.0  0.0      0     0 ?        S<   Jul19   0:00 [events/3]
root        30  0.0  0.0      0     0 ?        S<   Jul19   0:00 [events/4]
root        31  0.0  0.0      0     0 ?        S<   Jul19   0:00 [events/5]
root        32  0.0  0.0      0     0 ?        S<   Jul19   0:00 [events/6]
root        33  0.0  0.0      0     0 ?        S<   Jul19   0:00 [events/7]
root        34  0.0  0.0      0     0 ?        S<   Jul19   0:00 [khelper]
root        67  0.0  0.0      0     0 ?        S<   Jul19   0:00 [kthread]
root        78  0.0  0.0      0     0 ?        S<   Jul19   0:05 [kblockd/0]
root        79  0.0  0.0      0     0 ?        S<   Jul19   0:04 [kblockd/1]
root        80  0.0  0.0      0     0 ?        S<   Jul19   0:09 [kblockd/2]
root        81  0.0  0.0      0     0 ?        S<   Jul19   0:03 [kblockd/3]
root        82  0.0  0.0      0     0 ?        S<   Jul19   0:15 [kblockd/4]
root        83  0.0  0.0      0     0 ?        S<   Jul19   0:06 [kblockd/5]
root        84  0.0  0.0      0     0 ?        S<   Jul19   0:07 [kblockd/6]
root        85  0.0  0.0      0     0 ?        S<   Jul19   0:04 [kblockd/7]
root        86  0.0  0.0      0     0 ?        S<   Jul19   0:00 [kacpid]
root       213  0.0  0.0      0     0 ?        S<   Jul19   0:00 [cqueue/0]
root       214  0.0  0.0      0     0 ?        S<   Jul19   0:00 [cqueue/1]
root       215  0.0  0.0      0     0 ?        S<   Jul19   0:00 [cqueue/2]
root       216  0.0  0.0      0     0 ?        S<   Jul19   0:00 [cqueue/3]
root       217  0.0  0.0      0     0 ?        S<   Jul19   0:00 [cqueue/4]
root       218  0.0  0.0      0     0 ?        S<   Jul19   0:00 [cqueue/5]
root       219  0.0  0.0      0     0 ?        S<   Jul19   0:00 [cqueue/6]
root       220  0.0  0.0      0     0 ?        S<   Jul19   0:00 [cqueue/7]
root       223  0.0  0.0      0     0 ?        S<   Jul19   0:00 [khubd]
root       225  0.0  0.0      0     0 ?        S<   Jul19   0:00 [kseriod]
root       323  0.0  0.0      0     0 ?        S    Jul19   0:00 [khungtaskd]
root       324  0.0  0.0      0     0 ?        S    Jul19   0:00 [pdflush]
root       325  0.0  0.0      0     0 ?        S    Jul19   8:26 [pdflush]
root       326  0.0  0.0      0     0 ?        S<   Jul19   0:00 [kswapd0]
root       327  0.0  0.0      0     0 ?        S<   Jul19   0:00 [aio/0]
root       328  0.0  0.0      0     0 ?        S<   Jul19   0:00 [aio/1]
root       329  0.0  0.0      0     0 ?        S<   Jul19   0:00 [aio/2]
root       330  0.0  0.0      0     0 ?        S<   Jul19   0:00 [aio/3]
root       331  0.0  0.0      0     0 ?        S<   Jul19   0:00 [aio/4]
root       332  0.0  0.0      0     0 ?        S<   Jul19   0:00 [aio/5]
root       333  0.0  0.0      0     0 ?        S<   Jul19   0:00 [aio/6]
root       334  0.0  0.0      0     0 ?        S<   Jul19   0:00 [aio/7]
root       500  0.0  0.0      0     0 ?        S<   Jul19   0:00 [kpsmoused]
root       637  0.0  0.0      0     0 ?        S<   Jul19   0:00 [mpt_poll_0]
root       638  0.0  0.0      0     0 ?        S<   Jul19   0:00 [mpt/0]
root       639  0.0  0.0      0     0 ?        S<   Jul19   0:00 [scsi_eh_0]
root       658  0.0  0.0      0     0 ?        S<   Jul19   0:00 [fc_sc_wq]
root       659  0.0  0.0      0     0 ?        S<   Jul19   0:00 [lpfc_worker_0]
root       660  0.0  0.0      0     0 ?        S<   Jul19   0:00 [scsi_eh_1]
root       661  0.0  0.0      0     0 ?        S<   Jul19   0:00 [scsi_wq_1]
root       662  0.0  0.0      0     0 ?        S<   Jul19   0:00 [fc_wq_1]
root       663  0.0  0.0      0     0 ?        S<   Jul19   0:00 [fc_dl_1]
root       664  0.0  0.0      0     0 ?        S<   Jul19   0:00 [lpfc_worker_1]
root       665  0.0  0.0      0     0 ?        S<   Jul19   0:00 [scsi_eh_2]
root       666  0.0  0.0      0     0 ?        S<   Jul19   0:00 [scsi_wq_2]
root       667  0.0  0.0      0     0 ?        S<   Jul19   0:00 [fc_wq_2]
root       668  0.0  0.0      0     0 ?        S<   Jul19   0:00 [fc_dl_2]
root       678  0.0  0.0      0     0 ?        S<   Jul19   0:00 [scsi_eh_3]
root       679  0.0  0.0      0     0 ?        S<   Jul19   7:29 [usb-storage]
root       699  0.0  0.0      0     0 ?        S<   Jul19   0:00 [kstriped]
root       736  0.0  0.0      0     0 ?        S<   Jul19  49:42 [kjournald]
root       761  0.0  0.0      0     0 ?        S<   Jul19   0:46 [kauditd]
orasrv     786  0.0  1.8 2324736 627472 ?      Ss   Sep09   0:08 oracleorcl1 (LOCAL=NO)
root       794  0.0  0.0   5600  2064 ?        S<s  Jul19   0:00 /sbin/udevd -d
orasrv     886  0.0  3.9 2324736 1309056 ?     Ss   Sep12   0:33 oracleorcl1 (LOCAL=NO)
root      1145  0.0  0.0  65328  3536 pts/1    S    16:16   0:00 su
root      1146  0.0  0.0  63024  3664 pts/1    S    16:16   0:00 bash
root      1357  0.0  0.0  65328  3536 pts/1    S    16:16   0:00 su ems
ems       1358  0.0  0.0  63504  3984 pts/1    S+   16:16   0:00 bash
orasrv    1746  0.0  1.3 2324672 443872 ?      Ss   Sep12   0:01 oracleorcl1 (LOCAL=NO)
orasrv    2076  0.0  1.6 2322304 565200 ?      Ss   Aug12   0:02 oracleorcl1 (LOCAL=NO)
orasrv    2207  0.0  0.5 2319232 183232 ?      Ss   Aug12   0:00 oracleorcl1 (LOCAL=NO)
orasrv    2518  0.0  1.1 2324816 385488 ?      Ss   Sep06   0:00 oracleorcl1 (LOCAL=NO)
root      2661  0.0  0.0      0     0 ?        S<   Jul19   0:00 [kmpathd/0]
root      2662  0.0  0.0      0     0 ?        S<   Jul19   0:00 [kmpathd/1]
root      2663  0.0  0.0      0     0 ?        S<   Jul19   0:00 [kmpathd/2]
root      2664  0.0  0.0      0     0 ?        S<   Jul19   0:00 [kmpathd/3]
root      2665  0.0  0.0      0     0 ?        S<   Jul19   0:00 [kmpathd/4]
root      2666  0.0  0.0      0     0 ?        S<   Jul19   0:00 [kmpathd/5]
root      2667  0.0  0.0      0     0 ?        S<   Jul19   0:00 [kmpathd/6]
root      2668  0.0  0.0      0     0 ?        S<   Jul19   0:00 [kmpathd/7]
root      2669  0.0  0.0      0     0 ?        S<   Jul19   0:00 [kmpath_handlerd]
root      2959  0.0  0.0      0     0 ?        S<   Jul19   6:19 [kjournald]
root      2961  0.0  0.0      0     0 ?        S<   Jul19   1:10 [kjournald]
root      2963  0.0  0.0      0     0 ?        S<   Jul19   1:34 [kjournald]
root      3155  0.0  0.0  84560 18624 ?        SLl  Jul19  12:58 /sbin/multipathd
root      3383  0.0  0.0      0     0 ?        S<   Jul19   0:00 [bond0]
root      3567  0.0  0.0      0     0 ?        S<   Jul19   0:00 [bond1]
orasrv    3665  0.0  1.5 2324800 512048 ?      Ss   Sep02   0:01 oracleorcl1 (LOCAL=NO)
root      3722  0.0  0.0  82272  2352 ?        S<sl Jul19   6:05 auditd
root      3724  0.0  0.0 146016  2128 ?        S<sl Jul19   2:45 /sbin/audispd
root      3752  0.0  0.0   4608  1584 ?        Ss   Jul19   7:49 syslogd -m 0
root      3755  0.0  0.0   4432  1120 ?        Ss   Jul19   0:03 klogd -x
root      3825  0.0  0.0      0     0 ?        S<   Jul19   0:00 [kondemand/0]
root      3826  0.0  0.0      0     0 ?        S<   Jul19   0:02 [kondemand/1]
root      3827  0.0  0.0      0     0 ?        S<   Jul19   0:00 [kondemand/2]
root      3828  0.0  0.0      0     0 ?        S<   Jul19   0:00 [kondemand/3]
root      3829  0.0  0.0      0     0 ?        S<   Jul19   0:00 [kondemand/4]
root      3830  0.0  0.0      0     0 ?        S<   Jul19   0:00 [kondemand/5]
root      3831  0.0  0.0      0     0 ?        S<   Jul19   0:00 [kondemand/6]
root      3832  0.0  0.0      0     0 ?        S<   Jul19   0:00 [kondemand/7]
root      3850  0.0  0.0   6016  1152 ?        Ss   Jul19   4:46 irqbalance
rpc       3861  0.0  0.0   4800  1424 ?        Ss   Jul19   0:00 portmap
root      3894  0.0  0.0      0     0 ?        S<   Jul19   0:00 [rpciod/0]
root      3895  0.0  0.0      0     0 ?        S<   Jul19   0:00 [rpciod/1]
root      3896  0.0  0.0      0     0 ?        S<   Jul19   0:00 [rpciod/2]
root      3897  0.0  0.0      0     0 ?        S<   Jul19   0:00 [rpciod/3]
root      3898  0.0  0.0      0     0 ?        S<   Jul19   0:00 [rpciod/4]
root      3899  0.0  0.0      0     0 ?        S<   Jul19   0:00 [rpciod/5]
root      3900  0.0  0.0      0     0 ?        S<   Jul19   0:00 [rpciod/6]
root      3901  0.0  0.0      0     0 ?        S<   Jul19   0:00 [rpciod/7]
root      3914  0.0  0.0   4976  1904 ?        Ss   Jul19   0:00 rpc.statd
root      3941  0.0  0.0  14272  2160 ?        Ss   Jul19   0:00 rpc.idmapd
dbus      3957  0.0  0.0   7136  2720 ?        Ss   Jul19   5:23 dbus-daemon --system
root      3972  0.0  0.0   5536  1936 ?        Ss   Jul19   0:00 /usr/sbin/hcid
root      3976  0.0  0.0   4592  1296 ?        Ss   Jul19   0:00 /usr/sbin/sdpd
root      4023  0.0  0.0      0     0 ?        S<   Jul19   0:00 [krfcommd]
root      4064  0.0  0.0  35792  2752 ?        Ssl  Jul19   0:41 pcscd
root      4074  0.0  0.0   4352  1360 ?        Ss   Jul19   0:00 /usr/sbin/acpid
68        4083  0.0  0.0  11888  7600 ?        Ss   Jul19   2:44 hald
root      4084  0.0  0.0   6944  2832 ?        S    Jul19   0:00 hald-runner
68        4092  0.0  0.0   4480  2032 ?        S    Jul19   0:00 hald-addon-acpi: listening on acpid socket /var/run/acpid.socket
68        4094  0.0  0.0   4480  2048 ?        S    Jul19   0:00 hald-addon-keyboard: listening on /dev/input/event3
68        4098  0.0  0.0   4480  2048 ?        S    Jul19   0:00 hald-addon-keyboard: listening on /dev/input/event2
68        4105  0.0  0.0   4480  2032 ?        S    Jul19   0:00 hald-addon-keyboard: listening on /dev/input/event0
root      4124  0.0  0.0   4256  1664 ?        S    Jul19   4:26 hald-addon-storage: polling /dev/scd0
root      4195  0.0  0.0   5472  1216 ?        Ss   Jul19   0:00 /usr/bin/hidd --server
root      4222  0.0  0.0 123104  3680 ?        Ssl  Jul19   0:44 automount
root      4491  0.0  0.0  11248  2128 ?        Ss   Jul19   0:00 ./hpiod
root      4496  0.0  0.0  82912 10464 ?        S    Jul19   0:01 python ./hpssd.py
root      4509  0.0  0.0  16512  3328 ?        Ss   Jul19   0:00 /usr/sbin/sshd
root      4518  0.0  0.0  76688  6560 ?        Ss   Jul19   0:00 cupsd
orasrv    4539  0.0  0.8 2324672 269744 ?      Ss   Sep06   0:00 oracleorcl1 (LOCAL=NO)
root      4551  0.0  0.0   7392  2304 ?        Ss   Jul19  11:35 xinetd -stayalive -pidfile /var/run/xinetd.pid
ntp       4568  0.0  0.0   9760  9456 ?        SLs  Jul19   0:05 ntpd -u ntp:ntp -p /var/run/ntpd.pid -g
root      4642  0.0  0.0  20608  4880 ?        Ss   Jul19   0:06 sendmail: accepting connections
smmsp     4673  0.0  0.0  18208  3872 ?        Ss   Jul19   0:00 sendmail: Queue runner@01:00:00 for /var/spool/clientmqueue
root      4683  0.0  0.0   4512  1232 ?        Ss   Jul19   0:00 gpm -m /dev/input/mice -t exps2
root      4692  0.0  0.0  64112  2384 ?        Ss   Jul19   0:00 crond
xfs       4725  0.0  0.0   8544  3568 ?        Ss   Jul19   0:00 xfs -droppriv -daemon
root      4742  0.0  0.0   6048  1376 ?        Ss   Jul19   0:00 /usr/sbin/atd
root      4754  0.0  0.0   3296   560 ?        S    Jul19   0:00 salinfo_decode_all
root      4755  0.0  0.0   4240  1424 ?        S    Jul19   0:00 salinfo_decode -t cmc -D /var/log/salinfo -i 90 -s 90 -l 10
root      4756  0.0  0.0   3504  1328 ?        S    Jul19   0:00 salinfo_decode -t cpe -D /var/log/salinfo -i 90 -s 90 -l 10
root      4757  0.0  0.0   3504  1328 ?        S    Jul19   0:00 salinfo_decode -t init -D /var/log/salinfo -i 90 -s 90 -l 16
root      4758  0.0  0.0   3504  1328 ?        S    Jul19   0:00 salinfo_decode -t mca -D /var/log/salinfo -i 90 -s 90 -l 4
avahi     4834  0.0  0.0   6112  3168 ?        Ss   Jul19   0:00 avahi-daemon: running [dshis-a.local]
avahi     4835  0.0  0.0   5984  1392 ?        Ss   Jul19   0:00 avahi-daemon: chroot helper
root      4912  0.0  0.0   8800  1296 ?        S    Jul19   0:00 /usr/sbin/smartd -q never
root      4917  0.0  0.0   3520  1232 tty1     Ss+  Jul19   0:00 /sbin/mingetty tty1
root      4918  0.0  0.0   3520  1232 tty2     Ss+  Jul19   0:00 /sbin/mingetty tty2
root      4919  0.0  0.0   3520  1232 tty3     Ss+  Jul19   0:00 /sbin/mingetty tty3
root      4920  0.0  0.0   3520  1232 tty4     Ss+  Jul19   0:00 /sbin/mingetty tty4
root      4922  0.0  0.0   3520  1232 tty5     Ss+  Jul19   0:00 /sbin/mingetty tty5
root      4924  0.0  0.0   3520  1232 tty6     Ss+  Jul19   0:00 /sbin/mingetty tty6
root      4926  0.0  0.0  88480  8736 ?        Ss   Jul19   0:00 /usr/sbin/gdm-binary -nodaemon
root      4928  0.0  0.0   7920  3264 ?        Ss   Jul19   0:00 /bin/su -l orasrv -c sh -c 'ulimit -c unlimited; cd /rdbm/orasrv/product/10.2.0/crs/log/dshis-a/evmd; exec /rdbm/orasrv/product/10.2.0/crs/bin/evmd '
root      4930  0.0  0.0   5552  2976 ?        Ss   Jul19  47:37 /bin/sh /etc/init.d/init.cssd fatal
orasrv    4943  0.0  0.1 2317568 46176 ?       Ss   16:41   0:00 oracleorcl1 (LOCAL=NO)
root      5291  0.0  0.0  90272  8432 ?        S    Jul19   0:00 /usr/sbin/gdm-binary -nodaemon
root      5293  0.0  0.0 102128 11968 ?        Sl   Jul19   0:00 /usr/libexec/gdm-rh-security-token-helper
root      5295  0.0  0.0  36736 21168 tty7     Ss+  Jul19   9:46 /usr/bin/Xorg :0 -br -audit 0 -auth /var/gdm/:0.Xauth -nolisten tcp vt7
root      5324  0.0  0.0 110816 23616 ?        SN   Jul19   0:02 /usr/bin/python -tt /usr/sbin/yum-updatesd
orasrv    5327  0.0  0.0 301728 26752 ?        Ssl  Jul29   6:47 /rdbm/orasrv/product/10.2.0/db/bin/racgimon startd orcl
root      5329  0.0  0.0   5472  2912 ?        SN   Jul19   0:05 /usr/libexec/gam_server
orasrv    5377  0.0  0.1 2317568 45888 ?       Ss   Sep11   0:00 oracleorcl1 (LOCAL=NO)
orasrv    5417  0.0  0.1 2318976 33840 ?       Ss   Jul29  16:52 ora_pmon_orcl1
orasrv    5419  0.0  0.1 2320496 38960 ?       Ss   Jul29   0:06 ora_diag_orcl1
orasrv    5421  0.0  0.0 2319088 32176 ?       Ss   Jul29   0:07 ora_psp0_orcl1
orasrv    5423  0.0  1.0 2324688 341616 ?      Ss   Jul29  21:20 ora_lmon_orcl1
orasrv    5425  0.1  1.1 2332416 377648 ?      Ss   Jul29 130:16 ora_lmd0_orcl1
orasrv    5446  0.2  5.3 2332528 1768336 ?     Ss   Jul29 146:45 ora_lms0_orcl1
orasrv    5456  0.1  5.3 2332544 1769232 ?     Ss   Jul29 110:10 ora_lms1_orcl1
orasrv    5466  0.0  3.2 2317440 1067456 ?     Ss   Jul29   0:39 ora_mman_orcl1
orasrv    5468  0.1  5.6 2386560 1897424 ?     Ss   Jul29 119:16 ora_dbw0_orcl1
orasrv    5470  0.0  0.3 2340720 106112 ?      Ss   Jul29  34:38 ora_lgwr_orcl1
orasrv    5472  0.0  0.7 2330656 257184 ?      Ss   Jul29   4:07 ora_ckpt_orcl1
orasrv    5475  0.0  6.0 2332560 2014752 ?     Ss   Jul29  22:04 ora_smon_orcl1
orasrv    5479  0.0  1.2 2322192 427216 ?      Ss   Jul29   0:01 ora_reco_orcl1
orasrv    5484  0.0  4.1 2322320 1384400 ?     Ss   Jul29  11:19 ora_cjq0_orcl1
orasrv    5486  0.0  3.0 2322464 1014448 ?     Ss   Jul29  10:13 ora_mmon_orcl1
orasrv    5488  0.0  0.8 2317456 289504 ?      Ss   Jul29   8:11 ora_mmnl_orcl1
orasrv    5558  0.0  1.9 2330736 657136 ?      Ss   Jul29  52:23 ora_lck0_orcl1
root      5561  0.0  0.0   5552  2944 ?        S<   Jul19   0:00 /bin/sh /etc/init.d/init.cssd daemon
orasrv    5568  0.4  2.8 2324800 942688 ?      Ss   16:41   0:02 oracleorcl1 (LOCAL=NO)
orasrv    5571  0.0  1.4 2319984 479952 ?      Ss   Jul29   3:16 ora_asmb_orcl1
orasrv    5573  0.0  0.0 343152 33216 ?        Ss   Jul29   0:05 oracle+ASM1 (DESCRIPTION=(LOCAL=YES)(ADDRESS=(PROTOCOL=beq)))
orasrv    5575  0.0  0.1 2321632 37120 ?       Ss   Jul29   0:00 ora_rbal_orcl1
orasrv    5593  0.0  0.0 348864 22288 ?        Ssl  Jul19   3:35 /rdbm/orasrv/product/10.2.0/crs/bin/evmd.bin
orasrv    5626 45.0  2.3 2326784 792944 ?      Ss   16:41   3:50 oracleorcl1 (LOCAL=NO)
root      5690  0.0  0.0   7920  3264 ?        S<   Jul19   0:00 /bin/su -l orasrv -c /bin/sh -c 'ulimit -c unlimited; cd /rdbm/orasrv/product/10.2.0/crs/log/dshis-a/cssd;  /rdbm/orasrv/product/10.2.0/crs/bin/ocssd  || exit $?'
orasrv    5692  0.0  0.0  62656  2784 ?        S<s  Jul19   0:00 /bin/sh -c ulimit -c unlimited; cd /rdbm/orasrv/product/10.2.0/crs/log/dshis-a/cssd;  /rdbm/orasrv/product/10.2.0/crs/bin/ocssd  || exit $?
orasrv    5705  0.0  0.1 2317568 44496 ?       Ss   Aug12   0:00 oracleorcl1 (LOCAL=NO)
orasrv    5724  0.0  0.0 290944 21344 ?        S<sl Jul19  44:36 /rdbm/orasrv/product/10.2.0/crs/bin/ocssd.bin
orasrv    5958  0.0  0.0  56640 15904 ?        S    Jul19   0:19 /rdbm/orasrv/product/10.2.0/crs/bin/evmlogger.bin -o /rdbm/orasrv/product/10.2.0/crs/evm/log/evmlogger.info -l /rdbm/orasrv/product/10.2.0/crs/evm/log/evmlogger.log
orasrv    5992  0.0  0.6 2324800 214816 ?      Ss   Sep06   0:00 oracleorcl1 (LOCAL=NO)
orasrv    6212  0.1  2.3 2326784 775792 ?      Ss   Sep11   3:47 oracleorcl1 (LOCAL=NO)
orasrv    6292  0.0  0.0   6896  1072 ?        Ss   Jul19   0:00 /rdbm/orasrv/product/10.2.0/crs/opmn/bin/ons -d
orasrv    6293  0.0  0.0 111312  4656 ?        Sl   Jul19   0:02 /rdbm/orasrv/product/10.2.0/crs/opmn/bin/ons -d
orasrv    6457  0.0  0.4 2324672 155856 ?      Ss   Aug12   0:00 oracleorcl1 (LOCAL=NO)
orasrv    6631  0.0  0.0 344416 32016 ?        Ss   Jul19   3:37 asm_pmon_+ASM1
orasrv    6633  0.0  0.0 346208 33024 ?        Ss   Jul19   0:07 asm_diag_+ASM1
orasrv    6635  0.0  0.0 343168 29376 ?        Ss   Jul19   0:00 asm_psp0_+ASM1
orasrv    6640  0.0  0.1 347232 38960 ?        Ss   Jul19   0:13 asm_lmon_+ASM1
orasrv    6642  0.0  0.1 358016 50064 ?        Ss   Jul19   0:10 asm_lmd0_+ASM1
orasrv    6645  0.0  0.1 358016 51440 ?        Ss   Jul19   0:12 asm_lms0_+ASM1
orasrv    6663  0.0  0.0 343168 29568 ?        Ss   Jul19   0:00 asm_mman_+ASM1
orasrv    6665  0.0  0.1 347936 41728 ?        Ss   Jul19   0:01 asm_dbw0_+ASM1
orasrv    6674  0.0  0.1 344816 36688 ?        Ss   Jul19   0:01 asm_lgwr_+ASM1
orasrv    6676  0.0  0.0 343168 32464 ?        Ss   Jul19   0:05 asm_ckpt_+ASM1
orasrv    6678  0.0  0.0 343168 30176 ?        Ss   Jul19   0:12 asm_smon_+ASM1
orasrv    6680  0.0  0.1 344816 35552 ?        Ss   Jul19   0:01 asm_rbal_+ASM1
orasrv    6682  0.0  0.1 348368 37360 ?        Ss   Jul19   0:08 asm_gmon_+ASM1
orasrv    6718  0.0  0.1 345696 35600 ?        Ss   Jul19   0:28 asm_lck0_+ASM1
orasrv    7021  0.0  0.0 241328 16752 ?        Ssl  Jul19   0:17 /rdbm/orasrv/product/10.2.0/db/bin/racgimon daemon ora.dshis-a.ASM1.asm
orasrv    7110  0.0  0.0 343296 32432 ?        Ss   Jul19   0:00 asm_o000_+ASM1
orasrv    7563  0.0  1.0 2324672 344544 ?      Ss   Sep12   0:01 oracleorcl1 (LOCAL=NO)
orasrv    7893  0.0  0.1 2317568 41552 ?       Ss   Aug15   0:00 oracleorcl1 (LOCAL=NO)
orasrv    7950  0.0  0.8 2324800 278832 ?      Ss   Sep07   0:00 oracleorcl1 (LOCAL=NO)
orasrv    7977  0.0  1.0 2324800 363456 ?      Ss   14:50   0:00 oracleorcl1 (LOCAL=NO)
root      8725  0.0  0.0  20400  7312 ?        Ss   Aug19   0:00 sshd: ems [priv] 
ems       8729  0.0  0.0  20400  4832 ?        S    Aug19   0:00 sshd: ems@pts/2  
ems       8730  0.0  0.0  63520  3872 pts/2    Ss+  Aug19   0:00 -bash
root      9512  0.0  0.1 727008 34704 ?        Ssl  Sep07   3:41 /rdbm/orasrv/product/10.2.0/crs/bin/crsd.bin restart
orasrv    9875  0.0  0.6 2324672 205888 ?      Ss   Sep10   0:00 oracleorcl1 (LOCAL=NO)
orasrv   10191  0.0  1.5 2322448 508272 ?      Ss   Sep02   0:01 oracleorcl1 (LOCAL=NO)
orasrv   10986  0.0  1.4 2324672 492656 ?      Ss   Sep12   0:01 oracleorcl1 (LOCAL=NO)
orasrv   12635  0.0  2.8 2324800 959360 ?      Ss   Sep06   0:02 oracleorcl1 (LOCAL=NO)
orasrv   12647  0.0  0.9 2324672 302544 ?      Ss   Sep11   0:00 oracleorcl1 (LOCAL=NO)
orasrv   13060  0.1  4.2 2322304 1426624 ?     Ss   Sep06  12:28 oracleorcl1 (LOCAL=NO)
orasrv   13087  0.0  3.8 2324672 1268160 ?     Ss   Sep06   0:30 oracleorcl1 (LOCAL=NO)
orasrv   13121  0.0  3.9 2328960 1303184 ?     Ss   Sep09   1:16 oracleorcl1 (LOCAL=NO)
orasrv   13425  0.0  0.1 2317424 38256 ?       Ss   16:47   0:00 ora_pz99_orcl1
orasrv   14460  0.0  0.9 2320368 302416 ?      Ss   Sep11   0:00 oracleorcl1 (LOCAL=NO)
orasrv   14856  0.0  0.8 2324672 288544 ?      Ss   Sep04   0:00 oracleorcl1 (LOCAL=NO)
orasrv   14969  0.0  1.9 2324800 645984 ?      Ss   Sep11   0:06 oracleorcl1 (LOCAL=NO)
orasrv   15012  0.0  0.6 2324672 226736 ?      Ss   Sep12   0:00 oracleorcl1 (LOCAL=NO)
orasrv   15204  0.0  1.4 2324800 490560 ?      Ss   Sep05   0:00 oracleorcl1 (LOCAL=NO)
orasrv   15347  0.0  2.3 2324800 771072 ?      Ss   Sep10   1:32 oracleorcl1 (LOCAL=NO)
orasrv   15530  0.0  0.4 2324672 163072 ?      Ss   Aug12   0:00 oracleorcl1 (LOCAL=NO)
orasrv   15963  0.2  0.6 2324672 207584 ?      Ss   16:49   0:00 oracleorcl1 (LOCAL=NO)
orasrv   16001  0.0  2.6 2324800 880144 ?      Ss   Sep12   0:14 oracleorcl1 (LOCAL=NO)
orasrv   16354  0.0  1.2 2324672 410608 ?      Ss   Sep11   0:01 oracleorcl1 (LOCAL=NO)
orasrv   16952  0.0  1.8 2324672 600848 ?      Ss   Sep11   0:10 oracleorcl1 (LOCAL=NO)
ems      16996  0.0  0.0  66112  3680 ?        S    16:50   0:00 crond
ems      16997  0.0  0.0   5248  2560 ?        Ss   16:50   0:00 /bin/sh -c /df8003/home/nms/collection.sh >/dev/null
ems      16998  0.0  0.0   5312  2656 ?        S    16:50   0:00 /bin/sh /df8003/home/nms/collection.sh
root     17158  0.0  0.0   3456  1056 ?        S    16:50   0:00 /bin/sleep 1
ems      17160  0.0  0.0   4464  2048 ?        R    16:50   0:00 ps aux
orasrv   17820  0.0  0.6 2324672 229536 ?      Ss   Aug26   0:00 oracleorcl1 (LOCAL=NO)
root     18414  0.0  0.0  20400  7360 ?        Ss   16:05   0:00 sshd: root@pts/1 
orasrv   18585  0.0  1.8 2324672 616816 ?      Ss   Sep11   0:04 oracleorcl1 (LOCAL=NO)
root     18617  0.0  0.0  63088  3664 pts/1    Ss   16:05   0:00 -bash
orasrv   18661  0.0  0.5 2324672 170816 ?      Ss   Sep11   0:00 oracleorcl1 (LOCAL=NO)
orasrv   18834  0.0  3.5 2326784 1192304 ?     Ss   Sep11   0:55 oracleorcl1 (LOCAL=NO)
orasrv   19383  0.0  1.5 2322448 521616 ?      Ss   Jul29  11:59 oracleorcl1 (DESCRIPTION=(LOCAL=YES)(ADDRESS=(PROTOCOL=beq)))
orasrv   19388  0.0  0.1 2317568 36784 ?       Ss   Jul29   3:40 oracleorcl1 (DESCRIPTION=(LOCAL=YES)(ADDRESS=(PROTOCOL=beq)))
orasrv   19393  0.0  0.1 2320384 51616 ?       Ss   Jul29   0:00 oracleorcl1 (DESCRIPTION=(LOCAL=YES)(ADDRESS=(PROTOCOL=beq)))
orasrv   19523  0.0  0.1 2317568 58512 ?       Ss   Aug15   0:00 oracleorcl1 (LOCAL=NO)
orasrv   19631  0.0  1.0 2324800 349664 ?      Ss   Sep06   0:00 oracleorcl1 (LOCAL=NO)
orasrv   19723  0.0  0.9 2324672 321136 ?      Ss   16:29   0:00 oracleorcl1 (LOCAL=NO)
orasrv   20443  0.4  5.1 2324864 1724224 ?     Ss   Sep12   8:51 oracleorcl1 (LOCAL=NO)
orasrv   20569  0.0  0.8 2324800 272464 ?      Ss   Sep01   0:00 oracleorcl1 (LOCAL=NO)
orasrv   20739  0.0  0.6 2324672 201856 ?      Ss   Aug30   0:00 oracleorcl1 (LOCAL=NO)
orasrv   20756  0.0  0.1 2317568 45984 ?       Ss   16:29   0:00 oracleorcl1 (LOCAL=NO)
orasrv   21087  3.2  2.0 2324672 692176 ?      Ss   16:30   0:38 oracleorcl1 (LOCAL=NO)
orasrv   21786  0.0  1.5 2324672 528704 ?      Ss   Sep12   0:05 oracleorcl1 (LOCAL=NO)
orasrv   22083  0.0  0.0  72800 14176 ?        Ssl  Jul29  16:36 /rdbm/orasrv/product/10.2.0/db/bin/tnslsnr LISTENER_DSHIS-A -inherit
orasrv   22177  0.0  0.6 2324672 210608 ?      Ss   Sep12   0:00 oracleorcl1 (LOCAL=NO)
orasrv   22371  0.0  0.6 2324672 210432 ?      Ss   Aug27   0:00 oracleorcl1 (LOCAL=NO)
orasrv   22532  0.0  0.5 2317568 175088 ?      Ss   Sep11   0:00 oracleorcl1 (LOCAL=NO)
orasrv   22824  0.0  0.8 2324672 269344 ?      Ss   Sep04   0:00 oracleorcl1 (LOCAL=NO)
orasrv   22863  0.0  2.7 2324352 924384 ?      Ss   Sep12   0:15 oracleorcl1 (LOCAL=NO)
orasrv   22865  0.0  3.3 2324800 1128288 ?     Ss   Sep12   0:37 oracleorcl1 (LOCAL=NO)
orasrv   23291  0.0  1.5 2339072 526960 ?      Ss   Sep11   0:07 oracleorcl1 (LOCAL=NO)
orasrv   23767  0.0  4.7 2328832 1574848 ?     Ss   Sep10   1:21 oracleorcl1 (LOCAL=NO)
orasrv   24173  0.0  3.4 2332928 1136048 ?     Ss   Sep09   1:11 oracleorcl1 (LOCAL=NO)
orasrv   24621  0.0  1.0 2324800 343344 ?      Ss   Sep10   0:00 oracleorcl1 (LOCAL=NO)
orasrv   24703  1.3  5.8 2324368 1944912 ?     Ss   Sep09  79:03 oracleorcl1 (LOCAL=NO)
orasrv   25196  0.0  0.1 2322800 52032 ?       Ss   Jul29   0:01 ora_qmnc_orcl1
orasrv   25243  0.0  2.0 2324800 694384 ?      Ss   Sep10   0:03 oracleorcl1 (LOCAL=NO)
orasrv   25452  0.0  0.1 2322288 60672 ?       Ss   Jul29   0:00 ora_q000_orcl1
orasrv   25554  0.0  0.0 2317424 31824 ?       Ss   Jul29   0:27 ora_q001_orcl1
ems      26022  0.0  0.0 105824 19184 ?        Ss   Jul24   0:00 /usr/bin/gnome-session
ems      26079  0.0  0.0      0     0 ?        Z    Jul24   0:00 [Xsession] <defunct>
ems      26082  0.0  0.0  15200  2064 ?        Ss   Jul24   0:00 /usr/bin/ssh-agent /bin/sh -c exec -l /bin/bash -c "/usr/bin/dbus-launch --exit-with-session /etc/X11/xinit/Xclients"
ems      26174  0.0  0.0   5968  1760 ?        S    Jul24   0:00 /usr/bin/dbus-launch --exit-with-session /etc/X11/xinit/Xclients
ems      26200  0.0  0.0   7136  2512 ?        Ss   Jul24   0:00 /bin/dbus-daemon --fork --print-pid 4 --print-address 6 --session
ems      26206  0.0  0.0  68672  7600 ?        S    Jul24   0:02 /usr/libexec/gconfd-2 5
ems      26234  0.0  0.0   5376  2000 ?        S    Jul24   0:00 /usr/bin/gnome-keyring-daemon
ems      26236  0.0  0.0 117616 21200 ?        Sl   Jul24   0:18 /usr/libexec/gnome-settings-daemon
ems      26256  0.0  0.0 112480 22624 ?        Ss   Jul24   0:16 metacity --sm-client-id=default1
ems      26260  0.0  0.1 183776 33312 ?        Ss   Jul24   0:09 gnome-panel --sm-client-id default2
ems      26262  0.0  0.1 303584 42784 ?        Ss   Jul24   0:10 nautilus --no-default-window --sm-client-id default3
ems      26265  0.0  0.0 104240 13440 ?        Ss   Jul24   0:00 gnome-volume-manager --sm-client-id default5
ems      26267  0.0  0.0 129296 21744 ?        Ss   Jul24   0:00 eggcups --sm-client-id default4
ems      26271  0.0  0.0 177568  7776 ?        Ssl  Jul24   0:00 /usr/libexec/bonobo-activation-server --ac-activate --ior-output-fd=16
ems      26273  0.0  0.0  79952  9744 ?        S    Jul24   0:00 /usr/libexec/gnome-vfs-daemon
ems      26281  0.0  0.0  85168 12784 ?        Ss   Jul24   0:00 bt-applet --sm-disable
ems      26286  0.0  0.0 196016 28000 ?        Ss   Jul24   0:01 nm-applet --sm-disable
ems      26290  0.0  0.1 141568 50864 ?        Ss   Jul24   0:02 /usr/bin/python -tt /usr/bin/puplet
ems      26303  0.0  0.0  87056 12112 ?        Ss   Jul24   3:25 pam-panel-icon --sm-client-id default0
root     26313  0.0  0.0   5040  1648 ?        S    Jul24   0:00 /sbin/pam_timestamp_check -d root
ems      26324  0.0  0.0  28688  7104 ?        Sl   Jul24   0:00 ./escd --key_Inserted="/usr/bin/esc" --on_Signal="/usr/bin/esc"
ems      26336  0.0  0.0  80208 14864 ?        Ss   Jul24   0:00 /usr/lib/scim-1.0/scim-launcher -d -c simple -e all -f socket --no-stay
ems      26338  0.0  0.0 156928 18016 ?        Ss   Jul24   3:34 gnome-power-manager
root     26340  0.0  0.0  14336  8304 ?        S    Jul24   0:00 /usr/sbin/nm-system-settings --config /etc/NetworkManager/nm-system-settings.conf
ems      26346  0.0  0.0   5600  2976 ?        S    Jul24   0:05 /usr/libexec/gam_server
ems      26348  0.0  0.0 181248 29232 ?        S    Jul24   0:00 /usr/libexec/wnck-applet --oaf-activate-iid=OAFIID:GNOME_Wncklet_Factory --oaf-ior-fd=19
ems      26350  0.0  0.0 263312 22960 ?        S    Jul24   0:00 /usr/libexec/trashapplet --oaf-activate-iid=OAFIID:GNOME_Panel_TrashApplet_Factory --oaf-ior-fd=23
ems      26425  0.0  0.0  66672  2432 ?        Ss   Jul24   0:00 /usr/lib/scim-1.0/scim-helper-manager
ems      26426  0.0  0.0 122384 15408 ?        Ssl  Jul24   0:00 /usr/lib/scim-1.0/scim-panel-gtk --display :0.0 -c socket -d --no-stay
ems      26428  0.0  0.0  69248  2448 ?        Ss   Jul24   0:01 /usr/lib/scim-1.0/scim-launcher -d -c socket -e socket -f x11
ems      26488  0.0  0.0 139104 28336 ?        S    Jul24   0:37 /usr/libexec/clock-applet --oaf-activate-iid=OAFIID:GNOME_ClockApplet_Factory --oaf-ior-fd=22
ems      26490  0.0  0.0 105520 20496 ?        S    Jul24   0:00 /usr/libexec/notification-area-applet --oaf-activate-iid=OAFIID:GNOME_NotificationAreaApplet_Factory --oaf-ior-fd=31
ems      26492  0.0  0.0 183168 30240 ?        S    Jul24   0:00 /usr/libexec/mixer_applet2 --oaf-activate-iid=OAFIID:GNOME_MixerApplet_Factory --oaf-ior-fd=26
orasrv   26683  0.0  0.7 2324672 237504 ?      Ss   Sep12   0:00 oracleorcl1 (LOCAL=NO)
orasrv   26819  0.0  0.6 2324672 230496 ?      Ss   Aug30   0:00 oracleorcl1 (LOCAL=NO)
orasrv   27076  0.0  1.4 2324672 478208 ?      Ss   Sep05   0:00 oracleorcl1 (LOCAL=NO)
ems      27082  0.0  0.0  90688 11216 ?        Ss   Jul24   0:01 gnome-screensaver
orasrv   27118  0.0  0.6 2324672 227536 ?      Ss   Sep10   0:00 oracleorcl1 (LOCAL=NO)
orasrv   27465  0.0  1.0 2320256 345536 ?      Ss   Sep03   0:00 oracleorcl1 (LOCAL=NO)
orasrv   27665  0.0  3.1 2324736 1045104 ?     Ss   Sep11   0:11 oracleorcl1 (LOCAL=NO)
orasrv   28075  0.0  2.8 2328896 937520 ?      Ss   Sep11   1:05 oracleorcl1 (LOCAL=NO)
orasrv   28225  0.0  0.1 2317568 33552 ?       Ss   Sep09   0:00 ora_o000_orcl1
ems      28239  0.0  0.0  66608  3168 ?        S    Jul24   2:40 scim-bridge
orasrv   28418  0.0  0.7 2324672 265344 ?      Ss   Sep10   0:00 oracleorcl1 (LOCAL=NO)
orasrv   28729  0.0  0.7 2324672 251648 ?      Ss   Sep11   0:00 oracleorcl1 (LOCAL=NO)
orasrv   28915  0.1  4.5 2341248 1530688 ?     Ss   Sep11   3:46 oracleorcl1 (LOCAL=NO)
orasrv   29695  0.0  0.1 2317568 42208 ?       Ss   Aug13   0:00 oracleorcl1 (LOCAL=NO)
orasrv   29749  0.0  0.9 2320240 310288 ?      Ss   Aug13   0:00 oracleorcl1 (LOCAL=NO)
orasrv   30158  0.0  0.6 2324672 207536 ?      Ss   Aug30   0:00 oracleorcl1 (LOCAL=NO)
orasrv   30447  0.0  1.4 2324816 478912 ?      Ss   Sep11   0:01 oracleorcl1 (LOCAL=NO)
orasrv   30635  0.0  2.4 2324672 828480 ?      Ss   Sep10   0:02 oracleorcl1 (LOCAL=NO)
orasrv   30993  0.0  5.1 2322304 1723008 ?     Ss   Sep06   9:53 oracleorcl1 (LOCAL=NO)
orasrv   30995  0.0  3.9 2324672 1305168 ?     Ss   Sep06   1:24 oracleorcl1 (LOCAL=NO)
orasrv   31033  0.0  1.2 2324800 403488 ?      Ss   Sep08   0:00 oracleorcl1 (LOCAL=NO)
orasrv   31320  0.0  0.5 2324800 186880 ?      Ss   Sep09   0:00 oracleorcl1 (LOCAL=NO)
orasrv   32209  0.0  2.9 2324736 981024 ?      Ss   Sep12   0:48 oracleorcl1 (LOCAL=NO)
orasrv   32280  0.0  0.9 2324800 305408 ?      Ss   Sep08   0:00 oracleorcl1 (LOCAL=NO)
orasrv   32700  0.0  0.4 2324672 158432 ?      Ss   Aug29   0:00 oracleorcl1 (LOCAL=NO)
cmdbegin:mac
1: lo: <LOOPBACK,UP,LOWER_UP> mtu 16436 qdisc noqueue 
    link/loopback 00:00:00:00:00:00 brd 00:00:00:00:00:00
    inet 127.0.0.1/8 scope host lo
    inet6 ::1/128 scope host 
       valid_lft forever preferred_lft forever
2: eth0: <BROADCAST,MULTICAST,SLAVE,UP,LOWER_UP> mtu 1500 qdisc pfifo_fast master bond0 qlen 1000
    link/ether 00:23:7d:3d:3c:49 brd ff:ff:ff:ff:ff:ff
3: eth1: <BROADCAST,MULTICAST,SLAVE,UP,LOWER_UP> mtu 1500 qdisc pfifo_fast master bond0 qlen 1000
    link/ether 00:23:7d:3d:3c:49 brd ff:ff:ff:ff:ff:ff
4: eth2: <NO-CARRIER,BROADCAST,MULTICAST,SLAVE,UP> mtu 1500 qdisc pfifo_fast master bond1 qlen 1000
    link/ether 00:24:81:77:c0:6b brd ff:ff:ff:ff:ff:ff
5: eth3: <BROADCAST,MULTICAST,SLAVE,UP,LOWER_UP> mtu 1500 qdisc pfifo_fast master bond1 qlen 1000
    link/ether 00:24:81:77:c0:6b brd ff:ff:ff:ff:ff:ff
6: sit0: <NOARP> mtu 1480 qdisc noop 
    link/sit 0.0.0.0 brd 0.0.0.0
7: bond0: <BROADCAST,MULTICAST,MASTER,UP,LOWER_UP> mtu 1500 qdisc noqueue 
    link/ether 00:23:7d:3d:3c:49 brd ff:ff:ff:ff:ff:ff
    inet 192.168.1.1/24 brd 192.168.1.255 scope global bond0
    inet 192.168.1.101/24 brd 192.168.1.255 scope global secondary bond0:1
    inet6 fe80::223:7dff:fe3d:3c49/64 scope link 
       valid_lft forever preferred_lft forever
8: bond1: <BROADCAST,MULTICAST,MASTER,UP,LOWER_UP> mtu 1500 qdisc noqueue 
    link/ether 00:24:81:77:c0:6b brd ff:ff:ff:ff:ff:ff
    inet 10.10.10.1/24 brd 10.10.10.255 scope global bond1
    inet6 fe80::224:81ff:fe77:c06b/64 scope link 
       valid_lft forever preferred_lft forever
cmdbegin:interface
Linux 2.6.18-194.el5 (dshis-a) 	09/13/13 	_ia64_	(8 CPU)

16:50:07        IFACE   rxpck/s   txpck/s    rxkB/s    txkB/s   rxcmp/s   txcmp/s  rxmcst/s
16:50:08           lo      3.00      3.00     32.11     32.11      0.00      0.00      0.00
16:50:08         eth0    168.00     20.00    156.73      5.86      0.00      0.00      0.00
16:50:08         eth1    147.00      0.00    150.47      0.00      0.00      0.00      0.00
16:50:08         eth2      0.00      0.00      0.00      0.00      0.00      0.00      0.00
16:50:08         eth3      6.00      7.00      1.09      1.98      0.00      0.00      0.00
16:50:08         sit0      0.00      0.00      0.00      0.00      0.00      0.00      0.00
16:50:08        bond0    315.00     20.00    307.20      5.86      0.00      0.00      0.00
16:50:08        bond1      6.00      7.00      1.09      1.98      0.00      0.00      0.00

16:50:08        IFACE   rxpck/s   txpck/s    rxkB/s    txkB/s   rxcmp/s   txcmp/s  rxmcst/s
16:50:09           lo      1.00      1.00      0.03      0.03      0.00      0.00      0.00
16:50:09         eth0     51.95      0.00     39.73      0.00      0.00      0.00      0.00
16:50:09         eth1     51.95      0.00     39.73      0.00      0.00      0.00      0.00
16:50:09         eth2      0.00      0.00      0.00      0.00      0.00      0.00      0.00
16:50:09         eth3      4.00      5.00      0.60      1.53      0.00      0.00      0.00
16:50:09         sit0      0.00      0.00      0.00      0.00      0.00      0.00      0.00
16:50:09        bond0    103.90      0.00     79.46      0.00      0.00      0.00      0.00
16:50:09        bond1      4.00      5.00      0.60      1.53      0.00      0.00      0.00

16:50:09        IFACE   rxpck/s   txpck/s    rxkB/s    txkB/s   rxcmp/s   txcmp/s  rxmcst/s
16:50:10           lo      2.00      2.00      0.06      0.06      0.00      0.00      0.00
16:50:10         eth0    175.82      0.00    191.22      0.00      0.00      0.00      0.00
16:50:10         eth1    175.82      0.00    191.22      0.00      0.00      0.00      0.00
16:50:10         eth2      0.00      0.00      0.00      0.00      0.00      0.00      0.00
16:50:10         eth3     12.99      8.99      8.52      3.28      0.00      0.00      0.00
16:50:10         sit0      0.00      0.00      0.00      0.00      0.00      0.00      0.00
16:50:10        bond0    351.65      0.00    382.44      0.00      0.00      0.00      0.00
16:50:10        bond1     12.99      8.99      8.52      3.28      0.00      0.00      0.00

Average:        IFACE   rxpck/s   txpck/s    rxkB/s    txkB/s   rxcmp/s   txcmp/s  rxmcst/s
Average:           lo      2.00      2.00     10.73     10.73      0.00      0.00      0.00
Average:         eth0    131.91      6.66    129.22      1.95      0.00      0.00      0.00
Average:         eth1    124.92      0.00    127.13      0.00      0.00      0.00      0.00
Average:         eth2      0.00      0.00      0.00      0.00      0.00      0.00      0.00
Average:         eth3      7.66      7.00      3.40      2.26      0.00      0.00      0.00
Average:         sit0      0.00      0.00      0.00      0.00      0.00      0.00      0.00
Average:        bond0    256.83      6.66    256.35      1.95      0.00      0.00      0.00
Average:        bond1      7.66      7.00      3.40      2.26      0.00      0.00      0.00
cmdbegin:uname
Linux dshis-a
cmdbegin:usergroup
root:x:0:root
bin:x:1:root,bin,daemon
daemon:x:2:root,bin,daemon
sys:x:3:root,bin,adm
adm:x:4:root,adm,daemon
tty:x:5:
disk:x:6:root
lp:x:7:daemon,lp
mem:x:8:
kmem:x:9:
wheel:x:10:root
mail:x:12:mail
news:x:13:news
uucp:x:14:uucp
man:x:15:
games:x:20:
gopher:x:30:
dip:x:40:
ftp:x:50:
lock:x:54:
nobody:x:99:
users:x:100:
audio:x:63:gdm
nscd:x:28:
floppy:x:19:
vcsa:x:69:
utmp:x:22:
rpc:x:32:
mailnull:x:47:
smmsp:x:51:
pcap:x:77:
utempter:x:35:
slocate:x:21:
dbus:x:81:
avahi:x:70:
rpcuser:x:29:
nfsnobody:x:4294967294:
sshd:x:74:
haldaemon:x:68:
avahi-autoipd:x:101:
ntp:x:38:
oprofile:x:16:
xfs:x:43:
gdm:x:42:
sabayon:x:86:
stapdev:x:102:
stapusr:x:103:
screen:x:84:
ems:x:500:
oinstall:x:1002:orasrv
dba:x:1001:orasrv
orasrv:x:501:
oracle:x:502:
dfdz:x:503:ems
cmdbegin:user
root:x:0:0:root:/root:/bin/bash
bin:x:1:1:bin:/bin:/sbin/nologin
daemon:x:2:2:daemon:/sbin:/sbin/nologin
adm:x:3:4:adm:/var/adm:/sbin/nologin
lp:x:4:7:lp:/var/spool/lpd:/sbin/nologin
sync:x:5:0:sync:/sbin:/bin/sync
shutdown:x:6:0:shutdown:/sbin:/sbin/shutdown
halt:x:7:0:halt:/sbin:/sbin/halt
mail:x:8:12:mail:/var/spool/mail:/sbin/nologin
news:x:9:13:news:/etc/news:
uucp:x:10:14:uucp:/var/spool/uucp:/sbin/nologin
operator:x:11:0:operator:/root:/sbin/nologin
games:x:12:100:games:/usr/games:/sbin/nologin
gopher:x:13:30:gopher:/var/gopher:/sbin/nologin
ftp:x:14:50:FTP User:/var/ftp:/sbin/nologin
nobody:x:99:99:Nobody:/:/sbin/nologin
nscd:x:28:28:NSCD Daemon:/:/sbin/nologin
vcsa:x:69:69:virtual console memory owner:/dev:/sbin/nologin
rpc:x:32:32:Portmapper RPC user:/:/sbin/nologin
mailnull:x:47:47::/var/spool/mqueue:/sbin/nologin
smmsp:x:51:51::/var/spool/mqueue:/sbin/nologin
pcap:x:77:77::/var/arpwatch:/sbin/nologin
dbus:x:81:81:System message bus:/:/sbin/nologin
avahi:x:70:70:Avahi daemon:/:/sbin/nologin
rpcuser:x:29:29:RPC Service User:/var/lib/nfs:/sbin/nologin
nfsnobody:x:4294967294:4294967294:Anonymous NFS User:/var/lib/nfs:/sbin/nologin
sshd:x:74:74:Privilege-separated SSH:/var/empty/sshd:/sbin/nologin
haldaemon:x:68:68:HAL daemon:/:/sbin/nologin
avahi-autoipd:x:100:101:avahi-autoipd:/var/lib/avahi-autoipd:/sbin/nologin
ntp:x:38:38::/etc/ntp:/sbin/nologin
oprofile:x:16:16:Special user account to be used by OProfile:/home/oprofile:/sbin/nologin
xfs:x:43:43:X Font Server:/etc/X11/fs:/sbin/nologin
gdm:x:42:42::/var/gdm:/sbin/nologin
sabayon:x:86:86:Sabayon user:/home/sabayon:/sbin/nologin
orasrv:x:501:1002:orasrv:/rdbm/orasrv:/bin/bash
oracle:x:500:502:oracle:/home/oracle:/bin/bash
ems:x:115:503:ems:/df8003/home:/bin/bash
cmdbegin:date
Fri Sep 13 16:50:10 CST 2013
cmdbegin:uptime
 16:50:10 up 55 days, 20:29,  3 users,  load average: 12.33, 8.76, 6.73
cmdbegin:end
