cmdbegin:disk
Filesystem           1024-blocks        Used   Available Capacity  Mounted on
root_domain#root         4194304      133179     4055168     4%    /
/proc                          0           0           0   100%    /proc
usr_domain#usr          41943040     2351343    39425056     6%    /usr
usr_domain#var          41943040      134337    39425056     1%    /var
df8003_domain#df8003    71132000    29867891    41232880    43%    /df8003
cmdbegin:proc
USER            PID %CPU %MEM   VSZ  RSS TTY      S    STARTED         TIME COMMAND
root         303141 50.6  3.6  239M 147M ??       S N    Aug 10 15-09:19:28 scn_slmd
ems          415034 21.0  5.1  355M 207M ??       S N    Sep 11    06:26:46 SCADA_Server -mode r
ems          303131  7.2  9.8  631M 399M ??       S N    Aug 10  2-01:54:35 PDR_Server
root              0  5.8  6.1 5.05G 251M ??       R <    Dec 11  8-05:04:02 [kernel idle]
root         420121  2.7  3.1  333M 125M ??       R N    Aug 12    21:11:31 code_saver 10
root         302967  2.6  0.0 21.7M 2.0M ??       S <    Aug 10    19:57:56 /df8003/bin/applogd
ems          303126  2.1  2.1  385M  87M ??       S N    Aug 10    13:08:13 comServer -ref
root         303013  1.2  1.3 74.8M  53M ??       R <    Aug 10    10:09:49 /df8003/bin/sysmd
root         331721  0.9  2.3  381M  94M ??       S N    Aug 26    55:42.59 ssrd
ems          415079  0.4  3.3  325M 136M ??       S N    Sep 11    37:38.23 SCADA_Save
root         303138  0.1  1.7 95.3M  69M ??       S N    Aug 10    01:32:21 netmond -s 3600
ems            1360  0.1  0.0 12.9M 1.7M ??       S      Dec 11    10:14:00 /usr/dt/bin/dtterm -session dtdhUZVZ -ls
ems          348164  0.1  0.3 40.0M  14M ??       S N    Aug 26    54:21.60 hisWrite
ems          303142  0.0  0.1 30.2M 4.6M ??       S N    Aug 10     0:00.19 hisStat
ems          303140  0.0  0.1 30.8M 4.8M ??       I N    Aug 10     2:39.93 hisBak
ems          303144  0.0  1.8  329M  72M ??       S N    Aug 10     0:05.27 hisDel
ems          303147  0.0  2.8  391M 114M ??       S N    Aug 10    59:01.10 dbrealsync Master
ems          303148  0.0  1.7  313M  71M ??       I N    Aug 10     0:00.77 Recalc
ems           48022  0.0  0.0 6.35M  64K pts/8    I  + 14:48:40     0:00.03 rlogin esapp-b
ems           48028  0.0  0.0 6.35M 744K pts/8    I  + 14:48:39     0:00.04 rlogin esapp-b
root          54357  0.0  0.0 2.68M 216K ??       S    16:55:00     0:00.00 sh -c /home/nms/collection.sh >/dev/null
root          54365  0.0  0.2 11.8M 7.8M ??       R    16:55:00     0:00.04 ps aux
root          54285  0.0  0.0 2.68M 224K ??       S    16:55:00     0:00.00 /home/nms/collection.sh
ems          303137  0.0  3.1  343M 126M ??       S N    Aug 10    04:49:37 HoloSave
ems          303135  0.0  3.6  335M 148M ??       S N    Aug 10    35:09.09 udb
ems          303132  0.0 18.8 1.02G 769M ??       S N    Aug 10     0:04.36 RECUR_Server
ems          303125  0.0  1.8  321M  73M ??       S N    Aug 10     0:08.26 SSM_Server -dts
root         303032  0.0  0.0 21.2M 1.6M ??       S <    Aug 10    40:01.36 /df8003/bin/netmd
ems          303038  0.0  1.8  123M  74M ??       S N    Aug 10     0:08.68 limit
ems          303098  0.0  2.7  339M 111M ??       S N    Aug 10     1:35.49 alm_save -mode r
root         303116  0.0  1.7 87.6M  69M ??       I N    Aug 10     0:00.27 proc_watchd
ems          303117  0.0  2.3  335M  93M ??       S N    Aug 10     8:17.50 SCADA_Server -mode s1
root         303118  0.0  1.7 88.1M  69M ??       S N    Aug 10     0:20.15 /df8003/bin/procmd
ems          303121  0.0  0.2 41.0M 6.9M ??       S N    Aug 10    31:57.05 almd_server
root         303025  0.0  0.1 23.2M 3.5M ??       I N    Aug 10     0:00.28 /df8003/bin/dbmd
ems          415100  0.0  1.8  321M  72M ??       S N    Sep 11     0:00.76 CTRL_Server -mode r
root          18262  0.0  0.0 2.62M 360K pts/9    I  + 10:42:59     0:00.03 telnet 192.168.108.12
ems            1384  0.0  0.0 2.94M   0K pts/7    IW +   Dec 11     0:00.05 -ksh (ksh)
ems            1376  0.0  0.0 2.94M 136K pts/6    I  +   Dec 11     0:00.05 -ksh (ksh)
ems            1373  0.0  0.0 2.94M   0K pts/5    IW +   Dec 11     0:00.05 -ksh (ksh)
ems            1367  0.0  0.0 2.94M   0K pts/4    IW +   Dec 11     0:00.05 -ksh (ksh)
ems            1363  0.0  0.0 2.94M   0K pts/3    IW +   Dec 11     0:00.05 -ksh (ksh)
ems            1362  0.0  0.0 2.94M   0K pts/2    IW +   Dec 11     0:00.05 -ksh (ksh)
ems            1361  0.0  0.0 2.94M   0K pts/1    IW +   Dec 11     0:00.05 -ksh (ksh)
root          33826  0.0  0.0 2.48M 320K ??       I    10:06:52     0:00.07 rlogind
ems            1359  0.0  0.0 11.7M   0K ??       IW     Dec 11     0:00.10 /usr/dt/bin/dtterm -session dtkeffHR -ls
root           1358  0.0  0.0 8.03M 640K ??       I      Dec 11     0:03.47 /usr/bin/X11/dxconsole
ems           33861  0.0  0.0 2.90M 480K pts/8    I    10:06:52     0:00.07 -ksh (ksh)
root          34872  0.0  0.0 2.61M 384K ??       I    10:28:25     0:00.04 telnetd
root          35029  0.0  0.0 2.68M 224K pts/9    I  + 10:28:25     0:00.02 -sh (sh)
ems            1357  0.0  0.0 13.7M 1.9M ??       S      Dec 11    27:04.74 dtwm
ems            1313  0.0  0.0 11.4M   0K ??       IW     Dec 11     0:00.12 /usr/dt/bin/dtsession
root           1158  0.0  0.0 8.03M 480K ??       S      Dec 11     1:43.23 sendmail: accept -bd -q15m -om
root           1113  0.0  0.0  584K   0K console  IW +   Dec 11     0:00.01 /usr/sbin/getty console console vt100
root           1111  0.0  0.1 17.1M 3.7M ??       S      Dec 11     1:49.56 /usr/sbin/smsd -d
root           1110  0.0  0.0 5.35M   0K ??       IW     Dec 11     0:00.01 dtlogin <:0> -daemon
root           1108  0.0  0.2 31.2M 6.3M ??       S      Dec 11     6:04.64 /usr/bin/X11/X :0 -screen0 1280x1024 -vsync0 60 -auth /var/dt/authdir/authfiles/A:0-JsgGls
root           1082  0.0  0.2 14.0M 6.3M ??       S      Dec 11     0:19.22 /usr/opt/java131/bin/../bin/alpha/native_threads/java -classic -mx2m -Dos.version=boot authentication.server.AuthenticationServer
root           1024  0.0  0.0 5.37M 232K ??       I      Dec 11     7:12.49 /usr/dt/bin/dtlogin -daemon
root           1008  0.0  0.0 2.20M   0K ??       IW     Dec 11     0:00.01 /usr/sbin/utxd
root            989  0.0  0.0 3.20M   0K ??       IW     Dec 11     0:00.00 /usr/lbin/lpd
root            979  0.0  0.0 4.36M 848K ??       S      Dec 11     0:23.11 /usr/sbin/sysman_hmmod
root            962  0.0  0.0 3.94M 224K ??       S      Dec 11     0:07.88 /usr/sbin/cron
root            951  0.0  0.0 2.42M  80K ??       I      Dec 11     0:02.77 -child (inetd)
root            950  0.0  0.0 2.34M   0K ??       IW     Dec 11     0:00.00 /usr/sbin/inetd
root            940  0.0  0.0 4.36M 632K ??       S      Dec 11     0:24.29 /usr/sbin/config_hmmod
root            937  0.0  0.0 5.81M 752K ??       S <    Dec 11     0:07.93 /usr/sbin/advfsd
root            894  0.0  0.0 6.73M 544K ??       S      Dec 11    01:18:25 /usr/sbin/envmond -ui cli
root            885  0.0  0.1 8.80M 2.5M ??       S      Dec 11     0:10.68 /usr/sbin/insightd
root            866  0.0  0.0 3.06M 160K ??       S      Dec 11     0:06.70 /usr/sbin/cpqthresh_mib
root            757  0.0  0.0 4.48M 312K ??       I <    Dec 11     0:00.23 /usr/sbin/pmgrd
root            756  0.0  0.0 4.09M 168K ??       I      Dec 11     0:41.82 /usr/sbin/os_mibs
root            751  0.0  0.0 5.00M 992K ??       S      Dec 11     0:36.38 /usr/sbin/cpq_mibs
root            747  0.0  0.0 3.20M 152K ??       S      Dec 11     0:01.90 /usr/sbin/svrSystem_mib
root            746  0.0  0.0 3.12M 152K ??       S      Dec 11     0:05.95 /usr/sbin/svrMgt_mib
root            733  0.0  0.0 2.59M 160K ??       S      Dec 11     0:14.03 /usr/sbin/snmpd
root            698  0.0  0.0 3.39M 224K ??       S      Dec 11     0:45.48 /usr/sbin/xntpd -g -c /etc/ntp.conf
root            512  0.0  0.0 2.28M  96K ??       I      Dec 11     0:00.23 /usr/sbin/nfsiod 7
root            509  0.0  0.0 2.80M  96K ??       I      Dec 11     0:00.29 /usr/sbin/portmap
root            402  0.0  0.0 4.01M 160K ??       I      Dec 11     0:05.50 /usr/sbin/binlogd
root            398  0.0  0.0 2.95M 200K ??       S      Dec 11     0:03.50 /usr/sbin/syslogd -e
root            352  0.0  0.0 2.83M 128K ??       I      Dec 11     0:02.83 /usr/sbin/niffd
root            225  0.0  0.0 2.87M 192K ??       I      Dec 11     0:04.22 /usr/sbin/evmchmgr -l /var/evm/adm/logfiles/evmchmgr.log
root            224  0.0  0.0 3.34M 296K ??       I      Dec 11     0:18.92 /usr/sbin/evmlogger -o /var/run/evmlogger.info -l /var/evm/adm/logfiles/evmlogger.log
root            187  0.0  0.0 3.98M 664K ??       I      Dec 11     1:06.73 /usr/sbin/evmd
root             60  0.0  0.0 2.16M 112K ??       S      Dec 11     0:00.93 /sbin/update
root             49  0.0  0.0 2.94M   0K ??       IW     Dec 11     0:00.01 /usr/sbin/esmd
root              5  0.0  0.0 3.12M 360K ??       S      Dec 11     0:01.97 /sbin/hotswapd
root              3  0.0  0.0 1.71M 696K ??       I      Dec 11     0:01.34 /sbin/kloadsrv
root              1  0.0  0.0  616K  48K ??       IL     Dec 11     0:22.98 /sbin/init -a
ems            1325  0.0  0.0 14.6M 1.2M ??       I      Dec 11     0:00.29 /usr/bin/X11/dxhanziim -xrm *fontList: -dt-interface system-medium-r-normal-m-*-*-*-*-*-*-*-*:
ems          518611  0.0  1.7  105M  71M ??       S N  20:55:08     0:02.66 rdbmon
ems            1348  0.0  0.0 7.15M   0K ??       IW     Dec 11     0:00.02 /usr/dt/bin/ttsession -s
root           1349  0.0  0.0 7.31M   0K ??       IW     Dec 11     0:00.04 rpc.ttdbserverd
cmdbegin:vmstat
Virtual Memory Statistics: (pagesize = 8192)
  procs      memory        pages                            intr       cpu
  r   w   u  act free wire fault  cow zero react  pin pout  in  sy  cs us sy id
  4 247  40 428K  29K  49K    6G 206M 309M  316K   1G  68K  1K 19K 14K 32  6 62
cmdbegin:vm -P

Total Physical Memory =  4096.00 M
                      =   524288 pages

Physical Memory Clusters:

start_pfn     end_pfn        type  size_pages / size_bytes
         0         910         pal         910 /    7.11M
       910      524279          os      523369 / 4088.82M
    524279      524288         pal           9 /   72.00k

Physical Memory Use:

 start_pfn     end_pfn        type  size_pages / size_bytes
       910        1057    scavenge         147 /    1.15M
      1057        1946        text         889 /    6.95M
      1946        2120        data         174 /    1.36M
      2120        2354         bss         234 /    1.83M
      2354        2571      kdebug         217 /    1.70M
      2571        2578     cfgmgmt           7 /   56.00k
      2578        2580       locks           2 /   16.00k
      2580        2594        pmap          14 /  112.00k
      2594        4524   unixtable        1930 /   15.08M
      4524        4620        logs          96 /  768.00k
      4620       16773    vmtables       12153 /   94.95M
     16773      524279     managed      507506 / 3964.89M
                             ============================
         Total Physical Memory Use:     523369 / 4088.82M

Managed Pages Break Down:

       free pages = 29629
     active pages = 240478
   inactive pages = 127033
      wired pages = 49366
        ubc pages = 61147
        ==================
            Total = 507653

WIRED Pages Break Down:

   vm wired pages = 16275
  ubc wired pages = 0
  meta data pages = 15650
     malloc pages = 11283
     contig pages = 3778
    user ptepages = 1844
  kernel ptepages = 529
    free ptepages = 7
        ==================
            Total = 49366

cmdbegin:uname
OSF1 esfe-c
cmdbegin:date
Fri Sep 13 16:55:00 CST 2013
cmdbegin:uptime
16:55  up 275 days, 23:50,  10 users,  load average: 1.97, 1.85, 1.78
cmdbegin:ifconfig
bcm0: flags=4000c63<UP,BROADCAST,NOTRAILERS,RUNNING,MULTICAST,SIMPLEX,RESERVED>
     NetRAIN Virtual Interface: nr1 
     NetRAIN Attached Interfaces: ( bcm0 ee0 ) Active Interface: ( bcm0 )

bcm1: flags=c63<UP,BROADCAST,NOTRAILERS,RUNNING,MULTICAST,SIMPLEX>
     inet 192.168.106.30 netmask ffffff00 broadcast 192.168.106.255 ipmtu 1500 

bcm2: flags=c63<UP,BROADCAST,NOTRAILERS,RUNNING,MULTICAST,SIMPLEX>
     inet 192.168.206.30 netmask ffffff00 broadcast 192.168.206.255 ipmtu 1500 

ee0: flags=4000c63<UP,BROADCAST,NOTRAILERS,RUNNING,MULTICAST,SIMPLEX,RESERVED>
     NetRAIN Virtual Interface: nr1 
     NetRAIN Attached Interfaces: ( bcm0 ee0 ) Active Interface: ( bcm0 )

lo0: flags=100c89<UP,LOOPBACK,NOARP,MULTICAST,SIMPLEX,NOCHECKSUM>
     inet 127.0.0.1 netmask ff000000 ipmtu 4096 

nr1: flags=c63<UP,BROADCAST,NOTRAILERS,RUNNING,MULTICAST,SIMPLEX>
     NetRAIN Attached Interfaces: ( bcm0 ee0 ) Active Interface: ( bcm0 )
     inet 192.168.108.23 netmask ffffff00 broadcast 192.168.108.255 ipmtu 1500 

sl0: flags=10<POINTOPOINT>

tun0: flags=80<NOARP>

tun1: flags=80<NOARP>

cmdbegin:netstat
Name  Mtu   Network        Address               Ipkts Ierrs    Opkts Oerrs  Coll
bcm0  1500  <Link>         02:16:35:3e:ab:bc      6234     0     1147     0     0
bcm0  1500  DLI            none                   6234     0     1147     0     0
bcm1  1500  <Link>         00:1f:29:32:d5:6f  8454062517     0 7400282504     0     0
bcm1  1500  DLI            none               8454062517     0 7400282504     0     0
bcm1  1500  192.168.106/24 192.168.106.30     8454062517     0 7400282504     0     0
bcm2  1500  <Link>         00:1f:29:32:c6:a9  68847240     0  6200207     0     0
bcm2  1500  DLI            none               68847240     0  6200207     0     0
bcm2  1500  192.168.206/24 192.168.206.30     68847240     0  6200207     0     0
ee0   1500  <Link>         00:02:a5:20:51:42  5897869852     1      828     0     0
ee0   1500  DLI            none               5897869852     1      828     0     0
lo0   4096  <Link>         Link#6             4743622920     0 4743622920     0     0
lo0   4096  127/8          127.0.0.1          4743622920     0 4743622920     0     0
nr1   1500  <Link>         02:16:35:3e:ab:bc  8384463642     0 2534997049     0     0
nr1   1500  192.168.108/24 192.168.108.23     8384463642     0 2534997049     0     0
nr1   1500  DLI            none               8384463642     0 2534997049     0     0
sl0*  296   <Link>         Link#5                    0     0        0     0     0
tun0* 1280  <Link>         Link#7                    0     0        0     0     0
tun1* 1280  <Link>         Link#8                    0     0        0     0     0
cmdbegin:end
cmdbegin:memoryend
root:FQaL5HjD282Ps:0:1:system PRIVILEGED account:/:/bin/sh
nobody:*Nologin:65534:65534:anonymous NFS user:/:
nobodyV:*Nologin:60001:60001:anonymous SystemV.4 NFS user:/:
daemon:*:1:1:system background account:/:
bin:*:3:4:system librarian account:/bin:
uucp:Nologin:4:2:UNIX-to-UNIX Copy:/usr/spool/uucppublic:/usr/lib/uucp/uucico
uucpa:Nologin:4:2:uucp adminstrative account:/usr/lib/uucp:
auth:*:6:11:Authentication Subsystem:/tcb/bin:
cron:*:7:14:Cron Subsystem:/usr/adm/cron:
lp:*:8:12:Line Printer Subsystem:/users/lp:
tcb:*:9:18:Trusted Computing Base:/tcb:
adm:*:10:19:Administration Subsystem:/usr/adm:
ris:Nologin:11:21:Remote Installation Services Account:/usr/adm/ris:/bin/sh
wnn:Nologin:12:1:Wnn Japanese Input Method System Account:/tmp:/bin/sh
pop:*:13:6:POP Mail Service Account:/:
imap:*:14:6:IMAP Mail Service Account:/:
smmsp:Nologin:200:200::/usr/users/smmsp:/bin/sh
ems:2EKf6vXSxpxw6:115:202::/df8003/home:/usr/bin/ksh
oracle:maR6m.wQ1Y2o.:201:201::/usr/local/oracle:/usr/bin/ksh
cmdbegin:user
