cmdbegin:version
Linux version 2.6.18-194.el5 (mockbuild@x86-005.build.bos.redhat.com) (gcc version 4.1.2 20080704 (Red Hat 4.1.2-48)) #1 SMP Tue Mar 16 21:52:39 EDT 2010
cmdbegin:cpuconfig
processor	: 0
model name	: Intel(R) Xeon(R) CPU           E5620  @ 2.40GHz
cpu MHz		: 2400.148
cache size	: 12288 KB
processor	: 1
model name	: Intel(R) Xeon(R) CPU           E5620  @ 2.40GHz
cpu MHz		: 2400.148
cache size	: 12288 KB
processor	: 2
model name	: Intel(R) Xeon(R) CPU           E5620  @ 2.40GHz
cpu MHz		: 2400.148
cache size	: 12288 KB
processor	: 3
model name	: Intel(R) Xeon(R) CPU           E5620  @ 2.40GHz
cpu MHz		: 2400.148
cache size	: 12288 KB
processor	: 4
model name	: Intel(R) Xeon(R) CPU           E5620  @ 2.40GHz
cpu MHz		: 2400.148
cache size	: 12288 KB
processor	: 5
model name	: Intel(R) Xeon(R) CPU           E5620  @ 2.40GHz
cpu MHz		: 2400.148
cache size	: 12288 KB
processor	: 6
model name	: Intel(R) Xeon(R) CPU           E5620  @ 2.40GHz
cpu MHz		: 2400.148
cache size	: 12288 KB
processor	: 7
model name	: Intel(R) Xeon(R) CPU           E5620  @ 2.40GHz
cpu MHz		: 2400.148
cache size	: 12288 KB
processor	: 8
model name	: Intel(R) Xeon(R) CPU           E5620  @ 2.40GHz
cpu MHz		: 2400.148
cache size	: 12288 KB
processor	: 9
model name	: Intel(R) Xeon(R) CPU           E5620  @ 2.40GHz
cpu MHz		: 2400.148
cache size	: 12288 KB
processor	: 10
model name	: Intel(R) Xeon(R) CPU           E5620  @ 2.40GHz
cpu MHz		: 2400.148
cache size	: 12288 KB
processor	: 11
model name	: Intel(R) Xeon(R) CPU           E5620  @ 2.40GHz
cpu MHz		: 2400.148
cache size	: 12288 KB
processor	: 12
model name	: Intel(R) Xeon(R) CPU           E5620  @ 2.40GHz
cpu MHz		: 2400.148
cache size	: 12288 KB
processor	: 13
model name	: Intel(R) Xeon(R) CPU           E5620  @ 2.40GHz
cpu MHz		: 2400.148
cache size	: 12288 KB
processor	: 14
model name	: Intel(R) Xeon(R) CPU           E5620  @ 2.40GHz
cpu MHz		: 2400.148
cache size	: 12288 KB
processor	: 15
model name	: Intel(R) Xeon(R) CPU           E5620  @ 2.40GHz
cpu MHz		: 2400.148
cache size	: 12288 KB
cmdbegin:disk
Filesystem           1K-blocks      Used Available Use% Mounted on
/dev/cciss/c0d0p1     20315812   1677532  17589640   9% /
/dev/cciss/c0d0p5     57578808  40962552  13644236  76% /df8003
/dev/cciss/c0d0p2     40631988   7194496  31340208  19% /usr
tmpfs                  4080312         0   4080312   0% /dev/shm
cmdbegin:diskperf
Linux 2.6.18-194.el5 (dwdd7) 	09/13/13

16:50:01          DEV       tps  rd_sec/s  wr_sec/s  avgrq-sz  avgqu-sz     await     svctm     %util
16:50:02     dev104-0     17.00      0.00    488.00     28.71      0.15     10.59      5.88     10.00
16:50:02     dev104-1     17.00      0.00    488.00     28.71      0.15     10.59      5.88     10.00
16:50:02     dev104-2      0.00      0.00      0.00      0.00      0.00      0.00      0.00      0.00
16:50:02     dev104-3      0.00      0.00      0.00      0.00      0.00      0.00      0.00      0.00
16:50:02     dev104-4      0.00      0.00      0.00      0.00      0.00      0.00      0.00      0.00
16:50:02     dev104-5      0.00      0.00      0.00      0.00      0.00      0.00      0.00      0.00

16:50:02          DEV       tps  rd_sec/s  wr_sec/s  avgrq-sz  avgqu-sz     await     svctm     %util
16:50:03     dev104-0      1.00      0.00      8.00      8.00      0.01     13.00     13.00      1.30
16:50:03     dev104-1      0.00      0.00      0.00      0.00      0.00      0.00      0.00      0.00
16:50:03     dev104-2      0.00      0.00      0.00      0.00      0.00      0.00      0.00      0.00
16:50:03     dev104-3      0.00      0.00      0.00      0.00      0.00      0.00      0.00      0.00
16:50:03     dev104-4      0.00      0.00      0.00      0.00      0.00      0.00      0.00      0.00
16:50:03     dev104-5      1.00      0.00      8.00      8.00      0.01     13.00     13.00      1.30

16:50:03          DEV       tps  rd_sec/s  wr_sec/s  avgrq-sz  avgqu-sz     await     svctm     %util
16:50:04     dev104-0      0.00      0.00      0.00      0.00      0.00      0.00      0.00      0.00
16:50:04     dev104-1      0.00      0.00      0.00      0.00      0.00      0.00      0.00      0.00
16:50:04     dev104-2      0.00      0.00      0.00      0.00      0.00      0.00      0.00      0.00
16:50:04     dev104-3      0.00      0.00      0.00      0.00      0.00      0.00      0.00      0.00
16:50:04     dev104-4      0.00      0.00      0.00      0.00      0.00      0.00      0.00      0.00
16:50:04     dev104-5      0.00      0.00      0.00      0.00      0.00      0.00      0.00      0.00

Average:          DEV       tps  rd_sec/s  wr_sec/s  avgrq-sz  avgqu-sz     await     svctm     %util
Average:     dev104-0      6.00      0.00    165.33     27.56      0.06     10.72      6.28      3.77
Average:     dev104-1      5.67      0.00    162.67     28.71      0.05     10.59      5.88      3.33
Average:     dev104-2      0.00      0.00      0.00      0.00      0.00      0.00      0.00      0.00
Average:     dev104-3      0.00      0.00      0.00      0.00      0.00      0.00      0.00      0.00
Average:     dev104-4      0.00      0.00      0.00      0.00      0.00      0.00      0.00      0.00
Average:     dev104-5      0.33      0.00      2.67      8.00      0.00     13.00     13.00      0.43
cmdbegin:cpu
Linux 2.6.18-194.el5 (dwdd7) 	09/13/13

16:50:04          CPU     %user     %nice   %system   %iowait    %steal     %idle
16:50:05          all      0.12      0.12      0.19      0.37      0.00     99.19
16:50:06          all      0.06      0.06      0.06      0.12      0.00     99.69
16:50:07          all      0.31      0.25      0.12      0.06      0.00     99.25
Average:          all      0.17      0.15      0.12      0.19      0.00     99.38
cmdbegin:memory
             total       used       free     shared    buffers     cached
Mem:       8160624    7997308     163316          0     603784    4420836
-/+ buffers/cache:    2972688    5187936
Swap:     20972848     410052   20562796
cmdbegin:process
USER       PID %CPU %MEM    VSZ   RSS TTY      STAT START   TIME COMMAND
root         1  0.0  0.0  10348   504 ?        Ss    2011   0:30 init [5]                             
root         2  0.0  0.0      0     0 ?        S<    2011   0:10 [migration/0]
root         3  0.0  0.0      0     0 ?        SN    2011   0:00 [ksoftirqd/0]
root         4  0.0  0.0      0     0 ?        S<    2011   0:00 [watchdog/0]
root         5  0.0  0.0      0     0 ?        S<    2011   0:07 [migration/1]
root         6  0.0  0.0      0     0 ?        SN    2011   1:55 [ksoftirqd/1]
root         7  0.0  0.0      0     0 ?        S<    2011   0:00 [watchdog/1]
root         8  0.0  0.0      0     0 ?        S<    2011   0:01 [migration/2]
root         9  0.0  0.0      0     0 ?        SN    2011   1:42 [ksoftirqd/2]
root        10  0.0  0.0      0     0 ?        S<    2011   0:00 [watchdog/2]
root        11  0.0  0.0      0     0 ?        S<    2011   0:00 [migration/3]
root        12  0.0  0.0      0     0 ?        SN    2011   0:00 [ksoftirqd/3]
root        13  0.0  0.0      0     0 ?        S<    2011   0:00 [watchdog/3]
root        14  0.0  0.0      0     0 ?        S<    2011   0:00 [migration/4]
root        15  0.0  0.0      0     0 ?        SN    2011   0:00 [ksoftirqd/4]
root        16  0.0  0.0      0     0 ?        S<    2011   0:00 [watchdog/4]
root        17  0.0  0.0      0     0 ?        S<    2011   0:01 [migration/5]
root        18  0.0  0.0      0     0 ?        SN    2011   1:55 [ksoftirqd/5]
root        19  0.0  0.0      0     0 ?        S<    2011   0:00 [watchdog/5]
root        20  0.0  0.0      0     0 ?        S<    2011   0:00 [migration/6]
root        21  0.0  0.0      0     0 ?        SN    2011   0:01 [ksoftirqd/6]
root        22  0.0  0.0      0     0 ?        S<    2011   0:00 [watchdog/6]
root        23  0.0  0.0      0     0 ?        S<    2011   0:05 [migration/7]
root        24  0.0  0.0      0     0 ?        SN    2011   1:54 [ksoftirqd/7]
root        25  0.0  0.0      0     0 ?        S<    2011   0:00 [watchdog/7]
root        26  0.0  0.0      0     0 ?        S<    2011   0:00 [migration/8]
root        27  0.0  0.0      0     0 ?        SN    2011   0:00 [ksoftirqd/8]
root        28  0.0  0.0      0     0 ?        S<    2011   0:00 [watchdog/8]
root        29  0.0  0.0      0     0 ?        S<    2011   0:11 [migration/9]
root        30  0.0  0.0      0     0 ?        SN    2011   1:32 [ksoftirqd/9]
root        31  0.0  0.0      0     0 ?        S<    2011   0:00 [watchdog/9]
root        32  0.0  0.0      0     0 ?        S<    2011   0:11 [migration/10]
root        33  0.0  0.0      0     0 ?        SN    2011   1:41 [ksoftirqd/10]
root        34  0.0  0.0      0     0 ?        S<    2011   0:00 [watchdog/10]
root        35  0.0  0.0      0     0 ?        S<    2011   0:03 [migration/11]
root        36  0.0  0.0      0     0 ?        SN    2011   0:03 [ksoftirqd/11]
root        37  0.0  0.0      0     0 ?        S<    2011   0:00 [watchdog/11]
root        38  0.0  0.0      0     0 ?        S<    2011   0:01 [migration/12]
root        39  0.0  0.0      0     0 ?        SN    2011   0:00 [ksoftirqd/12]
root        40  0.0  0.0      0     0 ?        S<    2011   0:00 [watchdog/12]
root        41  0.0  0.0      0     0 ?        S<    2011   0:09 [migration/13]
root        42  0.0  0.0      0     0 ?        SN    2011   1:44 [ksoftirqd/13]
root        43  0.0  0.0      0     0 ?        S<    2011   0:00 [watchdog/13]
root        44  0.0  0.0      0     0 ?        S<    2011   0:01 [migration/14]
root        45  0.0  0.0      0     0 ?        SN    2011   0:01 [ksoftirqd/14]
root        46  0.0  0.0      0     0 ?        S<    2011   0:00 [watchdog/14]
root        47  0.0  0.0      0     0 ?        S<    2011   0:02 [migration/15]
root        48  0.0  0.0      0     0 ?        SN    2011   1:49 [ksoftirqd/15]
root        49  0.0  0.0      0     0 ?        S<    2011   0:00 [watchdog/15]
root        50  0.0  0.0      0     0 ?        S<    2011   0:00 [events/0]
root        51  0.0  0.0      0     0 ?        S<    2011  46:10 [events/1]
root        52  0.0  0.0      0     0 ?        S<    2011  32:29 [events/2]
root        53  0.0  0.0      0     0 ?        S<    2011   1:29 [events/3]
root        54  0.0  0.0      0     0 ?        S<    2011   1:08 [events/4]
root        55  0.0  0.0      0     0 ?        S<    2011  28:22 [events/5]
root        56  0.0  0.0      0     0 ?        S<    2011   0:27 [events/6]
root        57  0.0  0.0      0     0 ?        S<    2011  23:26 [events/7]
root        58  0.0  0.0      0     0 ?        S<    2011   0:00 [events/8]
root        59  0.0  0.0      0     0 ?        S<    2011   0:00 [events/9]
root        60  0.0  0.0      0     0 ?        S<    2011   0:00 [events/10]
root        61  0.0  0.0      0     0 ?        S<    2011   0:00 [events/11]
root        62  0.0  0.0      0     0 ?        S<    2011   0:00 [events/12]
root        63  0.0  0.0      0     0 ?        S<    2011   0:00 [events/13]
root        64  0.0  0.0      0     0 ?        S<    2011   0:00 [events/14]
root        65  0.0  0.0      0     0 ?        S<    2011   0:00 [events/15]
root        66  0.0  0.0      0     0 ?        S<    2011   0:00 [khelper]
root       141  0.0  0.0      0     0 ?        S<    2011   0:00 [kthread]
root       161  0.0  0.0      0     0 ?        S<    2011   0:00 [kblockd/0]
root       162  0.0  0.0      0     0 ?        S<    2011   0:06 [kblockd/1]
root       163  0.0  0.0      0     0 ?        S<    2011   0:05 [kblockd/2]
root       164  0.0  0.0      0     0 ?        S<    2011   0:00 [kblockd/3]
root       165  0.0  0.0      0     0 ?        S<    2011   0:00 [kblockd/4]
root       166  0.0  0.0      0     0 ?        S<    2011   0:05 [kblockd/5]
root       167  0.0  0.0      0     0 ?        S<    2011   0:00 [kblockd/6]
root       168  0.0  0.0      0     0 ?        S<    2011   0:03 [kblockd/7]
root       169  0.0  0.0      0     0 ?        S<    2011   0:00 [kblockd/8]
root       170  0.0  0.0      0     0 ?        S<    2011   0:00 [kblockd/9]
root       171  0.0  0.0      0     0 ?        S<    2011   0:00 [kblockd/10]
root       172  0.0  0.0      0     0 ?        S<    2011   0:00 [kblockd/11]
root       173  0.0  0.0      0     0 ?        S<    2011   0:00 [kblockd/12]
root       174  0.0  0.0      0     0 ?        S<    2011   0:00 [kblockd/13]
root       175  0.0  0.0      0     0 ?        S<    2011   0:00 [kblockd/14]
root       176  0.0  0.0      0     0 ?        S<    2011   0:00 [kblockd/15]
root       177  0.0  0.0      0     0 ?        S<    2011   0:00 [kacpid]
root       329  0.0  0.0      0     0 ?        S<    2011   0:00 [cqueue/0]
root       330  0.0  0.0      0     0 ?        S<    2011   0:00 [cqueue/1]
root       331  0.0  0.0      0     0 ?        S<    2011   0:00 [cqueue/2]
root       332  0.0  0.0      0     0 ?        S<    2011   0:00 [cqueue/3]
root       333  0.0  0.0      0     0 ?        S<    2011   0:00 [cqueue/4]
root       334  0.0  0.0      0     0 ?        S<    2011   0:00 [cqueue/5]
root       335  0.0  0.0      0     0 ?        S<    2011   0:00 [cqueue/6]
root       336  0.0  0.0      0     0 ?        S<    2011   0:00 [cqueue/7]
root       337  0.0  0.0      0     0 ?        S<    2011   0:00 [cqueue/8]
root       338  0.0  0.0      0     0 ?        S<    2011   0:00 [cqueue/9]
root       339  0.0  0.0      0     0 ?        S<    2011   0:00 [cqueue/10]
root       340  0.0  0.0      0     0 ?        S<    2011   0:00 [cqueue/11]
root       341  0.0  0.0      0     0 ?        S<    2011   0:00 [cqueue/12]
root       342  0.0  0.0      0     0 ?        S<    2011   0:00 [cqueue/13]
root       343  0.0  0.0      0     0 ?        S<    2011   0:00 [cqueue/14]
root       344  0.0  0.0      0     0 ?        S<    2011   0:00 [cqueue/15]
root       347  0.0  0.0      0     0 ?        S<    2011   0:00 [khubd]
root       349  0.0  0.0      0     0 ?        S<    2011   0:00 [kseriod]
root       538  0.0  0.0      0     0 ?        S     2011   0:00 [khungtaskd]
root       541  0.0  0.0      0     0 ?        S<    2011   1:33 [kswapd0]
root       542  0.0  0.0      0     0 ?        S<    2011   1:04 [kswapd1]
root       543  0.0  0.0      0     0 ?        S<    2011   0:00 [aio/0]
root       544  0.0  0.0      0     0 ?        S<    2011   0:00 [aio/1]
root       545  0.0  0.0      0     0 ?        S<    2011   0:00 [aio/2]
root       546  0.0  0.0      0     0 ?        S<    2011   0:00 [aio/3]
root       547  0.0  0.0      0     0 ?        S<    2011   0:00 [aio/4]
root       548  0.0  0.0      0     0 ?        S<    2011   0:00 [aio/5]
root       549  0.0  0.0      0     0 ?        S<    2011   0:00 [aio/6]
root       550  0.0  0.0      0     0 ?        S<    2011   0:00 [aio/7]
root       551  0.0  0.0      0     0 ?        S<    2011   0:00 [aio/8]
root       552  0.0  0.0      0     0 ?        S<    2011   0:00 [aio/9]
root       553  0.0  0.0      0     0 ?        S<    2011   0:00 [aio/10]
root       554  0.0  0.0      0     0 ?        S<    2011   0:00 [aio/11]
root       555  0.0  0.0      0     0 ?        S<    2011   0:00 [aio/12]
root       556  0.0  0.0      0     0 ?        S<    2011   0:00 [aio/13]
root       557  0.0  0.0      0     0 ?        S<    2011   0:00 [aio/14]
root       558  0.0  0.0      0     0 ?        S<    2011   0:00 [aio/15]
root       712  0.0  0.0      0     0 ?        S<    2011   0:00 [kpsmoused]
root       856  0.0  0.0      0     0 ?        S<    2011   0:00 [cciss_scan00]
root       925  0.0  0.0      0     0 ?        S<    2011   0:00 [kstriped]
root       994  0.0  0.0      0     0 ?        S<    2011  17:20 [kjournald]
root      1019  0.0  0.0      0     0 ?        S<    2011   0:14 [kauditd]
root      1056  0.0  0.0  13040   336 ?        S<s   2011   0:00 /sbin/udevd -d
root      1760  0.0  0.0      0     0 ?        S<    2011   0:46 [bnx2x]
ems       2504  0.0  0.0  94676  2436 ?        S    Jan24   0:01 /usr/libexec/gconfd-2 5
root      3074  0.0  0.0      0     0 ?        S<    2011   0:00 [kmpathd/0]
root      3075  0.0  0.0      0     0 ?        S<    2011   0:00 [kmpathd/1]
root      3076  0.0  0.0      0     0 ?        S<    2011   0:00 [kmpathd/2]
root      3077  0.0  0.0      0     0 ?        S<    2011   0:00 [kmpathd/3]
root      3078  0.0  0.0      0     0 ?        S<    2011   0:00 [kmpathd/4]
root      3079  0.0  0.0      0     0 ?        S<    2011   0:00 [kmpathd/5]
root      3080  0.0  0.0      0     0 ?        S<    2011   0:00 [kmpathd/6]
root      3081  0.0  0.0      0     0 ?        S<    2011   0:00 [kmpathd/7]
root      3082  0.0  0.0      0     0 ?        S<    2011   0:00 [kmpathd/8]
root      3083  0.0  0.0      0     0 ?        S<    2011   0:00 [kmpathd/9]
root      3084  0.0  0.0      0     0 ?        S<    2011   0:00 [kmpathd/10]
root      3085  0.0  0.0      0     0 ?        S<    2011   0:00 [kmpathd/11]
root      3086  0.0  0.0      0     0 ?        S<    2011   0:00 [kmpathd/12]
root      3087  0.0  0.0      0     0 ?        S<    2011   0:00 [kmpathd/13]
root      3088  0.0  0.0      0     0 ?        S<    2011   0:00 [kmpathd/14]
root      3089  0.0  0.0      0     0 ?        S<    2011   0:00 [kmpathd/15]
root      3090  0.0  0.0      0     0 ?        S<    2011   0:00 [kmpath_handlerd]
ems       3169  0.0  0.0  94680  4496 ?        S    Apr11   0:00 /usr/libexec/gconfd-2 12
root      3183  0.0  0.0      0     0 ?        S<    2011  62:34 [kjournald]
root      3185  0.0  0.0      0     0 ?        S<    2011   1:14 [kjournald]
ems       3502  0.0  0.0  90452  4388 ?        S    May13   0:00 /usr/libexec/gconfd-2 12
root      3572  0.0  0.0      0     0 ?        S<    2011   0:00 [iscsi_eh]
root      3679  0.0  0.0      0     0 ?        S<    2011   0:00 [iw_cxgb3]
root      3752  0.0  0.0      0     0 ?        S<    2011   0:00 [scsi_eh_0]
root      3754  0.0  0.0      0     0 ?        S<    2011   0:00 [scsi_wq_0]
root      3755  0.0  0.0      0     0 ?        S<    2011   0:00 [scsi_eh_1]
root      3759  0.0  0.0      0     0 ?        S<    2011   0:00 [scsi_wq_1]
root      3804  0.0  0.0      0     0 ?        S<    2011   0:00 [ib_addr]
root      3839  0.0  0.0      0     0 ?        S<    2011   0:00 [ib_mcast]
root      3840  0.0  0.0      0     0 ?        S<    2011   0:00 [ib_inform]
root      3841  0.0  0.0      0     0 ?        S<    2011   0:00 [local_sa]
root      3859  0.0  0.0      0     0 ?        S<    2011   0:00 [iw_cm_wq]
root      3877  0.0  0.0      0     0 ?        S<    2011   0:00 [ib_cm/0]
root      3878  0.0  0.0      0     0 ?        S<    2011   0:00 [ib_cm/1]
root      3879  0.0  0.0      0     0 ?        S<    2011   0:00 [ib_cm/2]
root      3880  0.0  0.0      0     0 ?        S<    2011   0:00 [ib_cm/3]
root      3881  0.0  0.0      0     0 ?        S<    2011   0:00 [ib_cm/4]
root      3882  0.0  0.0      0     0 ?        S<    2011   0:00 [ib_cm/5]
root      3883  0.0  0.0      0     0 ?        S<    2011   0:00 [ib_cm/6]
root      3884  0.0  0.0      0     0 ?        S<    2011   0:00 [ib_cm/7]
root      3885  0.0  0.0      0     0 ?        S<    2011   0:00 [ib_cm/8]
root      3886  0.0  0.0      0     0 ?        S<    2011   0:00 [ib_cm/9]
root      3887  0.0  0.0      0     0 ?        S<    2011   0:00 [ib_cm/10]
root      3888  0.0  0.0      0     0 ?        S<    2011   0:00 [ib_cm/11]
root      3889  0.0  0.0      0     0 ?        S<    2011   0:00 [ib_cm/12]
root      3890  0.0  0.0      0     0 ?        S<    2011   0:00 [ib_cm/13]
root      3891  0.0  0.0      0     0 ?        S<    2011   0:00 [ib_cm/14]
root      3892  0.0  0.0      0     0 ?        S<    2011   0:00 [ib_cm/15]
root      3912  0.0  0.0      0     0 ?        S<    2011   0:00 [rdma_cm]
root      3959  0.0  0.0  59320   460 ?        Ssl   2011   0:01 brcm_iscsiuio
root      3965  0.0  0.0   3984   360 ?        Ss    2011   0:01 iscsid
root      3966  0.0  0.0   4476  2432 ?        S<Ls  2011   0:01 iscsid
root      4130  0.0  0.0      0     0 ?        S<    2011   0:01 [bond0]
root      4258  0.0  0.0  92860   768 ?        S<sl  2011   2:16 auditd
root      4260  0.0  0.0 147336   916 ?        S<sl  2011   0:50 /sbin/audispd
root      4282  0.0  0.0   5908   612 ?        Ss    2011   1:13 syslogd -m 0
root      4285  0.0  0.0   3804   424 ?        Ss    2011   0:00 klogd -x
root      4487  0.0  0.0  10760   340 ?        Ss    2011  20:48 irqbalance
rpc       4505  0.0  0.0   8052   432 ?        Ss    2011   0:00 portmap
root      4546  0.0  0.0      0     0 ?        S<    2011   0:00 [rpciod/0]
root      4547  0.0  0.0      0     0 ?        S<    2011   0:00 [rpciod/1]
root      4548  0.0  0.0      0     0 ?        S<    2011   0:00 [rpciod/2]
root      4549  0.0  0.0      0     0 ?        S<    2011   0:00 [rpciod/3]
root      4550  0.0  0.0      0     0 ?        S<    2011   0:00 [rpciod/4]
root      4551  0.0  0.0      0     0 ?        S<    2011   0:00 [rpciod/5]
root      4552  0.0  0.0      0     0 ?        S<    2011   0:00 [rpciod/6]
root      4553  0.0  0.0      0     0 ?        S<    2011   0:00 [rpciod/7]
root      4554  0.0  0.0      0     0 ?        S<    2011   0:00 [rpciod/8]
root      4555  0.0  0.0      0     0 ?        S<    2011   0:00 [rpciod/9]
root      4556  0.0  0.0      0     0 ?        S<    2011   0:00 [rpciod/10]
root      4557  0.0  0.0      0     0 ?        S<    2011   0:00 [rpciod/11]
root      4558  0.0  0.0      0     0 ?        S<    2011   0:00 [rpciod/12]
root      4559  0.0  0.0      0     0 ?        S<    2011   0:00 [rpciod/13]
root      4560  0.0  0.0      0     0 ?        S<    2011   0:00 [rpciod/14]
root      4561  0.0  0.0      0     0 ?        S<    2011   0:00 [rpciod/15]
root      4582  0.0  0.0  10160   600 ?        Ss    2011   0:00 rpc.statd
root      4606  0.0  0.0  55180   236 ?        Ss    2011   0:00 rpc.idmapd
dbus      4621  0.0  0.0  21584  1068 ?        Ss    2011  26:36 dbus-daemon --system
root      4636  0.0  0.0  10432   376 ?        Ss    2011   0:00 /usr/sbin/hcid
root      4640  0.0  0.0   5936   384 ?        Ss    2011   0:00 /usr/sbin/sdpd
root      4709  0.0  0.0      0     0 ?        S<    2011   0:00 [krfcommd]
root      4746  0.0  0.0  54008   808 ?        Ssl   2011   0:59 pcscd
root      4756  0.0  0.0   3800   460 ?        Ss    2011   0:00 /usr/sbin/acpid
68        4765  0.0  0.0  32044  2184 ?        Ss    2011   6:28 hald
root      4766  0.0  0.0  21692   888 ?        S     2011   0:00 hald-runner
68        4774  0.0  0.0  12324   512 ?        S     2011   0:00 hald-addon-acpi: listening on acpid socket /var/run/acpid.socket
68        4779  0.0  0.0  12324   556 ?        S     2011   0:00 hald-addon-keyboard: listening on /dev/input/event0
root      4820  0.0  0.0   8516   356 ?        Ss    2011   0:00 /usr/bin/hidd --server
root      4859  0.0  0.0 121988   844 ?        Ssl   2011   0:08 automount
root      4876  0.0  0.0  26324   264 ?        Ss    2011   0:00 ./hpiod
root      4881  0.0  0.0 159344   912 ?        S     2011   0:12 python ./hpssd.py
root      4894  0.0  0.0  62608   624 ?        Ss    2011   0:00 /usr/sbin/sshd
root      4903  0.0  0.0 134032   700 ?        Ss    2011   0:00 cupsd
root      4917  0.0  0.0  21644   716 ?        Ss    2011   0:00 xinetd -stayalive -pidfile /var/run/xinetd.pid
ntp       4934  0.0  0.0  19188  4888 ?        SLs   2011   0:48 ntpd -u ntp:ntp -p /var/run/ntpd.pid -g
ems       4948  0.0  0.0  90432  1360 ?        S     2012   0:03 /usr/libexec/gconfd-2 5
uuidd     4971  0.0  0.0  60948    60 ?        Ss    2011   0:00 /usr/sbin/uuidd
root      4991  0.0  0.0  66940   884 ?        Ss    2011   0:26 sendmail: accepting connections
smmsp     5008  0.0  0.0  57688   620 ?        Ss    2011   0:00 sendmail: Queue runner@01:00:00 for /var/spool/clientmqueue
root      5018  0.0  0.0   6452   280 ?        Ss    2011   0:14 gpm -m /dev/input/mice -t exps2
root      5027  0.0  0.0  74804   956 ?        Ss    2011   0:17 crond
xfs       5061  0.0  0.0  21044   648 ?        Ss    2011   0:00 xfs -droppriv -daemon
root      5078  0.0  0.0  18732   344 ?        Ss    2011   0:00 /usr/sbin/atd
avahi     5108  0.0  0.0  23280  1140 ?        Ss    2011   0:05 avahi-daemon: running [dwdd7.local]
avahi     5109  0.0  0.0  23148   136 ?        Ss    2011   0:00 avahi-daemon: chroot helper
root      5120  0.0  0.0 150756  1424 ?        Ssl   2011   0:01 /usr/sbin/cimserver
root      5188  0.0  0.0  18416   260 ?        S     2011   0:00 /usr/sbin/smartd -q never
root      5193  0.0  0.0   3792   400 tty1     Ss+   2011   0:00 /sbin/mingetty tty1
root      5194  0.0  0.0   3792   400 tty2     Ss+   2011   0:00 /sbin/mingetty tty2
root      5195  0.0  0.0   3792   400 tty3     Ss+   2011   0:00 /sbin/mingetty tty3
root      5196  0.0  0.0   3792   400 tty4     Ss+   2011   0:00 /sbin/mingetty tty4
root      5197  0.0  0.0   3792   400 tty5     Ss+   2011   0:00 /sbin/mingetty tty5
root      5199  0.0  0.0   3792   400 tty6     Ss+   2011   0:00 /sbin/mingetty tty6
root      5200  0.0  0.0 167684  1420 ?        Ss    2011   0:00 /usr/sbin/gdm-binary -nodaemon
ems       5291  0.0  0.0  90436  4384 ?        S    Aug03   0:00 /usr/libexec/gconfd-2 5
root      5301  0.0  0.0 201128  1624 ?        S     2011   0:01 /usr/sbin/gdm-binary -nodaemon
root      5303  0.0  0.0 189808  1564 ?        Sl    2011   0:21 /usr/libexec/gdm-rh-security-token-helper
root      5322  0.0  0.2 274260 17288 ?        SN    2011   0:44 /usr/bin/python -tt /usr/sbin/yum-updatesd
root      5324  0.0  0.0  13040   792 ?        SN    2011   0:06 /usr/libexec/gam_server
ems       6940  0.0  0.2 366596 21244 ?        Sl   Aug03   1:28 gnome-terminal
ems       6942  0.0  0.0 186972  2980 ?        Ssl  Aug03   0:00 /usr/libexec/bonobo-activation-server --ac-activate --ior-output-fd=16
ems       6948  0.0  0.0  14868   728 ?        S    Aug03   0:00 gnome-pty-helper
ems       6982  0.0  0.0  90452  4392 ?        S    Apr24   0:00 /usr/libexec/gconfd-2 12
ems       6984  0.0  0.0 186972  3036 ?        Ssl  Apr24   0:00 /usr/libexec/bonobo-activation-server --ac-activate --ior-output-fd=16
ems       7648  7.5 22.2 3654264 1815708 pts/3 SNl+ Aug29 1660:37 qtmmi
root      7947  0.0  0.0  57872  1236 ?        S     2011   0:03 /usr/sbin/nm-system-settings --config /etc/NetworkManager/nm-system-settings.conf
ems       8829  0.0  0.0  46804   684 ?        SN    2011   0:01 cvs up
ems       8844  0.0  0.0  47292   680 ?        SN    2011   0:00 cvs up
ems       8906  0.0  0.0  43456   608 ?        SN    2011   0:00 cvs up
ems       8921  0.0  0.0  43456   608 ?        SN    2011   0:00 cvs up
ems      10305  0.0  0.0  90432  1360 ?        S     2012   0:01 /usr/libexec/gconfd-2 5
ems      10414  0.0  0.0 186824  1700 ?        Ssl   2012   0:00 /usr/libexec/bonobo-activation-server --ac-activate --ior-output-fd=16
root     11285  0.0  0.0      0     0 ?        S    Aug12   2:20 [pdflush]
root     11287  0.0  0.0      0     0 ?        S    Aug12   0:00 [pdflush]
root     11704  0.3  0.0 139616  3744 ?        SN   Aug12 146:27 /df8003/bin/applogd
root     11705  0.0  0.1 140116  8176 ?        SN   Aug12   0:00 /df8003/bin/dbmd
root     11706  0.2  0.0 135272  3472 ?        S    Aug12 135:51 /df8003/bin/netmd
root     11707  0.3  0.2 159592 18756 ?        R    Aug12 163:52 /df8003/bin/sysmd
root     11778  0.0  0.0 208580  8044 ?        SN   Aug12   0:06 /df8003/bin/procmd
root     11779  0.0  0.0 208084  7868 ?        SN   Aug12   0:00 proc_watchd
root     11780  0.1  0.1 217328  8320 ?        SN   Aug12  86:47 netmond -s 3600
ems      11781  0.0  0.1 290276 14068 ?        SN   Aug12  20:22 almd_server_rep
ems      11782  0.0  0.3 1816604 31084 ?       SN   Aug12  13:48 alm_replica -mode r
ems      11783  0.8  9.0 1798640 735776 ?      SN   Aug12 414:44 SCADA_Rep -mode r
ems      11784  0.0  0.3 541176 27544 ?        SN   Aug12  20:52 comServer
ems      11785  0.0  2.7 1705412 225628 ?      SN   Aug12   0:28 SCADA_Server -mode s1 -ref
ems      11786  0.0  0.1 1808116 16060 ?       SN   Aug12   0:00 SSM_Server -dts
ems      11787  0.0  9.0 5374392 736316 ?      SN   Aug12  24:21 pasServer -mode r -rep
ems      11788  0.0  0.0 141656  7552 ?        SN   Aug12   0:06 grsd
root     11789  0.0  0.8 1890504 72288 ?       SN   Aug12   0:05 ssrd
ems      12084  0.0  0.0  90440  1924 ?        S     2012   0:01 /usr/libexec/gconfd-2 12
ems      12336  0.0  0.0  72660  1748 pts/3    Ss   Aug12   0:00 bash
ems      14141  0.0  0.0  90436  1932 ?        S     2012   0:00 /usr/libexec/gconfd-2 5
ems      14433  0.0  0.0  94780  4656 ?        S    Mar12   0:00 /usr/libexec/gconfd-2 5
ems      15474  0.0  0.0  90436  4380 ?        S    Jul15   0:00 /usr/libexec/gconfd-2 5
ems      15790  0.0  0.0  45712   676 ?        SN    2011   0:00 cvs up
ems      15799  0.0  0.0  44252   664 ?        SN    2011   0:00 cvs up
ems      16250  0.0  0.0  90452  2092 ?        S    Jan06   0:01 /usr/libexec/gconfd-2 12
ems      18171  0.0  0.0  90452  4388 ?        S    May30   0:01 /usr/libexec/gconfd-2 5
ems      19930  0.0  0.0 102008  1396 ?        S    16:50   0:00 crond
ems      19933  0.0  0.0   8700   948 ?        Ss   16:50   0:00 /bin/sh -c /df8003/home/nms/collection.sh >/dev/null
ems      19934  0.0  0.0   8704  1000 ?        S    16:50   0:00 /bin/sh /df8003/home/nms/collection.sh
ems      19944  0.0  0.0  10460   860 ?        R    16:50   0:00 ps aux
ems      20500  0.0  0.0  90436  1924 ?        S     2012   0:02 /usr/libexec/gconfd-2 5
ems      21561  0.0  0.0 186824  3184 ?        Ssl  Mar28   0:00 /usr/libexec/bonobo-activation-server --ac-activate --ior-output-fd=16
ems      22164  0.0  0.0 187104  1700 ?        Ssl   2012   0:00 /usr/libexec/bonobo-activation-server --ac-activate --ior-output-fd=16
ems      22947  0.0  0.0  43456   608 ?        SN    2011   0:00 cvs up
ems      22968  0.0  0.0  43456   608 ?        SN    2011   0:00 cvs up
ems      22983  0.0  0.0  43456   608 ?        SN    2011   0:00 cvs up
ems      23004  0.0  0.0  43456   608 ?        SN    2011   0:00 cvs up
ems      25731  0.0  0.0 186972  1044 ?        Ssl   2011   0:00 /usr/libexec/bonobo-activation-server --ac-activate --ior-output-fd=16
ems      26010  0.0  0.0  80992  3124 ?        SN   Mar23   0:00 python /df8003/bat/gupdate
ems      26017  0.0  0.0  66060  1200 ?        SN   Mar23   0:00 sh -c { cd /df8003/uif/netres/; cvs -q up ; } 2>&1
ems      26018  0.0  0.0  43556  1420 ?        SN   Mar23   0:00 cvs -q up
ems      27371  0.0  0.0  93964  1500 ?        S     2011   0:30 /usr/libexec/gconfd-2 12
ems      28324  0.0  0.0  90444  1372 ?        S     2012   0:02 /usr/libexec/gconfd-2 12
ems      28751  0.0  0.0  90432  1356 ?        S     2012   0:04 /usr/libexec/gconfd-2 5
ems      29942  0.0  0.0  90432  1724 ?        S     2012   0:02 /usr/libexec/gconfd-2 5
root     30264  0.5  1.1 258660 90200 tty7     RLs+  2011 5181:11 /usr/bin/Xorg :0 -br -audit 0 -auth /var/gdm/:0.Xauth -nolisten tcp vt7
root     30276  0.1  0.7 544204 57724 tty7     Sl+   2011 1622:55 ./rgsender -daemon -display 0 -l /etc/opt/hpremote/rgsender/logSetup
ems      30324  0.0  0.0 247812  2904 ?        Ss    2011   0:17 /usr/bin/gnome-session
ems      30356  0.0  0.0      0     0 ?        Z     2011   0:00 [Xsession] <defunct>
ems      30363  0.0  0.0  53852   268 ?        Ss    2011   0:01 /usr/bin/ssh-agent /bin/sh -c exec -l /bin/bash -c "/usr/bin/dbus-launch --exit-with-session /etc/X11/xinit/Xclients"
ems      30454  0.0  0.0  15180   352 ?        S     2011   0:00 /usr/bin/dbus-launch --exit-with-session /etc/X11/xinit/Xclients
ems      30455  0.0  0.0  26504  1860 ?        Ss    2011   0:02 /bin/dbus-daemon --fork --print-pid 4 --print-address 6 --session
ems      30461  0.0  0.0  94672  2256 ?        S     2011   0:11 /usr/libexec/gconfd-2 5
ems      30464  0.0  0.0  12900   336 ?        S     2011   0:00 /usr/bin/gnome-keyring-daemon
ems      30466  0.0  0.0 264720  3524 ?        Sl    2011   3:50 /usr/libexec/gnome-settings-daemon
ems      30471  0.0  0.0 132768  4144 ?        Ss    2011   0:03 /usr/lib64/scim-1.0/scim-launcher -d -c simple -e all -f socket --no-stay
ems      30487  0.0  0.1 196316 15236 ?        Ss    2011  18:41 metacity --sm-client-id=default1
ems      30491  0.0  0.2 511632 21364 ?        Ss    2011   2:56 gnome-panel --sm-client-id default2
ems      30493  0.0  0.1 560556 14748 ?        Ss    2011   2:55 nautilus --no-default-window --sm-client-id default3
ems      30498  0.0  0.0 197472  1212 ?        Ssl   2011   0:00 /usr/libexec/bonobo-activation-server --ac-activate --ior-output-fd=16
ems      30499  0.0  0.0 230428  1844 ?        Ss    2011   0:00 gnome-volume-manager --sm-client-id default5
ems      30501  0.0  0.0 263420  2572 ?        Ss    2011   0:03 eggcups --sm-client-id default4
ems      30508  0.0  0.0 154196  2344 ?        Ss    2011   0:04 bt-applet --sm-disable
ems      30515  0.0  0.0 186824  2700 ?        S     2011   0:00 /usr/libexec/gnome-vfs-daemon
ems      30518  0.0  0.0 364888  7480 ?        Ss    2011   0:17 /usr/bin/python -tt /usr/bin/puplet
ems      30520  0.0  0.0 291676  2660 ?        Ss    2011   0:06 nm-applet --sm-disable
ems      30525  0.0  0.0 155284  2704 ?        Ss    2011   0:08 pam-panel-icon --sm-client-id default0
ems      30533  0.0  0.0  72372   900 ?        Sl    2011   0:21 ./escd --key_Inserted="/usr/bin/esc" --on_Signal="/usr/bin/esc"
ems      30534  0.0  0.0 296908  2792 ?        Ss    2011  16:20 gnome-power-manager
root     30540  0.0  0.0  12188   604 ?        S     2011   0:20 /sbin/pam_timestamp_check -d root
ems      30549  0.0  0.0  82404   200 ?        Ss    2011   0:00 /usr/lib64/scim-1.0/scim-helper-manager
ems      30550  0.0  0.0 262340  4648 ?        Ssl   2011   1:36 /usr/lib64/scim-1.0/scim-panel-gtk --display :0.0 -c socket -d --no-stay
ems      30552  0.0  0.0  90052  1416 ?        Ss    2011   0:07 /usr/lib64/scim-1.0/scim-launcher -d -c socket -e socket -f x11
ems      30556  0.0  0.0  14716  1152 ?        S     2011   0:56 /usr/libexec/gam_server
ems      30558  0.0  0.0 486852  7796 ?        S     2011   0:00 /usr/libexec/trashapplet --oaf-activate-iid=OAFIID:GNOME_Panel_TrashApplet_Factory --oaf-ior-fd=19
ems      30560  0.0  0.4 388976 34992 ?        S     2011  61:48 /usr/libexec/wnck-applet --oaf-activate-iid=OAFIID:GNOME_Wncklet_Factory --oaf-ior-fd=27
ems      30580  0.0  0.0  12824   744 ?        S     2011   0:00 /usr/libexec/mapping-daemon
ems      30585  0.0  0.0 185012  5440 ?        Ss    2011   6:11 gnome-screensaver
ems      30591  0.0  0.0  80124  2016 ?        S     2011  24:51 scim-bridge
ems      32673  0.0  0.0 187104  1044 ?        Ssl   2011   0:00 /usr/libexec/bonobo-activation-server --ac-activate --ior-output-fd=16
ems      32688  0.0  0.0  90444  1936 ?        S     2012   0:01 /usr/libexec/gconfd-2 12
cmdbegin:mac
1: lo: <LOOPBACK,UP,LOWER_UP> mtu 16436 qdisc noqueue 
    link/loopback 00:00:00:00:00:00 brd 00:00:00:00:00:00
    inet 127.0.0.1/8 scope host lo
    inet6 ::1/128 scope host 
       valid_lft forever preferred_lft forever
2: eth0: <BROADCAST,MULTICAST,SLAVE,UP,LOWER_UP> mtu 1500 qdisc pfifo_fast master bond0 qlen 1000
    link/ether 68:b5:99:ca:62:a8 brd ff:ff:ff:ff:ff:ff
3: eth1: <BROADCAST,MULTICAST,SLAVE,UP,LOWER_UP> mtu 1500 qdisc pfifo_fast master bond0 qlen 1000
    link/ether 68:b5:99:ca:62:a8 brd ff:ff:ff:ff:ff:ff
4: sit0: <NOARP> mtu 1480 qdisc noop 
    link/sit 0.0.0.0 brd 0.0.0.0
5: bond0: <BROADCAST,MULTICAST,MASTER,UP,LOWER_UP> mtu 1500 qdisc noqueue 
    link/ether 68:b5:99:ca:62:a8 brd ff:ff:ff:ff:ff:ff
    inet 192.168.1.36/24 brd 192.168.1.255 scope global bond0
    inet6 fe80::6ab5:99ff:feca:62a8/64 scope link 
       valid_lft forever preferred_lft forever
cmdbegin:interface
Linux 2.6.18-194.el5 (dwdd7) 	09/13/13

16:50:07        IFACE   rxpck/s   txpck/s   rxbyt/s   txbyt/s   rxcmp/s   txcmp/s  rxmcst/s
16:50:08           lo    360.40    360.40  32990.10  32990.10      0.00      0.00      0.00
16:50:08         eth0    169.31     14.85 185045.54   8617.82      0.00      0.00      5.94
16:50:08         eth1     54.46      0.00  39308.91      0.00      0.00      0.00      0.00
16:50:08         sit0      0.00      0.00      0.00      0.00      0.00      0.00      0.00
16:50:08        bond0    223.76     14.85 224354.46   8617.82      0.00      0.00      5.94

16:50:08        IFACE   rxpck/s   txpck/s   rxbyt/s   txbyt/s   rxcmp/s   txcmp/s  rxmcst/s
16:50:09           lo    659.60    659.60  62028.28  62028.28      0.00      0.00      0.00
16:50:09         eth0     62.63     20.20  32486.87  14090.91      0.00      0.00      8.08
16:50:09         eth1     60.61      0.00  46008.08      0.00      0.00      0.00      0.00
16:50:09         sit0      0.00      0.00      0.00      0.00      0.00      0.00      0.00
16:50:09        bond0    123.23     20.20  78494.95  14090.91      0.00      0.00      8.08

16:50:09        IFACE   rxpck/s   txpck/s   rxbyt/s   txbyt/s   rxcmp/s   txcmp/s  rxmcst/s
16:50:10           lo    733.66    733.66  64220.79  64220.79      0.00      0.00      0.00
16:50:10         eth0    177.23     15.84 178924.75   8910.89      0.00      0.00      8.91
16:50:10         eth1    150.50      0.00 156542.57      0.00      0.00      0.00      0.00
16:50:10         sit0      0.00      0.00      0.00      0.00      0.00      0.00      0.00
16:50:10        bond0    327.72     15.84 335467.33   8910.89      0.00      0.00      8.91

Average:        IFACE   rxpck/s   txpck/s   rxbyt/s   txbyt/s   rxcmp/s   txcmp/s  rxmcst/s
Average:           lo    584.05    584.05  53020.27  53020.27      0.00      0.00      0.00
Average:         eth0    136.88     16.94 132814.62  10516.28      0.00      0.00      7.64
Average:         eth1     88.70      0.00  80849.83      0.00      0.00      0.00      0.00
Average:         sit0      0.00      0.00      0.00      0.00      0.00      0.00      0.00
Average:        bond0    225.58     16.94 213664.45  10516.28      0.00      0.00      7.64
cmdbegin:uname
Linux dwdd7
cmdbegin:usergroup
root:x:0:root
bin:x:1:root,bin,daemon
daemon:x:2:root,bin,daemon
sys:x:3:root,bin,adm
adm:x:4:root,adm,daemon
tty:x:5:
disk:x:6:root
lp:x:7:daemon,lp
mem:x:8:
kmem:x:9:
wheel:x:10:root
mail:x:12:mail
news:x:13:news
uucp:x:14:uucp
man:x:15:
games:x:20:
gopher:x:30:
dip:x:40:
ftp:x:50:
lock:x:54:
nobody:x:99:
users:x:100:ems,oracle
nscd:x:28:
floppy:x:19:
vcsa:x:69:
audio:x:63:gdm
utmp:x:22:
rpc:x:32:
mailnull:x:47:
smmsp:x:51:
pcap:x:77:
utempter:x:35:
slocate:x:21:
ntp:x:38:
sshd:x:74:
rpcuser:x:29:
nfsnobody:x:4294967294:
dbus:x:81:
avahi:x:70:
haldaemon:x:68:
avahi-autoipd:x:101:
distcache:x:94:
mysql:x:27:
apache:x:48:
postgres:x:26:
webalizer:x:67:
oprofile:x:16:
squid:x:23:
named:x:25:
xfs:x:43:
gdm:x:42:
sabayon:x:86:
stapdev:x:102:
stapusr:x:103:
ldap:x:55:
uuidd:x:104:
pkcs11:x:105:root
screen:x:84:
ident:x:98:
pvm:x:24:
privoxy:x:73:
quaggavt:x:85:
quagga:x:92:
radvd:x:75:
radiusd:x:95:
tomcat:x:91:
pegasus:x:65:
fuse:x:106:
dfdz:x:500:ems
dba:x:501:oracle
cmdbegin:user
root:x:0:0:root:/root:/bin/bash
bin:x:1:1:bin:/bin:/sbin/nologin
daemon:x:2:2:daemon:/sbin:/sbin/nologin
adm:x:3:4:adm:/var/adm:/sbin/nologin
lp:x:4:7:lp:/var/spool/lpd:/sbin/nologin
sync:x:5:0:sync:/sbin:/bin/sync
shutdown:x:6:0:shutdown:/sbin:/sbin/shutdown
halt:x:7:0:halt:/sbin:/sbin/halt
mail:x:8:12:mail:/var/spool/mail:/sbin/nologin
news:x:9:13:news:/etc/news:
uucp:x:10:14:uucp:/var/spool/uucp:/sbin/nologin
operator:x:11:0:operator:/root:/sbin/nologin
games:x:12:100:games:/usr/games:/sbin/nologin
gopher:x:13:30:gopher:/var/gopher:/sbin/nologin
ftp:x:14:50:FTP User:/var/ftp:/sbin/nologin
nobody:x:99:99:Nobody:/:/sbin/nologin
nscd:x:28:28:NSCD Daemon:/:/sbin/nologin
vcsa:x:69:69:virtual console memory owner:/dev:/sbin/nologin
rpc:x:32:32:Portmapper RPC user:/:/sbin/nologin
mailnull:x:47:47::/var/spool/mqueue:/sbin/nologin
smmsp:x:51:51::/var/spool/mqueue:/sbin/nologin
pcap:x:77:77::/var/arpwatch:/sbin/nologin
ntp:x:38:38::/etc/ntp:/sbin/nologin
sshd:x:74:74:Privilege-separated SSH:/var/empty/sshd:/sbin/nologin
rpcuser:x:29:29:RPC Service User:/var/lib/nfs:/sbin/nologin
nfsnobody:x:4294967294:4294967294:Anonymous NFS User:/var/lib/nfs:/sbin/nologin
dbus:x:81:81:System message bus:/:/sbin/nologin
avahi:x:70:70:Avahi daemon:/:/sbin/nologin
haldaemon:x:68:68:HAL daemon:/:/sbin/nologin
avahi-autoipd:x:100:101:avahi-autoipd:/var/lib/avahi-autoipd:/sbin/nologin
distcache:x:94:94:Distcache:/:/sbin/nologin
mysql:x:27:27:MySQL Server:/var/lib/mysql:/bin/bash
apache:x:48:48:Apache:/var/www:/sbin/nologin
postgres:x:26:26:PostgreSQL Server:/var/lib/pgsql:/bin/bash
webalizer:x:67:67:Webalizer:/var/www/usage:/sbin/nologin
oprofile:x:16:16:Special user account to be used by OProfile:/home/oprofile:/sbin/nologin
squid:x:23:23::/var/spool/squid:/sbin/nologin
named:x:25:25:Named:/var/named:/sbin/nologin
xfs:x:43:43:X Font Server:/etc/X11/fs:/sbin/nologin
gdm:x:42:42::/var/gdm:/sbin/nologin
sabayon:x:86:86:Sabayon user:/home/sabayon:/sbin/nologin
ldap:x:55:55:LDAP User:/var/lib/ldap:/bin/false
uuidd:x:101:104:UUID generator helper daemon:/var/lib/libuuid:/sbin/nologin
amanda:x:33:6:Amanda user:/var/lib/amanda:/bin/bash
ident:x:98:98::/:/sbin/nologin
pvm:x:24:24::/usr/share/pvm3:/bin/bash
privoxy:x:73:73::/etc/privoxy:/sbin/nologin
quagga:x:92:92:Quagga routing suite:/var/run/quagga:/sbin/nologin
radvd:x:75:75:radvd user:/:/sbin/nologin
radiusd:x:95:95:radiusd user:/home/radiusd:/sbin/nologin
tomcat:x:91:91:Tomcat:/usr/share/tomcat5:/bin/sh
pegasus:x:66:65:tog-pegasus OpenPegasus WBEM/CIM services:/var/lib/Pegasus:/sbin/nologin
ems:x:115:500::/df8003/home:/bin/bash
oracle:x:502:501::/usr/local/oracle:/bin/bash
cmdbegin:date
Fri Sep 13 16:50:11 CST 2013
cmdbegin:uptime
 16:50:11 up 819 days,  1:30,  2 users,  load average: 0.11, 0.16, 0.23
cmdbegin:end
