cmdbegin:disk
Filesystem          1024-blocks        Used   Available Capacity  Mounted on
cluster_root#root       1048576      450947      588328    44%    /
root2_domain#root        131072       35693       90016    29%    /cluster/members/member2/boot_partition
cluster_usr#usr         1048576      995240       35400    97%    /usr
df8003a_dmn#df8003a     6291456     4775968     1496992    77%    /ems/member1
cluster_var#var         3963384      976470     2983672    25%    /var
rdbm_dmn#rdbm          49767408     9132341    40600568    19%    /rdbm
df8003b_dmn#df8003b     5242880     2958778     2249416    57%    /ems/member2
/proc                         0           0           0   100%    /proc
root1_domain#root        131072       35694       90016    29%    /cluster/members/member1/boot_partition
cmdbegin:proc
USER        PID %CPU %MEM   VSZ  RSS TTY      S    STARTED         TIME COMMAND
root     1050106 199.8  0.3 29.7M  24M ??       R N    Aug 10 30-23:57:47 /usr/opt/compaq/svctools/common/jre/bin/../bin/alpha/native_threads/java -classic -noverify -DSvctools.Home=/usr/opt/compaq/svctools -DSwcc.Home=/var/adm -Xmx340m com.compaq.svctools.desta.core.DESTAController
root     1048576  0.2  3.6 10.2G 299M ??       R <    Aug 10    16:47:48 [kernel idle]
orasrv   1555531  0.1  0.0 12.8M 3.5M pts/0    S      Sep 06    46:08.06 /rdbm/orasrv/app/product/8.1.7/bin/tnslsnr LISTENER -inherit
orasrv   1242105  0.0  0.0 1.19G 1.7M ??       S    20:55:13     0:07.57 oracleorcl2 (DESCRIPTION=(LOCAL=no)(ADDRESS=(PROTOCOL=BEQ)))
orasrv   1112665  0.0  0.0 1.19G 1.7M ??       I      Sep 11     0:00.06 oracleorcl2 (DESCRIPTION=(LOCAL=no)(ADDRESS=(PROTOCOL=BEQ)))
orasrv   1112680  0.0  0.0 1.19G 1.7M ??       I      Sep 11     0:00.07 oracleorcl2 (DESCRIPTION=(LOCAL=no)(ADDRESS=(PROTOCOL=BEQ)))
orasrv   1373041  0.0  0.0 1.19G 1.7M ??       I      Sep 09     0:00.07 oracleorcl2 (DESCRIPTION=(LOCAL=no)(ADDRESS=(PROTOCOL=BEQ)))
orasrv   1373040  0.0  0.0 1.19G 1.7M ??       I      Sep 09     0:00.06 oracleorcl2 (DESCRIPTION=(LOCAL=no)(ADDRESS=(PROTOCOL=BEQ)))
orasrv   1110596  0.0  0.0 1.19G 1.9M ??       I      Sep 11     0:00.09 oracleorcl2 (DESCRIPTION=(LOCAL=no)(ADDRESS=(PROTOCOL=BEQ)))
orasrv   1303414  0.0  0.0 1.19G 1.7M ??       I      Sep 09     0:00.06 oracleorcl2 (DESCRIPTION=(LOCAL=no)(ADDRESS=(PROTOCOL=BEQ)))
orasrv   1501088  0.0  0.0 1.19G 1.7M ??       I      Sep 11     0:00.06 oracleorcl2 (DESCRIPTION=(LOCAL=no)(ADDRESS=(PROTOCOL=BEQ)))
orasrv   1236599  0.0  0.0 1.19G 1.7M ??       I      Sep 12     0:00.06 oracleorcl2 (DESCRIPTION=(LOCAL=no)(ADDRESS=(PROTOCOL=BEQ)))
orasrv   1233900  0.0  0.0 1.19G 1.7M ??       I      Sep 12     0:00.06 oracleorcl2 (DESCRIPTION=(LOCAL=no)(ADDRESS=(PROTOCOL=BEQ)))
orasrv   1234013  0.0  0.0 1.19G 1.7M ??       I      Sep 12     0:00.06 oracleorcl2 (DESCRIPTION=(LOCAL=no)(ADDRESS=(PROTOCOL=BEQ)))
orasrv   1234912  0.0  0.0 1.19G 1.7M ??       I      Sep 12     0:00.07 oracleorcl2 (DESCRIPTION=(LOCAL=no)(ADDRESS=(PROTOCOL=BEQ)))
orasrv   1236588  0.0  0.0 1.19G 1.7M ??       I      Sep 12     0:00.07 oracleorcl2 (DESCRIPTION=(LOCAL=no)(ADDRESS=(PROTOCOL=BEQ)))
orasrv   1233812  0.0  0.0 1.19G 1.7M ??       I      Sep 12     0:00.06 oracleorcl2 (DESCRIPTION=(LOCAL=no)(ADDRESS=(PROTOCOL=BEQ)))
orasrv   1363055  0.0  0.0 1.19G 1.7M ??       I    16:47:30     0:00.06 oracleorcl2 (DESCRIPTION=(LOCAL=no)(ADDRESS=(PROTOCOL=BEQ)))
orasrv   1363051  0.0  0.0 1.19G 1.7M ??       I    16:47:07     0:00.06 oracleorcl2 (DESCRIPTION=(LOCAL=no)(ADDRESS=(PROTOCOL=BEQ)))
orasrv   1230945  0.0  0.0 1.19G 1.7M ??       I      Sep 12     0:00.06 oracleorcl2 (DESCRIPTION=(LOCAL=no)(ADDRESS=(PROTOCOL=BEQ)))
orasrv   1361892  0.0  0.0 1.19G 1.7M ??       I    16:14:45     0:00.06 oracleorcl2 (DESCRIPTION=(LOCAL=no)(ADDRESS=(PROTOCOL=BEQ)))
orasrv   1361847  0.0  0.0 1.19G 2.1M ??       I    16:12:01     0:02.41 oracleorcl2 (DESCRIPTION=(LOCAL=no)(ADDRESS=(PROTOCOL=BEQ)))
orasrv   1360633  0.0  0.0 1.19G 1.7M ??       I    15:42:01     0:00.06 oracleorcl2 (DESCRIPTION=(LOCAL=no)(ADDRESS=(PROTOCOL=BEQ)))
root     1363240  0.0  0.1 10.3M 7.9M ??       R    16:55:00     0:00.07 ps aux
root     1363344  0.0  0.0 2.23M 240K ??       S    16:55:00     0:00.01 /df8003/home/nms/collection.sh
root     1363350  0.0  0.0 2.23M 224K ??       S    16:55:00     0:00.01 sh -c /df8003/home/nms/collection.sh >/dev/null
orasrv   1360621  0.0  0.0 1.19G 1.7M ??       I    15:41:55     0:00.06 oracleorcl2 (DESCRIPTION=(LOCAL=no)(ADDRESS=(PROTOCOL=BEQ)))
orasrv   1097392  0.0  0.0 1.19G 1.7M ??       I      Sep 11     0:00.06 oracleorcl2 (DESCRIPTION=(LOCAL=no)(ADDRESS=(PROTOCOL=BEQ)))
orasrv   1555561  0.0  0.0 1.19G 1.8M ??       S      Sep 06    28:05.41 ora_lck0_orcl2
orasrv   1555554  0.0  0.0 1.19G 1.4M ??       S      Sep 06     5:21.26 ora_ckpt_orcl2
orasrv   1555549  0.0  0.0 1.19G 1.7M ??       S      Sep 06     1:08.53 ora_smon_orcl2
orasrv   1555547  0.0  0.0 1.19G 1.6M ??       I      Sep 06     0:00.47 ora_reco_orcl2
orasrv   1555539  0.0  0.0 1.19G 2.7M ??       S      Sep 06     0:05.16 ora_pmon_orcl2
orasrv   1097441  0.0  0.0 1.19G 1.7M ??       I      Sep 11     0:00.05 oracleorcl2 (DESCRIPTION=(LOCAL=no)(ADDRESS=(PROTOCOL=BEQ)))
orasrv   1555522  0.0  0.0 1.19G 2.2M ??       S      Sep 06    01:56:03 ora_lmd0_orcl2
orasrv   1555520  0.0  0.1 1.20G 9.8M ??       S      Sep 06     6:30.98 ora_dbw0_orcl2
orasrv   1555489  0.0  0.0 1.19G 1.5M ??       S      Sep 06     0:26.57 ora_bsp0_orcl2
orasrv   1096717  0.0  0.0 1.19G 1.9M ??       I      Sep 11     0:00.83 oracleorcl2 (DESCRIPTION=(LOCAL=no)(ADDRESS=(PROTOCOL=BEQ)))
orasrv   1555461  0.0  0.0 1.19G 1.4M ??       S      Sep 06     7:08.10 ora_lgwr_orcl2
orasrv   1096702  0.0  0.0 1.19G 1.7M ??       I      Sep 11     0:00.06 oracleorcl2 (DESCRIPTION=(LOCAL=no)(ADDRESS=(PROTOCOL=BEQ)))
orasrv   1555448  0.0  0.0 2.12M 320K pts/0    I  +   Sep 06     0:00.10 -ksh (ksh)
orasrv   1096689  0.0  0.0 1.19G 1.7M ??       I      Sep 11     0:00.06 oracleorcl2 (DESCRIPTION=(LOCAL=no)(ADDRESS=(PROTOCOL=BEQ)))
root     1555419  0.0  0.0 1.84M 320K ??       I      Sep 06     0:00.02 rlogind
orasrv   1555408  0.0  0.0 1.19G 3.1M ??       S      Sep 06     1:24.03 ora_lmon_orcl2
orasrv   1096504  0.0  0.0 1.19G 3.5M ??       I      Sep 11     0:07.97 oracleorcl2 (DESCRIPTION=(LOCAL=no)(ADDRESS=(PROTOCOL=BEQ)))
orasrv   1097639  0.0  0.0 1.19G 1.7M ??       I      Sep 11     0:00.06 oracleorcl2 (DESCRIPTION=(LOCAL=no)(ADDRESS=(PROTOCOL=BEQ)))
orasrv   1556474  0.0  0.0 1.19G 1.7M ??       I      Sep 06     0:00.05 oracleorcl2 (DESCRIPTION=(LOCAL=no)(ADDRESS=(PROTOCOL=BEQ)))
orasrv   1096492  0.0  0.0 1.19G 2.0M ??       S      Sep 11     0:00.71 oracleorcl2 (DESCRIPTION=(LOCAL=no)(ADDRESS=(PROTOCOL=BEQ)))
orasrv   1096403  0.0  0.0 1.19G 1.7M ??       I      Sep 11     0:00.05 oracleorcl2 (DESCRIPTION=(LOCAL=no)(ADDRESS=(PROTOCOL=BEQ)))
orasrv   1095834  0.0  0.0 1.19G 1.7M ??       I      Sep 11     0:00.07 oracleorcl2 (DESCRIPTION=(LOCAL=no)(ADDRESS=(PROTOCOL=BEQ)))
orasrv   1095655  0.0  0.0 1.19G 1.7M ??       I      Sep 11     0:00.07 oracleorcl2 (DESCRIPTION=(LOCAL=no)(ADDRESS=(PROTOCOL=BEQ)))
orasrv   1357701  0.0  0.0 1.19G 2.6M ??       I    14:20:10     0:00.56 oracleorcl2 (DESCRIPTION=(LOCAL=no)(ADDRESS=(PROTOCOL=BEQ)))
orasrv   1095263  0.0  0.0 1.19G 1.7M ??       I      Sep 11     0:00.07 oracleorcl2 (DESCRIPTION=(LOCAL=no)(ADDRESS=(PROTOCOL=BEQ)))
orasrv   1095224  0.0  0.0 1.19G 1.7M ??       I      Sep 11     0:00.07 oracleorcl2 (DESCRIPTION=(LOCAL=no)(ADDRESS=(PROTOCOL=BEQ)))
orasrv   1095090  0.0  0.0 1.19G 1.7M ??       I      Sep 11     0:00.06 oracleorcl2 (DESCRIPTION=(LOCAL=no)(ADDRESS=(PROTOCOL=BEQ)))
orasrv   1095088  0.0  0.0 1.19G 1.7M ??       I      Sep 11     0:00.06 oracleorcl2 (DESCRIPTION=(LOCAL=no)(ADDRESS=(PROTOCOL=BEQ)))
orasrv   1094840  0.0  0.0 1.19G 1.7M ??       I      Sep 11     0:00.06 oracleorcl2 (DESCRIPTION=(LOCAL=no)(ADDRESS=(PROTOCOL=BEQ)))
orasrv   1094816  0.0  0.0 1.19G 1.7M ??       I      Sep 11     0:00.07 oracleorcl2 (DESCRIPTION=(LOCAL=no)(ADDRESS=(PROTOCOL=BEQ)))
orasrv   1224723  0.0  0.0 1.19G 1.7M ??       I      Sep 12     0:00.07 oracleorcl2 (DESCRIPTION=(LOCAL=no)(ADDRESS=(PROTOCOL=BEQ)))
orasrv   1224646  0.0  0.0 1.19G 1.7M ??       I      Sep 12     0:00.07 oracleorcl2 (DESCRIPTION=(LOCAL=no)(ADDRESS=(PROTOCOL=BEQ)))
orasrv   1091603  0.0  0.0 1.19G 1.7M ??       I      Sep 11     0:00.06 oracleorcl2 (DESCRIPTION=(LOCAL=no)(ADDRESS=(PROTOCOL=BEQ)))
orasrv   1221531  0.0  0.0 1.19G 1.9M ??       I      Sep 12     0:00.10 oracleorcl2 (DESCRIPTION=(LOCAL=no)(ADDRESS=(PROTOCOL=BEQ)))
orasrv   1285874  0.0  0.0 1.19G 1.7M ??       I    01:38:27     0:00.05 oracleorcl2 (DESCRIPTION=(LOCAL=no)(ADDRESS=(PROTOCOL=BEQ)))
orasrv   1285862  0.0  0.0 1.19G 3.2M ??       I    01:38:27     0:00.63 oracleorcl2 (DESCRIPTION=(LOCAL=no)(ADDRESS=(PROTOCOL=BEQ)))
orasrv   1285790  0.0  0.0 1.19G 3.9M ??       I    01:38:26    20:01.80 oracleorcl2 (DESCRIPTION=(LOCAL=no)(ADDRESS=(PROTOCOL=BEQ)))
orasrv   1285303  0.0  0.0 1.19G 1.7M ??       I    01:36:39     0:00.06 oracleorcl2 (DESCRIPTION=(LOCAL=no)(ADDRESS=(PROTOCOL=BEQ)))
orasrv   1219236  0.0  0.0 1.19G 1.7M ??       I      Sep 12     0:00.06 oracleorcl2 (DESCRIPTION=(LOCAL=no)(ADDRESS=(PROTOCOL=BEQ)))
orasrv   1284751  0.0  0.0 1.19G 1.7M ??       I    01:34:38     0:00.05 oracleorcl2 (DESCRIPTION=(LOCAL=no)(ADDRESS=(PROTOCOL=BEQ)))
orasrv   1284656  0.0  0.0 1.19G 1.7M ??       I    01:34:20     0:00.06 oracleorcl2 (DESCRIPTION=(LOCAL=no)(ADDRESS=(PROTOCOL=BEQ)))
orasrv   1284619  0.0  0.0 1.19G 3.8M ??       I    01:34:19    18:05.45 oracleorcl2 (DESCRIPTION=(LOCAL=no)(ADDRESS=(PROTOCOL=BEQ)))
orasrv   1284614  0.0  0.0 1.19G 3.3M ??       I    01:34:19     0:00.90 oracleorcl2 (DESCRIPTION=(LOCAL=no)(ADDRESS=(PROTOCOL=BEQ)))
orasrv   1284598  0.0  0.0 1.19G 1.7M ??       I    01:36:20     0:00.06 oracleorcl2 (DESCRIPTION=(LOCAL=no)(ADDRESS=(PROTOCOL=BEQ)))
orasrv   1349705  0.0  0.0 1.19G 2.0M ??       I    11:05:28     0:00.23 oracleorcl2 (DESCRIPTION=(LOCAL=no)(ADDRESS=(PROTOCOL=BEQ)))
orasrv   1283754  0.0  0.0 1.19G 1.7M ??       I    01:34:03     0:00.06 oracleorcl2 (DESCRIPTION=(LOCAL=no)(ADDRESS=(PROTOCOL=BEQ)))
root     1349097  0.0  0.0 1.98M 312K pts/2    I  + 10:47:11     0:00.05 telnet 192.168.108.32
root     1348967  0.0  0.0 2.23M 232K pts/2    I  + 10:42:59     0:00.02 -sh (sh)
root     1348913  0.0  0.0 1.90M 320K ??       I    10:42:59     0:00.05 telnetd
root     1348549  0.0  0.0 1.98M 312K pts/1    I  + 10:28:25     0:00.09 telnet 192.168.108.23
orasrv   1347186  0.0  0.0 1.19G 2.1M ??       I    09:52:31     0:06.13 oracleorcl2 (DESCRIPTION=(LOCAL=no)(ADDRESS=(PROTOCOL=BEQ)))
root     1346766  0.0  0.0 2.23M 232K pts/1    I  + 09:42:14     0:00.03 -sh (sh)
root     1346654  0.0  0.0 1.90M 320K ??       I    09:42:14     0:00.25 telnetd
orasrv   1346017  0.0  0.0 1.19G 2.1M ??       I    09:22:42     0:01.38 oracleorcl2 (DESCRIPTION=(LOCAL=no)(ADDRESS=(PROTOCOL=BEQ)))
orasrv   1345890  0.0  0.0 1.19G 2.0M ??       I    09:18:22     0:00.16 oracleorcl2 (DESCRIPTION=(LOCAL=no)(ADDRESS=(PROTOCOL=BEQ)))
orasrv   1345848  0.0  0.0 1.19G 1.8M ??       I    09:18:29     0:00.12 oracleorcl2 (DESCRIPTION=(LOCAL=no)(ADDRESS=(PROTOCOL=BEQ)))
orasrv   1345808  0.0  0.0 1.19G 1.9M ??       I    09:16:43     0:00.14 oracleorcl2 (DESCRIPTION=(LOCAL=no)(ADDRESS=(PROTOCOL=BEQ)))
orasrv   1345794  0.0  0.0 1.19G 2.0M ??       I    09:16:30     0:00.19 oracleorcl2 (DESCRIPTION=(LOCAL=no)(ADDRESS=(PROTOCOL=BEQ)))
orasrv   1345749  0.0  0.2 1.20G  12M ??       I    09:15:25     0:42.65 oracleorcl2 (DESCRIPTION=(LOCAL=no)(ADDRESS=(PROTOCOL=BEQ)))
orasrv   1345457  0.0  0.0 1.19G 3.6M ??       I    09:09:24     0:03.87 oracleorcl2 (DESCRIPTION=(LOCAL=no)(ADDRESS=(PROTOCOL=BEQ)))
orasrv   1345065  0.0  0.1 1.19G 6.6M ??       I    09:01:24     0:03.17 oracleorcl2 (DESCRIPTION=(LOCAL=no)(ADDRESS=(PROTOCOL=BEQ)))
orasrv   1096441  0.0  0.1 1.19G 5.6M ??       I      Sep 11    01:10:47 oracleorcl2 (DESCRIPTION=(LOCAL=no)(ADDRESS=(PROTOCOL=BEQ)))
orasrv   1096489  0.0  0.0 1.19G 1.7M ??       I      Sep 11     0:00.06 oracleorcl2 (DESCRIPTION=(LOCAL=no)(ADDRESS=(PROTOCOL=BEQ)))
orasrv   1344737  0.0  0.0 1.19G 1.7M ??       I    08:51:31     0:00.06 oracleorcl2 (DESCRIPTION=(LOCAL=no)(ADDRESS=(PROTOCOL=BEQ)))
orasrv   1344187  0.0  0.0 1.19G 1.7M ??       I    08:40:50     0:00.07 oracleorcl2 (DESCRIPTION=(LOCAL=no)(ADDRESS=(PROTOCOL=BEQ)))
orasrv   1343823  0.0  0.0 1.19G 1.7M ??       I    08:30:57     0:00.06 oracleorcl2 (DESCRIPTION=(LOCAL=no)(ADDRESS=(PROTOCOL=BEQ)))
orasrv   1343754  0.0  0.0 1.19G 1.7M ??       I    08:30:56     0:00.07 oracleorcl2 (DESCRIPTION=(LOCAL=no)(ADDRESS=(PROTOCOL=BEQ)))
orasrv   1343472  0.0  0.0 1.19G 2.0M ??       I    08:22:56     0:00.12 oracleorcl2 (DESCRIPTION=(LOCAL=no)(ADDRESS=(PROTOCOL=BEQ)))
orasrv   1342449  0.0  0.0 1.19G 2.0M ??       I    08:02:19     0:00.11 oracleorcl2 (DESCRIPTION=(LOCAL=no)(ADDRESS=(PROTOCOL=BEQ)))
orasrv   1340938  0.0  0.0 1.19G 2.2M ??       I    07:26:07     0:13.82 oracleorcl2 (DESCRIPTION=(LOCAL=no)(ADDRESS=(PROTOCOL=BEQ)))
orasrv   1077846  0.0  0.0 1.19G 2.0M ??       I      Sep 11     0:00.82 oracleorcl2 (DESCRIPTION=(LOCAL=no)(ADDRESS=(PROTOCOL=BEQ)))
orasrv   1077801  0.0  0.0 1.19G 1.7M ??       I      Sep 11     0:00.07 oracleorcl2 (DESCRIPTION=(LOCAL=no)(ADDRESS=(PROTOCOL=BEQ)))
orasrv   1385947  0.0  0.0 1.19G 1.7M ??       I      Sep 09     0:00.07 oracleorcl2 (DESCRIPTION=(LOCAL=no)(ADDRESS=(PROTOCOL=BEQ)))
orasrv   1512206  0.0  0.0 1.19G 1.9M ??       I      Sep 10     0:00.16 oracleorcl2 (DESCRIPTION=(LOCAL=no)(ADDRESS=(PROTOCOL=BEQ)))
orasrv   1511320  0.0  0.0 1.19G 1.7M ??       I      Sep 10     0:00.06 oracleorcl2 (DESCRIPTION=(LOCAL=no)(ADDRESS=(PROTOCOL=BEQ)))
orasrv   1511304  0.0  0.0 1.19G 1.7M ??       I      Sep 10     0:00.06 oracleorcl2 (DESCRIPTION=(LOCAL=no)(ADDRESS=(PROTOCOL=BEQ)))
orasrv   1247361  0.0  0.0 1.19G 2.2M ??       I    21:11:01     0:12.67 oracleorcl2 (DESCRIPTION=(LOCAL=no)(ADDRESS=(PROTOCOL=BEQ)))
root     1050373  0.0  0.0  472K 136K console  I  +   Aug 10     0:00.01 /usr/sbin/getty console console vt100
root     1050311  0.0  0.0 1.80M 128K ??       I      Aug 10     0:00.00 /usr/sbin/rdginit
root     1050273  0.0  0.0 8.68M 3.8M ??       S      Aug 10     0:04.21 /usr/opt/java118/bin/../bin/alpha/native_threads/java -mx2m authentication/server/AuthenticationServer
root     1050232  0.0  0.0 4.60M 304K ??       I      Aug 10     1:02.49 /usr/dt/bin/dtlogin -daemon
root     1050211  0.0  0.0 3.95M 472K ??       S      Aug 10     0:09.08 sendmail: accept -bd -q15m -om 2
root     1050193  0.0  0.0    0K   0K ??       U      Aug 10     0:00.16 [icssvr_daemon_pe]
root     1050155  0.0  0.0 3.81M 1.2M ??       I      Aug 10     0:00.10 /usr/bin/X11/xfs -port 7100
root     1050142  0.0  0.0 3.02M 656K ??       S N    Aug 10     0:09.94 /usr/opt/compaq/svctools/common/share/CAAgents -s 19 -p 1144 -1 -g
orasrv   1344320  0.0  0.0 1.19G 1.7M ??       I    08:41:12     0:00.06 oracleorcl2 (DESCRIPTION=(LOCAL=no)(ADDRESS=(PROTOCOL=BEQ)))
orasrv   1246689  0.0  0.0 1.19G 1.9M ??       I    20:55:37     0:17.40 oracleorcl2 (DESCRIPTION=(LOCAL=no)(ADDRESS=(PROTOCOL=BEQ)))
orasrv   1246687  0.0  0.0 1.19G 1.7M ??       S    20:55:24     0:07.63 oracleorcl2 (DESCRIPTION=(LOCAL=no)(ADDRESS=(PROTOCOL=BEQ)))
root     1050006  0.0  0.0 2.80M 584K ??       S N    Aug 10     0:01.46 /usr/opt/compaq/svctools/common/share/WCCProxy
orasrv   1246371  0.0  0.0 1.19G 1.7M ??       S    20:48:00     0:07.80 oracleorcl2 (DESCRIPTION=(LOCAL=no)(ADDRESS=(PROTOCOL=BEQ)))
root     1049739  0.0  0.0 1.76M 136K ??       I      Aug 10     0:00.02 /usr/sbin/utxd
root     1049652  0.0  0.0 2.50M 304K ??       I      Aug 10     0:00.02 volnotify -p -f -w 15
root     1049651  0.0  0.0 1.30M 184K ??       I      Aug 10     0:00.00 /usr/sbin/volwatch -m
root     1049620  0.0  0.0 2.50M 304K ??       I      Aug 10     0:00.01 /usr/sbin/volnotify -eicfd
root     1049595  0.0  0.0 3.98M 376K ??       S      Aug 10     0:05.29 /usr/sbin/cron
root     1049585  0.0  0.0 1.95M 184K ??       I      Aug 10     0:00.21 -child (inetd)
root     1049583  0.0  0.0 1.86M 120K ??       I      Aug 10     0:00.00 /usr/sbin/inetd
root     1049573  0.0  0.0 3.64M 720K ??       S      Aug 10     0:06.74 /usr/sbin/sysman_hmmod
root     1049566  0.0  0.0 3.64M 720K ??       S      Aug 10     0:07.13 /usr/sbin/config_hmmod
root     1049552  0.0  0.0 4.25M 704K ??       S      Aug 10     0:06.40 /usr/sbin/gated -f /etc/gated.conf.member2
root     1049546  0.0  0.0 7.40M 3.2M ??       S      Aug 10     0:28.04 /usr/sbin/insightd
root     1049543  0.0  0.0 2.59M 184K ??       S      Aug 10     0:01.13 /usr/sbin/cpqthresh_mib
root     1049419  0.0  0.0 3.20M 1.1M ??       S      Aug 10     0:02.99 /usr/sbin/cpq_mibs
root     1049417  0.0  0.0 3.58M 160K ??       S      Aug 10     0:04.29 /usr/sbin/os_mibs
root     1049415  0.0  0.0 3.24M 272K ??       I <    Aug 10     0:00.05 /usr/sbin/pmgrd
root     1049414  0.0  0.0 2.66M 200K ??       I      Aug 10     0:00.33 /usr/sbin/svrSystem_mib
root     1049412  0.0  0.0 2.59M 160K ??       S      Aug 10     0:00.85 /usr/sbin/svrMgt_mib
root     1049401  0.0  0.0 2.23M 160K ??       S      Aug 10     0:02.21 /usr/sbin/snmpd
root     1049369  0.0  0.0 2.89M 376K ??       S <    Aug 10     0:03.10 /usr/sbin/xntpd -g -c /etc/ntp.conf
root     1049298  0.0  0.0 1.80M  96K ??       S      Aug 10     0:00.06 /usr/sbin/nfsiod 7
root     1049277  0.0  0.0 17.4M 2.5M ??       S      Aug 10     0:00.72 /usr/sbin/caad -0
root     1049276  0.0  0.0    0K   0K ??       U      Aug 10     0:00.02 [icssvr_daemon_pe]
root     1049274  0.0  0.0 2.48M 288K ??       I      Aug 10     0:00.35 /usr/sbin/portmap
root     1049266  0.0  0.0    0K   0K ??         <  -            0:00.00 <defunct>
root     1049264  0.0  0.0 2.43M 176K ??       I      Aug 10     0:00.01 aliasd
root     1049258  0.0  0.0    0K   0K ??       U      Aug 10     0:01.29 [icssvr_daemon_pe]
root     1049206  0.0  0.0 5.08M 1.8M ??       I      Aug 10     0:00.92 /usr/sbin/binlogd
root     1049202  0.0  0.0 2.50M 360K ??       S      Aug 10     0:00.77 /usr/sbin/syslogd -e
orasrv   1114626  0.0  0.0 1.19G 1.7M ??       I      Sep 11     0:00.06 oracleorcl2 (DESCRIPTION=(LOCAL=no)(ADDRESS=(PROTOCOL=BEQ)))
orasrv   1114612  0.0  0.0 1.19G 1.7M ??       I      Sep 11     0:00.06 oracleorcl2 (DESCRIPTION=(LOCAL=no)(ADDRESS=(PROTOCOL=BEQ)))
root     1048714  0.0  0.0 1.74M 104K ??       S      Aug 10     2:03.30 /sbin/update
root     1048704  0.0  0.0 2.60M 528K ??       S      Aug 10     0:00.52 /sbin/hotswapd -f
root     1048703  0.0  0.0 1.80M 1.4M ??       I      Aug 10     0:02.07 /sbin/kloadsrv -f
root     1048659  0.0  0.0 6.59M 3.5M ??       S      Aug 10     0:02.43 /sbin/vold -k
root     1048602  0.0  0.0    0K   0K ??       U      Jan 01     0:00.00 [icssvr_daemon_pe]
root     1048601  0.0  0.0    0K   0K ??       U      Jan 01     0:00.00 [icssvr_daemon_pe]
root     1048600  0.0  0.0    0K   0K ??       U      Jan 01     5:44.10 [icssvr_daemon_fr]
root     1048599  0.0  0.0    0K   0K ??       U      Jan 01     0:00.00 [icssvr_daemon_fr]
root     1048598  0.0  0.0    0K   0K ??       U      Jan 01     0:00.01 [icssvr_daemon_fr]
root     1048597  0.0  0.0    0K   0K ??       U      Jan 01     7:56.15 [icssvr_daemon_fr]
root     1048596  0.0  0.0    0K   0K ??       U      Jan 01    19:05.83 [icssvr_daemon_pe]
root     1048595  0.0  0.0    0K   0K ??       U      Jan 01     0:00.02 [icssvr_daemon_fr]
root     1048594  0.0  0.0    0K   0K ??       U      Jan 01     0:00.00 [icssvr_daemon_pe]
root     1048593  0.0  0.0    0K   0K ??       U      Jan 01     0:00.00 [icssvr_daemon_pe]
root     1048592  0.0  0.0    0K   0K ??       U      Jan 01     0:00.00 [icssvr_daemon_pe]
root     1048591  0.0  0.0    0K   0K ??       U      Jan 01     0:00.01 [icssvr_daemon_pe]
root     1048590  0.0  0.0    0K   0K ??       U      Jan 01     0:00.00 [CFS daemon]
root     1048589  0.0  0.0    0K   0K ??       U      Jan 01     0:00.00 [icssvr_daemon_fr]
root     1048588  0.0  0.0    0K   0K ??       U      Jan 01     0:00.00 [icssvr_daemon_fr]
root     1048587  0.0  0.0    0K   0K ??       U      Jan 01     0:01.20 [icssvr_daemon_fr]
root     1048586  0.0  0.0    0K   0K ??       U      Jan 01     6:01.23 [icssvr_daemon_fr]
root     1048585  0.0  0.0    0K   0K ??       U      Jan 01     1:00.80 [icssvr_daemon_fr]
root     1048584  0.0  0.0    0K   0K ??       U      Jan 01     0:00.00 [icscli_throttle_]
root     1048583  0.0  0.0    0K   0K ??       U      Jan 01     0:00.00 [icssvr_nanny]
root     1048582  0.0  0.0    0K   0K ??       U      Jan 01     0:00.00 [icssvr_daemon_fr]
root     1048581  0.0  0.0    0K   0K ??       U      Jan 01     0:00.00 [icssvr_daemon_fr]
root     1048580  0.0  0.0    0K   0K ??       U      Jan 01     0:00.00 [icssvr_throttle_]
root     1048579  0.0  0.0    0K   0K ??       U      Jan 01     0:00.00 [icssvr_nomem_dae]
root     1048578  0.0  0.0    0K   0K ??       U      Jan 01     0:00.00 [kproc_creator_da]
root     1048577  0.0  0.0  488K  96K ??       SL     Aug 10     6:43.89 /sbin/init -a
orasrv   1344719  0.0  0.0 1.19G 1.7M ??       I    08:51:14     0:00.06 oracleorcl2 (DESCRIPTION=(LOCAL=no)(ADDRESS=(PROTOCOL=BEQ)))
cmdbegin:vmstat
Virtual Memory Statistics: (pagesize = 8192)
  procs      memory        pages                            intr       cpu
  r   w   u  act free wire fault  cow zero react  pin pout  in  sy  cs us sy id
  7 304 139 212K 765K  49K  883M  75M 348M     0 212M    0 997 60K  2K 31  8 62
cmdbegin:vm -P

Total Physical Memory =  8192.00 M
                      =  1048576 pages

Physical Memory Clusters:

start_pfn     end_pfn        type  size_pages / size_bytes
         0         256         pal         256 /    2.00M
       256      130985          os      130729 / 1021.32M
    130985      131072         pal          87 /  696.00k
    131072     1048562          os      917490 / 7167.89M
   1048562     1048576         pal          14 /  112.00k

Physical Memory Use:

 start_pfn     end_pfn        type  size_pages / size_bytes
       256         288    scavenge          32 /  256.00k
       288        1203        text         915 /    7.15M
      1203        1430        data         227 /    1.77M
      1430        1895         bss         465 /    3.63M
      1895        2147      kdebug         252 /    1.97M
      2147        2154     cfgmgmt           7 /   56.00k
      2154        2156       locks           2 /   16.00k
      2156        2170        pmap          14 /  112.00k
      2170        4710   unixtable        2540 /   19.84M
      4710        4716        logs           6 /   48.00k
      4716       21281    vmtables       16565 /  129.41M
     21281     1048562     managed     1027281 / 8025.63M
                             ============================
         Total Physical Memory Use:    1048306 / 8189.89M

Managed Pages Break Down:

       free pages = 765346
     active pages = 174275
   inactive pages = 0
      wired pages = 49031
        ubc pages = 38573
        ==================
            Total = 1027225

WIRED Pages Break Down:

   vm wired pages = 6714
  ubc wired pages = 0
  meta data pages = 31391
     malloc pages = 6987
     contig pages = 675
    user ptepages = 1952
  kernel ptepages = 1053
    free ptepages = 5
        ==================
            Total = 48777

cmdbegin:uname
OSF1 eshis-b
cmdbegin:date
Fri Sep 13 16:55:00 CST 2013
cmdbegin:uptime
16:55  up 33 days, 20:45,  3 users,  load average: 2.05, 2.03, 2.02
cmdbegin:ifconfig
alt0: flags=c63<UP,BROADCAST,NOTRAILERS,RUNNING,MULTICAST,SIMPLEX>
     NetRAIN Virtual Interface: nr0 
     NetRAIN Attached Interfaces: ( alt1 alt0 ) Active Interface: ( alt1 )

alt1: flags=c63<UP,BROADCAST,NOTRAILERS,RUNNING,MULTICAST,SIMPLEX>
     NetRAIN Virtual Interface: nr0 
     NetRAIN Attached Interfaces: ( alt1 alt0 ) Active Interface: ( alt1 )

lo0: flags=100c89<UP,LOOPBACK,NOARP,MULTICAST,SIMPLEX,NOCHECKSUM>
     inet 127.0.0.1 netmask ff000000 ipmtu 4096 

mc0: flags=1100063<UP,BROADCAST,NOTRAILERS,RUNNING,NOCHECKSUM,CLUIF>
     inet 10.1.1.2 netmask ffffff00 broadcast 10.1.1.255 ipmtu 7000 

nr0: flags=c63<UP,BROADCAST,NOTRAILERS,RUNNING,MULTICAST,SIMPLEX>
     NetRAIN Attached Interfaces: ( alt1 alt0 ) Active Interface: ( alt1 )
     inet 192.168.108.12 netmask ffffff00 broadcast 192.168.108.255 ipmtu 1500 

sl0: flags=10<POINTOPOINT>

tun0: flags=80<NOARP>

cmdbegin:netstat
Name  Mtu   Network        Address               Ipkts Ierrs    Opkts Oerrs  Coll
alt0  1500  <Link>         0:60:cf:21:30:9e   714569791     0        3     0     0
alt0  1500  DLI            none               714569791     0        3     0     0
alt1  1500  <Link>         2:60:cf:20:f2:b2   850996454     0 165720979     0     0
alt1  1500  DLI            none               850996454     0 165720979     0     0
lo0   4096  <Link>         Link#4             97975857     0 97975857     0     0
lo0   4096  127/8          127.0.0.1          97975857     0 97975857     0     0
mc0   7000  <Link>         mc0:42.0.0.0.0.2   314357676     0 314814373     1     0
mc0   7000  10.1.1/24      10.1.1.2           314357676     0 314814373     1     0
nr0   1500  <Link>         2:60:cf:20:f2:b2   1565566245     0 165720982     0     0
nr0   1500  DLI            none               1565566245     0 165720982     0     0
nr0   1500  192.168.108/24 192.168.108.12     1565566245     0 165720982     0     0
sl0*  296   <Link>         Link#3                    0     0        0     0     0
tun0* 1280  <Link>         Link#5                    0     0        0     0     0
cmdbegin:end
cmdbegin:memoryend
root:NitBjR6TT0PNw:0:1:system PRIVILEGED account:/:/bin/sh
nobody:*Nologin:65534:65534:anonymous NFS user:/:
nobodyV:*Nologin:60001:60001:anonymous SystemV.4 NFS user:/:
daemon:*:1:1:system background account:/:
bin:*:3:4:system librarian account:/bin:
uucp:Nologin:4:2:UNIX-to-UNIX Copy:/usr/spool/uucppublic:/usr/lib/uucp/uucico
uucpa:Nologin:4:2:uucp adminstrative account:/usr/lib/uucp:
auth:*:6:11:Authentication Subsystem:/tcb/bin:
cron:*:7:14:Cron Subsystem:/usr/adm/cron:
lp:*:8:12:Line Printer Subsystem:/users/lp:
tcb:*:9:18:Trusted Computing Base:/tcb:
adm:*:10:19:Administration Subsystem:/usr/adm:
ris:Nologin:11:21:Remote Installation Services Account:/usr/adm/ris:/bin/sh
wnn:Nologin:12:1:Wnn Japanese Input Method System Account:/tmp:/bin/sh
pop:*:13:6:POP Mail Service Account:/:
imap:*:14:6:IMAP Mail Service Account:/:
orasrv:2YNFservJfJAY:15:200:orasrv:/rdbm/orasrv:/bin/ksh
ems:vB.3ItIfq4tuk:115:15:ems:/df8003/home:/bin/ksh
oracle:ZUc4ln0crvKwc:116:200:oracle:/usr/local/oracle:/bin/ksh
cvs:AGxGfOg.IJbxQ:117:15:cvs:/disk7/cvs:/usr/bin/ksh
lcy:.LqqjpBkj83e2:118:15:lcy:/usr/local/lcy:/bin/ksh
cmdbegin:user
