cmdbegin:version
Linux version 2.6.18-238.el5 (mockbuild@x86-012.build.bos.redhat.com) (gcc version 4.1.2 20080704 (Red Hat 4.1.2-50)) #1 SMP Sun Dec 19 14:22:44 EST 2010
cmdbegin:cpuconfig
processor	: 0
model name	: Intel(R) Xeon(R) CPU           E5620  @ 2.40GHz
cpu MHz		: 1596.000
cache size	: 12288 KB
processor	: 1
model name	: Intel(R) Xeon(R) CPU           E5620  @ 2.40GHz
cpu MHz		: 1596.000
cache size	: 12288 KB
processor	: 2
model name	: Intel(R) Xeon(R) CPU           E5620  @ 2.40GHz
cpu MHz		: 1596.000
cache size	: 12288 KB
processor	: 3
model name	: Intel(R) Xeon(R) CPU           E5620  @ 2.40GHz
cpu MHz		: 1596.000
cache size	: 12288 KB
processor	: 4
model name	: Intel(R) Xeon(R) CPU           E5620  @ 2.40GHz
cpu MHz		: 1596.000
cache size	: 12288 KB
processor	: 5
model name	: Intel(R) Xeon(R) CPU           E5620  @ 2.40GHz
cpu MHz		: 1596.000
cache size	: 12288 KB
processor	: 6
model name	: Intel(R) Xeon(R) CPU           E5620  @ 2.40GHz
cpu MHz		: 1596.000
cache size	: 12288 KB
processor	: 7
model name	: Intel(R) Xeon(R) CPU           E5620  @ 2.40GHz
cpu MHz		: 1596.000
cache size	: 12288 KB
cmdbegin:disk
Filesystem           1K-blocks      Used Available Use% Mounted on
/dev/sda2             40624208   4930188  33597136  13% /
/dev/sda6            183130036  13875372 159802020   8% /df8003
/dev/sda3             39674224   8347040  29279300  23% /usr
tmpfs                  4081948         0   4081948   0% /dev/shm
cmdbegin:diskperf
Linux 2.6.18-238.el5 (dd4) 	09/13/13 	_x86_64_	(8 CPU)

16:55:01          DEV       tps  rd_sec/s  wr_sec/s  avgrq-sz  avgqu-sz     await     svctm     %util
16:55:02       dev8-0      5.00      0.00    184.00     36.80      0.02      3.40      2.20      1.10

16:55:02          DEV       tps  rd_sec/s  wr_sec/s  avgrq-sz  avgqu-sz     await     svctm     %util
16:55:03       dev8-0      3.00      0.00   1616.00    538.67      0.03     10.00      5.00      1.50

16:55:03          DEV       tps  rd_sec/s  wr_sec/s  avgrq-sz  avgqu-sz     await     svctm     %util
16:55:04       dev8-0      6.00      0.00    216.00     36.00      0.01      2.17      1.17      0.70

Average:          DEV       tps  rd_sec/s  wr_sec/s  avgrq-sz  avgqu-sz     await     svctm     %util
Average:       dev8-0      4.67      0.00    672.00    144.00      0.02      4.29      2.36      1.10
cmdbegin:cpu
Linux 2.6.18-238.el5 (dd4) 	09/13/13 	_x86_64_	(8 CPU)

16:55:04        CPU     %user     %nice   %system   %iowait    %steal     %idle
16:55:05        all      0.12      0.62      0.37      0.12      0.00     98.75
16:55:06        all      0.12      0.50      0.50      0.12      0.00     98.75
16:55:07        all      0.25      0.62      0.62      0.12      0.00     98.38
Average:        all      0.17      0.58      0.50      0.12      0.00     98.63
cmdbegin:memory
             total       used       free     shared    buffers     cached
Mem:       8163900    2192396    5971504          0     373640    1139844
-/+ buffers/cache:     678912    7484988
Swap:     20482832          0   20482832
cmdbegin:process
USER       PID %CPU %MEM    VSZ   RSS TTY      STAT START   TIME COMMAND
root         1  0.0  0.0  10372   696 ?        Ss   Sep10   0:01 init [5]                             
root         2  0.0  0.0      0     0 ?        S<   Sep10   0:00 [migration/0]
root         3  0.0  0.0      0     0 ?        SN   Sep10   0:00 [ksoftirqd/0]
root         4  0.0  0.0      0     0 ?        S<   Sep10   0:00 [watchdog/0]
root         5  0.0  0.0      0     0 ?        S<   Sep10   0:00 [migration/1]
root         6  0.0  0.0      0     0 ?        SN   Sep10   0:00 [ksoftirqd/1]
root         7  0.0  0.0      0     0 ?        S<   Sep10   0:00 [watchdog/1]
root         8  0.0  0.0      0     0 ?        S<   Sep10   0:00 [migration/2]
root         9  0.0  0.0      0     0 ?        SN   Sep10   0:00 [ksoftirqd/2]
root        10  0.0  0.0      0     0 ?        S<   Sep10   0:00 [watchdog/2]
root        11  0.0  0.0      0     0 ?        S<   Sep10   0:00 [migration/3]
root        12  0.0  0.0      0     0 ?        SN   Sep10   0:00 [ksoftirqd/3]
root        13  0.0  0.0      0     0 ?        S<   Sep10   0:00 [watchdog/3]
root        14  0.0  0.0      0     0 ?        S<   Sep10   0:00 [migration/4]
root        15  0.0  0.0      0     0 ?        SN   Sep10   0:00 [ksoftirqd/4]
root        16  0.0  0.0      0     0 ?        S<   Sep10   0:00 [watchdog/4]
root        17  0.0  0.0      0     0 ?        S<   Sep10   0:00 [migration/5]
root        18  0.0  0.0      0     0 ?        SN   Sep10   0:00 [ksoftirqd/5]
root        19  0.0  0.0      0     0 ?        S<   Sep10   0:00 [watchdog/5]
root        20  0.0  0.0      0     0 ?        S<   Sep10   0:00 [migration/6]
root        21  0.0  0.0      0     0 ?        SN   Sep10   0:00 [ksoftirqd/6]
root        22  0.0  0.0      0     0 ?        S<   Sep10   0:00 [watchdog/6]
root        23  0.0  0.0      0     0 ?        S<   Sep10   0:00 [migration/7]
root        24  0.0  0.0      0     0 ?        SN   Sep10   0:00 [ksoftirqd/7]
root        25  0.0  0.0      0     0 ?        S<   Sep10   0:00 [watchdog/7]
root        26  0.0  0.0      0     0 ?        S<   Sep10   0:00 [events/0]
root        27  0.0  0.0      0     0 ?        S<   Sep10   0:02 [events/1]
root        28  0.0  0.0      0     0 ?        S<   Sep10   0:00 [events/2]
root        29  0.0  0.0      0     0 ?        S<   Sep10   0:00 [events/3]
root        30  0.0  0.0      0     0 ?        S<   Sep10   0:00 [events/4]
root        31  0.0  0.0      0     0 ?        S<   Sep10   0:00 [events/5]
root        32  0.0  0.0      0     0 ?        S<   Sep10   0:00 [events/6]
root        33  0.0  0.0      0     0 ?        S<   Sep10   0:00 [events/7]
root        34  0.0  0.0      0     0 ?        S<   Sep10   0:00 [khelper]
root       103  0.0  0.0      0     0 ?        S<   Sep10   0:00 [kthread]
root       115  0.0  0.0      0     0 ?        S<   Sep10   0:00 [kblockd/0]
root       116  0.0  0.0      0     0 ?        S<   Sep10   0:00 [kblockd/1]
root       117  0.0  0.0      0     0 ?        S<   Sep10   0:00 [kblockd/2]
root       118  0.0  0.0      0     0 ?        S<   Sep10   0:00 [kblockd/3]
root       119  0.0  0.0      0     0 ?        S<   Sep10   0:00 [kblockd/4]
root       120  0.0  0.0      0     0 ?        S<   Sep10   0:00 [kblockd/5]
root       121  0.0  0.0      0     0 ?        S<   Sep10   0:00 [kblockd/6]
root       122  0.0  0.0      0     0 ?        S<   Sep10   0:00 [kblockd/7]
root       123  0.0  0.0      0     0 ?        S<   Sep10   0:00 [kacpid]
root       346  0.0  0.0      0     0 ?        S<   Sep10   0:00 [cqueue/0]
root       347  0.0  0.0      0     0 ?        S<   Sep10   0:00 [cqueue/1]
root       348  0.0  0.0      0     0 ?        S<   Sep10   0:00 [cqueue/2]
root       349  0.0  0.0      0     0 ?        S<   Sep10   0:00 [cqueue/3]
root       350  0.0  0.0      0     0 ?        S<   Sep10   0:00 [cqueue/4]
root       351  0.0  0.0      0     0 ?        S<   Sep10   0:00 [cqueue/5]
root       352  0.0  0.0      0     0 ?        S<   Sep10   0:00 [cqueue/6]
root       353  0.0  0.0      0     0 ?        S<   Sep10   0:00 [cqueue/7]
root       356  0.0  0.0      0     0 ?        S<   Sep10   0:00 [khubd]
root       358  0.0  0.0      0     0 ?        S<   Sep10   0:00 [kseriod]
root       482  0.0  0.0      0     0 ?        S    Sep10   0:00 [khungtaskd]
root       483  0.0  0.0      0     0 ?        S    Sep10   0:00 [pdflush]
root       484  0.0  0.0      0     0 ?        S    Sep10   0:37 [pdflush]
root       485  0.0  0.0      0     0 ?        S<   Sep10   0:00 [kswapd0]
root       486  0.0  0.0      0     0 ?        S<   Sep10   0:00 [kswapd1]
root       487  0.0  0.0      0     0 ?        S<   Sep10   0:00 [aio/0]
root       488  0.0  0.0      0     0 ?        S<   Sep10   0:00 [aio/1]
root       489  0.0  0.0      0     0 ?        S<   Sep10   0:00 [aio/2]
root       490  0.0  0.0      0     0 ?        S<   Sep10   0:00 [aio/3]
root       491  0.0  0.0      0     0 ?        S<   Sep10   0:00 [aio/4]
root       492  0.0  0.0      0     0 ?        S<   Sep10   0:00 [aio/5]
root       493  0.0  0.0      0     0 ?        S<   Sep10   0:00 [aio/6]
root       494  0.0  0.0      0     0 ?        S<   Sep10   0:00 [aio/7]
root       653  0.0  0.0      0     0 ?        S<   Sep10   0:00 [kpsmoused]
root       760  0.0  0.0      0     0 ?        S<   Sep10   0:00 [mpt_poll_0]
root       761  0.0  0.0      0     0 ?        S<   Sep10   0:00 [mpt/0]
root       762  0.0  0.0      0     0 ?        S<   Sep10   0:00 [scsi_eh_0]
root       781  0.0  0.0      0     0 ?        S<   Sep10   0:00 [ata/0]
root       782  0.0  0.0      0     0 ?        S<   Sep10   0:00 [ata/1]
root       783  0.0  0.0      0     0 ?        S<   Sep10   0:00 [ata/2]
root       784  0.0  0.0      0     0 ?        S<   Sep10   0:00 [ata/3]
root       785  0.0  0.0      0     0 ?        S<   Sep10   0:00 [ata/4]
root       786  0.0  0.0      0     0 ?        S<   Sep10   0:00 [ata/5]
root       787  0.0  0.0      0     0 ?        S<   Sep10   0:00 [ata/6]
root       788  0.0  0.0      0     0 ?        S<   Sep10   0:00 [ata/7]
root       789  0.0  0.0      0     0 ?        S<   Sep10   0:00 [ata_aux]
root       799  0.0  0.0      0     0 ?        S<   Sep10   0:20 [scsi_eh_1]
root       800  0.0  0.0      0     0 ?        S<   Sep10   0:00 [scsi_eh_2]
root       801  0.0  0.0      0     0 ?        S<   Sep10   0:00 [scsi_eh_3]
root       802  0.0  0.0      0     0 ?        S<   Sep10   0:00 [scsi_eh_4]
root       803  0.0  0.0      0     0 ?        S<   Sep10   0:00 [scsi_eh_5]
root       804  0.0  0.0      0     0 ?        S<   Sep10   0:00 [scsi_eh_6]
root       823  0.0  0.0      0     0 ?        S<   Sep10   0:00 [kstriped]
root       860  0.0  0.0      0     0 ?        S<   Sep10   0:02 [kjournald]
root       885  0.0  0.0      0     0 ?        S<   Sep10   0:00 [kauditd]
root       918  0.0  0.0  13076  1220 ?        S<s  Sep10   0:00 /sbin/udevd -d
root      1739  0.0  0.0      0     0 ?        S<   Sep10   0:00 [kedac]
root      2258  0.0  0.0      0     0 ?        S<   Sep10   0:00 [hd-audio0]
root      2266  0.0  0.0      0     0 ?        S<   Sep10   0:00 [hd-audio1]
root      3084  0.0  0.0      0     0 ?        S<   Sep10   0:00 [kmpathd/0]
root      3085  0.0  0.0      0     0 ?        S<   Sep10   0:00 [kmpathd/1]
root      3086  0.0  0.0      0     0 ?        S<   Sep10   0:00 [kmpathd/2]
root      3087  0.0  0.0      0     0 ?        S<   Sep10   0:00 [kmpathd/3]
root      3088  0.0  0.0      0     0 ?        S<   Sep10   0:00 [kmpathd/4]
root      3089  0.0  0.0      0     0 ?        S<   Sep10   0:00 [kmpathd/5]
root      3090  0.0  0.0      0     0 ?        S<   Sep10   0:00 [kmpathd/6]
root      3091  0.0  0.0      0     0 ?        S<   Sep10   0:00 [kmpathd/7]
root      3092  0.0  0.0      0     0 ?        S<   Sep10   0:00 [kmpath_handlerd]
root      3166  0.0  0.0      0     0 ?        S<   Sep10   0:23 [kjournald]
root      3168  0.0  0.0      0     0 ?        S<   Sep10   0:00 [kjournald]
root      3392  0.0  0.0      0     0 ?        S<   Sep10   0:00 [iscsi_eh]
root      3522  0.0  0.0      0     0 ?        S<   Sep10   0:00 [ib_addr]
root      3550  0.0  0.0      0     0 ?        S<   Sep10   0:00 [ib_mcast]
root      3551  0.0  0.0      0     0 ?        S<   Sep10   0:00 [ib_inform]
root      3552  0.0  0.0      0     0 ?        S<   Sep10   0:00 [local_sa]
root      3561  0.0  0.0      0     0 ?        S<   Sep10   0:00 [iw_cm_wq]
root      3572  0.0  0.0      0     0 ?        S<   Sep10   0:00 [ib_cm/0]
root      3573  0.0  0.0      0     0 ?        S<   Sep10   0:00 [ib_cm/1]
root      3574  0.0  0.0      0     0 ?        S<   Sep10   0:00 [ib_cm/2]
root      3575  0.0  0.0      0     0 ?        S<   Sep10   0:00 [ib_cm/3]
root      3576  0.0  0.0      0     0 ?        S<   Sep10   0:00 [ib_cm/4]
root      3577  0.0  0.0      0     0 ?        S<   Sep10   0:00 [ib_cm/5]
root      3578  0.0  0.0      0     0 ?        S<   Sep10   0:00 [ib_cm/6]
root      3579  0.0  0.0      0     0 ?        S<   Sep10   0:00 [ib_cm/7]
root      3589  0.0  0.0      0     0 ?        S<   Sep10   0:00 [rdma_cm]
root      3616  0.0  0.0  28636   436 ?        Ssl  Sep10   0:00 brcm_iscsiuio
root      3624  0.0  0.0  12156   476 ?        Ss   Sep10   0:00 iscsid
root      3625  0.0  0.0  12652  4464 ?        S<Ls Sep10   0:00 iscsid
root      3762  0.0  0.0      0     0 ?        S<   Sep10   0:00 [bond0]
root      4270  0.0  0.0  27348   820 ?        S<sl Sep10   0:00 auditd
root      4272  0.0  0.0  81824   780 ?        S<sl Sep10   0:00 /sbin/audispd
root      4294  0.0  0.0   5932   660 ?        Ss   Sep10   0:00 syslogd -m 0
root      4297  0.0  0.0   3828   424 ?        Ss   Sep10   0:00 klogd -x
root      4374  0.0  0.0      0     0 ?        S<   Sep10   0:00 [kondemand/0]
root      4375  0.0  0.0      0     0 ?        S<   Sep10   0:00 [kondemand/1]
root      4376  0.0  0.0      0     0 ?        S<   Sep10   0:00 [kondemand/2]
root      4377  0.0  0.0      0     0 ?        S<   Sep10   0:00 [kondemand/3]
root      4378  0.0  0.0      0     0 ?        S<   Sep10   0:00 [kondemand/4]
root      4379  0.0  0.0      0     0 ?        S<   Sep10   0:00 [kondemand/5]
root      4380  0.0  0.0      0     0 ?        S<   Sep10   0:00 [kondemand/6]
root      4381  0.0  0.0      0     0 ?        S<   Sep10   0:00 [kondemand/7]
root      4393  0.0  0.0  10784   380 ?        Ss   Sep10   0:02 irqbalance
rpc       4419  0.0  0.0   8076   668 ?        Ss   Sep10   0:00 portmap
root      4452  0.0  0.0      0     0 ?        S<   Sep10   0:00 [rpciod/0]
root      4453  0.0  0.0      0     0 ?        S<   Sep10   0:00 [rpciod/1]
root      4454  0.0  0.0      0     0 ?        S<   Sep10   0:00 [rpciod/2]
root      4455  0.0  0.0      0     0 ?        S<   Sep10   0:00 [rpciod/3]
root      4456  0.0  0.0      0     0 ?        S<   Sep10   0:00 [rpciod/4]
root      4457  0.0  0.0      0     0 ?        S<   Sep10   0:00 [rpciod/5]
root      4458  0.0  0.0      0     0 ?        S<   Sep10   0:00 [rpciod/6]
root      4459  0.0  0.0      0     0 ?        S<   Sep10   0:00 [rpciod/7]
root      4472  0.0  0.0  10184   796 ?        Ss   Sep10   0:00 rpc.statd
root      4496  0.0  0.0  55204   764 ?        Ss   Sep10   0:00 rpc.idmapd
dbus      4511  0.0  0.0  21576  1228 ?        Ss   Sep10   0:07 dbus-daemon --system
root      4526  0.0  0.0  10456   812 ?        Ss   Sep10   0:00 /usr/sbin/hcid
root      4532  0.0  0.0   5960   544 ?        Ss   Sep10   0:00 /usr/sbin/sdpd
root      4574  0.0  0.0      0     0 ?        S<   Sep10   0:00 [krfcommd]
root      4611  0.0  0.0  51928  1456 ?        Ssl  Sep10   0:00 pcscd
root      4621  0.0  0.0   3824   568 ?        Ss   Sep10   0:00 /usr/sbin/acpid
68        4630  0.0  0.0  32024  4972 ?        Ss   Sep10   0:04 hald
root      4631  0.0  0.0  21720  1080 ?        S    Sep10   0:00 hald-runner
68        4639  0.0  0.0  12348   872 ?        S    Sep10   0:00 hald-addon-acpi: listening on acpid socket /var/run/acpid.socket
68        4644  0.0  0.0  12348   868 ?        S    Sep10   0:00 hald-addon-keyboard: listening on /dev/input/event0
root      4653  0.0  0.0  10256   704 ?        S    Sep10   0:14 hald-addon-storage: polling /dev/sr0
root      4680  0.0  0.0   8540   492 ?        Ss   Sep10   0:00 /usr/bin/hidd --server
root      4715  0.0  0.0 122904  1532 ?        Ssl  Sep10   0:00 automount
root      4732  0.0  0.0  26348   520 ?        Ss   Sep10   0:00 ./hpiod
root      4737  0.0  0.0 159168  6484 ?        S    Sep10   0:00 /usr/bin/python ./hpssd.py
root      4752  0.0  0.0  62652  1188 ?        Ss   Sep10   0:00 /usr/sbin/sshd
root      4763  0.0  0.0 133692  3048 ?        Ss   Sep10   0:00 cupsd
root      4777  0.0  0.0  21668   916 ?        Ss   Sep10   0:00 xinetd -stayalive -pidfile /var/run/xinetd.pid
ntp       4789  0.0  0.0  19216  4908 ?        SLs  Sep10   0:00 ntpd -u ntp:ntp -p /var/run/ntpd.pid -g
root      4825  0.0  0.0  66964  2316 ?        Ss   Sep10   0:00 sendmail: accepting connections
smmsp     4835  0.0  0.0  57720  1760 ?        Ss   Sep10   0:00 sendmail: Queue runner@01:00:00 for /var/spool/clientmqueue
root      4845  0.0  0.0   6480   376 ?        Ss   Sep10   0:00 gpm -m /dev/input/mice -t exps2
root      4854  0.0  0.0  74836  1148 ?        Ss   Sep10   0:00 crond
xfs       4887  0.0  0.0  21092  1868 ?        Ss   Sep10   0:00 xfs -droppriv -daemon
root      4912  0.0  0.0  18756   448 ?        Ss   Sep10   0:00 /usr/sbin/atd
avahi     4942  0.0  0.0  23304  1348 ?        Ss   Sep10   0:00 avahi-daemon: running [dd4.local]
avahi     4943  0.0  0.0  23172   340 ?        Ss   Sep10   0:00 avahi-daemon: chroot helper
root      5020  0.0  0.0  44292   636 ?        Ss   Sep10   0:00 /usr/sbin/vsftpd /etc/vsftpd/vsftpd.conf
root      5031  0.0  0.0  18440   512 ?        S    Sep10   0:00 /usr/sbin/smartd -q never
root      5036  0.0  0.0   3816   484 tty1     Ss+  Sep10   0:00 /sbin/mingetty tty1
root      5037  0.0  0.0   3816   484 tty2     Ss+  Sep10   0:00 /sbin/mingetty tty2
root      5038  0.0  0.0   3816   484 tty3     Ss+  Sep10   0:00 /sbin/mingetty tty3
root      5039  0.0  0.0   3816   488 tty4     Ss+  Sep10   0:00 /sbin/mingetty tty4
root      5041  0.0  0.0   3816   488 tty5     Ss+  Sep10   0:00 /sbin/mingetty tty5
root      5042  0.0  0.0   3816   484 tty6     Ss+  Sep10   0:00 /sbin/mingetty tty6
root      5043  0.0  0.0 167748  2792 ?        Ss   Sep10   0:00 /usr/sbin/gdm-binary -nodaemon
root      5144  0.0  0.0 194984  2916 ?        S    Sep10   0:00 /usr/sbin/gdm-binary -nodaemon
root      5146  0.0  0.0 255412  4128 ?        Sl   Sep10   0:00 /usr/libexec/gdm-rh-security-token-helper
root      5147  5.0  0.4 153460 39288 tty7     SLs+ Sep10 218:30 /usr/bin/Xorg :0 -br -audit 0 -auth /var/gdm/:0.Xauth vt7
root      5162  0.0  0.1 256788 15796 ?        SN   Sep10   0:00 /usr/bin/python -tt /usr/sbin/yum-updatesd
root      5164  0.0  0.0  12940  1176 ?        SN   Sep10   0:00 /usr/libexec/gam_server
ems       5419  0.0  0.0 245624  6680 ?        Ss   Sep10   0:00 /usr/bin/gnome-session
ems       5453  0.0  0.0      0     0 ?        Z    Sep10   0:00 [Xsession] <defunct>
ems       5456  0.0  0.0  53892   764 ?        Ss   Sep10   0:00 /usr/bin/ssh-agent /bin/sh -c exec -l /bin/bash -c "/usr/bin/dbus-launch --exit-with-session /etc/X11/xinit/Xclients"
ems       5548  0.0  0.0  15204   556 ?        S    Sep10   0:00 /usr/bin/dbus-launch --exit-with-session /etc/X11/xinit/Xclients
ems       5549  0.0  0.0  21416  1016 ?        Ss   Sep10   0:00 /bin/dbus-daemon --fork --print-pid 4 --print-address 6 --session
ems       5555  0.0  0.0  90616  4568 ?        S    Sep10   0:00 /usr/libexec/gconfd-2 5
ems       5556  0.0  0.1 106652 12704 ?        Ss   Sep10   0:00 /usr/lib64/scim-1.0/scim-launcher -d -c simple -e all -f socket --no-stay
ems       5561  0.0  0.0  12928   584 ?        S    Sep10   0:00 /usr/bin/gnome-keyring-daemon
ems       5563  0.0  0.0 264660  7736 ?        Sl   Sep10   0:00 /usr/libexec/gnome-settings-daemon
ems       5565  0.0  0.0  82436   632 ?        Ss   Sep10   0:00 /usr/lib64/scim-1.0/scim-helper-manager
ems       5566  0.0  0.1 262532  8484 ?        Ssl  Sep10   0:00 /usr/lib64/scim-1.0/scim-panel-gtk --display :0.0 -c socket -d --no-stay
ems       5568  0.0  0.0  90084  1004 ?        Ss   Sep10   0:00 /usr/lib64/scim-1.0/scim-launcher -d -c socket -e socket -f x11
ems       5593  0.0  0.0 271828  3444 ?        Ssl  Sep10   0:00 /usr/libexec/bonobo-activation-server --ac-activate --ior-output-fd=18
ems       5599  0.0  0.1 184284 14760 ?        Ss   Sep10   0:02 metacity --sm-client-id=default1
ems       5601  0.0  0.0 239176  5184 ?        S    Sep10   0:00 /usr/libexec/vino-server --oaf-activate-iid=OAFIID:GNOME_RemoteDesktopServer --oaf-ior-fd=17
ems       5605  0.0  0.2 328748 18648 ?        Ss   Sep10   0:00 gnome-panel --sm-client-id default2
ems       5607  0.0  0.2 478072 24016 ?        Ss   Sep10   0:00 nautilus --no-default-window --sm-client-id default3
ems       5611  0.0  0.0 230456  4692 ?        Ss   Sep10   0:00 gnome-volume-manager --sm-client-id default5
ems       5613  0.0  0.0 263488  7760 ?        Ss   Sep10   0:00 eggcups --sm-client-id default4
ems       5619  0.0  0.0 154336  4812 ?        Ss   Sep10   0:00 bt-applet --sm-disable
ems       5624  0.0  0.0 149492  3356 ?        S    Sep10   0:00 /usr/libexec/gnome-vfs-daemon
ems       5629  0.0  0.3 360904 31984 ?        Ss   Sep10   0:00 /usr/bin/python -tt /usr/bin/puplet
ems       5634  0.0  0.1 281112 12160 ?        Ss   Sep10   0:00 nm-applet --sm-disable
ems       5638  0.0  0.0 155092  4608 ?        Ss   Sep10   0:00 pam-panel-icon --sm-client-id default0
root      5640  0.0  0.0  12212   712 ?        S    Sep10   0:00 /sbin/pam_timestamp_check -d root
ems       5641  0.0  0.0 267588  6544 ?        Ss   Sep10   0:04 gnome-power-manager
ems       5647  0.0  0.0  72432  2680 ?        Sl   Sep10   0:00 ./escd --key_Inserted="/usr/bin/esc" --on_Signal="/usr/bin/esc"
root      5651  0.0  0.0  60080  3384 ?        S    Sep10   0:00 /usr/sbin/nm-system-settings --config /etc/NetworkManager/nm-system-settings.conf
ems       5660  0.0  0.1 365980  8588 ?        S    Sep10   0:00 /usr/libexec/trashapplet --oaf-activate-iid=OAFIID:GNOME_Panel_TrashApplet_Factory --oaf-ior-fd=23
ems       5670  0.0  0.0  13048  1244 ?        S    Sep10   0:00 /usr/libexec/gam_server
ems       5672  0.0  0.0  12852   896 ?        S    Sep10   0:00 /usr/libexec/mapping-daemon
ems       5674  0.0  0.1 297856 12296 ?        S    Sep10   0:03 /usr/libexec/clock-applet --oaf-activate-iid=OAFIID:GNOME_ClockApplet_Factory --oaf-ior-fd=24
ems       5677  0.0  0.0 241372  7192 ?        S    Sep10   0:00 /usr/libexec/notification-area-applet --oaf-activate-iid=OAFIID:GNOME_NotificationAreaApplet_Factory --oaf-ior-fd=25
ems       5679  0.0  0.1 317064 14328 ?        Sl   Sep10   0:00 /usr/libexec/mixer_applet2 --oaf-activate-iid=OAFIID:GNOME_MixerApplet_Factory --oaf-ior-fd=35
ems       5710  0.0  0.0 183376  2176 ?        Ss   Sep10   0:06 gnome-screensaver
ems       6021  0.0  0.0  78580  1316 ?        S    Sep10   0:13 scim-bridge
root      6432  0.0  0.0  10408   712 ?        Ss   Sep10   0:04 in.tftpd -s /tftpboot
root     28316  0.0  0.1 140148  8180 ?        SN   Sep11   0:00 /df8003/bin/dbmd
root     28317  0.0  0.0 135304  3472 ?        S    Sep11   1:59 /df8003/bin/netmd
root     28318  0.3  0.0 135436  3636 ?        SN   Sep11  12:16 /df8003/bin/applogd
root     28319  0.5  0.2 158784 21776 ?        S    Sep11  18:44 /df8003/bin/sysmd
root     28413  0.0  0.1 208608  9224 ?        SN   Sep11   0:00 /df8003/bin/procmd
root     28414  0.0  0.1 208112  9028 ?        SN   Sep11   0:00 proc_watchd
ems      28415  0.0  0.1 286112 13928 ?        SN   Sep11   0:57 almd_server_rep
ems      28416  0.0  0.4 628272 34284 ?        SN   Sep11   1:41 alm_replica -mode r
ems      28417  4.3  1.1 607844 96044 ?        SN   Sep11 142:02 SCADA_Rep -mode r
ems      28418  0.0  1.3 665648 109620 ?       SN   Sep11   0:06 SCADA_Server -mode s1
ems      28419  0.0  0.6 592276 56212 ?        SN   Sep11   0:00 CTRL_Server -mode s1
ems      28420  0.1  0.2 458540 20628 ?        SN   Sep11   5:13 comServer
ems      28421  0.1  1.1 980760 91572 ?        SN   Sep11   4:36 pasServer -mode r -rep
ems      28422  0.0  0.3 994244 25924 ?        SN   Sep11   0:00 pasServer -mode s1 -ref
ems      28432  0.0  0.2 994248 24192 ?        SN   Sep11   0:00 pasServer -mode s2 -ref
ems      28433  0.0  1.1 946364 91820 ?        SN   Sep11   0:02 pasEngine -mode s1 -ref
ems      28436  0.0  0.5 922784 43680 ?        SN   Sep11   0:00 pasEngine -mode s2 -ref
ems      28442  1.0  0.5 767284 44944 ?        SN   Sep11  34:19 AVCServer -mode r -rep
root     28446  0.2  0.1 213156  9396 ?        SN   Sep11   8:15 netmond -s 3600
root     28447  0.0  0.4 568736 39492 ?        SN   Sep11   0:00 ssrd
ems      28448  0.0  1.7 774652 143768 ?       SN   Sep11   0:02 optload -restart
ems      31768  0.0  0.2 305280 17340 ?        S    16:46   0:00 gnome-terminal
ems      32036  0.0  0.2 316260 18592 ?        Sl   16:46   0:00 gnome-terminal
ems      32042  0.0  0.0  78580  1024 ?        S    16:46   0:00 scim-bridge
ems      32047  0.0  0.0  14892   744 ?        S    16:46   0:00 gnome-pty-helper
ems      32048  0.0  0.0  68436  1712 pts/1    Ss+  16:46   0:00 bash
ems      32209  0.0  0.1 344700 14128 pts/1    S    16:46   0:00 mmi
ems      32210  0.9  1.8 1333964 151112 pts/1  SNl  16:46   0:04 mmi
ems      32211  0.8  1.8 1323848 150908 pts/1  SN   16:46   0:04 mmi
root     32385  0.0  0.0 102040  1552 ?        S    16:55   0:00 crond
root     32386  0.0  0.0   8724   972 ?        Ss   16:55   0:00 /bin/sh -c /home/nms/collection.sh >/dev/null
root     32387  0.0  0.0   8728  1020 ?        S    16:55   0:00 /bin/sh /home/nms/collection.sh
root     32397  0.0  0.0  10484   880 ?        R    16:55   0:00 ps aux
cmdbegin:mac
1: lo: <LOOPBACK,UP,LOWER_UP> mtu 16436 qdisc noqueue 
    link/loopback 00:00:00:00:00:00 brd 00:00:00:00:00:00
    inet 127.0.0.1/8 scope host lo
2: eth0: <BROADCAST,MULTICAST,SLAVE,UP,LOWER_UP> mtu 1500 qdisc pfifo_fast master bond0 qlen 1000
    link/ether 00:10:18:97:80:57 brd ff:ff:ff:ff:ff:ff
3: eth1: <BROADCAST,MULTICAST,SLAVE,UP,LOWER_UP> mtu 1500 qdisc pfifo_fast master bond0 qlen 1000
    link/ether 00:10:18:97:80:57 brd ff:ff:ff:ff:ff:ff
4: eth2: <BROADCAST,MULTICAST> mtu 1500 qdisc pfifo_fast qlen 1000
    link/ether 2c:27:d7:ee:d9:f4 brd ff:ff:ff:ff:ff:ff
5: bond0: <BROADCAST,MULTICAST,MASTER,UP,LOWER_UP> mtu 1500 qdisc noqueue 
    link/ether 00:10:18:97:80:57 brd ff:ff:ff:ff:ff:ff
    inet 192.168.108.178/24 brd 192.168.108.255 scope global bond0
cmdbegin:interface
Linux 2.6.18-238.el5 (dd4) 	09/13/13 	_x86_64_	(8 CPU)

16:55:08        IFACE   rxpck/s   txpck/s    rxkB/s    txkB/s   rxcmp/s   txcmp/s  rxmcst/s
16:55:09           lo     31.00     31.00      5.80      5.80      0.00      0.00      0.00
16:55:09         eth0    243.00      2.00    160.84      0.22      0.00      0.00     13.00
16:55:09         eth1    225.00      0.00    156.04      0.00      0.00      0.00      0.00
16:55:09         eth2      0.00      0.00      0.00      0.00      0.00      0.00      0.00
16:55:09        bond0    468.00      2.00    316.89      0.22      0.00      0.00     13.00

16:55:09        IFACE   rxpck/s   txpck/s    rxkB/s    txkB/s   rxcmp/s   txcmp/s  rxmcst/s
16:55:10           lo     65.00     65.00     18.35     18.35      0.00      0.00      0.00
16:55:10         eth0    215.00      7.00    128.73      1.06      0.00      0.00      6.00
16:55:10         eth1    203.00      0.00    126.16      0.00      0.00      0.00      0.00
16:55:10         eth2      0.00      0.00      0.00      0.00      0.00      0.00      0.00
16:55:10        bond0    418.00      7.00    254.89      1.06      0.00      0.00      6.00

16:55:10        IFACE   rxpck/s   txpck/s    rxkB/s    txkB/s   rxcmp/s   txcmp/s  rxmcst/s
16:55:11           lo     35.00     35.00      6.63      6.63      0.00      0.00      0.00
16:55:11         eth0    283.00      4.00    182.94      0.43      0.00      0.00     18.00
16:55:11         eth1    256.00      0.00    176.09      0.00      0.00      0.00      0.00
16:55:11         eth2      0.00      0.00      0.00      0.00      0.00      0.00      0.00
16:55:11        bond0    539.00      4.00    359.03      0.43      0.00      0.00     18.00

Average:        IFACE   rxpck/s   txpck/s    rxkB/s    txkB/s   rxcmp/s   txcmp/s  rxmcst/s
Average:           lo     43.67     43.67     10.26     10.26      0.00      0.00      0.00
Average:         eth0    247.00      4.33    157.50      0.57      0.00      0.00     12.33
Average:         eth1    228.00      0.00    152.76      0.00      0.00      0.00      0.00
Average:         eth2      0.00      0.00      0.00      0.00      0.00      0.00      0.00
Average:        bond0    475.00      4.33    310.27      0.57      0.00      0.00     12.33
cmdbegin:uname
Linux dd4
cmdbegin:usergroup
root:x:0:root
bin:x:1:root,bin,daemon
daemon:x:2:root,bin,daemon
sys:x:3:root,bin,adm
adm:x:4:root,adm,daemon
tty:x:5:
disk:x:6:root
lp:x:7:daemon,lp
mem:x:8:
kmem:x:9:
wheel:x:10:root
mail:x:12:mail
news:x:13:news
uucp:x:14:uucp
man:x:15:
games:x:20:
gopher:x:30:
dip:x:40:
ftp:x:50:
lock:x:54:
nobody:x:99:
users:x:100:ems,oracle
utmp:x:22:
utempter:x:35:
nscd:x:28:
distcache:x:94:
floppy:x:19:
vcsa:x:69:
ntp:x:38:
pcap:x:77:
slocate:x:21:
dbus:x:81:
audio:x:63:gdm
apache:x:48:
avahi:x:70:
rpc:x:32:
mailnull:x:47:
smmsp:x:51:
sshd:x:74:
webalizer:x:67:
oprofile:x:16:
squid:x:23:
rpcuser:x:29:
nfsnobody:x:4294967294:
xfs:x:43:
stapdev:x:101:
stapusr:x:102:
stap-server:x:155:
haldaemon:x:68:
avahi-autoipd:x:156:
gdm:x:42:
sabayon:x:86:
dfdz:x:500:ems
dba:x:501:oracle
cmdbegin:user
root:x:0:0:root:/root:/bin/bash
bin:x:1:1:bin:/bin:/sbin/nologin
daemon:x:2:2:daemon:/sbin:/sbin/nologin
adm:x:3:4:adm:/var/adm:/sbin/nologin
lp:x:4:7:lp:/var/spool/lpd:/sbin/nologin
sync:x:5:0:sync:/sbin:/bin/sync
shutdown:x:6:0:shutdown:/sbin:/sbin/shutdown
halt:x:7:0:halt:/sbin:/sbin/halt
mail:x:8:12:mail:/var/spool/mail:/sbin/nologin
news:x:9:13:news:/etc/news:
uucp:x:10:14:uucp:/var/spool/uucp:/sbin/nologin
operator:x:11:0:operator:/root:/sbin/nologin
games:x:12:100:games:/usr/games:/sbin/nologin
gopher:x:13:30:gopher:/var/gopher:/sbin/nologin
ftp:x:14:50:FTP User:/var/ftp:/sbin/nologin
nobody:x:99:99:Nobody:/:/sbin/nologin
nscd:x:28:28:NSCD Daemon:/:/sbin/nologin
distcache:x:94:94:Distcache:/:/sbin/nologin
vcsa:x:69:69:virtual console memory owner:/dev:/sbin/nologin
ntp:x:38:38::/etc/ntp:/sbin/nologin
pcap:x:77:77::/var/arpwatch:/sbin/nologin
dbus:x:81:81:System message bus:/:/sbin/nologin
apache:x:48:48:Apache:/var/www:/sbin/nologin
avahi:x:70:70:Avahi daemon:/:/sbin/nologin
rpc:x:32:32:Portmapper RPC user:/:/sbin/nologin
mailnull:x:47:47::/var/spool/mqueue:/sbin/nologin
smmsp:x:51:51::/var/spool/mqueue:/sbin/nologin
sshd:x:74:74:Privilege-separated SSH:/var/empty/sshd:/sbin/nologin
webalizer:x:67:67:Webalizer:/var/www/usage:/sbin/nologin
oprofile:x:16:16:Special user account to be used by OProfile:/home/oprofile:/sbin/nologin
squid:x:23:23::/var/spool/squid:/sbin/nologin
rpcuser:x:29:29:RPC Service User:/var/lib/nfs:/sbin/nologin
nfsnobody:x:4294967294:4294967294:Anonymous NFS User:/var/lib/nfs:/sbin/nologin
xfs:x:43:43:X Font Server:/etc/X11/fs:/sbin/nologin
haldaemon:x:68:68:HAL daemon:/:/sbin/nologin
avahi-autoipd:x:100:156:avahi-autoipd:/var/lib/avahi-autoipd:/sbin/nologin
gdm:x:42:42::/var/gdm:/sbin/nologin
sabayon:x:86:86:Sabayon user:/home/sabayon:/sbin/nologin
ems:x:115:500:ems:/df8003/home:/bin/bash
oracle:x:502:501:oracle:/usr/local/oracle:/bin/bash
cmdbegin:date
Fri Sep 13 16:55:11 CST 2013
cmdbegin:uptime
 16:55:11 up 2 days, 23:50,  2 users,  load average: 0.51, 0.23, 0.13
cmdbegin:end
