cmdbegin:version
Linux version 2.6.18-194.el5 (mockbuild@ia64-001.build.bos.redhat.com) (gcc version 4.1.2 20080704 (Red Hat 4.1.2-48)) #1 SMP Tue Mar 16 21:57:01 EDT 2010
cmdbegin:cpuconfig
processor  : 0
cpu MHz    : 1403.000000
processor  : 1
cpu MHz    : 1403.000000
processor  : 2
cpu MHz    : 1403.000000
processor  : 3
cpu MHz    : 1403.000000
processor  : 4
cpu MHz    : 1403.000000
processor  : 5
cpu MHz    : 1403.000000
processor  : 6
cpu MHz    : 1403.000000
processor  : 7
cpu MHz    : 1403.000000
cmdbegin:disk
Filesystem           1K-blocks      Used Available Use% Mounted on
/dev/sda4             20314748   1324912  17941260   7% /
/dev/sda5            169378632  91086064  69549660  57% /df8003
/dev/sda2             60944380   7836516  49962136  14% /usr
/dev/sda1               511696      9144    502552   2% /boot/efi
tmpfs                 16655408         0  16655408   0% /dev/shm
cmdbegin:diskperf
Linux 2.6.18-194.el5 (dsrt-b) 	09/13/13 	_ia64_	(8 CPU)

16:55:01          DEV       tps  rd_sec/s  wr_sec/s  avgrq-sz  avgqu-sz     await     svctm     %util
16:55:02       dev8-0      1.00      0.00      7.99      8.00      0.00      6.00      4.00      0.40

16:55:02          DEV       tps  rd_sec/s  wr_sec/s  avgrq-sz  avgqu-sz     await     svctm     %util
16:55:03       dev8-0      1.00      0.00     31.97     32.00      0.07     66.00     66.00      6.59

16:55:03          DEV       tps  rd_sec/s  wr_sec/s  avgrq-sz  avgqu-sz     await     svctm     %util
16:55:04       dev8-0      2.00      0.00     55.94     28.00      0.02      8.50      8.50      1.70

Average:          DEV       tps  rd_sec/s  wr_sec/s  avgrq-sz  avgqu-sz     await     svctm     %util
Average:       dev8-0      1.33      0.00     31.97     24.00      0.03     22.25     21.75      2.90
cmdbegin:cpu
Linux 2.6.18-194.el5 (dsrt-b) 	09/13/13 	_ia64_	(8 CPU)

16:55:04        CPU     %user     %nice   %system   %iowait    %steal     %idle
16:55:05        all      0.06     15.00      0.30      0.00      0.00     84.64
16:55:06        all      0.07     14.00      0.35      1.29      0.00     84.29
16:55:07        all      0.09      4.60      0.17      0.00      0.00     95.14
Average:        all      0.07     11.20      0.27      0.43      0.00     88.02
cmdbegin:memory
             total       used       free     shared    buffers     cached
Mem:      33310816   33130848     179968          0    1260656   24450624
-/+ buffers/cache:    7419568   25891248
Swap:     33554400        400   33554000
cmdbegin:process
USER       PID %CPU %MEM    VSZ   RSS TTY      STAT START   TIME COMMAND
root         1  0.0  0.0   4512  1728 ?        Ss    2012   0:33 init [5]                                                                                 
root         2  0.0  0.0      0     0 ?        S<    2012   0:01 [migration/0]
root         3  0.0  0.0      0     0 ?        SN    2012   0:47 [ksoftirqd/0]
root         4  0.0  0.0      0     0 ?        S<    2012   0:00 [watchdog/0]
root         5  0.0  0.0      0     0 ?        S<    2012   0:01 [migration/1]
root         6  0.0  0.0      0     0 ?        SN    2012   0:03 [ksoftirqd/1]
root         7  0.0  0.0      0     0 ?        S<    2012   0:00 [watchdog/1]
root         8  0.0  0.0      0     0 ?        S<    2012   0:06 [migration/2]
root         9  0.0  0.0      0     0 ?        SN    2012   0:35 [ksoftirqd/2]
root        10  0.0  0.0      0     0 ?        S<    2012   0:00 [watchdog/2]
root        11  0.0  0.0      0     0 ?        S<    2012   0:06 [migration/3]
root        12  0.0  0.0      0     0 ?        SN    2012   0:02 [ksoftirqd/3]
root        13  0.0  0.0      0     0 ?        S<    2012   0:00 [watchdog/3]
root        14  0.0  0.0      0     0 ?        S<    2012   0:01 [migration/4]
root        15  0.0  0.0      0     0 ?        SN    2012  16:56 [ksoftirqd/4]
root        16  0.0  0.0      0     0 ?        S<    2012   0:00 [watchdog/4]
root        17  0.0  0.0      0     0 ?        S<    2012   0:02 [migration/5]
root        18  0.0  0.0      0     0 ?        SN    2012   1:01 [ksoftirqd/5]
root        19  0.0  0.0      0     0 ?        S<    2012   0:00 [watchdog/5]
root        20  0.0  0.0      0     0 ?        S<    2012   0:00 [migration/6]
root        21  0.0  0.0      0     0 ?        SN    2012   1:41 [ksoftirqd/6]
root        22  0.0  0.0      0     0 ?        S<    2012   0:00 [watchdog/6]
root        23  0.0  0.0      0     0 ?        S<    2012   0:02 [migration/7]
root        24  0.0  0.0      0     0 ?        SN    2012   0:03 [ksoftirqd/7]
root        25  0.0  0.0      0     0 ?        S<    2012   0:00 [watchdog/7]
root        26  0.0  0.0      0     0 ?        S<    2012   0:01 [events/0]
root        27  0.0  0.0      0     0 ?        S<    2012   0:00 [events/1]
root        28  0.0  0.0      0     0 ?        S<    2012   0:00 [events/2]
root        29  0.0  0.0      0     0 ?        S<    2012   0:00 [events/3]
root        30  0.0  0.0      0     0 ?        S<    2012   0:00 [events/4]
root        31  0.0  0.0      0     0 ?        S<    2012   0:00 [events/5]
root        32  0.0  0.0      0     0 ?        S<    2012   0:00 [events/6]
root        33  0.0  0.0      0     0 ?        S<    2012   0:00 [events/7]
root        34  0.0  0.0      0     0 ?        S<    2012   0:00 [khelper]
root        67  0.0  0.0      0     0 ?        S<    2012   0:00 [kthread]
root        78  0.0  0.0      0     0 ?        S<    2012   0:04 [kblockd/0]
root        79  0.0  0.0      0     0 ?        S<    2012   0:01 [kblockd/1]
root        80  0.0  0.0      0     0 ?        S<    2012   0:01 [kblockd/2]
root        81  0.0  0.0      0     0 ?        S<    2012   0:00 [kblockd/3]
root        82  0.0  0.0      0     0 ?        S<    2012   0:44 [kblockd/4]
root        83  0.0  0.0      0     0 ?        S<    2012   0:09 [kblockd/5]
root        84  0.0  0.0      0     0 ?        S<    2012   0:00 [kblockd/6]
root        85  0.0  0.0      0     0 ?        S<    2012   0:00 [kblockd/7]
root        86  0.0  0.0      0     0 ?        S<    2012   0:00 [kacpid]
root       213  0.0  0.0      0     0 ?        S<    2012   0:00 [cqueue/0]
root       214  0.0  0.0      0     0 ?        S<    2012   0:00 [cqueue/1]
root       215  0.0  0.0      0     0 ?        S<    2012   0:00 [cqueue/2]
root       216  0.0  0.0      0     0 ?        S<    2012   0:00 [cqueue/3]
root       217  0.0  0.0      0     0 ?        S<    2012   0:00 [cqueue/4]
root       218  0.0  0.0      0     0 ?        S<    2012   0:00 [cqueue/5]
root       219  0.0  0.0      0     0 ?        S<    2012   0:00 [cqueue/6]
root       220  0.0  0.0      0     0 ?        S<    2012   0:00 [cqueue/7]
root       223  0.0  0.0      0     0 ?        S<    2012   0:00 [khubd]
root       225  0.0  0.0      0     0 ?        S<    2012   0:00 [kseriod]
root       323  0.0  0.0      0     0 ?        S     2012   0:00 [khungtaskd]
root       326  0.0  0.0      0     0 ?        S<    2012   0:11 [kswapd0]
root       327  0.0  0.0      0     0 ?        S<    2012   0:00 [aio/0]
root       328  0.0  0.0      0     0 ?        S<    2012   0:00 [aio/1]
root       329  0.0  0.0      0     0 ?        S<    2012   0:00 [aio/2]
root       330  0.0  0.0      0     0 ?        S<    2012   0:00 [aio/3]
root       331  0.0  0.0      0     0 ?        S<    2012   0:00 [aio/4]
root       332  0.0  0.0      0     0 ?        S<    2012   0:00 [aio/5]
root       333  0.0  0.0      0     0 ?        S<    2012   0:00 [aio/6]
root       334  0.0  0.0      0     0 ?        S<    2012   0:00 [aio/7]
root       500  0.0  0.0      0     0 ?        S<    2012   0:00 [kpsmoused]
root       638  0.0  0.0      0     0 ?        S<    2012   0:00 [mpt_poll_0]
root       639  0.0  0.0      0     0 ?        S<    2012   0:00 [mpt/0]
root       640  0.0  0.0      0     0 ?        S<    2012   0:00 [scsi_eh_0]
root       659  0.0  0.0      0     0 ?        S<    2012   0:00 [fc_sc_wq]
root       660  0.0  0.0      0     0 ?        S<    2012   0:24 [lpfc_worker_0]
root       661  0.0  0.0      0     0 ?        S<    2012   0:00 [scsi_eh_1]
root       662  0.0  0.0      0     0 ?        S<    2012   0:00 [scsi_wq_1]
root       663  0.0  0.0      0     0 ?        S<    2012   0:00 [fc_wq_1]
root       664  0.0  0.0      0     0 ?        S<    2012   0:00 [fc_dl_1]
root       665  0.0  0.0      0     0 ?        S<    2012   0:24 [lpfc_worker_1]
root       666  0.0  0.0      0     0 ?        S<    2012   0:00 [scsi_eh_2]
root       667  0.0  0.0      0     0 ?        S<    2012   0:00 [scsi_wq_2]
root       668  0.0  0.0      0     0 ?        S<    2012   0:00 [fc_wq_2]
root       669  0.0  0.0      0     0 ?        S<    2012   0:00 [fc_dl_2]
root       679  0.0  0.0      0     0 ?        S<    2012   0:00 [scsi_eh_3]
root       680  0.0  0.0      0     0 ?        S<    2012  38:09 [usb-storage]
root       700  0.0  0.0      0     0 ?        S<    2012   0:00 [kstriped]
root       737  0.0  0.0      0     0 ?        S<    2012  20:13 [kjournald]
root       762  0.0  0.0      0     0 ?        S<    2012   0:01 [kauditd]
root       795  0.0  0.0   5600  2000 ?        S<s   2012   0:00 /sbin/udevd -d
root      2074  0.0  0.0      0     0 ?        S<    2012   0:00 [kmpathd/0]
root      2075  0.0  0.0      0     0 ?        S<    2012   0:00 [kmpathd/1]
root      2076  0.0  0.0      0     0 ?        S<    2012   0:00 [kmpathd/2]
root      2077  0.0  0.0      0     0 ?        S<    2012   0:00 [kmpathd/3]
root      2078  0.0  0.0      0     0 ?        S<    2012   0:00 [kmpathd/4]
root      2079  0.0  0.0      0     0 ?        S<    2012   0:00 [kmpathd/5]
root      2080  0.0  0.0      0     0 ?        S<    2012   0:00 [kmpathd/6]
root      2081  0.0  0.0      0     0 ?        S<    2012   0:00 [kmpathd/7]
root      2082  0.0  0.0      0     0 ?        S<    2012   0:00 [kmpath_handlerd]
root      2159  0.0  0.0      0     0 ?        S<    2012  93:25 [kjournald]
root      2161  0.0  0.0      0     0 ?        S<    2012   2:55 [kjournald]
root      2388  0.0  0.0      0     0 ?        S<    2012   0:00 [bond0]
root      2885  0.0  0.0  82272  2128 ?        S<sl  2012   0:13 auditd
root      2887  0.0  0.0  80480  1792 ?        S<sl  2012   0:06 /sbin/audispd
root      2909  0.0  0.0   4608  1584 ?        Ss    2012   5:20 syslogd -m 0
root      2912  0.0  0.0   4432  1120 ?        Ss    2012   2:48 klogd -x
root      2980  0.0  0.0      0     0 ?        S<    2012   0:13 [kondemand/0]
root      2981  0.0  0.0      0     0 ?        S<    2012   0:00 [kondemand/1]
root      2982  0.0  0.0      0     0 ?        S<    2012   0:00 [kondemand/2]
root      2983  0.0  0.0      0     0 ?        S<    2012   0:00 [kondemand/3]
root      2984  0.0  0.0      0     0 ?        S<    2012   0:00 [kondemand/4]
root      2985  0.0  0.0      0     0 ?        S<    2012   0:00 [kondemand/5]
root      2986  0.0  0.0      0     0 ?        S<    2012   0:00 [kondemand/6]
root      2987  0.0  0.0      0     0 ?        S<    2012   0:00 [kondemand/7]
root      3007  0.0  0.0   6016  1152 ?        Ss    2012  25:03 irqbalance
rpc       3018  0.0  0.0   4800  1424 ?        Ss    2012   0:00 portmap
root      3051  0.0  0.0      0     0 ?        S<    2012   0:00 [rpciod/0]
root      3052  0.0  0.0      0     0 ?        S<    2012   0:00 [rpciod/1]
root      3053  0.0  0.0      0     0 ?        S<    2012   0:00 [rpciod/2]
root      3054  0.0  0.0      0     0 ?        S<    2012   0:00 [rpciod/3]
root      3055  0.0  0.0      0     0 ?        S<    2012   0:00 [rpciod/4]
root      3056  0.0  0.0      0     0 ?        S<    2012   0:00 [rpciod/5]
root      3057  0.0  0.0      0     0 ?        S<    2012   0:00 [rpciod/6]
root      3058  0.0  0.0      0     0 ?        S<    2012   0:00 [rpciod/7]
root      3071  0.0  0.0   4976  1904 ?        Ss    2012   0:00 rpc.statd
root      3095  0.0  0.0  14272  2160 ?        Ss    2012   0:00 rpc.idmapd
dbus      3110  0.0  0.0   7136  2560 ?        Ss    2012   0:18 dbus-daemon --system
root      3125  0.0  0.0   5536  1888 ?        Ss    2012   0:00 /usr/sbin/hcid
root      3129  0.0  0.0   4592  1296 ?        Ss    2012   0:00 /usr/sbin/sdpd
root      3174  0.0  0.0      0     0 ?        S<    2012   0:00 [krfcommd]
root      3210  0.0  0.0  25552  2704 ?        Ssl   2012   4:23 pcscd
root      3220  0.0  0.0   4352  1376 ?        Ss    2012   0:00 /usr/sbin/acpid
68        3229  0.0  0.0  11424  7120 ?        Ss    2012   0:40 hald
root      3230  0.0  0.0   6944  2832 ?        S     2012   0:00 hald-runner
68        3238  0.0  0.0   4480  2032 ?        S     2012   0:00 hald-addon-acpi: listening on acpid socket /var/run/acpid.socket
68        3240  0.0  0.0   4480  2048 ?        S     2012   0:00 hald-addon-keyboard: listening on /dev/input/event3
68        3244  0.0  0.0   4480  2032 ?        S     2012   0:00 hald-addon-keyboard: listening on /dev/input/event2
68        3251  0.0  0.0   4480  2032 ?        S     2012   0:00 hald-addon-keyboard: listening on /dev/input/event0
root      3270  0.0  0.0   4256  1664 ?        S     2012  27:25 hald-addon-storage: polling /dev/scd0
root      3296  0.0  0.0   5472  1216 ?        Ss    2012   0:00 /usr/bin/hidd --server
root      3323  0.0  0.0 123104  3696 ?        Ssl   2012   5:55 automount
root      3340  0.0  0.0  11248  2128 ?        Ss    2012   0:00 ./hpiod
root      3345  0.0  0.0  82992 10464 ?        S     2012   0:07 python ./hpssd.py
root      3358  0.0  0.0  16512  3328 ?        Ss    2012   0:00 /usr/sbin/sshd
root      3367  0.0  0.0  76768  6336 ?        Ss    2012   0:00 cupsd
root      3381  0.0  0.0   7392  2304 ?        Ss    2012   0:00 xinetd -stayalive -pidfile /var/run/xinetd.pid
ntp       3393  0.0  0.0   9760  9456 ?        SLs   2012   0:00 ntpd -u ntp:ntp -p /var/run/ntpd.pid -g
root      3413  0.0  0.0  20608  4880 ?        Ss    2012   0:14 sendmail: accepting connections
smmsp     3426  0.0  0.0  18208  3872 ?        Ss    2012   0:00 sendmail: Queue runner@01:00:00 for /var/spool/clientmqueue
root      3436  0.0  0.0   4512  1232 ?        Ss    2012   0:00 gpm -m /dev/input/mice -t exps2
root      3445  0.0  0.0  64192  2384 ?        Ss    2012   0:02 crond
xfs       3478  0.0  0.0   8544  3568 ?        Ss    2012   0:00 xfs -droppriv -daemon
root      3495  0.0  0.0   6048  1376 ?        Ss    2012   0:00 /usr/sbin/atd
root      3507  0.0  0.0   3296   560 ?        S     2012   0:00 salinfo_decode_all
root      3508  0.0  0.0   4240  1424 ?        S     2012   0:00 salinfo_decode -t cmc -D /var/log/salinfo -i 90 -s 90 -l 10
root      3509  0.0  0.0   3504  1328 ?        S     2012   0:00 salinfo_decode -t cpe -D /var/log/salinfo -i 90 -s 90 -l 10
root      3510  0.0  0.0   3504  1328 ?        S     2012   0:00 salinfo_decode -t init -D /var/log/salinfo -i 90 -s 90 -l 16
root      3511  0.0  0.0   3504  1328 ?        S     2012   0:00 salinfo_decode -t mca -D /var/log/salinfo -i 90 -s 90 -l 4
avahi     3545  0.0  0.0   6128  3200 ?        Ss    2012   0:04 avahi-daemon: running [dsrt-b.local]
avahi     3546  0.0  0.0   5984  1392 ?        Ss    2012   0:00 avahi-daemon: chroot helper
root      3609  0.0  0.0   8800  1312 ?        S     2012   0:00 /usr/sbin/smartd -q never
root      3614  0.0  0.0   3520  1232 tty1     Ss+   2012   0:00 /sbin/mingetty tty1
root      3615  0.0  0.0   3520  1232 tty2     Ss+   2012   0:00 /sbin/mingetty tty2
root      3616  0.0  0.0   3520  1232 tty3     Ss+   2012   0:00 /sbin/mingetty tty3
root      3617  0.0  0.0   3520  1232 tty4     Ss+   2012   0:00 /sbin/mingetty tty4
root      3619  0.0  0.0   3520  1232 tty5     Ss+   2012   0:00 /sbin/mingetty tty5
root      3621  0.0  0.0   3520  1232 tty6     Ss+   2012   0:00 /sbin/mingetty tty6
root      3623  0.0  0.0  88560  8768 ?        Ss    2012   0:00 /usr/sbin/gdm-binary -nodaemon
root      3723  0.0  0.0  90336  7392 ?        S     2012   0:00 /usr/sbin/gdm-binary -nodaemon
root      3725  0.0  0.0 102208 12000 ?        Sl    2012   0:00 /usr/libexec/gdm-rh-security-token-helper
root      3726  0.0  0.0  28128 13600 tty7     Ss+   2012   0:06 /usr/bin/Xorg :0 -br -audit 0 -auth /var/gdm/:0.Xauth -nolisten tcp vt7
root      3739  0.0  0.0 115264 27920 ?        SN    2012   0:12 /usr/bin/python -tt /usr/sbin/yum-updatesd
root      3741  0.0  0.0   5472  2928 ?        SN    2012   0:07 /usr/libexec/gam_server
gdm       3752  0.0  0.1 264656 51840 ?        Ss    2012   0:01 /usr/libexec/gdmgreeter
root      5317  0.0  0.0  20400  7312 ?        Ss   10:26   0:00 sshd: ems [priv] 
ems       5319  0.0  0.0  20400  4800 ?        S    10:26   0:00 sshd: ems@pts/5  
ems       5320  0.0  0.0  63600  3888 pts/5    Ss   10:26   0:00 -bash
ems       5412  0.0  0.0  15792  6848 pts/5    S+   10:27   0:00 ssh dsdms-a
root      6818  0.0  0.0  20400  7312 ?        Ss   Sep11   0:00 sshd: ems [priv] 
ems       6827  0.0  0.0  20400  4800 ?        S    Sep11   0:00 sshd: ems@pts/1  
ems       6830  0.0  0.0  63600  3888 pts/1    Ss   Sep11   0:00 -bash
ems       6936  0.0  0.0  15792  6848 pts/1    S+   Sep11   0:00 ssh dsint-a
ems       8986  0.0  0.0  66192  3600 ?        S    16:55   0:00 crond
ems       8987  0.0  0.0   5248  2560 ?        Ss   16:55   0:00 /bin/sh -c /df8003/home/nms/collection.sh >/dev/null
ems       8988  0.0  0.0   5312  2656 ?        S    16:55   0:00 /bin/sh /df8003/home/nms/collection.sh
ems       8998  0.0  0.0   4464  2048 ?        R    16:55   0:00 ps aux
ems      13532  0.0  5.3 3227344 1791904 ?     SN   Aug15   6:58 udb
root     22173  0.0  0.0  20400  7312 ?        Ss   Sep12   0:00 sshd: ems [priv] 
ems      22175  0.0  0.0  20400  4800 ?        S    Sep12   0:00 sshd: ems@pts/4  
ems      22176  0.0  0.0  63600  3888 pts/4    Ss   Sep12   0:00 -bash
ems      22268  0.0  0.0  15792  6848 pts/4    S+   Sep12   0:00 ssh dsint-a
root     24462  0.0  0.0  20400  7312 ?        Ss   Aug29   0:00 sshd: ems [priv] 
ems      24464  0.0  0.0  20400  4800 ?        S    Aug29   0:00 sshd: ems@pts/3  
ems      24465  0.0  0.0  63600  3888 pts/3    Ss   Aug29   0:00 -bash
ems      24558  0.0  0.0  15792  6848 pts/3    S+   Aug29   0:00 ssh dsint-a
root     24585  0.0  0.0      0     0 ?        S    Aug12   0:00 [pdflush]
root     24859  0.0  0.0      0     0 ?        S    Aug12  10:22 [pdflush]
root     25056  0.0  0.0  94144  7424 ?        S    Aug12  29:57 /df8003/bin/netmd
root     25057  0.0  0.0  98832 12080 ?        SN   Aug12   0:00 /df8003/bin/dbmd
root     25058  0.2  0.0  95696  7968 ?        SN   Aug12 133:58 /df8003/bin/applogd
root     25059  0.3  0.0 116992 25440 ?        S    Aug12 168:13 /df8003/bin/sysmd
root     25130  0.0  0.0 165648 15776 ?        SN   Aug12   0:14 /df8003/bin/procmd
root     25132  0.0  0.0 165088 15200 ?        SN   Aug12   0:00 proc_watchd
root     25133  0.2  0.0 166208 16320 ?        SN   Aug12 112:54 netmond -s 3600
ems      25135  0.0  0.0 233664 32208 ?        SN   Aug12   0:02 limit
ems      25136  1.1  1.7 1685840 589984 ?      SN   Aug12 524:24 SCADA_Server -mode r
ems      25137  0.0  0.0 1641104 28336 ?       SN   Aug12   0:00 alm_save -mode r
ems      25138  0.0  0.1 1641712 39248 ?       SN   Aug12   0:01 SCADA_Save
ems      25139  0.3  0.0 142368 28064 ?        SN   Aug12 150:15 hisWrite
ems      25141  0.0  0.0 1623328 27296 ?       SN   Aug12   0:01 CTRL_Server -mode r
ems      25142  0.0  0.0 1626064 28032 ?       SN   Aug12   0:00 SSM_Server -dts
ems      25143 26.4  4.6 2986656 1543488 ?     SN   Aug12 12278:16 PDR_Server
ems      25146  0.0  9.9 4928064 3300848 ?     SN   Aug12   0:02 RECUR_Server
ems      25150  0.0  0.0 136000 26784 ?        SN   Aug12   0:16 rdbmon
ems      25151  0.0  0.0  94208 14080 ?        SN   Aug12   0:17 grsd
root     25152 17.9  0.5 1825488 193936 ?      SN   Aug12 8339:17 ssrd
ems      25153  0.0  0.1 378640 39792 ?        SN   Aug12  20:31 comServer
ems      26058 15.3  1.0 1643600 358304 ?      SN   Aug12 7084:58 scada_misc
root     27112  0.0  0.0  20400  7312 ?        Ss   Aug27   0:00 sshd: ems [priv] 
ems      27114  0.0  0.0  20400  4832 ?        S    Aug27   0:00 sshd: ems@pts/2  
ems      27115  0.0  0.0  63600  3888 pts/2    Ss   Aug27   0:00 -bash
ems      27298  0.0  0.0  15792  6848 pts/2    S+   Aug27   0:00 ssh dsdms-a -X
ems      31929  0.0  0.0 157376 24592 ?        SN   Aug13  19:35 almd_server
cmdbegin:mac
1: lo: <LOOPBACK,UP,LOWER_UP> mtu 16436 qdisc noqueue 
    link/loopback 00:00:00:00:00:00 brd 00:00:00:00:00:00
    inet 127.0.0.1/8 scope host lo
    inet6 ::1/128 scope host 
       valid_lft forever preferred_lft forever
2: eth0: <BROADCAST,MULTICAST,SLAVE,UP,LOWER_UP> mtu 1500 qdisc pfifo_fast master bond0 qlen 1000
    link/ether 00:23:7d:3d:3b:ee brd ff:ff:ff:ff:ff:ff
3: eth1: <BROADCAST,MULTICAST,UP,LOWER_UP> mtu 1500 qdisc pfifo_fast qlen 1000
    link/ether 00:24:81:77:c0:ae brd ff:ff:ff:ff:ff:ff
    inet6 fe80::224:81ff:fe77:c0ae/64 scope link 
       valid_lft forever preferred_lft forever
4: eth2: <BROADCAST,MULTICAST> mtu 1500 qdisc pfifo_fast qlen 1000
    link/ether 00:24:81:77:c0:af brd ff:ff:ff:ff:ff:ff
5: eth3: <NO-CARRIER,BROADCAST,MULTICAST,SLAVE,UP> mtu 1500 qdisc pfifo_fast master bond0 qlen 1000
    link/ether 00:23:7d:3d:3b:ee brd ff:ff:ff:ff:ff:ff
6: sit0: <NOARP> mtu 1480 qdisc noop 
    link/sit 0.0.0.0 brd 0.0.0.0
7: bond0: <BROADCAST,MULTICAST,MASTER,UP,LOWER_UP> mtu 1500 qdisc noqueue 
    link/ether 00:23:7d:3d:3b:ee brd ff:ff:ff:ff:ff:ff
    inet 192.168.1.4/24 brd 192.168.1.255 scope global bond0
    inet6 fe80::223:7dff:fe3d:3bee/64 scope link 
       valid_lft forever preferred_lft forever
cmdbegin:interface
Linux 2.6.18-194.el5 (dsrt-b) 	09/13/13 	_ia64_	(8 CPU)

16:55:07        IFACE   rxpck/s   txpck/s    rxkB/s    txkB/s   rxcmp/s   txcmp/s  rxmcst/s
16:55:08           lo     23.00     23.00      5.22      5.22      0.00      0.00      0.00
16:55:08         eth0    105.00     49.00     30.35     34.58      0.00      0.00      0.00
16:55:08         eth1     51.00      0.00     22.30      0.00      0.00      0.00      0.00
16:55:08         eth2      0.00      0.00      0.00      0.00      0.00      0.00      0.00
16:55:08         eth3      0.00      0.00      0.00      0.00      0.00      0.00      0.00
16:55:08         sit0      0.00      0.00      0.00      0.00      0.00      0.00      0.00
16:55:08        bond0    105.00     49.00     30.35     34.58      0.00      0.00      0.00

16:55:08        IFACE   rxpck/s   txpck/s    rxkB/s    txkB/s   rxcmp/s   txcmp/s  rxmcst/s
16:55:09           lo      5.99      5.99      1.25      1.25      0.00      0.00      0.00
16:55:09         eth0    146.85     15.98    139.55      0.96      0.00      0.00     17.98
16:55:09         eth1    124.88      0.00    135.59      0.00      0.00      0.00      0.00
16:55:09         eth2      0.00      0.00      0.00      0.00      0.00      0.00      0.00
16:55:09         eth3      0.00      0.00      0.00      0.00      0.00      0.00      0.00
16:55:09         sit0      0.00      0.00      0.00      0.00      0.00      0.00      0.00
16:55:09        bond0    146.85     15.98    139.55      0.96      0.00      0.00     17.98

16:55:09        IFACE   rxpck/s   txpck/s    rxkB/s    txkB/s   rxcmp/s   txcmp/s  rxmcst/s
16:55:10           lo      9.99      9.99      4.86      4.86      0.00      0.00      0.00
16:55:10         eth0    211.79     44.96    194.11     35.28      0.00      0.00      0.00
16:55:10         eth1    168.83      0.00    188.11      0.00      0.00      0.00      0.00
16:55:10         eth2      0.00      0.00      0.00      0.00      0.00      0.00      0.00
16:55:10         eth3      0.00      0.00      0.00      0.00      0.00      0.00      0.00
16:55:10         sit0      0.00      0.00      0.00      0.00      0.00      0.00      0.00
16:55:10        bond0    211.79     44.96    194.11     35.28      0.00      0.00      0.00

Average:        IFACE   rxpck/s   txpck/s    rxkB/s    txkB/s   rxcmp/s   txcmp/s  rxmcst/s
Average:           lo     12.99     12.99      3.77      3.77      0.00      0.00      0.00
Average:         eth0    154.56     36.64    121.37     23.60      0.00      0.00      6.00
Average:         eth1    114.92      0.00    115.37      0.00      0.00      0.00      0.00
Average:         eth2      0.00      0.00      0.00      0.00      0.00      0.00      0.00
Average:         eth3      0.00      0.00      0.00      0.00      0.00      0.00      0.00
Average:         sit0      0.00      0.00      0.00      0.00      0.00      0.00      0.00
Average:        bond0    154.56     36.64    121.37     23.60      0.00      0.00      6.00
cmdbegin:uname
Linux dsrt-b
cmdbegin:usergroup
root:x:0:root
bin:x:1:root,bin,daemon
daemon:x:2:root,bin,daemon
sys:x:3:root,bin,adm
adm:x:4:root,adm,daemon
tty:x:5:
disk:x:6:root
lp:x:7:daemon,lp
mem:x:8:
kmem:x:9:
wheel:x:10:root
mail:x:12:mail
news:x:13:news
uucp:x:14:uucp
man:x:15:
games:x:20:
gopher:x:30:
dip:x:40:
ftp:x:50:
lock:x:54:
nobody:x:99:
users:x:100:
audio:x:63:gdm
nscd:x:28:
floppy:x:19:
vcsa:x:69:
utmp:x:22:
rpc:x:32:
mailnull:x:47:
smmsp:x:51:
pcap:x:77:
utempter:x:35:
slocate:x:21:
dbus:x:81:
avahi:x:70:
rpcuser:x:29:
nfsnobody:x:4294967294:
sshd:x:74:
haldaemon:x:68:
avahi-autoipd:x:101:
distcache:x:94:
apache:x:48:
ntp:x:38:
oprofile:x:16:
webalizer:x:67:
squid:x:23:
xfs:x:43:
gdm:x:42:
sabayon:x:86:
stapdev:x:102:
stapusr:x:103:
screen:x:84:
dfdz:x:500:
oracle:x:501:
cmdbegin:user
root:x:0:0:root:/root:/bin/bash
bin:x:1:1:bin:/bin:/sbin/nologin
daemon:x:2:2:daemon:/sbin:/sbin/nologin
adm:x:3:4:adm:/var/adm:/sbin/nologin
lp:x:4:7:lp:/var/spool/lpd:/sbin/nologin
sync:x:5:0:sync:/sbin:/bin/sync
shutdown:x:6:0:shutdown:/sbin:/sbin/shutdown
halt:x:7:0:halt:/sbin:/sbin/halt
mail:x:8:12:mail:/var/spool/mail:/sbin/nologin
news:x:9:13:news:/etc/news:
uucp:x:10:14:uucp:/var/spool/uucp:/sbin/nologin
operator:x:11:0:operator:/root:/sbin/nologin
games:x:12:100:games:/usr/games:/sbin/nologin
gopher:x:13:30:gopher:/var/gopher:/sbin/nologin
ftp:x:14:50:FTP User:/var/ftp:/sbin/nologin
nobody:x:99:99:Nobody:/:/sbin/nologin
nscd:x:28:28:NSCD Daemon:/:/sbin/nologin
vcsa:x:69:69:virtual console memory owner:/dev:/sbin/nologin
rpc:x:32:32:Portmapper RPC user:/:/sbin/nologin
mailnull:x:47:47::/var/spool/mqueue:/sbin/nologin
smmsp:x:51:51::/var/spool/mqueue:/sbin/nologin
pcap:x:77:77::/var/arpwatch:/sbin/nologin
dbus:x:81:81:System message bus:/:/sbin/nologin
avahi:x:70:70:Avahi daemon:/:/sbin/nologin
rpcuser:x:29:29:RPC Service User:/var/lib/nfs:/sbin/nologin
nfsnobody:x:4294967294:4294967294:Anonymous NFS User:/var/lib/nfs:/sbin/nologin
sshd:x:74:74:Privilege-separated SSH:/var/empty/sshd:/sbin/nologin
haldaemon:x:68:68:HAL daemon:/:/sbin/nologin
avahi-autoipd:x:100:101:avahi-autoipd:/var/lib/avahi-autoipd:/sbin/nologin
distcache:x:94:94:Distcache:/:/sbin/nologin
apache:x:48:48:Apache:/var/www:/sbin/nologin
ntp:x:38:38::/etc/ntp:/sbin/nologin
oprofile:x:16:16:Special user account to be used by OProfile:/home/oprofile:/sbin/nologin
webalizer:x:67:67:Webalizer:/var/www/usage:/sbin/nologin
squid:x:23:23::/var/spool/squid:/sbin/nologin
xfs:x:43:43:X Font Server:/etc/X11/fs:/sbin/nologin
gdm:x:42:42::/var/gdm:/sbin/nologin
sabayon:x:86:86:Sabayon user:/home/sabayon:/sbin/nologin
ems:x:115:500::/df8003/home:/bin/bash
oracle:x:502:501::/usr/local/oracle:/bin/bash
cmdbegin:date
Fri Sep 13 16:55:10 CST 2013
cmdbegin:uptime
 16:55:10 up 298 days,  8:28,  5 users,  load average: 1.04, 0.67, 0.76
cmdbegin:end
