cmdbegin:disk
Filesystem           1024-blocks        Used   Available Capacity  Mounted on
root_domain#root         1048576      352850      685088    34%    /
/proc                          0           0           0   100%    /proc
usr_domain#usr          10485760     1334290     7718304    15%    /usr
usr_domain#var          10485760     1409793     7718304    16%    /var
df8003_domain#df8003    38626144    32424557     6093320    85%    /df8003
local_domain#local      16777216     2520288    14201016    16%    /usr/local
cmdbegin:proc
USER            PID %CPU %MEM   VSZ  RSS TTY      S    STARTED         TIME COMMAND
ems          255872  6.6  4.2  318M  85M ??       S N    Sep 11    04:50:56 SCADA_Rep -mode r
ems          255849  1.9  1.2  425M  24M ??       S N    Sep 11    01:43:14 AVCServer -mode r -rep
root         255790  1.1  0.0 21.5M 752K ??       S <    Sep 11    01:15:42 /df8003/bin/applogd
ems          316199  1.0  4.2  829M  85M pts/6    R  +   Sep 12    19:42.27 qtmmi
root         255705  0.9  0.3 48.3M 5.3M ??       S <    Sep 11    30:32.90 /df8003/bin/sysmd
root              0  0.4  4.4 2.54G  90M ??       R <    Mar 26  1-08:12:12 [kernel idle]
ems          316249  0.3  4.2  829M  86M pts/6    R  +   Sep 12    17:58.48 qtmmi
ems          255852  0.3  0.2  186M 3.1M ??       S N    Sep 11    13:27.37 comServer
root         255900  0.2  0.1 91.5M 2.0M ??       R N    Sep 11     8:53.37 netmond -s 3600
ems           30993  0.0  0.0 2.94M   0K pts/0    IW     Sep 06     0:00.07 -ksh (ksh)
ems           41618  0.0  0.0 2.94M   0K pts/1    IW +   Sep 06     0:00.05 -ksh (ksh)
ems           41711  0.0  0.0 6.35M   0K pts/0    IW +   Sep 06     0:00.03 rlogin eshis-b
ems           41717  0.0  0.0 6.35M   0K pts/0    IW +   Sep 06     0:00.00 rlogin eshis-b
ems          316250  0.0  0.0 57.1M 848K pts/6    S  +   Sep 12     0:01.80 qtmmi
ems          415409  0.0  0.0 9.20M   0K pts/11   IW +   Sep 03     0:00.10 vi abc.txt
ems          414995  0.0  0.0 2.90M   0K pts/11   IW     Sep 03     0:00.07 -ksh (ksh)
root         414973  0.0  0.0 2.52M   0K ??       IW     Sep 03     0:00.04 rlogind
ems          150982  0.0  0.0 5.88M  16K ??       I      Jul 02     0:00.04 /usr/dt/bin/dtexec -open 0 -ttprocid 2.1HQs3C 01 335437 1342177279 1 1 115 192.168.108.141 4_103_1 /usr/dt/bin/dtterm -ls
ems          151020  0.0  0.0 11.6M   0K ??       IW     Jul 02     0:00.59 /usr/dt/bin/dtterm -ls
ems          150957  0.0  0.0 2.94M   0K pts/46   IW +   Jul 02     0:00.06 -ksh (ksh)
root           8703  0.0  1.6  307M  32M ??       S <    Mar 26  3-02:34:40 /usr/bin/X11/X :0 -auth /var/dt/authdir/authfiles/A:0-EJVnYo
root           8707  0.0  0.0 1.10G 272K ??       S      Mar 26     1:58.92 /usr/sbin/smsd -d
root           8709  0.0  0.0  584K   0K console  IW +   Mar 26     0:00.03 /usr/sbin/getty console console vt100
root           8815  0.0  0.0 7.29M   0K ??       IW     Mar 26     0:00.26 rpc.ttdbserverd
daemon       412451  0.0  0.0 10.9M  88K ??       I      Aug 09     0:00.10 rpc.cmsd
root           8676  0.0  0.2 14.7M 4.3M ??       S      Mar 26     0:32.78 /usr/opt/java131/bin/../bin/alpha/native_threads/java -classic -mx2m -Dos.version=boot authentication.server.AuthenticationServer
root           5221  0.0  0.0 6.50M 368K ??       S      Mar 26     0:47.21 sendmail: accept -bd -q15m -om
root           1090  0.0  0.0 2.20M   0K ??       IW     Mar 26     0:00.01 /usr/sbin/utxd
root           1068  0.0  0.0 3.19M   0K ??       IW     Mar 26     0:00.01 /usr/lbin/lpd
root           8535  0.0  0.0 4.89M 576K ??       S      Mar 26     0:12.93 /usr/opt/networker/bin/nsrexecd
root           8536  0.0  0.0 4.95M 552K ??       S      Mar 26     0:18.03 /usr/opt/networker/bin/nsrexecd
root           8539  0.0  0.1 7.30M 1.7M ??       S      Mar 26     1:28.33 /usr/opt/networker/bin/nsrd
root           8545  0.0  0.0 7.83M 824K ??       S N    Mar 26     2:29.11 /usr/opt/networker/bin/nsrmmdbd
root           8549  0.0  0.0 8.16M 448K ??       R      Mar 26    02:13:40 /usr/bin/mmeserver -config /var/mme/system.ini
root           8567  0.0  0.0 4.79M  80K ??       S      Mar 26     0:03.81 /usr/opt/networker/bin/nsrindexd
root           8576  0.0  0.0 5.35M 232K ??       I      Mar 26     3:56.16 /usr/dt/bin/dtlogin -daemon
root           1021  0.0  0.0 2.41M  80K ??       I      Mar 26     0:03.47 -child (inetd)
root            824  0.0  0.0 4.48M  56K ??       S <    Mar 26     0:00.36 /usr/sbin/pmgrd
root            822  0.0  0.0 4.09M 128K ??       S      Mar 26     0:32.01 /usr/sbin/os_mibs
root            820  0.0  0.0 4.96M 280K ??       S      Mar 26     0:36.26 /usr/sbin/cpq_mibs
root            819  0.0  0.0 3.20M  48K ??       I      Mar 26     0:03.26 /usr/sbin/svrSystem_mib
root            817  0.0  0.0 3.11M  72K ??       S      Mar 26     0:10.09 /usr/sbin/svrMgt_mib
root            809  0.0  0.0 2.59M  96K ??       S      Mar 26     0:20.07 /usr/sbin/snmpd
root            772  0.0  0.0 3.38M 200K ??       S      Mar 26     1:10.35 /usr/sbin/xntpd -g -c /etc/ntp.conf
root            489  0.0  0.0 2.27M   0K ??       I      Mar 26     0:00.29 /usr/sbin/nfsiod 7
root            486  0.0  0.0 2.79M 144K ??       I      Mar 26     0:01.72 /usr/sbin/portmap
root            397  0.0  0.0 3.61M 160K ??       I      Mar 26     0:06.59 /usr/sbin/binlogd
root            393  0.0  0.0 2.94M 200K ??       S      Mar 26     0:10.85 /usr/sbin/syslogd -e
root            352  0.0  0.0 2.82M 120K ??       I      Mar 26     0:02.32 /usr/sbin/niffd
root            225  0.0  0.0 2.86M 112K ??       S      Mar 26     0:04.09 /usr/sbin/evmchmgr -l /var/evm/adm/logfiles/evmchmgr.log
root            224  0.0  0.0 3.38M 240K ??       S      Mar 26     0:24.36 /usr/sbin/evmlogger -o /var/run/evmlogger.info -l /var/evm/adm/logfiles/evmlogger.log
root            944  0.0  0.0 3.06M 128K ??       S      Mar 26     0:11.52 /usr/sbin/cpqthresh_mib
root            962  0.0  0.0 8.77M 416K ??       S      Mar 26     0:14.94 /usr/sbin/insightd
root            971  0.0  0.0 6.59M 880K ??       S      Mar 26    01:45:13 /usr/sbin/envmond -ui cli
root            974  0.0  0.0 4.33M 408K ??       S      Mar 26     0:27.98 /usr/sbin/config_hmmod
root           1006  0.0  0.0 5.77M 272K ??       S <    Mar 26     0:04.89 /usr/sbin/advfsd
root           1009  0.0  0.0 4.33M 408K ??       S      Mar 26     0:25.92 /usr/sbin/sysman_hmmod
root           1020  0.0  0.0 2.33M   0K ??       IW     Mar 26     0:00.00 /usr/sbin/inetd
root            187  0.0  0.0 3.97M 632K ??       S      Mar 26     0:50.22 /usr/sbin/evmd
ems          256449  0.0  0.0 2.94M   0K pts/6    IW     Sep 11     0:00.06 -ksh (ksh)
root         261562  0.0  0.0 3.93M 176K ??       S      Jul 23     0:47.19 cron
ems          255896  0.0  0.1  859M 1.1M ??       S N    Sep 11     0:12.00 pasEngine -mode s2 -ref
ems          255889  0.0  0.1  865M 1.1M ??       S N    Sep 11     0:12.69 pasEngine -mode s1 -ref
ems          255886  0.0  0.2  631M 3.6M ??       S N    Sep 11     0:57.34 pasServer -mode s2 -ref
ems          255885  0.0  0.1  324M 3.0M ??       S N    Sep 11     0:07.82 CTRL_Server -mode s1
root         255884  0.0  0.1 90.9M 2.2M ??       S N    Sep 11     0:02.87 /df8003/bin/procmd
ems          255877  0.0  0.1 43.3M 1.5M ??       S N    Sep 11     1:54.70 almd_server_rep
root              1  0.0  0.0  608K  32K ??       SL     Mar 26     0:27.72 /sbin/init -a
root         255870  0.0  0.0 90.4M   0K ??       IWN    Sep 11     0:00.29 proc_watchd
ems          255866  0.0  0.4  479M 7.4M ??       S N    Sep 11     0:20.32 optload -restart
root         255861  0.0  0.1  293M 1.6M ??       R N    Sep 11     0:28.50 ssrd
root              3  0.0  0.0 1.85M 720K ??       I      Mar 26     0:02.81 /sbin/kloadsrv
root              5  0.0  0.0 3.08M  80K ??       S      Mar 26     0:03.87 /sbin/hotswapd
ems          255834  0.0  0.2  631M 3.2M ??       S N    Sep 11     0:57.03 pasServer -mode s1 -ref
ems          255824  0.0  1.4  621M  29M ??       S N    Sep 11    15:48.94 pasServer -mode r -rep
ems          255814  0.0  0.9  339M  18M ??       S N    Sep 11     4:22.27 alm_replica -mode r
ems          255795  0.0  1.2  346M  25M ??       S N    Sep 11     0:50.44 SCADA_Server -mode s1
root             50  0.0  0.0 2.93M   0K ??       IW     Mar 26     0:00.03 /usr/sbin/esmd
root         255784  0.0  0.0 26.0M   0K ??       IWN    Sep 11     0:00.03 /df8003/bin/dbmd
root         255748  0.0  0.0 21.2M 424K ??       S <    Sep 11     1:44.97 /df8003/bin/netmd
root             61  0.0  0.0 2.16M  48K ??       S      Mar 26     0:01.97 /sbin/update
ems          255407  0.0  0.0 2.98M   0K pts/5    IW +   Sep 11     0:00.02 /bin/ksh
ems          505597  0.0  0.0 6.35M   0K pts/14   IW +   Sep 05     0:00.02 rlogin zdzfa
ems          505584  0.0  0.0 6.35M   0K pts/14   IW +   Sep 05     0:00.03 rlogin zdzfa
ems          504570  0.0  0.0 2.94M   0K pts/14   IW     Sep 05     0:00.06 -ksh (ksh)
root         363506  0.0  0.4 11.8M 8.2M ??       R    16:55:01     0:00.11 ps aux
root         363412  0.0  0.0 2.68M 216K ??       S    16:55:00     0:00.01 sh -c /home/nms/collection.sh >/dev/null
root         363292  0.0  0.0 2.68M 224K ??       S    16:55:01     0:00.01 /home/nms/collection.sh
ems          474145  0.0  0.0 2.94M   0K pts/13   IW +   Sep 04     0:00.05 -ksh (ksh)
ems          471197  0.0  0.0 13.0M 816K pts/2    S  +   Sep 04     0:27.00 dtterm
ems          471166  0.0  0.0 2.94M   0K pts/2    IW     Sep 04     0:00.06 -ksh (ksh)
ems          471152  0.0  0.0 2.98M   0K pts/3    IW +   Sep 04     0:00.02 /bin/ksh
ems          335556  0.0  0.0 2.94M   0K pts/4    IW +   Apr 15     0:00.05 -ksh (ksh)
ems          335453  0.0  0.0 11.6M   0K ??       IW     Apr 15     0:00.08 /usr/dt/bin/dtterm -session dtOI2CeZ -ls
ems          335451  0.0  0.0 13.5M 224K ??       I      Apr 15     0:01.15 dtfile -session dtciRH3U
ems          335445  0.0  0.1 14.9M 1.8M ??       S      Apr 15    12:02.27 dtwm
ems          335437  0.0  0.0 7.53M   0K ??       IW     Apr 15     0:00.28 /usr/dt/bin/ttsession -s
ems          335402  0.0  0.0 11.5M   0K ??       IW     Apr 15     0:00.18 /usr/dt/bin/dtsession
ems          335382  0.0  0.2 24.9M 4.1M ??       I      Apr 15     0:52.53 /usr/bin/X11/dxhanziim -xrm *fontList: -dt-interface system-medium-r-normal-m-*-*-*-*-*-*-*-*:
root         335317  0.0  0.0 5.34M   0K ??       IW     Apr 15     0:00.01 dtlogin <:0> -daemon
ems          464659  0.0  0.0 14.4M 888K ??       S      Sep 04     0:50.58 /usr/dt/bin/dtterm -ls
ems          464604  0.0  0.0 5.88M  16K ??       I      Sep 04     0:00.02 /usr/dt/bin/dtexec -open 0 -ttprocid 2.1HQs3C 01 335437 1342177279 1 1 115 192.168.108.141 4_112_1 /usr/dt/bin/dtterm -ls
cmdbegin:vmstat
Virtual Memory Statistics: (pagesize = 8192)
  procs      memory        pages                            intr       cpu
  r   w   u  act free wire fault  cow zero react  pin pout  in  sy  cs us sy id
  3 241  37 117K 104K  30K    4G 247M 818M  104M   1G   6M 313 11K  3K 30  8 62
cmdbegin:vm -P

Total Physical Memory =  2048.00 M
                      =   262144 pages

Physical Memory Clusters:

start_pfn     end_pfn        type  size_pages / size_bytes
         0         351         pal         351 /    2.74M
       351      262135          os      261784 / 2045.19M
    262135      262144         pal           9 /   72.00k

Physical Memory Use:

 start_pfn     end_pfn        type  size_pages / size_bytes
       351         521    scavenge         170 /    1.33M
       521        1394        text         873 /    6.82M
      1394        1559        data         165 /    1.29M
      1559        1822         bss         263 /    2.05M
      1822        2038      kdebug         216 /    1.69M
      2038        2046     cfgmgmt           8 /   64.00k
      2046        2047       locks           1 /    8.00k
      2047        2063        pmap          16 /  128.00k
      2063        3527   unixtable        1464 /   11.44M
      3527        3575        logs          48 /  384.00k
      3575        9622    vmtables        6047 /   47.24M
      9622      262135     managed      252513 / 1972.76M
                             ============================
         Total Physical Memory Use:     261784 / 2045.19M

Managed Pages Break Down:

       free pages = 104143
     active pages = 14418
   inactive pages = 13632
      wired pages = 30683
        ubc pages = 89806
        ==================
            Total = 252682

WIRED Pages Break Down:

   vm wired pages = 4805
  ubc wired pages = 0
  meta data pages = 7802
     malloc pages = 10405
     contig pages = 5526
    user ptepages = 1875
  kernel ptepages = 264
    free ptepages = 6
        ==================
            Total = 30683

cmdbegin:uname
OSF1 ewmain1
cmdbegin:date
Fri Sep 13 16:55:01 CST 2013
cmdbegin:uptime
16:55  up 171 days,  8:02,  12 users,  load average: 0.23, 0.37, 0.43
cmdbegin:ifconfig
ee0: flags=4000c63<UP,BROADCAST,NOTRAILERS,RUNNING,MULTICAST,SIMPLEX,RESERVED>
     NetRAIN Virtual Interface: nr1 
     NetRAIN Attached Interfaces: ( ee0 ee1 ) Active Interface: ( ee0 )

ee1: flags=4000c63<UP,BROADCAST,NOTRAILERS,RUNNING,MULTICAST,SIMPLEX,RESERVED>
     NetRAIN Virtual Interface: nr1 
     NetRAIN Attached Interfaces: ( ee0 ee1 ) Active Interface: ( ee0 )

ee2: flags=c63<UP,BROADCAST,NOTRAILERS,RUNNING,MULTICAST,SIMPLEX>
     inet 192.168.109.121 netmask ffffff00 broadcast 192.168.109.255 ipmtu 1500 

ee3: flags=c63<UP,BROADCAST,NOTRAILERS,RUNNING,MULTICAST,SIMPLEX>

lo0: flags=100c89<UP,LOOPBACK,NOARP,MULTICAST,SIMPLEX,NOCHECKSUM>
     inet 127.0.0.1 netmask ff000000 ipmtu 4096 

nr1: flags=c63<UP,BROADCAST,NOTRAILERS,RUNNING,MULTICAST,SIMPLEX>
     NetRAIN Attached Interfaces: ( ee0 ee1 ) Active Interface: ( ee0 )
     inet 192.168.108.141 netmask ffffff00 broadcast 192.168.108.255 ipmtu 1500 

sl0: flags=10<POINTOPOINT>

tun0: flags=80<NOARP>

tun1: flags=80<NOARP>

cmdbegin:netstat
Name  Mtu   Network        Address               Ipkts Ierrs    Opkts Oerrs  Coll
ee0   1500  <Link>         02:14:38:eb:ea:ba  4674539080    10 525941259     0     0
ee0   1500  DLI            none               4674539080    10 525941259     0     0
ee1   1500  <Link>         00:14:38:eb:ea:b9  3702508219    10        1     0     0
ee1   1500  DLI            none               3702508219    10        1     0     0
ee2   1500  <Link>         00:13:21:08:91:8e         0     0   260837 260836     0
ee2   1500  DLI            none                      0     0   260837 260836     0
ee2   1500  192.168.109/24 192.168.109.121           0     0   260837 260836     0
ee3   1500  <Link>         00:13:21:08:91:8f         0     0   252635 252634     0
ee3   1500  DLI            none                      0     0   252635 252634     0
lo0   4096  <Link>         Link#6             1526606070     0 1526606070     0     0
lo0   4096  127/8          127.0.0.1          1526606070     0 1526606070     0     0
nr1   1500  <Link>         02:14:38:eb:ea:ba  4674539080     0 525941259     0     0
nr1   1500  192.168.108/24 192.168.108.141    4674539080     0 525941259     0     0
nr1   1500  DLI            none               4674539080     0 525941259     0     0
sl0*  296   <Link>         Link#5                    0     0        0     0     0
tun0* 1280  <Link>         Link#7                    0     0        0     0     0
tun1* 1280  <Link>         Link#8                    0     0        0     0     0
cmdbegin:end
cmdbegin:memoryend
root:EVptOTbmOlvzo:0:1:system PRIVILEGED account:/:/bin/sh
nobody:*Nologin:65534:65534:anonymous NFS user:/:
nobodyV:*Nologin:60001:60001:anonymous SystemV.4 NFS user:/:
daemon:*:1:1:system background account:/:
bin:*:3:4:system librarian account:/bin:
uucp:Nologin:4:2:UNIX-to-UNIX Copy:/usr/spool/uucppublic:/usr/lib/uucp/uucico
uucpa:Nologin:4:2:uucp adminstrative account:/usr/lib/uucp:
auth:*:6:11:Authentication Subsystem:/tcb/bin:
cron:*:7:14:Cron Subsystem:/usr/adm/cron:
lp:*:8:12:Line Printer Subsystem:/users/lp:
tcb:*:9:18:Trusted Computing Base:/tcb:
adm:*:10:19:Administration Subsystem:/usr/adm:
ris:Nologin:11:21:Remote Installation Services Account:/usr/adm/ris:/bin/sh
wnn:Nologin:12:1:Wnn Japanese Input Method System Account:/tmp:/bin/sh
pop:*:13:6:POP Mail Service Account:/:
imap:*:14:6:IMAP Mail Service Account:/:
ems:Hxa0ZKIWOtSFw:115:15::/df8003/home:/bin/ksh
cmdbegin:user
