cmdbegin:version
Linux version 2.6.18-194.el5 (mockbuild@x86-005.build.bos.redhat.com) (gcc version 4.1.2 20080704 (Red Hat 4.1.2-48)) #1 SMP Tue Mar 16 21:52:39 EDT 2010
cmdbegin:cpuconfig
processor	: 0
model name	: Intel(R) Xeon(R) CPU           E5620  @ 2.40GHz
cpu MHz		: 2400.160
cache size	: 12288 KB
processor	: 1
model name	: Intel(R) Xeon(R) CPU           E5620  @ 2.40GHz
cpu MHz		: 2400.160
cache size	: 12288 KB
processor	: 2
model name	: Intel(R) Xeon(R) CPU           E5620  @ 2.40GHz
cpu MHz		: 2400.160
cache size	: 12288 KB
processor	: 3
model name	: Intel(R) Xeon(R) CPU           E5620  @ 2.40GHz
cpu MHz		: 2400.160
cache size	: 12288 KB
processor	: 4
model name	: Intel(R) Xeon(R) CPU           E5620  @ 2.40GHz
cpu MHz		: 2400.160
cache size	: 12288 KB
processor	: 5
model name	: Intel(R) Xeon(R) CPU           E5620  @ 2.40GHz
cpu MHz		: 2400.160
cache size	: 12288 KB
processor	: 6
model name	: Intel(R) Xeon(R) CPU           E5620  @ 2.40GHz
cpu MHz		: 2400.160
cache size	: 12288 KB
processor	: 7
model name	: Intel(R) Xeon(R) CPU           E5620  @ 2.40GHz
cpu MHz		: 2400.160
cache size	: 12288 KB
processor	: 8
model name	: Intel(R) Xeon(R) CPU           E5620  @ 2.40GHz
cpu MHz		: 2400.160
cache size	: 12288 KB
processor	: 9
model name	: Intel(R) Xeon(R) CPU           E5620  @ 2.40GHz
cpu MHz		: 2400.160
cache size	: 12288 KB
processor	: 10
model name	: Intel(R) Xeon(R) CPU           E5620  @ 2.40GHz
cpu MHz		: 2400.160
cache size	: 12288 KB
processor	: 11
model name	: Intel(R) Xeon(R) CPU           E5620  @ 2.40GHz
cpu MHz		: 2400.160
cache size	: 12288 KB
processor	: 12
model name	: Intel(R) Xeon(R) CPU           E5620  @ 2.40GHz
cpu MHz		: 2400.160
cache size	: 12288 KB
processor	: 13
model name	: Intel(R) Xeon(R) CPU           E5620  @ 2.40GHz
cpu MHz		: 2400.160
cache size	: 12288 KB
processor	: 14
model name	: Intel(R) Xeon(R) CPU           E5620  @ 2.40GHz
cpu MHz		: 2400.160
cache size	: 12288 KB
processor	: 15
model name	: Intel(R) Xeon(R) CPU           E5620  @ 2.40GHz
cpu MHz		: 2400.160
cache size	: 12288 KB
cmdbegin:disk
Filesystem           1K-blocks      Used Available Use% Mounted on
/dev/cciss/c0d0p1     20315812   1475156  17792016   8% /
/dev/cciss/c0d0p5     57578808  28272752  26334036  52% /df8003
/dev/cciss/c0d0p2     40631988   5138896  33395808  14% /usr
tmpfs                  4080312         0   4080312   0% /dev/shm
cmdbegin:diskperf
Linux 2.6.18-194.el5 (dwmain3) 	09/13/13 	_x86_64_	(16 CPU)

16:55:01          DEV       tps  rd_sec/s  wr_sec/s  avgrq-sz  avgqu-sz     await     svctm     %util
16:55:02     dev104-0    142.00     40.00   4104.00     29.18      1.33      9.32      6.87     97.50

16:55:02          DEV       tps  rd_sec/s  wr_sec/s  avgrq-sz  avgqu-sz     await     svctm     %util
16:55:03     dev104-0    141.00     48.00   3768.00     27.06      1.12      8.04      6.90     97.30

16:55:03          DEV       tps  rd_sec/s  wr_sec/s  avgrq-sz  avgqu-sz     await     svctm     %util
16:55:04     dev104-0    146.00     64.00   3648.00     25.42      1.18      7.99      6.74     98.40

Average:          DEV       tps  rd_sec/s  wr_sec/s  avgrq-sz  avgqu-sz     await     svctm     %util
Average:     dev104-0    143.00     50.67   3840.00     27.21      1.21      8.45      6.83     97.73
cmdbegin:cpu
Linux 2.6.18-194.el5 (dwmain3) 	09/13/13 	_x86_64_	(16 CPU)

16:55:04        CPU     %user     %nice   %system   %iowait    %steal     %idle
16:55:05        all      0.44      0.06      0.44      5.99      0.00     93.08
16:55:06        all      1.06      0.12      0.56      5.99      0.00     92.26
16:55:07        all      0.31      0.13      0.50      2.50      0.00     96.56
Average:        all      0.60      0.10      0.50      4.83      0.00     93.96
cmdbegin:memory
             total       used       free     shared    buffers     cached
Mem:       8160624    7619824     540800          0     311320    1716004
-/+ buffers/cache:    5592500    2568124
Swap:     20972848     474724   20498124
cmdbegin:process
USER       PID %CPU %MEM    VSZ   RSS TTY      STAT START   TIME COMMAND
root         1  0.0  0.0  10348   580 ?        Ss   Apr23   0:11 init [5]                             
root         2  0.0  0.0      0     0 ?        S<   Apr23   0:01 [migration/0]
root         3  0.0  0.0      0     0 ?        SN   Apr23   0:00 [ksoftirqd/0]
root         4  0.0  0.0      0     0 ?        S<   Apr23   0:00 [watchdog/0]
root         5  0.0  0.0      0     0 ?        S<   Apr23   0:01 [migration/1]
root         6  0.0  0.0      0     0 ?        SN   Apr23   0:00 [ksoftirqd/1]
root         7  0.0  0.0      0     0 ?        S<   Apr23   0:00 [watchdog/1]
root         8  0.0  0.0      0     0 ?        S<   Apr23   0:00 [migration/2]
root         9  0.0  0.0      0     0 ?        SN   Apr23   0:00 [ksoftirqd/2]
root        10  0.0  0.0      0     0 ?        S<   Apr23   0:00 [watchdog/2]
root        11  0.0  0.0      0     0 ?        S<   Apr23   0:00 [migration/3]
root        12  0.0  0.0      0     0 ?        SN   Apr23   0:00 [ksoftirqd/3]
root        13  0.0  0.0      0     0 ?        S<   Apr23   0:00 [watchdog/3]
root        14  0.0  0.0      0     0 ?        S<   Apr23   0:00 [migration/4]
root        15  0.0  0.0      0     0 ?        SN   Apr23   0:00 [ksoftirqd/4]
root        16  0.0  0.0      0     0 ?        S<   Apr23   0:00 [watchdog/4]
root        17  0.0  0.0      0     0 ?        S<   Apr23   0:00 [migration/5]
root        18  0.0  0.0      0     0 ?        SN   Apr23   0:00 [ksoftirqd/5]
root        19  0.0  0.0      0     0 ?        S<   Apr23   0:00 [watchdog/5]
root        20  0.0  0.0      0     0 ?        S<   Apr23   0:00 [migration/6]
root        21  0.0  0.0      0     0 ?        SN   Apr23   0:00 [ksoftirqd/6]
root        22  0.0  0.0      0     0 ?        S<   Apr23   0:00 [watchdog/6]
root        23  0.0  0.0      0     0 ?        S<   Apr23   0:00 [migration/7]
root        24  0.0  0.0      0     0 ?        SN   Apr23   0:00 [ksoftirqd/7]
root        25  0.0  0.0      0     0 ?        S<   Apr23   0:00 [watchdog/7]
root        26  0.0  0.0      0     0 ?        S<   Apr23   0:00 [migration/8]
root        27  0.0  0.0      0     0 ?        SN   Apr23   0:00 [ksoftirqd/8]
root        28  0.0  0.0      0     0 ?        S<   Apr23   0:00 [watchdog/8]
root        29  0.0  0.0      0     0 ?        S<   Apr23   0:02 [migration/9]
root        30  0.0  0.0      0     0 ?        SN   Apr23   0:02 [ksoftirqd/9]
root        31  0.0  0.0      0     0 ?        S<   Apr23   0:00 [watchdog/9]
root        32  0.0  0.0      0     0 ?        S<   Apr23   0:01 [migration/10]
root        33  0.0  0.0      0     0 ?        SN   Apr23   0:01 [ksoftirqd/10]
root        34  0.0  0.0      0     0 ?        S<   Apr23   0:00 [watchdog/10]
root        35  0.0  0.0      0     0 ?        S<   Apr23   0:00 [migration/11]
root        36  0.0  0.0      0     0 ?        SN   Apr23   0:00 [ksoftirqd/11]
root        37  0.0  0.0      0     0 ?        S<   Apr23   0:00 [watchdog/11]
root        38  0.0  0.0      0     0 ?        S<   Apr23   0:00 [migration/12]
root        39  0.0  0.0      0     0 ?        SN   Apr23   0:00 [ksoftirqd/12]
root        40  0.0  0.0      0     0 ?        S<   Apr23   0:00 [watchdog/12]
root        41  0.0  0.0      0     0 ?        S<   Apr23   0:01 [migration/13]
root        42  0.0  0.0      0     0 ?        SN   Apr23   0:01 [ksoftirqd/13]
root        43  0.0  0.0      0     0 ?        S<   Apr23   0:00 [watchdog/13]
root        44  0.0  0.0      0     0 ?        S<   Apr23   0:00 [migration/14]
root        45  0.0  0.0      0     0 ?        SN   Apr23   0:00 [ksoftirqd/14]
root        46  0.0  0.0      0     0 ?        S<   Apr23   0:00 [watchdog/14]
root        47  0.0  0.0      0     0 ?        S<   Apr23   0:02 [migration/15]
root        48  0.0  0.0      0     0 ?        SN   Apr23   0:02 [ksoftirqd/15]
root        49  0.0  0.0      0     0 ?        S<   Apr23   0:00 [watchdog/15]
root        50  0.0  0.0      0     0 ?        S<   Apr23   0:00 [events/0]
root        51  0.0  0.0      0     0 ?        S<   Apr23   6:52 [events/1]
root        52  0.0  0.0      0     0 ?        S<   Apr23   6:24 [events/2]
root        53  0.0  0.0      0     0 ?        S<   Apr23   0:00 [events/3]
root        54  0.0  0.0      0     0 ?        S<   Apr23   0:01 [events/4]
root        55  0.0  0.0      0     0 ?        S<   Apr23   9:14 [events/5]
root        56  0.0  0.0      0     0 ?        S<   Apr23   0:01 [events/6]
root        57  0.0  0.0      0     0 ?        S<   Apr23   7:39 [events/7]
root        58  0.0  0.0      0     0 ?        S<   Apr23   0:00 [events/8]
root        59  0.0  0.0      0     0 ?        S<   Apr23   0:00 [events/9]
root        60  0.0  0.0      0     0 ?        S<   Apr23   0:00 [events/10]
root        61  0.0  0.0      0     0 ?        S<   Apr23   0:00 [events/11]
root        62  0.0  0.0      0     0 ?        S<   Apr23   0:00 [events/12]
root        63  0.0  0.0      0     0 ?        S<   Apr23   0:00 [events/13]
root        64  0.0  0.0      0     0 ?        S<   Apr23   0:00 [events/14]
root        65  0.0  0.0      0     0 ?        S<   Apr23   0:00 [events/15]
root        66  0.0  0.0      0     0 ?        S<   Apr23   0:00 [khelper]
root       141  0.0  0.0      0     0 ?        S<   Apr23   0:00 [kthread]
root       161  0.0  0.0      0     0 ?        S<   Apr23   0:00 [kblockd/0]
root       162  0.0  0.0      0     0 ?        S<   Apr23   0:04 [kblockd/1]
root       163  0.0  0.0      0     0 ?        S<   Apr23   0:04 [kblockd/2]
root       164  0.0  0.0      0     0 ?        S<   Apr23   0:00 [kblockd/3]
root       165  0.0  0.0      0     0 ?        S<   Apr23   0:00 [kblockd/4]
root       166  0.0  0.0      0     0 ?        S<   Apr23   0:01 [kblockd/5]
root       167  0.0  0.0      0     0 ?        S<   Apr23   0:00 [kblockd/6]
root       168  0.0  0.0      0     0 ?        S<   Apr23   0:03 [kblockd/7]
root       169  0.0  0.0      0     0 ?        S<   Apr23   0:00 [kblockd/8]
root       170  0.0  0.0      0     0 ?        S<   Apr23   0:00 [kblockd/9]
root       171  0.0  0.0      0     0 ?        S<   Apr23   0:00 [kblockd/10]
root       172  0.0  0.0      0     0 ?        S<   Apr23   0:00 [kblockd/11]
root       173  0.0  0.0      0     0 ?        S<   Apr23   0:00 [kblockd/12]
root       174  0.0  0.0      0     0 ?        S<   Apr23   0:00 [kblockd/13]
root       175  0.0  0.0      0     0 ?        S<   Apr23   0:00 [kblockd/14]
root       176  0.0  0.0      0     0 ?        S<   Apr23   0:00 [kblockd/15]
root       177  0.0  0.0      0     0 ?        S<   Apr23   0:00 [kacpid]
root       329  0.0  0.0      0     0 ?        S<   Apr23   0:00 [cqueue/0]
root       330  0.0  0.0      0     0 ?        S<   Apr23   0:00 [cqueue/1]
root       331  0.0  0.0      0     0 ?        S<   Apr23   0:00 [cqueue/2]
root       332  0.0  0.0      0     0 ?        S<   Apr23   0:00 [cqueue/3]
root       333  0.0  0.0      0     0 ?        S<   Apr23   0:00 [cqueue/4]
root       334  0.0  0.0      0     0 ?        S<   Apr23   0:00 [cqueue/5]
root       335  0.0  0.0      0     0 ?        S<   Apr23   0:00 [cqueue/6]
root       336  0.0  0.0      0     0 ?        S<   Apr23   0:00 [cqueue/7]
root       337  0.0  0.0      0     0 ?        S<   Apr23   0:00 [cqueue/8]
root       338  0.0  0.0      0     0 ?        S<   Apr23   0:00 [cqueue/9]
root       339  0.0  0.0      0     0 ?        S<   Apr23   0:00 [cqueue/10]
root       340  0.0  0.0      0     0 ?        S<   Apr23   0:00 [cqueue/11]
root       341  0.0  0.0      0     0 ?        S<   Apr23   0:00 [cqueue/12]
root       342  0.0  0.0      0     0 ?        S<   Apr23   0:00 [cqueue/13]
root       343  0.0  0.0      0     0 ?        S<   Apr23   0:00 [cqueue/14]
root       344  0.0  0.0      0     0 ?        S<   Apr23   0:00 [cqueue/15]
root       347  0.0  0.0      0     0 ?        S<   Apr23   0:00 [khubd]
root       349  0.0  0.0      0     0 ?        S<   Apr23   0:00 [kseriod]
root       538  0.0  0.0      0     0 ?        S    Apr23   0:00 [khungtaskd]
root       541  0.0  0.0      0     0 ?        S<   Apr23   0:16 [kswapd0]
root       542  0.0  0.0      0     0 ?        S<   Apr23   0:09 [kswapd1]
root       543  0.0  0.0      0     0 ?        S<   Apr23   0:00 [aio/0]
root       544  0.0  0.0      0     0 ?        S<   Apr23   0:00 [aio/1]
root       545  0.0  0.0      0     0 ?        S<   Apr23   0:00 [aio/2]
root       546  0.0  0.0      0     0 ?        S<   Apr23   0:00 [aio/3]
root       547  0.0  0.0      0     0 ?        S<   Apr23   0:00 [aio/4]
root       548  0.0  0.0      0     0 ?        S<   Apr23   0:00 [aio/5]
root       549  0.0  0.0      0     0 ?        S<   Apr23   0:00 [aio/6]
root       550  0.0  0.0      0     0 ?        S<   Apr23   0:00 [aio/7]
root       551  0.0  0.0      0     0 ?        S<   Apr23   0:00 [aio/8]
root       552  0.0  0.0      0     0 ?        S<   Apr23   0:00 [aio/9]
root       553  0.0  0.0      0     0 ?        S<   Apr23   0:00 [aio/10]
root       554  0.0  0.0      0     0 ?        S<   Apr23   0:00 [aio/11]
root       555  0.0  0.0      0     0 ?        S<   Apr23   0:00 [aio/12]
root       556  0.0  0.0      0     0 ?        S<   Apr23   0:00 [aio/13]
root       557  0.0  0.0      0     0 ?        S<   Apr23   0:00 [aio/14]
root       558  0.0  0.0      0     0 ?        S<   Apr23   0:00 [aio/15]
root       712  0.0  0.0      0     0 ?        S<   Apr23   0:00 [kpsmoused]
root       856  0.0  0.0      0     0 ?        S<   Apr23   0:00 [cciss_scan00]
root       925  0.0  0.0      0     0 ?        S<   Apr23   0:00 [kstriped]
root       994  0.0  0.0      0     0 ?        S<   Apr23  12:11 [kjournald]
root      1019  0.0  0.0      0     0 ?        S<   Apr23   0:00 [kauditd]
root      1052  0.0  0.0  13032   352 ?        S<s  Apr23   0:00 /sbin/udevd -d
root      1058  0.2  0.0 135304  2388 ?        S    Aug12 127:45 /df8003/bin/netmd
root      1059  0.3  0.0 139644  2548 ?        SN   Aug12 149:00 /df8003/bin/applogd
root      1060  0.0  0.0 140148  6856 ?        SN   Aug12   0:00 /df8003/bin/dbmd
root      1061  0.3  0.1 158548  9224 ?        S    Aug12 162:52 /df8003/bin/sysmd
root      1133  0.0  0.0 208612  7072 ?        SN   Aug12   0:04 /df8003/bin/procmd
root      1134  0.0  0.0 208116  6744 ?        SN   Aug12   0:00 proc_watchd
root      1135  0.1  0.0 217516  7464 ?        SN   Aug12  90:26 netmond -s 3600
ems       1136  0.9 40.5 4963432 3310424 ?     SN   Aug12 420:09 jiliang
ems       1138  0.0  0.1 290304 11012 ?        SN   Aug12  19:52 almd_server_rep
ems       1139  0.0  0.3 1816720 28396 ?       SN   Aug12  13:51 alm_replica -mode r
ems       1140  0.8  6.5 1802600 538512 ?      SN   Aug12 416:28 SCADA_Rep -mode r
ems       1141  0.0  0.2 541060 21168 ?        SN   Aug12  20:30 comServer
ems       1142  0.0  1.5 1705444 125652 ?      SN   Aug12   0:27 SCADA_Server -mode s1 -ref
ems       1143  0.0  0.1 1808148 16076 ?       SN   Aug12   0:00 SSM_Server -dts
ems       1145  0.0  0.0 141688  7364 ?        SN   Aug12   0:07 grsd
root      1146  0.0  0.7 1890532 58448 ?       SN   Aug12   0:04 ssrd
root      1763  0.0  0.0      0     0 ?        S<   Apr23   0:03 [bnx2x]
ems       1832  0.0  0.0  68440  1724 pts/14   Ss   Sep05   0:00 bash
ems       1914  0.0  0.0  56308  3188 pts/14   S+   Sep05   0:00 ssh dsint-a
root      3063  0.0  0.0      0     0 ?        S<   Apr23   0:00 [kmpathd/0]
root      3064  0.0  0.0      0     0 ?        S<   Apr23   0:00 [kmpathd/1]
root      3065  0.0  0.0      0     0 ?        S<   Apr23   0:00 [kmpathd/2]
root      3066  0.0  0.0      0     0 ?        S<   Apr23   0:00 [kmpathd/3]
root      3067  0.0  0.0      0     0 ?        S<   Apr23   0:00 [kmpathd/4]
root      3068  0.0  0.0      0     0 ?        S<   Apr23   0:00 [kmpathd/5]
root      3069  0.0  0.0      0     0 ?        S<   Apr23   0:00 [kmpathd/6]
root      3070  0.0  0.0      0     0 ?        S<   Apr23   0:00 [kmpathd/7]
root      3071  0.0  0.0      0     0 ?        S<   Apr23   0:00 [kmpathd/8]
root      3072  0.0  0.0      0     0 ?        S<   Apr23   0:00 [kmpathd/9]
root      3073  0.0  0.0      0     0 ?        S<   Apr23   0:00 [kmpathd/10]
root      3074  0.0  0.0      0     0 ?        S<   Apr23   0:00 [kmpathd/11]
root      3075  0.0  0.0      0     0 ?        S<   Apr23   0:00 [kmpathd/12]
root      3076  0.0  0.0      0     0 ?        S<   Apr23   0:00 [kmpathd/13]
root      3077  0.0  0.0      0     0 ?        S<   Apr23   0:00 [kmpathd/14]
root      3078  0.0  0.0      0     0 ?        S<   Apr23   0:00 [kmpathd/15]
root      3079  0.0  0.0      0     0 ?        S<   Apr23   0:00 [kmpath_handlerd]
root      3172  0.0  0.0      0     0 ?        S<   Apr23   5:41 [kjournald]
root      3174  0.0  0.0      0     0 ?        S<   Apr23   0:10 [kjournald]
ems       3450  0.0  0.4 355152 36448 ?        Sl   Aug30   0:46 gnome-terminal
ems       3452  0.0  0.0 186976  3104 ?        Ssl  Aug30   0:00 /usr/libexec/bonobo-activation-server --ac-activate --ior-output-fd=16
ems       3456  0.0  0.0  14868   732 ?        S    Aug30   0:00 gnome-pty-helper
root      3641  0.0  0.0      0     0 ?        S<   Apr23   0:00 [bond0]
root      3759  0.0  0.0  92860   708 ?        S<sl Apr23   0:01 auditd
root      3761  0.0  0.0  81800   728 ?        S<sl Apr23   0:00 /sbin/audispd
root      3783  0.0  0.0   5908   608 ?        Ss   Apr23   0:10 syslogd -m 0
root      3786  0.0  0.0   3804   320 ?        Ss   Apr23   0:00 klogd -x
root      3988  0.0  0.0  11620   344 ?        Ss   Apr23   2:49 irqbalance
rpc       3999  0.0  0.0   8052   412 ?        Ss   Apr23   0:00 portmap
root      4040  0.0  0.0      0     0 ?        S<   Apr23   0:00 [rpciod/0]
root      4041  0.0  0.0      0     0 ?        S<   Apr23   0:00 [rpciod/1]
root      4042  0.0  0.0      0     0 ?        S<   Apr23   0:00 [rpciod/2]
root      4043  0.0  0.0      0     0 ?        S<   Apr23   0:00 [rpciod/3]
root      4044  0.0  0.0      0     0 ?        S<   Apr23   0:00 [rpciod/4]
root      4045  0.0  0.0      0     0 ?        S<   Apr23   0:00 [rpciod/5]
root      4046  0.0  0.0      0     0 ?        S<   Apr23   0:00 [rpciod/6]
root      4047  0.0  0.0      0     0 ?        S<   Apr23   0:00 [rpciod/7]
root      4048  0.0  0.0      0     0 ?        S<   Apr23   0:00 [rpciod/8]
root      4049  0.0  0.0      0     0 ?        S<   Apr23   0:00 [rpciod/9]
root      4050  0.0  0.0      0     0 ?        S<   Apr23   0:00 [rpciod/10]
root      4051  0.0  0.0      0     0 ?        S<   Apr23   0:00 [rpciod/11]
root      4052  0.0  0.0      0     0 ?        S<   Apr23   0:00 [rpciod/12]
root      4053  0.0  0.0      0     0 ?        S<   Apr23   0:00 [rpciod/13]
root      4054  0.0  0.0      0     0 ?        S<   Apr23   0:00 [rpciod/14]
root      4055  0.0  0.0      0     0 ?        S<   Apr23   0:00 [rpciod/15]
root      4076  0.0  0.0  10160   580 ?        Ss   Apr23   0:00 rpc.statd
root      4100  0.0  0.0  55180   240 ?        Ss   Apr23   0:00 rpc.idmapd
dbus      4115  0.0  0.0  21484  1084 ?        Ss   Apr23   4:22 dbus-daemon --system
root      4130  0.0  0.0  10432   560 ?        Ss   Apr23   0:00 /usr/sbin/hcid
root      4134  0.0  0.0   5936   384 ?        Ss   Apr23   0:00 /usr/sbin/sdpd
root      4202  0.0  0.0      0     0 ?        S<   Apr23   0:00 [krfcommd]
root      4240  0.0  0.0  54008   832 ?        Ssl  Apr23   0:09 pcscd
root      4250  0.0  0.0   3800   456 ?        Ss   Apr23   0:00 /usr/sbin/acpid
68        4259  0.0  0.0  31608  2088 ?        Ss   Apr23   1:40 hald
root      4260  0.0  0.0  21692   988 ?        S    Apr23   0:00 hald-runner
68        4268  0.0  0.0  12324   696 ?        S    Apr23   0:00 hald-addon-acpi: listening on acpid socket /var/run/acpid.socket
68        4273  0.0  0.0  12324   736 ?        S    Apr23   0:00 hald-addon-keyboard: listening on /dev/input/event0
root      4314  0.0  0.0   8516   356 ?        Ss   Apr23   0:00 /usr/bin/hidd --server
root      4349  0.0  0.0 121980  1004 ?        Ssl  Apr23   0:01 automount
root      4366  0.0  0.0  26324   292 ?        Ss   Apr23   0:00 ./hpiod
root      4371  0.0  0.0 159372  1320 ?        S    Apr23   0:02 python ./hpssd.py
root      4384  0.0  0.0  62608   704 ?        Ss   Apr23   0:00 /usr/sbin/sshd
root      4393  0.0  0.0 133560  1032 ?        Ss   Apr23   0:00 cupsd
root      4407  0.0  0.0  21644   704 ?        Ss   Apr23   0:00 xinetd -stayalive -pidfile /var/run/xinetd.pid
ntp       4423  0.0  0.0  23388  5028 ?        SLs  Apr23   0:10 ntpd -u ntp:ntp -p /var/run/ntpd.pid
root      4442  0.0  0.0  66940  1020 ?        Ss   Apr23   0:07 sendmail: accepting connections
smmsp     4451  0.0  0.0  58324   752 ?        Ss   Apr23   0:00 sendmail: Queue runner@01:00:00 for /var/spool/clientmqueue
root      4461  0.0  0.0   6452   280 ?        Ss   Apr23   0:03 gpm -m /dev/input/mice -t exps2
root      4470  0.0  0.0  74832   712 ?        Ss   Apr23   0:00 crond
xfs       4503  0.0  0.0  21052  1612 ?        Ss   Apr23   0:05 xfs -droppriv -daemon
root      4520  0.0  0.0  18732   352 ?        Ss   Apr23   0:00 /usr/sbin/atd
avahi     4550  0.0  0.0  23280  1136 ?        Ss   Apr23   0:01 avahi-daemon: running [dwmain3.local]
avahi     4551  0.0  0.0  23148   160 ?        Ss   Apr23   0:00 avahi-daemon: chroot helper
root      4615  0.0  0.0  18416   256 ?        S    Apr23   0:00 /usr/sbin/smartd -q never
root      4620  0.0  0.0   3792   400 tty1     Ss+  Apr23   0:00 /sbin/mingetty tty1
root      4621  0.0  0.0   3792   400 tty2     Ss+  Apr23   0:00 /sbin/mingetty tty2
root      4622  0.0  0.0   3792   400 tty3     Ss+  Apr23   0:00 /sbin/mingetty tty3
root      4623  0.0  0.0   3792   400 tty4     Ss+  Apr23   0:00 /sbin/mingetty tty4
root      4624  0.0  0.0   3792   400 tty5     Ss+  Apr23   0:00 /sbin/mingetty tty5
root      4626  0.0  0.0   3792   400 tty6     Ss+  Apr23   0:00 /sbin/mingetty tty6
root      4627  0.0  0.0 171916  1848 ?        Ss   Apr23   0:00 /usr/sbin/gdm-binary -nodaemon
root      4727  0.0  0.0 255376  2564 ?        Sl   Apr23   0:03 /usr/libexec/gdm-rh-security-token-helper
root      4762  0.0  0.0 259352  6020 ?        SN   Apr23   0:06 /usr/bin/python -tt /usr/sbin/yum-updatesd
root      4765  0.0  0.0  12916   924 ?        SN   Apr23   0:01 /usr/libexec/gam_server
ems       4968  0.0  0.0 262992  1680 ?        Ssl  Apr23   0:00 /usr/libexec/bonobo-activation-server --ac-activate --ior-output-fd=18
ems       5031  0.0  0.0  13020  1080 ?        S    Apr23   0:12 /usr/libexec/gam_server
root      5033  0.0  0.0  57872  1968 ?        S    Apr23   0:00 /usr/sbin/nm-system-settings --config /etc/NetworkManager/nm-system-settings.conf
ems       5540  0.0  0.0  72692  1700 pts/7    Ss   Jul29   0:00 bash
ems       6022  0.0  0.0  68440  1724 pts/25   Ss   Sep10   0:00 bash
ems       6104  0.0  0.0  56612  3420 pts/25   S+   Sep10   0:00 ssh dsint-a -X
ems       6872  0.0  0.0  12572  1120 pts/15   S+   Sep10   0:00 telnet 192.168.108.41
ems       8418  0.0  0.0  68440  1732 pts/26   Ss   Sep10   0:00 bash
ems       8501  0.0  0.0  56308  3184 pts/26   S+   Sep10   0:00 ssh dsint-a
ems       8910  0.0  0.0  59360  4144 pts/19   S+   Sep12   0:18 ssh 192.168.108.162 -X
ems       8928  0.0  2.6 2136424 217596 pts/12 SN+  Sep12   0:48 qtdbui
ems      10210  0.0  0.0  68440  1724 pts/1    Ss   Sep12   0:00 bash
root     12485  0.0  0.0      0     0 ?        S    Sep06   0:28 [pdflush]
ems      12486  0.0  0.0  68440  1728 pts/10   Ss   Sep06   0:00 bash
ems      13101  0.0  0.0  72692  1848 pts/17   Ss+  Sep06   0:00 bash
ems      13541  0.0  0.0  68440  1724 pts/18   Ss+  Sep06   0:00 bash
ems      14187  0.0  0.0 186976  1652 ?        Ssl  May08   0:00 /usr/libexec/bonobo-activation-server --ac-activate --ior-output-fd=16
ems      14384  0.0  0.0  68440  1728 pts/2    Ss   Sep06   0:00 bash
ems      14466  0.0  0.0  56308  3188 pts/2    S+   Sep06   0:00 ssh dsint-a
ems      14480  0.2  5.8 2487344 481412 pts/7  SNl+ Sep06  30:08 qtmmi
ems      14527  0.0  0.0  72692  1840 pts/12   Ss   Sep06   0:00 bash
ems      14878  0.0  0.0  68440  1732 pts/19   Ss   Sep06   0:00 bash
ems      16095  0.0  0.0  68440  1604 pts/8    Ss   Sep04   0:00 bash
ems      16611  0.0  0.0 105268  3632 pts/3    S+   Sep06   0:00 vim error001.log
ems      18450  0.4  8.9 6064492 729652 pts/10 SNl+ Sep06  49:41 qtmmi
root     20960  0.0  0.0 205360  2268 ?        S    Jun13   0:00 /usr/sbin/gdm-binary -nodaemon
root     20967  0.8  0.8 192720 70496 tty7     SLs+ Jun13 1098:24 /usr/bin/Xorg :0 -br -audit 0 -auth /var/gdm/:0.Xauth -nolisten tcp vt7
root     20981  0.1  0.3 513036 30828 tty7     Sl+  Jun13 173:47 ./rgsender -daemon -display 0 -l /etc/opt/hpremote/rgsender/logSetup
ems      21031  0.0  0.0 245496  4484 ?        Ss   Jun13   0:00 /usr/bin/gnome-session
ems      21063  0.0  0.0      0     0 ?        Z    Jun13   0:00 [Xsession] <defunct>
ems      21067  0.0  0.0  53852   364 ?        Ss   Jun13   0:00 /usr/bin/ssh-agent /bin/sh -c exec -l /bin/bash -c "/usr/bin/dbus-launch --exit-with-session /etc/X11/xinit/Xclients"
ems      21088  0.0  0.0  68440  1736 pts/23   Ss   Sep11   0:00 bash
ems      21151  0.0  0.0  57068  3184 pts/1    S+   09:16   0:00 ssh dsint-a
ems      21154  0.0  0.0  15180   396 ?        S    Jun13   0:00 /usr/bin/dbus-launch --exit-with-session /etc/X11/xinit/Xclients
ems      21155  0.0  0.0  21360   912 ?        Ss   Jun13   0:00 /bin/dbus-daemon --fork --print-pid 4 --print-address 6 --session
ems      21161  0.0  0.0  90536  2192 ?        S    Jun13   0:02 /usr/libexec/gconfd-2 5
ems      21164  0.0  0.0  12900   400 ?        S    Jun13   0:00 /usr/bin/gnome-keyring-daemon
ems      21166  0.0  0.0 264884  5020 ?        Sl   Jun13   4:55 /usr/libexec/gnome-settings-daemon
ems      21174  0.0  0.3 227180 31464 ?        Ss   Jun13   0:08 /usr/lib64/scim-1.0/scim-launcher -d -c simple -e all -f socket --no-stay
ems      21190  0.0  0.1 186864 13320 ?        Ss   Jun13  27:53 metacity --sm-client-id=default1
ems      21192  0.0  0.0 239164  3444 ?        S    Jun13   0:00 /usr/libexec/vino-server --oaf-activate-iid=OAFIID:GNOME_RemoteDesktopServer --oaf-ior-fd=17
ems      21197  0.0  0.1 319680 13040 ?        Ss   Jun13   5:50 gnome-panel --sm-client-id default2
ems      21199  0.0  0.3 474196 29036 ?        Ss   Jun13   0:33 nautilus --no-default-window --sm-client-id default3
ems      21202  0.0  0.0 230460  3200 ?        Ss   Jun13   0:00 gnome-volume-manager --sm-client-id default5
ems      21205  0.0  0.0 263452  4664 ?        Ss   Jun13   0:01 eggcups --sm-client-id default4
ems      21211  0.0  0.0 154228  3684 ?        Ss   Jun13   0:00 bt-applet --sm-disable
ems      21221  0.0  0.1 360076 15584 ?        Ss   Jun13   0:02 /usr/bin/python -tt /usr/bin/puplet
ems      21223  0.0  0.0 232924  4424 ?        Ss   Jun13   0:00 nm-applet --sm-disable
ems      21226  0.0  0.0 155032  3604 ?        Ss   Jun13   0:02 pam-panel-icon --sm-client-id default0
ems      21231  0.0  0.0  72372  1304 ?        Sl   Jun13   0:03 ./escd --key_Inserted="/usr/bin/esc" --on_Signal="/usr/bin/esc"
root     21232  0.0  0.0  12188   608 ?        S    Jun13   0:01 /sbin/pam_timestamp_check -d root
ems      21236  0.0  0.0 147260  2616 ?        S    Jun13   0:00 /usr/libexec/gnome-vfs-daemon
ems      21240  0.0  0.0 267532  4112 ?        Ss   Jun13   2:20 gnome-power-manager
ems      21243  0.0  0.0  82436   312 ?        Ss   Jun13   0:00 /usr/lib64/scim-1.0/scim-helper-manager
ems      21244  0.0  0.0 262896  7580 ?        Ssl  Jun13   0:45 /usr/lib64/scim-1.0/scim-panel-gtk --display :0.0 -c socket -d --no-stay
ems      21246  0.0  0.0  97708  7344 ?        Ss   Jun13   0:03 /usr/lib64/scim-1.0/scim-launcher -d -c socket -e socket -f x11
ems      21249  0.0  0.0 269660  5328 ?        S    Jun13   0:00 /usr/libexec/trashapplet --oaf-activate-iid=OAFIID:GNOME_Panel_TrashApplet_Factory --oaf-ior-fd=23
ems      21251  0.0  2.2 579688 184604 ?       S    Jun13 104:05 /usr/libexec/wnck-applet --oaf-activate-iid=OAFIID:GNOME_Wncklet_Factory --oaf-ior-fd=29
ems      21267  0.0  0.0  68440  1724 pts/24   Ss   09:17   0:00 bash
ems      21270  0.0  0.0 295804  7224 ?        S    Jun13   0:00 /usr/libexec/notification-area-applet --oaf-activate-iid=OAFIID:GNOME_NotificationAreaApplet_Factory --oaf-ior-fd=24
ems      21272  0.0  0.0 298976  8124 ?        S    Jun13   0:20 /usr/libexec/clock-applet --oaf-activate-iid=OAFIID:GNOME_ClockApplet_Factory --oaf-ior-fd=33
ems      21274  0.0  0.1 318164  8332 ?        Sl   Jun13   0:19 /usr/libexec/mixer_applet2 --oaf-activate-iid=OAFIID:GNOME_MixerApplet_Factory --oaf-ior-fd=41
ems      21276  0.0  0.0  12824   752 ?        S    Jun13   0:00 /usr/libexec/mapping-daemon
ems      21282  0.0  0.7 389816 64672 ?        Sl   Jun13  17:34 gnome-terminal
ems      21286  0.0  0.0  78704  1232 ?        S    Jun13  33:56 scim-bridge
ems      21287  0.0  0.0  14868   696 ?        S    Jun13   0:00 gnome-pty-helper
ems      21358  0.0  0.0  10228   696 pts/24   S+   09:17   0:00 rlogin 192.168.108.41
ems      21359  0.0  0.0  10228   296 pts/24   S+   09:17   0:00 rlogin 192.168.108.41
ems      21383  0.0  0.0 184376  4884 ?        Ss   Jun13   4:17 gnome-screensaver
ems      21615  0.0  0.0  12572  1120 pts/8    S+   Sep11   0:00 telnet 192.168.108.41
ems      21620  0.0  0.0  68852  2204 pts/20   Ss+  Sep11   0:00 bash
ems      21717  0.0  0.0  68440  1736 pts/22   Ss+  Sep09   0:00 bash
ems      24346  0.0  0.0  68440  1732 pts/4    Ss+  Sep11   0:00 bash
ems      25013  0.4  0.0  59152  6052 pts/23   S+   Sep11  12:08 ssh dsint-a -X
ems      25075  0.0  0.0  68440  1724 pts/27   Ss   Sep11   0:00 bash
ems      25157  0.0  0.0  56308  3188 pts/27   S+   Sep11   0:00 ssh dsint-a
ems      25223  0.0  1.3 2035488 112212 pts/6  SN+  Sep11   0:35 qtdbui
ems      25503  0.0  0.0  68440  1724 pts/16   Ss   Sep09   0:00 bash
ems      25553  0.0  0.0  68440  1724 pts/21   Ss   16:24   0:00 bash
ems      25585  0.0  0.0  56308  3188 pts/16   S+   Sep09   0:02 ssh dsint-a
ems      25636  0.0  0.0  56308  3184 pts/21   S+   16:24   0:00 ssh dsint-a
ems      25637  0.0  0.0  68440  1728 pts/28   Ss   16:24   0:00 bash
ems      25719  0.0  0.0  58376  3164 pts/28   S+   16:24   0:00 ssh 192.168.108.162
ems      26047  0.0  0.0 102036  1160 ?        S    16:55   0:00 crond
ems      26048  0.0  0.0   8700   948 ?        Ss   16:55   0:00 /bin/sh -c /df8003/home/nms/collection.sh >/dev/null
ems      26049  0.0  0.0   8704  1004 ?        S    16:55   0:00 /bin/sh /df8003/home/nms/collection.sh
ems      26080  0.0  0.0  10460   864 ?        R    16:55   0:00 ps aux
ems      26604  0.0  0.0  68440  1724 pts/15   Ss   Sep09   0:00 bash
ems      27492  0.0  0.0  90492  3368 ?        S    Aug15   0:01 /usr/libexec/gconfd-2 5
ems      28301  0.0  0.0  90516  2248 ?        S    Jul02   0:01 /usr/libexec/gconfd-2 4
ems      28390  0.0  0.0  68440  1320 pts/5    Ss+  Sep05   0:00 bash
ems      28488  0.0  0.0  72692  1732 pts/6    Ss   Sep05   0:00 bash
ems      28761  0.0  0.0  72692  1832 pts/3    Ss   Sep05   0:00 bash
ems      29034  0.0  0.0 263020  1680 ?        Ssl  May24   0:00 /usr/libexec/bonobo-activation-server --ac-activate --ior-output-fd=16
ems      29898  0.0  0.0  68440  1724 pts/11   Ss   Sep05   0:00 bash
ems      30019  0.0  0.0  56308  3184 pts/11   S+   Sep05   0:01 ssh dsint-a
root     32361  0.0  0.0      0     0 ?        S    Aug12   1:15 [pdflush]
ems      32665  0.0  0.0  68440  1728 pts/13   Ss+  Sep05   0:00 bash
cmdbegin:mac
1: lo: <LOOPBACK,UP,LOWER_UP> mtu 16436 qdisc noqueue 
    link/loopback 00:00:00:00:00:00 brd 00:00:00:00:00:00
    inet 127.0.0.1/8 scope host lo
    inet6 ::1/128 scope host 
       valid_lft forever preferred_lft forever
2: eth0: <BROADCAST,MULTICAST,SLAVE,UP,LOWER_UP> mtu 1500 qdisc pfifo_fast master bond0 qlen 1000
    link/ether 68:b5:99:ca:33:30 brd ff:ff:ff:ff:ff:ff
3: eth1: <BROADCAST,MULTICAST,SLAVE,UP,LOWER_UP> mtu 1500 qdisc pfifo_fast master bond0 qlen 1000
    link/ether 68:b5:99:ca:33:30 brd ff:ff:ff:ff:ff:ff
4: sit0: <NOARP> mtu 1480 qdisc noop 
    link/sit 0.0.0.0 brd 0.0.0.0
5: bond0: <BROADCAST,MULTICAST,MASTER,UP,LOWER_UP> mtu 1500 qdisc noqueue 
    link/ether 68:b5:99:ca:33:30 brd ff:ff:ff:ff:ff:ff
    inet 192.168.1.52/24 brd 192.168.1.255 scope global bond0
    inet6 fe80::6ab5:99ff:feca:3330/64 scope link 
       valid_lft forever preferred_lft forever
cmdbegin:interface
Linux 2.6.18-194.el5 (dwmain3) 	09/13/13 	_x86_64_	(16 CPU)

16:55:07        IFACE   rxpck/s   txpck/s    rxkB/s    txkB/s   rxcmp/s   txcmp/s  rxmcst/s
16:55:08           lo    397.00    397.00     37.27     37.27      0.00      0.00      0.00
16:55:08         eth0    514.00    314.00    287.99     60.68      0.00      0.00      6.00
16:55:08         eth1    136.00      0.00    138.88      0.00      0.00      0.00      0.00
16:55:08         sit0      0.00      0.00      0.00      0.00      0.00      0.00      0.00
16:55:08        bond0    650.00    314.00    426.86     60.68      0.00      0.00      6.00

16:55:08        IFACE   rxpck/s   txpck/s    rxkB/s    txkB/s   rxcmp/s   txcmp/s  rxmcst/s
16:55:09           lo    347.00    347.00     33.40     33.40      0.00      0.00      0.00
16:55:09         eth0    549.00    298.00    343.77     46.72      0.00      0.00      6.00
16:55:09         eth1    188.00      0.00    214.29      0.00      0.00      0.00      0.00
16:55:09         sit0      0.00      0.00      0.00      0.00      0.00      0.00      0.00
16:55:09        bond0    737.00    298.00    558.06     46.72      0.00      0.00      6.00

16:55:09        IFACE   rxpck/s   txpck/s    rxkB/s    txkB/s   rxcmp/s   txcmp/s  rxmcst/s
16:55:10           lo    735.00    735.00     68.29     68.29      0.00      0.00      0.00
16:55:10         eth0    448.00    320.00    178.12     61.85      0.00      0.00     11.00
16:55:10         eth1     54.00      0.00     31.31      0.00      0.00      0.00      0.00
16:55:10         sit0      0.00      0.00      0.00      0.00      0.00      0.00      0.00
16:55:10        bond0    502.00    320.00    209.43     61.85      0.00      0.00     11.00

Average:        IFACE   rxpck/s   txpck/s    rxkB/s    txkB/s   rxcmp/s   txcmp/s  rxmcst/s
Average:           lo    493.00    493.00     46.32     46.32      0.00      0.00      0.00
Average:         eth0    503.67    310.67    269.96     56.42      0.00      0.00      7.67
Average:         eth1    126.00      0.00    128.16      0.00      0.00      0.00      0.00
Average:         sit0      0.00      0.00      0.00      0.00      0.00      0.00      0.00
Average:        bond0    629.67    310.67    398.12     56.42      0.00      0.00      7.67
cmdbegin:uname
Linux dwmain3
cmdbegin:usergroup
root:x:0:root
bin:x:1:root,bin,daemon
daemon:x:2:root,bin,daemon
sys:x:3:root,bin,adm
adm:x:4:root,adm,daemon
tty:x:5:
disk:x:6:root
lp:x:7:daemon,lp
mem:x:8:
kmem:x:9:
wheel:x:10:root
mail:x:12:mail
news:x:13:news
uucp:x:14:uucp
man:x:15:
games:x:20:
gopher:x:30:
dip:x:40:
ftp:x:50:
lock:x:54:
nobody:x:99:
users:x:100:ems,oracle
nscd:x:28:
floppy:x:19:
vcsa:x:69:
audio:x:63:gdm
utmp:x:22:
rpc:x:32:
mailnull:x:47:
smmsp:x:51:
pcap:x:77:
utempter:x:35:
slocate:x:21:
ntp:x:38:
sshd:x:74:
rpcuser:x:29:
nfsnobody:x:4294967294:
dbus:x:81:
avahi:x:70:
haldaemon:x:68:
avahi-autoipd:x:101:
distcache:x:94:
apache:x:48:
webalizer:x:67:
squid:x:23:
oprofile:x:16:
xfs:x:43:
gdm:x:42:
sabayon:x:86:
stapdev:x:102:
stapusr:x:103:
dfdz:x:500:ems
dba:x:501:oracle
cmdbegin:user
root:x:0:0:root:/root:/bin/bash
bin:x:1:1:bin:/bin:/sbin/nologin
daemon:x:2:2:daemon:/sbin:/sbin/nologin
adm:x:3:4:adm:/var/adm:/sbin/nologin
lp:x:4:7:lp:/var/spool/lpd:/sbin/nologin
sync:x:5:0:sync:/sbin:/bin/sync
shutdown:x:6:0:shutdown:/sbin:/sbin/shutdown
halt:x:7:0:halt:/sbin:/sbin/halt
mail:x:8:12:mail:/var/spool/mail:/sbin/nologin
news:x:9:13:news:/etc/news:
uucp:x:10:14:uucp:/var/spool/uucp:/sbin/nologin
operator:x:11:0:operator:/root:/sbin/nologin
games:x:12:100:games:/usr/games:/sbin/nologin
gopher:x:13:30:gopher:/var/gopher:/sbin/nologin
ftp:x:14:50:FTP User:/var/ftp:/sbin/nologin
nobody:x:99:99:Nobody:/:/sbin/nologin
nscd:x:28:28:NSCD Daemon:/:/sbin/nologin
vcsa:x:69:69:virtual console memory owner:/dev:/sbin/nologin
rpc:x:32:32:Portmapper RPC user:/:/sbin/nologin
mailnull:x:47:47::/var/spool/mqueue:/sbin/nologin
smmsp:x:51:51::/var/spool/mqueue:/sbin/nologin
pcap:x:77:77::/var/arpwatch:/sbin/nologin
ntp:x:38:38::/etc/ntp:/sbin/nologin
sshd:x:74:74:Privilege-separated SSH:/var/empty/sshd:/sbin/nologin
rpcuser:x:29:29:RPC Service User:/var/lib/nfs:/sbin/nologin
nfsnobody:x:4294967294:4294967294:Anonymous NFS User:/var/lib/nfs:/sbin/nologin
dbus:x:81:81:System message bus:/:/sbin/nologin
avahi:x:70:70:Avahi daemon:/:/sbin/nologin
haldaemon:x:68:68:HAL daemon:/:/sbin/nologin
avahi-autoipd:x:100:101:avahi-autoipd:/var/lib/avahi-autoipd:/sbin/nologin
distcache:x:94:94:Distcache:/:/sbin/nologin
apache:x:48:48:Apache:/var/www:/sbin/nologin
webalizer:x:67:67:Webalizer:/var/www/usage:/sbin/nologin
squid:x:23:23::/var/spool/squid:/sbin/nologin
oprofile:x:16:16:Special user account to be used by OProfile:/home/oprofile:/sbin/nologin
xfs:x:43:43:X Font Server:/etc/X11/fs:/sbin/nologin
gdm:x:42:42::/var/gdm:/sbin/nologin
sabayon:x:86:86:Sabayon user:/home/sabayon:/sbin/nologin
ems:x:115:500::/df8003/home:/bin/bash
oracle:x:502:501::/usr/local/oracle:/bin/bash
cmdbegin:date
Fri Sep 13 16:55:10 CST 2013
cmdbegin:uptime
 16:55:10 up 143 days, 6 min, 28 users,  load average: 2.21, 1.21, 0.60
cmdbegin:end
